       0.Info>>This software is being developed by Benjamin Lindner.                    
       0.Info>>For help, suggestions or correspondense use:                             
       0.Info>>ben@benlabs.net, Benjamin Lindner (Main Developer, Impl. & Maintenance)  
       0.Info>>franc@cmm.ki.si, Franci Merzel (Methodology)                             
       0.Info>>For publications include the following references:                       
       0.Info>>.........................................................................
       0.Info>>1. Sassena - X-ray and Neutron Scattering Calculated                     
       0.Info>>  from Molecular Dynamics Trajectories using Massively Parallel Computers
       0.Info>>  published as a Computer Program in Physics Paper                       
       0.Info>>.........................................................................
       0.Info>>Version Information: 1.4.2                                       
       0.Info>>                                                                 
       0.Info>>.................................................................
       0.Info>>......................D.E.S.C.R.I.P.T.I.O.N......................
       0.Info>>.................................................................
       0.Info>>This binary computes the scattering intensities directly from    
       0.Info>>a molecular dynamics trajectory.                                 
       0.Info>>.................................................................
       0.Info>>.................................................................
       0.Info>>...................I.N.I.T.I.A.L.I.Z.A.T.I.O.N...................
       0.Info>>.................................................................
       0.Info>>No configuration file specified. Will use default                
       0.Info>>Looking for configuration file: scatter.xml                      
       0.Info>>Reading parameters from XML file: scatter.xml                    
       0.Info>>Added frames from /home/amajumda/study/continuum_simulations/gitlab/continuum-to-scattering/data/100_100_100_10_10_10/single_atom_shrink/iteration_005/t001/pdb_dcd/sample.dcd using format: dcd
       0.Info>>Options: first=0, last=0, lastset=0, stride=1                    
       0.Info>>stager.target=system                                             
       0.Info>>scattering.type=all                                              
       0.Info>>scattering.dsp.type=square                                       
       0.Info>>scattering.average.orientation.type=vectors                      
       0.Info>>scattering.average.orientation.vectors.type=sphere               
       0.Info>>scattering.average.orientation.vectors.algorithm=boost_uniform_on_sphere
       0.Info>>scattering.average.orientation.vectors.resolution=100            
       0.Info>>Generating orientations for orientational averaging using sphere,boost_uniform_on_sphere
       0.Info>>Initialized orientational averaging with 100 vectors.            
       0.Info>>scattering.signal.file=signal.h5                                 
       0.Info>>scattering.signal.filepath=/home/amajumda/study/continuum_simulations/gitlab/continuum-to-scattering/data/100_100_100_10_10_10/single_atom_shrink/iteration_005/t001/signal.h5
       0.Info>>scattering.signal.fqt=1                                          
       0.Info>>scattering.signal.fq0=1                                          
       0.Info>>scattering.signal.fq=1                                           
       0.Info>>scattering.signal.fq2=1                                          
       0.Info>>Analyzing command line for parameter overwrites                  
       0.Info>>Reading database from file: /home/amajumda/study/continuum_simulations/gitlab/continuum-to-scattering/data/100_100_100_10_10_10/single_atom_shrink/iteration_005/t001/database/db-neutron-coherent.xml
       0.Info>>Checking database...                                             
       0.Info>>Testing mapping between PDB names and atom labels                
       0.Info>>Testing database completeness for referenced atom labels         
       0.Info>>Check succeeded. Database seems OK.                              
       0.Info>>Initializing sample...                                           
       0.Info>>Reading structure from file: /home/amajumda/study/continuum_simulations/gitlab/continuum-to-scattering/data/100_100_100_10_10_10/single_atom_shrink/iteration_005/t001/pdb_dcd/sample.pdb
       0.Info>>Done. Atoms read: 1000                                           
       0.Info>>Reading frames from: /home/amajumda/study/continuum_simulations/gitlab/continuum-to-scattering/data/100_100_100_10_10_10/single_atom_shrink/iteration_005/t001/pdb_dcd/sample.dcd
       0.Info>>Found 1 frames                                                   
       0.Info>>Total number of coordinate sets found: 1                         
       0.Info>>Exchanging sample, database & params information with compute nodes... 
       0.Info>>params...                                                        
       0.Info>>database...                                                      
       0.Info>>sample...                                                        
       0.Info>>.................................................................
       0.Info>>......................C.O.M.P.U.T.A.T.I.O.N......................
       0.Info>>.................................................................
       0.Info>>Setting up services...                                           
       0.Info>>Initializing data file service...                                
       0.Info>>Initializing monitor service...                                  
       0.Info>>Starting data file service...                                    
       0.Info>>Starting monitor service...                                      
       0.Info>>Services setup and running...                                    
       0.Info>>Checking /home/amajumda/study/continuum_simulations/gitlab/continuum-to-scattering/data/100_100_100_10_10_10/single_atom_shrink/iteration_005/t001/signal.h5 for old results.
       0.Info>>Broadcasting service information                                 
       0.Info>>Server host name    : hzglap02                                   
       0.Info>>FileService Port    : 44851                                      
       0.Info>>MonitorService Port : 34483                                      
       0.Info>>Setting up parallel environment...                               
       0.Info>>Searching for decomposition plan:                                
       0.Info>>nodes    = 8                                                     
       0.Info>>qvectors = 100                                                   
       0.Info>>frames   = 1                                                     
       0.Info>>atoms   = 1000                                                   
       0.Info>>All interference scattering detected. Applying frame decomposition.
       0.Info>>Automatic decomposition. Searching for best utilization.         
       0.Info>>Final decomposition parameters:                                  
       0.Info>>NN                : 8                                            
       0.Info>>NQ                : 100                                          
       0.Info>>NAF               : 1                                            
       0.Info>>NP                : 8                                            
       0.Info>>NNpP              : 1                                            
       0.Info>>NAFcycles         : 1                                            
       0.Info>>NQcycles          : 13                                           
       0.Info>>CompEl (WASTE/USE): 4/100                                        
       0.Info>>utilization(1=best)    : 0.96153846153846156                     
       0.Info>>Initializing Scatter Device, Vectors (all)                       
       0.Info>>Starting scattering...                                           
       0.Info>>Checking memory requirements for scattering calculation...       
       0.Info>>required limits.computation.memory.result_buffer=16              
       0.Info>>required limits.computation.memory.signal_buffer=16              
       0.Info>>required limits.computation.memory.exchange_buffer=0             
       0.Info>>required limits.computation.memory.alignpad_buffer=32            
       0.Info>>Memory limits ok                                                 
       0.Info>>Staging data...                                                  
       0.Info>>Forcing stager.mode=frames                                       
       0.Info>>Staging first partition.                                         
       0.Info>>Staging remaining partitions.                                    
       0.Info>>background scattering length set to 0                            
       0.Info>>Target initialized.                                              
       0.Info>>Target 'system' produces a background scattering length density of 0.27841504711542686
       0.Info>>Starting computation...                                          
       0.Info>>Orientational averaging includes 100 vectors                     
       0.Info>>Setting progress sampling factor for monitoring to 1             
       0.Info>>Scattering finished...                                           
       0.Info>>.................................................................
       0.Info>>.....................R.U.N...A.N.A.L.Y.S.I.S.....................
       0.Info>>.................................................................
       0.Info>>Aggregating timing information for performance analysis...       
       0.Info>>                                                                 
       0.Info>>                    Performance Analysis                         
       0.Info>>-----------------------------------------------------------------
       0.Info>> mean and total runtimes:                                        
       0.Info>>-----------------------------------------------------------------
       0.Info>>          measure |    total |       count |     mean |   stddev 
       0.Info>>-----------------------------------------------------------------
       0.Info>>   sd:c:b:dspstore| 2.617e-02|        10000| 2.617e-06| 1.458e-06
       0.Info>>    sd:c:b:scatter| 6.063e-01|        10000| 6.063e-05| 1.590e-05
       0.Info>>        sd:c:block| 7.345e-01|          100| 7.345e-03| 5.465e-04
       0.Info>>         sd:c:init| 1.398e-01|          100| 1.398e-03| 3.389e-04
       0.Info>>       sd:c:reduce| 9.400e-05|          100| 9.400e-07| 5.047e-07
       0.Info>>         sd:c:wait| 1.370e-04|          100| 1.370e-06| 6.390e-07
       0.Info>>        sd:compute| 8.763e-01|          100| 8.763e-03| 6.697e-04
       0.Info>>         sd:runner| 8.791e-01|            8| 1.099e-01| 0.000e+00
       0.Info>>          sd:stage| 3.678e-03|            8| 4.597e-04| 0.000e+00
       0.Info>> sd:worker:scatter| 4.238e-01|        10000| 4.238e-05| 6.706e-06
       0.Info>>    sd:worker:wait| 3.795e-01|        10000| 3.795e-05| 1.478e-04
       0.Info>>          sd:write| 7.390e-04|          100| 7.390e-06| 5.627e-06
       0.Info>>           st:fill| 6.880e-04|            8| 8.600e-05| 0.000e+00
       0.Info>>          st:first| 2.710e-04|            1| 2.710e-04| 0.000e+00
       0.Info>>           st:load| 2.480e-04|            1| 2.480e-04| 0.000e+00
       0.Info>>           st:wait| 2.011e-03|            8| 2.514e-04| 0.000e+00
       0.Info>>-----------------------------------------------------------------
       0.Info>>-----------------------------------------------------------------
       0.Info>> watermarks:                                                     
       0.Info>>-----------------------------------------------------------------
       0.Info>>          measure |      min |      max                          
       0.Info>>-----------------------------------------------------------------
       0.Info>>   sd:c:b:dspstore| 1.000e-06| 6.400e-05                         
       0.Info>>    sd:c:b:scatter| 2.200e-05| 9.630e-04                         
       0.Info>>        sd:c:block| 5.410e-03| 8.514e-03                         
       0.Info>>         sd:c:init| 9.380e-04| 2.271e-03                         
       0.Info>>       sd:c:reduce| 0.000e+00| 3.000e-06                         
       0.Info>>         sd:c:wait| 1.000e-06| 4.000e-06                         
       0.Info>>        sd:compute| 6.418e-03| 1.060e-02                         
       0.Info>>         sd:runner| 9.965e-02| 1.170e-01                         
       0.Info>>          sd:stage| 4.540e-04| 4.650e-04                         
       0.Info>> sd:worker:scatter| 1.200e-05| 1.610e-04                         
       0.Info>>    sd:worker:wait| 1.200e-05| 2.307e-03                         
       0.Info>>          sd:write| 4.000e-06| 3.400e-05                         
       0.Info>>           st:fill| 8.200e-05| 8.900e-05                         
       0.Info>>          st:first| 2.710e-04| 2.710e-04                         
       0.Info>>           st:load| 2.480e-04| 2.480e-04                         
       0.Info>>           st:wait| 4.000e-06| 2.900e-04                         
       0.Info>>-----------------------------------------------------------------
       0.Info>>                                                                 
       0.Info>>         Performance Analysis (relative to total time * nodes)   
       0.Info>>-----------------------------------------------------------------
       0.Info>> mean and total runtimes:                                        
       0.Info>>-----------------------------------------------------------------
       0.Info>>          measure |    total |       count |     mean |   stddev 
       0.Info>>-----------------------------------------------------------------
       0.Info>>   sd:c:b:dspstore| 2.055e-02|        10000| 2.055e-06| 1.292e-06
       0.Info>>    sd:c:b:scatter| 4.762e-01|        10000| 4.762e-05| 1.409e-05
       0.Info>>        sd:c:block| 5.769e-01|          100| 5.769e-03| 4.843e-04
       0.Info>>         sd:c:init| 1.098e-01|          100| 1.098e-03| 3.003e-04
       0.Info>>       sd:c:reduce| 7.383e-05|          100| 7.383e-07| 4.473e-07
       0.Info>>         sd:c:wait| 1.076e-04|          100| 1.076e-06| 5.663e-07
       0.Info>>        sd:compute| 6.883e-01|          100| 6.883e-03| 5.935e-04
       0.Info>>         sd:runner| 6.905e-01|            8| 8.631e-02| 0.000e+00
       0.Info>>          sd:stage| 2.889e-03|            8| 3.611e-04| 0.000e+00
       0.Info>> sd:worker:scatter| 3.329e-01|        10000| 3.329e-05| 5.944e-06
       0.Info>>    sd:worker:wait| 2.980e-01|        10000| 2.980e-05| 1.309e-04
       0.Info>>          sd:write| 5.805e-04|          100| 5.805e-06| 4.987e-06
       0.Info>>           st:fill| 5.404e-04|            8| 6.755e-05| 0.000e+00
       0.Info>>          st:first| 2.129e-04|            1| 2.129e-04| 0.000e+00
       0.Info>>           st:load| 1.948e-04|            1| 1.948e-04| 0.000e+00
       0.Info>>           st:wait| 1.580e-03|            8| 1.974e-04| 0.000e+00
       0.Info>>-----------------------------------------------------------------
       0.Info>>-----------------------------------------------------------------
       0.Info>> watermarks:                                                     
       0.Info>>-----------------------------------------------------------------
       0.Info>>          measure |      min |      max                          
       0.Info>>-----------------------------------------------------------------
       0.Info>>   sd:c:b:dspstore| 7.855e-07| 5.027e-05                         
       0.Info>>    sd:c:b:scatter| 1.728e-05| 7.564e-04                         
       0.Info>>        sd:c:block| 4.249e-03| 6.687e-03                         
       0.Info>>         sd:c:init| 7.368e-04| 1.784e-03                         
       0.Info>>       sd:c:reduce| 0.000e+00| 2.356e-06                         
       0.Info>>         sd:c:wait| 7.855e-07| 3.142e-06                         
       0.Info>>        sd:compute| 5.041e-03| 8.330e-03                         
       0.Info>>         sd:runner| 7.827e-02| 9.187e-02                         
       0.Info>>          sd:stage| 3.566e-04| 3.652e-04                         
       0.Info>> sd:worker:scatter| 9.426e-06| 1.265e-04                         
       0.Info>>    sd:worker:wait| 9.426e-06| 1.812e-03                         
       0.Info>>          sd:write| 3.142e-06| 2.671e-05                         
       0.Info>>           st:fill| 6.441e-05| 6.991e-05                         
       0.Info>>          st:first| 2.129e-04| 2.129e-04                         
       0.Info>>           st:load| 1.948e-04| 1.948e-04                         
       0.Info>>           st:wait| 3.142e-06| 2.278e-04                         
       0.Info>>-----------------------------------------------------------------
       0.Info>>Total runtime (s): 0.159141                                      
       0.Info>>Successfully finished... Have a nice day!                        
