       0.Info>>This software is being developed by Benjamin Lindner.                    
       0.Info>>For help, suggestions or correspondense use:                             
       0.Info>>ben@benlabs.net, Benjamin Lindner (Main Developer, Impl. & Maintenance)  
       0.Info>>franc@cmm.ki.si, Franci Merzel (Methodology)                             
       0.Info>>For publications include the following references:                       
       0.Info>>.........................................................................
       0.Info>>1. Sassena - X-ray and Neutron Scattering Calculated                     
       0.Info>>  from Molecular Dynamics Trajectories using Massively Parallel Computers
       0.Info>>  published as a Computer Program in Physics Paper                       
       0.Info>>.........................................................................
       0.Info>>Version Information: 1.4.2                                       
       0.Info>>                                                                 
       0.Info>>.................................................................
       0.Info>>......................D.E.S.C.R.I.P.T.I.O.N......................
       0.Info>>.................................................................
       0.Info>>This binary computes the scattering intensities directly from    
       0.Info>>a molecular dynamics trajectory.                                 
       0.Info>>.................................................................
       0.Info>>.................................................................
       0.Info>>...................I.N.I.T.I.A.L.I.Z.A.T.I.O.N...................
       0.Info>>.................................................................
       0.Info>>No configuration file specified. Will use default                
       0.Info>>Looking for configuration file: scatter.xml                      
       0.Info>>Reading parameters from XML file: scatter.xml                    
       0.Info>>Added frames from /home/amajumda/study/continuum_simulations/gitlab/continuum-to-scattering/data/100_100_100_50_50_50/single_atom_shrink/iteration_009/t008/pdb_dcd/sample.dcd using format: dcd
       0.Info>>Options: first=0, last=0, lastset=0, stride=1                    
       0.Info>>stager.target=system                                             
       0.Info>>scattering.type=all                                              
       0.Info>>scattering.dsp.type=square                                       
       0.Info>>scattering.average.orientation.type=vectors                      
       0.Info>>scattering.average.orientation.vectors.type=sphere               
       0.Info>>scattering.average.orientation.vectors.algorithm=boost_uniform_on_sphere
       0.Info>>scattering.average.orientation.vectors.resolution=100            
       0.Info>>Generating orientations for orientational averaging using sphere,boost_uniform_on_sphere
       0.Info>>Initialized orientational averaging with 100 vectors.            
       0.Info>>scattering.signal.file=signal.h5                                 
       0.Info>>scattering.signal.filepath=/home/amajumda/study/continuum_simulations/gitlab/continuum-to-scattering/data/100_100_100_50_50_50/single_atom_shrink/iteration_009/t008/signal.h5
       0.Info>>scattering.signal.fqt=1                                          
       0.Info>>scattering.signal.fq0=1                                          
       0.Info>>scattering.signal.fq=1                                           
       0.Info>>scattering.signal.fq2=1                                          
       0.Info>>Analyzing command line for parameter overwrites                  
       0.Info>>Reading database from file: /home/amajumda/study/continuum_simulations/gitlab/continuum-to-scattering/data/100_100_100_50_50_50/single_atom_shrink/iteration_009/t008/database/db-neutron-coherent.xml
       0.Info>>Checking database...                                             
       0.Info>>Testing mapping between PDB names and atom labels                
       0.Info>>Testing database completeness for referenced atom labels         
       0.Info>>Check succeeded. Database seems OK.                              
       0.Info>>Initializing sample...                                           
       0.Info>>Reading structure from file: /home/amajumda/study/continuum_simulations/gitlab/continuum-to-scattering/data/100_100_100_50_50_50/single_atom_shrink/iteration_009/t008/pdb_dcd/sample.pdb
       0.Info>>Done. Atoms read: 125000                                         
       0.Info>>Reading frames from: /home/amajumda/study/continuum_simulations/gitlab/continuum-to-scattering/data/100_100_100_50_50_50/single_atom_shrink/iteration_009/t008/pdb_dcd/sample.dcd
       0.Info>>Found 1 frames                                                   
       0.Info>>Total number of coordinate sets found: 1                         
       0.Info>>Exchanging sample, database & params information with compute nodes... 
       0.Info>>params...                                                        
       0.Info>>database...                                                      
       0.Info>>sample...                                                        
       0.Info>>.................................................................
       0.Info>>......................C.O.M.P.U.T.A.T.I.O.N......................
       0.Info>>.................................................................
       0.Info>>Setting up services...                                           
       0.Info>>Initializing data file service...                                
       0.Info>>Initializing monitor service...                                  
       0.Info>>Starting data file service...                                    
       0.Info>>Starting monitor service...                                      
       0.Info>>Services setup and running...                                    
       0.Info>>Checking /home/amajumda/study/continuum_simulations/gitlab/continuum-to-scattering/data/100_100_100_50_50_50/single_atom_shrink/iteration_009/t008/signal.h5 for old results.
       0.Info>>Broadcasting service information                                 
       0.Info>>Server host name    : hzglap02                                   
       0.Info>>FileService Port    : 37877                                      
       0.Info>>MonitorService Port : 41887                                      
       0.Info>>Setting up parallel environment...                               
       0.Info>>Searching for decomposition plan:                                
       0.Info>>nodes    = 8                                                     
       0.Info>>qvectors = 100                                                   
       0.Info>>frames   = 1                                                     
       0.Info>>atoms   = 125000                                                 
       0.Info>>All interference scattering detected. Applying frame decomposition.
       0.Info>>Automatic decomposition. Searching for best utilization.         
       0.Info>>Final decomposition parameters:                                  
       0.Info>>NN                : 8                                            
       0.Info>>NQ                : 100                                          
       0.Info>>NAF               : 1                                            
       0.Info>>NP                : 8                                            
       0.Info>>NNpP              : 1                                            
       0.Info>>NAFcycles         : 1                                            
       0.Info>>NQcycles          : 13                                           
       0.Info>>CompEl (WASTE/USE): 4/100                                        
       0.Info>>utilization(1=best)    : 0.96153846153846156                     
       0.Info>>Initializing Scatter Device, Vectors (all)                       
       0.Info>>Starting scattering...                                           
       0.Info>>Checking memory requirements for scattering calculation...       
       0.Info>>required limits.computation.memory.result_buffer=16              
       0.Info>>required limits.computation.memory.signal_buffer=16              
       0.Info>>required limits.computation.memory.exchange_buffer=0             
       0.Info>>required limits.computation.memory.alignpad_buffer=32            
       0.Info>>Memory limits ok                                                 
       0.Info>>Staging data...                                                  
       0.Info>>Forcing stager.mode=frames                                       
       0.Info>>Staging first partition.                                         
       0.Info>>Staging remaining partitions.                                    
       0.Info>>background scattering length set to 0                            
       0.Info>>Target initialized.                                              
       0.Info>>Target 'system' produces a background scattering length density of 4.1612863627483513e-05
       0.Info>>Starting computation...                                          
       0.Info>>Orientational averaging includes 100 vectors                     
       0.Info>>Setting progress sampling factor for monitoring to 1             
       0.Info>>Progress: 1.875%, ETOTAL: 62.677919999999993 s, ETA: 61.502708999999996 s
       0.Info>>Progress: 4.885%, ETOTAL: 24.68943965884861 s, ETA: 23.483257658848611 s
       0.Info>>Progress: 7.021%, ETOTAL: 17.862651632047477 s, ETA: 16.608544632047476 s
       0.Info>>Progress: 11.166%, ETOTAL: 11.646647664155005 s, ETA: 10.346198664155004 s
       0.Info>>Progress: 20.205%, ETOTAL: 15.87295545685279 s, ETA: 12.66580445685279 s
       0.Info>>Progress: 32.205%, ETOTAL: 10.097804856687898 s, ETA: 6.845793856687898 s
       0.Info>>Progress: 41.455%, ETOTAL: 7.9525528993350854 s, ETA: 4.6558118993350854 s
       0.Info>>Progress: 52.455%, ETOTAL: 9.9029135524868614 s, ETA: 4.7083275524868613 s
       0.Info>>Progress: 61.080%, ETOTAL: 8.5200377813926664 s, ETA: 3.315987781392665 s
       0.Info>>Progress: 70.205%, ETOTAL: 10.258411577794012 s, ETA: 3.0564805777940105 s
       0.Info>>Progress: 80.205%, ETOTAL: 8.9956280370844013 s, ETA: 1.7806730370843997 s
       0.Info>>Scattering finished...                                           
       0.Info>>.................................................................
       0.Info>>.....................R.U.N...A.N.A.L.Y.S.I.S.....................
       0.Info>>.................................................................
       0.Info>>Aggregating timing information for performance analysis...       
       0.Info>>                                                                 
       0.Info>>                    Performance Analysis                         
       0.Info>>-----------------------------------------------------------------
       0.Info>> mean and total runtimes:                                        
       0.Info>>-----------------------------------------------------------------
       0.Info>>          measure |    total |       count |     mean |   stddev 
       0.Info>>-----------------------------------------------------------------
       0.Info>>   sd:c:b:dspstore| 4.053e-02|        10000| 4.053e-06| 2.186e-06
       0.Info>>    sd:c:b:scatter| 4.683e+01|        10000| 4.683e-03| 1.016e-03
       0.Info>>        sd:c:block| 4.702e+01|          100| 4.702e-01| 6.857e-02
       0.Info>>         sd:c:init| 1.562e+01|          100| 1.562e-01| 3.282e-02
       0.Info>>       sd:c:reduce| 1.020e-04|          100| 1.020e-06| 4.651e-07
       0.Info>>         sd:c:wait| 1.860e-04|          100| 1.860e-06| 1.728e-06
       0.Info>>        sd:compute| 6.265e+01|          100| 6.265e-01| 8.831e-02
       0.Info>>         sd:runner| 6.265e+01|            8| 7.831e+00| 0.000e+00
       0.Info>>          sd:stage| 2.013e-01|            8| 2.517e-02| 0.000e+00
       0.Info>> sd:worker:scatter| 4.638e+01|        10000| 4.638e-03| 9.846e-04
       0.Info>>    sd:worker:wait| 1.616e+01|        10000| 1.616e-03| 1.593e-02
       0.Info>>          sd:write| 1.032e-03|          100| 1.032e-05| 7.071e-06
       0.Info>>           st:fill| 1.327e-02|            8| 1.659e-03| 0.000e+00
       0.Info>>          st:first| 2.338e-02|            1| 2.338e-02| 0.000e+00
       0.Info>>           st:load| 2.304e-02|            1| 2.304e-02| 0.000e+00
       0.Info>>           st:wait| 1.639e-01|            8| 2.049e-02| 0.000e+00
       0.Info>>-----------------------------------------------------------------
       0.Info>>-----------------------------------------------------------------
       0.Info>> watermarks:                                                     
       0.Info>>-----------------------------------------------------------------
       0.Info>>          measure |      min |      max                          
       0.Info>>-----------------------------------------------------------------
       0.Info>>   sd:c:b:dspstore| 2.000e-06| 7.500e-05                         
       0.Info>>    sd:c:b:scatter| 1.568e-03| 1.338e-02                         
       0.Info>>        sd:c:block| 1.661e-01| 6.596e-01                         
       0.Info>>         sd:c:init| 1.137e-01| 2.563e-01                         
       0.Info>>       sd:c:reduce| 0.000e+00| 2.000e-06                         
       0.Info>>         sd:c:wait| 1.000e-06| 1.900e-05                         
       0.Info>>        sd:compute| 3.057e-01| 8.878e-01                         
       0.Info>>         sd:runner| 6.749e+00| 8.547e+00                         
       0.Info>>          sd:stage| 2.499e-02| 2.529e-02                         
       0.Info>> sd:worker:scatter| 1.541e-03| 7.602e-03                         
       0.Info>>    sd:worker:wait| 1.000e-06| 2.564e-01                         
       0.Info>>          sd:write| 5.000e-06| 4.700e-05                         
       0.Info>>           st:fill| 1.479e-03| 1.776e-03                         
       0.Info>>          st:first| 2.338e-02| 2.338e-02                         
       0.Info>>           st:load| 2.304e-02| 2.304e-02                         
       0.Info>>           st:wait| 8.000e-06| 2.342e-02                         
       0.Info>>-----------------------------------------------------------------
       0.Info>>                                                                 
       0.Info>>         Performance Analysis (relative to total time * nodes)   
       0.Info>>-----------------------------------------------------------------
       0.Info>> mean and total runtimes:                                        
       0.Info>>-----------------------------------------------------------------
       0.Info>>          measure |    total |       count |     mean |   stddev 
       0.Info>>-----------------------------------------------------------------
       0.Info>>   sd:c:b:dspstore| 5.656e-04|        10000| 5.656e-08| 2.582e-07
       0.Info>>    sd:c:b:scatter| 6.536e-01|        10000| 6.536e-05| 1.201e-04
       0.Info>>        sd:c:block| 6.563e-01|          100| 6.563e-03| 8.100e-03
       0.Info>>         sd:c:init| 2.180e-01|          100| 2.180e-03| 3.877e-03
       0.Info>>       sd:c:reduce| 1.424e-06|          100| 1.424e-08| 5.494e-08
       0.Info>>         sd:c:wait| 2.596e-06|          100| 2.596e-08| 2.041e-07
       0.Info>>        sd:compute| 8.744e-01|          100| 8.744e-03| 1.043e-02
       0.Info>>         sd:runner| 8.744e-01|            8| 1.093e-01| 0.000e+00
       0.Info>>          sd:stage| 2.810e-03|            8| 3.512e-04| 0.000e+00
       0.Info>> sd:worker:scatter| 6.473e-01|        10000| 6.473e-05| 1.163e-04
       0.Info>>    sd:worker:wait| 2.255e-01|        10000| 2.255e-05| 1.882e-03
       0.Info>>          sd:write| 1.440e-05|          100| 1.440e-07| 8.353e-07
       0.Info>>           st:fill| 1.853e-04|            8| 2.316e-05| 0.000e+00
       0.Info>>          st:first| 3.263e-04|            1| 3.263e-04| 0.000e+00
       0.Info>>           st:load| 3.216e-04|            1| 3.216e-04| 0.000e+00
       0.Info>>           st:wait| 2.287e-03|            8| 2.859e-04| 0.000e+00
       0.Info>>-----------------------------------------------------------------
       0.Info>>-----------------------------------------------------------------
       0.Info>> watermarks:                                                     
       0.Info>>-----------------------------------------------------------------
       0.Info>>          measure |      min |      max                          
       0.Info>>-----------------------------------------------------------------
       0.Info>>   sd:c:b:dspstore| 2.791e-08| 1.047e-06                         
       0.Info>>    sd:c:b:scatter| 2.189e-05| 1.868e-04                         
       0.Info>>        sd:c:block| 2.319e-03| 9.207e-03                         
       0.Info>>         sd:c:init| 1.588e-03| 3.577e-03                         
       0.Info>>       sd:c:reduce| 0.000e+00| 2.791e-08                         
       0.Info>>         sd:c:wait| 1.396e-08| 2.652e-07                         
       0.Info>>        sd:compute| 4.267e-03| 1.239e-02                         
       0.Info>>         sd:runner| 9.420e-02| 1.193e-01                         
       0.Info>>          sd:stage| 3.488e-04| 3.530e-04                         
       0.Info>> sd:worker:scatter| 2.151e-05| 1.061e-04                         
       0.Info>>    sd:worker:wait| 1.396e-08| 3.578e-03                         
       0.Info>>          sd:write| 6.979e-08| 6.560e-07                         
       0.Info>>           st:fill| 2.064e-05| 2.479e-05                         
       0.Info>>          st:first| 3.263e-04| 3.263e-04                         
       0.Info>>           st:load| 3.216e-04| 3.216e-04                         
       0.Info>>           st:wait| 1.117e-07| 3.268e-04                         
       0.Info>>-----------------------------------------------------------------
       0.Info>>Total runtime (s): 8.9558219999999995                            
       0.Info>>Successfully finished... Have a nice day!                        
