       0.Info>>This software is being developed by Benjamin Lindner.                    
       0.Info>>For help, suggestions or correspondense use:                             
       0.Info>>ben@benlabs.net, Benjamin Lindner (Main Developer, Impl. & Maintenance)  
       0.Info>>franc@cmm.ki.si, Franci Merzel (Methodology)                             
       0.Info>>For publications include the following references:                       
       0.Info>>.........................................................................
       0.Info>>1. Sassena - X-ray and Neutron Scattering Calculated                     
       0.Info>>  from Molecular Dynamics Trajectories using Massively Parallel Computers
       0.Info>>  published as a Computer Program in Physics Paper                       
       0.Info>>.........................................................................
       0.Info>>Version Information: 1.4.2                                       
       0.Info>>                                                                 
       0.Info>>.................................................................
       0.Info>>......................D.E.S.C.R.I.P.T.I.O.N......................
       0.Info>>.................................................................
       0.Info>>This binary computes the scattering intensities directly from    
       0.Info>>a molecular dynamics trajectory.                                 
       0.Info>>.................................................................
       0.Info>>.................................................................
       0.Info>>...................I.N.I.T.I.A.L.I.Z.A.T.I.O.N...................
       0.Info>>.................................................................
       0.Info>>No configuration file specified. Will use default                
       0.Info>>Looking for configuration file: scatter.xml                      
       0.Info>>Reading parameters from XML file: scatter.xml                    
       0.Info>>Added frames from /home/amajumda/study/continuum_simulations/gitlab/continuum-to-scattering/data/100_100_100_50_50_50/single_atom_shrink/iteration_011/t006/pdb_dcd/sample.dcd using format: dcd
       0.Info>>Options: first=0, last=0, lastset=0, stride=1                    
       0.Info>>stager.target=system                                             
       0.Info>>scattering.type=all                                              
       0.Info>>scattering.dsp.type=square                                       
       0.Info>>scattering.average.orientation.type=vectors                      
       0.Info>>scattering.average.orientation.vectors.type=sphere               
       0.Info>>scattering.average.orientation.vectors.algorithm=boost_uniform_on_sphere
       0.Info>>scattering.average.orientation.vectors.resolution=100            
       0.Info>>Generating orientations for orientational averaging using sphere,boost_uniform_on_sphere
       0.Info>>Initialized orientational averaging with 100 vectors.            
       0.Info>>scattering.signal.file=signal.h5                                 
       0.Info>>scattering.signal.filepath=/home/amajumda/study/continuum_simulations/gitlab/continuum-to-scattering/data/100_100_100_50_50_50/single_atom_shrink/iteration_011/t006/signal.h5
       0.Info>>scattering.signal.fqt=1                                          
       0.Info>>scattering.signal.fq0=1                                          
       0.Info>>scattering.signal.fq=1                                           
       0.Info>>scattering.signal.fq2=1                                          
       0.Info>>Analyzing command line for parameter overwrites                  
       0.Info>>Reading database from file: /home/amajumda/study/continuum_simulations/gitlab/continuum-to-scattering/data/100_100_100_50_50_50/single_atom_shrink/iteration_011/t006/database/db-neutron-coherent.xml
       0.Info>>Checking database...                                             
       0.Info>>Testing mapping between PDB names and atom labels                
       0.Info>>Testing database completeness for referenced atom labels         
       0.Info>>Check succeeded. Database seems OK.                              
       0.Info>>Initializing sample...                                           
       0.Info>>Reading structure from file: /home/amajumda/study/continuum_simulations/gitlab/continuum-to-scattering/data/100_100_100_50_50_50/single_atom_shrink/iteration_011/t006/pdb_dcd/sample.pdb
       0.Info>>Done. Atoms read: 125000                                         
       0.Info>>Reading frames from: /home/amajumda/study/continuum_simulations/gitlab/continuum-to-scattering/data/100_100_100_50_50_50/single_atom_shrink/iteration_011/t006/pdb_dcd/sample.dcd
       0.Info>>Found 1 frames                                                   
       0.Info>>Total number of coordinate sets found: 1                         
       0.Info>>Exchanging sample, database & params information with compute nodes... 
       0.Info>>params...                                                        
       0.Info>>database...                                                      
       0.Info>>sample...                                                        
       0.Info>>.................................................................
       0.Info>>......................C.O.M.P.U.T.A.T.I.O.N......................
       0.Info>>.................................................................
       0.Info>>Setting up services...                                           
       0.Info>>Initializing data file service...                                
       0.Info>>Initializing monitor service...                                  
       0.Info>>Starting data file service...                                    
       0.Info>>Starting monitor service...                                      
       0.Info>>Services setup and running...                                    
       0.Info>>Checking /home/amajumda/study/continuum_simulations/gitlab/continuum-to-scattering/data/100_100_100_50_50_50/single_atom_shrink/iteration_011/t006/signal.h5 for old results.
       0.Info>>Broadcasting service information                                 
       0.Info>>Server host name    : hzglap02                                   
       0.Info>>FileService Port    : 32847                                      
       0.Info>>MonitorService Port : 38907                                      
       0.Info>>Setting up parallel environment...                               
       0.Info>>Searching for decomposition plan:                                
       0.Info>>nodes    = 8                                                     
       0.Info>>qvectors = 100                                                   
       0.Info>>frames   = 1                                                     
       0.Info>>atoms   = 125000                                                 
       0.Info>>All interference scattering detected. Applying frame decomposition.
       0.Info>>Automatic decomposition. Searching for best utilization.         
       0.Info>>Final decomposition parameters:                                  
       0.Info>>NN                : 8                                            
       0.Info>>NQ                : 100                                          
       0.Info>>NAF               : 1                                            
       0.Info>>NP                : 8                                            
       0.Info>>NNpP              : 1                                            
       0.Info>>NAFcycles         : 1                                            
       0.Info>>NQcycles          : 13                                           
       0.Info>>CompEl (WASTE/USE): 4/100                                        
       0.Info>>utilization(1=best)    : 0.96153846153846156                     
       0.Info>>Initializing Scatter Device, Vectors (all)                       
       0.Info>>Starting scattering...                                           
       0.Info>>Checking memory requirements for scattering calculation...       
       0.Info>>required limits.computation.memory.result_buffer=16              
       0.Info>>required limits.computation.memory.signal_buffer=16              
       0.Info>>required limits.computation.memory.exchange_buffer=0             
       0.Info>>required limits.computation.memory.alignpad_buffer=32            
       0.Info>>Memory limits ok                                                 
       0.Info>>Staging data...                                                  
       0.Info>>Forcing stager.mode=frames                                       
       0.Info>>Staging first partition.                                         
       0.Info>>Staging remaining partitions.                                    
       0.Info>>background scattering length set to 0                            
       0.Info>>Target initialized.                                              
       0.Info>>Target 'system' produces a background scattering length density of 0.00031312865006373041
       0.Info>>Starting computation...                                          
       0.Info>>Orientational averaging includes 100 vectors                     
       0.Info>>Setting progress sampling factor for monitoring to 1             
       0.Info>>Progress: 1.750%, ETOTAL: 58.63342857142856 s, ETA: 57.607343571428558 s
       0.Info>>Progress: 3.635%, ETOTAL: 28.229116332378222 s, ETA: 27.202870332378222 s
       0.Info>>Progress: 5.521%, ETOTAL: 18.972425660377358 s, ETA: 17.924989660377356 s
       0.Info>>Progress: 10.906%, ETOTAL: 9.6733524355300862 s, ETA: 8.6183524355300865 s
       0.Info>>Progress: 21.686%, ETOTAL: 14.008643216080403 s, ETA: 10.970743216080402 s
       0.Info>>Progress: 32.196%, ETOTAL: 9.564562667994025 s, ETA: 6.4852026679940256 s
       0.Info>>Progress: 42.080%, ETOTAL: 7.6349197044710175 s, ETA: 4.4221357044710174 s
       0.Info>>Progress: 51.955%, ETOTAL: 9.7181648365206676 s, ETA: 4.6690798365206669 s
       0.Info>>Progress: 61.330%, ETOTAL: 8.2469418343349901 s, ETA: 3.1890818343349885 s
       0.Info>>Progress: 71.205%, ETOTAL: 9.8645043932301064 s, ETA: 2.8404713932301053 s
       0.Info>>Progress: 80.955%, ETOTAL: 8.6896866893657503 s, ETA: 1.6549396893657482 s
       0.Info>>Scattering finished...                                           
       0.Info>>.................................................................
       0.Info>>.....................R.U.N...A.N.A.L.Y.S.I.S.....................
       0.Info>>.................................................................
       0.Info>>Aggregating timing information for performance analysis...       
       0.Info>>                                                                 
       0.Info>>                    Performance Analysis                         
       0.Info>>-----------------------------------------------------------------
       0.Info>> mean and total runtimes:                                        
       0.Info>>-----------------------------------------------------------------
       0.Info>>          measure |    total |       count |     mean |   stddev 
       0.Info>>-----------------------------------------------------------------
       0.Info>>   sd:c:b:dspstore| 3.734e-02|        10000| 3.734e-06| 2.029e-06
       0.Info>>    sd:c:b:scatter| 4.460e+01|        10000| 4.460e-03| 8.360e-04
       0.Info>>        sd:c:block| 4.478e+01|          100| 4.478e-01| 4.008e-02
       0.Info>>         sd:c:init| 1.484e+01|          100| 1.484e-01| 2.785e-02
       0.Info>>       sd:c:reduce| 1.140e-04|          100| 1.140e-06| 8.101e-07
       0.Info>>         sd:c:wait| 1.720e-04|          100| 1.720e-06| 5.445e-07
       0.Info>>        sd:compute| 5.963e+01|          100| 5.963e-01| 5.435e-02
       0.Info>>         sd:runner| 5.963e+01|            8| 7.454e+00| 0.000e+00
       0.Info>>          sd:stage| 2.041e-01|            8| 2.551e-02| 0.000e+00
       0.Info>> sd:worker:scatter| 4.423e+01|        10000| 4.423e-03| 8.170e-04
       0.Info>>    sd:worker:wait| 1.530e+01|        10000| 1.530e-03| 1.504e-02
       0.Info>>          sd:write| 1.082e-03|          100| 1.082e-05| 7.968e-06
       0.Info>>           st:fill| 1.260e-02|            8| 1.575e-03| 0.000e+00
       0.Info>>          st:first| 2.380e-02|            1| 2.380e-02| 0.000e+00
       0.Info>>           st:load| 2.343e-02|            1| 2.343e-02| 0.000e+00
       0.Info>>           st:wait| 1.668e-01|            8| 2.085e-02| 0.000e+00
       0.Info>>-----------------------------------------------------------------
       0.Info>>-----------------------------------------------------------------
       0.Info>> watermarks:                                                     
       0.Info>>-----------------------------------------------------------------
       0.Info>>          measure |      min |      max                          
       0.Info>>-----------------------------------------------------------------
       0.Info>>   sd:c:b:dspstore| 2.000e-06| 7.200e-05                         
       0.Info>>    sd:c:b:scatter| 1.528e-03| 1.376e-02                         
       0.Info>>        sd:c:block| 1.799e-01| 5.612e-01                         
       0.Info>>         sd:c:init| 1.174e-01| 2.556e-01                         
       0.Info>>       sd:c:reduce| 0.000e+00| 7.000e-06                         
       0.Info>>         sd:c:wait| 1.000e-06| 3.000e-06                         
       0.Info>>        sd:compute| 3.046e-01| 7.471e-01                         
       0.Info>>         sd:runner| 6.523e+00| 8.163e+00                         
       0.Info>>          sd:stage| 2.535e-02| 2.557e-02                         
       0.Info>> sd:worker:scatter| 1.511e-03| 1.025e-02                         
       0.Info>>    sd:worker:wait| 2.000e-06| 2.557e-01                         
       0.Info>>          sd:write| 5.000e-06| 4.800e-05                         
       0.Info>>           st:fill| 1.426e-03| 1.634e-03                         
       0.Info>>          st:first| 2.380e-02| 2.380e-02                         
       0.Info>>           st:load| 2.343e-02| 2.343e-02                         
       0.Info>>           st:wait| 1.000e-05| 2.384e-02                         
       0.Info>>-----------------------------------------------------------------
       0.Info>>                                                                 
       0.Info>>         Performance Analysis (relative to total time * nodes)   
       0.Info>>-----------------------------------------------------------------
       0.Info>> mean and total runtimes:                                        
       0.Info>>-----------------------------------------------------------------
       0.Info>>          measure |    total |       count |     mean |   stddev 
       0.Info>>-----------------------------------------------------------------
       0.Info>>   sd:c:b:dspstore| 5.372e-04|        10000| 5.372e-08| 2.433e-07
       0.Info>>    sd:c:b:scatter| 6.416e-01|        10000| 6.416e-05| 1.003e-04
       0.Info>>        sd:c:block| 6.442e-01|          100| 6.442e-03| 4.807e-03
       0.Info>>         sd:c:init| 2.135e-01|          100| 2.135e-03| 3.340e-03
       0.Info>>       sd:c:reduce| 1.640e-06|          100| 1.640e-08| 9.716e-08
       0.Info>>         sd:c:wait| 2.474e-06|          100| 2.474e-08| 6.530e-08
       0.Info>>        sd:compute| 8.577e-01|          100| 8.577e-03| 6.518e-03
       0.Info>>         sd:runner| 8.578e-01|            8| 1.072e-01| 0.000e+00
       0.Info>>          sd:stage| 2.935e-03|            8| 3.669e-04| 0.000e+00
       0.Info>> sd:worker:scatter| 6.362e-01|        10000| 6.362e-05| 9.799e-05
       0.Info>>    sd:worker:wait| 2.201e-01|        10000| 2.201e-05| 1.804e-03
       0.Info>>          sd:write| 1.556e-05|          100| 1.556e-07| 9.557e-07
       0.Info>>           st:fill| 1.813e-04|            8| 2.266e-05| 0.000e+00
       0.Info>>          st:first| 3.423e-04|            1| 3.423e-04| 0.000e+00
       0.Info>>           st:load| 3.370e-04|            1| 3.370e-04| 0.000e+00
       0.Info>>           st:wait| 2.400e-03|            8| 3.000e-04| 0.000e+00
       0.Info>>-----------------------------------------------------------------
       0.Info>>-----------------------------------------------------------------
       0.Info>> watermarks:                                                     
       0.Info>>-----------------------------------------------------------------
       0.Info>>          measure |      min |      max                          
       0.Info>>-----------------------------------------------------------------
       0.Info>>   sd:c:b:dspstore| 2.877e-08| 1.036e-06                         
       0.Info>>    sd:c:b:scatter| 2.198e-05| 1.979e-04                         
       0.Info>>        sd:c:block| 2.588e-03| 8.072e-03                         
       0.Info>>         sd:c:init| 1.689e-03| 3.677e-03                         
       0.Info>>       sd:c:reduce| 0.000e+00| 1.007e-07                         
       0.Info>>         sd:c:wait| 1.438e-08| 4.315e-08                         
       0.Info>>        sd:compute| 4.381e-03| 1.075e-02                         
       0.Info>>         sd:runner| 9.382e-02| 1.174e-01                         
       0.Info>>          sd:stage| 3.646e-04| 3.678e-04                         
       0.Info>> sd:worker:scatter| 2.173e-05| 1.474e-04                         
       0.Info>>    sd:worker:wait| 2.877e-08| 3.678e-03                         
       0.Info>>          sd:write| 7.192e-08| 6.904e-07                         
       0.Info>>           st:fill| 2.051e-05| 2.350e-05                         
       0.Info>>          st:first| 3.423e-04| 3.423e-04                         
       0.Info>>           st:load| 3.370e-04| 3.370e-04                         
       0.Info>>           st:wait| 1.438e-07| 3.429e-04                         
       0.Info>>-----------------------------------------------------------------
       0.Info>>Total runtime (s): 8.6901589999999995                            
       0.Info>>Successfully finished... Have a nice day!                        
