       0.Info>>This software is being developed by Benjamin Lindner.                    
       0.Info>>For help, suggestions or correspondense use:                             
       0.Info>>ben@benlabs.net, Benjamin Lindner (Main Developer, Impl. & Maintenance)  
       0.Info>>franc@cmm.ki.si, Franci Merzel (Methodology)                             
       0.Info>>For publications include the following references:                       
       0.Info>>.........................................................................
       0.Info>>1. Sassena - X-ray and Neutron Scattering Calculated                     
       0.Info>>  from Molecular Dynamics Trajectories using Massively Parallel Computers
       0.Info>>  published as a Computer Program in Physics Paper                       
       0.Info>>.........................................................................
       0.Info>>Version Information: 1.4.2                                       
       0.Info>>                                                                 
       0.Info>>.................................................................
       0.Info>>......................D.E.S.C.R.I.P.T.I.O.N......................
       0.Info>>.................................................................
       0.Info>>This binary computes the scattering intensities directly from    
       0.Info>>a molecular dynamics trajectory.                                 
       0.Info>>.................................................................
       0.Info>>.................................................................
       0.Info>>...................I.N.I.T.I.A.L.I.Z.A.T.I.O.N...................
       0.Info>>.................................................................
       0.Info>>No configuration file specified. Will use default                
       0.Info>>Looking for configuration file: scatter.xml                      
       0.Info>>Reading parameters from XML file: scatter.xml                    
       0.Info>>Added frames from /home/amajumda/study/continuum_simulations/gitlab/continuum-to-scattering/data/100_100_100_10_10_10/single_atom_shrink/iteration_004/t000/pdb_dcd/sample.dcd using format: dcd
       0.Info>>Options: first=0, last=0, lastset=0, stride=1                    
       0.Info>>stager.target=system                                             
       0.Info>>scattering.type=all                                              
       0.Info>>scattering.dsp.type=square                                       
       0.Info>>scattering.average.orientation.type=vectors                      
       0.Info>>scattering.average.orientation.vectors.type=sphere               
       0.Info>>scattering.average.orientation.vectors.algorithm=boost_uniform_on_sphere
       0.Info>>scattering.average.orientation.vectors.resolution=100            
       0.Info>>Generating orientations for orientational averaging using sphere,boost_uniform_on_sphere
       0.Info>>Initialized orientational averaging with 100 vectors.            
       0.Info>>scattering.signal.file=signal.h5                                 
       0.Info>>scattering.signal.filepath=/home/amajumda/study/continuum_simulations/gitlab/continuum-to-scattering/data/100_100_100_10_10_10/single_atom_shrink/iteration_004/t000/signal.h5
       0.Info>>scattering.signal.fqt=1                                          
       0.Info>>scattering.signal.fq0=1                                          
       0.Info>>scattering.signal.fq=1                                           
       0.Info>>scattering.signal.fq2=1                                          
       0.Info>>Analyzing command line for parameter overwrites                  
       0.Info>>Reading database from file: /home/amajumda/study/continuum_simulations/gitlab/continuum-to-scattering/data/100_100_100_10_10_10/single_atom_shrink/iteration_004/t000/database/db-neutron-coherent.xml
       0.Info>>Checking database...                                             
       0.Info>>Testing mapping between PDB names and atom labels                
       0.Info>>Testing database completeness for referenced atom labels         
       0.Info>>Check succeeded. Database seems OK.                              
       0.Info>>Initializing sample...                                           
       0.Info>>Reading structure from file: /home/amajumda/study/continuum_simulations/gitlab/continuum-to-scattering/data/100_100_100_10_10_10/single_atom_shrink/iteration_004/t000/pdb_dcd/sample.pdb
       0.Info>>Done. Atoms read: 1000                                           
       0.Info>>Reading frames from: /home/amajumda/study/continuum_simulations/gitlab/continuum-to-scattering/data/100_100_100_10_10_10/single_atom_shrink/iteration_004/t000/pdb_dcd/sample.dcd
       0.Info>>Found 1 frames                                                   
       0.Info>>Total number of coordinate sets found: 1                         
       0.Info>>Exchanging sample, database & params information with compute nodes... 
       0.Info>>params...                                                        
       0.Info>>database...                                                      
       0.Info>>sample...                                                        
       0.Info>>.................................................................
       0.Info>>......................C.O.M.P.U.T.A.T.I.O.N......................
       0.Info>>.................................................................
       0.Info>>Setting up services...                                           
       0.Info>>Initializing data file service...                                
       0.Info>>Initializing monitor service...                                  
       0.Info>>Starting data file service...                                    
       0.Info>>Starting monitor service...                                      
       0.Info>>Services setup and running...                                    
       0.Info>>Checking /home/amajumda/study/continuum_simulations/gitlab/continuum-to-scattering/data/100_100_100_10_10_10/single_atom_shrink/iteration_004/t000/signal.h5 for old results.
       0.Info>>Broadcasting service information                                 
       0.Info>>Server host name    : hzglap02                                   
       0.Info>>FileService Port    : 42697                                      
       0.Info>>MonitorService Port : 37487                                      
       0.Info>>Setting up parallel environment...                               
       0.Info>>Searching for decomposition plan:                                
       0.Info>>nodes    = 8                                                     
       0.Info>>qvectors = 100                                                   
       0.Info>>frames   = 1                                                     
       0.Info>>atoms   = 1000                                                   
       0.Info>>All interference scattering detected. Applying frame decomposition.
       0.Info>>Automatic decomposition. Searching for best utilization.         
       0.Info>>Final decomposition parameters:                                  
       0.Info>>NN                : 8                                            
       0.Info>>NQ                : 100                                          
       0.Info>>NAF               : 1                                            
       0.Info>>NP                : 8                                            
       0.Info>>NNpP              : 1                                            
       0.Info>>NAFcycles         : 1                                            
       0.Info>>NQcycles          : 13                                           
       0.Info>>CompEl (WASTE/USE): 4/100                                        
       0.Info>>utilization(1=best)    : 0.96153846153846156                     
       0.Info>>Initializing Scatter Device, Vectors (all)                       
       0.Info>>Starting scattering...                                           
       0.Info>>Checking memory requirements for scattering calculation...       
       0.Info>>required limits.computation.memory.result_buffer=16              
       0.Info>>required limits.computation.memory.signal_buffer=16              
       0.Info>>required limits.computation.memory.exchange_buffer=0             
       0.Info>>required limits.computation.memory.alignpad_buffer=32            
       0.Info>>Memory limits ok                                                 
       0.Info>>Staging data...                                                  
       0.Info>>Forcing stager.mode=frames                                       
       0.Info>>Staging first partition.                                         
       0.Info>>Staging remaining partitions.                                    
       0.Info>>background scattering length set to 0                            
       0.Info>>Target initialized.                                              
       0.Info>>Target 'system' produces a background scattering length density of 0.33783289253640164
       0.Info>>Starting computation...                                          
       0.Info>>Orientational averaging includes 100 vectors                     
       0.Info>>Setting progress sampling factor for monitoring to 1             
       0.Info>>Scattering finished...                                           
       0.Info>>.................................................................
       0.Info>>.....................R.U.N...A.N.A.L.Y.S.I.S.....................
       0.Info>>.................................................................
       0.Info>>Aggregating timing information for performance analysis...       
       0.Info>>                                                                 
       0.Info>>                    Performance Analysis                         
       0.Info>>-----------------------------------------------------------------
       0.Info>> mean and total runtimes:                                        
       0.Info>>-----------------------------------------------------------------
       0.Info>>          measure |    total |       count |     mean |   stddev 
       0.Info>>-----------------------------------------------------------------
       0.Info>>   sd:c:b:dspstore| 2.583e-02|        10000| 2.583e-06| 1.464e-06
       0.Info>>    sd:c:b:scatter| 6.052e-01|        10000| 6.052e-05| 1.013e-05
       0.Info>>        sd:c:block| 7.310e-01|          100| 7.310e-03| 4.576e-04
       0.Info>>         sd:c:init| 1.356e-01|          100| 1.356e-03| 3.099e-04
       0.Info>>       sd:c:reduce| 9.400e-05|          100| 9.400e-07| 4.783e-07
       0.Info>>         sd:c:wait| 1.290e-04|          100| 1.290e-06| 5.175e-07
       0.Info>>        sd:compute| 8.687e-01|          100| 8.687e-03| 5.881e-04
       0.Info>>         sd:runner| 8.715e-01|            8| 1.089e-01| 0.000e+00
       0.Info>>          sd:stage| 3.798e-03|            8| 4.748e-04| 0.000e+00
       0.Info>> sd:worker:scatter| 4.263e-01|        10000| 4.263e-05| 6.105e-06
       0.Info>>    sd:worker:wait| 3.695e-01|        10000| 3.695e-05| 1.424e-04
       0.Info>>          sd:write| 7.780e-04|          100| 7.780e-06| 5.864e-06
       0.Info>>           st:fill| 6.960e-04|            8| 8.700e-05| 0.000e+00
       0.Info>>          st:first| 2.910e-04|            1| 2.910e-04| 0.000e+00
       0.Info>>           st:load| 2.650e-04|            1| 2.650e-04| 0.000e+00
       0.Info>>           st:wait| 2.238e-03|            8| 2.797e-04| 0.000e+00
       0.Info>>-----------------------------------------------------------------
       0.Info>>-----------------------------------------------------------------
       0.Info>> watermarks:                                                     
       0.Info>>-----------------------------------------------------------------
       0.Info>>          measure |      min |      max                          
       0.Info>>-----------------------------------------------------------------
       0.Info>>   sd:c:b:dspstore| 1.000e-06| 5.900e-05                         
       0.Info>>    sd:c:b:scatter| 2.800e-05| 3.820e-04                         
       0.Info>>        sd:c:block| 5.223e-03| 8.223e-03                         
       0.Info>>         sd:c:init| 9.530e-04| 2.171e-03                         
       0.Info>>       sd:c:reduce| 0.000e+00| 2.000e-06                         
       0.Info>>         sd:c:wait| 0.000e+00| 3.000e-06                         
       0.Info>>        sd:compute| 6.508e-03| 1.005e-02                         
       0.Info>>         sd:runner| 9.636e-02| 1.158e-01                         
       0.Info>>          sd:stage| 4.690e-04| 4.790e-04                         
       0.Info>> sd:worker:scatter| 1.200e-05| 1.160e-04                         
       0.Info>>    sd:worker:wait| 4.000e-06| 2.232e-03                         
       0.Info>>          sd:write| 4.000e-06| 3.400e-05                         
       0.Info>>           st:fill| 7.500e-05| 9.100e-05                         
       0.Info>>          st:first| 2.910e-04| 2.910e-04                         
       0.Info>>           st:load| 2.650e-04| 2.650e-04                         
       0.Info>>           st:wait| 5.000e-06| 3.220e-04                         
       0.Info>>-----------------------------------------------------------------
       0.Info>>                                                                 
       0.Info>>         Performance Analysis (relative to total time * nodes)   
       0.Info>>-----------------------------------------------------------------
       0.Info>> mean and total runtimes:                                        
       0.Info>>-----------------------------------------------------------------
       0.Info>>          measure |    total |       count |     mean |   stddev 
       0.Info>>-----------------------------------------------------------------
       0.Info>>   sd:c:b:dspstore| 1.978e-02|        10000| 1.978e-06| 1.281e-06
       0.Info>>    sd:c:b:scatter| 4.635e-01|        10000| 4.635e-05| 8.865e-06
       0.Info>>        sd:c:block| 5.598e-01|          100| 5.598e-03| 4.005e-04
       0.Info>>         sd:c:init| 1.039e-01|          100| 1.039e-03| 2.712e-04
       0.Info>>       sd:c:reduce| 7.199e-05|          100| 7.199e-07| 4.186e-07
       0.Info>>         sd:c:wait| 9.880e-05|          100| 9.880e-07| 4.528e-07
       0.Info>>        sd:compute| 6.653e-01|          100| 6.653e-03| 5.146e-04
       0.Info>>         sd:runner| 6.675e-01|            8| 8.344e-02| 0.000e+00
       0.Info>>          sd:stage| 2.909e-03|            8| 3.636e-04| 0.000e+00
       0.Info>> sd:worker:scatter| 3.265e-01|        10000| 3.265e-05| 5.342e-06
       0.Info>>    sd:worker:wait| 2.830e-01|        10000| 2.830e-05| 1.246e-04
       0.Info>>          sd:write| 5.958e-04|          100| 5.958e-06| 5.132e-06
       0.Info>>           st:fill| 5.330e-04|            8| 6.663e-05| 0.000e+00
       0.Info>>          st:first| 2.229e-04|            1| 2.229e-04| 0.000e+00
       0.Info>>           st:load| 2.030e-04|            1| 2.030e-04| 0.000e+00
       0.Info>>           st:wait| 1.714e-03|            8| 2.143e-04| 0.000e+00
       0.Info>>-----------------------------------------------------------------
       0.Info>>-----------------------------------------------------------------
       0.Info>> watermarks:                                                     
       0.Info>>-----------------------------------------------------------------
       0.Info>>          measure |      min |      max                          
       0.Info>>-----------------------------------------------------------------
       0.Info>>   sd:c:b:dspstore| 7.659e-07| 4.519e-05                         
       0.Info>>    sd:c:b:scatter| 2.144e-05| 2.926e-04                         
       0.Info>>        sd:c:block| 4.000e-03| 6.298e-03                         
       0.Info>>         sd:c:init| 7.299e-04| 1.663e-03                         
       0.Info>>       sd:c:reduce| 0.000e+00| 1.532e-06                         
       0.Info>>         sd:c:wait| 0.000e+00| 2.298e-06                         
       0.Info>>        sd:compute| 4.984e-03| 7.699e-03                         
       0.Info>>         sd:runner| 7.380e-02| 8.865e-02                         
       0.Info>>          sd:stage| 3.592e-04| 3.669e-04                         
       0.Info>> sd:worker:scatter| 9.190e-06| 8.884e-05                         
       0.Info>>    sd:worker:wait| 3.063e-06| 1.709e-03                         
       0.Info>>          sd:write| 3.063e-06| 2.604e-05                         
       0.Info>>           st:fill| 5.744e-05| 6.969e-05                         
       0.Info>>          st:first| 2.229e-04| 2.229e-04                         
       0.Info>>           st:load| 2.030e-04| 2.030e-04                         
       0.Info>>           st:wait| 3.829e-06| 2.466e-04                         
       0.Info>>-----------------------------------------------------------------
       0.Info>>Total runtime (s): 0.163213                                      
       0.Info>>Successfully finished... Have a nice day!                        
