       0.Info>>This software is being developed by Benjamin Lindner.                    
       0.Info>>For help, suggestions or correspondense use:                             
       0.Info>>ben@benlabs.net, Benjamin Lindner (Main Developer, Impl. & Maintenance)  
       0.Info>>franc@cmm.ki.si, Franci Merzel (Methodology)                             
       0.Info>>For publications include the following references:                       
       0.Info>>.........................................................................
       0.Info>>1. Sassena - X-ray and Neutron Scattering Calculated                     
       0.Info>>  from Molecular Dynamics Trajectories using Massively Parallel Computers
       0.Info>>  published as a Computer Program in Physics Paper                       
       0.Info>>.........................................................................
       0.Info>>Version Information: 1.4.2                                       
       0.Info>>                                                                 
       0.Info>>.................................................................
       0.Info>>......................D.E.S.C.R.I.P.T.I.O.N......................
       0.Info>>.................................................................
       0.Info>>This binary computes the scattering intensities directly from    
       0.Info>>a molecular dynamics trajectory.                                 
       0.Info>>.................................................................
       0.Info>>.................................................................
       0.Info>>...................I.N.I.T.I.A.L.I.Z.A.T.I.O.N...................
       0.Info>>.................................................................
       0.Info>>No configuration file specified. Will use default                
       0.Info>>Looking for configuration file: scatter.xml                      
       0.Info>>Reading parameters from XML file: scatter.xml                    
       0.Info>>Added frames from /home/amajumda/study/continuum_simulations/gitlab/continuum-to-scattering/data/100_100_100_50_50_50/single_atom_shrink/iteration_011/t001/pdb_dcd/sample.dcd using format: dcd
       0.Info>>Options: first=0, last=0, lastset=0, stride=1                    
       0.Info>>stager.target=system                                             
       0.Info>>scattering.type=all                                              
       0.Info>>scattering.dsp.type=square                                       
       0.Info>>scattering.average.orientation.type=vectors                      
       0.Info>>scattering.average.orientation.vectors.type=sphere               
       0.Info>>scattering.average.orientation.vectors.algorithm=boost_uniform_on_sphere
       0.Info>>scattering.average.orientation.vectors.resolution=100            
       0.Info>>Generating orientations for orientational averaging using sphere,boost_uniform_on_sphere
       0.Info>>Initialized orientational averaging with 100 vectors.            
       0.Info>>scattering.signal.file=signal.h5                                 
       0.Info>>scattering.signal.filepath=/home/amajumda/study/continuum_simulations/gitlab/continuum-to-scattering/data/100_100_100_50_50_50/single_atom_shrink/iteration_011/t001/signal.h5
       0.Info>>scattering.signal.fqt=1                                          
       0.Info>>scattering.signal.fq0=1                                          
       0.Info>>scattering.signal.fq=1                                           
       0.Info>>scattering.signal.fq2=1                                          
       0.Info>>Analyzing command line for parameter overwrites                  
       0.Info>>Reading database from file: /home/amajumda/study/continuum_simulations/gitlab/continuum-to-scattering/data/100_100_100_50_50_50/single_atom_shrink/iteration_011/t001/database/db-neutron-coherent.xml
       0.Info>>Checking database...                                             
       0.Info>>Testing mapping between PDB names and atom labels                
       0.Info>>Testing database completeness for referenced atom labels         
       0.Info>>Check succeeded. Database seems OK.                              
       0.Info>>Initializing sample...                                           
       0.Info>>Reading structure from file: /home/amajumda/study/continuum_simulations/gitlab/continuum-to-scattering/data/100_100_100_50_50_50/single_atom_shrink/iteration_011/t001/pdb_dcd/sample.pdb
       0.Info>>Done. Atoms read: 125000                                         
       0.Info>>Reading frames from: /home/amajumda/study/continuum_simulations/gitlab/continuum-to-scattering/data/100_100_100_50_50_50/single_atom_shrink/iteration_011/t001/pdb_dcd/sample.dcd
       0.Info>>Found 1 frames                                                   
       0.Info>>Total number of coordinate sets found: 1                         
       0.Info>>Exchanging sample, database & params information with compute nodes... 
       0.Info>>params...                                                        
       0.Info>>database...                                                      
       0.Info>>sample...                                                        
       0.Info>>.................................................................
       0.Info>>......................C.O.M.P.U.T.A.T.I.O.N......................
       0.Info>>.................................................................
       0.Info>>Setting up services...                                           
       0.Info>>Initializing data file service...                                
       0.Info>>Initializing monitor service...                                  
       0.Info>>Starting data file service...                                    
       0.Info>>Starting monitor service...                                      
       0.Info>>Services setup and running...                                    
       0.Info>>Checking /home/amajumda/study/continuum_simulations/gitlab/continuum-to-scattering/data/100_100_100_50_50_50/single_atom_shrink/iteration_011/t001/signal.h5 for old results.
       0.Info>>Broadcasting service information                                 
       0.Info>>Server host name    : hzglap02                                   
       0.Info>>FileService Port    : 34163                                      
       0.Info>>MonitorService Port : 34735                                      
       0.Info>>Setting up parallel environment...                               
       0.Info>>Searching for decomposition plan:                                
       0.Info>>nodes    = 8                                                     
       0.Info>>qvectors = 100                                                   
       0.Info>>frames   = 1                                                     
       0.Info>>atoms   = 125000                                                 
       0.Info>>All interference scattering detected. Applying frame decomposition.
       0.Info>>Automatic decomposition. Searching for best utilization.         
       0.Info>>Final decomposition parameters:                                  
       0.Info>>NN                : 8                                            
       0.Info>>NQ                : 100                                          
       0.Info>>NAF               : 1                                            
       0.Info>>NP                : 8                                            
       0.Info>>NNpP              : 1                                            
       0.Info>>NAFcycles         : 1                                            
       0.Info>>NQcycles          : 13                                           
       0.Info>>CompEl (WASTE/USE): 4/100                                        
       0.Info>>utilization(1=best)    : 0.96153846153846156                     
       0.Info>>Initializing Scatter Device, Vectors (all)                       
       0.Info>>Starting scattering...                                           
       0.Info>>Checking memory requirements for scattering calculation...       
       0.Info>>required limits.computation.memory.result_buffer=16              
       0.Info>>required limits.computation.memory.signal_buffer=16              
       0.Info>>required limits.computation.memory.exchange_buffer=0             
       0.Info>>required limits.computation.memory.alignpad_buffer=32            
       0.Info>>Memory limits ok                                                 
       0.Info>>Staging data...                                                  
       0.Info>>Forcing stager.mode=frames                                       
       0.Info>>Staging first partition.                                         
       0.Info>>Staging remaining partitions.                                    
       0.Info>>background scattering length set to 0                            
       0.Info>>Target initialized.                                              
       0.Info>>Target 'system' produces a background scattering length density of 0.0021164976069539482
       0.Info>>Starting computation...                                          
       0.Info>>Orientational averaging includes 100 vectors                     
       0.Info>>Setting progress sampling factor for monitoring to 1             
       0.Info>>Progress: 1.500%, ETOTAL: 61.859466666666655 s, ETA: 60.931574666666656 s
       0.Info>>Progress: 2.875%, ETOTAL: 32.580173913043467 s, ETA: 31.643493913043468 s
       0.Info>>Progress: 4.635%, ETOTAL: 20.348936629213483 s, ETA: 19.405678629213483 s
       0.Info>>Progress: 6.396%, ETOTAL: 14.801073615635177 s, ETA: 13.854421615635177 s
       0.Info>>Progress: 10.667%, ETOTAL: 8.9373093749999999 s, ETA: 7.9839963750000003 s
       0.Info>>Progress: 20.551%, ETOTAL: 14.296047286338112 s, ETA: 11.358026286338113 s
       0.Info>>Progress: 30.821%, ETOTAL: 9.6175524958402665 s, ETA: 6.6533734958402668 s
       0.Info>>Progress: 40.455%, ETOTAL: 7.8440488036761211 s, ETA: 4.6707288036761216 s
       0.Info>>Progress: 53.205%, ETOTAL: 9.3230937831325296 s, ETA: 4.3627297831325302 s
       0.Info>>Progress: 62.330%, ETOTAL: 8.18228382783977 s, ETA: 3.08225582783977 s
       0.Info>>Progress: 72.205%, ETOTAL: 9.5938587357954521 s, ETA: 2.6666007357954529 s
       0.Info>>Progress: 81.955%, ETOTAL: 8.4991020727414917 s, ETA: 1.533652072741492 s
       0.Info>>Scattering finished...                                           
       0.Info>>.................................................................
       0.Info>>.....................R.U.N...A.N.A.L.Y.S.I.S.....................
       0.Info>>.................................................................
       0.Info>>Aggregating timing information for performance analysis...       
       0.Info>>                                                                 
       0.Info>>                    Performance Analysis                         
       0.Info>>-----------------------------------------------------------------
       0.Info>> mean and total runtimes:                                        
       0.Info>>-----------------------------------------------------------------
       0.Info>>          measure |    total |       count |     mean |   stddev 
       0.Info>>-----------------------------------------------------------------
       0.Info>>   sd:c:b:dspstore| 3.650e-02|        10000| 3.650e-06| 1.886e-06
       0.Info>>    sd:c:b:scatter| 4.488e+01|        10000| 4.488e-03| 8.655e-04
       0.Info>>        sd:c:block| 4.506e+01|          100| 4.506e-01| 4.850e-02
       0.Info>>         sd:c:init| 1.531e+01|          100| 1.531e-01| 3.112e-02
       0.Info>>       sd:c:reduce| 1.040e-04|          100| 1.040e-06| 5.863e-07
       0.Info>>         sd:c:wait| 1.620e-04|          100| 1.620e-06| 5.505e-07
       0.Info>>        sd:compute| 6.037e+01|          100| 6.037e-01| 6.512e-02
       0.Info>>         sd:runner| 6.038e+01|            8| 7.547e+00| 0.000e+00
       0.Info>>          sd:stage| 1.936e-01|            8| 2.420e-02| 0.000e+00
       0.Info>> sd:worker:scatter| 4.448e+01|        10000| 4.448e-03| 8.439e-04
       0.Info>>    sd:worker:wait| 1.579e+01|        10000| 1.579e-03| 1.559e-02
       0.Info>>          sd:write| 1.045e-03|          100| 1.045e-05| 7.272e-06
       0.Info>>           st:fill| 1.186e-02|            8| 1.482e-03| 0.000e+00
       0.Info>>          st:first| 2.260e-02|            1| 2.260e-02| 0.000e+00
       0.Info>>           st:load| 2.229e-02|            1| 2.229e-02| 0.000e+00
       0.Info>>           st:wait| 1.585e-01|            8| 1.981e-02| 0.000e+00
       0.Info>>-----------------------------------------------------------------
       0.Info>>-----------------------------------------------------------------
       0.Info>> watermarks:                                                     
       0.Info>>-----------------------------------------------------------------
       0.Info>>          measure |      min |      max                          
       0.Info>>-----------------------------------------------------------------
       0.Info>>   sd:c:b:dspstore| 2.000e-06| 7.400e-05                         
       0.Info>>    sd:c:b:scatter| 1.511e-03| 1.492e-02                         
       0.Info>>        sd:c:block| 1.587e-01| 5.776e-01                         
       0.Info>>         sd:c:init| 1.160e-01| 2.464e-01                         
       0.Info>>       sd:c:reduce| 0.000e+00| 3.000e-06                         
       0.Info>>         sd:c:wait| 1.000e-06| 3.000e-06                         
       0.Info>>        sd:compute| 2.748e-01| 8.019e-01                         
       0.Info>>         sd:runner| 6.201e+00| 8.216e+00                         
       0.Info>>          sd:stage| 2.405e-02| 2.427e-02                         
       0.Info>> sd:worker:scatter| 1.490e-03| 6.795e-03                         
       0.Info>>    sd:worker:wait| 1.000e-06| 2.465e-01                         
       0.Info>>          sd:write| 5.000e-06| 4.900e-05                         
       0.Info>>           st:fill| 1.331e-03| 1.546e-03                         
       0.Info>>          st:first| 2.260e-02| 2.260e-02                         
       0.Info>>           st:load| 2.229e-02| 2.229e-02                         
       0.Info>>           st:wait| 7.000e-06| 2.264e-02                         
       0.Info>>-----------------------------------------------------------------
       0.Info>>                                                                 
       0.Info>>         Performance Analysis (relative to total time * nodes)   
       0.Info>>-----------------------------------------------------------------
       0.Info>> mean and total runtimes:                                        
       0.Info>>-----------------------------------------------------------------
       0.Info>>          measure |    total |       count |     mean |   stddev 
       0.Info>>-----------------------------------------------------------------
       0.Info>>   sd:c:b:dspstore| 5.289e-04|        10000| 5.289e-08| 2.270e-07
       0.Info>>    sd:c:b:scatter| 6.504e-01|        10000| 6.504e-05| 1.042e-04
       0.Info>>        sd:c:block| 6.530e-01|          100| 6.530e-03| 5.838e-03
       0.Info>>         sd:c:init| 2.218e-01|          100| 2.218e-03| 3.746e-03
       0.Info>>       sd:c:reduce| 1.507e-06|          100| 1.507e-08| 7.057e-08
       0.Info>>         sd:c:wait| 2.348e-06|          100| 2.348e-08| 6.626e-08
       0.Info>>        sd:compute| 8.749e-01|          100| 8.749e-03| 7.839e-03
       0.Info>>         sd:runner| 8.749e-01|            8| 1.094e-01| 0.000e+00
       0.Info>>          sd:stage| 2.806e-03|            8| 3.507e-04| 0.000e+00
       0.Info>> sd:worker:scatter| 6.446e-01|        10000| 6.446e-05| 1.016e-04
       0.Info>>    sd:worker:wait| 2.288e-01|        10000| 2.288e-05| 1.876e-03
       0.Info>>          sd:write| 1.514e-05|          100| 1.514e-07| 8.754e-07
       0.Info>>           st:fill| 1.718e-04|            8| 2.147e-05| 0.000e+00
       0.Info>>          st:first| 3.275e-04|            1| 3.275e-04| 0.000e+00
       0.Info>>           st:load| 3.230e-04|            1| 3.230e-04| 0.000e+00
       0.Info>>           st:wait| 2.296e-03|            8| 2.870e-04| 0.000e+00
       0.Info>>-----------------------------------------------------------------
       0.Info>>-----------------------------------------------------------------
       0.Info>> watermarks:                                                     
       0.Info>>-----------------------------------------------------------------
       0.Info>>          measure |      min |      max                          
       0.Info>>-----------------------------------------------------------------
       0.Info>>   sd:c:b:dspstore| 2.898e-08| 1.072e-06                         
       0.Info>>    sd:c:b:scatter| 2.190e-05| 2.162e-04                         
       0.Info>>        sd:c:block| 2.300e-03| 8.369e-03                         
       0.Info>>         sd:c:init| 1.681e-03| 3.570e-03                         
       0.Info>>       sd:c:reduce| 0.000e+00| 4.347e-08                         
       0.Info>>         sd:c:wait| 1.449e-08| 4.347e-08                         
       0.Info>>        sd:compute| 3.983e-03| 1.162e-02                         
       0.Info>>         sd:runner| 8.986e-02| 1.191e-01                         
       0.Info>>          sd:stage| 3.486e-04| 3.517e-04                         
       0.Info>> sd:worker:scatter| 2.159e-05| 9.847e-05                         
       0.Info>>    sd:worker:wait| 1.449e-08| 3.572e-03                         
       0.Info>>          sd:write| 7.245e-08| 7.101e-07                         
       0.Info>>           st:fill| 1.929e-05| 2.240e-05                         
       0.Info>>          st:first| 3.275e-04| 3.275e-04                         
       0.Info>>           st:load| 3.230e-04| 3.230e-04                         
       0.Info>>           st:wait| 1.014e-07| 3.280e-04                         
       0.Info>>-----------------------------------------------------------------
       0.Info>>Total runtime (s): 8.6261139999999994                            
       0.Info>>Successfully finished... Have a nice day!                        
