       0.Info>>This software is being developed by Benjamin Lindner.                    
       0.Info>>For help, suggestions or correspondense use:                             
       0.Info>>ben@benlabs.net, Benjamin Lindner (Main Developer, Impl. & Maintenance)  
       0.Info>>franc@cmm.ki.si, Franci Merzel (Methodology)                             
       0.Info>>For publications include the following references:                       
       0.Info>>.........................................................................
       0.Info>>1. Sassena - X-ray and Neutron Scattering Calculated                     
       0.Info>>  from Molecular Dynamics Trajectories using Massively Parallel Computers
       0.Info>>  published as a Computer Program in Physics Paper                       
       0.Info>>.........................................................................
       0.Info>>Version Information: 1.4.2                                       
       0.Info>>                                                                 
       0.Info>>.................................................................
       0.Info>>......................D.E.S.C.R.I.P.T.I.O.N......................
       0.Info>>.................................................................
       0.Info>>This binary computes the scattering intensities directly from    
       0.Info>>a molecular dynamics trajectory.                                 
       0.Info>>.................................................................
       0.Info>>.................................................................
       0.Info>>...................I.N.I.T.I.A.L.I.Z.A.T.I.O.N...................
       0.Info>>.................................................................
       0.Info>>No configuration file specified. Will use default                
       0.Info>>Looking for configuration file: scatter.xml                      
       0.Info>>Reading parameters from XML file: scatter.xml                    
       0.Info>>Added frames from /home/amajumda/study/continuum_simulations/gitlab/continuum-to-scattering/data/100_100_100_50_50_50/single_atom_shrink/iteration_002/t007/pdb_dcd/sample.dcd using format: dcd
       0.Info>>Options: first=0, last=0, lastset=0, stride=1                    
       0.Info>>stager.target=system                                             
       0.Info>>scattering.type=all                                              
       0.Info>>scattering.dsp.type=square                                       
       0.Info>>scattering.average.orientation.type=vectors                      
       0.Info>>scattering.average.orientation.vectors.type=sphere               
       0.Info>>scattering.average.orientation.vectors.algorithm=boost_uniform_on_sphere
       0.Info>>scattering.average.orientation.vectors.resolution=100            
       0.Info>>Generating orientations for orientational averaging using sphere,boost_uniform_on_sphere
       0.Info>>Initialized orientational averaging with 100 vectors.            
       0.Info>>scattering.signal.file=signal.h5                                 
       0.Info>>scattering.signal.filepath=/home/amajumda/study/continuum_simulations/gitlab/continuum-to-scattering/data/100_100_100_50_50_50/single_atom_shrink/iteration_002/t007/signal.h5
       0.Info>>scattering.signal.fqt=1                                          
       0.Info>>scattering.signal.fq0=1                                          
       0.Info>>scattering.signal.fq=1                                           
       0.Info>>scattering.signal.fq2=1                                          
       0.Info>>Analyzing command line for parameter overwrites                  
       0.Info>>Reading database from file: /home/amajumda/study/continuum_simulations/gitlab/continuum-to-scattering/data/100_100_100_50_50_50/single_atom_shrink/iteration_002/t007/database/db-neutron-coherent.xml
       0.Info>>Checking database...                                             
       0.Info>>Testing mapping between PDB names and atom labels                
       0.Info>>Testing database completeness for referenced atom labels         
       0.Info>>Check succeeded. Database seems OK.                              
       0.Info>>Initializing sample...                                           
       0.Info>>Reading structure from file: /home/amajumda/study/continuum_simulations/gitlab/continuum-to-scattering/data/100_100_100_50_50_50/single_atom_shrink/iteration_002/t007/pdb_dcd/sample.pdb
       0.Info>>Done. Atoms read: 125000                                         
       0.Info>>Reading frames from: /home/amajumda/study/continuum_simulations/gitlab/continuum-to-scattering/data/100_100_100_50_50_50/single_atom_shrink/iteration_002/t007/pdb_dcd/sample.dcd
       0.Info>>Found 1 frames                                                   
       0.Info>>Total number of coordinate sets found: 1                         
       0.Info>>Exchanging sample, database & params information with compute nodes... 
       0.Info>>params...                                                        
       0.Info>>database...                                                      
       0.Info>>sample...                                                        
       0.Info>>.................................................................
       0.Info>>......................C.O.M.P.U.T.A.T.I.O.N......................
       0.Info>>.................................................................
       0.Info>>Setting up services...                                           
       0.Info>>Initializing data file service...                                
       0.Info>>Initializing monitor service...                                  
       0.Info>>Starting data file service...                                    
       0.Info>>Starting monitor service...                                      
       0.Info>>Services setup and running...                                    
       0.Info>>Checking /home/amajumda/study/continuum_simulations/gitlab/continuum-to-scattering/data/100_100_100_50_50_50/single_atom_shrink/iteration_002/t007/signal.h5 for old results.
       0.Info>>Broadcasting service information                                 
       0.Info>>Server host name    : hzglap02                                   
       0.Info>>FileService Port    : 40869                                      
       0.Info>>MonitorService Port : 37265                                      
       0.Info>>Setting up parallel environment...                               
       0.Info>>Searching for decomposition plan:                                
       0.Info>>nodes    = 8                                                     
       0.Info>>qvectors = 100                                                   
       0.Info>>frames   = 1                                                     
       0.Info>>atoms   = 125000                                                 
       0.Info>>All interference scattering detected. Applying frame decomposition.
       0.Info>>Automatic decomposition. Searching for best utilization.         
       0.Info>>Final decomposition parameters:                                  
       0.Info>>NN                : 8                                            
       0.Info>>NQ                : 100                                          
       0.Info>>NAF               : 1                                            
       0.Info>>NP                : 8                                            
       0.Info>>NNpP              : 1                                            
       0.Info>>NAFcycles         : 1                                            
       0.Info>>NQcycles          : 13                                           
       0.Info>>CompEl (WASTE/USE): 4/100                                        
       0.Info>>utilization(1=best)    : 0.96153846153846156                     
       0.Info>>Initializing Scatter Device, Vectors (all)                       
       0.Info>>Starting scattering...                                           
       0.Info>>Checking memory requirements for scattering calculation...       
       0.Info>>required limits.computation.memory.result_buffer=16              
       0.Info>>required limits.computation.memory.signal_buffer=16              
       0.Info>>required limits.computation.memory.exchange_buffer=0             
       0.Info>>required limits.computation.memory.alignpad_buffer=32            
       0.Info>>Memory limits ok                                                 
       0.Info>>Staging data...                                                  
       0.Info>>Forcing stager.mode=frames                                       
       0.Info>>Staging first partition.                                         
       0.Info>>Staging remaining partitions.                                    
       0.Info>>background scattering length set to 0                            
       0.Info>>Target initialized.                                              
       0.Info>>Target 'system' produces a background scattering length density of 0.00048034065299505679
       0.Info>>Starting computation...                                          
       0.Info>>Orientational averaging includes 100 vectors                     
       0.Info>>Setting progress sampling factor for monitoring to 1             
       0.Info>>Progress: 1.385%, ETOTAL: 61.291380451127822 s, ETA: 60.442239451127818 s
       0.Info>>Progress: 2.760%, ETOTAL: 30.99213283018868 s, ETA: 30.136620830188679 s
       0.Info>>Progress: 4.135%, ETOTAL: 21.132598488664989 s, ETA: 20.25867748866499 s
       0.Info>>Progress: 5.385%, ETOTAL: 16.306760541586076 s, ETA: 15.428573541586076 s
       0.Info>>Progress: 10.135%, ETOTAL: 8.7753274409044177 s, ETA: 7.885911440904418 s
       0.Info>>Progress: 23.156%, ETOTAL: 12.51978623481781 s, ETA: 9.6206732348178097 s
       0.Info>>Progress: 30.050%, ETOTAL: 9.6688369890408783 s, ETA: 6.7633049890408783 s
       0.Info>>Progress: 40.830%, ETOTAL: 7.319107559463065 s, ETA: 4.3307065594630654 s
       0.Info>>Progress: 50.830%, ETOTAL: 9.5900072892363966 s, ETA: 4.7153942892363965 s
       0.Info>>Progress: 63.455%, ETOTAL: 7.7239761996161231 s, ETA: 2.8227171996161227 s
       0.Info>>Progress: 70.330%, ETOTAL: 9.7385234106548797 s, ETA: 2.8894074106548793 s
       0.Info>>Progress: 83.330%, ETOTAL: 8.2645834685949477 s, ETA: 1.3776954685949461 s
       0.Info>>Scattering finished...                                           
       0.Info>>.................................................................
       0.Info>>.....................R.U.N...A.N.A.L.Y.S.I.S.....................
       0.Info>>.................................................................
       0.Info>>Aggregating timing information for performance analysis...       
       0.Info>>                                                                 
       0.Info>>                    Performance Analysis                         
       0.Info>>-----------------------------------------------------------------
       0.Info>> mean and total runtimes:                                        
       0.Info>>-----------------------------------------------------------------
       0.Info>>          measure |    total |       count |     mean |   stddev 
       0.Info>>-----------------------------------------------------------------
       0.Info>>   sd:c:b:dspstore| 3.682e-02|        10000| 3.682e-06| 2.230e-06
       0.Info>>    sd:c:b:scatter| 4.374e+01|        10000| 4.374e-03| 7.979e-04
       0.Info>>        sd:c:block| 4.392e+01|          100| 4.392e-01| 4.402e-02
       0.Info>>         sd:c:init| 1.452e+01|          100| 1.452e-01| 2.984e-02
       0.Info>>       sd:c:reduce| 9.700e-05|          100| 9.700e-07| 4.844e-07
       0.Info>>         sd:c:wait| 1.680e-04|          100| 1.680e-06| 6.166e-07
       0.Info>>        sd:compute| 5.844e+01|          100| 5.844e-01| 5.704e-02
       0.Info>>         sd:runner| 5.844e+01|            8| 7.305e+00| 0.000e+00
       0.Info>>          sd:stage| 1.939e-01|            8| 2.424e-02| 0.000e+00
       0.Info>> sd:worker:scatter| 4.336e+01|        10000| 4.336e-03| 7.704e-04
       0.Info>>    sd:worker:wait| 1.499e+01|        10000| 1.499e-03| 1.477e-02
       0.Info>>          sd:write| 1.020e-03|          100| 1.020e-05| 7.759e-06
       0.Info>>           st:fill| 1.180e-02|            8| 1.475e-03| 0.000e+00
       0.Info>>          st:first| 2.265e-02|            1| 2.265e-02| 0.000e+00
       0.Info>>           st:load| 2.228e-02|            1| 2.228e-02| 0.000e+00
       0.Info>>           st:wait| 1.588e-01|            8| 1.985e-02| 0.000e+00
       0.Info>>-----------------------------------------------------------------
       0.Info>>-----------------------------------------------------------------
       0.Info>> watermarks:                                                     
       0.Info>>-----------------------------------------------------------------
       0.Info>>          measure |      min |      max                          
       0.Info>>-----------------------------------------------------------------
       0.Info>>   sd:c:b:dspstore| 2.000e-06| 7.700e-05                         
       0.Info>>    sd:c:b:scatter| 1.526e-03| 1.515e-02                         
       0.Info>>        sd:c:block| 1.600e-01| 5.705e-01                         
       0.Info>>         sd:c:init| 1.153e-01| 2.560e-01                         
       0.Info>>       sd:c:reduce| 0.000e+00| 2.000e-06                         
       0.Info>>         sd:c:wait| 1.000e-06| 4.000e-06                         
       0.Info>>        sd:compute| 2.759e-01| 7.426e-01                         
       0.Info>>         sd:runner| 6.480e+00| 7.949e+00                         
       0.Info>>          sd:stage| 2.409e-02| 2.431e-02                         
       0.Info>> sd:worker:scatter| 1.509e-03| 7.075e-03                         
       0.Info>>    sd:worker:wait| 2.000e-06| 2.561e-01                         
       0.Info>>          sd:write| 5.000e-06| 4.800e-05                         
       0.Info>>           st:fill| 1.322e-03| 1.537e-03                         
       0.Info>>          st:first| 2.265e-02| 2.265e-02                         
       0.Info>>           st:load| 2.228e-02| 2.228e-02                         
       0.Info>>           st:wait| 9.000e-06| 2.269e-02                         
       0.Info>>-----------------------------------------------------------------
       0.Info>>                                                                 
       0.Info>>         Performance Analysis (relative to total time * nodes)   
       0.Info>>-----------------------------------------------------------------
       0.Info>> mean and total runtimes:                                        
       0.Info>>-----------------------------------------------------------------
       0.Info>>          measure |    total |       count |     mean |   stddev 
       0.Info>>-----------------------------------------------------------------
       0.Info>>   sd:c:b:dspstore| 5.504e-04|        10000| 5.504e-08| 2.726e-07
       0.Info>>    sd:c:b:scatter| 6.538e-01|        10000| 6.538e-05| 9.755e-05
       0.Info>>        sd:c:block| 6.565e-01|          100| 6.565e-03| 5.382e-03
       0.Info>>         sd:c:init| 2.170e-01|          100| 2.170e-03| 3.649e-03
       0.Info>>       sd:c:reduce| 1.450e-06|          100| 1.450e-08| 5.922e-08
       0.Info>>         sd:c:wait| 2.511e-06|          100| 2.511e-08| 7.539e-08
       0.Info>>        sd:compute| 8.736e-01|          100| 8.736e-03| 6.974e-03
       0.Info>>         sd:runner| 8.736e-01|            8| 1.092e-01| 0.000e+00
       0.Info>>          sd:stage| 2.899e-03|            8| 3.624e-04| 0.000e+00
       0.Info>> sd:worker:scatter| 6.481e-01|        10000| 6.481e-05| 9.419e-05
       0.Info>>    sd:worker:wait| 2.240e-01|        10000| 2.240e-05| 1.806e-03
       0.Info>>          sd:write| 1.525e-05|          100| 1.525e-07| 9.487e-07
       0.Info>>           st:fill| 1.764e-04|            8| 2.205e-05| 0.000e+00
       0.Info>>          st:first| 3.385e-04|            1| 3.385e-04| 0.000e+00
       0.Info>>           st:load| 3.331e-04|            1| 3.331e-04| 0.000e+00
       0.Info>>           st:wait| 2.374e-03|            8| 2.967e-04| 0.000e+00
       0.Info>>-----------------------------------------------------------------
       0.Info>>-----------------------------------------------------------------
       0.Info>> watermarks:                                                     
       0.Info>>-----------------------------------------------------------------
       0.Info>>          measure |      min |      max                          
       0.Info>>-----------------------------------------------------------------
       0.Info>>   sd:c:b:dspstore| 2.990e-08| 1.151e-06                         
       0.Info>>    sd:c:b:scatter| 2.281e-05| 2.264e-04                         
       0.Info>>        sd:c:block| 2.392e-03| 8.527e-03                         
       0.Info>>         sd:c:init| 1.724e-03| 3.827e-03                         
       0.Info>>       sd:c:reduce| 0.000e+00| 2.990e-08                         
       0.Info>>         sd:c:wait| 1.495e-08| 5.979e-08                         
       0.Info>>        sd:compute| 4.124e-03| 1.110e-02                         
       0.Info>>         sd:runner| 9.687e-02| 1.188e-01                         
       0.Info>>          sd:stage| 3.601e-04| 3.633e-04                         
       0.Info>> sd:worker:scatter| 2.256e-05| 1.058e-04                         
       0.Info>>    sd:worker:wait| 2.990e-08| 3.829e-03                         
       0.Info>>          sd:write| 7.474e-08| 7.175e-07                         
       0.Info>>           st:fill| 1.976e-05| 2.298e-05                         
       0.Info>>          st:first| 3.385e-04| 3.385e-04                         
       0.Info>>           st:load| 3.331e-04| 3.331e-04                         
       0.Info>>           st:wait| 1.345e-07| 3.391e-04                         
       0.Info>>-----------------------------------------------------------------
       0.Info>>Total runtime (s): 8.3622490000000003                            
       0.Info>>Successfully finished... Have a nice day!                        
