       0.Info>>This software is being developed by Benjamin Lindner.                    
       0.Info>>For help, suggestions or correspondense use:                             
       0.Info>>ben@benlabs.net, Benjamin Lindner (Main Developer, Impl. & Maintenance)  
       0.Info>>franc@cmm.ki.si, Franci Merzel (Methodology)                             
       0.Info>>For publications include the following references:                       
       0.Info>>.........................................................................
       0.Info>>1. Sassena - X-ray and Neutron Scattering Calculated                     
       0.Info>>  from Molecular Dynamics Trajectories using Massively Parallel Computers
       0.Info>>  published as a Computer Program in Physics Paper                       
       0.Info>>.........................................................................
       0.Info>>Version Information: 1.4.2                                       
       0.Info>>                                                                 
       0.Info>>.................................................................
       0.Info>>......................D.E.S.C.R.I.P.T.I.O.N......................
       0.Info>>.................................................................
       0.Info>>This binary computes the scattering intensities directly from    
       0.Info>>a molecular dynamics trajectory.                                 
       0.Info>>.................................................................
       0.Info>>.................................................................
       0.Info>>...................I.N.I.T.I.A.L.I.Z.A.T.I.O.N...................
       0.Info>>.................................................................
       0.Info>>No configuration file specified. Will use default                
       0.Info>>Looking for configuration file: scatter.xml                      
       0.Info>>Reading parameters from XML file: scatter.xml                    
       0.Info>>Added frames from /home/amajumda/study/continuum_simulations/gitlab/continuum-to-scattering/data/100_100_100_50_50_50/single_atom_shrink/iteration_005/t009/pdb_dcd/sample.dcd using format: dcd
       0.Info>>Options: first=0, last=0, lastset=0, stride=1                    
       0.Info>>stager.target=system                                             
       0.Info>>scattering.type=all                                              
       0.Info>>scattering.dsp.type=square                                       
       0.Info>>scattering.average.orientation.type=vectors                      
       0.Info>>scattering.average.orientation.vectors.type=sphere               
       0.Info>>scattering.average.orientation.vectors.algorithm=boost_uniform_on_sphere
       0.Info>>scattering.average.orientation.vectors.resolution=100            
       0.Info>>Generating orientations for orientational averaging using sphere,boost_uniform_on_sphere
       0.Info>>Initialized orientational averaging with 100 vectors.            
       0.Info>>scattering.signal.file=signal.h5                                 
       0.Info>>scattering.signal.filepath=/home/amajumda/study/continuum_simulations/gitlab/continuum-to-scattering/data/100_100_100_50_50_50/single_atom_shrink/iteration_005/t009/signal.h5
       0.Info>>scattering.signal.fqt=1                                          
       0.Info>>scattering.signal.fq0=1                                          
       0.Info>>scattering.signal.fq=1                                           
       0.Info>>scattering.signal.fq2=1                                          
       0.Info>>Analyzing command line for parameter overwrites                  
       0.Info>>Reading database from file: /home/amajumda/study/continuum_simulations/gitlab/continuum-to-scattering/data/100_100_100_50_50_50/single_atom_shrink/iteration_005/t009/database/db-neutron-coherent.xml
       0.Info>>Checking database...                                             
       0.Info>>Testing mapping between PDB names and atom labels                
       0.Info>>Testing database completeness for referenced atom labels         
       0.Info>>Check succeeded. Database seems OK.                              
       0.Info>>Initializing sample...                                           
       0.Info>>Reading structure from file: /home/amajumda/study/continuum_simulations/gitlab/continuum-to-scattering/data/100_100_100_50_50_50/single_atom_shrink/iteration_005/t009/pdb_dcd/sample.pdb
       0.Info>>Done. Atoms read: 125000                                         
       0.Info>>Reading frames from: /home/amajumda/study/continuum_simulations/gitlab/continuum-to-scattering/data/100_100_100_50_50_50/single_atom_shrink/iteration_005/t009/pdb_dcd/sample.dcd
       0.Info>>Found 1 frames                                                   
       0.Info>>Total number of coordinate sets found: 1                         
       0.Info>>Exchanging sample, database & params information with compute nodes... 
       0.Info>>params...                                                        
       0.Info>>database...                                                      
       0.Info>>sample...                                                        
       0.Info>>.................................................................
       0.Info>>......................C.O.M.P.U.T.A.T.I.O.N......................
       0.Info>>.................................................................
       0.Info>>Setting up services...                                           
       0.Info>>Initializing data file service...                                
       0.Info>>Initializing monitor service...                                  
       0.Info>>Starting data file service...                                    
       0.Info>>Starting monitor service...                                      
       0.Info>>Services setup and running...                                    
       0.Info>>Checking /home/amajumda/study/continuum_simulations/gitlab/continuum-to-scattering/data/100_100_100_50_50_50/single_atom_shrink/iteration_005/t009/signal.h5 for old results.
       0.Info>>Broadcasting service information                                 
       0.Info>>Server host name    : hzglap02                                   
       0.Info>>FileService Port    : 32903                                      
       0.Info>>MonitorService Port : 46431                                      
       0.Info>>Setting up parallel environment...                               
       0.Info>>Searching for decomposition plan:                                
       0.Info>>nodes    = 8                                                     
       0.Info>>qvectors = 100                                                   
       0.Info>>frames   = 1                                                     
       0.Info>>atoms   = 125000                                                 
       0.Info>>All interference scattering detected. Applying frame decomposition.
       0.Info>>Automatic decomposition. Searching for best utilization.         
       0.Info>>Final decomposition parameters:                                  
       0.Info>>NN                : 8                                            
       0.Info>>NQ                : 100                                          
       0.Info>>NAF               : 1                                            
       0.Info>>NP                : 8                                            
       0.Info>>NNpP              : 1                                            
       0.Info>>NAFcycles         : 1                                            
       0.Info>>NQcycles          : 13                                           
       0.Info>>CompEl (WASTE/USE): 4/100                                        
       0.Info>>utilization(1=best)    : 0.96153846153846156                     
       0.Info>>Initializing Scatter Device, Vectors (all)                       
       0.Info>>Starting scattering...                                           
       0.Info>>Checking memory requirements for scattering calculation...       
       0.Info>>required limits.computation.memory.result_buffer=16              
       0.Info>>required limits.computation.memory.signal_buffer=16              
       0.Info>>required limits.computation.memory.exchange_buffer=0             
       0.Info>>required limits.computation.memory.alignpad_buffer=32            
       0.Info>>Memory limits ok                                                 
       0.Info>>Staging data...                                                  
       0.Info>>Forcing stager.mode=frames                                       
       0.Info>>Staging first partition.                                         
       0.Info>>Staging remaining partitions.                                    
       0.Info>>background scattering length set to 0                            
       0.Info>>Target initialized.                                              
       0.Info>>Target 'system' produces a background scattering length density of 8.4855473872231304e-05
       0.Info>>Starting computation...                                          
       0.Info>>Orientational averaging includes 100 vectors                     
       0.Info>>Setting progress sampling factor for monitoring to 1             
       0.Info>>Progress: 1.500%, ETOTAL: 58.572533333333318 s, ETA: 57.693945333333318 s
       0.Info>>Progress: 3.125%, ETOTAL: 28.226047999999999 s, ETA: 27.343983999999999 s
       0.Info>>Progress: 5.385%, ETOTAL: 16.388536943907155 s, ETA: 15.505945943907156 s
       0.Info>>Progress: 10.135%, ETOTAL: 8.8260110996916765 s, ETA: 7.9314580996916764 s
       0.Info>>Progress: 22.664%, ETOTAL: 12.764006590065405 s, ETA: 9.8711385900654047 s
       0.Info>>Progress: 33.935%, ETOTAL: 8.8793795848976433 s, ETA: 5.8661535848976429 s
       0.Info>>Progress: 40.955%, ETOTAL: 7.6437973391767109 s, ETA: 4.5132703391767102 s
       0.Info>>Progress: 50.455%, ETOTAL: 9.7255128954389551 s, ETA: 4.8184928954389541 s
       0.Info>>Progress: 62.830%, ETOTAL: 7.863248319134831 s, ETA: 2.9227593191348289 s
       0.Info>>Progress: 72.080%, ETOTAL: 9.5553020943572431 s, ETA: 2.6678280943572412 s
       0.Info>>Progress: 82.330%, ETOTAL: 8.3905104371861263 s, ETA: 1.482592437186125 s
       0.Info>>Scattering finished...                                           
       0.Info>>.................................................................
       0.Info>>.....................R.U.N...A.N.A.L.Y.S.I.S.....................
       0.Info>>.................................................................
       0.Info>>Aggregating timing information for performance analysis...       
       0.Info>>                                                                 
       0.Info>>                    Performance Analysis                         
       0.Info>>-----------------------------------------------------------------
       0.Info>> mean and total runtimes:                                        
       0.Info>>-----------------------------------------------------------------
       0.Info>>          measure |    total |       count |     mean |   stddev 
       0.Info>>-----------------------------------------------------------------
       0.Info>>   sd:c:b:dspstore| 3.798e-02|        10000| 3.798e-06| 2.712e-06
       0.Info>>    sd:c:b:scatter| 4.422e+01|        10000| 4.422e-03| 8.256e-04
       0.Info>>        sd:c:block| 4.440e+01|          100| 4.440e-01| 3.877e-02
       0.Info>>         sd:c:init| 1.493e+01|          100| 1.493e-01| 3.372e-02
       0.Info>>       sd:c:reduce| 1.070e-04|          100| 1.070e-06| 4.602e-07
       0.Info>>         sd:c:wait| 1.650e-04|          100| 1.650e-06| 5.800e-07
       0.Info>>        sd:compute| 5.934e+01|          100| 5.934e-01| 5.644e-02
       0.Info>>         sd:runner| 5.934e+01|            8| 7.417e+00| 0.000e+00
       0.Info>>          sd:stage| 1.960e-01|            8| 2.450e-02| 0.000e+00
       0.Info>> sd:worker:scatter| 4.380e+01|        10000| 4.380e-03| 7.837e-04
       0.Info>>    sd:worker:wait| 1.544e+01|        10000| 1.544e-03| 1.526e-02
       0.Info>>          sd:write| 1.007e-03|          100| 1.007e-05| 7.126e-06
       0.Info>>           st:fill| 1.192e-02|            8| 1.490e-03| 0.000e+00
       0.Info>>          st:first| 2.287e-02|            1| 2.287e-02| 0.000e+00
       0.Info>>           st:load| 2.255e-02|            1| 2.255e-02| 0.000e+00
       0.Info>>           st:wait| 1.605e-01|            8| 2.006e-02| 0.000e+00
       0.Info>>-----------------------------------------------------------------
       0.Info>>-----------------------------------------------------------------
       0.Info>> watermarks:                                                     
       0.Info>>-----------------------------------------------------------------
       0.Info>>          measure |      min |      max                          
       0.Info>>-----------------------------------------------------------------
       0.Info>>   sd:c:b:dspstore| 2.000e-06| 1.770e-04                         
       0.Info>>    sd:c:b:scatter| 1.524e-03| 1.890e-02                         
       0.Info>>        sd:c:block| 1.580e-01| 5.174e-01                         
       0.Info>>         sd:c:init| 1.102e-01| 2.405e-01                         
       0.Info>>       sd:c:reduce| 0.000e+00| 2.000e-06                         
       0.Info>>         sd:c:wait| 1.000e-06| 4.000e-06                         
       0.Info>>        sd:compute| 2.777e-01| 7.017e-01                         
       0.Info>>         sd:runner| 6.448e+00| 8.017e+00                         
       0.Info>>          sd:stage| 2.436e-02| 2.456e-02                         
       0.Info>> sd:worker:scatter| 1.501e-03| 1.019e-02                         
       0.Info>>    sd:worker:wait| 2.000e-06| 2.406e-01                         
       0.Info>>          sd:write| 5.000e-06| 4.900e-05                         
       0.Info>>           st:fill| 1.341e-03| 1.548e-03                         
       0.Info>>          st:first| 2.287e-02| 2.287e-02                         
       0.Info>>           st:load| 2.255e-02| 2.255e-02                         
       0.Info>>           st:wait| 9.000e-06| 2.293e-02                         
       0.Info>>-----------------------------------------------------------------
       0.Info>>                                                                 
       0.Info>>         Performance Analysis (relative to total time * nodes)   
       0.Info>>-----------------------------------------------------------------
       0.Info>> mean and total runtimes:                                        
       0.Info>>-----------------------------------------------------------------
       0.Info>>          measure |    total |       count |     mean |   stddev 
       0.Info>>-----------------------------------------------------------------
       0.Info>>   sd:c:b:dspstore| 5.505e-04|        10000| 5.505e-08| 3.265e-07
       0.Info>>    sd:c:b:scatter| 6.409e-01|        10000| 6.409e-05| 9.940e-05
       0.Info>>        sd:c:block| 6.436e-01|          100| 6.436e-03| 4.668e-03
       0.Info>>         sd:c:init| 2.164e-01|          100| 2.164e-03| 4.060e-03
       0.Info>>       sd:c:reduce| 1.551e-06|          100| 1.551e-08| 5.541e-08
       0.Info>>         sd:c:wait| 2.392e-06|          100| 2.392e-08| 6.983e-08
       0.Info>>        sd:compute| 8.601e-01|          100| 8.601e-03| 6.795e-03
       0.Info>>         sd:runner| 8.602e-01|            8| 1.075e-01| 0.000e+00
       0.Info>>          sd:stage| 2.841e-03|            8| 3.552e-04| 0.000e+00
       0.Info>> sd:worker:scatter| 6.349e-01|        10000| 6.349e-05| 9.436e-05
       0.Info>>    sd:worker:wait| 2.239e-01|        10000| 2.239e-05| 1.837e-03
       0.Info>>          sd:write| 1.460e-05|          100| 1.460e-07| 8.580e-07
       0.Info>>           st:fill| 1.728e-04|            8| 2.160e-05| 0.000e+00
       0.Info>>          st:first| 3.316e-04|            1| 3.316e-04| 0.000e+00
       0.Info>>           st:load| 3.269e-04|            1| 3.269e-04| 0.000e+00
       0.Info>>           st:wait| 2.326e-03|            8| 2.907e-04| 0.000e+00
       0.Info>>-----------------------------------------------------------------
       0.Info>>-----------------------------------------------------------------
       0.Info>> watermarks:                                                     
       0.Info>>-----------------------------------------------------------------
       0.Info>>          measure |      min |      max                          
       0.Info>>-----------------------------------------------------------------
       0.Info>>   sd:c:b:dspstore| 2.899e-08| 2.566e-06                         
       0.Info>>    sd:c:b:scatter| 2.209e-05| 2.740e-04                         
       0.Info>>        sd:c:block| 2.290e-03| 7.500e-03                         
       0.Info>>         sd:c:init| 1.597e-03| 3.486e-03                         
       0.Info>>       sd:c:reduce| 0.000e+00| 2.899e-08                         
       0.Info>>         sd:c:wait| 1.450e-08| 5.798e-08                         
       0.Info>>        sd:compute| 4.026e-03| 1.017e-02                         
       0.Info>>         sd:runner| 9.347e-02| 1.162e-01                         
       0.Info>>          sd:stage| 3.530e-04| 3.560e-04                         
       0.Info>> sd:worker:scatter| 2.176e-05| 1.478e-04                         
       0.Info>>    sd:worker:wait| 2.899e-08| 3.488e-03                         
       0.Info>>          sd:write| 7.248e-08| 7.103e-07                         
       0.Info>>           st:fill| 1.944e-05| 2.244e-05                         
       0.Info>>          st:first| 3.316e-04| 3.316e-04                         
       0.Info>>           st:load| 3.269e-04| 3.269e-04                         
       0.Info>>           st:wait| 1.305e-07| 3.323e-04                         
       0.Info>>-----------------------------------------------------------------
       0.Info>>Total runtime (s): 8.6232710000000008                            
       0.Info>>Successfully finished... Have a nice day!                        
