       0.Info>>This software is being developed by Benjamin Lindner.                    
       0.Info>>For help, suggestions or correspondense use:                             
       0.Info>>ben@benlabs.net, Benjamin Lindner (Main Developer, Impl. & Maintenance)  
       0.Info>>franc@cmm.ki.si, Franci Merzel (Methodology)                             
       0.Info>>For publications include the following references:                       
       0.Info>>.........................................................................
       0.Info>>1. Sassena - X-ray and Neutron Scattering Calculated                     
       0.Info>>  from Molecular Dynamics Trajectories using Massively Parallel Computers
       0.Info>>  published as a Computer Program in Physics Paper                       
       0.Info>>.........................................................................
       0.Info>>Version Information: 1.4.2                                       
       0.Info>>                                                                 
       0.Info>>.................................................................
       0.Info>>......................D.E.S.C.R.I.P.T.I.O.N......................
       0.Info>>.................................................................
       0.Info>>This binary computes the scattering intensities directly from    
       0.Info>>a molecular dynamics trajectory.                                 
       0.Info>>.................................................................
       0.Info>>.................................................................
       0.Info>>...................I.N.I.T.I.A.L.I.Z.A.T.I.O.N...................
       0.Info>>.................................................................
       0.Info>>No configuration file specified. Will use default                
       0.Info>>Looking for configuration file: scatter.xml                      
       0.Info>>Reading parameters from XML file: scatter.xml                    
       0.Info>>Added frames from /home/amajumda/study/continuum_simulations/gitlab/continuum-to-scattering/data/100_100_100_50_50_50/single_atom_shrink/iteration_014/t001/pdb_dcd/sample.dcd using format: dcd
       0.Info>>Options: first=0, last=0, lastset=0, stride=1                    
       0.Info>>stager.target=system                                             
       0.Info>>scattering.type=all                                              
       0.Info>>scattering.dsp.type=square                                       
       0.Info>>scattering.average.orientation.type=vectors                      
       0.Info>>scattering.average.orientation.vectors.type=sphere               
       0.Info>>scattering.average.orientation.vectors.algorithm=boost_uniform_on_sphere
       0.Info>>scattering.average.orientation.vectors.resolution=100            
       0.Info>>Generating orientations for orientational averaging using sphere,boost_uniform_on_sphere
       0.Info>>Initialized orientational averaging with 100 vectors.            
       0.Info>>scattering.signal.file=signal.h5                                 
       0.Info>>scattering.signal.filepath=/home/amajumda/study/continuum_simulations/gitlab/continuum-to-scattering/data/100_100_100_50_50_50/single_atom_shrink/iteration_014/t001/signal.h5
       0.Info>>scattering.signal.fqt=1                                          
       0.Info>>scattering.signal.fq0=1                                          
       0.Info>>scattering.signal.fq=1                                           
       0.Info>>scattering.signal.fq2=1                                          
       0.Info>>Analyzing command line for parameter overwrites                  
       0.Info>>Reading database from file: /home/amajumda/study/continuum_simulations/gitlab/continuum-to-scattering/data/100_100_100_50_50_50/single_atom_shrink/iteration_014/t001/database/db-neutron-coherent.xml
       0.Info>>Checking database...                                             
       0.Info>>Testing mapping between PDB names and atom labels                
       0.Info>>Testing database completeness for referenced atom labels         
       0.Info>>Check succeeded. Database seems OK.                              
       0.Info>>Initializing sample...                                           
       0.Info>>Reading structure from file: /home/amajumda/study/continuum_simulations/gitlab/continuum-to-scattering/data/100_100_100_50_50_50/single_atom_shrink/iteration_014/t001/pdb_dcd/sample.pdb
       0.Info>>Done. Atoms read: 125000                                         
       0.Info>>Reading frames from: /home/amajumda/study/continuum_simulations/gitlab/continuum-to-scattering/data/100_100_100_50_50_50/single_atom_shrink/iteration_014/t001/pdb_dcd/sample.dcd
       0.Info>>Found 1 frames                                                   
       0.Info>>Total number of coordinate sets found: 1                         
       0.Info>>Exchanging sample, database & params information with compute nodes... 
       0.Info>>params...                                                        
       0.Info>>database...                                                      
       0.Info>>sample...                                                        
       0.Info>>.................................................................
       0.Info>>......................C.O.M.P.U.T.A.T.I.O.N......................
       0.Info>>.................................................................
       0.Info>>Setting up services...                                           
       0.Info>>Initializing data file service...                                
       0.Info>>Initializing monitor service...                                  
       0.Info>>Starting data file service...                                    
       0.Info>>Starting monitor service...                                      
       0.Info>>Services setup and running...                                    
       0.Info>>Checking /home/amajumda/study/continuum_simulations/gitlab/continuum-to-scattering/data/100_100_100_50_50_50/single_atom_shrink/iteration_014/t001/signal.h5 for old results.
       0.Info>>Broadcasting service information                                 
       0.Info>>Server host name    : hzglap02                                   
       0.Info>>FileService Port    : 44569                                      
       0.Info>>MonitorService Port : 43451                                      
       0.Info>>Setting up parallel environment...                               
       0.Info>>Searching for decomposition plan:                                
       0.Info>>nodes    = 8                                                     
       0.Info>>qvectors = 100                                                   
       0.Info>>frames   = 1                                                     
       0.Info>>atoms   = 125000                                                 
       0.Info>>All interference scattering detected. Applying frame decomposition.
       0.Info>>Automatic decomposition. Searching for best utilization.         
       0.Info>>Final decomposition parameters:                                  
       0.Info>>NN                : 8                                            
       0.Info>>NQ                : 100                                          
       0.Info>>NAF               : 1                                            
       0.Info>>NP                : 8                                            
       0.Info>>NNpP              : 1                                            
       0.Info>>NAFcycles         : 1                                            
       0.Info>>NQcycles          : 13                                           
       0.Info>>CompEl (WASTE/USE): 4/100                                        
       0.Info>>utilization(1=best)    : 0.96153846153846156                     
       0.Info>>Initializing Scatter Device, Vectors (all)                       
       0.Info>>Starting scattering...                                           
       0.Info>>Checking memory requirements for scattering calculation...       
       0.Info>>required limits.computation.memory.result_buffer=16              
       0.Info>>required limits.computation.memory.signal_buffer=16              
       0.Info>>required limits.computation.memory.exchange_buffer=0             
       0.Info>>required limits.computation.memory.alignpad_buffer=32            
       0.Info>>Memory limits ok                                                 
       0.Info>>Staging data...                                                  
       0.Info>>Forcing stager.mode=frames                                       
       0.Info>>Staging first partition.                                         
       0.Info>>Staging remaining partitions.                                    
       0.Info>>background scattering length set to 0                            
       0.Info>>Target initialized.                                              
       0.Info>>Target 'system' produces a background scattering length density of 0.0021164976069539482
       0.Info>>Starting computation...                                          
       0.Info>>Orientational averaging includes 100 vectors                     
       0.Info>>Setting progress sampling factor for monitoring to 1             
       0.Info>>Progress: 2.135%, ETOTAL: 73.791513513513507 s, ETA: 72.216348513513509 s
       0.Info>>Progress: 4.394%, ETOTAL: 35.928449890590805 s, ETA: 34.349670890590808 s
       0.Info>>Progress: 6.905%, ETOTAL: 23.094792526401299 s, ETA: 21.500178526401299 s
       0.Info>>Progress: 12.675%, ETOTAL: 12.683681679099758 s, ETA: 11.076065679099758 s
       0.Info>>Progress: 22.705%, ETOTAL: 15.729679954827777 s, ETA: 12.158235954827777 s
       0.Info>>Progress: 32.455%, ETOTAL: 11.088534228718151 s, ETA: 7.4897362287181508 s
       0.Info>>Progress: 42.330%, ETOTAL: 8.52902921178163 s, ETA: 4.9186802117816306 s
       0.Info>>Progress: 51.705%, ETOTAL: 10.797103099429703 s, ETA: 5.2144470994297043 s
       0.Info>>Progress: 60.330%, ETOTAL: 9.3131179514423827 s, ETA: 3.6945019514423834 s
       0.Info>>Progress: 73.080%, ETOTAL: 10.372973045041881 s, ETA: 2.7923910450418825 s
       0.Info>>Progress: 82.080%, ETOTAL: 9.2670664219610259 s, ETA: 1.6606464219610286 s
       0.Info>>Scattering finished...                                           
       0.Info>>.................................................................
       0.Info>>.....................R.U.N...A.N.A.L.Y.S.I.S.....................
       0.Info>>.................................................................
       0.Info>>Aggregating timing information for performance analysis...       
       0.Info>>                                                                 
       0.Info>>                    Performance Analysis                         
       0.Info>>-----------------------------------------------------------------
       0.Info>> mean and total runtimes:                                        
       0.Info>>-----------------------------------------------------------------
       0.Info>>          measure |    total |       count |     mean |   stddev 
       0.Info>>-----------------------------------------------------------------
       0.Info>>   sd:c:b:dspstore| 4.530e-02|        10000| 4.530e-06| 3.855e-06
       0.Info>>    sd:c:b:scatter| 4.724e+01|        10000| 4.724e-03| 9.320e-04
       0.Info>>        sd:c:block| 4.745e+01|          100| 4.745e-01| 4.628e-02
       0.Info>>         sd:c:init| 1.613e+01|          100| 1.613e-01| 3.054e-02
       0.Info>>       sd:c:reduce| 1.150e-04|          100| 1.150e-06| 6.080e-07
       0.Info>>         sd:c:wait| 1.790e-04|          100| 1.790e-06| 6.619e-07
       0.Info>>        sd:compute| 6.358e+01|          100| 6.358e-01| 5.799e-02
       0.Info>>         sd:runner| 6.358e+01|            8| 7.948e+00| 0.000e+00
       0.Info>>          sd:stage| 2.070e-01|            8| 2.587e-02| 0.000e+00
       0.Info>> sd:worker:scatter| 4.679e+01|        10000| 4.679e-03| 9.199e-04
       0.Info>>    sd:worker:wait| 1.667e+01|        10000| 1.667e-03| 1.635e-02
       0.Info>>          sd:write| 1.099e-03|          100| 1.099e-05| 8.918e-06
       0.Info>>           st:fill| 1.417e-02|            8| 1.771e-03| 0.000e+00
       0.Info>>          st:first| 2.396e-02|            1| 2.396e-02| 0.000e+00
       0.Info>>           st:load| 2.355e-02|            1| 2.355e-02| 0.000e+00
       0.Info>>           st:wait| 1.680e-01|            8| 2.100e-02| 0.000e+00
       0.Info>>-----------------------------------------------------------------
       0.Info>>-----------------------------------------------------------------
       0.Info>> watermarks:                                                     
       0.Info>>-----------------------------------------------------------------
       0.Info>>          measure |      min |      max                          
       0.Info>>-----------------------------------------------------------------
       0.Info>>   sd:c:b:dspstore| 2.000e-06| 2.340e-04                         
       0.Info>>    sd:c:b:scatter| 1.585e-03| 1.141e-02                         
       0.Info>>        sd:c:block| 1.717e-01| 6.105e-01                         
       0.Info>>         sd:c:init| 1.230e-01| 2.713e-01                         
       0.Info>>       sd:c:reduce| 0.000e+00| 3.000e-06                         
       0.Info>>         sd:c:wait| 1.000e-06| 5.000e-06                         
       0.Info>>        sd:compute| 2.948e-01| 8.060e-01                         
       0.Info>>         sd:runner| 6.770e+00| 8.548e+00                         
       0.Info>>          sd:stage| 2.570e-02| 2.599e-02                         
       0.Info>> sd:worker:scatter| 1.560e-03| 1.131e-02                         
       0.Info>>    sd:worker:wait| 1.000e-06| 2.715e-01                         
       0.Info>>          sd:write| 5.000e-06| 4.700e-05                         
       0.Info>>           st:fill| 1.607e-03| 1.880e-03                         
       0.Info>>          st:first| 2.396e-02| 2.396e-02                         
       0.Info>>           st:load| 2.355e-02| 2.355e-02                         
       0.Info>>           st:wait| 1.100e-05| 2.401e-02                         
       0.Info>>-----------------------------------------------------------------
       0.Info>>                                                                 
       0.Info>>         Performance Analysis (relative to total time * nodes)   
       0.Info>>-----------------------------------------------------------------
       0.Info>> mean and total runtimes:                                        
       0.Info>>-----------------------------------------------------------------
       0.Info>>          measure |    total |       count |     mean |   stddev 
       0.Info>>-----------------------------------------------------------------
       0.Info>>   sd:c:b:dspstore| 6.239e-04|        10000| 6.239e-08| 4.524e-07
       0.Info>>    sd:c:b:scatter| 6.506e-01|        10000| 6.506e-05| 1.094e-04
       0.Info>>        sd:c:block| 6.535e-01|          100| 6.535e-03| 5.431e-03
       0.Info>>         sd:c:init| 2.222e-01|          100| 2.222e-03| 3.585e-03
       0.Info>>       sd:c:reduce| 1.584e-06|          100| 1.584e-08| 7.135e-08
       0.Info>>         sd:c:wait| 2.465e-06|          100| 2.465e-08| 7.768e-08
       0.Info>>        sd:compute| 8.757e-01|          100| 8.757e-03| 6.805e-03
       0.Info>>         sd:runner| 8.757e-01|            8| 1.095e-01| 0.000e+00
       0.Info>>          sd:stage| 2.850e-03|            8| 3.563e-04| 0.000e+00
       0.Info>> sd:worker:scatter| 6.445e-01|        10000| 6.445e-05| 1.080e-04
       0.Info>>    sd:worker:wait| 2.297e-01|        10000| 2.297e-05| 1.919e-03
       0.Info>>          sd:write| 1.514e-05|          100| 1.514e-07| 1.047e-06
       0.Info>>           st:fill| 1.951e-04|            8| 2.439e-05| 0.000e+00
       0.Info>>          st:first| 3.300e-04|            1| 3.300e-04| 0.000e+00
       0.Info>>           st:load| 3.243e-04|            1| 3.243e-04| 0.000e+00
       0.Info>>           st:wait| 2.314e-03|            8| 2.893e-04| 0.000e+00
       0.Info>>-----------------------------------------------------------------
       0.Info>>-----------------------------------------------------------------
       0.Info>> watermarks:                                                     
       0.Info>>-----------------------------------------------------------------
       0.Info>>          measure |      min |      max                          
       0.Info>>-----------------------------------------------------------------
       0.Info>>   sd:c:b:dspstore| 2.755e-08| 3.223e-06                         
       0.Info>>    sd:c:b:scatter| 2.183e-05| 1.572e-04                         
       0.Info>>        sd:c:block| 2.365e-03| 8.408e-03                         
       0.Info>>         sd:c:init| 1.694e-03| 3.737e-03                         
       0.Info>>       sd:c:reduce| 0.000e+00| 4.132e-08                         
       0.Info>>         sd:c:wait| 1.377e-08| 6.887e-08                         
       0.Info>>        sd:compute| 4.061e-03| 1.110e-02                         
       0.Info>>         sd:runner| 9.325e-02| 1.177e-01                         
       0.Info>>          sd:stage| 3.540e-04| 3.579e-04                         
       0.Info>> sd:worker:scatter| 2.149e-05| 1.557e-04                         
       0.Info>>    sd:worker:wait| 1.377e-08| 3.739e-03                         
       0.Info>>          sd:write| 6.887e-08| 6.473e-07                         
       0.Info>>           st:fill| 2.213e-05| 2.589e-05                         
       0.Info>>          st:first| 3.300e-04| 3.300e-04                         
       0.Info>>           st:load| 3.243e-04| 3.243e-04                         
       0.Info>>           st:wait| 1.515e-07| 3.307e-04                         
       0.Info>>-----------------------------------------------------------------
       0.Info>>Total runtime (s): 9.0757250000000003                            
       0.Info>>Successfully finished... Have a nice day!                        
