       0.Info>>This software is being developed by Benjamin Lindner.                    
       0.Info>>For help, suggestions or correspondense use:                             
       0.Info>>ben@benlabs.net, Benjamin Lindner (Main Developer, Impl. & Maintenance)  
       0.Info>>franc@cmm.ki.si, Franci Merzel (Methodology)                             
       0.Info>>For publications include the following references:                       
       0.Info>>.........................................................................
       0.Info>>1. Sassena - X-ray and Neutron Scattering Calculated                     
       0.Info>>  from Molecular Dynamics Trajectories using Massively Parallel Computers
       0.Info>>  published as a Computer Program in Physics Paper                       
       0.Info>>.........................................................................
       0.Info>>Version Information: 1.4.2                                       
       0.Info>>                                                                 
       0.Info>>.................................................................
       0.Info>>......................D.E.S.C.R.I.P.T.I.O.N......................
       0.Info>>.................................................................
       0.Info>>This binary computes the scattering intensities directly from    
       0.Info>>a molecular dynamics trajectory.                                 
       0.Info>>.................................................................
       0.Info>>.................................................................
       0.Info>>...................I.N.I.T.I.A.L.I.Z.A.T.I.O.N...................
       0.Info>>.................................................................
       0.Info>>No configuration file specified. Will use default                
       0.Info>>Looking for configuration file: scatter.xml                      
       0.Info>>Reading parameters from XML file: scatter.xml                    
       0.Info>>Added frames from /home/amajumda/study/continuum_simulations/gitlab/continuum-to-scattering/data/100_100_100_10_10_10/single_atom_shrink/iteration_008/t002/pdb_dcd/sample.dcd using format: dcd
       0.Info>>Options: first=0, last=0, lastset=0, stride=1                    
       0.Info>>stager.target=system                                             
       0.Info>>scattering.type=all                                              
       0.Info>>scattering.dsp.type=square                                       
       0.Info>>scattering.average.orientation.type=vectors                      
       0.Info>>scattering.average.orientation.vectors.type=sphere               
       0.Info>>scattering.average.orientation.vectors.algorithm=boost_uniform_on_sphere
       0.Info>>scattering.average.orientation.vectors.resolution=100            
       0.Info>>Generating orientations for orientational averaging using sphere,boost_uniform_on_sphere
       0.Info>>Initialized orientational averaging with 100 vectors.            
       0.Info>>scattering.signal.file=signal.h5                                 
       0.Info>>scattering.signal.filepath=/home/amajumda/study/continuum_simulations/gitlab/continuum-to-scattering/data/100_100_100_10_10_10/single_atom_shrink/iteration_008/t002/signal.h5
       0.Info>>scattering.signal.fqt=1                                          
       0.Info>>scattering.signal.fq0=1                                          
       0.Info>>scattering.signal.fq=1                                           
       0.Info>>scattering.signal.fq2=1                                          
       0.Info>>Analyzing command line for parameter overwrites                  
       0.Info>>Reading database from file: /home/amajumda/study/continuum_simulations/gitlab/continuum-to-scattering/data/100_100_100_10_10_10/single_atom_shrink/iteration_008/t002/database/db-neutron-coherent.xml
       0.Info>>Checking database...                                             
       0.Info>>Testing mapping between PDB names and atom labels                
       0.Info>>Testing database completeness for referenced atom labels         
       0.Info>>Check succeeded. Database seems OK.                              
       0.Info>>Initializing sample...                                           
       0.Info>>Reading structure from file: /home/amajumda/study/continuum_simulations/gitlab/continuum-to-scattering/data/100_100_100_10_10_10/single_atom_shrink/iteration_008/t002/pdb_dcd/sample.pdb
       0.Info>>Done. Atoms read: 1000                                           
       0.Info>>Reading frames from: /home/amajumda/study/continuum_simulations/gitlab/continuum-to-scattering/data/100_100_100_10_10_10/single_atom_shrink/iteration_008/t002/pdb_dcd/sample.dcd
       0.Info>>Found 1 frames                                                   
       0.Info>>Total number of coordinate sets found: 1                         
       0.Info>>Exchanging sample, database & params information with compute nodes... 
       0.Info>>params...                                                        
       0.Info>>database...                                                      
       0.Info>>sample...                                                        
       0.Info>>.................................................................
       0.Info>>......................C.O.M.P.U.T.A.T.I.O.N......................
       0.Info>>.................................................................
       0.Info>>Setting up services...                                           
       0.Info>>Initializing data file service...                                
       0.Info>>Initializing monitor service...                                  
       0.Info>>Starting data file service...                                    
       0.Info>>Starting monitor service...                                      
       0.Info>>Services setup and running...                                    
       0.Info>>Checking /home/amajumda/study/continuum_simulations/gitlab/continuum-to-scattering/data/100_100_100_10_10_10/single_atom_shrink/iteration_008/t002/signal.h5 for old results.
       0.Info>>Broadcasting service information                                 
       0.Info>>Server host name    : hzglap02                                   
       0.Info>>FileService Port    : 41731                                      
       0.Info>>MonitorService Port : 36423                                      
       0.Info>>Setting up parallel environment...                               
       0.Info>>Searching for decomposition plan:                                
       0.Info>>nodes    = 8                                                     
       0.Info>>qvectors = 100                                                   
       0.Info>>frames   = 1                                                     
       0.Info>>atoms   = 1000                                                   
       0.Info>>All interference scattering detected. Applying frame decomposition.
       0.Info>>Automatic decomposition. Searching for best utilization.         
       0.Info>>Final decomposition parameters:                                  
       0.Info>>NN                : 8                                            
       0.Info>>NQ                : 100                                          
       0.Info>>NAF               : 1                                            
       0.Info>>NP                : 8                                            
       0.Info>>NNpP              : 1                                            
       0.Info>>NAFcycles         : 1                                            
       0.Info>>NQcycles          : 13                                           
       0.Info>>CompEl (WASTE/USE): 4/100                                        
       0.Info>>utilization(1=best)    : 0.96153846153846156                     
       0.Info>>Initializing Scatter Device, Vectors (all)                       
       0.Info>>Starting scattering...                                           
       0.Info>>Checking memory requirements for scattering calculation...       
       0.Info>>required limits.computation.memory.result_buffer=16              
       0.Info>>required limits.computation.memory.signal_buffer=16              
       0.Info>>required limits.computation.memory.exchange_buffer=0             
       0.Info>>required limits.computation.memory.alignpad_buffer=32            
       0.Info>>Memory limits ok                                                 
       0.Info>>Staging data...                                                  
       0.Info>>Forcing stager.mode=frames                                       
       0.Info>>Staging first partition.                                         
       0.Info>>Staging remaining partitions.                                    
       0.Info>>background scattering length set to 0                            
       0.Info>>Target initialized.                                              
       0.Info>>Target 'system' produces a background scattering length density of 0.14939343991559464
       0.Info>>Starting computation...                                          
       0.Info>>Orientational averaging includes 100 vectors                     
       0.Info>>Setting progress sampling factor for monitoring to 1             
       0.Info>>Scattering finished...                                           
       0.Info>>.................................................................
       0.Info>>.....................R.U.N...A.N.A.L.Y.S.I.S.....................
       0.Info>>.................................................................
       0.Info>>Aggregating timing information for performance analysis...       
       0.Info>>                                                                 
       0.Info>>                    Performance Analysis                         
       0.Info>>-----------------------------------------------------------------
       0.Info>> mean and total runtimes:                                        
       0.Info>>-----------------------------------------------------------------
       0.Info>>          measure |    total |       count |     mean |   stddev 
       0.Info>>-----------------------------------------------------------------
       0.Info>>   sd:c:b:dspstore| 2.732e-02|        10000| 2.732e-06| 1.808e-06
       0.Info>>    sd:c:b:scatter| 6.422e-01|        10000| 6.422e-05| 2.264e-05
       0.Info>>        sd:c:block| 7.761e-01|          100| 7.761e-03| 6.779e-04
       0.Info>>         sd:c:init| 1.504e-01|          100| 1.504e-03| 3.564e-04
       0.Info>>       sd:c:reduce| 1.080e-04|          100| 1.080e-06| 4.939e-07
       0.Info>>         sd:c:wait| 1.500e-04|          100| 1.500e-06| 5.882e-07
       0.Info>>        sd:compute| 9.287e-01|          100| 9.287e-03| 8.666e-04
       0.Info>>         sd:runner| 9.326e-01|            8| 1.166e-01| 0.000e+00
       0.Info>>          sd:stage| 3.851e-03|            8| 4.814e-04| 0.000e+00
       0.Info>> sd:worker:scatter| 4.474e-01|        10000| 4.474e-05| 7.420e-06
       0.Info>>    sd:worker:wait| 4.042e-01|        10000| 4.042e-05| 1.605e-04
       0.Info>>          sd:write| 7.800e-04|          100| 7.800e-06| 4.933e-06
       0.Info>>           st:fill| 6.490e-04|            8| 8.113e-05| 0.000e+00
       0.Info>>          st:first| 2.970e-04|            1| 2.970e-04| 0.000e+00
       0.Info>>           st:load| 2.730e-04|            1| 2.730e-04| 0.000e+00
       0.Info>>           st:wait| 2.210e-03|            8| 2.762e-04| 0.000e+00
       0.Info>>-----------------------------------------------------------------
       0.Info>>-----------------------------------------------------------------
       0.Info>> watermarks:                                                     
       0.Info>>-----------------------------------------------------------------
       0.Info>>          measure |      min |      max                          
       0.Info>>-----------------------------------------------------------------
       0.Info>>   sd:c:b:dspstore| 1.000e-06| 7.400e-05                         
       0.Info>>    sd:c:b:scatter| 2.600e-05| 1.755e-03                         
       0.Info>>        sd:c:block| 4.616e-03| 9.733e-03                         
       0.Info>>         sd:c:init| 9.400e-04| 2.288e-03                         
       0.Info>>       sd:c:reduce| 0.000e+00| 2.000e-06                         
       0.Info>>         sd:c:wait| 1.000e-06| 3.000e-06                         
       0.Info>>        sd:compute| 5.702e-03| 1.127e-02                         
       0.Info>>         sd:runner| 1.050e-01| 1.266e-01                         
       0.Info>>          sd:stage| 4.720e-04| 4.870e-04                         
       0.Info>> sd:worker:scatter| 1.200e-05| 1.710e-04                         
       0.Info>>    sd:worker:wait| 1.200e-05| 2.383e-03                         
       0.Info>>          sd:write| 4.000e-06| 2.600e-05                         
       0.Info>>           st:fill| 7.300e-05| 8.500e-05                         
       0.Info>>          st:first| 2.970e-04| 2.970e-04                         
       0.Info>>           st:load| 2.730e-04| 2.730e-04                         
       0.Info>>           st:wait| 4.000e-06| 3.180e-04                         
       0.Info>>-----------------------------------------------------------------
       0.Info>>                                                                 
       0.Info>>         Performance Analysis (relative to total time * nodes)   
       0.Info>>-----------------------------------------------------------------
       0.Info>> mean and total runtimes:                                        
       0.Info>>-----------------------------------------------------------------
       0.Info>>          measure |    total |       count |     mean |   stddev 
       0.Info>>-----------------------------------------------------------------
       0.Info>>   sd:c:b:dspstore| 2.015e-02|        10000| 2.015e-06| 1.553e-06
       0.Info>>    sd:c:b:scatter| 4.738e-01|        10000| 4.738e-05| 1.945e-05
       0.Info>>        sd:c:block| 5.726e-01|          100| 5.726e-03| 5.823e-04
       0.Info>>         sd:c:init| 1.109e-01|          100| 1.109e-03| 3.061e-04
       0.Info>>       sd:c:reduce| 7.968e-05|          100| 7.968e-07| 4.242e-07
       0.Info>>         sd:c:wait| 1.107e-04|          100| 1.107e-06| 5.053e-07
       0.Info>>        sd:compute| 6.852e-01|          100| 6.852e-03| 7.443e-04
       0.Info>>         sd:runner| 6.881e-01|            8| 8.601e-02| 0.000e+00
       0.Info>>          sd:stage| 2.841e-03|            8| 3.551e-04| 0.000e+00
       0.Info>> sd:worker:scatter| 3.301e-01|        10000| 3.301e-05| 6.373e-06
       0.Info>>    sd:worker:wait| 2.982e-01|        10000| 2.982e-05| 1.378e-04
       0.Info>>          sd:write| 5.755e-04|          100| 5.755e-06| 4.237e-06
       0.Info>>           st:fill| 4.788e-04|            8| 5.985e-05| 0.000e+00
       0.Info>>          st:first| 2.191e-04|            1| 2.191e-04| 0.000e+00
       0.Info>>           st:load| 2.014e-04|            1| 2.014e-04| 0.000e+00
       0.Info>>           st:wait| 1.630e-03|            8| 2.038e-04| 0.000e+00
       0.Info>>-----------------------------------------------------------------
       0.Info>>-----------------------------------------------------------------
       0.Info>> watermarks:                                                     
       0.Info>>-----------------------------------------------------------------
       0.Info>>          measure |      min |      max                          
       0.Info>>-----------------------------------------------------------------
       0.Info>>   sd:c:b:dspstore| 7.378e-07| 5.460e-05                         
       0.Info>>    sd:c:b:scatter| 1.918e-05| 1.295e-03                         
       0.Info>>        sd:c:block| 3.406e-03| 7.181e-03                         
       0.Info>>         sd:c:init| 6.935e-04| 1.688e-03                         
       0.Info>>       sd:c:reduce| 0.000e+00| 1.476e-06                         
       0.Info>>         sd:c:wait| 7.378e-07| 2.213e-06                         
       0.Info>>        sd:compute| 4.207e-03| 8.316e-03                         
       0.Info>>         sd:runner| 7.748e-02| 9.339e-02                         
       0.Info>>          sd:stage| 3.482e-04| 3.593e-04                         
       0.Info>> sd:worker:scatter| 8.853e-06| 1.262e-04                         
       0.Info>>    sd:worker:wait| 8.853e-06| 1.758e-03                         
       0.Info>>          sd:write| 2.951e-06| 1.918e-05                         
       0.Info>>           st:fill| 5.386e-05| 6.271e-05                         
       0.Info>>          st:first| 2.191e-04| 2.191e-04                         
       0.Info>>           st:load| 2.014e-04| 2.014e-04                         
       0.Info>>           st:wait| 2.951e-06| 2.346e-04                         
       0.Info>>-----------------------------------------------------------------
       0.Info>>Total runtime (s): 0.16942699999999999                           
       0.Info>>Successfully finished... Have a nice day!                        
