       0.Info>>This software is being developed by Benjamin Lindner.                    
       0.Info>>For help, suggestions or correspondense use:                             
       0.Info>>ben@benlabs.net, Benjamin Lindner (Main Developer, Impl. & Maintenance)  
       0.Info>>franc@cmm.ki.si, Franci Merzel (Methodology)                             
       0.Info>>For publications include the following references:                       
       0.Info>>.........................................................................
       0.Info>>1. Sassena - X-ray and Neutron Scattering Calculated                     
       0.Info>>  from Molecular Dynamics Trajectories using Massively Parallel Computers
       0.Info>>  published as a Computer Program in Physics Paper                       
       0.Info>>.........................................................................
       0.Info>>Version Information: 1.4.2                                       
       0.Info>>                                                                 
       0.Info>>.................................................................
       0.Info>>......................D.E.S.C.R.I.P.T.I.O.N......................
       0.Info>>.................................................................
       0.Info>>This binary computes the scattering intensities directly from    
       0.Info>>a molecular dynamics trajectory.                                 
       0.Info>>.................................................................
       0.Info>>.................................................................
       0.Info>>...................I.N.I.T.I.A.L.I.Z.A.T.I.O.N...................
       0.Info>>.................................................................
       0.Info>>No configuration file specified. Will use default                
       0.Info>>Looking for configuration file: scatter.xml                      
       0.Info>>Reading parameters from XML file: scatter.xml                    
       0.Info>>Added frames from /home/amajumda/study/continuum_simulations/gitlab/continuum-to-scattering/data/100_100_100_50_50_50/single_atom_shrink/iteration_014/t007/pdb_dcd/sample.dcd using format: dcd
       0.Info>>Options: first=0, last=0, lastset=0, stride=1                    
       0.Info>>stager.target=system                                             
       0.Info>>scattering.type=all                                              
       0.Info>>scattering.dsp.type=square                                       
       0.Info>>scattering.average.orientation.type=vectors                      
       0.Info>>scattering.average.orientation.vectors.type=sphere               
       0.Info>>scattering.average.orientation.vectors.algorithm=boost_uniform_on_sphere
       0.Info>>scattering.average.orientation.vectors.resolution=100            
       0.Info>>Generating orientations for orientational averaging using sphere,boost_uniform_on_sphere
       0.Info>>Initialized orientational averaging with 100 vectors.            
       0.Info>>scattering.signal.file=signal.h5                                 
       0.Info>>scattering.signal.filepath=/home/amajumda/study/continuum_simulations/gitlab/continuum-to-scattering/data/100_100_100_50_50_50/single_atom_shrink/iteration_014/t007/signal.h5
       0.Info>>scattering.signal.fqt=1                                          
       0.Info>>scattering.signal.fq0=1                                          
       0.Info>>scattering.signal.fq=1                                           
       0.Info>>scattering.signal.fq2=1                                          
       0.Info>>Analyzing command line for parameter overwrites                  
       0.Info>>Reading database from file: /home/amajumda/study/continuum_simulations/gitlab/continuum-to-scattering/data/100_100_100_50_50_50/single_atom_shrink/iteration_014/t007/database/db-neutron-coherent.xml
       0.Info>>Checking database...                                             
       0.Info>>Testing mapping between PDB names and atom labels                
       0.Info>>Testing database completeness for referenced atom labels         
       0.Info>>Check succeeded. Database seems OK.                              
       0.Info>>Initializing sample...                                           
       0.Info>>Reading structure from file: /home/amajumda/study/continuum_simulations/gitlab/continuum-to-scattering/data/100_100_100_50_50_50/single_atom_shrink/iteration_014/t007/pdb_dcd/sample.pdb
       0.Info>>Done. Atoms read: 125000                                         
       0.Info>>Reading frames from: /home/amajumda/study/continuum_simulations/gitlab/continuum-to-scattering/data/100_100_100_50_50_50/single_atom_shrink/iteration_014/t007/pdb_dcd/sample.dcd
       0.Info>>Found 1 frames                                                   
       0.Info>>Total number of coordinate sets found: 1                         
       0.Info>>Exchanging sample, database & params information with compute nodes... 
       0.Info>>params...                                                        
       0.Info>>database...                                                      
       0.Info>>sample...                                                        
       0.Info>>.................................................................
       0.Info>>......................C.O.M.P.U.T.A.T.I.O.N......................
       0.Info>>.................................................................
       0.Info>>Setting up services...                                           
       0.Info>>Initializing data file service...                                
       0.Info>>Initializing monitor service...                                  
       0.Info>>Starting data file service...                                    
       0.Info>>Starting monitor service...                                      
       0.Info>>Services setup and running...                                    
       0.Info>>Checking /home/amajumda/study/continuum_simulations/gitlab/continuum-to-scattering/data/100_100_100_50_50_50/single_atom_shrink/iteration_014/t007/signal.h5 for old results.
       0.Info>>Broadcasting service information                                 
       0.Info>>Server host name    : hzglap02                                   
       0.Info>>FileService Port    : 39213                                      
       0.Info>>MonitorService Port : 35547                                      
       0.Info>>Setting up parallel environment...                               
       0.Info>>Searching for decomposition plan:                                
       0.Info>>nodes    = 8                                                     
       0.Info>>qvectors = 100                                                   
       0.Info>>frames   = 1                                                     
       0.Info>>atoms   = 125000                                                 
       0.Info>>All interference scattering detected. Applying frame decomposition.
       0.Info>>Automatic decomposition. Searching for best utilization.         
       0.Info>>Final decomposition parameters:                                  
       0.Info>>NN                : 8                                            
       0.Info>>NQ                : 100                                          
       0.Info>>NAF               : 1                                            
       0.Info>>NP                : 8                                            
       0.Info>>NNpP              : 1                                            
       0.Info>>NAFcycles         : 1                                            
       0.Info>>NQcycles          : 13                                           
       0.Info>>CompEl (WASTE/USE): 4/100                                        
       0.Info>>utilization(1=best)    : 0.96153846153846156                     
       0.Info>>Initializing Scatter Device, Vectors (all)                       
       0.Info>>Starting scattering...                                           
       0.Info>>Checking memory requirements for scattering calculation...       
       0.Info>>required limits.computation.memory.result_buffer=16              
       0.Info>>required limits.computation.memory.signal_buffer=16              
       0.Info>>required limits.computation.memory.exchange_buffer=0             
       0.Info>>required limits.computation.memory.alignpad_buffer=32            
       0.Info>>Memory limits ok                                                 
       0.Info>>Staging data...                                                  
       0.Info>>Forcing stager.mode=frames                                       
       0.Info>>Staging first partition.                                         
       0.Info>>Staging remaining partitions.                                    
       0.Info>>background scattering length set to 0                            
       0.Info>>Target initialized.                                              
       0.Info>>Target 'system' produces a background scattering length density of 0.00017481748714522511
       0.Info>>Starting computation...                                          
       0.Info>>Orientational averaging includes 100 vectors                     
       0.Info>>Setting progress sampling factor for monitoring to 1             
       0.Info>>Progress: 1.760%, ETOTAL: 65.278636686390541 s, ETA: 64.129460686390544 s
       0.Info>>Progress: 4.271%, ETOTAL: 26.939402926829271 s, ETA: 25.788865926829271 s
       0.Info>>Progress: 6.146%, ETOTAL: 19.004046101694918 s, ETA: 17.836089101694917 s
       0.Info>>Progress: 11.146%, ETOTAL: 10.700653457943924 s, ETA: 9.5079764579439239 s
       0.Info>>Progress: 21.030%, ETOTAL: 14.998914394574413 s, ETA: 11.844575394574413 s
       0.Info>>Progress: 32.570%, ETOTAL: 9.8369492656284621 s, ETA: 6.6330832656284606 s
       0.Info>>Progress: 41.580%, ETOTAL: 12.380091698142298 s, ETA: 7.2324336981422972 s
       0.Info>>Progress: 51.955%, ETOTAL: 9.9617962245527512 s, ETA: 4.7861322245527491 s
       0.Info>>Progress: 60.955%, ETOTAL: 8.528929645598911 s, ETA: 3.3301096455989079 s
       0.Info>>Progress: 72.455%, ETOTAL: 9.9257018490666251 s, ETA: 2.7340218490666217 s
       0.Info>>Progress: 80.955%, ETOTAL: 8.9760391479927186 s, ETA: 1.7094751479927162 s
       0.Info>>Scattering finished...                                           
       0.Info>>.................................................................
       0.Info>>.....................R.U.N...A.N.A.L.Y.S.I.S.....................
       0.Info>>.................................................................
       0.Info>>Aggregating timing information for performance analysis...       
       0.Info>>                                                                 
       0.Info>>                    Performance Analysis                         
       0.Info>>-----------------------------------------------------------------
       0.Info>> mean and total runtimes:                                        
       0.Info>>-----------------------------------------------------------------
       0.Info>>          measure |    total |       count |     mean |   stddev 
       0.Info>>-----------------------------------------------------------------
       0.Info>>   sd:c:b:dspstore| 4.200e-02|        10000| 4.200e-06| 2.181e-06
       0.Info>>    sd:c:b:scatter| 5.014e+01|        10000| 5.014e-03| 1.023e-03
       0.Info>>        sd:c:block| 5.034e+01|          100| 5.034e-01| 5.410e-02
       0.Info>>         sd:c:init| 1.714e+01|          100| 1.714e-01| 4.106e-02
       0.Info>>       sd:c:reduce| 1.130e-04|          100| 1.130e-06| 9.093e-07
       0.Info>>         sd:c:wait| 1.860e-04|          100| 1.860e-06| 5.271e-07
       0.Info>>        sd:compute| 6.749e+01|          100| 6.749e-01| 7.724e-02
       0.Info>>         sd:runner| 6.749e+01|            8| 8.437e+00| 0.000e+00
       0.Info>>          sd:stage| 2.110e-01|            8| 2.638e-02| 0.000e+00
       0.Info>> sd:worker:scatter| 4.975e+01|        10000| 4.975e-03| 1.019e-03
       0.Info>>    sd:worker:wait| 1.763e+01|        10000| 1.763e-03| 1.760e-02
       0.Info>>          sd:write| 1.145e-03|          100| 1.145e-05| 9.231e-06
       0.Info>>           st:fill| 1.480e-02|            8| 1.850e-03| 0.000e+00
       0.Info>>          st:first| 2.438e-02|            1| 2.438e-02| 0.000e+00
       0.Info>>           st:load| 2.402e-02|            1| 2.402e-02| 0.000e+00
       0.Info>>           st:wait| 1.710e-01|            8| 2.137e-02| 0.000e+00
       0.Info>>-----------------------------------------------------------------
       0.Info>>-----------------------------------------------------------------
       0.Info>> watermarks:                                                     
       0.Info>>-----------------------------------------------------------------
       0.Info>>          measure |      min |      max                          
       0.Info>>-----------------------------------------------------------------
       0.Info>>   sd:c:b:dspstore| 2.000e-06| 7.800e-05                         
       0.Info>>    sd:c:b:scatter| 1.581e-03| 1.394e-02                         
       0.Info>>        sd:c:block| 2.006e-01| 6.540e-01                         
       0.Info>>         sd:c:init| 1.193e-01| 2.721e-01                         
       0.Info>>       sd:c:reduce| 0.000e+00| 8.000e-06                         
       0.Info>>         sd:c:wait| 1.000e-06| 4.000e-06                         
       0.Info>>        sd:compute| 3.199e-01| 8.911e-01                         
       0.Info>>         sd:runner| 7.309e+00| 8.940e+00                         
       0.Info>>          sd:stage| 2.619e-02| 2.647e-02                         
       0.Info>> sd:worker:scatter| 1.555e-03| 1.391e-02                         
       0.Info>>    sd:worker:wait| 1.900e-05| 2.722e-01                         
       0.Info>>          sd:write| 5.000e-06| 5.300e-05                         
       0.Info>>           st:fill| 1.661e-03| 1.949e-03                         
       0.Info>>          st:first| 2.438e-02| 2.438e-02                         
       0.Info>>           st:load| 2.402e-02| 2.402e-02                         
       0.Info>>           st:wait| 1.100e-05| 2.443e-02                         
       0.Info>>-----------------------------------------------------------------
       0.Info>>                                                                 
       0.Info>>         Performance Analysis (relative to total time * nodes)   
       0.Info>>-----------------------------------------------------------------
       0.Info>> mean and total runtimes:                                        
       0.Info>>-----------------------------------------------------------------
       0.Info>>          measure |    total |       count |     mean |   stddev 
       0.Info>>-----------------------------------------------------------------
       0.Info>>   sd:c:b:dspstore| 5.565e-04|        10000| 5.565e-08| 2.510e-07
       0.Info>>    sd:c:b:scatter| 6.643e-01|        10000| 6.643e-05| 1.177e-04
       0.Info>>        sd:c:block| 6.670e-01|          100| 6.670e-03| 6.228e-03
       0.Info>>         sd:c:init| 2.272e-01|          100| 2.272e-03| 4.727e-03
       0.Info>>       sd:c:reduce| 1.497e-06|          100| 1.497e-08| 1.047e-07
       0.Info>>         sd:c:wait| 2.464e-06|          100| 2.464e-08| 6.067e-08
       0.Info>>        sd:compute| 8.942e-01|          100| 8.942e-03| 8.891e-03
       0.Info>>         sd:runner| 8.943e-01|            8| 1.118e-01| 0.000e+00
       0.Info>>          sd:stage| 2.796e-03|            8| 3.495e-04| 0.000e+00
       0.Info>> sd:worker:scatter| 6.592e-01|        10000| 6.592e-05| 1.173e-04
       0.Info>>    sd:worker:wait| 2.336e-01|        10000| 2.336e-05| 2.026e-03
       0.Info>>          sd:write| 1.517e-05|          100| 1.517e-07| 1.063e-06
       0.Info>>           st:fill| 1.961e-04|            8| 2.451e-05| 0.000e+00
       0.Info>>          st:first| 3.230e-04|            1| 3.230e-04| 0.000e+00
       0.Info>>           st:load| 3.183e-04|            1| 3.183e-04| 0.000e+00
       0.Info>>           st:wait| 2.266e-03|            8| 2.832e-04| 0.000e+00
       0.Info>>-----------------------------------------------------------------
       0.Info>>-----------------------------------------------------------------
       0.Info>> watermarks:                                                     
       0.Info>>-----------------------------------------------------------------
       0.Info>>          measure |      min |      max                          
       0.Info>>-----------------------------------------------------------------
       0.Info>>   sd:c:b:dspstore| 2.650e-08| 1.033e-06                         
       0.Info>>    sd:c:b:scatter| 2.095e-05| 1.848e-04                         
       0.Info>>        sd:c:block| 2.658e-03| 8.665e-03                         
       0.Info>>         sd:c:init| 1.580e-03| 3.606e-03                         
       0.Info>>       sd:c:reduce| 0.000e+00| 1.060e-07                         
       0.Info>>         sd:c:wait| 1.325e-08| 5.300e-08                         
       0.Info>>        sd:compute| 4.239e-03| 1.181e-02                         
       0.Info>>         sd:runner| 9.685e-02| 1.185e-01                         
       0.Info>>          sd:stage| 3.470e-04| 3.508e-04                         
       0.Info>> sd:worker:scatter| 2.060e-05| 1.843e-04                         
       0.Info>>    sd:worker:wait| 2.517e-07| 3.607e-03                         
       0.Info>>          sd:write| 6.625e-08| 7.022e-07                         
       0.Info>>           st:fill| 2.201e-05| 2.582e-05                         
       0.Info>>          st:first| 3.230e-04| 3.230e-04                         
       0.Info>>           st:load| 3.183e-04| 3.183e-04                         
       0.Info>>           st:wait| 1.457e-07| 3.237e-04                         
       0.Info>>-----------------------------------------------------------------
       0.Info>>Total runtime (s): 9.4342520000000007                            
       0.Info>>Successfully finished... Have a nice day!                        
