       0.Info>>This software is being developed by Benjamin Lindner.                    
       0.Info>>For help, suggestions or correspondense use:                             
       0.Info>>ben@benlabs.net, Benjamin Lindner (Main Developer, Impl. & Maintenance)  
       0.Info>>franc@cmm.ki.si, Franci Merzel (Methodology)                             
       0.Info>>For publications include the following references:                       
       0.Info>>.........................................................................
       0.Info>>1. Sassena - X-ray and Neutron Scattering Calculated                     
       0.Info>>  from Molecular Dynamics Trajectories using Massively Parallel Computers
       0.Info>>  published as a Computer Program in Physics Paper                       
       0.Info>>.........................................................................
       0.Info>>Version Information: 1.4.2                                       
       0.Info>>                                                                 
       0.Info>>.................................................................
       0.Info>>......................D.E.S.C.R.I.P.T.I.O.N......................
       0.Info>>.................................................................
       0.Info>>This binary computes the scattering intensities directly from    
       0.Info>>a molecular dynamics trajectory.                                 
       0.Info>>.................................................................
       0.Info>>.................................................................
       0.Info>>...................I.N.I.T.I.A.L.I.Z.A.T.I.O.N...................
       0.Info>>.................................................................
       0.Info>>No configuration file specified. Will use default                
       0.Info>>Looking for configuration file: scatter.xml                      
       0.Info>>Reading parameters from XML file: scatter.xml                    
       0.Info>>Added frames from /home/amajumda/study/continuum_simulations/gitlab/continuum-to-scattering/data/100_100_100_10_10_10/single_atom_shrink/iteration_001/t004/pdb_dcd/sample.dcd using format: dcd
       0.Info>>Options: first=0, last=0, lastset=0, stride=1                    
       0.Info>>stager.target=system                                             
       0.Info>>scattering.type=all                                              
       0.Info>>scattering.dsp.type=square                                       
       0.Info>>scattering.average.orientation.type=vectors                      
       0.Info>>scattering.average.orientation.vectors.type=sphere               
       0.Info>>scattering.average.orientation.vectors.algorithm=boost_uniform_on_sphere
       0.Info>>scattering.average.orientation.vectors.resolution=100            
       0.Info>>Generating orientations for orientational averaging using sphere,boost_uniform_on_sphere
       0.Info>>Initialized orientational averaging with 100 vectors.            
       0.Info>>scattering.signal.file=signal.h5                                 
       0.Info>>scattering.signal.filepath=/home/amajumda/study/continuum_simulations/gitlab/continuum-to-scattering/data/100_100_100_10_10_10/single_atom_shrink/iteration_001/t004/signal.h5
       0.Info>>scattering.signal.fqt=1                                          
       0.Info>>scattering.signal.fq0=1                                          
       0.Info>>scattering.signal.fq=1                                           
       0.Info>>scattering.signal.fq2=1                                          
       0.Info>>Analyzing command line for parameter overwrites                  
       0.Info>>Reading database from file: /home/amajumda/study/continuum_simulations/gitlab/continuum-to-scattering/data/100_100_100_10_10_10/single_atom_shrink/iteration_001/t004/database/db-neutron-coherent.xml
       0.Info>>Checking database...                                             
       0.Info>>Testing mapping between PDB names and atom labels                
       0.Info>>Testing database completeness for referenced atom labels         
       0.Info>>Check succeeded. Database seems OK.                              
       0.Info>>Initializing sample...                                           
       0.Info>>Reading structure from file: /home/amajumda/study/continuum_simulations/gitlab/continuum-to-scattering/data/100_100_100_10_10_10/single_atom_shrink/iteration_001/t004/pdb_dcd/sample.pdb
       0.Info>>Done. Atoms read: 1000                                           
       0.Info>>Reading frames from: /home/amajumda/study/continuum_simulations/gitlab/continuum-to-scattering/data/100_100_100_10_10_10/single_atom_shrink/iteration_001/t004/pdb_dcd/sample.dcd
       0.Info>>Found 1 frames                                                   
       0.Info>>Total number of coordinate sets found: 1                         
       0.Info>>Exchanging sample, database & params information with compute nodes... 
       0.Info>>params...                                                        
       0.Info>>database...                                                      
       0.Info>>sample...                                                        
       0.Info>>.................................................................
       0.Info>>......................C.O.M.P.U.T.A.T.I.O.N......................
       0.Info>>.................................................................
       0.Info>>Setting up services...                                           
       0.Info>>Initializing data file service...                                
       0.Info>>Initializing monitor service...                                  
       0.Info>>Starting data file service...                                    
       0.Info>>Starting monitor service...                                      
       0.Info>>Services setup and running...                                    
       0.Info>>Checking /home/amajumda/study/continuum_simulations/gitlab/continuum-to-scattering/data/100_100_100_10_10_10/single_atom_shrink/iteration_001/t004/signal.h5 for old results.
       0.Info>>Broadcasting service information                                 
       0.Info>>Server host name    : hzglap02                                   
       0.Info>>FileService Port    : 42285                                      
       0.Info>>MonitorService Port : 40747                                      
       0.Info>>Setting up parallel environment...                               
       0.Info>>Searching for decomposition plan:                                
       0.Info>>nodes    = 8                                                     
       0.Info>>qvectors = 100                                                   
       0.Info>>frames   = 1                                                     
       0.Info>>atoms   = 1000                                                   
       0.Info>>All interference scattering detected. Applying frame decomposition.
       0.Info>>Automatic decomposition. Searching for best utilization.         
       0.Info>>Final decomposition parameters:                                  
       0.Info>>NN                : 8                                            
       0.Info>>NQ                : 100                                          
       0.Info>>NAF               : 1                                            
       0.Info>>NP                : 8                                            
       0.Info>>NNpP              : 1                                            
       0.Info>>NAFcycles         : 1                                            
       0.Info>>NQcycles          : 13                                           
       0.Info>>CompEl (WASTE/USE): 4/100                                        
       0.Info>>utilization(1=best)    : 0.96153846153846156                     
       0.Info>>Initializing Scatter Device, Vectors (all)                       
       0.Info>>Starting scattering...                                           
       0.Info>>Checking memory requirements for scattering calculation...       
       0.Info>>required limits.computation.memory.result_buffer=16              
       0.Info>>required limits.computation.memory.signal_buffer=16              
       0.Info>>required limits.computation.memory.exchange_buffer=0             
       0.Info>>required limits.computation.memory.alignpad_buffer=32            
       0.Info>>Memory limits ok                                                 
       0.Info>>Staging data...                                                  
       0.Info>>Forcing stager.mode=frames                                       
       0.Info>>Staging first partition.                                         
       0.Info>>Staging remaining partitions.                                    
       0.Info>>background scattering length set to 0                            
       0.Info>>Target initialized.                                              
       0.Info>>Target 'system' produces a background scattering length density of 0.14939343991559464
       0.Info>>Starting computation...                                          
       0.Info>>Orientational averaging includes 100 vectors                     
       0.Info>>Setting progress sampling factor for monitoring to 1             
       0.Info>>Scattering finished...                                           
       0.Info>>.................................................................
       0.Info>>.....................R.U.N...A.N.A.L.Y.S.I.S.....................
       0.Info>>.................................................................
       0.Info>>Aggregating timing information for performance analysis...       
       0.Info>>                                                                 
       0.Info>>                    Performance Analysis                         
       0.Info>>-----------------------------------------------------------------
       0.Info>> mean and total runtimes:                                        
       0.Info>>-----------------------------------------------------------------
       0.Info>>          measure |    total |       count |     mean |   stddev 
       0.Info>>-----------------------------------------------------------------
       0.Info>>   sd:c:b:dspstore| 2.693e-02|        10000| 2.693e-06| 1.610e-06
       0.Info>>    sd:c:b:scatter| 6.160e-01|        10000| 6.160e-05| 1.803e-05
       0.Info>>        sd:c:block| 7.476e-01|          100| 7.476e-03| 6.376e-04
       0.Info>>         sd:c:init| 1.469e-01|          100| 1.469e-03| 3.558e-04
       0.Info>>       sd:c:reduce| 9.800e-05|          100| 9.800e-07| 4.986e-07
       0.Info>>         sd:c:wait| 1.420e-04|          100| 1.420e-06| 7.431e-07
       0.Info>>        sd:compute| 8.968e-01|          100| 8.968e-03| 8.268e-04
       0.Info>>         sd:runner| 9.022e-01|            8| 1.128e-01| 0.000e+00
       0.Info>>          sd:stage| 3.982e-03|            8| 4.977e-04| 0.000e+00
       0.Info>> sd:worker:scatter| 4.270e-01|        10000| 4.270e-05| 7.097e-06
       0.Info>>    sd:worker:wait| 3.967e-01|        10000| 3.967e-05| 1.577e-04
       0.Info>>          sd:write| 8.670e-04|          100| 8.670e-06| 7.068e-06
       0.Info>>           st:fill| 7.590e-04|            8| 9.488e-05| 0.000e+00
       0.Info>>          st:first| 3.030e-04|            1| 3.030e-04| 0.000e+00
       0.Info>>           st:load| 2.760e-04|            1| 2.760e-04| 0.000e+00
       0.Info>>           st:wait| 2.307e-03|            8| 2.884e-04| 0.000e+00
       0.Info>>-----------------------------------------------------------------
       0.Info>>-----------------------------------------------------------------
       0.Info>> watermarks:                                                     
       0.Info>>-----------------------------------------------------------------
       0.Info>>          measure |      min |      max                          
       0.Info>>-----------------------------------------------------------------
       0.Info>>   sd:c:b:dspstore| 1.000e-06| 6.400e-05                         
       0.Info>>    sd:c:b:scatter| 2.300e-05| 9.520e-04                         
       0.Info>>        sd:c:block| 5.153e-03| 9.190e-03                         
       0.Info>>         sd:c:init| 9.340e-04| 2.509e-03                         
       0.Info>>       sd:c:reduce| 0.000e+00| 3.000e-06                         
       0.Info>>         sd:c:wait| 0.000e+00| 5.000e-06                         
       0.Info>>        sd:compute| 6.144e-03| 1.153e-02                         
       0.Info>>         sd:runner| 1.005e-01| 1.193e-01                         
       0.Info>>          sd:stage| 4.900e-04| 5.030e-04                         
       0.Info>> sd:worker:scatter| 1.200e-05| 3.320e-04                         
       0.Info>>    sd:worker:wait| 1.200e-05| 3.069e-03                         
       0.Info>>          sd:write| 4.000e-06| 4.200e-05                         
       0.Info>>           st:fill| 8.300e-05| 1.010e-04                         
       0.Info>>          st:first| 3.030e-04| 3.030e-04                         
       0.Info>>           st:load| 2.760e-04| 2.760e-04                         
       0.Info>>           st:wait| 5.000e-06| 3.310e-04                         
       0.Info>>-----------------------------------------------------------------
       0.Info>>                                                                 
       0.Info>>         Performance Analysis (relative to total time * nodes)   
       0.Info>>-----------------------------------------------------------------
       0.Info>> mean and total runtimes:                                        
       0.Info>>-----------------------------------------------------------------
       0.Info>>          measure |    total |       count |     mean |   stddev 
       0.Info>>-----------------------------------------------------------------
       0.Info>>   sd:c:b:dspstore| 1.987e-02|        10000| 1.987e-06| 1.383e-06
       0.Info>>    sd:c:b:scatter| 4.543e-01|        10000| 4.543e-05| 1.548e-05
       0.Info>>        sd:c:block| 5.514e-01|          100| 5.514e-03| 5.475e-04
       0.Info>>         sd:c:init| 1.083e-01|          100| 1.083e-03| 3.056e-04
       0.Info>>       sd:c:reduce| 7.228e-05|          100| 7.228e-07| 4.282e-07
       0.Info>>         sd:c:wait| 1.047e-04|          100| 1.047e-06| 6.382e-07
       0.Info>>        sd:compute| 6.614e-01|          100| 6.614e-03| 7.101e-04
       0.Info>>         sd:runner| 6.655e-01|            8| 8.318e-02| 0.000e+00
       0.Info>>          sd:stage| 2.937e-03|            8| 3.671e-04| 0.000e+00
       0.Info>> sd:worker:scatter| 3.149e-01|        10000| 3.149e-05| 6.095e-06
       0.Info>>    sd:worker:wait| 2.926e-01|        10000| 2.926e-05| 1.355e-04
       0.Info>>          sd:write| 6.395e-04|          100| 6.395e-06| 6.070e-06
       0.Info>>           st:fill| 5.598e-04|            8| 6.998e-05| 0.000e+00
       0.Info>>          st:first| 2.235e-04|            1| 2.235e-04| 0.000e+00
       0.Info>>           st:load| 2.036e-04|            1| 2.036e-04| 0.000e+00
       0.Info>>           st:wait| 1.702e-03|            8| 2.127e-04| 0.000e+00
       0.Info>>-----------------------------------------------------------------
       0.Info>>-----------------------------------------------------------------
       0.Info>> watermarks:                                                     
       0.Info>>-----------------------------------------------------------------
       0.Info>>          measure |      min |      max                          
       0.Info>>-----------------------------------------------------------------
       0.Info>>   sd:c:b:dspstore| 7.376e-07| 4.720e-05                         
       0.Info>>    sd:c:b:scatter| 1.696e-05| 7.022e-04                         
       0.Info>>        sd:c:block| 3.801e-03| 6.778e-03                         
       0.Info>>         sd:c:init| 6.889e-04| 1.851e-03                         
       0.Info>>       sd:c:reduce| 0.000e+00| 2.213e-06                         
       0.Info>>         sd:c:wait| 0.000e+00| 3.688e-06                         
       0.Info>>        sd:compute| 4.532e-03| 8.503e-03                         
       0.Info>>         sd:runner| 7.413e-02| 8.800e-02                         
       0.Info>>          sd:stage| 3.614e-04| 3.710e-04                         
       0.Info>> sd:worker:scatter| 8.851e-06| 2.449e-04                         
       0.Info>>    sd:worker:wait| 8.851e-06| 2.264e-03                         
       0.Info>>          sd:write| 2.950e-06| 3.098e-05                         
       0.Info>>           st:fill| 6.122e-05| 7.449e-05                         
       0.Info>>          st:first| 2.235e-04| 2.235e-04                         
       0.Info>>           st:load| 2.036e-04| 2.036e-04                         
       0.Info>>           st:wait| 3.688e-06| 2.441e-04                         
       0.Info>>-----------------------------------------------------------------
       0.Info>>Total runtime (s): 0.16947899999999999                           
       0.Info>>Successfully finished... Have a nice day!                        
