       0.Info>>This software is being developed by Benjamin Lindner.                    
       0.Info>>For help, suggestions or correspondense use:                             
       0.Info>>ben@benlabs.net, Benjamin Lindner (Main Developer, Impl. & Maintenance)  
       0.Info>>franc@cmm.ki.si, Franci Merzel (Methodology)                             
       0.Info>>For publications include the following references:                       
       0.Info>>.........................................................................
       0.Info>>1. Sassena - X-ray and Neutron Scattering Calculated                     
       0.Info>>  from Molecular Dynamics Trajectories using Massively Parallel Computers
       0.Info>>  published as a Computer Program in Physics Paper                       
       0.Info>>.........................................................................
       0.Info>>Version Information: 1.4.2                                       
       0.Info>>                                                                 
       0.Info>>.................................................................
       0.Info>>......................D.E.S.C.R.I.P.T.I.O.N......................
       0.Info>>.................................................................
       0.Info>>This binary computes the scattering intensities directly from    
       0.Info>>a molecular dynamics trajectory.                                 
       0.Info>>.................................................................
       0.Info>>.................................................................
       0.Info>>...................I.N.I.T.I.A.L.I.Z.A.T.I.O.N...................
       0.Info>>.................................................................
       0.Info>>No configuration file specified. Will use default                
       0.Info>>Looking for configuration file: scatter.xml                      
       0.Info>>Reading parameters from XML file: scatter.xml                    
       0.Info>>Added frames from /home/amajumda/study/continuum_simulations/gitlab/continuum-to-scattering/data/100_100_100_50_50_50/single_atom_shrink/iteration_000/t005/pdb_dcd/sample.dcd using format: dcd
       0.Info>>Options: first=0, last=0, lastset=0, stride=1                    
       0.Info>>stager.target=system                                             
       0.Info>>scattering.type=all                                              
       0.Info>>scattering.dsp.type=square                                       
       0.Info>>scattering.average.orientation.type=vectors                      
       0.Info>>scattering.average.orientation.vectors.type=sphere               
       0.Info>>scattering.average.orientation.vectors.algorithm=boost_uniform_on_sphere
       0.Info>>scattering.average.orientation.vectors.resolution=100            
       0.Info>>Generating orientations for orientational averaging using sphere,boost_uniform_on_sphere
       0.Info>>Initialized orientational averaging with 100 vectors.            
       0.Info>>scattering.signal.file=signal.h5                                 
       0.Info>>scattering.signal.filepath=/home/amajumda/study/continuum_simulations/gitlab/continuum-to-scattering/data/100_100_100_50_50_50/single_atom_shrink/iteration_000/t005/signal.h5
       0.Info>>scattering.signal.fqt=1                                          
       0.Info>>scattering.signal.fq0=1                                          
       0.Info>>scattering.signal.fq=1                                           
       0.Info>>scattering.signal.fq2=1                                          
       0.Info>>Analyzing command line for parameter overwrites                  
       0.Info>>Reading database from file: /home/amajumda/study/continuum_simulations/gitlab/continuum-to-scattering/data/100_100_100_50_50_50/single_atom_shrink/iteration_000/t005/database/db-neutron-coherent.xml
       0.Info>>Checking database...                                             
       0.Info>>Testing mapping between PDB names and atom labels                
       0.Info>>Testing database completeness for referenced atom labels         
       0.Info>>Check succeeded. Database seems OK.                              
       0.Info>>Initializing sample...                                           
       0.Info>>Reading structure from file: /home/amajumda/study/continuum_simulations/gitlab/continuum-to-scattering/data/100_100_100_50_50_50/single_atom_shrink/iteration_000/t005/pdb_dcd/sample.pdb
       0.Info>>Done. Atoms read: 125000                                         
       0.Info>>Reading frames from: /home/amajumda/study/continuum_simulations/gitlab/continuum-to-scattering/data/100_100_100_50_50_50/single_atom_shrink/iteration_000/t005/pdb_dcd/sample.dcd
       0.Info>>Found 1 frames                                                   
       0.Info>>Total number of coordinate sets found: 1                         
       0.Info>>Exchanging sample, database & params information with compute nodes... 
       0.Info>>params...                                                        
       0.Info>>database...                                                      
       0.Info>>sample...                                                        
       0.Info>>.................................................................
       0.Info>>......................C.O.M.P.U.T.A.T.I.O.N......................
       0.Info>>.................................................................
       0.Info>>Setting up services...                                           
       0.Info>>Initializing data file service...                                
       0.Info>>Initializing monitor service...                                  
       0.Info>>Starting data file service...                                    
       0.Info>>Starting monitor service...                                      
       0.Info>>Services setup and running...                                    
       0.Info>>Checking /home/amajumda/study/continuum_simulations/gitlab/continuum-to-scattering/data/100_100_100_50_50_50/single_atom_shrink/iteration_000/t005/signal.h5 for old results.
       0.Info>>Broadcasting service information                                 
       0.Info>>Server host name    : hzglap02                                   
       0.Info>>FileService Port    : 35849                                      
       0.Info>>MonitorService Port : 46167                                      
       0.Info>>Setting up parallel environment...                               
       0.Info>>Searching for decomposition plan:                                
       0.Info>>nodes    = 8                                                     
       0.Info>>qvectors = 100                                                   
       0.Info>>frames   = 1                                                     
       0.Info>>atoms   = 125000                                                 
       0.Info>>All interference scattering detected. Applying frame decomposition.
       0.Info>>Automatic decomposition. Searching for best utilization.         
       0.Info>>Final decomposition parameters:                                  
       0.Info>>NN                : 8                                            
       0.Info>>NQ                : 100                                          
       0.Info>>NAF               : 1                                            
       0.Info>>NP                : 8                                            
       0.Info>>NNpP              : 1                                            
       0.Info>>NAFcycles         : 1                                            
       0.Info>>NQcycles          : 13                                           
       0.Info>>CompEl (WASTE/USE): 4/100                                        
       0.Info>>utilization(1=best)    : 0.96153846153846156                     
       0.Info>>Initializing Scatter Device, Vectors (all)                       
       0.Info>>Starting scattering...                                           
       0.Info>>Checking memory requirements for scattering calculation...       
       0.Info>>required limits.computation.memory.result_buffer=16              
       0.Info>>required limits.computation.memory.signal_buffer=16              
       0.Info>>required limits.computation.memory.exchange_buffer=0             
       0.Info>>required limits.computation.memory.alignpad_buffer=32            
       0.Info>>Memory limits ok                                                 
       0.Info>>Staging data...                                                  
       0.Info>>Forcing stager.mode=frames                                       
       0.Info>>Staging first partition.                                         
       0.Info>>Staging remaining partitions.                                    
       0.Info>>background scattering length set to 0                            
       0.Info>>Target initialized.                                              
       0.Info>>Target 'system' produces a background scattering length density of 0.0010160926909770964
       0.Info>>Starting computation...                                          
       0.Info>>Orientational averaging includes 100 vectors                     
       0.Info>>Setting progress sampling factor for monitoring to 1             
       0.Info>>Progress: 2.260%, ETOTAL: 61.628239631336406 s, ETA: 60.235184631336409 s
       0.Info>>Progress: 4.645%, ETOTAL: 30.017489322063135 s, ETA: 28.623167322063136 s
       0.Info>>Progress: 6.780%, ETOTAL: 20.624254502481687 s, ETA: 19.225837502481689 s
       0.Info>>Progress: 12.425%, ETOTAL: 11.421175778680595 s, ETA: 10.002039778680595 s
       0.Info>>Progress: 22.205%, ETOTAL: 15.25291801385681 s, ETA: 11.865988013856811 s
       0.Info>>Progress: 33.080%, ETOTAL: 10.313463656622419 s, ETA: 6.9017566566224193 s
       0.Info>>Progress: 40.205%, ETOTAL: 8.5151376275510202 s, ETA: 5.09161562755102 s
       0.Info>>Progress: 51.080%, ETOTAL: 10.5747541946414 s, ETA: 5.1731561946414013 s
       0.Info>>Progress: 61.080%, ETOTAL: 8.8641415123051868 s, ETA: 3.4499125123051879 s
       0.Info>>Progress: 70.955%, ETOTAL: 7.6885788779474211 s, ETA: 2.2331378779474207 s
       0.Info>>Progress: 80.330%, ETOTAL: 9.2435953557036274 s, ETA: 1.8182033557036261 s
       0.Info>>Scattering finished...                                           
       0.Info>>.................................................................
       0.Info>>.....................R.U.N...A.N.A.L.Y.S.I.S.....................
       0.Info>>.................................................................
       0.Info>>Aggregating timing information for performance analysis...       
       0.Info>>                                                                 
       0.Info>>                    Performance Analysis                         
       0.Info>>-----------------------------------------------------------------
       0.Info>> mean and total runtimes:                                        
       0.Info>>-----------------------------------------------------------------
       0.Info>>          measure |    total |       count |     mean |   stddev 
       0.Info>>-----------------------------------------------------------------
       0.Info>>   sd:c:b:dspstore| 3.679e-02|        10000| 3.679e-06| 2.176e-06
       0.Info>>    sd:c:b:scatter| 4.378e+01|        10000| 4.378e-03| 8.272e-04
       0.Info>>        sd:c:block| 4.396e+01|          100| 4.396e-01| 4.583e-02
       0.Info>>         sd:c:init| 1.500e+01|          100| 1.500e-01| 2.747e-02
       0.Info>>       sd:c:reduce| 1.120e-04|          100| 1.120e-06| 5.553e-07
       0.Info>>         sd:c:wait| 1.680e-04|          100| 1.680e-06| 7.057e-07
       0.Info>>        sd:compute| 5.897e+01|          100| 5.897e-01| 5.743e-02
       0.Info>>         sd:runner| 5.897e+01|            8| 7.371e+00| 0.000e+00
       0.Info>>          sd:stage| 1.975e-01|            8| 2.469e-02| 0.000e+00
       0.Info>> sd:worker:scatter| 4.340e+01|        10000| 4.340e-03| 8.084e-04
       0.Info>>    sd:worker:wait| 1.547e+01|        10000| 1.547e-03| 1.521e-02
       0.Info>>          sd:write| 1.020e-03|          100| 1.020e-05| 7.586e-06
       0.Info>>           st:fill| 1.190e-02|            8| 1.488e-03| 0.000e+00
       0.Info>>          st:first| 2.308e-02|            1| 2.308e-02| 0.000e+00
       0.Info>>           st:load| 2.267e-02|            1| 2.267e-02| 0.000e+00
       0.Info>>           st:wait| 1.618e-01|            8| 2.022e-02| 0.000e+00
       0.Info>>-----------------------------------------------------------------
       0.Info>>-----------------------------------------------------------------
       0.Info>> watermarks:                                                     
       0.Info>>-----------------------------------------------------------------
       0.Info>>          measure |      min |      max                          
       0.Info>>-----------------------------------------------------------------
       0.Info>>   sd:c:b:dspstore| 2.000e-06| 7.600e-05                         
       0.Info>>    sd:c:b:scatter| 1.457e-03| 1.129e-02                         
       0.Info>>        sd:c:block| 2.559e-01| 5.968e-01                         
       0.Info>>         sd:c:init| 1.169e-01| 2.239e-01                         
       0.Info>>       sd:c:reduce| 0.000e+00| 3.000e-06                         
       0.Info>>         sd:c:wait| 1.000e-06| 5.000e-06                         
       0.Info>>        sd:compute| 3.931e-01| 7.794e-01                         
       0.Info>>         sd:runner| 6.369e+00| 7.984e+00                         
       0.Info>>          sd:stage| 2.454e-02| 2.475e-02                         
       0.Info>> sd:worker:scatter| 1.439e-03| 1.017e-02                         
       0.Info>>    sd:worker:wait| 1.000e-06| 2.241e-01                         
       0.Info>>          sd:write| 5.000e-06| 4.700e-05                         
       0.Info>>           st:fill| 1.327e-03| 1.552e-03                         
       0.Info>>          st:first| 2.308e-02| 2.308e-02                         
       0.Info>>           st:load| 2.267e-02| 2.267e-02                         
       0.Info>>           st:wait| 1.000e-05| 2.312e-02                         
       0.Info>>-----------------------------------------------------------------
       0.Info>>                                                                 
       0.Info>>         Performance Analysis (relative to total time * nodes)   
       0.Info>>-----------------------------------------------------------------
       0.Info>> mean and total runtimes:                                        
       0.Info>>-----------------------------------------------------------------
       0.Info>>          measure |    total |       count |     mean |   stddev 
       0.Info>>-----------------------------------------------------------------
       0.Info>>   sd:c:b:dspstore| 5.480e-04|        10000| 5.480e-08| 2.655e-07
       0.Info>>    sd:c:b:scatter| 6.521e-01|        10000| 6.521e-05| 1.010e-04
       0.Info>>        sd:c:block| 6.548e-01|          100| 6.548e-03| 5.594e-03
       0.Info>>         sd:c:init| 2.235e-01|          100| 2.235e-03| 3.353e-03
       0.Info>>       sd:c:reduce| 1.668e-06|          100| 1.668e-08| 6.777e-08
       0.Info>>         sd:c:wait| 2.502e-06|          100| 2.502e-08| 8.613e-08
       0.Info>>        sd:compute| 8.783e-01|          100| 8.783e-03| 7.009e-03
       0.Info>>         sd:runner| 8.783e-01|            8| 1.098e-01| 0.000e+00
       0.Info>>          sd:stage| 2.942e-03|            8| 3.678e-04| 0.000e+00
       0.Info>> sd:worker:scatter| 6.465e-01|        10000| 6.465e-05| 9.866e-05
       0.Info>>    sd:worker:wait| 2.304e-01|        10000| 2.304e-05| 1.856e-03
       0.Info>>          sd:write| 1.519e-05|          100| 1.519e-07| 9.258e-07
       0.Info>>           st:fill| 1.773e-04|            8| 2.216e-05| 0.000e+00
       0.Info>>          st:first| 3.438e-04|            1| 3.438e-04| 0.000e+00
       0.Info>>           st:load| 3.376e-04|            1| 3.376e-04| 0.000e+00
       0.Info>>           st:wait| 2.410e-03|            8| 3.012e-04| 0.000e+00
       0.Info>>-----------------------------------------------------------------
       0.Info>>-----------------------------------------------------------------
       0.Info>> watermarks:                                                     
       0.Info>>-----------------------------------------------------------------
       0.Info>>          measure |      min |      max                          
       0.Info>>-----------------------------------------------------------------
       0.Info>>   sd:c:b:dspstore| 2.979e-08| 1.132e-06                         
       0.Info>>    sd:c:b:scatter| 2.170e-05| 1.682e-04                         
       0.Info>>        sd:c:block| 3.812e-03| 8.889e-03                         
       0.Info>>         sd:c:init| 1.741e-03| 3.336e-03                         
       0.Info>>       sd:c:reduce| 0.000e+00| 4.468e-08                         
       0.Info>>         sd:c:wait| 1.489e-08| 7.447e-08                         
       0.Info>>        sd:compute| 5.855e-03| 1.161e-02                         
       0.Info>>         sd:runner| 9.486e-02| 1.189e-01                         
       0.Info>>          sd:stage| 3.655e-04| 3.687e-04                         
       0.Info>> sd:worker:scatter| 2.143e-05| 1.515e-04                         
       0.Info>>    sd:worker:wait| 1.489e-08| 3.337e-03                         
       0.Info>>          sd:write| 7.447e-08| 7.000e-07                         
       0.Info>>           st:fill| 1.977e-05| 2.312e-05                         
       0.Info>>          st:first| 3.438e-04| 3.438e-04                         
       0.Info>>           st:load| 3.376e-04| 3.376e-04                         
       0.Info>>           st:wait| 1.489e-07| 3.444e-04                         
       0.Info>>-----------------------------------------------------------------
       0.Info>>Total runtime (s): 8.3923179999999995                            
       0.Info>>Successfully finished... Have a nice day!                        
