       0.Info>>This software is being developed by Benjamin Lindner.                    
       0.Info>>For help, suggestions or correspondense use:                             
       0.Info>>ben@benlabs.net, Benjamin Lindner (Main Developer, Impl. & Maintenance)  
       0.Info>>franc@cmm.ki.si, Franci Merzel (Methodology)                             
       0.Info>>For publications include the following references:                       
       0.Info>>.........................................................................
       0.Info>>1. Sassena - X-ray and Neutron Scattering Calculated                     
       0.Info>>  from Molecular Dynamics Trajectories using Massively Parallel Computers
       0.Info>>  published as a Computer Program in Physics Paper                       
       0.Info>>.........................................................................
       0.Info>>Version Information: 1.4.2                                       
       0.Info>>                                                                 
       0.Info>>.................................................................
       0.Info>>......................D.E.S.C.R.I.P.T.I.O.N......................
       0.Info>>.................................................................
       0.Info>>This binary computes the scattering intensities directly from    
       0.Info>>a molecular dynamics trajectory.                                 
       0.Info>>.................................................................
       0.Info>>.................................................................
       0.Info>>...................I.N.I.T.I.A.L.I.Z.A.T.I.O.N...................
       0.Info>>.................................................................
       0.Info>>No configuration file specified. Will use default                
       0.Info>>Looking for configuration file: scatter.xml                      
       0.Info>>Reading parameters from XML file: scatter.xml                    
       0.Info>>Added frames from /home/amajumda/study/continuum_simulations/gitlab/continuum-to-scattering/data/100_100_100_10_10_10/single_atom_shrink/iteration_010/t008/pdb_dcd/sample.dcd using format: dcd
       0.Info>>Options: first=0, last=0, lastset=0, stride=1                    
       0.Info>>stager.target=system                                             
       0.Info>>scattering.type=all                                              
       0.Info>>scattering.dsp.type=square                                       
       0.Info>>scattering.average.orientation.type=vectors                      
       0.Info>>scattering.average.orientation.vectors.type=sphere               
       0.Info>>scattering.average.orientation.vectors.algorithm=boost_uniform_on_sphere
       0.Info>>scattering.average.orientation.vectors.resolution=100            
       0.Info>>Generating orientations for orientational averaging using sphere,boost_uniform_on_sphere
       0.Info>>Initialized orientational averaging with 100 vectors.            
       0.Info>>scattering.signal.file=signal.h5                                 
       0.Info>>scattering.signal.filepath=/home/amajumda/study/continuum_simulations/gitlab/continuum-to-scattering/data/100_100_100_10_10_10/single_atom_shrink/iteration_010/t008/signal.h5
       0.Info>>scattering.signal.fqt=1                                          
       0.Info>>scattering.signal.fq0=1                                          
       0.Info>>scattering.signal.fq=1                                           
       0.Info>>scattering.signal.fq2=1                                          
       0.Info>>Analyzing command line for parameter overwrites                  
       0.Info>>Reading database from file: /home/amajumda/study/continuum_simulations/gitlab/continuum-to-scattering/data/100_100_100_10_10_10/single_atom_shrink/iteration_010/t008/database/db-neutron-coherent.xml
       0.Info>>Checking database...                                             
       0.Info>>Testing mapping between PDB names and atom labels                
       0.Info>>Testing database completeness for referenced atom labels         
       0.Info>>Check succeeded. Database seems OK.                              
       0.Info>>Initializing sample...                                           
       0.Info>>Reading structure from file: /home/amajumda/study/continuum_simulations/gitlab/continuum-to-scattering/data/100_100_100_10_10_10/single_atom_shrink/iteration_010/t008/pdb_dcd/sample.pdb
       0.Info>>Done. Atoms read: 1000                                           
       0.Info>>Reading frames from: /home/amajumda/study/continuum_simulations/gitlab/continuum-to-scattering/data/100_100_100_10_10_10/single_atom_shrink/iteration_010/t008/pdb_dcd/sample.dcd
       0.Info>>Found 1 frames                                                   
       0.Info>>Total number of coordinate sets found: 1                         
       0.Info>>Exchanging sample, database & params information with compute nodes... 
       0.Info>>params...                                                        
       0.Info>>database...                                                      
       0.Info>>sample...                                                        
       0.Info>>.................................................................
       0.Info>>......................C.O.M.P.U.T.A.T.I.O.N......................
       0.Info>>.................................................................
       0.Info>>Setting up services...                                           
       0.Info>>Initializing data file service...                                
       0.Info>>Initializing monitor service...                                  
       0.Info>>Starting data file service...                                    
       0.Info>>Starting monitor service...                                      
       0.Info>>Services setup and running...                                    
       0.Info>>Checking /home/amajumda/study/continuum_simulations/gitlab/continuum-to-scattering/data/100_100_100_10_10_10/single_atom_shrink/iteration_010/t008/signal.h5 for old results.
       0.Info>>Broadcasting service information                                 
       0.Info>>Server host name    : hzglap02                                   
       0.Info>>FileService Port    : 42261                                      
       0.Info>>MonitorService Port : 33209                                      
       0.Info>>Setting up parallel environment...                               
       0.Info>>Searching for decomposition plan:                                
       0.Info>>nodes    = 8                                                     
       0.Info>>qvectors = 100                                                   
       0.Info>>frames   = 1                                                     
       0.Info>>atoms   = 1000                                                   
       0.Info>>All interference scattering detected. Applying frame decomposition.
       0.Info>>Automatic decomposition. Searching for best utilization.         
       0.Info>>Final decomposition parameters:                                  
       0.Info>>NN                : 8                                            
       0.Info>>NQ                : 100                                          
       0.Info>>NAF               : 1                                            
       0.Info>>NP                : 8                                            
       0.Info>>NNpP              : 1                                            
       0.Info>>NAFcycles         : 1                                            
       0.Info>>NQcycles          : 13                                           
       0.Info>>CompEl (WASTE/USE): 4/100                                        
       0.Info>>utilization(1=best)    : 0.96153846153846156                     
       0.Info>>Initializing Scatter Device, Vectors (all)                       
       0.Info>>Starting scattering...                                           
       0.Info>>Checking memory requirements for scattering calculation...       
       0.Info>>required limits.computation.memory.result_buffer=16              
       0.Info>>required limits.computation.memory.signal_buffer=16              
       0.Info>>required limits.computation.memory.exchange_buffer=0             
       0.Info>>required limits.computation.memory.alignpad_buffer=32            
       0.Info>>Memory limits ok                                                 
       0.Info>>Staging data...                                                  
       0.Info>>Forcing stager.mode=frames                                       
       0.Info>>Staging first partition.                                         
       0.Info>>Staging remaining partitions.                                    
       0.Info>>background scattering length set to 0                            
       0.Info>>Target initialized.                                              
       0.Info>>Target 'system' produces a background scattering length density of 0.0019098593171027747
       0.Info>>Starting computation...                                          
       0.Info>>Orientational averaging includes 100 vectors                     
       0.Info>>Setting progress sampling factor for monitoring to 1             
       0.Info>>Scattering finished...                                           
       0.Info>>.................................................................
       0.Info>>.....................R.U.N...A.N.A.L.Y.S.I.S.....................
       0.Info>>.................................................................
       0.Info>>Aggregating timing information for performance analysis...       
       0.Info>>                                                                 
       0.Info>>                    Performance Analysis                         
       0.Info>>-----------------------------------------------------------------
       0.Info>> mean and total runtimes:                                        
       0.Info>>-----------------------------------------------------------------
       0.Info>>          measure |    total |       count |     mean |   stddev 
       0.Info>>-----------------------------------------------------------------
       0.Info>>   sd:c:b:dspstore| 2.790e-02|        10000| 2.790e-06| 1.552e-06
       0.Info>>    sd:c:b:scatter| 6.537e-01|        10000| 6.537e-05| 1.816e-05
       0.Info>>        sd:c:block| 7.888e-01|          100| 7.888e-03| 4.454e-04
       0.Info>>         sd:c:init| 1.540e-01|          100| 1.540e-03| 3.341e-04
       0.Info>>       sd:c:reduce| 1.150e-04|          100| 1.150e-06| 5.361e-07
       0.Info>>         sd:c:wait| 1.470e-04|          100| 1.470e-06| 6.397e-07
       0.Info>>        sd:compute| 9.450e-01|          100| 9.450e-03| 5.447e-04
       0.Info>>         sd:runner| 9.485e-01|            8| 1.186e-01| 0.000e+00
       0.Info>>          sd:stage| 4.451e-03|            8| 5.564e-04| 0.000e+00
       0.Info>> sd:worker:scatter| 4.591e-01|        10000| 4.591e-05| 7.534e-06
       0.Info>>    sd:worker:wait| 4.078e-01|        10000| 4.078e-05| 1.621e-04
       0.Info>>          sd:write| 8.400e-04|          100| 8.400e-06| 6.645e-06
       0.Info>>           st:fill| 7.840e-04|            8| 9.800e-05| 0.000e+00
       0.Info>>          st:first| 3.460e-04|            1| 3.460e-04| 0.000e+00
       0.Info>>           st:load| 3.140e-04|            1| 3.140e-04| 0.000e+00
       0.Info>>           st:wait| 2.633e-03|            8| 3.291e-04| 0.000e+00
       0.Info>>-----------------------------------------------------------------
       0.Info>>-----------------------------------------------------------------
       0.Info>> watermarks:                                                     
       0.Info>>-----------------------------------------------------------------
       0.Info>>          measure |      min |      max                          
       0.Info>>-----------------------------------------------------------------
       0.Info>>   sd:c:b:dspstore| 1.000e-06| 6.100e-05                         
       0.Info>>    sd:c:b:scatter| 2.500e-05| 1.354e-03                         
       0.Info>>        sd:c:block| 5.114e-03| 9.916e-03                         
       0.Info>>         sd:c:init| 9.880e-04| 2.215e-03                         
       0.Info>>       sd:c:reduce| 0.000e+00| 3.000e-06                         
       0.Info>>         sd:c:wait| 1.000e-06| 4.000e-06                         
       0.Info>>        sd:compute| 7.054e-03| 1.139e-02                         
       0.Info>>         sd:runner| 1.055e-01| 1.243e-01                         
       0.Info>>          sd:stage| 5.480e-04| 5.590e-04                         
       0.Info>> sd:worker:scatter| 1.300e-05| 3.360e-04                         
       0.Info>>    sd:worker:wait| 1.300e-05| 2.273e-03                         
       0.Info>>          sd:write| 4.000e-06| 4.600e-05                         
       0.Info>>           st:fill| 8.500e-05| 1.020e-04                         
       0.Info>>          st:first| 3.460e-04| 3.460e-04                         
       0.Info>>           st:load| 3.140e-04| 3.140e-04                         
       0.Info>>           st:wait| 5.000e-06| 3.790e-04                         
       0.Info>>-----------------------------------------------------------------
       0.Info>>                                                                 
       0.Info>>         Performance Analysis (relative to total time * nodes)   
       0.Info>>-----------------------------------------------------------------
       0.Info>> mean and total runtimes:                                        
       0.Info>>-----------------------------------------------------------------
       0.Info>>          measure |    total |       count |     mean |   stddev 
       0.Info>>-----------------------------------------------------------------
       0.Info>>   sd:c:b:dspstore| 2.022e-02|        10000| 2.022e-06| 1.321e-06
       0.Info>>    sd:c:b:scatter| 4.737e-01|        10000| 4.737e-05| 1.546e-05
       0.Info>>        sd:c:block| 5.716e-01|          100| 5.716e-03| 3.792e-04
       0.Info>>         sd:c:init| 1.116e-01|          100| 1.116e-03| 2.844e-04
       0.Info>>       sd:c:reduce| 8.333e-05|          100| 8.333e-07| 4.564e-07
       0.Info>>         sd:c:wait| 1.065e-04|          100| 1.065e-06| 5.445e-07
       0.Info>>        sd:compute| 6.848e-01|          100| 6.848e-03| 4.637e-04
       0.Info>>         sd:runner| 6.874e-01|            8| 8.592e-02| 0.000e+00
       0.Info>>          sd:stage| 3.225e-03|            8| 4.032e-04| 0.000e+00
       0.Info>> sd:worker:scatter| 3.327e-01|        10000| 3.327e-05| 6.413e-06
       0.Info>>    sd:worker:wait| 2.955e-01|        10000| 2.955e-05| 1.380e-04
       0.Info>>          sd:write| 6.087e-04|          100| 6.087e-06| 5.656e-06
       0.Info>>           st:fill| 5.681e-04|            8| 7.102e-05| 0.000e+00
       0.Info>>          st:first| 2.507e-04|            1| 2.507e-04| 0.000e+00
       0.Info>>           st:load| 2.275e-04|            1| 2.275e-04| 0.000e+00
       0.Info>>           st:wait| 1.908e-03|            8| 2.385e-04| 0.000e+00
       0.Info>>-----------------------------------------------------------------
       0.Info>>-----------------------------------------------------------------
       0.Info>> watermarks:                                                     
       0.Info>>-----------------------------------------------------------------
       0.Info>>          measure |      min |      max                          
       0.Info>>-----------------------------------------------------------------
       0.Info>>   sd:c:b:dspstore| 7.247e-07| 4.420e-05                         
       0.Info>>    sd:c:b:scatter| 1.812e-05| 9.812e-04                         
       0.Info>>        sd:c:block| 3.706e-03| 7.186e-03                         
       0.Info>>         sd:c:init| 7.160e-04| 1.605e-03                         
       0.Info>>       sd:c:reduce| 0.000e+00| 2.174e-06                         
       0.Info>>         sd:c:wait| 7.247e-07| 2.899e-06                         
       0.Info>>        sd:compute| 5.112e-03| 8.256e-03                         
       0.Info>>         sd:runner| 7.642e-02| 9.006e-02                         
       0.Info>>          sd:stage| 3.971e-04| 4.051e-04                         
       0.Info>> sd:worker:scatter| 9.420e-06| 2.435e-04                         
       0.Info>>    sd:worker:wait| 9.420e-06| 1.647e-03                         
       0.Info>>          sd:write| 2.899e-06| 3.333e-05                         
       0.Info>>           st:fill| 6.160e-05| 7.391e-05                         
       0.Info>>          st:first| 2.507e-04| 2.507e-04                         
       0.Info>>           st:load| 2.275e-04| 2.275e-04                         
       0.Info>>           st:wait| 3.623e-06| 2.746e-04                         
       0.Info>>-----------------------------------------------------------------
       0.Info>>Total runtime (s): 0.17249700000000001                           
       0.Info>>Successfully finished... Have a nice day!                        
