       0.Info>>This software is being developed by Benjamin Lindner.                    
       0.Info>>For help, suggestions or correspondense use:                             
       0.Info>>ben@benlabs.net, Benjamin Lindner (Main Developer, Impl. & Maintenance)  
       0.Info>>franc@cmm.ki.si, Franci Merzel (Methodology)                             
       0.Info>>For publications include the following references:                       
       0.Info>>.........................................................................
       0.Info>>1. Sassena - X-ray and Neutron Scattering Calculated                     
       0.Info>>  from Molecular Dynamics Trajectories using Massively Parallel Computers
       0.Info>>  published as a Computer Program in Physics Paper                       
       0.Info>>.........................................................................
       0.Info>>Version Information: 1.4.2                                       
       0.Info>>                                                                 
       0.Info>>.................................................................
       0.Info>>......................D.E.S.C.R.I.P.T.I.O.N......................
       0.Info>>.................................................................
       0.Info>>This binary computes the scattering intensities directly from    
       0.Info>>a molecular dynamics trajectory.                                 
       0.Info>>.................................................................
       0.Info>>.................................................................
       0.Info>>...................I.N.I.T.I.A.L.I.Z.A.T.I.O.N...................
       0.Info>>.................................................................
       0.Info>>No configuration file specified. Will use default                
       0.Info>>Looking for configuration file: scatter.xml                      
       0.Info>>Reading parameters from XML file: scatter.xml                    
       0.Info>>Added frames from /home/amajumda/study/continuum_simulations/gitlab/continuum-to-scattering/data/100_100_100_50_50_50/single_atom_shrink/iteration_008/t005/pdb_dcd/sample.dcd using format: dcd
       0.Info>>Options: first=0, last=0, lastset=0, stride=1                    
       0.Info>>stager.target=system                                             
       0.Info>>scattering.type=all                                              
       0.Info>>scattering.dsp.type=square                                       
       0.Info>>scattering.average.orientation.type=vectors                      
       0.Info>>scattering.average.orientation.vectors.type=sphere               
       0.Info>>scattering.average.orientation.vectors.algorithm=boost_uniform_on_sphere
       0.Info>>scattering.average.orientation.vectors.resolution=100            
       0.Info>>Generating orientations for orientational averaging using sphere,boost_uniform_on_sphere
       0.Info>>Initialized orientational averaging with 100 vectors.            
       0.Info>>scattering.signal.file=signal.h5                                 
       0.Info>>scattering.signal.filepath=/home/amajumda/study/continuum_simulations/gitlab/continuum-to-scattering/data/100_100_100_50_50_50/single_atom_shrink/iteration_008/t005/signal.h5
       0.Info>>scattering.signal.fqt=1                                          
       0.Info>>scattering.signal.fq0=1                                          
       0.Info>>scattering.signal.fq=1                                           
       0.Info>>scattering.signal.fq2=1                                          
       0.Info>>Analyzing command line for parameter overwrites                  
       0.Info>>Reading database from file: /home/amajumda/study/continuum_simulations/gitlab/continuum-to-scattering/data/100_100_100_50_50_50/single_atom_shrink/iteration_008/t005/database/db-neutron-coherent.xml
       0.Info>>Checking database...                                             
       0.Info>>Testing mapping between PDB names and atom labels                
       0.Info>>Testing database completeness for referenced atom labels         
       0.Info>>Check succeeded. Database seems OK.                              
       0.Info>>Initializing sample...                                           
       0.Info>>Reading structure from file: /home/amajumda/study/continuum_simulations/gitlab/continuum-to-scattering/data/100_100_100_50_50_50/single_atom_shrink/iteration_008/t005/pdb_dcd/sample.pdb
       0.Info>>Done. Atoms read: 125000                                         
       0.Info>>Reading frames from: /home/amajumda/study/continuum_simulations/gitlab/continuum-to-scattering/data/100_100_100_50_50_50/single_atom_shrink/iteration_008/t005/pdb_dcd/sample.dcd
       0.Info>>Found 1 frames                                                   
       0.Info>>Total number of coordinate sets found: 1                         
       0.Info>>Exchanging sample, database & params information with compute nodes... 
       0.Info>>params...                                                        
       0.Info>>database...                                                      
       0.Info>>sample...                                                        
       0.Info>>.................................................................
       0.Info>>......................C.O.M.P.U.T.A.T.I.O.N......................
       0.Info>>.................................................................
       0.Info>>Setting up services...                                           
       0.Info>>Initializing data file service...                                
       0.Info>>Initializing monitor service...                                  
       0.Info>>Starting data file service...                                    
       0.Info>>Starting monitor service...                                      
       0.Info>>Services setup and running...                                    
       0.Info>>Checking /home/amajumda/study/continuum_simulations/gitlab/continuum-to-scattering/data/100_100_100_50_50_50/single_atom_shrink/iteration_008/t005/signal.h5 for old results.
       0.Info>>Broadcasting service information                                 
       0.Info>>Server host name    : hzglap02                                   
       0.Info>>FileService Port    : 44685                                      
       0.Info>>MonitorService Port : 42127                                      
       0.Info>>Setting up parallel environment...                               
       0.Info>>Searching for decomposition plan:                                
       0.Info>>nodes    = 8                                                     
       0.Info>>qvectors = 100                                                   
       0.Info>>frames   = 1                                                     
       0.Info>>atoms   = 125000                                                 
       0.Info>>All interference scattering detected. Applying frame decomposition.
       0.Info>>Automatic decomposition. Searching for best utilization.         
       0.Info>>Final decomposition parameters:                                  
       0.Info>>NN                : 8                                            
       0.Info>>NQ                : 100                                          
       0.Info>>NAF               : 1                                            
       0.Info>>NP                : 8                                            
       0.Info>>NNpP              : 1                                            
       0.Info>>NAFcycles         : 1                                            
       0.Info>>NQcycles          : 13                                           
       0.Info>>CompEl (WASTE/USE): 4/100                                        
       0.Info>>utilization(1=best)    : 0.96153846153846156                     
       0.Info>>Initializing Scatter Device, Vectors (all)                       
       0.Info>>Starting scattering...                                           
       0.Info>>Checking memory requirements for scattering calculation...       
       0.Info>>required limits.computation.memory.result_buffer=16              
       0.Info>>required limits.computation.memory.signal_buffer=16              
       0.Info>>required limits.computation.memory.exchange_buffer=0             
       0.Info>>required limits.computation.memory.alignpad_buffer=32            
       0.Info>>Memory limits ok                                                 
       0.Info>>Staging data...                                                  
       0.Info>>Forcing stager.mode=frames                                       
       0.Info>>Staging first partition.                                         
       0.Info>>Staging remaining partitions.                                    
       0.Info>>background scattering length set to 0                            
       0.Info>>Target initialized.                                              
       0.Info>>Target 'system' produces a background scattering length density of 0.00035539341233812005
       0.Info>>Starting computation...                                          
       0.Info>>Orientational averaging includes 100 vectors                     
       0.Info>>Setting progress sampling factor for monitoring to 1             
       0.Info>>Progress: 1.250%, ETOTAL: 60.999759999999995 s, ETA: 60.237262999999992 s
       0.Info>>Progress: 2.375%, ETOTAL: 32.26261052631579 s, ETA: 31.496373526315789 s
       0.Info>>Progress: 3.510%, ETOTAL: 22.275845697329373 s, ETA: 21.493870697329374 s
       0.Info>>Progress: 4.760%, ETOTAL: 16.571721663019691 s, ETA: 15.782838663019691 s
       0.Info>>Progress: 6.146%, ETOTAL: 12.869694915254236 s, ETA: 12.078744915254235 s
       0.Info>>Progress: 10.792%, ETOTAL: 7.9785359073359077 s, ETA: 7.1175189073359082 s
       0.Info>>Progress: 22.051%, ETOTAL: 12.672845930232556 s, ETA: 9.8783209302325563 s
       0.Info>>Progress: 32.446%, ETOTAL: 8.6437468734564877 s, ETA: 5.8392388734564875 s
       0.Info>>Progress: 43.205%, ETOTAL: 11.011651157270029 s, ETA: 6.2540531572700289 s
       0.Info>>Progress: 52.705%, ETOTAL: 9.095416638287519 s, ETA: 4.3016656382875196 s
       0.Info>>Progress: 62.705%, ETOTAL: 7.6752685749335514 s, ETA: 2.8624815749335522 s
       0.Info>>Progress: 72.455%, ETOTAL: 9.3666579138281847 s, ETA: 2.5800339138281858 s
       0.Info>>Progress: 81.580%, ETOTAL: 8.4527288099634585 s, ETA: 1.5569818099634603 s
       0.Info>>Scattering finished...                                           
       0.Info>>.................................................................
       0.Info>>.....................R.U.N...A.N.A.L.Y.S.I.S.....................
       0.Info>>.................................................................
       0.Info>>Aggregating timing information for performance analysis...       
       0.Info>>                                                                 
       0.Info>>                    Performance Analysis                         
       0.Info>>-----------------------------------------------------------------
       0.Info>> mean and total runtimes:                                        
       0.Info>>-----------------------------------------------------------------
       0.Info>>          measure |    total |       count |     mean |   stddev 
       0.Info>>-----------------------------------------------------------------
       0.Info>>   sd:c:b:dspstore| 3.571e-02|        10000| 3.571e-06| 1.898e-06
       0.Info>>    sd:c:b:scatter| 4.384e+01|        10000| 4.384e-03| 7.751e-04
       0.Info>>        sd:c:block| 4.402e+01|          100| 4.402e-01| 4.168e-02
       0.Info>>         sd:c:init| 1.446e+01|          100| 1.446e-01| 2.613e-02
       0.Info>>       sd:c:reduce| 1.050e-04|          100| 1.050e-06| 5.779e-07
       0.Info>>         sd:c:wait| 1.670e-04|          100| 1.670e-06| 5.374e-07
       0.Info>>        sd:compute| 5.849e+01|          100| 5.849e-01| 5.420e-02
       0.Info>>         sd:runner| 5.849e+01|            8| 7.311e+00| 0.000e+00
       0.Info>>          sd:stage| 1.933e-01|            8| 2.417e-02| 0.000e+00
       0.Info>> sd:worker:scatter| 4.349e+01|        10000| 4.349e-03| 7.482e-04
       0.Info>>    sd:worker:wait| 1.490e+01|        10000| 1.490e-03| 1.465e-02
       0.Info>>          sd:write| 9.960e-04|          100| 9.960e-06| 6.888e-06
       0.Info>>           st:fill| 1.187e-02|            8| 1.484e-03| 0.000e+00
       0.Info>>          st:first| 2.256e-02|            1| 2.256e-02| 0.000e+00
       0.Info>>           st:load| 2.224e-02|            1| 2.224e-02| 0.000e+00
       0.Info>>           st:wait| 1.582e-01|            8| 1.977e-02| 0.000e+00
       0.Info>>-----------------------------------------------------------------
       0.Info>>-----------------------------------------------------------------
       0.Info>> watermarks:                                                     
       0.Info>>-----------------------------------------------------------------
       0.Info>>          measure |      min |      max                          
       0.Info>>-----------------------------------------------------------------
       0.Info>>   sd:c:b:dspstore| 2.000e-06| 6.800e-05                         
       0.Info>>    sd:c:b:scatter| 1.566e-03| 1.825e-02                         
       0.Info>>        sd:c:block| 1.609e-01| 5.722e-01                         
       0.Info>>         sd:c:init| 1.175e-01| 2.488e-01                         
       0.Info>>       sd:c:reduce| 0.000e+00| 3.000e-06                         
       0.Info>>         sd:c:wait| 1.000e-06| 3.000e-06                         
       0.Info>>        sd:compute| 2.859e-01| 7.380e-01                         
       0.Info>>         sd:runner| 6.406e+00| 7.927e+00                         
       0.Info>>          sd:stage| 2.402e-02| 2.423e-02                         
       0.Info>> sd:worker:scatter| 1.550e-03| 1.098e-02                         
       0.Info>>    sd:worker:wait| 2.000e-06| 2.489e-01                         
       0.Info>>          sd:write| 5.000e-06| 4.100e-05                         
       0.Info>>           st:fill| 1.329e-03| 1.547e-03                         
       0.Info>>          st:first| 2.256e-02| 2.256e-02                         
       0.Info>>           st:load| 2.224e-02| 2.224e-02                         
       0.Info>>           st:wait| 9.000e-06| 2.260e-02                         
       0.Info>>-----------------------------------------------------------------
       0.Info>>                                                                 
       0.Info>>         Performance Analysis (relative to total time * nodes)   
       0.Info>>-----------------------------------------------------------------
       0.Info>> mean and total runtimes:                                        
       0.Info>>-----------------------------------------------------------------
       0.Info>>          measure |    total |       count |     mean |   stddev 
       0.Info>>-----------------------------------------------------------------
       0.Info>>   sd:c:b:dspstore| 5.351e-04|        10000| 5.351e-08| 2.324e-07
       0.Info>>    sd:c:b:scatter| 6.570e-01|        10000| 6.570e-05| 9.489e-05
       0.Info>>        sd:c:block| 6.597e-01|          100| 6.597e-03| 5.103e-03
       0.Info>>         sd:c:init| 2.167e-01|          100| 2.167e-03| 3.199e-03
       0.Info>>       sd:c:reduce| 1.573e-06|          100| 1.573e-08| 7.074e-08
       0.Info>>         sd:c:wait| 2.503e-06|          100| 2.503e-08| 6.579e-08
       0.Info>>        sd:compute| 8.765e-01|          100| 8.765e-03| 6.635e-03
       0.Info>>         sd:runner| 8.765e-01|            8| 1.096e-01| 0.000e+00
       0.Info>>          sd:stage| 2.897e-03|            8| 3.622e-04| 0.000e+00
       0.Info>> sd:worker:scatter| 6.517e-01|        10000| 6.517e-05| 9.159e-05
       0.Info>>    sd:worker:wait| 2.234e-01|        10000| 2.234e-05| 1.794e-03
       0.Info>>          sd:write| 1.493e-05|          100| 1.493e-07| 8.431e-07
       0.Info>>           st:fill| 1.779e-04|            8| 2.223e-05| 0.000e+00
       0.Info>>          st:first| 3.381e-04|            1| 3.381e-04| 0.000e+00
       0.Info>>           st:load| 3.333e-04|            1| 3.333e-04| 0.000e+00
       0.Info>>           st:wait| 2.371e-03|            8| 2.963e-04| 0.000e+00
       0.Info>>-----------------------------------------------------------------
       0.Info>>-----------------------------------------------------------------
       0.Info>> watermarks:                                                     
       0.Info>>-----------------------------------------------------------------
       0.Info>>          measure |      min |      max                          
       0.Info>>-----------------------------------------------------------------
       0.Info>>   sd:c:b:dspstore| 2.997e-08| 1.019e-06                         
       0.Info>>    sd:c:b:scatter| 2.347e-05| 2.734e-04                         
       0.Info>>        sd:c:block| 2.412e-03| 8.575e-03                         
       0.Info>>         sd:c:init| 1.760e-03| 3.729e-03                         
       0.Info>>       sd:c:reduce| 0.000e+00| 4.496e-08                         
       0.Info>>         sd:c:wait| 1.499e-08| 4.496e-08                         
       0.Info>>        sd:compute| 4.285e-03| 1.106e-02                         
       0.Info>>         sd:runner| 9.600e-02| 1.188e-01                         
       0.Info>>          sd:stage| 3.599e-04| 3.631e-04                         
       0.Info>> sd:worker:scatter| 2.323e-05| 1.646e-04                         
       0.Info>>    sd:worker:wait| 2.997e-08| 3.731e-03                         
       0.Info>>          sd:write| 7.493e-08| 6.144e-07                         
       0.Info>>           st:fill| 1.992e-05| 2.318e-05                         
       0.Info>>          st:first| 3.381e-04| 3.381e-04                         
       0.Info>>           st:load| 3.333e-04| 3.333e-04                         
       0.Info>>           st:wait| 1.349e-07| 3.387e-04                         
       0.Info>>-----------------------------------------------------------------
       0.Info>>Total runtime (s): 8.3413389999999996                            
       0.Info>>Successfully finished... Have a nice day!                        
