       0.Info>>This software is being developed by Benjamin Lindner.                    
       0.Info>>For help, suggestions or correspondense use:                             
       0.Info>>ben@benlabs.net, Benjamin Lindner (Main Developer, Impl. & Maintenance)  
       0.Info>>franc@cmm.ki.si, Franci Merzel (Methodology)                             
       0.Info>>For publications include the following references:                       
       0.Info>>.........................................................................
       0.Info>>1. Sassena - X-ray and Neutron Scattering Calculated                     
       0.Info>>  from Molecular Dynamics Trajectories using Massively Parallel Computers
       0.Info>>  published as a Computer Program in Physics Paper                       
       0.Info>>.........................................................................
       0.Info>>Version Information: 1.4.2                                       
       0.Info>>                                                                 
       0.Info>>.................................................................
       0.Info>>......................D.E.S.C.R.I.P.T.I.O.N......................
       0.Info>>.................................................................
       0.Info>>This binary computes the scattering intensities directly from    
       0.Info>>a molecular dynamics trajectory.                                 
       0.Info>>.................................................................
       0.Info>>.................................................................
       0.Info>>...................I.N.I.T.I.A.L.I.Z.A.T.I.O.N...................
       0.Info>>.................................................................
       0.Info>>No configuration file specified. Will use default                
       0.Info>>Looking for configuration file: scatter.xml                      
       0.Info>>Reading parameters from XML file: scatter.xml                    
       0.Info>>Added frames from /home/amajumda/study/continuum_simulations/gitlab/continuum-to-scattering/data/100_100_100_10_10_10/single_atom_shrink/iteration_009/t010/pdb_dcd/sample.dcd using format: dcd
       0.Info>>Options: first=0, last=0, lastset=0, stride=1                    
       0.Info>>stager.target=system                                             
       0.Info>>scattering.type=all                                              
       0.Info>>scattering.dsp.type=square                                       
       0.Info>>scattering.average.orientation.type=vectors                      
       0.Info>>scattering.average.orientation.vectors.type=sphere               
       0.Info>>scattering.average.orientation.vectors.algorithm=boost_uniform_on_sphere
       0.Info>>scattering.average.orientation.vectors.resolution=100            
       0.Info>>Generating orientations for orientational averaging using sphere,boost_uniform_on_sphere
       0.Info>>Initialized orientational averaging with 100 vectors.            
       0.Info>>scattering.signal.file=signal.h5                                 
       0.Info>>scattering.signal.filepath=/home/amajumda/study/continuum_simulations/gitlab/continuum-to-scattering/data/100_100_100_10_10_10/single_atom_shrink/iteration_009/t010/signal.h5
       0.Info>>scattering.signal.fqt=1                                          
       0.Info>>scattering.signal.fq0=1                                          
       0.Info>>scattering.signal.fq=1                                           
       0.Info>>scattering.signal.fq2=1                                          
       0.Info>>Analyzing command line for parameter overwrites                  
       0.Info>>Reading database from file: /home/amajumda/study/continuum_simulations/gitlab/continuum-to-scattering/data/100_100_100_10_10_10/single_atom_shrink/iteration_009/t010/database/db-neutron-coherent.xml
       0.Info>>Checking database...                                             
       0.Info>>Testing mapping between PDB names and atom labels                
       0.Info>>Testing database completeness for referenced atom labels         
       0.Info>>Check succeeded. Database seems OK.                              
       0.Info>>Initializing sample...                                           
       0.Info>>Reading structure from file: /home/amajumda/study/continuum_simulations/gitlab/continuum-to-scattering/data/100_100_100_10_10_10/single_atom_shrink/iteration_009/t010/pdb_dcd/sample.pdb
       0.Info>>Done. Atoms read: 1000                                           
       0.Info>>Reading frames from: /home/amajumda/study/continuum_simulations/gitlab/continuum-to-scattering/data/100_100_100_10_10_10/single_atom_shrink/iteration_009/t010/pdb_dcd/sample.dcd
       0.Info>>Found 1 frames                                                   
       0.Info>>Total number of coordinate sets found: 1                         
       0.Info>>Exchanging sample, database & params information with compute nodes... 
       0.Info>>params...                                                        
       0.Info>>database...                                                      
       0.Info>>sample...                                                        
       0.Info>>.................................................................
       0.Info>>......................C.O.M.P.U.T.A.T.I.O.N......................
       0.Info>>.................................................................
       0.Info>>Setting up services...                                           
       0.Info>>Initializing data file service...                                
       0.Info>>Initializing monitor service...                                  
       0.Info>>Starting data file service...                                    
       0.Info>>Starting monitor service...                                      
       0.Info>>Services setup and running...                                    
       0.Info>>Checking /home/amajumda/study/continuum_simulations/gitlab/continuum-to-scattering/data/100_100_100_10_10_10/single_atom_shrink/iteration_009/t010/signal.h5 for old results.
       0.Info>>Broadcasting service information                                 
       0.Info>>Server host name    : hzglap02                                   
       0.Info>>FileService Port    : 35671                                      
       0.Info>>MonitorService Port : 40425                                      
       0.Info>>Setting up parallel environment...                               
       0.Info>>Searching for decomposition plan:                                
       0.Info>>nodes    = 8                                                     
       0.Info>>qvectors = 100                                                   
       0.Info>>frames   = 1                                                     
       0.Info>>atoms   = 1000                                                   
       0.Info>>All interference scattering detected. Applying frame decomposition.
       0.Info>>Automatic decomposition. Searching for best utilization.         
       0.Info>>Final decomposition parameters:                                  
       0.Info>>NN                : 8                                            
       0.Info>>NQ                : 100                                          
       0.Info>>NAF               : 1                                            
       0.Info>>NP                : 8                                            
       0.Info>>NNpP              : 1                                            
       0.Info>>NAFcycles         : 1                                            
       0.Info>>NQcycles          : 13                                           
       0.Info>>CompEl (WASTE/USE): 4/100                                        
       0.Info>>utilization(1=best)    : 0.96153846153846156                     
       0.Info>>Initializing Scatter Device, Vectors (all)                       
       0.Info>>Starting scattering...                                           
       0.Info>>Checking memory requirements for scattering calculation...       
       0.Info>>required limits.computation.memory.result_buffer=16              
       0.Info>>required limits.computation.memory.signal_buffer=16              
       0.Info>>required limits.computation.memory.exchange_buffer=0             
       0.Info>>required limits.computation.memory.alignpad_buffer=32            
       0.Info>>Memory limits ok                                                 
       0.Info>>Staging data...                                                  
       0.Info>>Forcing stager.mode=frames                                       
       0.Info>>Staging first partition.                                         
       0.Info>>Staging remaining partitions.                                    
       0.Info>>background scattering length set to 0                            
       0.Info>>Target initialized.                                              
       0.Info>>Target 'system' produces a background scattering length density of 0.0019098593171027747
       0.Info>>Starting computation...                                          
       0.Info>>Orientational averaging includes 100 vectors                     
       0.Info>>Setting progress sampling factor for monitoring to 1             
       0.Info>>Scattering finished...                                           
       0.Info>>.................................................................
       0.Info>>.....................R.U.N...A.N.A.L.Y.S.I.S.....................
       0.Info>>.................................................................
       0.Info>>Aggregating timing information for performance analysis...       
       0.Info>>                                                                 
       0.Info>>                    Performance Analysis                         
       0.Info>>-----------------------------------------------------------------
       0.Info>> mean and total runtimes:                                        
       0.Info>>-----------------------------------------------------------------
       0.Info>>          measure |    total |       count |     mean |   stddev 
       0.Info>>-----------------------------------------------------------------
       0.Info>>   sd:c:b:dspstore| 2.657e-02|        10000| 2.657e-06| 3.215e-06
       0.Info>>    sd:c:b:scatter| 6.171e-01|        10000| 6.171e-05| 1.573e-05
       0.Info>>        sd:c:block| 7.449e-01|          100| 7.449e-03| 5.357e-04
       0.Info>>         sd:c:init| 1.389e-01|          100| 1.389e-03| 2.826e-04
       0.Info>>       sd:c:reduce| 1.000e-04|          100| 1.000e-06| 5.152e-07
       0.Info>>         sd:c:wait| 1.370e-04|          100| 1.370e-06| 5.969e-07
       0.Info>>        sd:compute| 8.861e-01|          100| 8.861e-03| 6.808e-04
       0.Info>>         sd:runner| 8.895e-01|            8| 1.112e-01| 0.000e+00
       0.Info>>          sd:stage| 4.795e-03|            8| 5.994e-04| 0.000e+00
       0.Info>> sd:worker:scatter| 4.351e-01|        10000| 4.351e-05| 7.417e-06
       0.Info>>    sd:worker:wait| 3.790e-01|        10000| 3.790e-05| 1.462e-04
       0.Info>>          sd:write| 7.600e-04|          100| 7.600e-06| 5.661e-06
       0.Info>>           st:fill| 9.080e-04|            8| 1.135e-04| 0.000e+00
       0.Info>>          st:first| 3.430e-04|            1| 3.430e-04| 0.000e+00
       0.Info>>           st:load| 3.110e-04|            1| 3.110e-04| 0.000e+00
       0.Info>>           st:wait| 2.608e-03|            8| 3.260e-04| 0.000e+00
       0.Info>>-----------------------------------------------------------------
       0.Info>>-----------------------------------------------------------------
       0.Info>> watermarks:                                                     
       0.Info>>-----------------------------------------------------------------
       0.Info>>          measure |      min |      max                          
       0.Info>>-----------------------------------------------------------------
       0.Info>>   sd:c:b:dspstore| 1.000e-06| 2.620e-04                         
       0.Info>>    sd:c:b:scatter| 2.400e-05| 9.350e-04                         
       0.Info>>        sd:c:block| 5.430e-03| 9.170e-03                         
       0.Info>>         sd:c:init| 9.240e-04| 1.982e-03                         
       0.Info>>       sd:c:reduce| 0.000e+00| 2.000e-06                         
       0.Info>>         sd:c:wait| 0.000e+00| 3.000e-06                         
       0.Info>>        sd:compute| 6.494e-03| 1.076e-02                         
       0.Info>>         sd:runner| 9.874e-02| 1.226e-01                         
       0.Info>>          sd:stage| 5.960e-04| 6.020e-04                         
       0.Info>> sd:worker:scatter| 1.200e-05| 3.500e-04                         
       0.Info>>    sd:worker:wait| 6.000e-06| 2.046e-03                         
       0.Info>>          sd:write| 4.000e-06| 3.400e-05                         
       0.Info>>           st:fill| 1.030e-04| 1.180e-04                         
       0.Info>>          st:first| 3.430e-04| 3.430e-04                         
       0.Info>>           st:load| 3.110e-04| 3.110e-04                         
       0.Info>>           st:wait| 6.000e-06| 3.750e-04                         
       0.Info>>-----------------------------------------------------------------
       0.Info>>                                                                 
       0.Info>>         Performance Analysis (relative to total time * nodes)   
       0.Info>>-----------------------------------------------------------------
       0.Info>> mean and total runtimes:                                        
       0.Info>>-----------------------------------------------------------------
       0.Info>>          measure |    total |       count |     mean |   stddev 
       0.Info>>-----------------------------------------------------------------
       0.Info>>   sd:c:b:dspstore| 2.015e-02|        10000| 2.015e-06| 2.799e-06
       0.Info>>    sd:c:b:scatter| 4.680e-01|        10000| 4.680e-05| 1.370e-05
       0.Info>>        sd:c:block| 5.649e-01|          100| 5.649e-03| 4.665e-04
       0.Info>>         sd:c:init| 1.054e-01|          100| 1.054e-03| 2.461e-04
       0.Info>>       sd:c:reduce| 7.584e-05|          100| 7.584e-07| 4.486e-07
       0.Info>>         sd:c:wait| 1.039e-04|          100| 1.039e-06| 5.198e-07
       0.Info>>        sd:compute| 6.720e-01|          100| 6.720e-03| 5.929e-04
       0.Info>>         sd:runner| 6.746e-01|            8| 8.432e-02| 0.000e+00
       0.Info>>          sd:stage| 3.636e-03|            8| 4.545e-04| 0.000e+00
       0.Info>> sd:worker:scatter| 3.300e-01|        10000| 3.300e-05| 6.459e-06
       0.Info>>    sd:worker:wait| 2.874e-01|        10000| 2.874e-05| 1.273e-04
       0.Info>>          sd:write| 5.764e-04|          100| 5.764e-06| 4.930e-06
       0.Info>>           st:fill| 6.886e-04|            8| 8.607e-05| 0.000e+00
       0.Info>>          st:first| 2.601e-04|            1| 2.601e-04| 0.000e+00
       0.Info>>           st:load| 2.359e-04|            1| 2.359e-04| 0.000e+00
       0.Info>>           st:wait| 1.978e-03|            8| 2.472e-04| 0.000e+00
       0.Info>>-----------------------------------------------------------------
       0.Info>>-----------------------------------------------------------------
       0.Info>> watermarks:                                                     
       0.Info>>-----------------------------------------------------------------
       0.Info>>          measure |      min |      max                          
       0.Info>>-----------------------------------------------------------------
       0.Info>>   sd:c:b:dspstore| 7.584e-07| 1.987e-04                         
       0.Info>>    sd:c:b:scatter| 1.820e-05| 7.091e-04                         
       0.Info>>        sd:c:block| 4.118e-03| 6.954e-03                         
       0.Info>>         sd:c:init| 7.007e-04| 1.503e-03                         
       0.Info>>       sd:c:reduce| 0.000e+00| 1.517e-06                         
       0.Info>>         sd:c:wait| 0.000e+00| 2.275e-06                         
       0.Info>>        sd:compute| 4.925e-03| 8.156e-03                         
       0.Info>>         sd:runner| 7.488e-02| 9.299e-02                         
       0.Info>>          sd:stage| 4.520e-04| 4.565e-04                         
       0.Info>> sd:worker:scatter| 9.100e-06| 2.654e-04                         
       0.Info>>    sd:worker:wait| 4.550e-06| 1.552e-03                         
       0.Info>>          sd:write| 3.033e-06| 2.578e-05                         
       0.Info>>           st:fill| 7.811e-05| 8.949e-05                         
       0.Info>>          st:first| 2.601e-04| 2.601e-04                         
       0.Info>>           st:load| 2.359e-04| 2.359e-04                         
       0.Info>>           st:wait| 4.550e-06| 2.844e-04                         
       0.Info>>-----------------------------------------------------------------
       0.Info>>Total runtime (s): 0.164829                                      
       0.Info>>Successfully finished... Have a nice day!                        
