       0.Info>>This software is being developed by Benjamin Lindner.                    
       0.Info>>For help, suggestions or correspondense use:                             
       0.Info>>ben@benlabs.net, Benjamin Lindner (Main Developer, Impl. & Maintenance)  
       0.Info>>franc@cmm.ki.si, Franci Merzel (Methodology)                             
       0.Info>>For publications include the following references:                       
       0.Info>>.........................................................................
       0.Info>>1. Sassena - X-ray and Neutron Scattering Calculated                     
       0.Info>>  from Molecular Dynamics Trajectories using Massively Parallel Computers
       0.Info>>  published as a Computer Program in Physics Paper                       
       0.Info>>.........................................................................
       0.Info>>Version Information: 1.4.2                                       
       0.Info>>                                                                 
       0.Info>>.................................................................
       0.Info>>......................D.E.S.C.R.I.P.T.I.O.N......................
       0.Info>>.................................................................
       0.Info>>This binary computes the scattering intensities directly from    
       0.Info>>a molecular dynamics trajectory.                                 
       0.Info>>.................................................................
       0.Info>>.................................................................
       0.Info>>...................I.N.I.T.I.A.L.I.Z.A.T.I.O.N...................
       0.Info>>.................................................................
       0.Info>>No configuration file specified. Will use default                
       0.Info>>Looking for configuration file: scatter.xml                      
       0.Info>>Reading parameters from XML file: scatter.xml                    
       0.Info>>Added frames from /home/amajumda/study/continuum_simulations/gitlab/continuum-to-scattering/data/100_100_100_50_50_50/single_atom_shrink/iteration_006/t001/pdb_dcd/sample.dcd using format: dcd
       0.Info>>Options: first=0, last=0, lastset=0, stride=1                    
       0.Info>>stager.target=system                                             
       0.Info>>scattering.type=all                                              
       0.Info>>scattering.dsp.type=square                                       
       0.Info>>scattering.average.orientation.type=vectors                      
       0.Info>>scattering.average.orientation.vectors.type=sphere               
       0.Info>>scattering.average.orientation.vectors.algorithm=boost_uniform_on_sphere
       0.Info>>scattering.average.orientation.vectors.resolution=100            
       0.Info>>Generating orientations for orientational averaging using sphere,boost_uniform_on_sphere
       0.Info>>Initialized orientational averaging with 100 vectors.            
       0.Info>>scattering.signal.file=signal.h5                                 
       0.Info>>scattering.signal.filepath=/home/amajumda/study/continuum_simulations/gitlab/continuum-to-scattering/data/100_100_100_50_50_50/single_atom_shrink/iteration_006/t001/signal.h5
       0.Info>>scattering.signal.fqt=1                                          
       0.Info>>scattering.signal.fq0=1                                          
       0.Info>>scattering.signal.fq=1                                           
       0.Info>>scattering.signal.fq2=1                                          
       0.Info>>Analyzing command line for parameter overwrites                  
       0.Info>>Reading database from file: /home/amajumda/study/continuum_simulations/gitlab/continuum-to-scattering/data/100_100_100_50_50_50/single_atom_shrink/iteration_006/t001/database/db-neutron-coherent.xml
       0.Info>>Checking database...                                             
       0.Info>>Testing mapping between PDB names and atom labels                
       0.Info>>Testing database completeness for referenced atom labels         
       0.Info>>Check succeeded. Database seems OK.                              
       0.Info>>Initializing sample...                                           
       0.Info>>Reading structure from file: /home/amajumda/study/continuum_simulations/gitlab/continuum-to-scattering/data/100_100_100_50_50_50/single_atom_shrink/iteration_006/t001/pdb_dcd/sample.pdb
       0.Info>>Done. Atoms read: 125000                                         
       0.Info>>Reading frames from: /home/amajumda/study/continuum_simulations/gitlab/continuum-to-scattering/data/100_100_100_50_50_50/single_atom_shrink/iteration_006/t001/pdb_dcd/sample.dcd
       0.Info>>Found 1 frames                                                   
       0.Info>>Total number of coordinate sets found: 1                         
       0.Info>>Exchanging sample, database & params information with compute nodes... 
       0.Info>>params...                                                        
       0.Info>>database...                                                      
       0.Info>>sample...                                                        
       0.Info>>.................................................................
       0.Info>>......................C.O.M.P.U.T.A.T.I.O.N......................
       0.Info>>.................................................................
       0.Info>>Setting up services...                                           
       0.Info>>Initializing data file service...                                
       0.Info>>Initializing monitor service...                                  
       0.Info>>Starting data file service...                                    
       0.Info>>Starting monitor service...                                      
       0.Info>>Services setup and running...                                    
       0.Info>>Checking /home/amajumda/study/continuum_simulations/gitlab/continuum-to-scattering/data/100_100_100_50_50_50/single_atom_shrink/iteration_006/t001/signal.h5 for old results.
       0.Info>>Broadcasting service information                                 
       0.Info>>Server host name    : hzglap02                                   
       0.Info>>FileService Port    : 37837                                      
       0.Info>>MonitorService Port : 41833                                      
       0.Info>>Setting up parallel environment...                               
       0.Info>>Searching for decomposition plan:                                
       0.Info>>nodes    = 8                                                     
       0.Info>>qvectors = 100                                                   
       0.Info>>frames   = 1                                                     
       0.Info>>atoms   = 125000                                                 
       0.Info>>All interference scattering detected. Applying frame decomposition.
       0.Info>>Automatic decomposition. Searching for best utilization.         
       0.Info>>Final decomposition parameters:                                  
       0.Info>>NN                : 8                                            
       0.Info>>NQ                : 100                                          
       0.Info>>NAF               : 1                                            
       0.Info>>NP                : 8                                            
       0.Info>>NNpP              : 1                                            
       0.Info>>NAFcycles         : 1                                            
       0.Info>>NQcycles          : 13                                           
       0.Info>>CompEl (WASTE/USE): 4/100                                        
       0.Info>>utilization(1=best)    : 0.96153846153846156                     
       0.Info>>Initializing Scatter Device, Vectors (all)                       
       0.Info>>Starting scattering...                                           
       0.Info>>Checking memory requirements for scattering calculation...       
       0.Info>>required limits.computation.memory.result_buffer=16              
       0.Info>>required limits.computation.memory.signal_buffer=16              
       0.Info>>required limits.computation.memory.exchange_buffer=0             
       0.Info>>required limits.computation.memory.alignpad_buffer=32            
       0.Info>>Memory limits ok                                                 
       0.Info>>Staging data...                                                  
       0.Info>>Forcing stager.mode=frames                                       
       0.Info>>Staging first partition.                                         
       0.Info>>Staging remaining partitions.                                    
       0.Info>>background scattering length set to 0                            
       0.Info>>Target initialized.                                              
       0.Info>>Target 'system' produces a background scattering length density of 0.0020930292556653337
       0.Info>>Starting computation...                                          
       0.Info>>Orientational averaging includes 100 vectors                     
       0.Info>>Setting progress sampling factor for monitoring to 1             
       0.Info>>Progress: 2.010%, ETOTAL: 67.485550239234456 s, ETA: 66.129350239234455 s
       0.Info>>Progress: 4.019%, ETOTAL: 33.938160765550236 s, ETA: 32.574107765550238 s
       0.Info>>Progress: 6.155%, ETOTAL: 22.261583856268714 s, ETA: 20.891461856268716 s
       0.Info>>Progress: 11.675%, ETOTAL: 11.742103191270328 s, ETA: 10.371156191270329 s
       0.Info>>Progress: 22.205%, ETOTAL: 15.125006120092374 s, ETA: 11.766479120092376 s
       0.Info>>Progress: 32.330%, ETOTAL: 10.444941568355304 s, ETA: 7.0680785683553058 s
       0.Info>>Progress: 42.580%, ETOTAL: 8.0058378020323637 s, ETA: 4.5969418020323651 s
       0.Info>>Progress: 51.705%, ETOTAL: 10.370257624597071 s, ETA: 5.0083026245970732 s
       0.Info>>Progress: 61.455%, ETOTAL: 8.7926039011160899 s, ETA: 3.3890979011160915 s
       0.Info>>Progress: 71.830%, ETOTAL: 7.7092595243407249 s, ETA: 2.171688524340726 s
       0.Info>>Progress: 81.705%, ETOTAL: 9.0334036089753642 s, ETA: 1.6526496089753646 s
       0.Info>>Scattering finished...                                           
       0.Info>>.................................................................
       0.Info>>.....................R.U.N...A.N.A.L.Y.S.I.S.....................
       0.Info>>.................................................................
       0.Info>>Aggregating timing information for performance analysis...       
       0.Info>>                                                                 
       0.Info>>                    Performance Analysis                         
       0.Info>>-----------------------------------------------------------------
       0.Info>> mean and total runtimes:                                        
       0.Info>>-----------------------------------------------------------------
       0.Info>>          measure |    total |       count |     mean |   stddev 
       0.Info>>-----------------------------------------------------------------
       0.Info>>   sd:c:b:dspstore| 3.709e-02|        10000| 3.709e-06| 2.927e-06
       0.Info>>    sd:c:b:scatter| 4.416e+01|        10000| 4.416e-03| 7.805e-04
       0.Info>>        sd:c:block| 4.434e+01|          100| 4.434e-01| 4.056e-02
       0.Info>>         sd:c:init| 1.489e+01|          100| 1.489e-01| 2.686e-02
       0.Info>>       sd:c:reduce| 1.090e-04|          100| 1.090e-06| 8.299e-07
       0.Info>>         sd:c:wait| 1.680e-04|          100| 1.680e-06| 5.947e-07
       0.Info>>        sd:compute| 5.924e+01|          100| 5.924e-01| 5.463e-02
       0.Info>>         sd:runner| 5.924e+01|            8| 7.405e+00| 0.000e+00
       0.Info>>          sd:stage| 1.936e-01|            8| 2.419e-02| 0.000e+00
       0.Info>> sd:worker:scatter| 4.382e+01|        10000| 4.382e-03| 7.670e-04
       0.Info>>    sd:worker:wait| 1.532e+01|        10000| 1.532e-03| 1.509e-02
       0.Info>>          sd:write| 9.980e-04|          100| 9.980e-06| 7.347e-06
       0.Info>>           st:fill| 1.180e-02|            8| 1.475e-03| 0.000e+00
       0.Info>>          st:first| 2.260e-02|            1| 2.260e-02| 0.000e+00
       0.Info>>           st:load| 2.227e-02|            1| 2.227e-02| 0.000e+00
       0.Info>>           st:wait| 1.584e-01|            8| 1.980e-02| 0.000e+00
       0.Info>>-----------------------------------------------------------------
       0.Info>>-----------------------------------------------------------------
       0.Info>> watermarks:                                                     
       0.Info>>-----------------------------------------------------------------
       0.Info>>          measure |      min |      max                          
       0.Info>>-----------------------------------------------------------------
       0.Info>>   sd:c:b:dspstore| 2.000e-06| 2.220e-04                         
       0.Info>>    sd:c:b:scatter| 1.523e-03| 1.074e-02                         
       0.Info>>        sd:c:block| 1.592e-01| 5.606e-01                         
       0.Info>>         sd:c:init| 1.203e-01| 2.559e-01                         
       0.Info>>       sd:c:reduce| 0.000e+00| 8.000e-06                         
       0.Info>>         sd:c:wait| 1.000e-06| 3.000e-06                         
       0.Info>>        sd:compute| 2.821e-01| 8.165e-01                         
       0.Info>>         sd:runner| 6.428e+00| 8.237e+00                         
       0.Info>>          sd:stage| 2.404e-02| 2.426e-02                         
       0.Info>> sd:worker:scatter| 1.500e-03| 1.013e-02                         
       0.Info>>    sd:worker:wait| 2.000e-06| 2.560e-01                         
       0.Info>>          sd:write| 5.000e-06| 4.900e-05                         
       0.Info>>           st:fill| 1.318e-03| 1.537e-03                         
       0.Info>>          st:first| 2.260e-02| 2.260e-02                         
       0.Info>>           st:load| 2.227e-02| 2.227e-02                         
       0.Info>>           st:wait| 9.000e-06| 2.264e-02                         
       0.Info>>-----------------------------------------------------------------
       0.Info>>                                                                 
       0.Info>>         Performance Analysis (relative to total time * nodes)   
       0.Info>>-----------------------------------------------------------------
       0.Info>> mean and total runtimes:                                        
       0.Info>>-----------------------------------------------------------------
       0.Info>>          measure |    total |       count |     mean |   stddev 
       0.Info>>-----------------------------------------------------------------
       0.Info>>   sd:c:b:dspstore| 5.323e-04|        10000| 5.323e-08| 3.506e-07
       0.Info>>    sd:c:b:scatter| 6.336e-01|        10000| 6.336e-05| 9.349e-05
       0.Info>>        sd:c:block| 6.362e-01|          100| 6.362e-03| 4.859e-03
       0.Info>>         sd:c:init| 2.137e-01|          100| 2.137e-03| 3.218e-03
       0.Info>>       sd:c:reduce| 1.564e-06|          100| 1.564e-08| 9.941e-08
       0.Info>>         sd:c:wait| 2.411e-06|          100| 2.411e-08| 7.124e-08
       0.Info>>        sd:compute| 8.500e-01|          100| 8.500e-03| 6.544e-03
       0.Info>>         sd:runner| 8.500e-01|            8| 1.063e-01| 0.000e+00
       0.Info>>          sd:stage| 2.777e-03|            8| 3.472e-04| 0.000e+00
       0.Info>> sd:worker:scatter| 6.287e-01|        10000| 6.287e-05| 9.187e-05
       0.Info>>    sd:worker:wait| 2.198e-01|        10000| 2.198e-05| 1.808e-03
       0.Info>>          sd:write| 1.432e-05|          100| 1.432e-07| 8.801e-07
       0.Info>>           st:fill| 1.693e-04|            8| 2.116e-05| 0.000e+00
       0.Info>>          st:first| 3.243e-04|            1| 3.243e-04| 0.000e+00
       0.Info>>           st:load| 3.195e-04|            1| 3.195e-04| 0.000e+00
       0.Info>>           st:wait| 2.274e-03|            8| 2.842e-04| 0.000e+00
       0.Info>>-----------------------------------------------------------------
       0.Info>>-----------------------------------------------------------------
       0.Info>> watermarks:                                                     
       0.Info>>-----------------------------------------------------------------
       0.Info>>          measure |      min |      max                          
       0.Info>>-----------------------------------------------------------------
       0.Info>>   sd:c:b:dspstore| 2.870e-08| 3.186e-06                         
       0.Info>>    sd:c:b:scatter| 2.185e-05| 1.541e-04                         
       0.Info>>        sd:c:block| 2.284e-03| 8.044e-03                         
       0.Info>>         sd:c:init| 1.726e-03| 3.672e-03                         
       0.Info>>       sd:c:reduce| 0.000e+00| 1.148e-07                         
       0.Info>>         sd:c:wait| 1.435e-08| 4.305e-08                         
       0.Info>>        sd:compute| 4.047e-03| 1.172e-02                         
       0.Info>>         sd:runner| 9.224e-02| 1.182e-01                         
       0.Info>>          sd:stage| 3.449e-04| 3.481e-04                         
       0.Info>> sd:worker:scatter| 2.152e-05| 1.454e-04                         
       0.Info>>    sd:worker:wait| 2.870e-08| 3.674e-03                         
       0.Info>>          sd:write| 7.175e-08| 7.031e-07                         
       0.Info>>           st:fill| 1.891e-05| 2.205e-05                         
       0.Info>>          st:first| 3.243e-04| 3.243e-04                         
       0.Info>>           st:load| 3.195e-04| 3.195e-04                         
       0.Info>>           st:wait| 1.291e-07| 3.248e-04                         
       0.Info>>-----------------------------------------------------------------
       0.Info>>Total runtime (s): 8.7111809999999998                            
       0.Info>>Successfully finished... Have a nice day!                        
