       0.Info>>This software is being developed by Benjamin Lindner.                    
       0.Info>>For help, suggestions or correspondense use:                             
       0.Info>>ben@benlabs.net, Benjamin Lindner (Main Developer, Impl. & Maintenance)  
       0.Info>>franc@cmm.ki.si, Franci Merzel (Methodology)                             
       0.Info>>For publications include the following references:                       
       0.Info>>.........................................................................
       0.Info>>1. Sassena - X-ray and Neutron Scattering Calculated                     
       0.Info>>  from Molecular Dynamics Trajectories using Massively Parallel Computers
       0.Info>>  published as a Computer Program in Physics Paper                       
       0.Info>>.........................................................................
       0.Info>>Version Information: 1.4.2                                       
       0.Info>>                                                                 
       0.Info>>.................................................................
       0.Info>>......................D.E.S.C.R.I.P.T.I.O.N......................
       0.Info>>.................................................................
       0.Info>>This binary computes the scattering intensities directly from    
       0.Info>>a molecular dynamics trajectory.                                 
       0.Info>>.................................................................
       0.Info>>.................................................................
       0.Info>>...................I.N.I.T.I.A.L.I.Z.A.T.I.O.N...................
       0.Info>>.................................................................
       0.Info>>No configuration file specified. Will use default                
       0.Info>>Looking for configuration file: scatter.xml                      
       0.Info>>Reading parameters from XML file: scatter.xml                    
       0.Info>>Added frames from /home/amajumda/study/continuum_simulations/gitlab/continuum-to-scattering/data/100_100_100_10_10_10/single_atom_shrink/iteration_007/t008/pdb_dcd/sample.dcd using format: dcd
       0.Info>>Options: first=0, last=0, lastset=0, stride=1                    
       0.Info>>stager.target=system                                             
       0.Info>>scattering.type=all                                              
       0.Info>>scattering.dsp.type=square                                       
       0.Info>>scattering.average.orientation.type=vectors                      
       0.Info>>scattering.average.orientation.vectors.type=sphere               
       0.Info>>scattering.average.orientation.vectors.algorithm=boost_uniform_on_sphere
       0.Info>>scattering.average.orientation.vectors.resolution=100            
       0.Info>>Generating orientations for orientational averaging using sphere,boost_uniform_on_sphere
       0.Info>>Initialized orientational averaging with 100 vectors.            
       0.Info>>scattering.signal.file=signal.h5                                 
       0.Info>>scattering.signal.filepath=/home/amajumda/study/continuum_simulations/gitlab/continuum-to-scattering/data/100_100_100_10_10_10/single_atom_shrink/iteration_007/t008/signal.h5
       0.Info>>scattering.signal.fqt=1                                          
       0.Info>>scattering.signal.fq0=1                                          
       0.Info>>scattering.signal.fq=1                                           
       0.Info>>scattering.signal.fq2=1                                          
       0.Info>>Analyzing command line for parameter overwrites                  
       0.Info>>Reading database from file: /home/amajumda/study/continuum_simulations/gitlab/continuum-to-scattering/data/100_100_100_10_10_10/single_atom_shrink/iteration_007/t008/database/db-neutron-coherent.xml
       0.Info>>Checking database...                                             
       0.Info>>Testing mapping between PDB names and atom labels                
       0.Info>>Testing database completeness for referenced atom labels         
       0.Info>>Check succeeded. Database seems OK.                              
       0.Info>>Initializing sample...                                           
       0.Info>>Reading structure from file: /home/amajumda/study/continuum_simulations/gitlab/continuum-to-scattering/data/100_100_100_10_10_10/single_atom_shrink/iteration_007/t008/pdb_dcd/sample.pdb
       0.Info>>Done. Atoms read: 1000                                           
       0.Info>>Reading frames from: /home/amajumda/study/continuum_simulations/gitlab/continuum-to-scattering/data/100_100_100_10_10_10/single_atom_shrink/iteration_007/t008/pdb_dcd/sample.dcd
       0.Info>>Found 1 frames                                                   
       0.Info>>Total number of coordinate sets found: 1                         
       0.Info>>Exchanging sample, database & params information with compute nodes... 
       0.Info>>params...                                                        
       0.Info>>database...                                                      
       0.Info>>sample...                                                        
       0.Info>>.................................................................
       0.Info>>......................C.O.M.P.U.T.A.T.I.O.N......................
       0.Info>>.................................................................
       0.Info>>Setting up services...                                           
       0.Info>>Initializing data file service...                                
       0.Info>>Initializing monitor service...                                  
       0.Info>>Starting data file service...                                    
       0.Info>>Starting monitor service...                                      
       0.Info>>Services setup and running...                                    
       0.Info>>Checking /home/amajumda/study/continuum_simulations/gitlab/continuum-to-scattering/data/100_100_100_10_10_10/single_atom_shrink/iteration_007/t008/signal.h5 for old results.
       0.Info>>Broadcasting service information                                 
       0.Info>>Server host name    : hzglap02                                   
       0.Info>>FileService Port    : 38461                                      
       0.Info>>MonitorService Port : 38595                                      
       0.Info>>Setting up parallel environment...                               
       0.Info>>Searching for decomposition plan:                                
       0.Info>>nodes    = 8                                                     
       0.Info>>qvectors = 100                                                   
       0.Info>>frames   = 1                                                     
       0.Info>>atoms   = 1000                                                   
       0.Info>>All interference scattering detected. Applying frame decomposition.
       0.Info>>Automatic decomposition. Searching for best utilization.         
       0.Info>>Final decomposition parameters:                                  
       0.Info>>NN                : 8                                            
       0.Info>>NQ                : 100                                          
       0.Info>>NAF               : 1                                            
       0.Info>>NP                : 8                                            
       0.Info>>NNpP              : 1                                            
       0.Info>>NAFcycles         : 1                                            
       0.Info>>NQcycles          : 13                                           
       0.Info>>CompEl (WASTE/USE): 4/100                                        
       0.Info>>utilization(1=best)    : 0.96153846153846156                     
       0.Info>>Initializing Scatter Device, Vectors (all)                       
       0.Info>>Starting scattering...                                           
       0.Info>>Checking memory requirements for scattering calculation...       
       0.Info>>required limits.computation.memory.result_buffer=16              
       0.Info>>required limits.computation.memory.signal_buffer=16              
       0.Info>>required limits.computation.memory.exchange_buffer=0             
       0.Info>>required limits.computation.memory.alignpad_buffer=32            
       0.Info>>Memory limits ok                                                 
       0.Info>>Staging data...                                                  
       0.Info>>Forcing stager.mode=frames                                       
       0.Info>>Staging first partition.                                         
       0.Info>>Staging remaining partitions.                                    
       0.Info>>background scattering length set to 0                            
       0.Info>>Target initialized.                                              
       0.Info>>Target 'system' produces a background scattering length density of 0.0019098593171027747
       0.Info>>Starting computation...                                          
       0.Info>>Orientational averaging includes 100 vectors                     
       0.Info>>Setting progress sampling factor for monitoring to 1             
       0.Info>>Scattering finished...                                           
       0.Info>>.................................................................
       0.Info>>.....................R.U.N...A.N.A.L.Y.S.I.S.....................
       0.Info>>.................................................................
       0.Info>>Aggregating timing information for performance analysis...       
       0.Info>>                                                                 
       0.Info>>                    Performance Analysis                         
       0.Info>>-----------------------------------------------------------------
       0.Info>> mean and total runtimes:                                        
       0.Info>>-----------------------------------------------------------------
       0.Info>>          measure |    total |       count |     mean |   stddev 
       0.Info>>-----------------------------------------------------------------
       0.Info>>   sd:c:b:dspstore| 2.698e-02|        10000| 2.698e-06| 3.234e-06
       0.Info>>    sd:c:b:scatter| 6.276e-01|        10000| 6.276e-05| 2.094e-05
       0.Info>>        sd:c:block| 7.583e-01|          100| 7.583e-03| 5.304e-04
       0.Info>>         sd:c:init| 1.517e-01|          100| 1.517e-03| 5.918e-04
       0.Info>>       sd:c:reduce| 1.030e-04|          100| 1.030e-06| 5.474e-07
       0.Info>>         sd:c:wait| 1.440e-04|          100| 1.440e-06| 5.946e-07
       0.Info>>        sd:compute| 9.122e-01|          100| 9.122e-03| 7.501e-04
       0.Info>>         sd:runner| 9.160e-01|            8| 1.145e-01| 0.000e+00
       0.Info>>          sd:stage| 4.528e-03|            8| 5.660e-04| 0.000e+00
       0.Info>> sd:worker:scatter| 4.411e-01|        10000| 4.411e-05| 7.596e-06
       0.Info>>    sd:worker:wait| 3.973e-01|        10000| 3.973e-05| 1.695e-04
       0.Info>>          sd:write| 7.980e-04|          100| 7.980e-06| 5.233e-06
       0.Info>>           st:fill| 8.680e-04|            8| 1.085e-04| 0.000e+00
       0.Info>>          st:first| 3.450e-04|            1| 3.450e-04| 0.000e+00
       0.Info>>           st:load| 3.130e-04|            1| 3.130e-04| 0.000e+00
       0.Info>>           st:wait| 2.580e-03|            8| 3.225e-04| 0.000e+00
       0.Info>>-----------------------------------------------------------------
       0.Info>>-----------------------------------------------------------------
       0.Info>> watermarks:                                                     
       0.Info>>-----------------------------------------------------------------
       0.Info>>          measure |      min |      max                          
       0.Info>>-----------------------------------------------------------------
       0.Info>>   sd:c:b:dspstore| 1.000e-06| 2.660e-04                         
       0.Info>>    sd:c:b:scatter| 2.600e-05| 1.673e-03                         
       0.Info>>        sd:c:block| 5.041e-03| 9.075e-03                         
       0.Info>>         sd:c:init| 9.200e-04| 6.312e-03                         
       0.Info>>       sd:c:reduce| 0.000e+00| 3.000e-06                         
       0.Info>>         sd:c:wait| 1.000e-06| 3.000e-06                         
       0.Info>>        sd:compute| 6.430e-03| 1.370e-02                         
       0.Info>>         sd:runner| 9.947e-02| 1.282e-01                         
       0.Info>>          sd:stage| 5.620e-04| 5.680e-04                         
       0.Info>> sd:worker:scatter| 1.200e-05| 3.590e-04                         
       0.Info>>    sd:worker:wait| 1.200e-05| 6.374e-03                         
       0.Info>>          sd:write| 4.000e-06| 3.400e-05                         
       0.Info>>           st:fill| 9.700e-05| 1.130e-04                         
       0.Info>>          st:first| 3.450e-04| 3.450e-04                         
       0.Info>>           st:load| 3.130e-04| 3.130e-04                         
       0.Info>>           st:wait| 5.000e-06| 3.720e-04                         
       0.Info>>-----------------------------------------------------------------
       0.Info>>                                                                 
       0.Info>>         Performance Analysis (relative to total time * nodes)   
       0.Info>>-----------------------------------------------------------------
       0.Info>> mean and total runtimes:                                        
       0.Info>>-----------------------------------------------------------------
       0.Info>>          measure |    total |       count |     mean |   stddev 
       0.Info>>-----------------------------------------------------------------
       0.Info>>   sd:c:b:dspstore| 1.911e-02|        10000| 1.911e-06| 2.722e-06
       0.Info>>    sd:c:b:scatter| 4.445e-01|        10000| 4.445e-05| 1.762e-05
       0.Info>>        sd:c:block| 5.372e-01|          100| 5.372e-03| 4.464e-04
       0.Info>>         sd:c:init| 1.074e-01|          100| 1.074e-03| 4.981e-04
       0.Info>>       sd:c:reduce| 7.296e-05|          100| 7.296e-07| 4.607e-07
       0.Info>>         sd:c:wait| 1.020e-04|          100| 1.020e-06| 5.004e-07
       0.Info>>        sd:compute| 6.462e-01|          100| 6.462e-03| 6.313e-04
       0.Info>>         sd:runner| 6.489e-01|            8| 8.111e-02| 0.000e+00
       0.Info>>          sd:stage| 3.207e-03|            8| 4.009e-04| 0.000e+00
       0.Info>> sd:worker:scatter| 3.124e-01|        10000| 3.124e-05| 6.393e-06
       0.Info>>    sd:worker:wait| 2.814e-01|        10000| 2.814e-05| 1.426e-04
       0.Info>>          sd:write| 5.653e-04|          100| 5.653e-06| 4.404e-06
       0.Info>>           st:fill| 6.149e-04|            8| 7.686e-05| 0.000e+00
       0.Info>>          st:first| 2.444e-04|            1| 2.444e-04| 0.000e+00
       0.Info>>           st:load| 2.217e-04|            1| 2.217e-04| 0.000e+00
       0.Info>>           st:wait| 1.828e-03|            8| 2.284e-04| 0.000e+00
       0.Info>>-----------------------------------------------------------------
       0.Info>>-----------------------------------------------------------------
       0.Info>> watermarks:                                                     
       0.Info>>-----------------------------------------------------------------
       0.Info>>          measure |      min |      max                          
       0.Info>>-----------------------------------------------------------------
       0.Info>>   sd:c:b:dspstore| 7.084e-07| 1.884e-04                         
       0.Info>>    sd:c:b:scatter| 1.842e-05| 1.185e-03                         
       0.Info>>        sd:c:block| 3.571e-03| 6.428e-03                         
       0.Info>>         sd:c:init| 6.517e-04| 4.471e-03                         
       0.Info>>       sd:c:reduce| 0.000e+00| 2.125e-06                         
       0.Info>>         sd:c:wait| 7.084e-07| 2.125e-06                         
       0.Info>>        sd:compute| 4.555e-03| 9.702e-03                         
       0.Info>>         sd:runner| 7.046e-02| 9.084e-02                         
       0.Info>>          sd:stage| 3.981e-04| 4.024e-04                         
       0.Info>> sd:worker:scatter| 8.500e-06| 2.543e-04                         
       0.Info>>    sd:worker:wait| 8.500e-06| 4.515e-03                         
       0.Info>>          sd:write| 2.833e-06| 2.408e-05                         
       0.Info>>           st:fill| 6.871e-05| 8.005e-05                         
       0.Info>>          st:first| 2.444e-04| 2.444e-04                         
       0.Info>>           st:load| 2.217e-04| 2.217e-04                         
       0.Info>>           st:wait| 3.542e-06| 2.635e-04                         
       0.Info>>-----------------------------------------------------------------
       0.Info>>Total runtime (s): 0.17646300000000001                           
       0.Info>>Successfully finished... Have a nice day!                        
