       0.Info>>This software is being developed by Benjamin Lindner.                    
       0.Info>>For help, suggestions or correspondense use:                             
       0.Info>>ben@benlabs.net, Benjamin Lindner (Main Developer, Impl. & Maintenance)  
       0.Info>>franc@cmm.ki.si, Franci Merzel (Methodology)                             
       0.Info>>For publications include the following references:                       
       0.Info>>.........................................................................
       0.Info>>1. Sassena - X-ray and Neutron Scattering Calculated                     
       0.Info>>  from Molecular Dynamics Trajectories using Massively Parallel Computers
       0.Info>>  published as a Computer Program in Physics Paper                       
       0.Info>>.........................................................................
       0.Info>>Version Information: 1.4.2                                       
       0.Info>>                                                                 
       0.Info>>.................................................................
       0.Info>>......................D.E.S.C.R.I.P.T.I.O.N......................
       0.Info>>.................................................................
       0.Info>>This binary computes the scattering intensities directly from    
       0.Info>>a molecular dynamics trajectory.                                 
       0.Info>>.................................................................
       0.Info>>.................................................................
       0.Info>>...................I.N.I.T.I.A.L.I.Z.A.T.I.O.N...................
       0.Info>>.................................................................
       0.Info>>No configuration file specified. Will use default                
       0.Info>>Looking for configuration file: scatter.xml                      
       0.Info>>Reading parameters from XML file: scatter.xml                    
       0.Info>>Added frames from /home/amajumda/study/continuum_simulations/gitlab/continuum-to-scattering/data/100_100_100_50_50_50/single_atom_shrink/iteration_012/t009/pdb_dcd/sample.dcd using format: dcd
       0.Info>>Options: first=0, last=0, lastset=0, stride=1                    
       0.Info>>stager.target=system                                             
       0.Info>>scattering.type=all                                              
       0.Info>>scattering.dsp.type=square                                       
       0.Info>>scattering.average.orientation.type=vectors                      
       0.Info>>scattering.average.orientation.vectors.type=sphere               
       0.Info>>scattering.average.orientation.vectors.algorithm=boost_uniform_on_sphere
       0.Info>>scattering.average.orientation.vectors.resolution=100            
       0.Info>>Generating orientations for orientational averaging using sphere,boost_uniform_on_sphere
       0.Info>>Initialized orientational averaging with 100 vectors.            
       0.Info>>scattering.signal.file=signal.h5                                 
       0.Info>>scattering.signal.filepath=/home/amajumda/study/continuum_simulations/gitlab/continuum-to-scattering/data/100_100_100_50_50_50/single_atom_shrink/iteration_012/t009/signal.h5
       0.Info>>scattering.signal.fqt=1                                          
       0.Info>>scattering.signal.fq0=1                                          
       0.Info>>scattering.signal.fq=1                                           
       0.Info>>scattering.signal.fq2=1                                          
       0.Info>>Analyzing command line for parameter overwrites                  
       0.Info>>Reading database from file: /home/amajumda/study/continuum_simulations/gitlab/continuum-to-scattering/data/100_100_100_50_50_50/single_atom_shrink/iteration_012/t009/database/db-neutron-coherent.xml
       0.Info>>Checking database...                                             
       0.Info>>Testing mapping between PDB names and atom labels                
       0.Info>>Testing database completeness for referenced atom labels         
       0.Info>>Check succeeded. Database seems OK.                              
       0.Info>>Initializing sample...                                           
       0.Info>>Reading structure from file: /home/amajumda/study/continuum_simulations/gitlab/continuum-to-scattering/data/100_100_100_50_50_50/single_atom_shrink/iteration_012/t009/pdb_dcd/sample.pdb
       0.Info>>Done. Atoms read: 125000                                         
       0.Info>>Reading frames from: /home/amajumda/study/continuum_simulations/gitlab/continuum-to-scattering/data/100_100_100_50_50_50/single_atom_shrink/iteration_012/t009/pdb_dcd/sample.dcd
       0.Info>>Found 1 frames                                                   
       0.Info>>Total number of coordinate sets found: 1                         
       0.Info>>Exchanging sample, database & params information with compute nodes... 
       0.Info>>params...                                                        
       0.Info>>database...                                                      
       0.Info>>sample...                                                        
       0.Info>>.................................................................
       0.Info>>......................C.O.M.P.U.T.A.T.I.O.N......................
       0.Info>>.................................................................
       0.Info>>Setting up services...                                           
       0.Info>>Initializing data file service...                                
       0.Info>>Initializing monitor service...                                  
       0.Info>>Starting data file service...                                    
       0.Info>>Starting monitor service...                                      
       0.Info>>Services setup and running...                                    
       0.Info>>Checking /home/amajumda/study/continuum_simulations/gitlab/continuum-to-scattering/data/100_100_100_50_50_50/single_atom_shrink/iteration_012/t009/signal.h5 for old results.
       0.Info>>Broadcasting service information                                 
       0.Info>>Server host name    : hzglap02                                   
       0.Info>>FileService Port    : 43523                                      
       0.Info>>MonitorService Port : 39885                                      
       0.Info>>Setting up parallel environment...                               
       0.Info>>Searching for decomposition plan:                                
       0.Info>>nodes    = 8                                                     
       0.Info>>qvectors = 100                                                   
       0.Info>>frames   = 1                                                     
       0.Info>>atoms   = 125000                                                 
       0.Info>>All interference scattering detected. Applying frame decomposition.
       0.Info>>Automatic decomposition. Searching for best utilization.         
       0.Info>>Final decomposition parameters:                                  
       0.Info>>NN                : 8                                            
       0.Info>>NQ                : 100                                          
       0.Info>>NAF               : 1                                            
       0.Info>>NP                : 8                                            
       0.Info>>NNpP              : 1                                            
       0.Info>>NAFcycles         : 1                                            
       0.Info>>NQcycles          : 13                                           
       0.Info>>CompEl (WASTE/USE): 4/100                                        
       0.Info>>utilization(1=best)    : 0.96153846153846156                     
       0.Info>>Initializing Scatter Device, Vectors (all)                       
       0.Info>>Starting scattering...                                           
       0.Info>>Checking memory requirements for scattering calculation...       
       0.Info>>required limits.computation.memory.result_buffer=16              
       0.Info>>required limits.computation.memory.signal_buffer=16              
       0.Info>>required limits.computation.memory.exchange_buffer=0             
       0.Info>>required limits.computation.memory.alignpad_buffer=32            
       0.Info>>Memory limits ok                                                 
       0.Info>>Staging data...                                                  
       0.Info>>Forcing stager.mode=frames                                       
       0.Info>>Staging first partition.                                         
       0.Info>>Staging remaining partitions.                                    
       0.Info>>background scattering length set to 0                            
       0.Info>>Target initialized.                                              
       0.Info>>Target 'system' produces a background scattering length density of 4.7479951449635201e-05
       0.Info>>Starting computation...                                          
       0.Info>>Orientational averaging includes 100 vectors                     
       0.Info>>Setting progress sampling factor for monitoring to 1             
       0.Info>>Progress: 2.135%, ETOTAL: 62.139441951219517 s, ETA: 60.812505951219514 s
       0.Info>>Progress: 4.270%, ETOTAL: 31.344963783073748 s, ETA: 30.006523783073749 s
       0.Info>>Progress: 6.405%, ETOTAL: 20.906693356687096 s, ETA: 19.567693356687098 s
       0.Info>>Progress: 10.925%, ETOTAL: 12.41013067331671 s, ETA: 11.054363673316709 s
       0.Info>>Progress: 21.830%, ETOTAL: 15.224047100278961 s, ETA: 11.90061810027896 s
       0.Info>>Progress: 32.580%, ETOTAL: 10.218811844564682 s, ETA: 6.8895098445646816 s
       0.Info>>Progress: 40.080%, ETOTAL: 8.3706368972411038 s, ETA: 5.0156748972411034 s
       0.Info>>Progress: 50.330%, ETOTAL: 10.585047545055083 s, ETA: 5.2575795450550835 s
       0.Info>>Progress: 60.330%, ETOTAL: 8.8827890134410037 s, ETA: 3.5237910134410031 s
       0.Info>>Progress: 70.330%, ETOTAL: 7.7270426468577709 s, ETA: 2.2926036468577697 s
       0.Info>>Progress: 82.955%, ETOTAL: 8.8760034000463648 s, ETA: 1.5129034000463637 s
       0.Info>>Scattering finished...                                           
       0.Info>>.................................................................
       0.Info>>.....................R.U.N...A.N.A.L.Y.S.I.S.....................
       0.Info>>.................................................................
       0.Info>>Aggregating timing information for performance analysis...       
       0.Info>>                                                                 
       0.Info>>                    Performance Analysis                         
       0.Info>>-----------------------------------------------------------------
       0.Info>> mean and total runtimes:                                        
       0.Info>>-----------------------------------------------------------------
       0.Info>>          measure |    total |       count |     mean |   stddev 
       0.Info>>-----------------------------------------------------------------
       0.Info>>   sd:c:b:dspstore| 3.600e-02|        10000| 3.600e-06| 2.037e-06
       0.Info>>    sd:c:b:scatter| 4.345e+01|        10000| 4.345e-03| 7.108e-04
       0.Info>>        sd:c:block| 4.362e+01|          100| 4.362e-01| 3.613e-02
       0.Info>>         sd:c:init| 1.474e+01|          100| 1.474e-01| 2.800e-02
       0.Info>>       sd:c:reduce| 9.700e-05|          100| 9.700e-07| 5.654e-07
       0.Info>>         sd:c:wait| 1.590e-04|          100| 1.590e-06| 5.391e-07
       0.Info>>        sd:compute| 5.837e+01|          100| 5.837e-01| 5.113e-02
       0.Info>>         sd:runner| 5.837e+01|            8| 7.296e+00| 0.000e+00
       0.Info>>          sd:stage| 2.010e-01|            8| 2.513e-02| 0.000e+00
       0.Info>> sd:worker:scatter| 4.312e+01|        10000| 4.312e-03| 7.052e-04
       0.Info>>    sd:worker:wait| 1.515e+01|        10000| 1.515e-03| 1.495e-02
       0.Info>>          sd:write| 9.620e-04|          100| 9.620e-06| 7.113e-06
       0.Info>>           st:fill| 1.330e-02|            8| 1.663e-03| 0.000e+00
       0.Info>>          st:first| 2.334e-02|            1| 2.334e-02| 0.000e+00
       0.Info>>           st:load| 2.301e-02|            1| 2.301e-02| 0.000e+00
       0.Info>>           st:wait| 1.636e-01|            8| 2.046e-02| 0.000e+00
       0.Info>>-----------------------------------------------------------------
       0.Info>>-----------------------------------------------------------------
       0.Info>> watermarks:                                                     
       0.Info>>-----------------------------------------------------------------
       0.Info>>          measure |      min |      max                          
       0.Info>>-----------------------------------------------------------------
       0.Info>>   sd:c:b:dspstore| 2.000e-06| 8.000e-05                         
       0.Info>>    sd:c:b:scatter| 1.561e-03| 6.921e-03                         
       0.Info>>        sd:c:block| 1.666e-01| 5.134e-01                         
       0.Info>>         sd:c:init| 1.178e-01| 2.274e-01                         
       0.Info>>       sd:c:reduce| 0.000e+00| 2.000e-06                         
       0.Info>>         sd:c:wait| 1.000e-06| 3.000e-06                         
       0.Info>>        sd:compute| 2.977e-01| 7.290e-01                         
       0.Info>>         sd:runner| 6.324e+00| 7.677e+00                         
       0.Info>>          sd:stage| 2.500e-02| 2.522e-02                         
       0.Info>> sd:worker:scatter| 1.538e-03| 6.851e-03                         
       0.Info>>    sd:worker:wait| 1.900e-05| 2.275e-01                         
       0.Info>>          sd:write| 5.000e-06| 4.100e-05                         
       0.Info>>           st:fill| 1.530e-03| 1.754e-03                         
       0.Info>>          st:first| 2.334e-02| 2.334e-02                         
       0.Info>>           st:load| 2.301e-02| 2.301e-02                         
       0.Info>>           st:wait| 9.000e-06| 2.338e-02                         
       0.Info>>-----------------------------------------------------------------
       0.Info>>                                                                 
       0.Info>>         Performance Analysis (relative to total time * nodes)   
       0.Info>>-----------------------------------------------------------------
       0.Info>> mean and total runtimes:                                        
       0.Info>>-----------------------------------------------------------------
       0.Info>>          measure |    total |       count |     mean |   stddev 
       0.Info>>-----------------------------------------------------------------
       0.Info>>   sd:c:b:dspstore| 5.562e-04|        10000| 5.562e-08| 2.532e-07
       0.Info>>    sd:c:b:scatter| 6.713e-01|        10000| 6.713e-05| 8.835e-05
       0.Info>>        sd:c:block| 6.740e-01|          100| 6.740e-03| 4.491e-03
       0.Info>>         sd:c:init| 2.277e-01|          100| 2.277e-03| 3.481e-03
       0.Info>>       sd:c:reduce| 1.499e-06|          100| 1.499e-08| 7.028e-08
       0.Info>>         sd:c:wait| 2.457e-06|          100| 2.457e-08| 6.701e-08
       0.Info>>        sd:compute| 9.018e-01|          100| 9.018e-03| 6.355e-03
       0.Info>>         sd:runner| 9.018e-01|            8| 1.127e-01| 0.000e+00
       0.Info>>          sd:stage| 3.106e-03|            8| 3.882e-04| 0.000e+00
       0.Info>> sd:worker:scatter| 6.662e-01|        10000| 6.662e-05| 8.766e-05
       0.Info>>    sd:worker:wait| 2.340e-01|        10000| 2.340e-05| 1.858e-03
       0.Info>>          sd:write| 1.486e-05|          100| 1.486e-07| 8.842e-07
       0.Info>>           st:fill| 2.055e-04|            8| 2.569e-05| 0.000e+00
       0.Info>>          st:first| 3.606e-04|            1| 3.606e-04| 0.000e+00
       0.Info>>           st:load| 3.555e-04|            1| 3.555e-04| 0.000e+00
       0.Info>>           st:wait| 2.528e-03|            8| 3.160e-04| 0.000e+00
       0.Info>>-----------------------------------------------------------------
       0.Info>>-----------------------------------------------------------------
       0.Info>> watermarks:                                                     
       0.Info>>-----------------------------------------------------------------
       0.Info>>          measure |      min |      max                          
       0.Info>>-----------------------------------------------------------------
       0.Info>>   sd:c:b:dspstore| 3.090e-08| 1.236e-06                         
       0.Info>>    sd:c:b:scatter| 2.412e-05| 1.069e-04                         
       0.Info>>        sd:c:block| 2.574e-03| 7.932e-03                         
       0.Info>>         sd:c:init| 1.821e-03| 3.514e-03                         
       0.Info>>       sd:c:reduce| 0.000e+00| 3.090e-08                         
       0.Info>>         sd:c:wait| 1.545e-08| 4.635e-08                         
       0.Info>>        sd:compute| 4.599e-03| 1.126e-02                         
       0.Info>>         sd:runner| 9.771e-02| 1.186e-01                         
       0.Info>>          sd:stage| 3.862e-04| 3.896e-04                         
       0.Info>> sd:worker:scatter| 2.376e-05| 1.059e-04                         
       0.Info>>    sd:worker:wait| 2.936e-07| 3.515e-03                         
       0.Info>>          sd:write| 7.725e-08| 6.335e-07                         
       0.Info>>           st:fill| 2.364e-05| 2.710e-05                         
       0.Info>>          st:first| 3.606e-04| 3.606e-04                         
       0.Info>>           st:load| 3.555e-04| 3.555e-04                         
       0.Info>>           st:wait| 1.391e-07| 3.612e-04                         
       0.Info>>-----------------------------------------------------------------
       0.Info>>Total runtime (s): 8.0903799999999997                            
       0.Info>>Successfully finished... Have a nice day!                        
