       0.Info>>This software is being developed by Benjamin Lindner.                    
       0.Info>>For help, suggestions or correspondense use:                             
       0.Info>>ben@benlabs.net, Benjamin Lindner (Main Developer, Impl. & Maintenance)  
       0.Info>>franc@cmm.ki.si, Franci Merzel (Methodology)                             
       0.Info>>For publications include the following references:                       
       0.Info>>.........................................................................
       0.Info>>1. Sassena - X-ray and Neutron Scattering Calculated                     
       0.Info>>  from Molecular Dynamics Trajectories using Massively Parallel Computers
       0.Info>>  published as a Computer Program in Physics Paper                       
       0.Info>>.........................................................................
       0.Info>>Version Information: 1.4.2                                       
       0.Info>>                                                                 
       0.Info>>.................................................................
       0.Info>>......................D.E.S.C.R.I.P.T.I.O.N......................
       0.Info>>.................................................................
       0.Info>>This binary computes the scattering intensities directly from    
       0.Info>>a molecular dynamics trajectory.                                 
       0.Info>>.................................................................
       0.Info>>.................................................................
       0.Info>>...................I.N.I.T.I.A.L.I.Z.A.T.I.O.N...................
       0.Info>>.................................................................
       0.Info>>No configuration file specified. Will use default                
       0.Info>>Looking for configuration file: scatter.xml                      
       0.Info>>Reading parameters from XML file: scatter.xml                    
       0.Info>>Added frames from /home/amajumda/study/continuum_simulations/gitlab/continuum-to-scattering/data/100_100_100_10_10_10/single_atom_shrink/iteration_002/t002/pdb_dcd/sample.dcd using format: dcd
       0.Info>>Options: first=0, last=0, lastset=0, stride=1                    
       0.Info>>stager.target=system                                             
       0.Info>>scattering.type=all                                              
       0.Info>>scattering.dsp.type=square                                       
       0.Info>>scattering.average.orientation.type=vectors                      
       0.Info>>scattering.average.orientation.vectors.type=sphere               
       0.Info>>scattering.average.orientation.vectors.algorithm=boost_uniform_on_sphere
       0.Info>>scattering.average.orientation.vectors.resolution=100            
       0.Info>>Generating orientations for orientational averaging using sphere,boost_uniform_on_sphere
       0.Info>>Initialized orientational averaging with 100 vectors.            
       0.Info>>scattering.signal.file=signal.h5                                 
       0.Info>>scattering.signal.filepath=/home/amajumda/study/continuum_simulations/gitlab/continuum-to-scattering/data/100_100_100_10_10_10/single_atom_shrink/iteration_002/t002/signal.h5
       0.Info>>scattering.signal.fqt=1                                          
       0.Info>>scattering.signal.fq0=1                                          
       0.Info>>scattering.signal.fq=1                                           
       0.Info>>scattering.signal.fq2=1                                          
       0.Info>>Analyzing command line for parameter overwrites                  
       0.Info>>Reading database from file: /home/amajumda/study/continuum_simulations/gitlab/continuum-to-scattering/data/100_100_100_10_10_10/single_atom_shrink/iteration_002/t002/database/db-neutron-coherent.xml
       0.Info>>Checking database...                                             
       0.Info>>Testing mapping between PDB names and atom labels                
       0.Info>>Testing database completeness for referenced atom labels         
       0.Info>>Check succeeded. Database seems OK.                              
       0.Info>>Initializing sample...                                           
       0.Info>>Reading structure from file: /home/amajumda/study/continuum_simulations/gitlab/continuum-to-scattering/data/100_100_100_10_10_10/single_atom_shrink/iteration_002/t002/pdb_dcd/sample.pdb
       0.Info>>Done. Atoms read: 1000                                           
       0.Info>>Reading frames from: /home/amajumda/study/continuum_simulations/gitlab/continuum-to-scattering/data/100_100_100_10_10_10/single_atom_shrink/iteration_002/t002/pdb_dcd/sample.dcd
       0.Info>>Found 1 frames                                                   
       0.Info>>Total number of coordinate sets found: 1                         
       0.Info>>Exchanging sample, database & params information with compute nodes... 
       0.Info>>params...                                                        
       0.Info>>database...                                                      
       0.Info>>sample...                                                        
       0.Info>>.................................................................
       0.Info>>......................C.O.M.P.U.T.A.T.I.O.N......................
       0.Info>>.................................................................
       0.Info>>Setting up services...                                           
       0.Info>>Initializing data file service...                                
       0.Info>>Initializing monitor service...                                  
       0.Info>>Starting data file service...                                    
       0.Info>>Starting monitor service...                                      
       0.Info>>Services setup and running...                                    
       0.Info>>Checking /home/amajumda/study/continuum_simulations/gitlab/continuum-to-scattering/data/100_100_100_10_10_10/single_atom_shrink/iteration_002/t002/signal.h5 for old results.
       0.Info>>Broadcasting service information                                 
       0.Info>>Server host name    : hzglap02                                   
       0.Info>>FileService Port    : 33163                                      
       0.Info>>MonitorService Port : 41659                                      
       0.Info>>Setting up parallel environment...                               
       0.Info>>Searching for decomposition plan:                                
       0.Info>>nodes    = 8                                                     
       0.Info>>qvectors = 100                                                   
       0.Info>>frames   = 1                                                     
       0.Info>>atoms   = 1000                                                   
       0.Info>>All interference scattering detected. Applying frame decomposition.
       0.Info>>Automatic decomposition. Searching for best utilization.         
       0.Info>>Final decomposition parameters:                                  
       0.Info>>NN                : 8                                            
       0.Info>>NQ                : 100                                          
       0.Info>>NAF               : 1                                            
       0.Info>>NP                : 8                                            
       0.Info>>NNpP              : 1                                            
       0.Info>>NAFcycles         : 1                                            
       0.Info>>NQcycles          : 13                                           
       0.Info>>CompEl (WASTE/USE): 4/100                                        
       0.Info>>utilization(1=best)    : 0.96153846153846156                     
       0.Info>>Initializing Scatter Device, Vectors (all)                       
       0.Info>>Starting scattering...                                           
       0.Info>>Checking memory requirements for scattering calculation...       
       0.Info>>required limits.computation.memory.result_buffer=16              
       0.Info>>required limits.computation.memory.signal_buffer=16              
       0.Info>>required limits.computation.memory.exchange_buffer=0             
       0.Info>>required limits.computation.memory.alignpad_buffer=32            
       0.Info>>Memory limits ok                                                 
       0.Info>>Staging data...                                                  
       0.Info>>Forcing stager.mode=frames                                       
       0.Info>>Staging first partition.                                         
       0.Info>>Staging remaining partitions.                                    
       0.Info>>background scattering length set to 0                            
       0.Info>>Target initialized.                                              
       0.Info>>Target 'system' produces a background scattering length density of 0.2274854653260189
       0.Info>>Starting computation...                                          
       0.Info>>Orientational averaging includes 100 vectors                     
       0.Info>>Setting progress sampling factor for monitoring to 1             
       0.Info>>Scattering finished...                                           
       0.Info>>.................................................................
       0.Info>>.....................R.U.N...A.N.A.L.Y.S.I.S.....................
       0.Info>>.................................................................
       0.Info>>Aggregating timing information for performance analysis...       
       0.Info>>                                                                 
       0.Info>>                    Performance Analysis                         
       0.Info>>-----------------------------------------------------------------
       0.Info>> mean and total runtimes:                                        
       0.Info>>-----------------------------------------------------------------
       0.Info>>          measure |    total |       count |     mean |   stddev 
       0.Info>>-----------------------------------------------------------------
       0.Info>>   sd:c:b:dspstore| 2.633e-02|        10000| 2.633e-06| 1.588e-06
       0.Info>>    sd:c:b:scatter| 6.072e-01|        10000| 6.072e-05| 1.439e-05
       0.Info>>        sd:c:block| 7.351e-01|          100| 7.351e-03| 4.603e-04
       0.Info>>         sd:c:init| 1.404e-01|          100| 1.404e-03| 2.945e-04
       0.Info>>       sd:c:reduce| 1.000e-04|          100| 1.000e-06| 5.140e-07
       0.Info>>         sd:c:wait| 1.430e-04|          100| 1.430e-06| 5.779e-07
       0.Info>>        sd:compute| 8.777e-01|          100| 8.777e-03| 5.742e-04
       0.Info>>         sd:runner| 8.815e-01|            8| 1.102e-01| 0.000e+00
       0.Info>>          sd:stage| 3.259e-03|            8| 4.074e-04| 0.000e+00
       0.Info>> sd:worker:scatter| 4.230e-01|        10000| 4.230e-05| 7.083e-06
       0.Info>>    sd:worker:wait| 3.827e-01|        10000| 3.827e-05| 1.494e-04
       0.Info>>          sd:write| 7.940e-04|          100| 7.940e-06| 6.315e-06
       0.Info>>           st:fill| 6.450e-04|            8| 8.062e-05| 0.000e+00
       0.Info>>          st:first| 2.300e-04|            1| 2.300e-04| 0.000e+00
       0.Info>>           st:load| 2.050e-04|            1| 2.050e-04| 0.000e+00
       0.Info>>           st:wait| 1.827e-03|            8| 2.284e-04| 0.000e+00
       0.Info>>-----------------------------------------------------------------
       0.Info>>-----------------------------------------------------------------
       0.Info>> watermarks:                                                     
       0.Info>>-----------------------------------------------------------------
       0.Info>>          measure |      min |      max                          
       0.Info>>-----------------------------------------------------------------
       0.Info>>   sd:c:b:dspstore| 1.000e-06| 7.100e-05                         
       0.Info>>    sd:c:b:scatter| 2.800e-05| 7.260e-04                         
       0.Info>>        sd:c:block| 5.469e-03| 8.450e-03                         
       0.Info>>         sd:c:init| 9.490e-04| 2.133e-03                         
       0.Info>>       sd:c:reduce| 0.000e+00| 2.000e-06                         
       0.Info>>         sd:c:wait| 0.000e+00| 3.000e-06                         
       0.Info>>        sd:compute| 7.204e-03| 1.012e-02                         
       0.Info>>         sd:runner| 1.046e-01| 1.160e-01                         
       0.Info>>          sd:stage| 4.020e-04| 4.110e-04                         
       0.Info>> sd:worker:scatter| 1.200e-05| 3.350e-04                         
       0.Info>>    sd:worker:wait| 1.200e-05| 2.945e-03                         
       0.Info>>          sd:write| 4.000e-06| 4.100e-05                         
       0.Info>>           st:fill| 7.400e-05| 8.700e-05                         
       0.Info>>          st:first| 2.300e-04| 2.300e-04                         
       0.Info>>           st:load| 2.050e-04| 2.050e-04                         
       0.Info>>           st:wait| 4.000e-06| 2.630e-04                         
       0.Info>>-----------------------------------------------------------------
       0.Info>>                                                                 
       0.Info>>         Performance Analysis (relative to total time * nodes)   
       0.Info>>-----------------------------------------------------------------
       0.Info>> mean and total runtimes:                                        
       0.Info>>-----------------------------------------------------------------
       0.Info>>          measure |    total |       count |     mean |   stddev 
       0.Info>>-----------------------------------------------------------------
       0.Info>>   sd:c:b:dspstore| 2.082e-02|        10000| 2.082e-06| 1.412e-06
       0.Info>>    sd:c:b:scatter| 4.802e-01|        10000| 4.802e-05| 1.279e-05
       0.Info>>        sd:c:block| 5.814e-01|          100| 5.814e-03| 4.093e-04
       0.Info>>         sd:c:init| 1.111e-01|          100| 1.111e-03| 2.619e-04
       0.Info>>       sd:c:reduce| 7.909e-05|          100| 7.909e-07| 4.571e-07
       0.Info>>         sd:c:wait| 1.131e-04|          100| 1.131e-06| 5.139e-07
       0.Info>>        sd:compute| 6.942e-01|          100| 6.942e-03| 5.107e-04
       0.Info>>         sd:runner| 6.972e-01|            8| 8.714e-02| 0.000e+00
       0.Info>>          sd:stage| 2.578e-03|            8| 3.222e-04| 0.000e+00
       0.Info>> sd:worker:scatter| 3.345e-01|        10000| 3.345e-05| 6.299e-06
       0.Info>>    sd:worker:wait| 3.027e-01|        10000| 3.027e-05| 1.328e-04
       0.Info>>          sd:write| 6.280e-04|          100| 6.280e-06| 5.616e-06
       0.Info>>           st:fill| 5.101e-04|            8| 6.377e-05| 0.000e+00
       0.Info>>          st:first| 1.819e-04|            1| 1.819e-04| 0.000e+00
       0.Info>>           st:load| 1.621e-04|            1| 1.621e-04| 0.000e+00
       0.Info>>           st:wait| 1.445e-03|            8| 1.806e-04| 0.000e+00
       0.Info>>-----------------------------------------------------------------
       0.Info>>-----------------------------------------------------------------
       0.Info>> watermarks:                                                     
       0.Info>>-----------------------------------------------------------------
       0.Info>>          measure |      min |      max                          
       0.Info>>-----------------------------------------------------------------
       0.Info>>   sd:c:b:dspstore| 7.909e-07| 5.615e-05                         
       0.Info>>    sd:c:b:scatter| 2.215e-05| 5.742e-04                         
       0.Info>>        sd:c:block| 4.325e-03| 6.683e-03                         
       0.Info>>         sd:c:init| 7.506e-04| 1.687e-03                         
       0.Info>>       sd:c:reduce| 0.000e+00| 1.582e-06                         
       0.Info>>         sd:c:wait| 0.000e+00| 2.373e-06                         
       0.Info>>        sd:compute| 5.698e-03| 8.002e-03                         
       0.Info>>         sd:runner| 8.275e-02| 9.171e-02                         
       0.Info>>          sd:stage| 3.179e-04| 3.251e-04                         
       0.Info>> sd:worker:scatter| 9.491e-06| 2.650e-04                         
       0.Info>>    sd:worker:wait| 9.491e-06| 2.329e-03                         
       0.Info>>          sd:write| 3.164e-06| 3.243e-05                         
       0.Info>>           st:fill| 5.853e-05| 6.881e-05                         
       0.Info>>          st:first| 1.819e-04| 1.819e-04                         
       0.Info>>           st:load| 1.621e-04| 1.621e-04                         
       0.Info>>           st:wait| 3.164e-06| 2.080e-04                         
       0.Info>>-----------------------------------------------------------------
       0.Info>>Total runtime (s): 0.15804799999999999                           
       0.Info>>Successfully finished... Have a nice day!                        
