       0.Info>>This software is being developed by Benjamin Lindner.                    
       0.Info>>For help, suggestions or correspondense use:                             
       0.Info>>ben@benlabs.net, Benjamin Lindner (Main Developer, Impl. & Maintenance)  
       0.Info>>franc@cmm.ki.si, Franci Merzel (Methodology)                             
       0.Info>>For publications include the following references:                       
       0.Info>>.........................................................................
       0.Info>>1. Sassena - X-ray and Neutron Scattering Calculated                     
       0.Info>>  from Molecular Dynamics Trajectories using Massively Parallel Computers
       0.Info>>  published as a Computer Program in Physics Paper                       
       0.Info>>.........................................................................
       0.Info>>Version Information: 1.4.2                                       
       0.Info>>                                                                 
       0.Info>>.................................................................
       0.Info>>......................D.E.S.C.R.I.P.T.I.O.N......................
       0.Info>>.................................................................
       0.Info>>This binary computes the scattering intensities directly from    
       0.Info>>a molecular dynamics trajectory.                                 
       0.Info>>.................................................................
       0.Info>>.................................................................
       0.Info>>...................I.N.I.T.I.A.L.I.Z.A.T.I.O.N...................
       0.Info>>.................................................................
       0.Info>>No configuration file specified. Will use default                
       0.Info>>Looking for configuration file: scatter.xml                      
       0.Info>>Reading parameters from XML file: scatter.xml                    
       0.Info>>Added frames from /home/amajumda/study/continuum_simulations/gitlab/continuum-to-scattering/data/100_100_100_50_50_50/single_atom_shrink/iteration_010/t003/pdb_dcd/sample.dcd using format: dcd
       0.Info>>Options: first=0, last=0, lastset=0, stride=1                    
       0.Info>>stager.target=system                                             
       0.Info>>scattering.type=all                                              
       0.Info>>scattering.dsp.type=square                                       
       0.Info>>scattering.average.orientation.type=vectors                      
       0.Info>>scattering.average.orientation.vectors.type=sphere               
       0.Info>>scattering.average.orientation.vectors.algorithm=boost_uniform_on_sphere
       0.Info>>scattering.average.orientation.vectors.resolution=100            
       0.Info>>Generating orientations for orientational averaging using sphere,boost_uniform_on_sphere
       0.Info>>Initialized orientational averaging with 100 vectors.            
       0.Info>>scattering.signal.file=signal.h5                                 
       0.Info>>scattering.signal.filepath=/home/amajumda/study/continuum_simulations/gitlab/continuum-to-scattering/data/100_100_100_50_50_50/single_atom_shrink/iteration_010/t003/signal.h5
       0.Info>>scattering.signal.fqt=1                                          
       0.Info>>scattering.signal.fq0=1                                          
       0.Info>>scattering.signal.fq=1                                           
       0.Info>>scattering.signal.fq2=1                                          
       0.Info>>Analyzing command line for parameter overwrites                  
       0.Info>>Reading database from file: /home/amajumda/study/continuum_simulations/gitlab/continuum-to-scattering/data/100_100_100_50_50_50/single_atom_shrink/iteration_010/t003/database/db-neutron-coherent.xml
       0.Info>>Checking database...                                             
       0.Info>>Testing mapping between PDB names and atom labels                
       0.Info>>Testing database completeness for referenced atom labels         
       0.Info>>Check succeeded. Database seems OK.                              
       0.Info>>Initializing sample...                                           
       0.Info>>Reading structure from file: /home/amajumda/study/continuum_simulations/gitlab/continuum-to-scattering/data/100_100_100_50_50_50/single_atom_shrink/iteration_010/t003/pdb_dcd/sample.pdb
       0.Info>>Done. Atoms read: 125000                                         
       0.Info>>Reading frames from: /home/amajumda/study/continuum_simulations/gitlab/continuum-to-scattering/data/100_100_100_50_50_50/single_atom_shrink/iteration_010/t003/pdb_dcd/sample.dcd
       0.Info>>Found 1 frames                                                   
       0.Info>>Total number of coordinate sets found: 1                         
       0.Info>>Exchanging sample, database & params information with compute nodes... 
       0.Info>>params...                                                        
       0.Info>>database...                                                      
       0.Info>>sample...                                                        
       0.Info>>.................................................................
       0.Info>>......................C.O.M.P.U.T.A.T.I.O.N......................
       0.Info>>.................................................................
       0.Info>>Setting up services...                                           
       0.Info>>Initializing data file service...                                
       0.Info>>Initializing monitor service...                                  
       0.Info>>Starting data file service...                                    
       0.Info>>Starting monitor service...                                      
       0.Info>>Services setup and running...                                    
       0.Info>>Checking /home/amajumda/study/continuum_simulations/gitlab/continuum-to-scattering/data/100_100_100_50_50_50/single_atom_shrink/iteration_010/t003/signal.h5 for old results.
       0.Info>>Broadcasting service information                                 
       0.Info>>Server host name    : hzglap02                                   
       0.Info>>FileService Port    : 36021                                      
       0.Info>>MonitorService Port : 46343                                      
       0.Info>>Setting up parallel environment...                               
       0.Info>>Searching for decomposition plan:                                
       0.Info>>nodes    = 8                                                     
       0.Info>>qvectors = 100                                                   
       0.Info>>frames   = 1                                                     
       0.Info>>atoms   = 125000                                                 
       0.Info>>All interference scattering detected. Applying frame decomposition.
       0.Info>>Automatic decomposition. Searching for best utilization.         
       0.Info>>Final decomposition parameters:                                  
       0.Info>>NN                : 8                                            
       0.Info>>NQ                : 100                                          
       0.Info>>NAF               : 1                                            
       0.Info>>NP                : 8                                            
       0.Info>>NNpP              : 1                                            
       0.Info>>NAFcycles         : 1                                            
       0.Info>>NQcycles          : 13                                           
       0.Info>>CompEl (WASTE/USE): 4/100                                        
       0.Info>>utilization(1=best)    : 0.96153846153846156                     
       0.Info>>Initializing Scatter Device, Vectors (all)                       
       0.Info>>Starting scattering...                                           
       0.Info>>Checking memory requirements for scattering calculation...       
       0.Info>>required limits.computation.memory.result_buffer=16              
       0.Info>>required limits.computation.memory.signal_buffer=16              
       0.Info>>required limits.computation.memory.exchange_buffer=0             
       0.Info>>required limits.computation.memory.alignpad_buffer=32            
       0.Info>>Memory limits ok                                                 
       0.Info>>Staging data...                                                  
       0.Info>>Forcing stager.mode=frames                                       
       0.Info>>Staging first partition.                                         
       0.Info>>Staging remaining partitions.                                    
       0.Info>>background scattering length set to 0                            
       0.Info>>Target initialized.                                              
       0.Info>>Target 'system' produces a background scattering length density of 0.0011984070125617276
       0.Info>>Starting computation...                                          
       0.Info>>Orientational averaging includes 100 vectors                     
       0.Info>>Setting progress sampling factor for monitoring to 1             
       0.Info>>Progress: 2.885%, ETOTAL: 58.898285333333334 s, ETA: 57.199296333333336 s
       0.Info>>Progress: 5.770%, ETOTAL: 29.541274378558533 s, ETA: 27.836733378558534 s
       0.Info>>Progress: 11.540%, ETOTAL: 14.875714595195111 s, ETA: 13.15904759519511 s
       0.Info>>Progress: 20.695%, ETOTAL: 9.3513746079684061 s, ETA: 7.4161346079684058 s
       0.Info>>Progress: 31.205%, ETOTAL: 11.91383344289236 s, ETA: 8.1961064428923596 s
       0.Info>>Progress: 41.080%, ETOTAL: 9.0850203323710694 s, ETA: 5.3528823323710704 s
       0.Info>>Progress: 50.705%, ETOTAL: 7.5739222756005038 s, ETA: 3.7335552756005046 s
       0.Info>>Progress: 60.830%, ETOTAL: 9.370087106802254 s, ETA: 3.6702511068022545 s
       0.Info>>Progress: 70.455%, ETOTAL: 8.1355099990901643 s, ETA: 2.4036259990901652 s
       0.Info>>Progress: 83.080%, ETOTAL: 9.3070318583387976 s, ETA: 1.574737858338799 s
       0.Info>>Scattering finished...                                           
       0.Info>>.................................................................
       0.Info>>.....................R.U.N...A.N.A.L.Y.S.I.S.....................
       0.Info>>.................................................................
       0.Info>>Aggregating timing information for performance analysis...       
       0.Info>>                                                                 
       0.Info>>                    Performance Analysis                         
       0.Info>>-----------------------------------------------------------------
       0.Info>> mean and total runtimes:                                        
       0.Info>>-----------------------------------------------------------------
       0.Info>>          measure |    total |       count |     mean |   stddev 
       0.Info>>-----------------------------------------------------------------
       0.Info>>   sd:c:b:dspstore| 3.720e-02|        10000| 3.720e-06| 2.057e-06
       0.Info>>    sd:c:b:scatter| 4.423e+01|        10000| 4.423e-03| 7.845e-04
       0.Info>>        sd:c:block| 4.441e+01|          100| 4.441e-01| 4.133e-02
       0.Info>>         sd:c:init| 1.496e+01|          100| 1.496e-01| 2.650e-02
       0.Info>>       sd:c:reduce| 1.090e-04|          100| 1.090e-06| 5.700e-07
       0.Info>>         sd:c:wait| 1.730e-04|          100| 1.730e-06| 5.453e-07
       0.Info>>        sd:compute| 5.938e+01|          100| 5.938e-01| 5.532e-02
       0.Info>>         sd:runner| 5.938e+01|            8| 7.423e+00| 0.000e+00
       0.Info>>          sd:stage| 1.945e-01|            8| 2.431e-02| 0.000e+00
       0.Info>> sd:worker:scatter| 4.389e+01|        10000| 4.389e-03| 7.792e-04
       0.Info>>    sd:worker:wait| 1.539e+01|        10000| 1.539e-03| 1.514e-02
       0.Info>>          sd:write| 1.030e-03|          100| 1.030e-05| 7.352e-06
       0.Info>>           st:fill| 1.247e-02|            8| 1.559e-03| 0.000e+00
       0.Info>>          st:first| 2.263e-02|            1| 2.263e-02| 0.000e+00
       0.Info>>           st:load| 2.229e-02|            1| 2.229e-02| 0.000e+00
       0.Info>>           st:wait| 1.586e-01|            8| 1.983e-02| 0.000e+00
       0.Info>>-----------------------------------------------------------------
       0.Info>>-----------------------------------------------------------------
       0.Info>> watermarks:                                                     
       0.Info>>-----------------------------------------------------------------
       0.Info>>          measure |      min |      max                          
       0.Info>>-----------------------------------------------------------------
       0.Info>>   sd:c:b:dspstore| 2.000e-06| 7.300e-05                         
       0.Info>>    sd:c:b:scatter| 1.533e-03| 9.780e-03                         
       0.Info>>        sd:c:block| 1.598e-01| 5.423e-01                         
       0.Info>>         sd:c:init| 1.163e-01| 2.327e-01                         
       0.Info>>       sd:c:reduce| 0.000e+00| 2.000e-06                         
       0.Info>>         sd:c:wait| 1.000e-06| 3.000e-06                         
       0.Info>>        sd:compute| 2.762e-01| 7.156e-01                         
       0.Info>>         sd:runner| 6.467e+00| 7.908e+00                         
       0.Info>>          sd:stage| 2.415e-02| 2.437e-02                         
       0.Info>> sd:worker:scatter| 1.513e-03| 9.572e-03                         
       0.Info>>    sd:worker:wait| 2.000e-06| 2.330e-01                         
       0.Info>>          sd:write| 5.000e-06| 4.000e-05                         
       0.Info>>           st:fill| 1.397e-03| 1.622e-03                         
       0.Info>>          st:first| 2.263e-02| 2.263e-02                         
       0.Info>>           st:load| 2.229e-02| 2.229e-02                         
       0.Info>>           st:wait| 1.300e-05| 2.267e-02                         
       0.Info>>-----------------------------------------------------------------
       0.Info>>                                                                 
       0.Info>>         Performance Analysis (relative to total time * nodes)   
       0.Info>>-----------------------------------------------------------------
       0.Info>> mean and total runtimes:                                        
       0.Info>>-----------------------------------------------------------------
       0.Info>>          measure |    total |       count |     mean |   stddev 
       0.Info>>-----------------------------------------------------------------
       0.Info>>   sd:c:b:dspstore| 5.593e-04|        10000| 5.593e-08| 2.523e-07
       0.Info>>    sd:c:b:scatter| 6.651e-01|        10000| 6.651e-05| 9.620e-05
       0.Info>>        sd:c:block| 6.678e-01|          100| 6.678e-03| 5.068e-03
       0.Info>>         sd:c:init| 2.249e-01|          100| 2.249e-03| 3.250e-03
       0.Info>>       sd:c:reduce| 1.639e-06|          100| 1.639e-08| 6.989e-08
       0.Info>>         sd:c:wait| 2.601e-06|          100| 2.601e-08| 6.686e-08
       0.Info>>        sd:compute| 8.928e-01|          100| 8.928e-03| 6.784e-03
       0.Info>>         sd:runner| 8.928e-01|            8| 1.116e-01| 0.000e+00
       0.Info>>          sd:stage| 2.924e-03|            8| 3.655e-04| 0.000e+00
       0.Info>> sd:worker:scatter| 6.599e-01|        10000| 6.599e-05| 9.554e-05
       0.Info>>    sd:worker:wait| 2.314e-01|        10000| 2.314e-05| 1.856e-03
       0.Info>>          sd:write| 1.549e-05|          100| 1.549e-07| 9.015e-07
       0.Info>>           st:fill| 1.875e-04|            8| 2.344e-05| 0.000e+00
       0.Info>>          st:first| 3.402e-04|            1| 3.402e-04| 0.000e+00
       0.Info>>           st:load| 3.352e-04|            1| 3.352e-04| 0.000e+00
       0.Info>>           st:wait| 2.385e-03|            8| 2.982e-04| 0.000e+00
       0.Info>>-----------------------------------------------------------------
       0.Info>>-----------------------------------------------------------------
       0.Info>> watermarks:                                                     
       0.Info>>-----------------------------------------------------------------
       0.Info>>          measure |      min |      max                          
       0.Info>>-----------------------------------------------------------------
       0.Info>>   sd:c:b:dspstore| 3.007e-08| 1.098e-06                         
       0.Info>>    sd:c:b:scatter| 2.305e-05| 1.471e-04                         
       0.Info>>        sd:c:block| 2.403e-03| 8.155e-03                         
       0.Info>>         sd:c:init| 1.748e-03| 3.500e-03                         
       0.Info>>       sd:c:reduce| 0.000e+00| 3.007e-08                         
       0.Info>>         sd:c:wait| 1.504e-08| 4.511e-08                         
       0.Info>>        sd:compute| 4.153e-03| 1.076e-02                         
       0.Info>>         sd:runner| 9.724e-02| 1.189e-01                         
       0.Info>>          sd:stage| 3.631e-04| 3.665e-04                         
       0.Info>> sd:worker:scatter| 2.275e-05| 1.439e-04                         
       0.Info>>    sd:worker:wait| 3.007e-08| 3.503e-03                         
       0.Info>>          sd:write| 7.518e-08| 6.014e-07                         
       0.Info>>           st:fill| 2.101e-05| 2.439e-05                         
       0.Info>>          st:first| 3.402e-04| 3.402e-04                         
       0.Info>>           st:load| 3.352e-04| 3.352e-04                         
       0.Info>>           st:wait| 1.955e-07| 3.409e-04                         
       0.Info>>-----------------------------------------------------------------
       0.Info>>Total runtime (s): 8.3134639999999997                            
       0.Info>>Successfully finished... Have a nice day!                        
