       0.Info>>This software is being developed by Benjamin Lindner.                    
       0.Info>>For help, suggestions or correspondense use:                             
       0.Info>>ben@benlabs.net, Benjamin Lindner (Main Developer, Impl. & Maintenance)  
       0.Info>>franc@cmm.ki.si, Franci Merzel (Methodology)                             
       0.Info>>For publications include the following references:                       
       0.Info>>.........................................................................
       0.Info>>1. Sassena - X-ray and Neutron Scattering Calculated                     
       0.Info>>  from Molecular Dynamics Trajectories using Massively Parallel Computers
       0.Info>>  published as a Computer Program in Physics Paper                       
       0.Info>>.........................................................................
       0.Info>>Version Information: 1.4.2                                       
       0.Info>>                                                                 
       0.Info>>.................................................................
       0.Info>>......................D.E.S.C.R.I.P.T.I.O.N......................
       0.Info>>.................................................................
       0.Info>>This binary computes the scattering intensities directly from    
       0.Info>>a molecular dynamics trajectory.                                 
       0.Info>>.................................................................
       0.Info>>.................................................................
       0.Info>>...................I.N.I.T.I.A.L.I.Z.A.T.I.O.N...................
       0.Info>>.................................................................
       0.Info>>No configuration file specified. Will use default                
       0.Info>>Looking for configuration file: scatter.xml                      
       0.Info>>Reading parameters from XML file: scatter.xml                    
       0.Info>>Added frames from /home/amajumda/study/continuum_simulations/gitlab/continuum-to-scattering/data/100_100_100_50_50_50/single_atom_shrink/iteration_013/t002/pdb_dcd/sample.dcd using format: dcd
       0.Info>>Options: first=0, last=0, lastset=0, stride=1                    
       0.Info>>stager.target=system                                             
       0.Info>>scattering.type=all                                              
       0.Info>>scattering.dsp.type=square                                       
       0.Info>>scattering.average.orientation.type=vectors                      
       0.Info>>scattering.average.orientation.vectors.type=sphere               
       0.Info>>scattering.average.orientation.vectors.algorithm=boost_uniform_on_sphere
       0.Info>>scattering.average.orientation.vectors.resolution=100            
       0.Info>>Generating orientations for orientational averaging using sphere,boost_uniform_on_sphere
       0.Info>>Initialized orientational averaging with 100 vectors.            
       0.Info>>scattering.signal.file=signal.h5                                 
       0.Info>>scattering.signal.filepath=/home/amajumda/study/continuum_simulations/gitlab/continuum-to-scattering/data/100_100_100_50_50_50/single_atom_shrink/iteration_013/t002/signal.h5
       0.Info>>scattering.signal.fqt=1                                          
       0.Info>>scattering.signal.fq0=1                                          
       0.Info>>scattering.signal.fq=1                                           
       0.Info>>scattering.signal.fq2=1                                          
       0.Info>>Analyzing command line for parameter overwrites                  
       0.Info>>Reading database from file: /home/amajumda/study/continuum_simulations/gitlab/continuum-to-scattering/data/100_100_100_50_50_50/single_atom_shrink/iteration_013/t002/database/db-neutron-coherent.xml
       0.Info>>Checking database...                                             
       0.Info>>Testing mapping between PDB names and atom labels                
       0.Info>>Testing database completeness for referenced atom labels         
       0.Info>>Check succeeded. Database seems OK.                              
       0.Info>>Initializing sample...                                           
       0.Info>>Reading structure from file: /home/amajumda/study/continuum_simulations/gitlab/continuum-to-scattering/data/100_100_100_50_50_50/single_atom_shrink/iteration_013/t002/pdb_dcd/sample.pdb
       0.Info>>Done. Atoms read: 125000                                         
       0.Info>>Reading frames from: /home/amajumda/study/continuum_simulations/gitlab/continuum-to-scattering/data/100_100_100_50_50_50/single_atom_shrink/iteration_013/t002/pdb_dcd/sample.dcd
       0.Info>>Found 1 frames                                                   
       0.Info>>Total number of coordinate sets found: 1                         
       0.Info>>Exchanging sample, database & params information with compute nodes... 
       0.Info>>params...                                                        
       0.Info>>database...                                                      
       0.Info>>sample...                                                        
       0.Info>>.................................................................
       0.Info>>......................C.O.M.P.U.T.A.T.I.O.N......................
       0.Info>>.................................................................
       0.Info>>Setting up services...                                           
       0.Info>>Initializing data file service...                                
       0.Info>>Initializing monitor service...                                  
       0.Info>>Starting data file service...                                    
       0.Info>>Starting monitor service...                                      
       0.Info>>Services setup and running...                                    
       0.Info>>Checking /home/amajumda/study/continuum_simulations/gitlab/continuum-to-scattering/data/100_100_100_50_50_50/single_atom_shrink/iteration_013/t002/signal.h5 for old results.
       0.Info>>Broadcasting service information                                 
       0.Info>>Server host name    : hzglap02                                   
       0.Info>>FileService Port    : 46795                                      
       0.Info>>MonitorService Port : 41033                                      
       0.Info>>Setting up parallel environment...                               
       0.Info>>Searching for decomposition plan:                                
       0.Info>>nodes    = 8                                                     
       0.Info>>qvectors = 100                                                   
       0.Info>>frames   = 1                                                     
       0.Info>>atoms   = 125000                                                 
       0.Info>>All interference scattering detected. Applying frame decomposition.
       0.Info>>Automatic decomposition. Searching for best utilization.         
       0.Info>>Final decomposition parameters:                                  
       0.Info>>NN                : 8                                            
       0.Info>>NQ                : 100                                          
       0.Info>>NAF               : 1                                            
       0.Info>>NP                : 8                                            
       0.Info>>NNpP              : 1                                            
       0.Info>>NAFcycles         : 1                                            
       0.Info>>NQcycles          : 13                                           
       0.Info>>CompEl (WASTE/USE): 4/100                                        
       0.Info>>utilization(1=best)    : 0.96153846153846156                     
       0.Info>>Initializing Scatter Device, Vectors (all)                       
       0.Info>>Starting scattering...                                           
       0.Info>>Checking memory requirements for scattering calculation...       
       0.Info>>required limits.computation.memory.result_buffer=16              
       0.Info>>required limits.computation.memory.signal_buffer=16              
       0.Info>>required limits.computation.memory.exchange_buffer=0             
       0.Info>>required limits.computation.memory.alignpad_buffer=32            
       0.Info>>Memory limits ok                                                 
       0.Info>>Staging data...                                                  
       0.Info>>Forcing stager.mode=frames                                       
       0.Info>>Staging first partition.                                         
       0.Info>>Staging remaining partitions.                                    
       0.Info>>background scattering length set to 0                            
       0.Info>>Target initialized.                                              
       0.Info>>Target 'system' produces a background scattering length density of 0.0015804196196484855
       0.Info>>Starting computation...                                          
       0.Info>>Orientational averaging includes 100 vectors                     
       0.Info>>Setting progress sampling factor for monitoring to 1             
       0.Info>>Progress: 4.010%, ETOTAL: 41.999526233766233 s, ETA: 40.315170233766231 s
       0.Info>>Progress: 6.645%, ETOTAL: 25.402556179910768 s, ETA: 23.714548179910768 s
       0.Info>>Progress: 11.915%, ETOTAL: 14.244388325487558 s, ETA: 12.547160325487557 s
       0.Info>>Progress: 20.696%, ETOTAL: 8.370766238191111 s, ETA: 6.638393238191111 s
       0.Info>>Progress: 32.955%, ETOTAL: 11.429098307722231 s, ETA: 7.6626243077222327 s
       0.Info>>Progress: 42.455%, ETOTAL: 9.0722420655292151 s, ETA: 5.2206100655292165 s
       0.Info>>Progress: 52.330%, ETOTAL: 10.901135150364427 s, ETA: 5.1965571503644279 s
       0.Info>>Progress: 62.330%, ETOTAL: 9.1877494317889656 s, ETA: 3.4610134317889658 s
       0.Info>>Progress: 71.580%, ETOTAL: 8.1150874490664044 s, ETA: 2.3062974490664043 s
       0.Info>>Progress: 80.330%, ETOTAL: 9.6289962095519304 s, ETA: 1.8940112095519304 s
       0.Info>>Scattering finished...                                           
       0.Info>>.................................................................
       0.Info>>.....................R.U.N...A.N.A.L.Y.S.I.S.....................
       0.Info>>.................................................................
       0.Info>>Aggregating timing information for performance analysis...       
       0.Info>>                                                                 
       0.Info>>                    Performance Analysis                         
       0.Info>>-----------------------------------------------------------------
       0.Info>> mean and total runtimes:                                        
       0.Info>>-----------------------------------------------------------------
       0.Info>>          measure |    total |       count |     mean |   stddev 
       0.Info>>-----------------------------------------------------------------
       0.Info>>   sd:c:b:dspstore| 3.795e-02|        10000| 3.795e-06| 2.050e-06
       0.Info>>    sd:c:b:scatter| 4.579e+01|        10000| 4.579e-03| 9.114e-04
       0.Info>>        sd:c:block| 4.597e+01|          100| 4.597e-01| 4.495e-02
       0.Info>>         sd:c:init| 1.563e+01|          100| 1.563e-01| 2.803e-02
       0.Info>>       sd:c:reduce| 1.090e-04|          100| 1.090e-06| 4.647e-07
       0.Info>>         sd:c:wait| 1.720e-04|          100| 1.720e-06| 6.417e-07
       0.Info>>        sd:compute| 6.160e+01|          100| 6.160e-01| 5.895e-02
       0.Info>>         sd:runner| 6.161e+01|            8| 7.701e+00| 0.000e+00
       0.Info>>          sd:stage| 1.997e-01|            8| 2.496e-02| 0.000e+00
       0.Info>> sd:worker:scatter| 4.538e+01|        10000| 4.538e-03| 9.037e-04
       0.Info>>    sd:worker:wait| 1.612e+01|        10000| 1.612e-03| 1.583e-02
       0.Info>>          sd:write| 1.020e-03|          100| 1.020e-05| 7.009e-06
       0.Info>>           st:fill| 1.166e-02|            8| 1.458e-03| 0.000e+00
       0.Info>>          st:first| 2.338e-02|            1| 2.338e-02| 0.000e+00
       0.Info>>           st:load| 2.306e-02|            1| 2.306e-02| 0.000e+00
       0.Info>>           st:wait| 1.639e-01|            8| 2.049e-02| 0.000e+00
       0.Info>>-----------------------------------------------------------------
       0.Info>>-----------------------------------------------------------------
       0.Info>> watermarks:                                                     
       0.Info>>-----------------------------------------------------------------
       0.Info>>          measure |      min |      max                          
       0.Info>>-----------------------------------------------------------------
       0.Info>>   sd:c:b:dspstore| 2.000e-06| 7.700e-05                         
       0.Info>>    sd:c:b:scatter| 1.533e-03| 9.116e-03                         
       0.Info>>        sd:c:block| 1.598e-01| 5.701e-01                         
       0.Info>>         sd:c:init| 1.176e-01| 2.292e-01                         
       0.Info>>       sd:c:reduce| 0.000e+00| 3.000e-06                         
       0.Info>>         sd:c:wait| 1.000e-06| 4.000e-06                         
       0.Info>>        sd:compute| 2.775e-01| 7.429e-01                         
       0.Info>>         sd:runner| 6.625e+00| 8.412e+00                         
       0.Info>>          sd:stage| 2.482e-02| 2.502e-02                         
       0.Info>> sd:worker:scatter| 1.513e-03| 7.568e-03                         
       0.Info>>    sd:worker:wait| 2.000e-06| 2.294e-01                         
       0.Info>>          sd:write| 5.000e-06| 4.900e-05                         
       0.Info>>           st:fill| 1.313e-03| 1.520e-03                         
       0.Info>>          st:first| 2.338e-02| 2.338e-02                         
       0.Info>>           st:load| 2.306e-02| 2.306e-02                         
       0.Info>>           st:wait| 1.000e-05| 2.342e-02                         
       0.Info>>-----------------------------------------------------------------
       0.Info>>                                                                 
       0.Info>>         Performance Analysis (relative to total time * nodes)   
       0.Info>>-----------------------------------------------------------------
       0.Info>> mean and total runtimes:                                        
       0.Info>>-----------------------------------------------------------------
       0.Info>>          measure |    total |       count |     mean |   stddev 
       0.Info>>-----------------------------------------------------------------
       0.Info>>   sd:c:b:dspstore| 5.354e-04|        10000| 5.354e-08| 2.435e-07
       0.Info>>    sd:c:b:scatter| 6.459e-01|        10000| 6.459e-05| 1.083e-04
       0.Info>>        sd:c:block| 6.485e-01|          100| 6.485e-03| 5.339e-03
       0.Info>>         sd:c:init| 2.205e-01|          100| 2.205e-03| 3.330e-03
       0.Info>>       sd:c:reduce| 1.538e-06|          100| 1.538e-08| 5.520e-08
       0.Info>>         sd:c:wait| 2.427e-06|          100| 2.427e-08| 7.621e-08
       0.Info>>        sd:compute| 8.691e-01|          100| 8.691e-03| 7.002e-03
       0.Info>>         sd:runner| 8.691e-01|            8| 1.086e-01| 0.000e+00
       0.Info>>          sd:stage| 2.817e-03|            8| 3.522e-04| 0.000e+00
       0.Info>> sd:worker:scatter| 6.403e-01|        10000| 6.403e-05| 1.073e-04
       0.Info>>    sd:worker:wait| 2.275e-01|        10000| 2.275e-05| 1.881e-03
       0.Info>>          sd:write| 1.439e-05|          100| 1.439e-07| 8.326e-07
       0.Info>>           st:fill| 1.645e-04|            8| 2.057e-05| 0.000e+00
       0.Info>>          st:first| 3.298e-04|            1| 3.298e-04| 0.000e+00
       0.Info>>           st:load| 3.253e-04|            1| 3.253e-04| 0.000e+00
       0.Info>>           st:wait| 2.313e-03|            8| 2.891e-04| 0.000e+00
       0.Info>>-----------------------------------------------------------------
       0.Info>>-----------------------------------------------------------------
       0.Info>> watermarks:                                                     
       0.Info>>-----------------------------------------------------------------
       0.Info>>          measure |      min |      max                          
       0.Info>>-----------------------------------------------------------------
       0.Info>>   sd:c:b:dspstore| 2.822e-08| 1.086e-06                         
       0.Info>>    sd:c:b:scatter| 2.163e-05| 1.286e-04                         
       0.Info>>        sd:c:block| 2.254e-03| 8.043e-03                         
       0.Info>>         sd:c:init| 1.659e-03| 3.233e-03                         
       0.Info>>       sd:c:reduce| 0.000e+00| 4.232e-08                         
       0.Info>>         sd:c:wait| 1.411e-08| 5.643e-08                         
       0.Info>>        sd:compute| 3.914e-03| 1.048e-02                         
       0.Info>>         sd:runner| 9.347e-02| 1.187e-01                         
       0.Info>>          sd:stage| 3.501e-04| 3.530e-04                         
       0.Info>> sd:worker:scatter| 2.135e-05| 1.068e-04                         
       0.Info>>    sd:worker:wait| 2.822e-08| 3.236e-03                         
       0.Info>>          sd:write| 7.054e-08| 6.913e-07                         
       0.Info>>           st:fill| 1.852e-05| 2.144e-05                         
       0.Info>>          st:first| 3.298e-04| 3.298e-04                         
       0.Info>>           st:load| 3.253e-04| 3.253e-04                         
       0.Info>>           st:wait| 1.411e-07| 3.304e-04                         
       0.Info>>-----------------------------------------------------------------
       0.Info>>Total runtime (s): 8.8602749999999997                            
       0.Info>>Successfully finished... Have a nice day!                        
