       0.Info>>This software is being developed by Benjamin Lindner.                    
       0.Info>>For help, suggestions or correspondense use:                             
       0.Info>>ben@benlabs.net, Benjamin Lindner (Main Developer, Impl. & Maintenance)  
       0.Info>>franc@cmm.ki.si, Franci Merzel (Methodology)                             
       0.Info>>For publications include the following references:                       
       0.Info>>.........................................................................
       0.Info>>1. Sassena - X-ray and Neutron Scattering Calculated                     
       0.Info>>  from Molecular Dynamics Trajectories using Massively Parallel Computers
       0.Info>>  published as a Computer Program in Physics Paper                       
       0.Info>>.........................................................................
       0.Info>>Version Information: 1.4.2                                       
       0.Info>>                                                                 
       0.Info>>.................................................................
       0.Info>>......................D.E.S.C.R.I.P.T.I.O.N......................
       0.Info>>.................................................................
       0.Info>>This binary computes the scattering intensities directly from    
       0.Info>>a molecular dynamics trajectory.                                 
       0.Info>>.................................................................
       0.Info>>.................................................................
       0.Info>>...................I.N.I.T.I.A.L.I.Z.A.T.I.O.N...................
       0.Info>>.................................................................
       0.Info>>No configuration file specified. Will use default                
       0.Info>>Looking for configuration file: scatter.xml                      
       0.Info>>Reading parameters from XML file: scatter.xml                    
       0.Info>>Added frames from /home/amajumda/study/continuum_simulations/gitlab/continuum-to-scattering/data/100_100_100_10_10_10/single_atom_shrink/iteration_003/t000/pdb_dcd/sample.dcd using format: dcd
       0.Info>>Options: first=0, last=0, lastset=0, stride=1                    
       0.Info>>stager.target=system                                             
       0.Info>>scattering.type=all                                              
       0.Info>>scattering.dsp.type=square                                       
       0.Info>>scattering.average.orientation.type=vectors                      
       0.Info>>scattering.average.orientation.vectors.type=sphere               
       0.Info>>scattering.average.orientation.vectors.algorithm=boost_uniform_on_sphere
       0.Info>>scattering.average.orientation.vectors.resolution=100            
       0.Info>>Generating orientations for orientational averaging using sphere,boost_uniform_on_sphere
       0.Info>>Initialized orientational averaging with 100 vectors.            
       0.Info>>scattering.signal.file=signal.h5                                 
       0.Info>>scattering.signal.filepath=/home/amajumda/study/continuum_simulations/gitlab/continuum-to-scattering/data/100_100_100_10_10_10/single_atom_shrink/iteration_003/t000/signal.h5
       0.Info>>scattering.signal.fqt=1                                          
       0.Info>>scattering.signal.fq0=1                                          
       0.Info>>scattering.signal.fq=1                                           
       0.Info>>scattering.signal.fq2=1                                          
       0.Info>>Analyzing command line for parameter overwrites                  
       0.Info>>Reading database from file: /home/amajumda/study/continuum_simulations/gitlab/continuum-to-scattering/data/100_100_100_10_10_10/single_atom_shrink/iteration_003/t000/database/db-neutron-coherent.xml
       0.Info>>Checking database...                                             
       0.Info>>Testing mapping between PDB names and atom labels                
       0.Info>>Testing database completeness for referenced atom labels         
       0.Info>>Check succeeded. Database seems OK.                              
       0.Info>>Initializing sample...                                           
       0.Info>>Reading structure from file: /home/amajumda/study/continuum_simulations/gitlab/continuum-to-scattering/data/100_100_100_10_10_10/single_atom_shrink/iteration_003/t000/pdb_dcd/sample.pdb
       0.Info>>Done. Atoms read: 1000                                           
       0.Info>>Reading frames from: /home/amajumda/study/continuum_simulations/gitlab/continuum-to-scattering/data/100_100_100_10_10_10/single_atom_shrink/iteration_003/t000/pdb_dcd/sample.dcd
       0.Info>>Found 1 frames                                                   
       0.Info>>Total number of coordinate sets found: 1                         
       0.Info>>Exchanging sample, database & params information with compute nodes... 
       0.Info>>params...                                                        
       0.Info>>database...                                                      
       0.Info>>sample...                                                        
       0.Info>>.................................................................
       0.Info>>......................C.O.M.P.U.T.A.T.I.O.N......................
       0.Info>>.................................................................
       0.Info>>Setting up services...                                           
       0.Info>>Initializing data file service...                                
       0.Info>>Initializing monitor service...                                  
       0.Info>>Starting data file service...                                    
       0.Info>>Starting monitor service...                                      
       0.Info>>Services setup and running...                                    
       0.Info>>Checking /home/amajumda/study/continuum_simulations/gitlab/continuum-to-scattering/data/100_100_100_10_10_10/single_atom_shrink/iteration_003/t000/signal.h5 for old results.
       0.Info>>Broadcasting service information                                 
       0.Info>>Server host name    : hzglap02                                   
       0.Info>>FileService Port    : 41129                                      
       0.Info>>MonitorService Port : 33039                                      
       0.Info>>Setting up parallel environment...                               
       0.Info>>Searching for decomposition plan:                                
       0.Info>>nodes    = 8                                                     
       0.Info>>qvectors = 100                                                   
       0.Info>>frames   = 1                                                     
       0.Info>>atoms   = 1000                                                   
       0.Info>>All interference scattering detected. Applying frame decomposition.
       0.Info>>Automatic decomposition. Searching for best utilization.         
       0.Info>>Final decomposition parameters:                                  
       0.Info>>NN                : 8                                            
       0.Info>>NQ                : 100                                          
       0.Info>>NAF               : 1                                            
       0.Info>>NP                : 8                                            
       0.Info>>NNpP              : 1                                            
       0.Info>>NAFcycles         : 1                                            
       0.Info>>NQcycles          : 13                                           
       0.Info>>CompEl (WASTE/USE): 4/100                                        
       0.Info>>utilization(1=best)    : 0.96153846153846156                     
       0.Info>>Initializing Scatter Device, Vectors (all)                       
       0.Info>>Starting scattering...                                           
       0.Info>>Checking memory requirements for scattering calculation...       
       0.Info>>required limits.computation.memory.result_buffer=16              
       0.Info>>required limits.computation.memory.signal_buffer=16              
       0.Info>>required limits.computation.memory.exchange_buffer=0             
       0.Info>>required limits.computation.memory.alignpad_buffer=32            
       0.Info>>Memory limits ok                                                 
       0.Info>>Staging data...                                                  
       0.Info>>Forcing stager.mode=frames                                       
       0.Info>>Staging first partition.                                         
       0.Info>>Staging remaining partitions.                                    
       0.Info>>background scattering length set to 0                            
       0.Info>>Target initialized.                                              
       0.Info>>Target 'system' produces a background scattering length density of 0.33783289253640164
       0.Info>>Starting computation...                                          
       0.Info>>Orientational averaging includes 100 vectors                     
       0.Info>>Setting progress sampling factor for monitoring to 1             
       0.Info>>Scattering finished...                                           
       0.Info>>.................................................................
       0.Info>>.....................R.U.N...A.N.A.L.Y.S.I.S.....................
       0.Info>>.................................................................
       0.Info>>Aggregating timing information for performance analysis...       
       0.Info>>                                                                 
       0.Info>>                    Performance Analysis                         
       0.Info>>-----------------------------------------------------------------
       0.Info>> mean and total runtimes:                                        
       0.Info>>-----------------------------------------------------------------
       0.Info>>          measure |    total |       count |     mean |   stddev 
       0.Info>>-----------------------------------------------------------------
       0.Info>>   sd:c:b:dspstore| 2.746e-02|        10000| 2.746e-06| 1.511e-06
       0.Info>>    sd:c:b:scatter| 6.420e-01|        10000| 6.420e-05| 1.352e-05
       0.Info>>        sd:c:block| 7.767e-01|          100| 7.767e-03| 5.113e-04
       0.Info>>         sd:c:init| 1.517e-01|          100| 1.517e-03| 3.147e-04
       0.Info>>       sd:c:reduce| 1.080e-04|          100| 1.080e-06| 5.095e-07
       0.Info>>         sd:c:wait| 1.510e-04|          100| 1.510e-06| 6.232e-07
       0.Info>>        sd:compute| 9.307e-01|          100| 9.307e-03| 5.824e-04
       0.Info>>         sd:runner| 9.339e-01|            8| 1.167e-01| 0.000e+00
       0.Info>>          sd:stage| 4.068e-03|            8| 5.085e-04| 0.000e+00
       0.Info>> sd:worker:scatter| 4.524e-01|        10000| 4.524e-05| 7.165e-06
       0.Info>>    sd:worker:wait| 4.017e-01|        10000| 4.017e-05| 1.590e-04
       0.Info>>          sd:write| 8.250e-04|          100| 8.250e-06| 6.077e-06
       0.Info>>           st:fill| 7.520e-04|            8| 9.400e-05| 0.000e+00
       0.Info>>          st:first| 3.090e-04|            1| 3.090e-04| 0.000e+00
       0.Info>>           st:load| 2.810e-04|            1| 2.810e-04| 0.000e+00
       0.Info>>           st:wait| 2.388e-03|            8| 2.985e-04| 0.000e+00
       0.Info>>-----------------------------------------------------------------
       0.Info>>-----------------------------------------------------------------
       0.Info>> watermarks:                                                     
       0.Info>>-----------------------------------------------------------------
       0.Info>>          measure |      min |      max                          
       0.Info>>-----------------------------------------------------------------
       0.Info>>   sd:c:b:dspstore| 1.000e-06| 5.500e-05                         
       0.Info>>    sd:c:b:scatter| 2.400e-05| 7.980e-04                         
       0.Info>>        sd:c:block| 4.808e-03| 8.751e-03                         
       0.Info>>         sd:c:init| 1.006e-03| 2.174e-03                         
       0.Info>>       sd:c:reduce| 0.000e+00| 3.000e-06                         
       0.Info>>         sd:c:wait| 1.000e-06| 4.000e-06                         
       0.Info>>        sd:compute| 6.836e-03| 1.035e-02                         
       0.Info>>         sd:runner| 1.079e-01| 1.238e-01                         
       0.Info>>          sd:stage| 5.040e-04| 5.130e-04                         
       0.Info>> sd:worker:scatter| 1.200e-05| 1.560e-04                         
       0.Info>>    sd:worker:wait| 1.200e-05| 2.244e-03                         
       0.Info>>          sd:write| 4.000e-06| 3.900e-05                         
       0.Info>>           st:fill| 8.300e-05| 9.800e-05                         
       0.Info>>          st:first| 3.090e-04| 3.090e-04                         
       0.Info>>           st:load| 2.810e-04| 2.810e-04                         
       0.Info>>           st:wait| 5.000e-06| 3.440e-04                         
       0.Info>>-----------------------------------------------------------------
       0.Info>>                                                                 
       0.Info>>         Performance Analysis (relative to total time * nodes)   
       0.Info>>-----------------------------------------------------------------
       0.Info>> mean and total runtimes:                                        
       0.Info>>-----------------------------------------------------------------
       0.Info>>          measure |    total |       count |     mean |   stddev 
       0.Info>>-----------------------------------------------------------------
       0.Info>>   sd:c:b:dspstore| 1.356e-02|        10000| 1.356e-06| 1.062e-06
       0.Info>>    sd:c:b:scatter| 3.170e-01|        10000| 3.170e-05| 9.501e-06
       0.Info>>        sd:c:block| 3.835e-01|          100| 3.835e-03| 3.592e-04
       0.Info>>         sd:c:init| 7.490e-02|          100| 7.490e-04| 2.211e-04
       0.Info>>       sd:c:reduce| 5.332e-05|          100| 5.332e-07| 3.580e-07
       0.Info>>         sd:c:wait| 7.455e-05|          100| 7.455e-07| 4.379e-07
       0.Info>>        sd:compute| 4.595e-01|          100| 4.595e-03| 4.093e-04
       0.Info>>         sd:runner| 4.611e-01|            8| 5.764e-02| 0.000e+00
       0.Info>>          sd:stage| 2.009e-03|            8| 2.511e-04| 0.000e+00
       0.Info>> sd:worker:scatter| 2.234e-01|        10000| 2.234e-05| 5.034e-06
       0.Info>>    sd:worker:wait| 1.984e-01|        10000| 1.984e-05| 1.117e-04
       0.Info>>          sd:write| 4.073e-04|          100| 4.073e-06| 4.270e-06
       0.Info>>           st:fill| 3.713e-04|            8| 4.641e-05| 0.000e+00
       0.Info>>          st:first| 1.526e-04|            1| 1.526e-04| 0.000e+00
       0.Info>>           st:load| 1.387e-04|            1| 1.387e-04| 0.000e+00
       0.Info>>           st:wait| 1.179e-03|            8| 1.474e-04| 0.000e+00
       0.Info>>-----------------------------------------------------------------
       0.Info>>-----------------------------------------------------------------
       0.Info>> watermarks:                                                     
       0.Info>>-----------------------------------------------------------------
       0.Info>>          measure |      min |      max                          
       0.Info>>-----------------------------------------------------------------
       0.Info>>   sd:c:b:dspstore| 4.937e-07| 2.716e-05                         
       0.Info>>    sd:c:b:scatter| 1.185e-05| 3.940e-04                         
       0.Info>>        sd:c:block| 2.374e-03| 4.321e-03                         
       0.Info>>         sd:c:init| 4.967e-04| 1.073e-03                         
       0.Info>>       sd:c:reduce| 0.000e+00| 1.481e-06                         
       0.Info>>         sd:c:wait| 4.937e-07| 1.975e-06                         
       0.Info>>        sd:compute| 3.375e-03| 5.112e-03                         
       0.Info>>         sd:runner| 5.325e-02| 6.112e-02                         
       0.Info>>          sd:stage| 2.488e-04| 2.533e-04                         
       0.Info>> sd:worker:scatter| 5.925e-06| 7.702e-05                         
       0.Info>>    sd:worker:wait| 5.925e-06| 1.108e-03                         
       0.Info>>          sd:write| 1.975e-06| 1.926e-05                         
       0.Info>>           st:fill| 4.098e-05| 4.839e-05                         
       0.Info>>          st:first| 1.526e-04| 1.526e-04                         
       0.Info>>           st:load| 1.387e-04| 1.387e-04                         
       0.Info>>           st:wait| 2.469e-06| 1.698e-04                         
       0.Info>>-----------------------------------------------------------------
       0.Info>>Total runtime (s): 0.25316899999999998                           
       0.Info>>Successfully finished... Have a nice day!                        
