       0.Info>>This software is being developed by Benjamin Lindner.                    
       0.Info>>For help, suggestions or correspondense use:                             
       0.Info>>ben@benlabs.net, Benjamin Lindner (Main Developer, Impl. & Maintenance)  
       0.Info>>franc@cmm.ki.si, Franci Merzel (Methodology)                             
       0.Info>>For publications include the following references:                       
       0.Info>>.........................................................................
       0.Info>>1. Sassena - X-ray and Neutron Scattering Calculated                     
       0.Info>>  from Molecular Dynamics Trajectories using Massively Parallel Computers
       0.Info>>  published as a Computer Program in Physics Paper                       
       0.Info>>.........................................................................
       0.Info>>Version Information: 1.4.2                                       
       0.Info>>                                                                 
       0.Info>>.................................................................
       0.Info>>......................D.E.S.C.R.I.P.T.I.O.N......................
       0.Info>>.................................................................
       0.Info>>This binary computes the scattering intensities directly from    
       0.Info>>a molecular dynamics trajectory.                                 
       0.Info>>.................................................................
       0.Info>>.................................................................
       0.Info>>...................I.N.I.T.I.A.L.I.Z.A.T.I.O.N...................
       0.Info>>.................................................................
       0.Info>>No configuration file specified. Will use default                
       0.Info>>Looking for configuration file: scatter.xml                      
       0.Info>>Reading parameters from XML file: scatter.xml                    
       0.Info>>Added frames from /home/amajumda/study/continuum_simulations/gitlab/continuum-to-scattering/data/100_100_100_50_50_50/single_atom_shrink/iteration_000/t001/pdb_dcd/sample.dcd using format: dcd
       0.Info>>Options: first=0, last=0, lastset=0, stride=1                    
       0.Info>>stager.target=system                                             
       0.Info>>scattering.type=all                                              
       0.Info>>scattering.dsp.type=square                                       
       0.Info>>scattering.average.orientation.type=vectors                      
       0.Info>>scattering.average.orientation.vectors.type=sphere               
       0.Info>>scattering.average.orientation.vectors.algorithm=boost_uniform_on_sphere
       0.Info>>scattering.average.orientation.vectors.resolution=100            
       0.Info>>Generating orientations for orientational averaging using sphere,boost_uniform_on_sphere
       0.Info>>Initialized orientational averaging with 100 vectors.            
       0.Info>>scattering.signal.file=signal.h5                                 
       0.Info>>scattering.signal.filepath=/home/amajumda/study/continuum_simulations/gitlab/continuum-to-scattering/data/100_100_100_50_50_50/single_atom_shrink/iteration_000/t001/signal.h5
       0.Info>>scattering.signal.fqt=1                                          
       0.Info>>scattering.signal.fq0=1                                          
       0.Info>>scattering.signal.fq=1                                           
       0.Info>>scattering.signal.fq2=1                                          
       0.Info>>Analyzing command line for parameter overwrites                  
       0.Info>>Reading database from file: /home/amajumda/study/continuum_simulations/gitlab/continuum-to-scattering/data/100_100_100_50_50_50/single_atom_shrink/iteration_000/t001/database/db-neutron-coherent.xml
       0.Info>>Checking database...                                             
       0.Info>>Testing mapping between PDB names and atom labels                
       0.Info>>Testing database completeness for referenced atom labels         
       0.Info>>Check succeeded. Database seems OK.                              
       0.Info>>Initializing sample...                                           
       0.Info>>Reading structure from file: /home/amajumda/study/continuum_simulations/gitlab/continuum-to-scattering/data/100_100_100_50_50_50/single_atom_shrink/iteration_000/t001/pdb_dcd/sample.pdb
       0.Info>>Done. Atoms read: 125000                                         
       0.Info>>Reading frames from: /home/amajumda/study/continuum_simulations/gitlab/continuum-to-scattering/data/100_100_100_50_50_50/single_atom_shrink/iteration_000/t001/pdb_dcd/sample.dcd
       0.Info>>Found 1 frames                                                   
       0.Info>>Total number of coordinate sets found: 1                         
       0.Info>>Exchanging sample, database & params information with compute nodes... 
       0.Info>>params...                                                        
       0.Info>>database...                                                      
       0.Info>>sample...                                                        
       0.Info>>.................................................................
       0.Info>>......................C.O.M.P.U.T.A.T.I.O.N......................
       0.Info>>.................................................................
       0.Info>>Setting up services...                                           
       0.Info>>Initializing data file service...                                
       0.Info>>Initializing monitor service...                                  
       0.Info>>Starting data file service...                                    
       0.Info>>Starting monitor service...                                      
       0.Info>>Services setup and running...                                    
       0.Info>>Checking /home/amajumda/study/continuum_simulations/gitlab/continuum-to-scattering/data/100_100_100_50_50_50/single_atom_shrink/iteration_000/t001/signal.h5 for old results.
       0.Info>>Broadcasting service information                                 
       0.Info>>Server host name    : hzglap02                                   
       0.Info>>FileService Port    : 43107                                      
       0.Info>>MonitorService Port : 44525                                      
       0.Info>>Setting up parallel environment...                               
       0.Info>>Searching for decomposition plan:                                
       0.Info>>nodes    = 8                                                     
       0.Info>>qvectors = 100                                                   
       0.Info>>frames   = 1                                                     
       0.Info>>atoms   = 125000                                                 
       0.Info>>All interference scattering detected. Applying frame decomposition.
       0.Info>>Automatic decomposition. Searching for best utilization.         
       0.Info>>Final decomposition parameters:                                  
       0.Info>>NN                : 8                                            
       0.Info>>NQ                : 100                                          
       0.Info>>NAF               : 1                                            
       0.Info>>NP                : 8                                            
       0.Info>>NNpP              : 1                                            
       0.Info>>NAFcycles         : 1                                            
       0.Info>>NQcycles          : 13                                           
       0.Info>>CompEl (WASTE/USE): 4/100                                        
       0.Info>>utilization(1=best)    : 0.96153846153846156                     
       0.Info>>Initializing Scatter Device, Vectors (all)                       
       0.Info>>Starting scattering...                                           
       0.Info>>Checking memory requirements for scattering calculation...       
       0.Info>>required limits.computation.memory.result_buffer=16              
       0.Info>>required limits.computation.memory.signal_buffer=16              
       0.Info>>required limits.computation.memory.exchange_buffer=0             
       0.Info>>required limits.computation.memory.alignpad_buffer=32            
       0.Info>>Memory limits ok                                                 
       0.Info>>Staging data...                                                  
       0.Info>>Forcing stager.mode=frames                                       
       0.Info>>Staging first partition.                                         
       0.Info>>Staging remaining partitions.                                    
       0.Info>>background scattering length set to 0                            
       0.Info>>Target initialized.                                              
       0.Info>>Target 'system' produces a background scattering length density of 0.0023226062291506291
       0.Info>>Starting computation...                                          
       0.Info>>Orientational averaging includes 100 vectors                     
       0.Info>>Setting progress sampling factor for monitoring to 1             
       0.Info>>Progress: 2.135%, ETOTAL: 58.289610810810807 s, ETA: 57.045351810810807 s
       0.Info>>Progress: 4.270%, ETOTAL: 29.244768774629385 s, ETA: 27.996007774629383 s
       0.Info>>Progress: 6.655%, ETOTAL: 18.793578810498435 s, ETA: 17.542781810498436 s
       0.Info>>Progress: 10.925%, ETOTAL: 11.759155053542612 s, ETA: 10.474505053542613 s
       0.Info>>Progress: 21.580%, ETOTAL: 15.095698084063566 s, ETA: 11.838027084063565 s
       0.Info>>Progress: 32.705%, ETOTAL: 9.9844800470403747 s, ETA: 6.7190430470403744 s
       0.Info>>Progress: 42.580%, ETOTAL: 7.7153666240120433 s, ETA: 4.4301536240120427 s
       0.Info>>Progress: 52.830%, ETOTAL: 9.9552039313231795 s, ETA: 4.6958569313231804 s
       0.Info>>Progress: 62.705%, ETOTAL: 8.4206892659987691 s, ETA: 3.1404852659987705 s
       0.Info>>Progress: 73.330%, ETOTAL: 7.3347055727960111 s, ETA: 1.9561565727960133 s
       0.Info>>Progress: 83.080%, ETOTAL: 8.7658928282087842 s, ETA: 1.4831778282087873 s
       0.Info>>Scattering finished...                                           
       0.Info>>.................................................................
       0.Info>>.....................R.U.N...A.N.A.L.Y.S.I.S.....................
       0.Info>>.................................................................
       0.Info>>Aggregating timing information for performance analysis...       
       0.Info>>                                                                 
       0.Info>>                    Performance Analysis                         
       0.Info>>-----------------------------------------------------------------
       0.Info>> mean and total runtimes:                                        
       0.Info>>-----------------------------------------------------------------
       0.Info>>          measure |    total |       count |     mean |   stddev 
       0.Info>>-----------------------------------------------------------------
       0.Info>>   sd:c:b:dspstore| 3.520e-02|        10000| 3.520e-06| 2.056e-06
       0.Info>>    sd:c:b:scatter| 4.258e+01|        10000| 4.258e-03| 8.133e-04
       0.Info>>        sd:c:block| 4.277e+01|          100| 4.277e-01| 4.063e-02
       0.Info>>         sd:c:init| 1.480e+01|          100| 1.480e-01| 3.037e-02
       0.Info>>       sd:c:reduce| 9.800e-05|          100| 9.800e-07| 4.735e-07
       0.Info>>         sd:c:wait| 1.650e-04|          100| 1.650e-06| 5.901e-07
       0.Info>>        sd:compute| 5.757e+01|          100| 5.757e-01| 5.302e-02
       0.Info>>         sd:runner| 5.758e+01|            8| 7.197e+00| 0.000e+00
       0.Info>>          sd:stage| 1.968e-01|            8| 2.460e-02| 0.000e+00
       0.Info>> sd:worker:scatter| 4.219e+01|        10000| 4.219e-03| 7.938e-04
       0.Info>>    sd:worker:wait| 1.530e+01|        10000| 1.530e-03| 1.507e-02
       0.Info>>          sd:write| 9.890e-04|          100| 9.890e-06| 6.702e-06
       0.Info>>           st:fill| 1.199e-02|            8| 1.498e-03| 0.000e+00
       0.Info>>          st:first| 2.297e-02|            1| 2.297e-02| 0.000e+00
       0.Info>>           st:load| 2.252e-02|            1| 2.252e-02| 0.000e+00
       0.Info>>           st:wait| 1.611e-01|            8| 2.014e-02| 0.000e+00
       0.Info>>-----------------------------------------------------------------
       0.Info>>-----------------------------------------------------------------
       0.Info>> watermarks:                                                     
       0.Info>>-----------------------------------------------------------------
       0.Info>>          measure |      min |      max                          
       0.Info>>-----------------------------------------------------------------
       0.Info>>   sd:c:b:dspstore| 2.000e-06| 7.100e-05                         
       0.Info>>    sd:c:b:scatter| 1.451e-03| 1.239e-02                         
       0.Info>>        sd:c:block| 1.477e-01| 5.091e-01                         
       0.Info>>         sd:c:init| 1.150e-01| 2.436e-01                         
       0.Info>>       sd:c:reduce| 0.000e+00| 3.000e-06                         
       0.Info>>         sd:c:wait| 1.000e-06| 4.000e-06                         
       0.Info>>        sd:compute| 2.627e-01| 7.031e-01                         
       0.Info>>         sd:runner| 6.178e+00| 7.734e+00                         
       0.Info>>          sd:stage| 2.444e-02| 2.466e-02                         
       0.Info>> sd:worker:scatter| 1.435e-03| 1.231e-02                         
       0.Info>>    sd:worker:wait| 1.700e-05| 2.438e-01                         
       0.Info>>          sd:write| 5.000e-06| 4.600e-05                         
       0.Info>>           st:fill| 1.334e-03| 1.569e-03                         
       0.Info>>          st:first| 2.297e-02| 2.297e-02                         
       0.Info>>           st:load| 2.252e-02| 2.252e-02                         
       0.Info>>           st:wait| 9.000e-06| 2.301e-02                         
       0.Info>>-----------------------------------------------------------------
       0.Info>>                                                                 
       0.Info>>         Performance Analysis (relative to total time * nodes)   
       0.Info>>-----------------------------------------------------------------
       0.Info>> mean and total runtimes:                                        
       0.Info>>-----------------------------------------------------------------
       0.Info>>          measure |    total |       count |     mean |   stddev 
       0.Info>>-----------------------------------------------------------------
       0.Info>>   sd:c:b:dspstore| 5.371e-04|        10000| 5.371e-08| 2.539e-07
       0.Info>>    sd:c:b:scatter| 6.498e-01|        10000| 6.498e-05| 1.005e-04
       0.Info>>        sd:c:block| 6.527e-01|          100| 6.527e-03| 5.019e-03
       0.Info>>         sd:c:init| 2.258e-01|          100| 2.258e-03| 3.752e-03
       0.Info>>       sd:c:reduce| 1.495e-06|          100| 1.495e-08| 5.850e-08
       0.Info>>         sd:c:wait| 2.518e-06|          100| 2.518e-08| 7.290e-08
       0.Info>>        sd:compute| 8.786e-01|          100| 8.786e-03| 6.550e-03
       0.Info>>         sd:runner| 8.786e-01|            8| 1.098e-01| 0.000e+00
       0.Info>>          sd:stage| 3.003e-03|            8| 3.753e-04| 0.000e+00
       0.Info>> sd:worker:scatter| 6.438e-01|        10000| 6.438e-05| 9.806e-05
       0.Info>>    sd:worker:wait| 2.334e-01|        10000| 2.334e-05| 1.861e-03
       0.Info>>          sd:write| 1.509e-05|          100| 1.509e-07| 8.279e-07
       0.Info>>           st:fill| 1.829e-04|            8| 2.286e-05| 0.000e+00
       0.Info>>          st:first| 3.505e-04|            1| 3.505e-04| 0.000e+00
       0.Info>>           st:load| 3.437e-04|            1| 3.437e-04| 0.000e+00
       0.Info>>           st:wait| 2.458e-03|            8| 3.073e-04| 0.000e+00
       0.Info>>-----------------------------------------------------------------
       0.Info>>-----------------------------------------------------------------
       0.Info>> watermarks:                                                     
       0.Info>>-----------------------------------------------------------------
       0.Info>>          measure |      min |      max                          
       0.Info>>-----------------------------------------------------------------
       0.Info>>   sd:c:b:dspstore| 3.052e-08| 1.083e-06                         
       0.Info>>    sd:c:b:scatter| 2.214e-05| 1.891e-04                         
       0.Info>>        sd:c:block| 2.254e-03| 7.769e-03                         
       0.Info>>         sd:c:init| 1.755e-03| 3.718e-03                         
       0.Info>>       sd:c:reduce| 0.000e+00| 4.578e-08                         
       0.Info>>         sd:c:wait| 1.526e-08| 6.104e-08                         
       0.Info>>        sd:compute| 4.010e-03| 1.073e-02                         
       0.Info>>         sd:runner| 9.427e-02| 1.180e-01                         
       0.Info>>          sd:stage| 3.729e-04| 3.764e-04                         
       0.Info>> sd:worker:scatter| 2.190e-05| 1.879e-04                         
       0.Info>>    sd:worker:wait| 2.594e-07| 3.721e-03                         
       0.Info>>          sd:write| 7.630e-08| 7.020e-07                         
       0.Info>>           st:fill| 2.036e-05| 2.394e-05                         
       0.Info>>          st:first| 3.505e-04| 3.505e-04                         
       0.Info>>           st:load| 3.437e-04| 3.437e-04                         
       0.Info>>           st:wait| 1.373e-07| 3.512e-04                         
       0.Info>>-----------------------------------------------------------------
       0.Info>>Total runtime (s): 8.1913389999999993                            
       0.Info>>Successfully finished... Have a nice day!                        
