       0.Info>>This software is being developed by Benjamin Lindner.                    
       0.Info>>For help, suggestions or correspondense use:                             
       0.Info>>ben@benlabs.net, Benjamin Lindner (Main Developer, Impl. & Maintenance)  
       0.Info>>franc@cmm.ki.si, Franci Merzel (Methodology)                             
       0.Info>>For publications include the following references:                       
       0.Info>>.........................................................................
       0.Info>>1. Sassena - X-ray and Neutron Scattering Calculated                     
       0.Info>>  from Molecular Dynamics Trajectories using Massively Parallel Computers
       0.Info>>  published as a Computer Program in Physics Paper                       
       0.Info>>.........................................................................
       0.Info>>Version Information: 1.4.2                                       
       0.Info>>                                                                 
       0.Info>>.................................................................
       0.Info>>......................D.E.S.C.R.I.P.T.I.O.N......................
       0.Info>>.................................................................
       0.Info>>This binary computes the scattering intensities directly from    
       0.Info>>a molecular dynamics trajectory.                                 
       0.Info>>.................................................................
       0.Info>>.................................................................
       0.Info>>...................I.N.I.T.I.A.L.I.Z.A.T.I.O.N...................
       0.Info>>.................................................................
       0.Info>>No configuration file specified. Will use default                
       0.Info>>Looking for configuration file: scatter.xml                      
       0.Info>>Reading parameters from XML file: scatter.xml                    
       0.Info>>Added frames from /home/amajumda/study/continuum_simulations/gitlab/continuum-to-scattering/data/100_100_100_50_50_50/single_atom_shrink/iteration_001/t002/pdb_dcd/sample.dcd using format: dcd
       0.Info>>Options: first=0, last=0, lastset=0, stride=1                    
       0.Info>>stager.target=system                                             
       0.Info>>scattering.type=all                                              
       0.Info>>scattering.dsp.type=square                                       
       0.Info>>scattering.average.orientation.type=vectors                      
       0.Info>>scattering.average.orientation.vectors.type=sphere               
       0.Info>>scattering.average.orientation.vectors.algorithm=boost_uniform_on_sphere
       0.Info>>scattering.average.orientation.vectors.resolution=100            
       0.Info>>Generating orientations for orientational averaging using sphere,boost_uniform_on_sphere
       0.Info>>Initialized orientational averaging with 100 vectors.            
       0.Info>>scattering.signal.file=signal.h5                                 
       0.Info>>scattering.signal.filepath=/home/amajumda/study/continuum_simulations/gitlab/continuum-to-scattering/data/100_100_100_50_50_50/single_atom_shrink/iteration_001/t002/signal.h5
       0.Info>>scattering.signal.fqt=1                                          
       0.Info>>scattering.signal.fq0=1                                          
       0.Info>>scattering.signal.fq=1                                           
       0.Info>>scattering.signal.fq2=1                                          
       0.Info>>Analyzing command line for parameter overwrites                  
       0.Info>>Reading database from file: /home/amajumda/study/continuum_simulations/gitlab/continuum-to-scattering/data/100_100_100_50_50_50/single_atom_shrink/iteration_001/t002/database/db-neutron-coherent.xml
       0.Info>>Checking database...                                             
       0.Info>>Testing mapping between PDB names and atom labels                
       0.Info>>Testing database completeness for referenced atom labels         
       0.Info>>Check succeeded. Database seems OK.                              
       0.Info>>Initializing sample...                                           
       0.Info>>Reading structure from file: /home/amajumda/study/continuum_simulations/gitlab/continuum-to-scattering/data/100_100_100_50_50_50/single_atom_shrink/iteration_001/t002/pdb_dcd/sample.pdb
       0.Info>>Done. Atoms read: 125000                                         
       0.Info>>Reading frames from: /home/amajumda/study/continuum_simulations/gitlab/continuum-to-scattering/data/100_100_100_50_50_50/single_atom_shrink/iteration_001/t002/pdb_dcd/sample.dcd
       0.Info>>Found 1 frames                                                   
       0.Info>>Total number of coordinate sets found: 1                         
       0.Info>>Exchanging sample, database & params information with compute nodes... 
       0.Info>>params...                                                        
       0.Info>>database...                                                      
       0.Info>>sample...                                                        
       0.Info>>.................................................................
       0.Info>>......................C.O.M.P.U.T.A.T.I.O.N......................
       0.Info>>.................................................................
       0.Info>>Setting up services...                                           
       0.Info>>Initializing data file service...                                
       0.Info>>Initializing monitor service...                                  
       0.Info>>Starting data file service...                                    
       0.Info>>Starting monitor service...                                      
       0.Info>>Services setup and running...                                    
       0.Info>>Checking /home/amajumda/study/continuum_simulations/gitlab/continuum-to-scattering/data/100_100_100_50_50_50/single_atom_shrink/iteration_001/t002/signal.h5 for old results.
       0.Info>>Broadcasting service information                                 
       0.Info>>Server host name    : hzglap02                                   
       0.Info>>FileService Port    : 37901                                      
       0.Info>>MonitorService Port : 41307                                      
       0.Info>>Setting up parallel environment...                               
       0.Info>>Searching for decomposition plan:                                
       0.Info>>nodes    = 8                                                     
       0.Info>>qvectors = 100                                                   
       0.Info>>frames   = 1                                                     
       0.Info>>atoms   = 125000                                                 
       0.Info>>All interference scattering detected. Applying frame decomposition.
       0.Info>>Automatic decomposition. Searching for best utilization.         
       0.Info>>Final decomposition parameters:                                  
       0.Info>>NN                : 8                                            
       0.Info>>NQ                : 100                                          
       0.Info>>NAF               : 1                                            
       0.Info>>NP                : 8                                            
       0.Info>>NNpP              : 1                                            
       0.Info>>NAFcycles         : 1                                            
       0.Info>>NQcycles          : 13                                           
       0.Info>>CompEl (WASTE/USE): 4/100                                        
       0.Info>>utilization(1=best)    : 0.96153846153846156                     
       0.Info>>Initializing Scatter Device, Vectors (all)                       
       0.Info>>Starting scattering...                                           
       0.Info>>Checking memory requirements for scattering calculation...       
       0.Info>>required limits.computation.memory.result_buffer=16              
       0.Info>>required limits.computation.memory.signal_buffer=16              
       0.Info>>required limits.computation.memory.exchange_buffer=0             
       0.Info>>required limits.computation.memory.alignpad_buffer=32            
       0.Info>>Memory limits ok                                                 
       0.Info>>Staging data...                                                  
       0.Info>>Forcing stager.mode=frames                                       
       0.Info>>Staging first partition.                                         
       0.Info>>Staging remaining partitions.                                    
       0.Info>>background scattering length set to 0                            
       0.Info>>Target initialized.                                              
       0.Info>>Target 'system' produces a background scattering length density of 0.0019011537539261039
       0.Info>>Starting computation...                                          
       0.Info>>Orientational averaging includes 100 vectors                     
       0.Info>>Setting progress sampling factor for monitoring to 1             
       0.Info>>Progress: 2.260%, ETOTAL: 56.876372350230419 s, ETA: 55.590729350230419 s
       0.Info>>Progress: 4.395%, ETOTAL: 29.776210610756614 s, ETA: 28.467536610756614 s
       0.Info>>Progress: 6.780%, ETOTAL: 19.320564972819668 s, ETA: 18.010543972819669 s
       0.Info>>Progress: 10.925%, ETOTAL: 12.220752119700748 s, ETA: 10.885674119700749 s
       0.Info>>Progress: 21.580%, ETOTAL: 15.142509668795483 s, ETA: 11.874736668795483 s
       0.Info>>Progress: 31.455%, ETOTAL: 10.448331281842266 s, ETA: 7.1617952818422665 s
       0.Info>>Progress: 42.080%, ETOTAL: 7.8607769060857624 s, ETA: 4.5529519060857631 s
       0.Info>>Progress: 51.330%, ETOTAL: 10.282988148610677 s, ETA: 5.0047171486106778 s
       0.Info>>Progress: 61.080%, ETOTAL: 8.6740862465235846 s, ETA: 3.3759432465235859 s
       0.Info>>Progress: 70.955%, ETOTAL: 7.5450388652994826 s, ETA: 2.1914468652994845 s
       0.Info>>Progress: 80.455%, ETOTAL: 9.0589067006613018 s, ETA: 1.7705517006613025 s
       0.Info>>Scattering finished...                                           
       0.Info>>.................................................................
       0.Info>>.....................R.U.N...A.N.A.L.Y.S.I.S.....................
       0.Info>>.................................................................
       0.Info>>Aggregating timing information for performance analysis...       
       0.Info>>                                                                 
       0.Info>>                    Performance Analysis                         
       0.Info>>-----------------------------------------------------------------
       0.Info>> mean and total runtimes:                                        
       0.Info>>-----------------------------------------------------------------
       0.Info>>          measure |    total |       count |     mean |   stddev 
       0.Info>>-----------------------------------------------------------------
       0.Info>>   sd:c:b:dspstore| 3.756e-02|        10000| 3.756e-06| 2.068e-06
       0.Info>>    sd:c:b:scatter| 4.427e+01|        10000| 4.427e-03| 8.045e-04
       0.Info>>        sd:c:block| 4.445e+01|          100| 4.445e-01| 4.030e-02
       0.Info>>         sd:c:init| 1.552e+01|          100| 1.552e-01| 3.089e-02
       0.Info>>       sd:c:reduce| 1.030e-04|          100| 1.030e-06| 5.592e-07
       0.Info>>         sd:c:wait| 1.730e-04|          100| 1.730e-06| 5.694e-07
       0.Info>>        sd:compute| 5.998e+01|          100| 5.998e-01| 5.779e-02
       0.Info>>         sd:runner| 5.998e+01|            8| 7.497e+00| 0.000e+00
       0.Info>>          sd:stage| 1.992e-01|            8| 2.490e-02| 0.000e+00
       0.Info>> sd:worker:scatter| 4.388e+01|        10000| 4.388e-03| 7.899e-04
       0.Info>>    sd:worker:wait| 1.600e+01|        10000| 1.600e-03| 1.578e-02
       0.Info>>          sd:write| 1.031e-03|          100| 1.031e-05| 7.384e-06
       0.Info>>           st:fill| 1.322e-02|            8| 1.652e-03| 0.000e+00
       0.Info>>          st:first| 2.313e-02|            1| 2.313e-02| 0.000e+00
       0.Info>>           st:load| 2.274e-02|            1| 2.274e-02| 0.000e+00
       0.Info>>           st:wait| 1.621e-01|            8| 2.027e-02| 0.000e+00
       0.Info>>-----------------------------------------------------------------
       0.Info>>-----------------------------------------------------------------
       0.Info>> watermarks:                                                     
       0.Info>>-----------------------------------------------------------------
       0.Info>>          measure |      min |      max                          
       0.Info>>-----------------------------------------------------------------
       0.Info>>   sd:c:b:dspstore| 2.000e-06| 6.900e-05                         
       0.Info>>    sd:c:b:scatter| 1.540e-03| 1.053e-02                         
       0.Info>>        sd:c:block| 1.669e-01| 5.466e-01                         
       0.Info>>         sd:c:init| 1.180e-01| 2.640e-01                         
       0.Info>>       sd:c:reduce| 0.000e+00| 3.000e-06                         
       0.Info>>         sd:c:wait| 1.000e-06| 4.000e-06                         
       0.Info>>        sd:compute| 2.874e-01| 7.429e-01                         
       0.Info>>         sd:runner| 6.193e+00| 8.197e+00                         
       0.Info>>          sd:stage| 2.479e-02| 2.501e-02                         
       0.Info>> sd:worker:scatter| 1.522e-03| 7.831e-03                         
       0.Info>>    sd:worker:wait| 1.000e-06| 2.641e-01                         
       0.Info>>          sd:write| 5.000e-06| 4.700e-05                         
       0.Info>>           st:fill| 1.537e-03| 1.756e-03                         
       0.Info>>          st:first| 2.313e-02| 2.313e-02                         
       0.Info>>           st:load| 2.274e-02| 2.274e-02                         
       0.Info>>           st:wait| 9.000e-06| 2.317e-02                         
       0.Info>>-----------------------------------------------------------------
       0.Info>>                                                                 
       0.Info>>         Performance Analysis (relative to total time * nodes)   
       0.Info>>-----------------------------------------------------------------
       0.Info>> mean and total runtimes:                                        
       0.Info>>-----------------------------------------------------------------
       0.Info>>          measure |    total |       count |     mean |   stddev 
       0.Info>>-----------------------------------------------------------------
       0.Info>>   sd:c:b:dspstore| 5.444e-04|        10000| 5.444e-08| 2.489e-07
       0.Info>>    sd:c:b:scatter| 6.415e-01|        10000| 6.415e-05| 9.685e-05
       0.Info>>        sd:c:block| 6.442e-01|          100| 6.442e-03| 4.851e-03
       0.Info>>         sd:c:init| 2.250e-01|          100| 2.250e-03| 3.719e-03
       0.Info>>       sd:c:reduce| 1.493e-06|          100| 1.493e-08| 6.732e-08
       0.Info>>         sd:c:wait| 2.507e-06|          100| 2.507e-08| 6.854e-08
       0.Info>>        sd:compute| 8.692e-01|          100| 8.692e-03| 6.957e-03
       0.Info>>         sd:runner| 8.692e-01|            8| 1.087e-01| 0.000e+00
       0.Info>>          sd:stage| 2.887e-03|            8| 3.609e-04| 0.000e+00
       0.Info>> sd:worker:scatter| 6.360e-01|        10000| 6.360e-05| 9.509e-05
       0.Info>>    sd:worker:wait| 2.319e-01|        10000| 2.319e-05| 1.900e-03
       0.Info>>          sd:write| 1.494e-05|          100| 1.494e-07| 8.889e-07
       0.Info>>           st:fill| 1.915e-04|            8| 2.394e-05| 0.000e+00
       0.Info>>          st:first| 3.352e-04|            1| 3.352e-04| 0.000e+00
       0.Info>>           st:load| 3.295e-04|            1| 3.295e-04| 0.000e+00
       0.Info>>           st:wait| 2.350e-03|            8| 2.937e-04| 0.000e+00
       0.Info>>-----------------------------------------------------------------
       0.Info>>-----------------------------------------------------------------
       0.Info>> watermarks:                                                     
       0.Info>>-----------------------------------------------------------------
       0.Info>>          measure |      min |      max                          
       0.Info>>-----------------------------------------------------------------
       0.Info>>   sd:c:b:dspstore| 2.898e-08| 1.000e-06                         
       0.Info>>    sd:c:b:scatter| 2.232e-05| 1.526e-04                         
       0.Info>>        sd:c:block| 2.419e-03| 7.921e-03                         
       0.Info>>         sd:c:init| 1.710e-03| 3.826e-03                         
       0.Info>>       sd:c:reduce| 0.000e+00| 4.348e-08                         
       0.Info>>         sd:c:wait| 1.449e-08| 5.797e-08                         
       0.Info>>        sd:compute| 4.165e-03| 1.077e-02                         
       0.Info>>         sd:runner| 8.975e-02| 1.188e-01                         
       0.Info>>          sd:stage| 3.593e-04| 3.624e-04                         
       0.Info>> sd:worker:scatter| 2.206e-05| 1.135e-04                         
       0.Info>>    sd:worker:wait| 1.449e-08| 3.828e-03                         
       0.Info>>          sd:write| 7.246e-08| 6.811e-07                         
       0.Info>>           st:fill| 2.227e-05| 2.545e-05                         
       0.Info>>          st:first| 3.352e-04| 3.352e-04                         
       0.Info>>           st:load| 3.295e-04| 3.295e-04                         
       0.Info>>           st:wait| 1.304e-07| 3.357e-04                         
       0.Info>>-----------------------------------------------------------------
       0.Info>>Total runtime (s): 8.6254089999999994                            
       0.Info>>Successfully finished... Have a nice day!                        
