       0.Info>>This software is being developed by Benjamin Lindner.                    
       0.Info>>For help, suggestions or correspondense use:                             
       0.Info>>ben@benlabs.net, Benjamin Lindner (Main Developer, Impl. & Maintenance)  
       0.Info>>franc@cmm.ki.si, Franci Merzel (Methodology)                             
       0.Info>>For publications include the following references:                       
       0.Info>>.........................................................................
       0.Info>>1. Sassena - X-ray and Neutron Scattering Calculated                     
       0.Info>>  from Molecular Dynamics Trajectories using Massively Parallel Computers
       0.Info>>  published as a Computer Program in Physics Paper                       
       0.Info>>.........................................................................
       0.Info>>Version Information: 1.4.2                                       
       0.Info>>                                                                 
       0.Info>>.................................................................
       0.Info>>......................D.E.S.C.R.I.P.T.I.O.N......................
       0.Info>>.................................................................
       0.Info>>This binary computes the scattering intensities directly from    
       0.Info>>a molecular dynamics trajectory.                                 
       0.Info>>.................................................................
       0.Info>>.................................................................
       0.Info>>...................I.N.I.T.I.A.L.I.Z.A.T.I.O.N...................
       0.Info>>.................................................................
       0.Info>>No configuration file specified. Will use default                
       0.Info>>Looking for configuration file: scatter.xml                      
       0.Info>>Reading parameters from XML file: scatter.xml                    
       0.Info>>Added frames from /home/amajumda/study/continuum_simulations/gitlab/continuum-to-scattering/data/100_100_100_10_10_10/single_atom_shrink/iteration_008/t001/pdb_dcd/sample.dcd using format: dcd
       0.Info>>Options: first=0, last=0, lastset=0, stride=1                    
       0.Info>>stager.target=system                                             
       0.Info>>scattering.type=all                                              
       0.Info>>scattering.dsp.type=square                                       
       0.Info>>scattering.average.orientation.type=vectors                      
       0.Info>>scattering.average.orientation.vectors.type=sphere               
       0.Info>>scattering.average.orientation.vectors.algorithm=boost_uniform_on_sphere
       0.Info>>scattering.average.orientation.vectors.resolution=100            
       0.Info>>Generating orientations for orientational averaging using sphere,boost_uniform_on_sphere
       0.Info>>Initialized orientational averaging with 100 vectors.            
       0.Info>>scattering.signal.file=signal.h5                                 
       0.Info>>scattering.signal.filepath=/home/amajumda/study/continuum_simulations/gitlab/continuum-to-scattering/data/100_100_100_10_10_10/single_atom_shrink/iteration_008/t001/signal.h5
       0.Info>>scattering.signal.fqt=1                                          
       0.Info>>scattering.signal.fq0=1                                          
       0.Info>>scattering.signal.fq=1                                           
       0.Info>>scattering.signal.fq2=1                                          
       0.Info>>Analyzing command line for parameter overwrites                  
       0.Info>>Reading database from file: /home/amajumda/study/continuum_simulations/gitlab/continuum-to-scattering/data/100_100_100_10_10_10/single_atom_shrink/iteration_008/t001/database/db-neutron-coherent.xml
       0.Info>>Checking database...                                             
       0.Info>>Testing mapping between PDB names and atom labels                
       0.Info>>Testing database completeness for referenced atom labels         
       0.Info>>Check succeeded. Database seems OK.                              
       0.Info>>Initializing sample...                                           
       0.Info>>Reading structure from file: /home/amajumda/study/continuum_simulations/gitlab/continuum-to-scattering/data/100_100_100_10_10_10/single_atom_shrink/iteration_008/t001/pdb_dcd/sample.pdb
       0.Info>>Done. Atoms read: 1000                                           
       0.Info>>Reading frames from: /home/amajumda/study/continuum_simulations/gitlab/continuum-to-scattering/data/100_100_100_10_10_10/single_atom_shrink/iteration_008/t001/pdb_dcd/sample.dcd
       0.Info>>Found 1 frames                                                   
       0.Info>>Total number of coordinate sets found: 1                         
       0.Info>>Exchanging sample, database & params information with compute nodes... 
       0.Info>>params...                                                        
       0.Info>>database...                                                      
       0.Info>>sample...                                                        
       0.Info>>.................................................................
       0.Info>>......................C.O.M.P.U.T.A.T.I.O.N......................
       0.Info>>.................................................................
       0.Info>>Setting up services...                                           
       0.Info>>Initializing data file service...                                
       0.Info>>Initializing monitor service...                                  
       0.Info>>Starting data file service...                                    
       0.Info>>Starting monitor service...                                      
       0.Info>>Services setup and running...                                    
       0.Info>>Checking /home/amajumda/study/continuum_simulations/gitlab/continuum-to-scattering/data/100_100_100_10_10_10/single_atom_shrink/iteration_008/t001/signal.h5 for old results.
       0.Info>>Broadcasting service information                                 
       0.Info>>Server host name    : hzglap02                                   
       0.Info>>FileService Port    : 36009                                      
       0.Info>>MonitorService Port : 36211                                      
       0.Info>>Setting up parallel environment...                               
       0.Info>>Searching for decomposition plan:                                
       0.Info>>nodes    = 8                                                     
       0.Info>>qvectors = 100                                                   
       0.Info>>frames   = 1                                                     
       0.Info>>atoms   = 1000                                                   
       0.Info>>All interference scattering detected. Applying frame decomposition.
       0.Info>>Automatic decomposition. Searching for best utilization.         
       0.Info>>Final decomposition parameters:                                  
       0.Info>>NN                : 8                                            
       0.Info>>NQ                : 100                                          
       0.Info>>NAF               : 1                                            
       0.Info>>NP                : 8                                            
       0.Info>>NNpP              : 1                                            
       0.Info>>NAFcycles         : 1                                            
       0.Info>>NQcycles          : 13                                           
       0.Info>>CompEl (WASTE/USE): 4/100                                        
       0.Info>>utilization(1=best)    : 0.96153846153846156                     
       0.Info>>Initializing Scatter Device, Vectors (all)                       
       0.Info>>Starting scattering...                                           
       0.Info>>Checking memory requirements for scattering calculation...       
       0.Info>>required limits.computation.memory.result_buffer=16              
       0.Info>>required limits.computation.memory.signal_buffer=16              
       0.Info>>required limits.computation.memory.exchange_buffer=0             
       0.Info>>required limits.computation.memory.alignpad_buffer=32            
       0.Info>>Memory limits ok                                                 
       0.Info>>Staging data...                                                  
       0.Info>>Forcing stager.mode=frames                                       
       0.Info>>Staging first partition.                                         
       0.Info>>Staging remaining partitions.                                    
       0.Info>>background scattering length set to 0                            
       0.Info>>Target initialized.                                              
       0.Info>>Target 'system' produces a background scattering length density of 0.2274854653260189
       0.Info>>Starting computation...                                          
       0.Info>>Orientational averaging includes 100 vectors                     
       0.Info>>Setting progress sampling factor for monitoring to 1             
       0.Info>>Scattering finished...                                           
       0.Info>>.................................................................
       0.Info>>.....................R.U.N...A.N.A.L.Y.S.I.S.....................
       0.Info>>.................................................................
       0.Info>>Aggregating timing information for performance analysis...       
       0.Info>>                                                                 
       0.Info>>                    Performance Analysis                         
       0.Info>>-----------------------------------------------------------------
       0.Info>> mean and total runtimes:                                        
       0.Info>>-----------------------------------------------------------------
       0.Info>>          measure |    total |       count |     mean |   stddev 
       0.Info>>-----------------------------------------------------------------
       0.Info>>   sd:c:b:dspstore| 2.751e-02|        10000| 2.751e-06| 1.734e-06
       0.Info>>    sd:c:b:scatter| 6.447e-01|        10000| 6.447e-05| 1.795e-05
       0.Info>>        sd:c:block| 7.776e-01|          100| 7.776e-03| 6.201e-04
       0.Info>>         sd:c:init| 1.519e-01|          100| 1.519e-03| 3.412e-04
       0.Info>>       sd:c:reduce| 1.050e-04|          100| 1.050e-06| 6.332e-07
       0.Info>>         sd:c:wait| 1.470e-04|          100| 1.470e-06| 6.359e-07
       0.Info>>        sd:compute| 9.317e-01|          100| 9.317e-03| 7.968e-04
       0.Info>>         sd:runner| 9.357e-01|            8| 1.170e-01| 0.000e+00
       0.Info>>          sd:stage| 3.104e-03|            8| 3.880e-04| 0.000e+00
       0.Info>> sd:worker:scatter| 4.555e-01|        10000| 4.555e-05| 9.028e-06
       0.Info>>    sd:worker:wait| 4.021e-01|        10000| 4.021e-05| 1.618e-04
       0.Info>>          sd:write| 8.080e-04|          100| 8.080e-06| 5.845e-06
       0.Info>>           st:fill| 6.030e-04|            8| 7.538e-05| 0.000e+00
       0.Info>>          st:first| 2.270e-04|            1| 2.270e-04| 0.000e+00
       0.Info>>           st:load| 2.040e-04|            1| 2.040e-04| 0.000e+00
       0.Info>>           st:wait| 1.722e-03|            8| 2.153e-04| 0.000e+00
       0.Info>>-----------------------------------------------------------------
       0.Info>>-----------------------------------------------------------------
       0.Info>> watermarks:                                                     
       0.Info>>-----------------------------------------------------------------
       0.Info>>          measure |      min |      max                          
       0.Info>>-----------------------------------------------------------------
       0.Info>>   sd:c:b:dspstore| 1.000e-06| 6.400e-05                         
       0.Info>>    sd:c:b:scatter| 2.300e-05| 9.450e-04                         
       0.Info>>        sd:c:block| 5.647e-03| 9.647e-03                         
       0.Info>>         sd:c:init| 9.530e-04| 2.603e-03                         
       0.Info>>       sd:c:reduce| 0.000e+00| 5.000e-06                         
       0.Info>>         sd:c:wait| 0.000e+00| 4.000e-06                         
       0.Info>>        sd:compute| 6.671e-03| 1.171e-02                         
       0.Info>>         sd:runner| 1.036e-01| 1.258e-01                         
       0.Info>>          sd:stage| 3.820e-04| 3.920e-04                         
       0.Info>> sd:worker:scatter| 1.200e-05| 3.640e-04                         
       0.Info>>    sd:worker:wait| 1.100e-05| 2.735e-03                         
       0.Info>>          sd:write| 4.000e-06| 3.300e-05                         
       0.Info>>           st:fill| 6.900e-05| 8.000e-05                         
       0.Info>>          st:first| 2.270e-04| 2.270e-04                         
       0.Info>>           st:load| 2.040e-04| 2.040e-04                         
       0.Info>>           st:wait| 3.000e-06| 2.460e-04                         
       0.Info>>-----------------------------------------------------------------
       0.Info>>                                                                 
       0.Info>>         Performance Analysis (relative to total time * nodes)   
       0.Info>>-----------------------------------------------------------------
       0.Info>> mean and total runtimes:                                        
       0.Info>>-----------------------------------------------------------------
       0.Info>>          measure |    total |       count |     mean |   stddev 
       0.Info>>-----------------------------------------------------------------
       0.Info>>   sd:c:b:dspstore| 2.052e-02|        10000| 2.052e-06| 1.498e-06
       0.Info>>    sd:c:b:scatter| 4.807e-01|        10000| 4.807e-05| 1.550e-05
       0.Info>>        sd:c:block| 5.799e-01|          100| 5.799e-03| 5.355e-04
       0.Info>>         sd:c:init| 1.133e-01|          100| 1.133e-03| 2.947e-04
       0.Info>>       sd:c:reduce| 7.830e-05|          100| 7.830e-07| 5.468e-07
       0.Info>>         sd:c:wait| 1.096e-04|          100| 1.096e-06| 5.492e-07
       0.Info>>        sd:compute| 6.948e-01|          100| 6.948e-03| 6.881e-04
       0.Info>>         sd:runner| 6.978e-01|            8| 8.723e-02| 0.000e+00
       0.Info>>          sd:stage| 2.315e-03|            8| 2.893e-04| 0.000e+00
       0.Info>> sd:worker:scatter| 3.397e-01|        10000| 3.397e-05| 7.796e-06
       0.Info>>    sd:worker:wait| 2.999e-01|        10000| 2.999e-05| 1.397e-04
       0.Info>>          sd:write| 6.026e-04|          100| 6.026e-06| 5.047e-06
       0.Info>>           st:fill| 4.497e-04|            8| 5.621e-05| 0.000e+00
       0.Info>>          st:first| 1.693e-04|            1| 1.693e-04| 0.000e+00
       0.Info>>           st:load| 1.521e-04|            1| 1.521e-04| 0.000e+00
       0.Info>>           st:wait| 1.284e-03|            8| 1.605e-04| 0.000e+00
       0.Info>>-----------------------------------------------------------------
       0.Info>>-----------------------------------------------------------------
       0.Info>> watermarks:                                                     
       0.Info>>-----------------------------------------------------------------
       0.Info>>          measure |      min |      max                          
       0.Info>>-----------------------------------------------------------------
       0.Info>>   sd:c:b:dspstore| 7.457e-07| 4.773e-05                         
       0.Info>>    sd:c:b:scatter| 1.715e-05| 7.047e-04                         
       0.Info>>        sd:c:block| 4.211e-03| 7.194e-03                         
       0.Info>>         sd:c:init| 7.107e-04| 1.941e-03                         
       0.Info>>       sd:c:reduce| 0.000e+00| 3.729e-06                         
       0.Info>>         sd:c:wait| 0.000e+00| 2.983e-06                         
       0.Info>>        sd:compute| 4.975e-03| 8.732e-03                         
       0.Info>>         sd:runner| 7.728e-02| 9.378e-02                         
       0.Info>>          sd:stage| 2.849e-04| 2.923e-04                         
       0.Info>> sd:worker:scatter| 8.949e-06| 2.714e-04                         
       0.Info>>    sd:worker:wait| 8.203e-06| 2.040e-03                         
       0.Info>>          sd:write| 2.983e-06| 2.461e-05                         
       0.Info>>           st:fill| 5.146e-05| 5.966e-05                         
       0.Info>>          st:first| 1.693e-04| 1.693e-04                         
       0.Info>>           st:load| 1.521e-04| 1.521e-04                         
       0.Info>>           st:wait| 2.237e-06| 1.835e-04                         
       0.Info>>-----------------------------------------------------------------
       0.Info>>Total runtime (s): 0.16761899999999999                           
       0.Info>>Successfully finished... Have a nice day!                        
