       0.Info>>This software is being developed by Benjamin Lindner.                    
       0.Info>>For help, suggestions or correspondense use:                             
       0.Info>>ben@benlabs.net, Benjamin Lindner (Main Developer, Impl. & Maintenance)  
       0.Info>>franc@cmm.ki.si, Franci Merzel (Methodology)                             
       0.Info>>For publications include the following references:                       
       0.Info>>.........................................................................
       0.Info>>1. Sassena - X-ray and Neutron Scattering Calculated                     
       0.Info>>  from Molecular Dynamics Trajectories using Massively Parallel Computers
       0.Info>>  published as a Computer Program in Physics Paper                       
       0.Info>>.........................................................................
       0.Info>>Version Information: 1.4.2                                       
       0.Info>>                                                                 
       0.Info>>.................................................................
       0.Info>>......................D.E.S.C.R.I.P.T.I.O.N......................
       0.Info>>.................................................................
       0.Info>>This binary computes the scattering intensities directly from    
       0.Info>>a molecular dynamics trajectory.                                 
       0.Info>>.................................................................
       0.Info>>.................................................................
       0.Info>>...................I.N.I.T.I.A.L.I.Z.A.T.I.O.N...................
       0.Info>>.................................................................
       0.Info>>No configuration file specified. Will use default                
       0.Info>>Looking for configuration file: scatter.xml                      
       0.Info>>Reading parameters from XML file: scatter.xml                    
       0.Info>>Added frames from /home/amajumda/study/continuum_simulations/gitlab/continuum-to-scattering/data/100_100_100_50_50_50/single_atom_shrink/iteration_006/t007/pdb_dcd/sample.dcd using format: dcd
       0.Info>>Options: first=0, last=0, lastset=0, stride=1                    
       0.Info>>stager.target=system                                             
       0.Info>>scattering.type=all                                              
       0.Info>>scattering.dsp.type=square                                       
       0.Info>>scattering.average.orientation.type=vectors                      
       0.Info>>scattering.average.orientation.vectors.type=sphere               
       0.Info>>scattering.average.orientation.vectors.algorithm=boost_uniform_on_sphere
       0.Info>>scattering.average.orientation.vectors.resolution=100            
       0.Info>>Generating orientations for orientational averaging using sphere,boost_uniform_on_sphere
       0.Info>>Initialized orientational averaging with 100 vectors.            
       0.Info>>scattering.signal.file=signal.h5                                 
       0.Info>>scattering.signal.filepath=/home/amajumda/study/continuum_simulations/gitlab/continuum-to-scattering/data/100_100_100_50_50_50/single_atom_shrink/iteration_006/t007/signal.h5
       0.Info>>scattering.signal.fqt=1                                          
       0.Info>>scattering.signal.fq0=1                                          
       0.Info>>scattering.signal.fq=1                                           
       0.Info>>scattering.signal.fq2=1                                          
       0.Info>>Analyzing command line for parameter overwrites                  
       0.Info>>Reading database from file: /home/amajumda/study/continuum_simulations/gitlab/continuum-to-scattering/data/100_100_100_50_50_50/single_atom_shrink/iteration_006/t007/database/db-neutron-coherent.xml
       0.Info>>Checking database...                                             
       0.Info>>Testing mapping between PDB names and atom labels                
       0.Info>>Testing database completeness for referenced atom labels         
       0.Info>>Check succeeded. Database seems OK.                              
       0.Info>>Initializing sample...                                           
       0.Info>>Reading structure from file: /home/amajumda/study/continuum_simulations/gitlab/continuum-to-scattering/data/100_100_100_50_50_50/single_atom_shrink/iteration_006/t007/pdb_dcd/sample.pdb
       0.Info>>Done. Atoms read: 125000                                         
       0.Info>>Reading frames from: /home/amajumda/study/continuum_simulations/gitlab/continuum-to-scattering/data/100_100_100_50_50_50/single_atom_shrink/iteration_006/t007/pdb_dcd/sample.dcd
       0.Info>>Found 1 frames                                                   
       0.Info>>Total number of coordinate sets found: 1                         
       0.Info>>Exchanging sample, database & params information with compute nodes... 
       0.Info>>params...                                                        
       0.Info>>database...                                                      
       0.Info>>sample...                                                        
       0.Info>>.................................................................
       0.Info>>......................C.O.M.P.U.T.A.T.I.O.N......................
       0.Info>>.................................................................
       0.Info>>Setting up services...                                           
       0.Info>>Initializing data file service...                                
       0.Info>>Initializing monitor service...                                  
       0.Info>>Starting data file service...                                    
       0.Info>>Starting monitor service...                                      
       0.Info>>Services setup and running...                                    
       0.Info>>Checking /home/amajumda/study/continuum_simulations/gitlab/continuum-to-scattering/data/100_100_100_50_50_50/single_atom_shrink/iteration_006/t007/signal.h5 for old results.
       0.Info>>Broadcasting service information                                 
       0.Info>>Server host name    : hzglap02                                   
       0.Info>>FileService Port    : 45627                                      
       0.Info>>MonitorService Port : 35941                                      
       0.Info>>Setting up parallel environment...                               
       0.Info>>Searching for decomposition plan:                                
       0.Info>>nodes    = 8                                                     
       0.Info>>qvectors = 100                                                   
       0.Info>>frames   = 1                                                     
       0.Info>>atoms   = 125000                                                 
       0.Info>>All interference scattering detected. Applying frame decomposition.
       0.Info>>Automatic decomposition. Searching for best utilization.         
       0.Info>>Final decomposition parameters:                                  
       0.Info>>NN                : 8                                            
       0.Info>>NQ                : 100                                          
       0.Info>>NAF               : 1                                            
       0.Info>>NP                : 8                                            
       0.Info>>NNpP              : 1                                            
       0.Info>>NAFcycles         : 1                                            
       0.Info>>NQcycles          : 13                                           
       0.Info>>CompEl (WASTE/USE): 4/100                                        
       0.Info>>utilization(1=best)    : 0.96153846153846156                     
       0.Info>>Initializing Scatter Device, Vectors (all)                       
       0.Info>>Starting scattering...                                           
       0.Info>>Checking memory requirements for scattering calculation...       
       0.Info>>required limits.computation.memory.result_buffer=16              
       0.Info>>required limits.computation.memory.signal_buffer=16              
       0.Info>>required limits.computation.memory.exchange_buffer=0             
       0.Info>>required limits.computation.memory.alignpad_buffer=32            
       0.Info>>Memory limits ok                                                 
       0.Info>>Staging data...                                                  
       0.Info>>Forcing stager.mode=frames                                       
       0.Info>>Staging first partition.                                         
       0.Info>>Staging remaining partitions.                                    
       0.Info>>background scattering length set to 0                            
       0.Info>>Target initialized.                                              
       0.Info>>Target 'system' produces a background scattering length density of 0.000152109684278008
       0.Info>>Starting computation...                                          
       0.Info>>Orientational averaging includes 100 vectors                     
       0.Info>>Setting progress sampling factor for monitoring to 1             
       0.Info>>Progress: 1.750%, ETOTAL: 58.523542857142857 s, ETA: 57.49938085714286 s
       0.Info>>Progress: 3.375%, ETOTAL: 30.67045925925925 s, ETA: 29.635331259259249 s
       0.Info>>Progress: 5.260%, ETOTAL: 19.69072158415841 s, ETA: 18.654907584158412 s
       0.Info>>Progress: 10.781%, ETOTAL: 9.7899037681159413 s, ETA: 8.7344297681159411 s
       0.Info>>Progress: 20.416%, ETOTAL: 14.897913670081239 s, ETA: 11.856375670081238 s
       0.Info>>Progress: 31.061%, ETOTAL: 9.866005984934473 s, ETA: 6.801535984934473 s
       0.Info>>Progress: 41.080%, ETOTAL: 7.7498711398923286 s, ETA: 4.5662141398923293 s
       0.Info>>Progress: 51.330%, ETOTAL: 9.8443724508273487 s, ETA: 4.7912434508273485 s
       0.Info>>Progress: 60.955%, ETOTAL: 8.3436605741928691 s, ETA: 3.2577715741928692 s
       0.Info>>Progress: 73.205%, ETOTAL: 9.6100548861646207 s, ETA: 2.575001886164622 s
       0.Info>>Progress: 82.455%, ETOTAL: 8.5732581512866339 s, ETA: 1.5041671512866355 s
       0.Info>>Scattering finished...                                           
       0.Info>>.................................................................
       0.Info>>.....................R.U.N...A.N.A.L.Y.S.I.S.....................
       0.Info>>.................................................................
       0.Info>>Aggregating timing information for performance analysis...       
       0.Info>>                                                                 
       0.Info>>                    Performance Analysis                         
       0.Info>>-----------------------------------------------------------------
       0.Info>> mean and total runtimes:                                        
       0.Info>>-----------------------------------------------------------------
       0.Info>>          measure |    total |       count |     mean |   stddev 
       0.Info>>-----------------------------------------------------------------
       0.Info>>   sd:c:b:dspstore| 3.789e-02|        10000| 3.789e-06| 2.013e-06
       0.Info>>    sd:c:b:scatter| 4.552e+01|        10000| 4.552e-03| 9.086e-04
       0.Info>>        sd:c:block| 4.570e+01|          100| 4.570e-01| 4.714e-02
       0.Info>>         sd:c:init| 1.518e+01|          100| 1.518e-01| 2.795e-02
       0.Info>>       sd:c:reduce| 1.030e-04|          100| 1.030e-06| 5.797e-07
       0.Info>>         sd:c:wait| 1.800e-04|          100| 1.800e-06| 6.515e-07
       0.Info>>        sd:compute| 6.088e+01|          100| 6.088e-01| 5.815e-02
       0.Info>>         sd:runner| 6.088e+01|            8| 7.610e+00| 0.000e+00
       0.Info>>          sd:stage| 1.984e-01|            8| 2.480e-02| 0.000e+00
       0.Info>> sd:worker:scatter| 4.509e+01|        10000| 4.509e-03| 8.871e-04
       0.Info>>    sd:worker:wait| 1.567e+01|        10000| 1.567e-03| 1.537e-02
       0.Info>>          sd:write| 1.056e-03|          100| 1.056e-05| 7.582e-06
       0.Info>>           st:fill| 1.188e-02|            8| 1.485e-03| 0.000e+00
       0.Info>>          st:first| 2.319e-02|            1| 2.319e-02| 0.000e+00
       0.Info>>           st:load| 2.282e-02|            1| 2.282e-02| 0.000e+00
       0.Info>>           st:wait| 1.626e-01|            8| 2.032e-02| 0.000e+00
       0.Info>>-----------------------------------------------------------------
       0.Info>>-----------------------------------------------------------------
       0.Info>> watermarks:                                                     
       0.Info>>-----------------------------------------------------------------
       0.Info>>          measure |      min |      max                          
       0.Info>>-----------------------------------------------------------------
       0.Info>>   sd:c:b:dspstore| 1.000e-06| 7.200e-05                         
       0.Info>>    sd:c:b:scatter| 1.520e-03| 1.291e-02                         
       0.Info>>        sd:c:block| 1.847e-01| 5.727e-01                         
       0.Info>>         sd:c:init| 1.157e-01| 2.303e-01                         
       0.Info>>       sd:c:reduce| 0.000e+00| 3.000e-06                         
       0.Info>>         sd:c:wait| 1.000e-06| 4.000e-06                         
       0.Info>>        sd:compute| 3.005e-01| 7.771e-01                         
       0.Info>>         sd:runner| 6.865e+00| 8.013e+00                         
       0.Info>>          sd:stage| 2.465e-02| 2.486e-02                         
       0.Info>> sd:worker:scatter| 1.499e-03| 1.188e-02                         
       0.Info>>    sd:worker:wait| 1.000e-06| 2.304e-01                         
       0.Info>>          sd:write| 6.000e-06| 4.800e-05                         
       0.Info>>           st:fill| 1.330e-03| 1.549e-03                         
       0.Info>>          st:first| 2.319e-02| 2.319e-02                         
       0.Info>>           st:load| 2.282e-02| 2.282e-02                         
       0.Info>>           st:wait| 1.400e-05| 2.323e-02                         
       0.Info>>-----------------------------------------------------------------
       0.Info>>                                                                 
       0.Info>>         Performance Analysis (relative to total time * nodes)   
       0.Info>>-----------------------------------------------------------------
       0.Info>> mean and total runtimes:                                        
       0.Info>>-----------------------------------------------------------------
       0.Info>>          measure |    total |       count |     mean |   stddev 
       0.Info>>-----------------------------------------------------------------
       0.Info>>   sd:c:b:dspstore| 5.584e-04|        10000| 5.584e-08| 2.443e-07
       0.Info>>    sd:c:b:scatter| 6.708e-01|        10000| 6.708e-05| 1.103e-04
       0.Info>>        sd:c:block| 6.736e-01|          100| 6.736e-03| 5.723e-03
       0.Info>>         sd:c:init| 2.237e-01|          100| 2.237e-03| 3.394e-03
       0.Info>>       sd:c:reduce| 1.518e-06|          100| 1.518e-08| 7.038e-08
       0.Info>>         sd:c:wait| 2.653e-06|          100| 2.653e-08| 7.910e-08
       0.Info>>        sd:compute| 8.973e-01|          100| 8.973e-03| 7.060e-03
       0.Info>>         sd:runner| 8.973e-01|            8| 1.122e-01| 0.000e+00
       0.Info>>          sd:stage| 2.924e-03|            8| 3.655e-04| 0.000e+00
       0.Info>> sd:worker:scatter| 6.646e-01|        10000| 6.646e-05| 1.077e-04
       0.Info>>    sd:worker:wait| 2.310e-01|        10000| 2.310e-05| 1.866e-03
       0.Info>>          sd:write| 1.556e-05|          100| 1.556e-07| 9.204e-07
       0.Info>>           st:fill| 1.751e-04|            8| 2.189e-05| 0.000e+00
       0.Info>>          st:first| 3.418e-04|            1| 3.418e-04| 0.000e+00
       0.Info>>           st:load| 3.364e-04|            1| 3.364e-04| 0.000e+00
       0.Info>>           st:wait| 2.396e-03|            8| 2.996e-04| 0.000e+00
       0.Info>>-----------------------------------------------------------------
       0.Info>>-----------------------------------------------------------------
       0.Info>> watermarks:                                                     
       0.Info>>-----------------------------------------------------------------
       0.Info>>          measure |      min |      max                          
       0.Info>>-----------------------------------------------------------------
       0.Info>>   sd:c:b:dspstore| 1.474e-08| 1.061e-06                         
       0.Info>>    sd:c:b:scatter| 2.240e-05| 1.903e-04                         
       0.Info>>        sd:c:block| 2.722e-03| 8.440e-03                         
       0.Info>>         sd:c:init| 1.706e-03| 3.394e-03                         
       0.Info>>       sd:c:reduce| 0.000e+00| 4.422e-08                         
       0.Info>>         sd:c:wait| 1.474e-08| 5.895e-08                         
       0.Info>>        sd:compute| 4.428e-03| 1.145e-02                         
       0.Info>>         sd:runner| 1.012e-01| 1.181e-01                         
       0.Info>>          sd:stage| 3.634e-04| 3.664e-04                         
       0.Info>> sd:worker:scatter| 2.209e-05| 1.751e-04                         
       0.Info>>    sd:worker:wait| 1.474e-08| 3.396e-03                         
       0.Info>>          sd:write| 8.843e-08| 7.075e-07                         
       0.Info>>           st:fill| 1.960e-05| 2.283e-05                         
       0.Info>>          st:first| 3.418e-04| 3.418e-04                         
       0.Info>>           st:load| 3.364e-04| 3.364e-04                         
       0.Info>>           st:wait| 2.063e-07| 3.424e-04                         
       0.Info>>-----------------------------------------------------------------
       0.Info>>Total runtime (s): 8.4810890000000008                            
       0.Info>>Successfully finished... Have a nice day!                        
