       0.Info>>This software is being developed by Benjamin Lindner.                    
       0.Info>>For help, suggestions or correspondense use:                             
       0.Info>>ben@benlabs.net, Benjamin Lindner (Main Developer, Impl. & Maintenance)  
       0.Info>>franc@cmm.ki.si, Franci Merzel (Methodology)                             
       0.Info>>For publications include the following references:                       
       0.Info>>.........................................................................
       0.Info>>1. Sassena - X-ray and Neutron Scattering Calculated                     
       0.Info>>  from Molecular Dynamics Trajectories using Massively Parallel Computers
       0.Info>>  published as a Computer Program in Physics Paper                       
       0.Info>>.........................................................................
       0.Info>>Version Information: 1.4.2                                       
       0.Info>>                                                                 
       0.Info>>.................................................................
       0.Info>>......................D.E.S.C.R.I.P.T.I.O.N......................
       0.Info>>.................................................................
       0.Info>>This binary computes the scattering intensities directly from    
       0.Info>>a molecular dynamics trajectory.                                 
       0.Info>>.................................................................
       0.Info>>.................................................................
       0.Info>>...................I.N.I.T.I.A.L.I.Z.A.T.I.O.N...................
       0.Info>>.................................................................
       0.Info>>No configuration file specified. Will use default                
       0.Info>>Looking for configuration file: scatter.xml                      
       0.Info>>Reading parameters from XML file: scatter.xml                    
       0.Info>>Added frames from /home/amajumda/study/continuum_simulations/gitlab/continuum-to-scattering/data/100_100_100_10_10_10/single_atom_shrink/iteration_006/t009/pdb_dcd/sample.dcd using format: dcd
       0.Info>>Options: first=0, last=0, lastset=0, stride=1                    
       0.Info>>stager.target=system                                             
       0.Info>>scattering.type=all                                              
       0.Info>>scattering.dsp.type=square                                       
       0.Info>>scattering.average.orientation.type=vectors                      
       0.Info>>scattering.average.orientation.vectors.type=sphere               
       0.Info>>scattering.average.orientation.vectors.algorithm=boost_uniform_on_sphere
       0.Info>>scattering.average.orientation.vectors.resolution=100            
       0.Info>>Generating orientations for orientational averaging using sphere,boost_uniform_on_sphere
       0.Info>>Initialized orientational averaging with 100 vectors.            
       0.Info>>scattering.signal.file=signal.h5                                 
       0.Info>>scattering.signal.filepath=/home/amajumda/study/continuum_simulations/gitlab/continuum-to-scattering/data/100_100_100_10_10_10/single_atom_shrink/iteration_006/t009/signal.h5
       0.Info>>scattering.signal.fqt=1                                          
       0.Info>>scattering.signal.fq0=1                                          
       0.Info>>scattering.signal.fq=1                                           
       0.Info>>scattering.signal.fq2=1                                          
       0.Info>>Analyzing command line for parameter overwrites                  
       0.Info>>Reading database from file: /home/amajumda/study/continuum_simulations/gitlab/continuum-to-scattering/data/100_100_100_10_10_10/single_atom_shrink/iteration_006/t009/database/db-neutron-coherent.xml
       0.Info>>Checking database...                                             
       0.Info>>Testing mapping between PDB names and atom labels                
       0.Info>>Testing database completeness for referenced atom labels         
       0.Info>>Check succeeded. Database seems OK.                              
       0.Info>>Initializing sample...                                           
       0.Info>>Reading structure from file: /home/amajumda/study/continuum_simulations/gitlab/continuum-to-scattering/data/100_100_100_10_10_10/single_atom_shrink/iteration_006/t009/pdb_dcd/sample.pdb
       0.Info>>Done. Atoms read: 1000                                           
       0.Info>>Reading frames from: /home/amajumda/study/continuum_simulations/gitlab/continuum-to-scattering/data/100_100_100_10_10_10/single_atom_shrink/iteration_006/t009/pdb_dcd/sample.dcd
       0.Info>>Found 1 frames                                                   
       0.Info>>Total number of coordinate sets found: 1                         
       0.Info>>Exchanging sample, database & params information with compute nodes... 
       0.Info>>params...                                                        
       0.Info>>database...                                                      
       0.Info>>sample...                                                        
       0.Info>>.................................................................
       0.Info>>......................C.O.M.P.U.T.A.T.I.O.N......................
       0.Info>>.................................................................
       0.Info>>Setting up services...                                           
       0.Info>>Initializing data file service...                                
       0.Info>>Initializing monitor service...                                  
       0.Info>>Starting data file service...                                    
       0.Info>>Starting monitor service...                                      
       0.Info>>Services setup and running...                                    
       0.Info>>Checking /home/amajumda/study/continuum_simulations/gitlab/continuum-to-scattering/data/100_100_100_10_10_10/single_atom_shrink/iteration_006/t009/signal.h5 for old results.
       0.Info>>Broadcasting service information                                 
       0.Info>>Server host name    : hzglap02                                   
       0.Info>>FileService Port    : 37053                                      
       0.Info>>MonitorService Port : 37445                                      
       0.Info>>Setting up parallel environment...                               
       0.Info>>Searching for decomposition plan:                                
       0.Info>>nodes    = 8                                                     
       0.Info>>qvectors = 100                                                   
       0.Info>>frames   = 1                                                     
       0.Info>>atoms   = 1000                                                   
       0.Info>>All interference scattering detected. Applying frame decomposition.
       0.Info>>Automatic decomposition. Searching for best utilization.         
       0.Info>>Final decomposition parameters:                                  
       0.Info>>NN                : 8                                            
       0.Info>>NQ                : 100                                          
       0.Info>>NAF               : 1                                            
       0.Info>>NP                : 8                                            
       0.Info>>NNpP              : 1                                            
       0.Info>>NAFcycles         : 1                                            
       0.Info>>NQcycles          : 13                                           
       0.Info>>CompEl (WASTE/USE): 4/100                                        
       0.Info>>utilization(1=best)    : 0.96153846153846156                     
       0.Info>>Initializing Scatter Device, Vectors (all)                       
       0.Info>>Starting scattering...                                           
       0.Info>>Checking memory requirements for scattering calculation...       
       0.Info>>required limits.computation.memory.result_buffer=16              
       0.Info>>required limits.computation.memory.signal_buffer=16              
       0.Info>>required limits.computation.memory.exchange_buffer=0             
       0.Info>>required limits.computation.memory.alignpad_buffer=32            
       0.Info>>Memory limits ok                                                 
       0.Info>>Staging data...                                                  
       0.Info>>Forcing stager.mode=frames                                       
       0.Info>>Staging first partition.                                         
       0.Info>>Staging remaining partitions.                                    
       0.Info>>background scattering length set to 0                            
       0.Info>>Target initialized.                                              
       0.Info>>Target 'system' produces a background scattering length density of 0.0019098593171027747
       0.Info>>Starting computation...                                          
       0.Info>>Orientational averaging includes 100 vectors                     
       0.Info>>Setting progress sampling factor for monitoring to 1             
       0.Info>>Scattering finished...                                           
       0.Info>>.................................................................
       0.Info>>.....................R.U.N...A.N.A.L.Y.S.I.S.....................
       0.Info>>.................................................................
       0.Info>>Aggregating timing information for performance analysis...       
       0.Info>>                                                                 
       0.Info>>                    Performance Analysis                         
       0.Info>>-----------------------------------------------------------------
       0.Info>> mean and total runtimes:                                        
       0.Info>>-----------------------------------------------------------------
       0.Info>>          measure |    total |       count |     mean |   stddev 
       0.Info>>-----------------------------------------------------------------
       0.Info>>   sd:c:b:dspstore| 2.643e-02|        10000| 2.643e-06| 2.056e-06
       0.Info>>    sd:c:b:scatter| 6.082e-01|        10000| 6.082e-05| 1.963e-05
       0.Info>>        sd:c:block| 7.366e-01|          100| 7.366e-03| 4.831e-04
       0.Info>>         sd:c:init| 1.300e-01|          100| 1.300e-03| 2.913e-04
       0.Info>>       sd:c:reduce| 1.010e-04|          100| 1.010e-06| 4.538e-07
       0.Info>>         sd:c:wait| 1.330e-04|          100| 1.330e-06| 6.030e-07
       0.Info>>        sd:compute| 8.687e-01|          100| 8.687e-03| 4.839e-04
       0.Info>>         sd:runner| 8.717e-01|            8| 1.090e-01| 0.000e+00
       0.Info>>          sd:stage| 4.623e-03|            8| 5.779e-04| 0.000e+00
       0.Info>> sd:worker:scatter| 4.287e-01|        10000| 4.287e-05| 6.320e-06
       0.Info>>    sd:worker:wait| 3.686e-01|        10000| 3.686e-05| 1.380e-04
       0.Info>>          sd:write| 7.630e-04|          100| 7.630e-06| 5.219e-06
       0.Info>>           st:fill| 9.960e-04|            8| 1.245e-04| 0.000e+00
       0.Info>>          st:first| 3.160e-04|            1| 3.160e-04| 0.000e+00
       0.Info>>           st:load| 2.900e-04|            1| 2.900e-04| 0.000e+00
       0.Info>>           st:wait| 2.629e-03|            8| 3.286e-04| 0.000e+00
       0.Info>>-----------------------------------------------------------------
       0.Info>>-----------------------------------------------------------------
       0.Info>> watermarks:                                                     
       0.Info>>-----------------------------------------------------------------
       0.Info>>          measure |      min |      max                          
       0.Info>>-----------------------------------------------------------------
       0.Info>>   sd:c:b:dspstore| 1.000e-06| 8.500e-05                         
       0.Info>>    sd:c:b:scatter| 2.300e-05| 1.329e-03                         
       0.Info>>        sd:c:block| 5.136e-03| 9.009e-03                         
       0.Info>>         sd:c:init| 9.180e-04| 2.057e-03                         
       0.Info>>       sd:c:reduce| 0.000e+00| 2.000e-06                         
       0.Info>>         sd:c:wait| 0.000e+00| 3.000e-06                         
       0.Info>>        sd:compute| 7.041e-03| 1.013e-02                         
       0.Info>>         sd:runner| 9.261e-02| 1.145e-01                         
       0.Info>>          sd:stage| 5.740e-04| 5.810e-04                         
       0.Info>> sd:worker:scatter| 1.200e-05| 1.450e-04                         
       0.Info>>    sd:worker:wait| 1.200e-05| 2.419e-03                         
       0.Info>>          sd:write| 4.000e-06| 3.400e-05                         
       0.Info>>           st:fill| 9.300e-05| 1.330e-04                         
       0.Info>>          st:first| 3.160e-04| 3.160e-04                         
       0.Info>>           st:load| 2.900e-04| 2.900e-04                         
       0.Info>>           st:wait| 5.000e-06| 3.850e-04                         
       0.Info>>-----------------------------------------------------------------
       0.Info>>                                                                 
       0.Info>>         Performance Analysis (relative to total time * nodes)   
       0.Info>>-----------------------------------------------------------------
       0.Info>> mean and total runtimes:                                        
       0.Info>>-----------------------------------------------------------------
       0.Info>>          measure |    total |       count |     mean |   stddev 
       0.Info>>-----------------------------------------------------------------
       0.Info>>   sd:c:b:dspstore| 2.044e-02|        10000| 2.044e-06| 1.807e-06
       0.Info>>    sd:c:b:scatter| 4.702e-01|        10000| 4.702e-05| 1.726e-05
       0.Info>>        sd:c:block| 5.695e-01|          100| 5.695e-03| 4.248e-04
       0.Info>>         sd:c:init| 1.005e-01|          100| 1.005e-03| 2.561e-04
       0.Info>>       sd:c:reduce| 7.808e-05|          100| 7.808e-07| 3.990e-07
       0.Info>>         sd:c:wait| 1.028e-04|          100| 1.028e-06| 5.302e-07
       0.Info>>        sd:compute| 6.716e-01|          100| 6.716e-03| 4.255e-04
       0.Info>>         sd:runner| 6.739e-01|            8| 8.424e-02| 0.000e+00
       0.Info>>          sd:stage| 3.574e-03|            8| 4.468e-04| 0.000e+00
       0.Info>> sd:worker:scatter| 3.315e-01|        10000| 3.315e-05| 5.557e-06
       0.Info>>    sd:worker:wait| 2.850e-01|        10000| 2.850e-05| 1.213e-04
       0.Info>>          sd:write| 5.899e-04|          100| 5.899e-06| 4.589e-06
       0.Info>>           st:fill| 7.700e-04|            8| 9.625e-05| 0.000e+00
       0.Info>>          st:first| 2.443e-04|            1| 2.443e-04| 0.000e+00
       0.Info>>           st:load| 2.242e-04|            1| 2.242e-04| 0.000e+00
       0.Info>>           st:wait| 2.033e-03|            8| 2.541e-04| 0.000e+00
       0.Info>>-----------------------------------------------------------------
       0.Info>>-----------------------------------------------------------------
       0.Info>> watermarks:                                                     
       0.Info>>-----------------------------------------------------------------
       0.Info>>          measure |      min |      max                          
       0.Info>>-----------------------------------------------------------------
       0.Info>>   sd:c:b:dspstore| 7.731e-07| 6.571e-05                         
       0.Info>>    sd:c:b:scatter| 1.778e-05| 1.027e-03                         
       0.Info>>        sd:c:block| 3.971e-03| 6.965e-03                         
       0.Info>>         sd:c:init| 7.097e-04| 1.590e-03                         
       0.Info>>       sd:c:reduce| 0.000e+00| 1.546e-06                         
       0.Info>>         sd:c:wait| 0.000e+00| 2.319e-06                         
       0.Info>>        sd:compute| 5.443e-03| 7.834e-03                         
       0.Info>>         sd:runner| 7.160e-02| 8.855e-02                         
       0.Info>>          sd:stage| 4.438e-04| 4.492e-04                         
       0.Info>> sd:worker:scatter| 9.277e-06| 1.121e-04                         
       0.Info>>    sd:worker:wait| 9.277e-06| 1.870e-03                         
       0.Info>>          sd:write| 3.092e-06| 2.629e-05                         
       0.Info>>           st:fill| 7.190e-05| 1.028e-04                         
       0.Info>>          st:first| 2.443e-04| 2.443e-04                         
       0.Info>>           st:load| 2.242e-04| 2.242e-04                         
       0.Info>>           st:wait| 3.866e-06| 2.976e-04                         
       0.Info>>-----------------------------------------------------------------
       0.Info>>Total runtime (s): 0.161685                                      
       0.Info>>Successfully finished... Have a nice day!                        
