       0.Info>>This software is being developed by Benjamin Lindner.                    
       0.Info>>For help, suggestions or correspondense use:                             
       0.Info>>ben@benlabs.net, Benjamin Lindner (Main Developer, Impl. & Maintenance)  
       0.Info>>franc@cmm.ki.si, Franci Merzel (Methodology)                             
       0.Info>>For publications include the following references:                       
       0.Info>>.........................................................................
       0.Info>>1. Sassena - X-ray and Neutron Scattering Calculated                     
       0.Info>>  from Molecular Dynamics Trajectories using Massively Parallel Computers
       0.Info>>  published as a Computer Program in Physics Paper                       
       0.Info>>.........................................................................
       0.Info>>Version Information: 1.4.2                                       
       0.Info>>                                                                 
       0.Info>>.................................................................
       0.Info>>......................D.E.S.C.R.I.P.T.I.O.N......................
       0.Info>>.................................................................
       0.Info>>This binary computes the scattering intensities directly from    
       0.Info>>a molecular dynamics trajectory.                                 
       0.Info>>.................................................................
       0.Info>>.................................................................
       0.Info>>...................I.N.I.T.I.A.L.I.Z.A.T.I.O.N...................
       0.Info>>.................................................................
       0.Info>>No configuration file specified. Will use default                
       0.Info>>Looking for configuration file: scatter.xml                      
       0.Info>>Reading parameters from XML file: scatter.xml                    
       0.Info>>Added frames from /home/amajumda/study/continuum_simulations/gitlab/continuum-to-scattering/data/100_100_100_50_50_50/single_atom_shrink/iteration_014/t004/pdb_dcd/sample.dcd using format: dcd
       0.Info>>Options: first=0, last=0, lastset=0, stride=1                    
       0.Info>>stager.target=system                                             
       0.Info>>scattering.type=all                                              
       0.Info>>scattering.dsp.type=square                                       
       0.Info>>scattering.average.orientation.type=vectors                      
       0.Info>>scattering.average.orientation.vectors.type=sphere               
       0.Info>>scattering.average.orientation.vectors.algorithm=boost_uniform_on_sphere
       0.Info>>scattering.average.orientation.vectors.resolution=100            
       0.Info>>Generating orientations for orientational averaging using sphere,boost_uniform_on_sphere
       0.Info>>Initialized orientational averaging with 100 vectors.            
       0.Info>>scattering.signal.file=signal.h5                                 
       0.Info>>scattering.signal.filepath=/home/amajumda/study/continuum_simulations/gitlab/continuum-to-scattering/data/100_100_100_50_50_50/single_atom_shrink/iteration_014/t004/signal.h5
       0.Info>>scattering.signal.fqt=1                                          
       0.Info>>scattering.signal.fq0=1                                          
       0.Info>>scattering.signal.fq=1                                           
       0.Info>>scattering.signal.fq2=1                                          
       0.Info>>Analyzing command line for parameter overwrites                  
       0.Info>>Reading database from file: /home/amajumda/study/continuum_simulations/gitlab/continuum-to-scattering/data/100_100_100_50_50_50/single_atom_shrink/iteration_014/t004/database/db-neutron-coherent.xml
       0.Info>>Checking database...                                             
       0.Info>>Testing mapping between PDB names and atom labels                
       0.Info>>Testing database completeness for referenced atom labels         
       0.Info>>Check succeeded. Database seems OK.                              
       0.Info>>Initializing sample...                                           
       0.Info>>Reading structure from file: /home/amajumda/study/continuum_simulations/gitlab/continuum-to-scattering/data/100_100_100_50_50_50/single_atom_shrink/iteration_014/t004/pdb_dcd/sample.pdb
       0.Info>>Done. Atoms read: 125000                                         
       0.Info>>Reading frames from: /home/amajumda/study/continuum_simulations/gitlab/continuum-to-scattering/data/100_100_100_50_50_50/single_atom_shrink/iteration_014/t004/pdb_dcd/sample.dcd
       0.Info>>Found 1 frames                                                   
       0.Info>>Total number of coordinate sets found: 1                         
       0.Info>>Exchanging sample, database & params information with compute nodes... 
       0.Info>>params...                                                        
       0.Info>>database...                                                      
       0.Info>>sample...                                                        
       0.Info>>.................................................................
       0.Info>>......................C.O.M.P.U.T.A.T.I.O.N......................
       0.Info>>.................................................................
       0.Info>>Setting up services...                                           
       0.Info>>Initializing data file service...                                
       0.Info>>Initializing monitor service...                                  
       0.Info>>Starting data file service...                                    
       0.Info>>Starting monitor service...                                      
       0.Info>>Services setup and running...                                    
       0.Info>>Checking /home/amajumda/study/continuum_simulations/gitlab/continuum-to-scattering/data/100_100_100_50_50_50/single_atom_shrink/iteration_014/t004/signal.h5 for old results.
       0.Info>>Broadcasting service information                                 
       0.Info>>Server host name    : hzglap02                                   
       0.Info>>FileService Port    : 46229                                      
       0.Info>>MonitorService Port : 41109                                      
       0.Info>>Setting up parallel environment...                               
       0.Info>>Searching for decomposition plan:                                
       0.Info>>nodes    = 8                                                     
       0.Info>>qvectors = 100                                                   
       0.Info>>frames   = 1                                                     
       0.Info>>atoms   = 125000                                                 
       0.Info>>All interference scattering detected. Applying frame decomposition.
       0.Info>>Automatic decomposition. Searching for best utilization.         
       0.Info>>Final decomposition parameters:                                  
       0.Info>>NN                : 8                                            
       0.Info>>NQ                : 100                                          
       0.Info>>NAF               : 1                                            
       0.Info>>NP                : 8                                            
       0.Info>>NNpP              : 1                                            
       0.Info>>NAFcycles         : 1                                            
       0.Info>>NQcycles          : 13                                           
       0.Info>>CompEl (WASTE/USE): 4/100                                        
       0.Info>>utilization(1=best)    : 0.96153846153846156                     
       0.Info>>Initializing Scatter Device, Vectors (all)                       
       0.Info>>Starting scattering...                                           
       0.Info>>Checking memory requirements for scattering calculation...       
       0.Info>>required limits.computation.memory.result_buffer=16              
       0.Info>>required limits.computation.memory.signal_buffer=16              
       0.Info>>required limits.computation.memory.exchange_buffer=0             
       0.Info>>required limits.computation.memory.alignpad_buffer=32            
       0.Info>>Memory limits ok                                                 
       0.Info>>Staging data...                                                  
       0.Info>>Forcing stager.mode=frames                                       
       0.Info>>Staging first partition.                                         
       0.Info>>Staging remaining partitions.                                    
       0.Info>>background scattering length set to 0                            
       0.Info>>Target initialized.                                              
       0.Info>>Target 'system' produces a background scattering length density of 0.00079162225689255407
       0.Info>>Starting computation...                                          
       0.Info>>Orientational averaging includes 100 vectors                     
       0.Info>>Setting progress sampling factor for monitoring to 1             
       0.Info>>Progress: 2.385%, ETOTAL: 55.217439301310037 s, ETA: 53.900273301310037 s
       0.Info>>Progress: 4.771%, ETOTAL: 27.70618689956331 s, ETA: 26.384370899563311 s
       0.Info>>Progress: 7.030%, ETOTAL: 18.88496813312058 s, ETA: 17.557270133120582 s
       0.Info>>Progress: 11.800%, ETOTAL: 11.526945610103891 s, ETA: 10.166710610103891 s
       0.Info>>Progress: 22.330%, ETOTAL: 14.831992765896365 s, ETA: 11.519989765896366 s
       0.Info>>Progress: 32.955%, ETOTAL: 10.116167593853334 s, ETA: 6.782371593853334 s
       0.Info>>Progress: 40.705%, ETOTAL: 8.2123731023622035 s, ETA: 4.8695161023622049 s
       0.Info>>Progress: 50.580%, ETOTAL: 10.510175020594382 s, ETA: 5.1941150205943831 s
       0.Info>>Progress: 60.705%, ETOTAL: 8.8139077507919747 s, ETA: 3.4634137507919753 s
       0.Info>>Progress: 70.205%, ETOTAL: 7.7698412344777212 s, ETA: 2.3150142344777214 s
       0.Info>>Progress: 80.080%, ETOTAL: 9.1826026816089659 s, ETA: 1.8291626816089659 s
       0.Info>>Scattering finished...                                           
       0.Info>>.................................................................
       0.Info>>.....................R.U.N...A.N.A.L.Y.S.I.S.....................
       0.Info>>.................................................................
       0.Info>>Aggregating timing information for performance analysis...       
       0.Info>>                                                                 
       0.Info>>                    Performance Analysis                         
       0.Info>>-----------------------------------------------------------------
       0.Info>> mean and total runtimes:                                        
       0.Info>>-----------------------------------------------------------------
       0.Info>>          measure |    total |       count |     mean |   stddev 
       0.Info>>-----------------------------------------------------------------
       0.Info>>   sd:c:b:dspstore| 3.524e-02|        10000| 3.524e-06| 2.053e-06
       0.Info>>    sd:c:b:scatter| 4.352e+01|        10000| 4.352e-03| 7.684e-04
       0.Info>>        sd:c:block| 4.369e+01|          100| 4.369e-01| 4.228e-02
       0.Info>>         sd:c:init| 1.481e+01|          100| 1.481e-01| 3.028e-02
       0.Info>>       sd:c:reduce| 1.060e-04|          100| 1.060e-06| 5.514e-07
       0.Info>>         sd:c:wait| 1.740e-04|          100| 1.740e-06| 5.556e-07
       0.Info>>        sd:compute| 5.850e+01|          100| 5.850e-01| 5.280e-02
       0.Info>>         sd:runner| 5.851e+01|            8| 7.313e+00| 0.000e+00
       0.Info>>          sd:stage| 2.533e-01|            8| 3.166e-02| 0.000e+00
       0.Info>> sd:worker:scatter| 4.317e+01|        10000| 4.317e-03| 7.612e-04
       0.Info>>    sd:worker:wait| 1.524e+01|        10000| 1.524e-03| 1.506e-02
       0.Info>>          sd:write| 1.002e-03|          100| 1.002e-05| 7.254e-06
       0.Info>>           st:fill| 1.241e-02|            8| 1.551e-03| 0.000e+00
       0.Info>>          st:first| 2.999e-02|            1| 2.999e-02| 0.000e+00
       0.Info>>           st:load| 2.939e-02|            1| 2.939e-02| 0.000e+00
       0.Info>>           st:wait| 2.102e-01|            8| 2.627e-02| 0.000e+00
       0.Info>>-----------------------------------------------------------------
       0.Info>>-----------------------------------------------------------------
       0.Info>> watermarks:                                                     
       0.Info>>-----------------------------------------------------------------
       0.Info>>          measure |      min |      max                          
       0.Info>>-----------------------------------------------------------------
       0.Info>>   sd:c:b:dspstore| 1.000e-06| 7.000e-05                         
       0.Info>>    sd:c:b:scatter| 1.532e-03| 1.095e-02                         
       0.Info>>        sd:c:block| 1.589e-01| 5.294e-01                         
       0.Info>>         sd:c:init| 1.168e-01| 2.496e-01                         
       0.Info>>       sd:c:reduce| 0.000e+00| 2.000e-06                         
       0.Info>>         sd:c:wait| 1.000e-06| 4.000e-06                         
       0.Info>>        sd:compute| 2.817e-01| 7.389e-01                         
       0.Info>>         sd:runner| 6.369e+00| 8.005e+00                         
       0.Info>>          sd:stage| 3.152e-02| 3.175e-02                         
       0.Info>> sd:worker:scatter| 1.510e-03| 1.089e-02                         
       0.Info>>    sd:worker:wait| 1.000e-06| 2.497e-01                         
       0.Info>>          sd:write| 5.000e-06| 4.900e-05                         
       0.Info>>           st:fill| 1.400e-03| 1.635e-03                         
       0.Info>>          st:first| 2.999e-02| 2.999e-02                         
       0.Info>>           st:load| 2.939e-02| 2.939e-02                         
       0.Info>>           st:wait| 8.000e-06| 3.003e-02                         
       0.Info>>-----------------------------------------------------------------
       0.Info>>                                                                 
       0.Info>>         Performance Analysis (relative to total time * nodes)   
       0.Info>>-----------------------------------------------------------------
       0.Info>> mean and total runtimes:                                        
       0.Info>>-----------------------------------------------------------------
       0.Info>>          measure |    total |       count |     mean |   stddev 
       0.Info>>-----------------------------------------------------------------
       0.Info>>   sd:c:b:dspstore| 5.132e-04|        10000| 5.132e-08| 2.477e-07
       0.Info>>    sd:c:b:scatter| 6.337e-01|        10000| 6.337e-05| 9.272e-05
       0.Info>>        sd:c:block| 6.362e-01|          100| 6.362e-03| 5.102e-03
       0.Info>>         sd:c:init| 2.157e-01|          100| 2.157e-03| 3.654e-03
       0.Info>>       sd:c:reduce| 1.544e-06|          100| 1.544e-08| 6.654e-08
       0.Info>>         sd:c:wait| 2.534e-06|          100| 2.534e-08| 6.705e-08
       0.Info>>        sd:compute| 8.519e-01|          100| 8.519e-03| 6.371e-03
       0.Info>>         sd:runner| 8.520e-01|            8| 1.065e-01| 0.000e+00
       0.Info>>          sd:stage| 3.689e-03|            8| 4.611e-04| 0.000e+00
       0.Info>> sd:worker:scatter| 6.286e-01|        10000| 6.286e-05| 9.185e-05
       0.Info>>    sd:worker:wait| 2.220e-01|        10000| 2.220e-05| 1.818e-03
       0.Info>>          sd:write| 1.459e-05|          100| 1.459e-07| 8.754e-07
       0.Info>>           st:fill| 1.807e-04|            8| 2.259e-05| 0.000e+00
       0.Info>>          st:first| 4.366e-04|            1| 4.366e-04| 0.000e+00
       0.Info>>           st:load| 4.279e-04|            1| 4.279e-04| 0.000e+00
       0.Info>>           st:wait| 3.061e-03|            8| 3.826e-04| 0.000e+00
       0.Info>>-----------------------------------------------------------------
       0.Info>>-----------------------------------------------------------------
       0.Info>> watermarks:                                                     
       0.Info>>-----------------------------------------------------------------
       0.Info>>          measure |      min |      max                          
       0.Info>>-----------------------------------------------------------------
       0.Info>>   sd:c:b:dspstore| 1.456e-08| 1.019e-06                         
       0.Info>>    sd:c:b:scatter| 2.231e-05| 1.595e-04                         
       0.Info>>        sd:c:block| 2.314e-03| 7.709e-03                         
       0.Info>>         sd:c:init| 1.701e-03| 3.634e-03                         
       0.Info>>       sd:c:reduce| 0.000e+00| 2.912e-08                         
       0.Info>>         sd:c:wait| 1.456e-08| 5.825e-08                         
       0.Info>>        sd:compute| 4.102e-03| 1.076e-02                         
       0.Info>>         sd:runner| 9.274e-02| 1.166e-01                         
       0.Info>>          sd:stage| 4.590e-04| 4.623e-04                         
       0.Info>> sd:worker:scatter| 2.199e-05| 1.585e-04                         
       0.Info>>    sd:worker:wait| 1.456e-08| 3.636e-03                         
       0.Info>>          sd:write| 7.281e-08| 7.135e-07                         
       0.Info>>           st:fill| 2.039e-05| 2.381e-05                         
       0.Info>>          st:first| 4.366e-04| 4.366e-04                         
       0.Info>>           st:load| 4.279e-04| 4.279e-04                         
       0.Info>>           st:wait| 1.165e-07| 4.373e-04                         
       0.Info>>-----------------------------------------------------------------
       0.Info>>Total runtime (s): 8.5841480000000008                            
       0.Info>>Successfully finished... Have a nice day!                        
