       0.Info>>This software is being developed by Benjamin Lindner.                    
       0.Info>>For help, suggestions or correspondense use:                             
       0.Info>>ben@benlabs.net, Benjamin Lindner (Main Developer, Impl. & Maintenance)  
       0.Info>>franc@cmm.ki.si, Franci Merzel (Methodology)                             
       0.Info>>For publications include the following references:                       
       0.Info>>.........................................................................
       0.Info>>1. Sassena - X-ray and Neutron Scattering Calculated                     
       0.Info>>  from Molecular Dynamics Trajectories using Massively Parallel Computers
       0.Info>>  published as a Computer Program in Physics Paper                       
       0.Info>>.........................................................................
       0.Info>>Version Information: 1.4.2                                       
       0.Info>>                                                                 
       0.Info>>.................................................................
       0.Info>>......................D.E.S.C.R.I.P.T.I.O.N......................
       0.Info>>.................................................................
       0.Info>>This binary computes the scattering intensities directly from    
       0.Info>>a molecular dynamics trajectory.                                 
       0.Info>>.................................................................
       0.Info>>.................................................................
       0.Info>>...................I.N.I.T.I.A.L.I.Z.A.T.I.O.N...................
       0.Info>>.................................................................
       0.Info>>No configuration file specified. Will use default                
       0.Info>>Looking for configuration file: scatter.xml                      
       0.Info>>Reading parameters from XML file: scatter.xml                    
       0.Info>>Added frames from /home/amajumda/study/continuum_simulations/gitlab/continuum-to-scattering/data/100_100_100_10_10_10/single_atom_shrink/iteration_003/t007/pdb_dcd/sample.dcd using format: dcd
       0.Info>>Options: first=0, last=0, lastset=0, stride=1                    
       0.Info>>stager.target=system                                             
       0.Info>>scattering.type=all                                              
       0.Info>>scattering.dsp.type=square                                       
       0.Info>>scattering.average.orientation.type=vectors                      
       0.Info>>scattering.average.orientation.vectors.type=sphere               
       0.Info>>scattering.average.orientation.vectors.algorithm=boost_uniform_on_sphere
       0.Info>>scattering.average.orientation.vectors.resolution=100            
       0.Info>>Generating orientations for orientational averaging using sphere,boost_uniform_on_sphere
       0.Info>>Initialized orientational averaging with 100 vectors.            
       0.Info>>scattering.signal.file=signal.h5                                 
       0.Info>>scattering.signal.filepath=/home/amajumda/study/continuum_simulations/gitlab/continuum-to-scattering/data/100_100_100_10_10_10/single_atom_shrink/iteration_003/t007/signal.h5
       0.Info>>scattering.signal.fqt=1                                          
       0.Info>>scattering.signal.fq0=1                                          
       0.Info>>scattering.signal.fq=1                                           
       0.Info>>scattering.signal.fq2=1                                          
       0.Info>>Analyzing command line for parameter overwrites                  
       0.Info>>Reading database from file: /home/amajumda/study/continuum_simulations/gitlab/continuum-to-scattering/data/100_100_100_10_10_10/single_atom_shrink/iteration_003/t007/database/db-neutron-coherent.xml
       0.Info>>Checking database...                                             
       0.Info>>Testing mapping between PDB names and atom labels                
       0.Info>>Testing database completeness for referenced atom labels         
       0.Info>>Check succeeded. Database seems OK.                              
       0.Info>>Initializing sample...                                           
       0.Info>>Reading structure from file: /home/amajumda/study/continuum_simulations/gitlab/continuum-to-scattering/data/100_100_100_10_10_10/single_atom_shrink/iteration_003/t007/pdb_dcd/sample.pdb
       0.Info>>Done. Atoms read: 1000                                           
       0.Info>>Reading frames from: /home/amajumda/study/continuum_simulations/gitlab/continuum-to-scattering/data/100_100_100_10_10_10/single_atom_shrink/iteration_003/t007/pdb_dcd/sample.dcd
       0.Info>>Found 1 frames                                                   
       0.Info>>Total number of coordinate sets found: 1                         
       0.Info>>Exchanging sample, database & params information with compute nodes... 
       0.Info>>params...                                                        
       0.Info>>database...                                                      
       0.Info>>sample...                                                        
       0.Info>>.................................................................
       0.Info>>......................C.O.M.P.U.T.A.T.I.O.N......................
       0.Info>>.................................................................
       0.Info>>Setting up services...                                           
       0.Info>>Initializing data file service...                                
       0.Info>>Initializing monitor service...                                  
       0.Info>>Starting data file service...                                    
       0.Info>>Starting monitor service...                                      
       0.Info>>Services setup and running...                                    
       0.Info>>Checking /home/amajumda/study/continuum_simulations/gitlab/continuum-to-scattering/data/100_100_100_10_10_10/single_atom_shrink/iteration_003/t007/signal.h5 for old results.
       0.Info>>Broadcasting service information                                 
       0.Info>>Server host name    : hzglap02                                   
       0.Info>>FileService Port    : 37531                                      
       0.Info>>MonitorService Port : 33025                                      
       0.Info>>Setting up parallel environment...                               
       0.Info>>Searching for decomposition plan:                                
       0.Info>>nodes    = 8                                                     
       0.Info>>qvectors = 100                                                   
       0.Info>>frames   = 1                                                     
       0.Info>>atoms   = 1000                                                   
       0.Info>>All interference scattering detected. Applying frame decomposition.
       0.Info>>Automatic decomposition. Searching for best utilization.         
       0.Info>>Final decomposition parameters:                                  
       0.Info>>NN                : 8                                            
       0.Info>>NQ                : 100                                          
       0.Info>>NAF               : 1                                            
       0.Info>>NP                : 8                                            
       0.Info>>NNpP              : 1                                            
       0.Info>>NAFcycles         : 1                                            
       0.Info>>NQcycles          : 13                                           
       0.Info>>CompEl (WASTE/USE): 4/100                                        
       0.Info>>utilization(1=best)    : 0.96153846153846156                     
       0.Info>>Initializing Scatter Device, Vectors (all)                       
       0.Info>>Starting scattering...                                           
       0.Info>>Checking memory requirements for scattering calculation...       
       0.Info>>required limits.computation.memory.result_buffer=16              
       0.Info>>required limits.computation.memory.signal_buffer=16              
       0.Info>>required limits.computation.memory.exchange_buffer=0             
       0.Info>>required limits.computation.memory.alignpad_buffer=32            
       0.Info>>Memory limits ok                                                 
       0.Info>>Staging data...                                                  
       0.Info>>Forcing stager.mode=frames                                       
       0.Info>>Staging first partition.                                         
       0.Info>>Staging remaining partitions.                                    
       0.Info>>background scattering length set to 0                            
       0.Info>>Target initialized.                                              
       0.Info>>Target 'system' produces a background scattering length density of 0.047534276336780194
       0.Info>>Starting computation...                                          
       0.Info>>Orientational averaging includes 100 vectors                     
       0.Info>>Setting progress sampling factor for monitoring to 1             
       0.Info>>Scattering finished...                                           
       0.Info>>.................................................................
       0.Info>>.....................R.U.N...A.N.A.L.Y.S.I.S.....................
       0.Info>>.................................................................
       0.Info>>Aggregating timing information for performance analysis...       
       0.Info>>                                                                 
       0.Info>>                    Performance Analysis                         
       0.Info>>-----------------------------------------------------------------
       0.Info>> mean and total runtimes:                                        
       0.Info>>-----------------------------------------------------------------
       0.Info>>          measure |    total |       count |     mean |   stddev 
       0.Info>>-----------------------------------------------------------------
       0.Info>>   sd:c:b:dspstore| 2.630e-02|        10000| 2.630e-06| 1.576e-06
       0.Info>>    sd:c:b:scatter| 6.087e-01|        10000| 6.087e-05| 1.499e-05
       0.Info>>        sd:c:block| 7.376e-01|          100| 7.376e-03| 5.143e-04
       0.Info>>         sd:c:init| 1.412e-01|          100| 1.412e-03| 2.858e-04
       0.Info>>       sd:c:reduce| 9.400e-05|          100| 9.400e-07| 5.528e-07
       0.Info>>         sd:c:wait| 1.470e-04|          100| 1.470e-06| 6.079e-07
       0.Info>>        sd:compute| 8.810e-01|          100| 8.810e-03| 5.877e-04
       0.Info>>         sd:runner| 8.839e-01|            8| 1.105e-01| 0.000e+00
       0.Info>>          sd:stage| 3.239e-03|            8| 4.049e-04| 0.000e+00
       0.Info>> sd:worker:scatter| 4.248e-01|        10000| 4.248e-05| 6.526e-06
       0.Info>>    sd:worker:wait| 3.826e-01|        10000| 3.826e-05| 1.479e-04
       0.Info>>          sd:write| 7.730e-04|          100| 7.730e-06| 5.907e-06
       0.Info>>           st:fill| 6.460e-04|            8| 8.075e-05| 0.000e+00
       0.Info>>          st:first| 2.290e-04|            1| 2.290e-04| 0.000e+00
       0.Info>>           st:load| 2.050e-04|            1| 2.050e-04| 0.000e+00
       0.Info>>           st:wait| 1.809e-03|            8| 2.261e-04| 0.000e+00
       0.Info>>-----------------------------------------------------------------
       0.Info>>-----------------------------------------------------------------
       0.Info>> watermarks:                                                     
       0.Info>>-----------------------------------------------------------------
       0.Info>>          measure |      min |      max                          
       0.Info>>-----------------------------------------------------------------
       0.Info>>   sd:c:b:dspstore| 1.000e-06| 6.200e-05                         
       0.Info>>    sd:c:b:scatter| 2.300e-05| 6.780e-04                         
       0.Info>>        sd:c:block| 5.273e-03| 8.919e-03                         
       0.Info>>         sd:c:init| 9.210e-04| 2.223e-03                         
       0.Info>>       sd:c:reduce| 0.000e+00| 3.000e-06                         
       0.Info>>         sd:c:wait| 1.000e-06| 3.000e-06                         
       0.Info>>        sd:compute| 6.376e-03| 9.978e-03                         
       0.Info>>         sd:runner| 9.742e-02| 1.164e-01                         
       0.Info>>          sd:stage| 4.000e-04| 4.100e-04                         
       0.Info>> sd:worker:scatter| 1.200e-05| 1.490e-04                         
       0.Info>>    sd:worker:wait| 1.200e-05| 2.259e-03                         
       0.Info>>          sd:write| 4.000e-06| 3.900e-05                         
       0.Info>>           st:fill| 7.300e-05| 8.500e-05                         
       0.Info>>          st:first| 2.290e-04| 2.290e-04                         
       0.Info>>           st:load| 2.050e-04| 2.050e-04                         
       0.Info>>           st:wait| 3.000e-06| 2.590e-04                         
       0.Info>>-----------------------------------------------------------------
       0.Info>>                                                                 
       0.Info>>         Performance Analysis (relative to total time * nodes)   
       0.Info>>-----------------------------------------------------------------
       0.Info>> mean and total runtimes:                                        
       0.Info>>-----------------------------------------------------------------
       0.Info>>          measure |    total |       count |     mean |   stddev 
       0.Info>>-----------------------------------------------------------------
       0.Info>>   sd:c:b:dspstore| 2.072e-02|        10000| 2.072e-06| 1.399e-06
       0.Info>>    sd:c:b:scatter| 4.796e-01|        10000| 4.796e-05| 1.331e-05
       0.Info>>        sd:c:block| 5.813e-01|          100| 5.813e-03| 4.566e-04
       0.Info>>         sd:c:init| 1.113e-01|          100| 1.113e-03| 2.537e-04
       0.Info>>       sd:c:reduce| 7.408e-05|          100| 7.408e-07| 4.907e-07
       0.Info>>         sd:c:wait| 1.158e-04|          100| 1.158e-06| 5.396e-07
       0.Info>>        sd:compute| 6.942e-01|          100| 6.942e-03| 5.217e-04
       0.Info>>         sd:runner| 6.965e-01|            8| 8.707e-02| 0.000e+00
       0.Info>>          sd:stage| 2.552e-03|            8| 3.191e-04| 0.000e+00
       0.Info>> sd:worker:scatter| 3.347e-01|        10000| 3.347e-05| 5.793e-06
       0.Info>>    sd:worker:wait| 3.015e-01|        10000| 3.015e-05| 1.313e-04
       0.Info>>          sd:write| 6.091e-04|          100| 6.091e-06| 5.243e-06
       0.Info>>           st:fill| 5.091e-04|            8| 6.363e-05| 0.000e+00
       0.Info>>          st:first| 1.805e-04|            1| 1.805e-04| 0.000e+00
       0.Info>>           st:load| 1.615e-04|            1| 1.615e-04| 0.000e+00
       0.Info>>           st:wait| 1.426e-03|            8| 1.782e-04| 0.000e+00
       0.Info>>-----------------------------------------------------------------
       0.Info>>-----------------------------------------------------------------
       0.Info>> watermarks:                                                     
       0.Info>>-----------------------------------------------------------------
       0.Info>>          measure |      min |      max                          
       0.Info>>-----------------------------------------------------------------
       0.Info>>   sd:c:b:dspstore| 7.880e-07| 4.886e-05                         
       0.Info>>    sd:c:b:scatter| 1.812e-05| 5.343e-04                         
       0.Info>>        sd:c:block| 4.155e-03| 7.028e-03                         
       0.Info>>         sd:c:init| 7.258e-04| 1.752e-03                         
       0.Info>>       sd:c:reduce| 0.000e+00| 2.364e-06                         
       0.Info>>         sd:c:wait| 7.880e-07| 2.364e-06                         
       0.Info>>        sd:compute| 5.024e-03| 7.863e-03                         
       0.Info>>         sd:runner| 7.677e-02| 9.170e-02                         
       0.Info>>          sd:stage| 3.152e-04| 3.231e-04                         
       0.Info>> sd:worker:scatter| 9.456e-06| 1.174e-04                         
       0.Info>>    sd:worker:wait| 9.456e-06| 1.780e-03                         
       0.Info>>          sd:write| 3.152e-06| 3.073e-05                         
       0.Info>>           st:fill| 5.753e-05| 6.698e-05                         
       0.Info>>          st:first| 1.805e-04| 1.805e-04                         
       0.Info>>           st:load| 1.615e-04| 1.615e-04                         
       0.Info>>           st:wait| 2.364e-06| 2.041e-04                         
       0.Info>>-----------------------------------------------------------------
       0.Info>>Total runtime (s): 0.15862299999999999                           
       0.Info>>Successfully finished... Have a nice day!                        
