       0.Info>>This software is being developed by Benjamin Lindner.                    
       0.Info>>For help, suggestions or correspondense use:                             
       0.Info>>ben@benlabs.net, Benjamin Lindner (Main Developer, Impl. & Maintenance)  
       0.Info>>franc@cmm.ki.si, Franci Merzel (Methodology)                             
       0.Info>>For publications include the following references:                       
       0.Info>>.........................................................................
       0.Info>>1. Sassena - X-ray and Neutron Scattering Calculated                     
       0.Info>>  from Molecular Dynamics Trajectories using Massively Parallel Computers
       0.Info>>  published as a Computer Program in Physics Paper                       
       0.Info>>.........................................................................
       0.Info>>Version Information: 1.4.2                                       
       0.Info>>                                                                 
       0.Info>>.................................................................
       0.Info>>......................D.E.S.C.R.I.P.T.I.O.N......................
       0.Info>>.................................................................
       0.Info>>This binary computes the scattering intensities directly from    
       0.Info>>a molecular dynamics trajectory.                                 
       0.Info>>.................................................................
       0.Info>>.................................................................
       0.Info>>...................I.N.I.T.I.A.L.I.Z.A.T.I.O.N...................
       0.Info>>.................................................................
       0.Info>>No configuration file specified. Will use default                
       0.Info>>Looking for configuration file: scatter.xml                      
       0.Info>>Reading parameters from XML file: scatter.xml                    
       0.Info>>Added frames from /home/amajumda/study/continuum_simulations/gitlab/continuum-to-scattering/data/100_100_100_50_50_50/single_atom_shrink/iteration_003/t007/pdb_dcd/sample.dcd using format: dcd
       0.Info>>Options: first=0, last=0, lastset=0, stride=1                    
       0.Info>>stager.target=system                                             
       0.Info>>scattering.type=all                                              
       0.Info>>scattering.dsp.type=square                                       
       0.Info>>scattering.average.orientation.type=vectors                      
       0.Info>>scattering.average.orientation.vectors.type=sphere               
       0.Info>>scattering.average.orientation.vectors.algorithm=boost_uniform_on_sphere
       0.Info>>scattering.average.orientation.vectors.resolution=100            
       0.Info>>Generating orientations for orientational averaging using sphere,boost_uniform_on_sphere
       0.Info>>Initialized orientational averaging with 100 vectors.            
       0.Info>>scattering.signal.file=signal.h5                                 
       0.Info>>scattering.signal.filepath=/home/amajumda/study/continuum_simulations/gitlab/continuum-to-scattering/data/100_100_100_50_50_50/single_atom_shrink/iteration_003/t007/signal.h5
       0.Info>>scattering.signal.fqt=1                                          
       0.Info>>scattering.signal.fq0=1                                          
       0.Info>>scattering.signal.fq=1                                           
       0.Info>>scattering.signal.fq2=1                                          
       0.Info>>Analyzing command line for parameter overwrites                  
       0.Info>>Reading database from file: /home/amajumda/study/continuum_simulations/gitlab/continuum-to-scattering/data/100_100_100_50_50_50/single_atom_shrink/iteration_003/t007/database/db-neutron-coherent.xml
       0.Info>>Checking database...                                             
       0.Info>>Testing mapping between PDB names and atom labels                
       0.Info>>Testing database completeness for referenced atom labels         
       0.Info>>Check succeeded. Database seems OK.                              
       0.Info>>Initializing sample...                                           
       0.Info>>Reading structure from file: /home/amajumda/study/continuum_simulations/gitlab/continuum-to-scattering/data/100_100_100_50_50_50/single_atom_shrink/iteration_003/t007/pdb_dcd/sample.pdb
       0.Info>>Done. Atoms read: 125000                                         
       0.Info>>Reading frames from: /home/amajumda/study/continuum_simulations/gitlab/continuum-to-scattering/data/100_100_100_50_50_50/single_atom_shrink/iteration_003/t007/pdb_dcd/sample.dcd
       0.Info>>Found 1 frames                                                   
       0.Info>>Total number of coordinate sets found: 1                         
       0.Info>>Exchanging sample, database & params information with compute nodes... 
       0.Info>>params...                                                        
       0.Info>>database...                                                      
       0.Info>>sample...                                                        
       0.Info>>.................................................................
       0.Info>>......................C.O.M.P.U.T.A.T.I.O.N......................
       0.Info>>.................................................................
       0.Info>>Setting up services...                                           
       0.Info>>Initializing data file service...                                
       0.Info>>Initializing monitor service...                                  
       0.Info>>Starting data file service...                                    
       0.Info>>Starting monitor service...                                      
       0.Info>>Services setup and running...                                    
       0.Info>>Checking /home/amajumda/study/continuum_simulations/gitlab/continuum-to-scattering/data/100_100_100_50_50_50/single_atom_shrink/iteration_003/t007/signal.h5 for old results.
       0.Info>>Broadcasting service information                                 
       0.Info>>Server host name    : hzglap02                                   
       0.Info>>FileService Port    : 43871                                      
       0.Info>>MonitorService Port : 41585                                      
       0.Info>>Setting up parallel environment...                               
       0.Info>>Searching for decomposition plan:                                
       0.Info>>nodes    = 8                                                     
       0.Info>>qvectors = 100                                                   
       0.Info>>frames   = 1                                                     
       0.Info>>atoms   = 125000                                                 
       0.Info>>All interference scattering detected. Applying frame decomposition.
       0.Info>>Automatic decomposition. Searching for best utilization.         
       0.Info>>Final decomposition parameters:                                  
       0.Info>>NN                : 8                                            
       0.Info>>NQ                : 100                                          
       0.Info>>NAF               : 1                                            
       0.Info>>NP                : 8                                            
       0.Info>>NNpP              : 1                                            
       0.Info>>NAFcycles         : 1                                            
       0.Info>>NQcycles          : 13                                           
       0.Info>>CompEl (WASTE/USE): 4/100                                        
       0.Info>>utilization(1=best)    : 0.96153846153846156                     
       0.Info>>Initializing Scatter Device, Vectors (all)                       
       0.Info>>Starting scattering...                                           
       0.Info>>Checking memory requirements for scattering calculation...       
       0.Info>>required limits.computation.memory.result_buffer=16              
       0.Info>>required limits.computation.memory.signal_buffer=16              
       0.Info>>required limits.computation.memory.exchange_buffer=0             
       0.Info>>required limits.computation.memory.alignpad_buffer=32            
       0.Info>>Memory limits ok                                                 
       0.Info>>Staging data...                                                  
       0.Info>>Forcing stager.mode=frames                                       
       0.Info>>Staging first partition.                                         
       0.Info>>Staging remaining partitions.                                    
       0.Info>>background scattering length set to 0                            
       0.Info>>Target initialized.                                              
       0.Info>>Target 'system' produces a background scattering length density of 0.00045328685914846728
       0.Info>>Starting computation...                                          
       0.Info>>Orientational averaging includes 100 vectors                     
       0.Info>>Setting progress sampling factor for monitoring to 1             
       0.Info>>Progress: 2.135%, ETOTAL: 59.88344195121951 s, ETA: 58.604680951219507 s
       0.Info>>Progress: 4.270%, ETOTAL: 30.8604475136048 s, ETA: 29.542696513604799 s
       0.Info>>Progress: 6.280%, ETOTAL: 21.351740104631869 s, ETA: 20.010926104631871 s
       0.Info>>Progress: 10.425%, ETOTAL: 13.089495956956188 s, ETA: 11.724957956956189 s
       0.Info>>Progress: 21.205%, ETOTAL: 15.471988512696495 s, ETA: 12.191133512696494 s
       0.Info>>Progress: 31.955%, ETOTAL: 10.299586278836511 s, ETA: 7.0083402788365108 s
       0.Info>>Progress: 41.830%, ETOTAL: 7.946963451076547 s, ETA: 4.6227384510765468 s
       0.Info>>Progress: 51.830%, ETOTAL: 10.185577737925916 s, ETA: 4.9063797379259171 s
       0.Info>>Progress: 61.205%, ETOTAL: 8.6919612065353977 s, ETA: 3.3720352065353989 s
       0.Info>>Progress: 71.955%, ETOTAL: 7.6306569621380813 s, ETA: 2.1400079621380828 s
       0.Info>>Progress: 81.330%, ETOTAL: 8.9876250798029531 s, ETA: 1.677978079802954 s
       0.Info>>Scattering finished...                                           
       0.Info>>.................................................................
       0.Info>>.....................R.U.N...A.N.A.L.Y.S.I.S.....................
       0.Info>>.................................................................
       0.Info>>Aggregating timing information for performance analysis...       
       0.Info>>                                                                 
       0.Info>>                    Performance Analysis                         
       0.Info>>-----------------------------------------------------------------
       0.Info>> mean and total runtimes:                                        
       0.Info>>-----------------------------------------------------------------
       0.Info>>          measure |    total |       count |     mean |   stddev 
       0.Info>>-----------------------------------------------------------------
       0.Info>>   sd:c:b:dspstore| 3.712e-02|        10000| 3.712e-06| 2.141e-06
       0.Info>>    sd:c:b:scatter| 4.371e+01|        10000| 4.371e-03| 8.222e-04
       0.Info>>        sd:c:block| 4.389e+01|          100| 4.389e-01| 3.661e-02
       0.Info>>         sd:c:init| 1.496e+01|          100| 1.496e-01| 3.126e-02
       0.Info>>       sd:c:reduce| 1.050e-04|          100| 1.050e-06| 5.286e-07
       0.Info>>         sd:c:wait| 1.770e-04|          100| 1.770e-06| 7.192e-07
       0.Info>>        sd:compute| 5.885e+01|          100| 5.885e-01| 4.810e-02
       0.Info>>         sd:runner| 5.885e+01|            8| 7.357e+00| 0.000e+00
       0.Info>>          sd:stage| 1.949e-01|            8| 2.437e-02| 0.000e+00
       0.Info>> sd:worker:scatter| 4.329e+01|        10000| 4.329e-03| 7.726e-04
       0.Info>>    sd:worker:wait| 1.546e+01|        10000| 1.546e-03| 1.523e-02
       0.Info>>          sd:write| 1.121e-03|          100| 1.121e-05| 1.015e-05
       0.Info>>           st:fill| 1.188e-02|            8| 1.485e-03| 0.000e+00
       0.Info>>          st:first| 2.276e-02|            1| 2.276e-02| 0.000e+00
       0.Info>>           st:load| 2.237e-02|            1| 2.237e-02| 0.000e+00
       0.Info>>           st:wait| 1.596e-01|            8| 1.995e-02| 0.000e+00
       0.Info>>-----------------------------------------------------------------
       0.Info>>-----------------------------------------------------------------
       0.Info>> watermarks:                                                     
       0.Info>>-----------------------------------------------------------------
       0.Info>>          measure |      min |      max                          
       0.Info>>-----------------------------------------------------------------
       0.Info>>   sd:c:b:dspstore| 2.000e-06| 9.100e-05                         
       0.Info>>    sd:c:b:scatter| 1.531e-03| 2.378e-02                         
       0.Info>>        sd:c:block| 1.642e-01| 5.406e-01                         
       0.Info>>         sd:c:init| 1.128e-01| 2.409e-01                         
       0.Info>>       sd:c:reduce| 0.000e+00| 3.000e-06                         
       0.Info>>         sd:c:wait| 1.000e-06| 4.000e-06                         
       0.Info>>        sd:compute| 2.813e-01| 7.056e-01                         
       0.Info>>         sd:runner| 6.398e+00| 7.945e+00                         
       0.Info>>          sd:stage| 2.421e-02| 2.443e-02                         
       0.Info>> sd:worker:scatter| 1.510e-03| 1.191e-02                         
       0.Info>>    sd:worker:wait| 1.000e-06| 2.410e-01                         
       0.Info>>          sd:write| 5.000e-06| 5.200e-05                         
       0.Info>>           st:fill| 1.327e-03| 1.552e-03                         
       0.Info>>          st:first| 2.276e-02| 2.276e-02                         
       0.Info>>           st:load| 2.237e-02| 2.237e-02                         
       0.Info>>           st:wait| 1.000e-05| 2.280e-02                         
       0.Info>>-----------------------------------------------------------------
       0.Info>>                                                                 
       0.Info>>         Performance Analysis (relative to total time * nodes)   
       0.Info>>-----------------------------------------------------------------
       0.Info>> mean and total runtimes:                                        
       0.Info>>-----------------------------------------------------------------
       0.Info>>          measure |    total |       count |     mean |   stddev 
       0.Info>>-----------------------------------------------------------------
       0.Info>>   sd:c:b:dspstore| 5.534e-04|        10000| 5.534e-08| 2.614e-07
       0.Info>>    sd:c:b:scatter| 6.516e-01|        10000| 6.516e-05| 1.004e-04
       0.Info>>        sd:c:block| 6.544e-01|          100| 6.544e-03| 4.470e-03
       0.Info>>         sd:c:init| 2.230e-01|          100| 2.230e-03| 3.817e-03
       0.Info>>       sd:c:reduce| 1.566e-06|          100| 1.566e-08| 6.455e-08
       0.Info>>         sd:c:wait| 2.639e-06|          100| 2.639e-08| 8.782e-08
       0.Info>>        sd:compute| 8.775e-01|          100| 8.775e-03| 5.873e-03
       0.Info>>         sd:runner| 8.775e-01|            8| 1.097e-01| 0.000e+00
       0.Info>>          sd:stage| 2.907e-03|            8| 3.633e-04| 0.000e+00
       0.Info>> sd:worker:scatter| 6.454e-01|        10000| 6.454e-05| 9.434e-05
       0.Info>>    sd:worker:wait| 2.305e-01|        10000| 2.305e-05| 1.859e-03
       0.Info>>          sd:write| 1.671e-05|          100| 1.671e-07| 1.239e-06
       0.Info>>           st:fill| 1.771e-04|            8| 2.213e-05| 0.000e+00
       0.Info>>          st:first| 3.393e-04|            1| 3.393e-04| 0.000e+00
       0.Info>>           st:load| 3.336e-04|            1| 3.336e-04| 0.000e+00
       0.Info>>           st:wait| 2.379e-03|            8| 2.974e-04| 0.000e+00
       0.Info>>-----------------------------------------------------------------
       0.Info>>-----------------------------------------------------------------
       0.Info>> watermarks:                                                     
       0.Info>>-----------------------------------------------------------------
       0.Info>>          measure |      min |      max                          
       0.Info>>-----------------------------------------------------------------
       0.Info>>   sd:c:b:dspstore| 2.982e-08| 1.357e-06                         
       0.Info>>    sd:c:b:scatter| 2.283e-05| 3.546e-04                         
       0.Info>>        sd:c:block| 2.448e-03| 8.061e-03                         
       0.Info>>         sd:c:init| 1.681e-03| 3.591e-03                         
       0.Info>>       sd:c:reduce| 0.000e+00| 4.473e-08                         
       0.Info>>         sd:c:wait| 1.491e-08| 5.964e-08                         
       0.Info>>        sd:compute| 4.195e-03| 1.052e-02                         
       0.Info>>         sd:runner| 9.539e-02| 1.185e-01                         
       0.Info>>          sd:stage| 3.610e-04| 3.643e-04                         
       0.Info>> sd:worker:scatter| 2.251e-05| 1.775e-04                         
       0.Info>>    sd:worker:wait| 1.491e-08| 3.593e-03                         
       0.Info>>          sd:write| 7.455e-08| 7.753e-07                         
       0.Info>>           st:fill| 1.979e-05| 2.314e-05                         
       0.Info>>          st:first| 3.393e-04| 3.393e-04                         
       0.Info>>           st:load| 3.336e-04| 3.336e-04                         
       0.Info>>           st:wait| 1.491e-07| 3.400e-04                         
       0.Info>>-----------------------------------------------------------------
       0.Info>>Total runtime (s): 8.3836580000000005                            
       0.Info>>Successfully finished... Have a nice day!                        
