       0.Info>>This software is being developed by Benjamin Lindner.                    
       0.Info>>For help, suggestions or correspondense use:                             
       0.Info>>ben@benlabs.net, Benjamin Lindner (Main Developer, Impl. & Maintenance)  
       0.Info>>franc@cmm.ki.si, Franci Merzel (Methodology)                             
       0.Info>>For publications include the following references:                       
       0.Info>>.........................................................................
       0.Info>>1. Sassena - X-ray and Neutron Scattering Calculated                     
       0.Info>>  from Molecular Dynamics Trajectories using Massively Parallel Computers
       0.Info>>  published as a Computer Program in Physics Paper                       
       0.Info>>.........................................................................
       0.Info>>Version Information: 1.4.2                                       
       0.Info>>                                                                 
       0.Info>>.................................................................
       0.Info>>......................D.E.S.C.R.I.P.T.I.O.N......................
       0.Info>>.................................................................
       0.Info>>This binary computes the scattering intensities directly from    
       0.Info>>a molecular dynamics trajectory.                                 
       0.Info>>.................................................................
       0.Info>>.................................................................
       0.Info>>...................I.N.I.T.I.A.L.I.Z.A.T.I.O.N...................
       0.Info>>.................................................................
       0.Info>>No configuration file specified. Will use default                
       0.Info>>Looking for configuration file: scatter.xml                      
       0.Info>>Reading parameters from XML file: scatter.xml                    
       0.Info>>Added frames from /home/amajumda/study/continuum_simulations/gitlab/continuum-to-scattering/data/100_100_100_10_10_10/single_atom_shrink/iteration_001/t006/pdb_dcd/sample.dcd using format: dcd
       0.Info>>Options: first=0, last=0, lastset=0, stride=1                    
       0.Info>>stager.target=system                                             
       0.Info>>scattering.type=all                                              
       0.Info>>scattering.dsp.type=square                                       
       0.Info>>scattering.average.orientation.type=vectors                      
       0.Info>>scattering.average.orientation.vectors.type=sphere               
       0.Info>>scattering.average.orientation.vectors.algorithm=boost_uniform_on_sphere
       0.Info>>scattering.average.orientation.vectors.resolution=100            
       0.Info>>Generating orientations for orientational averaging using sphere,boost_uniform_on_sphere
       0.Info>>Initialized orientational averaging with 100 vectors.            
       0.Info>>scattering.signal.file=signal.h5                                 
       0.Info>>scattering.signal.filepath=/home/amajumda/study/continuum_simulations/gitlab/continuum-to-scattering/data/100_100_100_10_10_10/single_atom_shrink/iteration_001/t006/signal.h5
       0.Info>>scattering.signal.fqt=1                                          
       0.Info>>scattering.signal.fq0=1                                          
       0.Info>>scattering.signal.fq=1                                           
       0.Info>>scattering.signal.fq2=1                                          
       0.Info>>Analyzing command line for parameter overwrites                  
       0.Info>>Reading database from file: /home/amajumda/study/continuum_simulations/gitlab/continuum-to-scattering/data/100_100_100_10_10_10/single_atom_shrink/iteration_001/t006/database/db-neutron-coherent.xml
       0.Info>>Checking database...                                             
       0.Info>>Testing mapping between PDB names and atom labels                
       0.Info>>Testing database completeness for referenced atom labels         
       0.Info>>Check succeeded. Database seems OK.                              
       0.Info>>Initializing sample...                                           
       0.Info>>Reading structure from file: /home/amajumda/study/continuum_simulations/gitlab/continuum-to-scattering/data/100_100_100_10_10_10/single_atom_shrink/iteration_001/t006/pdb_dcd/sample.pdb
       0.Info>>Done. Atoms read: 1000                                           
       0.Info>>Reading frames from: /home/amajumda/study/continuum_simulations/gitlab/continuum-to-scattering/data/100_100_100_10_10_10/single_atom_shrink/iteration_001/t006/pdb_dcd/sample.dcd
       0.Info>>Found 1 frames                                                   
       0.Info>>Total number of coordinate sets found: 1                         
       0.Info>>Exchanging sample, database & params information with compute nodes... 
       0.Info>>params...                                                        
       0.Info>>database...                                                      
       0.Info>>sample...                                                        
       0.Info>>.................................................................
       0.Info>>......................C.O.M.P.U.T.A.T.I.O.N......................
       0.Info>>.................................................................
       0.Info>>Setting up services...                                           
       0.Info>>Initializing data file service...                                
       0.Info>>Initializing monitor service...                                  
       0.Info>>Starting data file service...                                    
       0.Info>>Starting monitor service...                                      
       0.Info>>Services setup and running...                                    
       0.Info>>Checking /home/amajumda/study/continuum_simulations/gitlab/continuum-to-scattering/data/100_100_100_10_10_10/single_atom_shrink/iteration_001/t006/signal.h5 for old results.
       0.Info>>Broadcasting service information                                 
       0.Info>>Server host name    : hzglap02                                   
       0.Info>>FileService Port    : 45037                                      
       0.Info>>MonitorService Port : 39385                                      
       0.Info>>Setting up parallel environment...                               
       0.Info>>Searching for decomposition plan:                                
       0.Info>>nodes    = 8                                                     
       0.Info>>qvectors = 100                                                   
       0.Info>>frames   = 1                                                     
       0.Info>>atoms   = 1000                                                   
       0.Info>>All interference scattering detected. Applying frame decomposition.
       0.Info>>Automatic decomposition. Searching for best utilization.         
       0.Info>>Final decomposition parameters:                                  
       0.Info>>NN                : 8                                            
       0.Info>>NQ                : 100                                          
       0.Info>>NAF               : 1                                            
       0.Info>>NP                : 8                                            
       0.Info>>NNpP              : 1                                            
       0.Info>>NAFcycles         : 1                                            
       0.Info>>NQcycles          : 13                                           
       0.Info>>CompEl (WASTE/USE): 4/100                                        
       0.Info>>utilization(1=best)    : 0.96153846153846156                     
       0.Info>>Initializing Scatter Device, Vectors (all)                       
       0.Info>>Starting scattering...                                           
       0.Info>>Checking memory requirements for scattering calculation...       
       0.Info>>required limits.computation.memory.result_buffer=16              
       0.Info>>required limits.computation.memory.signal_buffer=16              
       0.Info>>required limits.computation.memory.exchange_buffer=0             
       0.Info>>required limits.computation.memory.alignpad_buffer=32            
       0.Info>>Memory limits ok                                                 
       0.Info>>Staging data...                                                  
       0.Info>>Forcing stager.mode=frames                                       
       0.Info>>Staging first partition.                                         
       0.Info>>Staging remaining partitions.                                    
       0.Info>>background scattering length set to 0                            
       0.Info>>Target initialized.                                              
       0.Info>>Target 'system' produces a background scattering length density of 0.062813150873602369
       0.Info>>Starting computation...                                          
       0.Info>>Orientational averaging includes 100 vectors                     
       0.Info>>Setting progress sampling factor for monitoring to 1             
       0.Info>>Scattering finished...                                           
       0.Info>>.................................................................
       0.Info>>.....................R.U.N...A.N.A.L.Y.S.I.S.....................
       0.Info>>.................................................................
       0.Info>>Aggregating timing information for performance analysis...       
       0.Info>>                                                                 
       0.Info>>                    Performance Analysis                         
       0.Info>>-----------------------------------------------------------------
       0.Info>> mean and total runtimes:                                        
       0.Info>>-----------------------------------------------------------------
       0.Info>>          measure |    total |       count |     mean |   stddev 
       0.Info>>-----------------------------------------------------------------
       0.Info>>   sd:c:b:dspstore| 2.611e-02|        10000| 2.611e-06| 1.847e-06
       0.Info>>    sd:c:b:scatter| 6.097e-01|        10000| 6.097e-05| 1.929e-05
       0.Info>>        sd:c:block| 7.379e-01|          100| 7.379e-03| 5.071e-04
       0.Info>>         sd:c:init| 1.404e-01|          100| 1.404e-03| 2.952e-04
       0.Info>>       sd:c:reduce| 9.800e-05|          100| 9.800e-07| 4.201e-07
       0.Info>>         sd:c:wait| 1.410e-04|          100| 1.410e-06| 5.118e-07
       0.Info>>        sd:compute| 8.804e-01|          100| 8.804e-03| 6.372e-04
       0.Info>>         sd:runner| 8.830e-01|            8| 1.104e-01| 0.000e+00
       0.Info>>          sd:stage| 3.745e-03|            8| 4.681e-04| 0.000e+00
       0.Info>> sd:worker:scatter| 4.281e-01|        10000| 4.281e-05| 6.188e-06
       0.Info>>    sd:worker:wait| 3.783e-01|        10000| 3.783e-05| 1.497e-04
       0.Info>>          sd:write| 7.590e-04|          100| 7.590e-06| 5.224e-06
       0.Info>>           st:fill| 8.980e-04|            8| 1.123e-04| 0.000e+00
       0.Info>>          st:first| 2.650e-04|            1| 2.650e-04| 0.000e+00
       0.Info>>           st:load| 2.420e-04|            1| 2.420e-04| 0.000e+00
       0.Info>>           st:wait| 1.984e-03|            8| 2.480e-04| 0.000e+00
       0.Info>>-----------------------------------------------------------------
       0.Info>>-----------------------------------------------------------------
       0.Info>> watermarks:                                                     
       0.Info>>-----------------------------------------------------------------
       0.Info>>          measure |      min |      max                          
       0.Info>>-----------------------------------------------------------------
       0.Info>>   sd:c:b:dspstore| 1.000e-06| 1.100e-04                         
       0.Info>>    sd:c:b:scatter| 2.500e-05| 1.609e-03                         
       0.Info>>        sd:c:block| 4.883e-03| 9.455e-03                         
       0.Info>>         sd:c:init| 9.370e-04| 2.192e-03                         
       0.Info>>       sd:c:reduce| 0.000e+00| 2.000e-06                         
       0.Info>>         sd:c:wait| 0.000e+00| 3.000e-06                         
       0.Info>>        sd:compute| 5.944e-03| 1.055e-02                         
       0.Info>>         sd:runner| 9.633e-02| 1.195e-01                         
       0.Info>>          sd:stage| 4.600e-04| 4.730e-04                         
       0.Info>> sd:worker:scatter| 1.200e-05| 8.500e-05                         
       0.Info>>    sd:worker:wait| 1.200e-05| 3.306e-03                         
       0.Info>>          sd:write| 4.000e-06| 3.300e-05                         
       0.Info>>           st:fill| 1.060e-04| 1.170e-04                         
       0.Info>>          st:first| 2.650e-04| 2.650e-04                         
       0.Info>>           st:load| 2.420e-04| 2.420e-04                         
       0.Info>>           st:wait| 4.000e-06| 2.860e-04                         
       0.Info>>-----------------------------------------------------------------
       0.Info>>                                                                 
       0.Info>>         Performance Analysis (relative to total time * nodes)   
       0.Info>>-----------------------------------------------------------------
       0.Info>> mean and total runtimes:                                        
       0.Info>>-----------------------------------------------------------------
       0.Info>>          measure |    total |       count |     mean |   stddev 
       0.Info>>-----------------------------------------------------------------
       0.Info>>   sd:c:b:dspstore| 2.026e-02|        10000| 2.026e-06| 1.627e-06
       0.Info>>    sd:c:b:scatter| 4.731e-01|        10000| 4.731e-05| 1.699e-05
       0.Info>>        sd:c:block| 5.725e-01|          100| 5.725e-03| 4.467e-04
       0.Info>>         sd:c:init| 1.090e-01|          100| 1.090e-03| 2.600e-04
       0.Info>>       sd:c:reduce| 7.604e-05|          100| 7.604e-07| 3.700e-07
       0.Info>>         sd:c:wait| 1.094e-04|          100| 1.094e-06| 4.508e-07
       0.Info>>        sd:compute| 6.831e-01|          100| 6.831e-03| 5.612e-04
       0.Info>>         sd:runner| 6.851e-01|            8| 8.564e-02| 0.000e+00
       0.Info>>          sd:stage| 2.906e-03|            8| 3.632e-04| 0.000e+00
       0.Info>> sd:worker:scatter| 3.321e-01|        10000| 3.321e-05| 5.450e-06
       0.Info>>    sd:worker:wait| 2.935e-01|        10000| 2.935e-05| 1.319e-04
       0.Info>>          sd:write| 5.889e-04|          100| 5.889e-06| 4.602e-06
       0.Info>>           st:fill| 6.968e-04|            8| 8.710e-05| 0.000e+00
       0.Info>>          st:first| 2.056e-04|            1| 2.056e-04| 0.000e+00
       0.Info>>           st:load| 1.878e-04|            1| 1.878e-04| 0.000e+00
       0.Info>>           st:wait| 1.539e-03|            8| 1.924e-04| 0.000e+00
       0.Info>>-----------------------------------------------------------------
       0.Info>>-----------------------------------------------------------------
       0.Info>> watermarks:                                                     
       0.Info>>-----------------------------------------------------------------
       0.Info>>          measure |      min |      max                          
       0.Info>>-----------------------------------------------------------------
       0.Info>>   sd:c:b:dspstore| 7.759e-07| 8.535e-05                         
       0.Info>>    sd:c:b:scatter| 1.940e-05| 1.248e-03                         
       0.Info>>        sd:c:block| 3.789e-03| 7.336e-03                         
       0.Info>>         sd:c:init| 7.270e-04| 1.701e-03                         
       0.Info>>       sd:c:reduce| 0.000e+00| 1.552e-06                         
       0.Info>>         sd:c:wait| 0.000e+00| 2.328e-06                         
       0.Info>>        sd:compute| 4.612e-03| 8.185e-03                         
       0.Info>>         sd:runner| 7.474e-02| 9.269e-02                         
       0.Info>>          sd:stage| 3.569e-04| 3.670e-04                         
       0.Info>> sd:worker:scatter| 9.311e-06| 6.595e-05                         
       0.Info>>    sd:worker:wait| 9.311e-06| 2.565e-03                         
       0.Info>>          sd:write| 3.104e-06| 2.561e-05                         
       0.Info>>           st:fill| 8.225e-05| 9.078e-05                         
       0.Info>>          st:first| 2.056e-04| 2.056e-04                         
       0.Info>>           st:load| 1.878e-04| 1.878e-04                         
       0.Info>>           st:wait| 3.104e-06| 2.219e-04                         
       0.Info>>-----------------------------------------------------------------
       0.Info>>Total runtime (s): 0.16109899999999999                           
       0.Info>>Successfully finished... Have a nice day!                        
