       0.Info>>This software is being developed by Benjamin Lindner.                    
       0.Info>>For help, suggestions or correspondense use:                             
       0.Info>>ben@benlabs.net, Benjamin Lindner (Main Developer, Impl. & Maintenance)  
       0.Info>>franc@cmm.ki.si, Franci Merzel (Methodology)                             
       0.Info>>For publications include the following references:                       
       0.Info>>.........................................................................
       0.Info>>1. Sassena - X-ray and Neutron Scattering Calculated                     
       0.Info>>  from Molecular Dynamics Trajectories using Massively Parallel Computers
       0.Info>>  published as a Computer Program in Physics Paper                       
       0.Info>>.........................................................................
       0.Info>>Version Information: 1.4.2                                       
       0.Info>>                                                                 
       0.Info>>.................................................................
       0.Info>>......................D.E.S.C.R.I.P.T.I.O.N......................
       0.Info>>.................................................................
       0.Info>>This binary computes the scattering intensities directly from    
       0.Info>>a molecular dynamics trajectory.                                 
       0.Info>>.................................................................
       0.Info>>.................................................................
       0.Info>>...................I.N.I.T.I.A.L.I.Z.A.T.I.O.N...................
       0.Info>>.................................................................
       0.Info>>No configuration file specified. Will use default                
       0.Info>>Looking for configuration file: scatter.xml                      
       0.Info>>Reading parameters from XML file: scatter.xml                    
       0.Info>>Added frames from /home/amajumda/study/continuum_simulations/gitlab/continuum-to-scattering/data/100_100_100_50_50_50/single_atom_shrink/iteration_010/t006/pdb_dcd/sample.dcd using format: dcd
       0.Info>>Options: first=0, last=0, lastset=0, stride=1                    
       0.Info>>stager.target=system                                             
       0.Info>>scattering.type=all                                              
       0.Info>>scattering.dsp.type=square                                       
       0.Info>>scattering.average.orientation.type=vectors                      
       0.Info>>scattering.average.orientation.vectors.type=sphere               
       0.Info>>scattering.average.orientation.vectors.algorithm=boost_uniform_on_sphere
       0.Info>>scattering.average.orientation.vectors.resolution=100            
       0.Info>>Generating orientations for orientational averaging using sphere,boost_uniform_on_sphere
       0.Info>>Initialized orientational averaging with 100 vectors.            
       0.Info>>scattering.signal.file=signal.h5                                 
       0.Info>>scattering.signal.filepath=/home/amajumda/study/continuum_simulations/gitlab/continuum-to-scattering/data/100_100_100_50_50_50/single_atom_shrink/iteration_010/t006/signal.h5
       0.Info>>scattering.signal.fqt=1                                          
       0.Info>>scattering.signal.fq0=1                                          
       0.Info>>scattering.signal.fq=1                                           
       0.Info>>scattering.signal.fq2=1                                          
       0.Info>>Analyzing command line for parameter overwrites                  
       0.Info>>Reading database from file: /home/amajumda/study/continuum_simulations/gitlab/continuum-to-scattering/data/100_100_100_50_50_50/single_atom_shrink/iteration_010/t006/database/db-neutron-coherent.xml
       0.Info>>Checking database...                                             
       0.Info>>Testing mapping between PDB names and atom labels                
       0.Info>>Testing database completeness for referenced atom labels         
       0.Info>>Check succeeded. Database seems OK.                              
       0.Info>>Initializing sample...                                           
       0.Info>>Reading structure from file: /home/amajumda/study/continuum_simulations/gitlab/continuum-to-scattering/data/100_100_100_50_50_50/single_atom_shrink/iteration_010/t006/pdb_dcd/sample.pdb
       0.Info>>Done. Atoms read: 125000                                         
       0.Info>>Reading frames from: /home/amajumda/study/continuum_simulations/gitlab/continuum-to-scattering/data/100_100_100_50_50_50/single_atom_shrink/iteration_010/t006/pdb_dcd/sample.dcd
       0.Info>>Found 1 frames                                                   
       0.Info>>Total number of coordinate sets found: 1                         
       0.Info>>Exchanging sample, database & params information with compute nodes... 
       0.Info>>params...                                                        
       0.Info>>database...                                                      
       0.Info>>sample...                                                        
       0.Info>>.................................................................
       0.Info>>......................C.O.M.P.U.T.A.T.I.O.N......................
       0.Info>>.................................................................
       0.Info>>Setting up services...                                           
       0.Info>>Initializing data file service...                                
       0.Info>>Initializing monitor service...                                  
       0.Info>>Starting data file service...                                    
       0.Info>>Starting monitor service...                                      
       0.Info>>Services setup and running...                                    
       0.Info>>Checking /home/amajumda/study/continuum_simulations/gitlab/continuum-to-scattering/data/100_100_100_50_50_50/single_atom_shrink/iteration_010/t006/signal.h5 for old results.
       0.Info>>Broadcasting service information                                 
       0.Info>>Server host name    : hzglap02                                   
       0.Info>>FileService Port    : 38639                                      
       0.Info>>MonitorService Port : 43881                                      
       0.Info>>Setting up parallel environment...                               
       0.Info>>Searching for decomposition plan:                                
       0.Info>>nodes    = 8                                                     
       0.Info>>qvectors = 100                                                   
       0.Info>>frames   = 1                                                     
       0.Info>>atoms   = 125000                                                 
       0.Info>>All interference scattering detected. Applying frame decomposition.
       0.Info>>Automatic decomposition. Searching for best utilization.         
       0.Info>>Final decomposition parameters:                                  
       0.Info>>NN                : 8                                            
       0.Info>>NQ                : 100                                          
       0.Info>>NAF               : 1                                            
       0.Info>>NP                : 8                                            
       0.Info>>NNpP              : 1                                            
       0.Info>>NAFcycles         : 1                                            
       0.Info>>NQcycles          : 13                                           
       0.Info>>CompEl (WASTE/USE): 4/100                                        
       0.Info>>utilization(1=best)    : 0.96153846153846156                     
       0.Info>>Initializing Scatter Device, Vectors (all)                       
       0.Info>>Starting scattering...                                           
       0.Info>>Checking memory requirements for scattering calculation...       
       0.Info>>required limits.computation.memory.result_buffer=16              
       0.Info>>required limits.computation.memory.signal_buffer=16              
       0.Info>>required limits.computation.memory.exchange_buffer=0             
       0.Info>>required limits.computation.memory.alignpad_buffer=32            
       0.Info>>Memory limits ok                                                 
       0.Info>>Staging data...                                                  
       0.Info>>Forcing stager.mode=frames                                       
       0.Info>>Staging first partition.                                         
       0.Info>>Staging remaining partitions.                                    
       0.Info>>background scattering length set to 0                            
       0.Info>>Target initialized.                                              
       0.Info>>Target 'system' produces a background scattering length density of 0.00036191239880717819
       0.Info>>Starting computation...                                          
       0.Info>>Orientational averaging includes 100 vectors                     
       0.Info>>Setting progress sampling factor for monitoring to 1             
       0.Info>>Progress: 2.385%, ETOTAL: 41.991112663755459 s, ETA: 40.989449663755458 s
       0.Info>>Progress: 4.010%, ETOTAL: 24.996779220779221 s, ETA: 23.99430422077922 s
       0.Info>>Progress: 5.510%, ETOTAL: 18.193596975425329 s, ETA: 17.19105397542533 s
       0.Info>>Progress: 10.906%, ETOTAL: 9.2978888252149012 s, ETA: 8.283837825214901 s
       0.Info>>Progress: 21.667%, ETOTAL: 13.80001846153846 s, ETA: 10.810014461538461 s
       0.Info>>Progress: 31.936%, ETOTAL: 9.508106061822561 s, ETA: 6.4716070618225618 s
       0.Info>>Progress: 41.955%, ETOTAL: 7.5187733537051153 s, ETA: 4.3642623537051159 s
       0.Info>>Progress: 52.205%, ETOTAL: 9.5917550098231814 s, ETA: 4.5843670098231817 s
       0.Info>>Progress: 61.705%, ETOTAL: 8.1626116767089112 s, ETA: 3.1258616767089125 s
       0.Info>>Progress: 70.830%, ETOTAL: 9.8650012036743728 s, ETA: 2.8776082036743746 s
       0.Info>>Progress: 81.205%, ETOTAL: 8.635570382065044 s, ETA: 1.6230443820650455 s
       0.Info>>Progress: 91.080%, ETOTAL: 7.7286957525424915 s, ETA: 0.68938975254249257 s
       0.Info>>Scattering finished...                                           
       0.Info>>.................................................................
       0.Info>>.....................R.U.N...A.N.A.L.Y.S.I.S.....................
       0.Info>>.................................................................
       0.Info>>Aggregating timing information for performance analysis...       
       0.Info>>                                                                 
       0.Info>>                    Performance Analysis                         
       0.Info>>-----------------------------------------------------------------
       0.Info>> mean and total runtimes:                                        
       0.Info>>-----------------------------------------------------------------
       0.Info>>          measure |    total |       count |     mean |   stddev 
       0.Info>>-----------------------------------------------------------------
       0.Info>>   sd:c:b:dspstore| 3.666e-02|        10000| 3.666e-06| 2.951e-06
       0.Info>>    sd:c:b:scatter| 4.438e+01|        10000| 4.438e-03| 8.035e-04
       0.Info>>        sd:c:block| 4.456e+01|          100| 4.456e-01| 4.565e-02
       0.Info>>         sd:c:init| 1.430e+01|          100| 1.430e-01| 3.013e-02
       0.Info>>       sd:c:reduce| 1.190e-04|          100| 1.190e-06| 1.727e-06
       0.Info>>         sd:c:wait| 1.580e-04|          100| 1.580e-06| 5.887e-07
       0.Info>>        sd:compute| 5.887e+01|          100| 5.887e-01| 5.677e-02
       0.Info>>         sd:runner| 5.887e+01|            8| 7.359e+00| 0.000e+00
       0.Info>>          sd:stage| 2.010e-01|            8| 2.512e-02| 0.000e+00
       0.Info>> sd:worker:scatter| 4.402e+01|        10000| 4.402e-03| 7.885e-04
       0.Info>>    sd:worker:wait| 1.475e+01|        10000| 1.475e-03| 1.456e-02
       0.Info>>          sd:write| 9.800e-04|          100| 9.800e-06| 6.685e-06
       0.Info>>           st:fill| 1.876e-02|            8| 2.345e-03| 0.000e+00
       0.Info>>          st:first| 2.264e-02|            1| 2.264e-02| 0.000e+00
       0.Info>>           st:load| 2.227e-02|            1| 2.227e-02| 0.000e+00
       0.Info>>           st:wait| 1.587e-01|            8| 1.984e-02| 0.000e+00
       0.Info>>-----------------------------------------------------------------
       0.Info>>-----------------------------------------------------------------
       0.Info>> watermarks:                                                     
       0.Info>>-----------------------------------------------------------------
       0.Info>>          measure |      min |      max                          
       0.Info>>-----------------------------------------------------------------
       0.Info>>   sd:c:b:dspstore| 2.000e-06| 2.220e-04                         
       0.Info>>    sd:c:b:scatter| 1.562e-03| 1.285e-02                         
       0.Info>>        sd:c:block| 1.658e-01| 5.720e-01                         
       0.Info>>         sd:c:init| 1.150e-01| 2.399e-01                         
       0.Info>>       sd:c:reduce| 0.000e+00| 1.800e-05                         
       0.Info>>         sd:c:wait| 1.000e-06| 4.000e-06                         
       0.Info>>        sd:compute| 2.809e-01| 7.776e-01                         
       0.Info>>         sd:runner| 6.442e+00| 7.826e+00                         
       0.Info>>          sd:stage| 2.479e-02| 2.600e-02                         
       0.Info>> sd:worker:scatter| 1.540e-03| 1.234e-02                         
       0.Info>>    sd:worker:wait| 1.000e-06| 2.401e-01                         
       0.Info>>          sd:write| 5.000e-06| 4.300e-05                         
       0.Info>>           st:fill| 2.035e-03| 3.079e-03                         
       0.Info>>          st:first| 2.264e-02| 2.264e-02                         
       0.Info>>           st:load| 2.227e-02| 2.227e-02                         
       0.Info>>           st:wait| 9.000e-06| 2.267e-02                         
       0.Info>>-----------------------------------------------------------------
       0.Info>>                                                                 
       0.Info>>         Performance Analysis (relative to total time * nodes)   
       0.Info>>-----------------------------------------------------------------
       0.Info>> mean and total runtimes:                                        
       0.Info>>-----------------------------------------------------------------
       0.Info>>          measure |    total |       count |     mean |   stddev 
       0.Info>>-----------------------------------------------------------------
       0.Info>>   sd:c:b:dspstore| 5.549e-04|        10000| 5.549e-08| 3.630e-07
       0.Info>>    sd:c:b:scatter| 6.718e-01|        10000| 6.718e-05| 9.886e-05
       0.Info>>        sd:c:block| 6.746e-01|          100| 6.746e-03| 5.617e-03
       0.Info>>         sd:c:init| 2.165e-01|          100| 2.165e-03| 3.707e-03
       0.Info>>       sd:c:reduce| 1.801e-06|          100| 1.801e-08| 2.125e-07
       0.Info>>         sd:c:wait| 2.392e-06|          100| 2.392e-08| 7.243e-08
       0.Info>>        sd:compute| 8.912e-01|          100| 8.912e-03| 6.985e-03
       0.Info>>         sd:runner| 8.912e-01|            8| 1.114e-01| 0.000e+00
       0.Info>>          sd:stage| 3.043e-03|            8| 3.803e-04| 0.000e+00
       0.Info>> sd:worker:scatter| 6.664e-01|        10000| 6.664e-05| 9.702e-05
       0.Info>>    sd:worker:wait| 2.233e-01|        10000| 2.233e-05| 1.792e-03
       0.Info>>          sd:write| 1.484e-05|          100| 1.484e-07| 8.226e-07
       0.Info>>           st:fill| 2.839e-04|            8| 3.549e-05| 0.000e+00
       0.Info>>          st:first| 3.427e-04|            1| 3.427e-04| 0.000e+00
       0.Info>>           st:load| 3.371e-04|            1| 3.371e-04| 0.000e+00
       0.Info>>           st:wait| 2.402e-03|            8| 3.003e-04| 0.000e+00
       0.Info>>-----------------------------------------------------------------
       0.Info>>-----------------------------------------------------------------
       0.Info>> watermarks:                                                     
       0.Info>>-----------------------------------------------------------------
       0.Info>>          measure |      min |      max                          
       0.Info>>-----------------------------------------------------------------
       0.Info>>   sd:c:b:dspstore| 3.028e-08| 3.361e-06                         
       0.Info>>    sd:c:b:scatter| 2.365e-05| 1.946e-04                         
       0.Info>>        sd:c:block| 2.510e-03| 8.660e-03                         
       0.Info>>         sd:c:init| 1.741e-03| 3.632e-03                         
       0.Info>>       sd:c:reduce| 0.000e+00| 2.725e-07                         
       0.Info>>         sd:c:wait| 1.514e-08| 6.055e-08                         
       0.Info>>        sd:compute| 4.252e-03| 1.177e-02                         
       0.Info>>         sd:runner| 9.753e-02| 1.185e-01                         
       0.Info>>          sd:stage| 3.753e-04| 3.936e-04                         
       0.Info>> sd:worker:scatter| 2.331e-05| 1.867e-04                         
       0.Info>>    sd:worker:wait| 1.514e-08| 3.634e-03                         
       0.Info>>          sd:write| 7.569e-08| 6.510e-07                         
       0.Info>>           st:fill| 3.081e-05| 4.661e-05                         
       0.Info>>          st:first| 3.427e-04| 3.427e-04                         
       0.Info>>           st:load| 3.371e-04| 3.371e-04                         
       0.Info>>           st:wait| 1.362e-07| 3.432e-04                         
       0.Info>>-----------------------------------------------------------------
       0.Info>>Total runtime (s): 8.2570639999999997                            
       0.Info>>Successfully finished... Have a nice day!                        
