       0.Info>>This software is being developed by Benjamin Lindner.                    
       0.Info>>For help, suggestions or correspondense use:                             
       0.Info>>ben@benlabs.net, Benjamin Lindner (Main Developer, Impl. & Maintenance)  
       0.Info>>franc@cmm.ki.si, Franci Merzel (Methodology)                             
       0.Info>>For publications include the following references:                       
       0.Info>>.........................................................................
       0.Info>>1. Sassena - X-ray and Neutron Scattering Calculated                     
       0.Info>>  from Molecular Dynamics Trajectories using Massively Parallel Computers
       0.Info>>  published as a Computer Program in Physics Paper                       
       0.Info>>.........................................................................
       0.Info>>Version Information: 1.4.2                                       
       0.Info>>                                                                 
       0.Info>>.................................................................
       0.Info>>......................D.E.S.C.R.I.P.T.I.O.N......................
       0.Info>>.................................................................
       0.Info>>This binary computes the scattering intensities directly from    
       0.Info>>a molecular dynamics trajectory.                                 
       0.Info>>.................................................................
       0.Info>>.................................................................
       0.Info>>...................I.N.I.T.I.A.L.I.Z.A.T.I.O.N...................
       0.Info>>.................................................................
       0.Info>>No configuration file specified. Will use default                
       0.Info>>Looking for configuration file: scatter.xml                      
       0.Info>>Reading parameters from XML file: scatter.xml                    
       0.Info>>Added frames from /home/amajumda/study/continuum_simulations/gitlab/continuum-to-scattering/data/100_100_100_10_10_10/single_atom_shrink/iteration_005/t006/pdb_dcd/sample.dcd using format: dcd
       0.Info>>Options: first=0, last=0, lastset=0, stride=1                    
       0.Info>>stager.target=system                                             
       0.Info>>scattering.type=all                                              
       0.Info>>scattering.dsp.type=square                                       
       0.Info>>scattering.average.orientation.type=vectors                      
       0.Info>>scattering.average.orientation.vectors.type=sphere               
       0.Info>>scattering.average.orientation.vectors.algorithm=boost_uniform_on_sphere
       0.Info>>scattering.average.orientation.vectors.resolution=100            
       0.Info>>Generating orientations for orientational averaging using sphere,boost_uniform_on_sphere
       0.Info>>Initialized orientational averaging with 100 vectors.            
       0.Info>>scattering.signal.file=signal.h5                                 
       0.Info>>scattering.signal.filepath=/home/amajumda/study/continuum_simulations/gitlab/continuum-to-scattering/data/100_100_100_10_10_10/single_atom_shrink/iteration_005/t006/signal.h5
       0.Info>>scattering.signal.fqt=1                                          
       0.Info>>scattering.signal.fq0=1                                          
       0.Info>>scattering.signal.fq=1                                           
       0.Info>>scattering.signal.fq2=1                                          
       0.Info>>Analyzing command line for parameter overwrites                  
       0.Info>>Reading database from file: /home/amajumda/study/continuum_simulations/gitlab/continuum-to-scattering/data/100_100_100_10_10_10/single_atom_shrink/iteration_005/t006/database/db-neutron-coherent.xml
       0.Info>>Checking database...                                             
       0.Info>>Testing mapping between PDB names and atom labels                
       0.Info>>Testing database completeness for referenced atom labels         
       0.Info>>Check succeeded. Database seems OK.                              
       0.Info>>Initializing sample...                                           
       0.Info>>Reading structure from file: /home/amajumda/study/continuum_simulations/gitlab/continuum-to-scattering/data/100_100_100_10_10_10/single_atom_shrink/iteration_005/t006/pdb_dcd/sample.pdb
       0.Info>>Done. Atoms read: 1000                                           
       0.Info>>Reading frames from: /home/amajumda/study/continuum_simulations/gitlab/continuum-to-scattering/data/100_100_100_10_10_10/single_atom_shrink/iteration_005/t006/pdb_dcd/sample.dcd
       0.Info>>Found 1 frames                                                   
       0.Info>>Total number of coordinate sets found: 1                         
       0.Info>>Exchanging sample, database & params information with compute nodes... 
       0.Info>>params...                                                        
       0.Info>>database...                                                      
       0.Info>>sample...                                                        
       0.Info>>.................................................................
       0.Info>>......................C.O.M.P.U.T.A.T.I.O.N......................
       0.Info>>.................................................................
       0.Info>>Setting up services...                                           
       0.Info>>Initializing data file service...                                
       0.Info>>Initializing monitor service...                                  
       0.Info>>Starting data file service...                                    
       0.Info>>Starting monitor service...                                      
       0.Info>>Services setup and running...                                    
       0.Info>>Checking /home/amajumda/study/continuum_simulations/gitlab/continuum-to-scattering/data/100_100_100_10_10_10/single_atom_shrink/iteration_005/t006/signal.h5 for old results.
       0.Info>>Broadcasting service information                                 
       0.Info>>Server host name    : hzglap02                                   
       0.Info>>FileService Port    : 39965                                      
       0.Info>>MonitorService Port : 37649                                      
       0.Info>>Setting up parallel environment...                               
       0.Info>>Searching for decomposition plan:                                
       0.Info>>nodes    = 8                                                     
       0.Info>>qvectors = 100                                                   
       0.Info>>frames   = 1                                                     
       0.Info>>atoms   = 1000                                                   
       0.Info>>All interference scattering detected. Applying frame decomposition.
       0.Info>>Automatic decomposition. Searching for best utilization.         
       0.Info>>Final decomposition parameters:                                  
       0.Info>>NN                : 8                                            
       0.Info>>NQ                : 100                                          
       0.Info>>NAF               : 1                                            
       0.Info>>NP                : 8                                            
       0.Info>>NNpP              : 1                                            
       0.Info>>NAFcycles         : 1                                            
       0.Info>>NQcycles          : 13                                           
       0.Info>>CompEl (WASTE/USE): 4/100                                        
       0.Info>>utilization(1=best)    : 0.96153846153846156                     
       0.Info>>Initializing Scatter Device, Vectors (all)                       
       0.Info>>Starting scattering...                                           
       0.Info>>Checking memory requirements for scattering calculation...       
       0.Info>>required limits.computation.memory.result_buffer=16              
       0.Info>>required limits.computation.memory.signal_buffer=16              
       0.Info>>required limits.computation.memory.exchange_buffer=0             
       0.Info>>required limits.computation.memory.alignpad_buffer=32            
       0.Info>>Memory limits ok                                                 
       0.Info>>Staging data...                                                  
       0.Info>>Forcing stager.mode=frames                                       
       0.Info>>Staging first partition.                                         
       0.Info>>Staging remaining partitions.                                    
       0.Info>>background scattering length set to 0                            
       0.Info>>Target initialized.                                              
       0.Info>>Target 'system' produces a background scattering length density of 0.047534276336780194
       0.Info>>Starting computation...                                          
       0.Info>>Orientational averaging includes 100 vectors                     
       0.Info>>Setting progress sampling factor for monitoring to 1             
       0.Info>>Scattering finished...                                           
       0.Info>>.................................................................
       0.Info>>.....................R.U.N...A.N.A.L.Y.S.I.S.....................
       0.Info>>.................................................................
       0.Info>>Aggregating timing information for performance analysis...       
       0.Info>>                                                                 
       0.Info>>                    Performance Analysis                         
       0.Info>>-----------------------------------------------------------------
       0.Info>> mean and total runtimes:                                        
       0.Info>>-----------------------------------------------------------------
       0.Info>>          measure |    total |       count |     mean |   stddev 
       0.Info>>-----------------------------------------------------------------
       0.Info>>   sd:c:b:dspstore| 2.607e-02|        10000| 2.607e-06| 1.464e-06
       0.Info>>    sd:c:b:scatter| 6.080e-01|        10000| 6.080e-05| 1.286e-05
       0.Info>>        sd:c:block| 7.337e-01|          100| 7.337e-03| 4.092e-04
       0.Info>>         sd:c:init| 1.403e-01|          100| 1.403e-03| 2.956e-04
       0.Info>>       sd:c:reduce| 9.600e-05|          100| 9.600e-07| 4.693e-07
       0.Info>>         sd:c:wait| 1.350e-04|          100| 1.350e-06| 6.021e-07
       0.Info>>        sd:compute| 8.762e-01|          100| 8.762e-03| 5.568e-04
       0.Info>>         sd:runner| 8.791e-01|            8| 1.099e-01| 0.000e+00
       0.Info>>          sd:stage| 3.348e-03|            8| 4.185e-04| 0.000e+00
       0.Info>> sd:worker:scatter| 4.308e-01|        10000| 4.308e-05| 5.718e-06
       0.Info>>    sd:worker:wait| 3.740e-01|        10000| 3.740e-05| 1.472e-04
       0.Info>>          sd:write| 7.540e-04|          100| 7.540e-06| 5.774e-06
       0.Info>>           st:fill| 6.530e-04|            8| 8.162e-05| 0.000e+00
       0.Info>>          st:first| 2.480e-04|            1| 2.480e-04| 0.000e+00
       0.Info>>           st:load| 2.250e-04|            1| 2.250e-04| 0.000e+00
       0.Info>>           st:wait| 1.863e-03|            8| 2.329e-04| 0.000e+00
       0.Info>>-----------------------------------------------------------------
       0.Info>>-----------------------------------------------------------------
       0.Info>> watermarks:                                                     
       0.Info>>-----------------------------------------------------------------
       0.Info>>          measure |      min |      max                          
       0.Info>>-----------------------------------------------------------------
       0.Info>>   sd:c:b:dspstore| 1.000e-06| 6.400e-05                         
       0.Info>>    sd:c:b:scatter| 2.700e-05| 7.490e-04                         
       0.Info>>        sd:c:block| 5.379e-03| 8.451e-03                         
       0.Info>>         sd:c:init| 9.200e-04| 2.062e-03                         
       0.Info>>       sd:c:reduce| 0.000e+00| 2.000e-06                         
       0.Info>>         sd:c:wait| 0.000e+00| 3.000e-06                         
       0.Info>>        sd:compute| 6.511e-03| 1.045e-02                         
       0.Info>>         sd:runner| 9.766e-02| 1.171e-01                         
       0.Info>>          sd:stage| 4.120e-04| 4.230e-04                         
       0.Info>> sd:worker:scatter| 1.300e-05| 8.500e-05                         
       0.Info>>    sd:worker:wait| 1.200e-05| 2.109e-03                         
       0.Info>>          sd:write| 4.000e-06| 3.400e-05                         
       0.Info>>           st:fill| 7.600e-05| 8.400e-05                         
       0.Info>>          st:first| 2.480e-04| 2.480e-04                         
       0.Info>>           st:load| 2.250e-04| 2.250e-04                         
       0.Info>>           st:wait| 4.000e-06| 2.680e-04                         
       0.Info>>-----------------------------------------------------------------
       0.Info>>                                                                 
       0.Info>>         Performance Analysis (relative to total time * nodes)   
       0.Info>>-----------------------------------------------------------------
       0.Info>> mean and total runtimes:                                        
       0.Info>>-----------------------------------------------------------------
       0.Info>>          measure |    total |       count |     mean |   stddev 
       0.Info>>-----------------------------------------------------------------
       0.Info>>   sd:c:b:dspstore| 2.045e-02|        10000| 2.045e-06| 1.297e-06
       0.Info>>    sd:c:b:scatter| 4.769e-01|        10000| 4.769e-05| 1.139e-05
       0.Info>>        sd:c:block| 5.756e-01|          100| 5.756e-03| 3.624e-04
       0.Info>>         sd:c:init| 1.101e-01|          100| 1.101e-03| 2.618e-04
       0.Info>>       sd:c:reduce| 7.530e-05|          100| 7.530e-07| 4.157e-07
       0.Info>>         sd:c:wait| 1.059e-04|          100| 1.059e-06| 5.332e-07
       0.Info>>        sd:compute| 6.873e-01|          100| 6.873e-03| 4.931e-04
       0.Info>>         sd:runner| 6.896e-01|            8| 8.620e-02| 0.000e+00
       0.Info>>          sd:stage| 2.626e-03|            8| 3.283e-04| 0.000e+00
       0.Info>> sd:worker:scatter| 3.379e-01|        10000| 3.379e-05| 5.065e-06
       0.Info>>    sd:worker:wait| 2.934e-01|        10000| 2.934e-05| 1.304e-04
       0.Info>>          sd:write| 5.915e-04|          100| 5.915e-06| 5.114e-06
       0.Info>>           st:fill| 5.122e-04|            8| 6.403e-05| 0.000e+00
       0.Info>>          st:first| 1.945e-04|            1| 1.945e-04| 0.000e+00
       0.Info>>           st:load| 1.765e-04|            1| 1.765e-04| 0.000e+00
       0.Info>>           st:wait| 1.461e-03|            8| 1.827e-04| 0.000e+00
       0.Info>>-----------------------------------------------------------------
       0.Info>>-----------------------------------------------------------------
       0.Info>> watermarks:                                                     
       0.Info>>-----------------------------------------------------------------
       0.Info>>          measure |      min |      max                          
       0.Info>>-----------------------------------------------------------------
       0.Info>>   sd:c:b:dspstore| 7.844e-07| 5.020e-05                         
       0.Info>>    sd:c:b:scatter| 2.118e-05| 5.875e-04                         
       0.Info>>        sd:c:block| 4.219e-03| 6.629e-03                         
       0.Info>>         sd:c:init| 7.217e-04| 1.617e-03                         
       0.Info>>       sd:c:reduce| 0.000e+00| 1.569e-06                         
       0.Info>>         sd:c:wait| 0.000e+00| 2.353e-06                         
       0.Info>>        sd:compute| 5.107e-03| 8.200e-03                         
       0.Info>>         sd:runner| 7.661e-02| 9.188e-02                         
       0.Info>>          sd:stage| 3.232e-04| 3.318e-04                         
       0.Info>> sd:worker:scatter| 1.020e-05| 6.668e-05                         
       0.Info>>    sd:worker:wait| 9.413e-06| 1.654e-03                         
       0.Info>>          sd:write| 3.138e-06| 2.667e-05                         
       0.Info>>           st:fill| 5.962e-05| 6.589e-05                         
       0.Info>>          st:first| 1.945e-04| 1.945e-04                         
       0.Info>>           st:load| 1.765e-04| 1.765e-04                         
       0.Info>>           st:wait| 3.138e-06| 2.102e-04                         
       0.Info>>-----------------------------------------------------------------
       0.Info>>Total runtime (s): 0.15935199999999999                           
       0.Info>>Successfully finished... Have a nice day!                        
