       0.Info>>This software is being developed by Benjamin Lindner.                    
       0.Info>>For help, suggestions or correspondense use:                             
       0.Info>>ben@benlabs.net, Benjamin Lindner (Main Developer, Impl. & Maintenance)  
       0.Info>>franc@cmm.ki.si, Franci Merzel (Methodology)                             
       0.Info>>For publications include the following references:                       
       0.Info>>.........................................................................
       0.Info>>1. Sassena - X-ray and Neutron Scattering Calculated                     
       0.Info>>  from Molecular Dynamics Trajectories using Massively Parallel Computers
       0.Info>>  published as a Computer Program in Physics Paper                       
       0.Info>>.........................................................................
       0.Info>>Version Information: 1.4.2                                       
       0.Info>>                                                                 
       0.Info>>.................................................................
       0.Info>>......................D.E.S.C.R.I.P.T.I.O.N......................
       0.Info>>.................................................................
       0.Info>>This binary computes the scattering intensities directly from    
       0.Info>>a molecular dynamics trajectory.                                 
       0.Info>>.................................................................
       0.Info>>.................................................................
       0.Info>>...................I.N.I.T.I.A.L.I.Z.A.T.I.O.N...................
       0.Info>>.................................................................
       0.Info>>No configuration file specified. Will use default                
       0.Info>>Looking for configuration file: scatter.xml                      
       0.Info>>Reading parameters from XML file: scatter.xml                    
       0.Info>>Added frames from /home/amajumda/study/continuum_simulations/gitlab/continuum-to-scattering/data/100_100_100_50_50_50/single_atom_shrink/iteration_005/t005/pdb_dcd/sample.dcd using format: dcd
       0.Info>>Options: first=0, last=0, lastset=0, stride=1                    
       0.Info>>stager.target=system                                             
       0.Info>>scattering.type=all                                              
       0.Info>>scattering.dsp.type=square                                       
       0.Info>>scattering.average.orientation.type=vectors                      
       0.Info>>scattering.average.orientation.vectors.type=sphere               
       0.Info>>scattering.average.orientation.vectors.algorithm=boost_uniform_on_sphere
       0.Info>>scattering.average.orientation.vectors.resolution=100            
       0.Info>>Generating orientations for orientational averaging using sphere,boost_uniform_on_sphere
       0.Info>>Initialized orientational averaging with 100 vectors.            
       0.Info>>scattering.signal.file=signal.h5                                 
       0.Info>>scattering.signal.filepath=/home/amajumda/study/continuum_simulations/gitlab/continuum-to-scattering/data/100_100_100_50_50_50/single_atom_shrink/iteration_005/t005/signal.h5
       0.Info>>scattering.signal.fqt=1                                          
       0.Info>>scattering.signal.fq0=1                                          
       0.Info>>scattering.signal.fq=1                                           
       0.Info>>scattering.signal.fq2=1                                          
       0.Info>>Analyzing command line for parameter overwrites                  
       0.Info>>Reading database from file: /home/amajumda/study/continuum_simulations/gitlab/continuum-to-scattering/data/100_100_100_50_50_50/single_atom_shrink/iteration_005/t005/database/db-neutron-coherent.xml
       0.Info>>Checking database...                                             
       0.Info>>Testing mapping between PDB names and atom labels                
       0.Info>>Testing database completeness for referenced atom labels         
       0.Info>>Check succeeded. Database seems OK.                              
       0.Info>>Initializing sample...                                           
       0.Info>>Reading structure from file: /home/amajumda/study/continuum_simulations/gitlab/continuum-to-scattering/data/100_100_100_50_50_50/single_atom_shrink/iteration_005/t005/pdb_dcd/sample.pdb
       0.Info>>Done. Atoms read: 125000                                         
       0.Info>>Reading frames from: /home/amajumda/study/continuum_simulations/gitlab/continuum-to-scattering/data/100_100_100_50_50_50/single_atom_shrink/iteration_005/t005/pdb_dcd/sample.dcd
       0.Info>>Found 1 frames                                                   
       0.Info>>Total number of coordinate sets found: 1                         
       0.Info>>Exchanging sample, database & params information with compute nodes... 
       0.Info>>params...                                                        
       0.Info>>database...                                                      
       0.Info>>sample...                                                        
       0.Info>>.................................................................
       0.Info>>......................C.O.M.P.U.T.A.T.I.O.N......................
       0.Info>>.................................................................
       0.Info>>Setting up services...                                           
       0.Info>>Initializing data file service...                                
       0.Info>>Initializing monitor service...                                  
       0.Info>>Starting data file service...                                    
       0.Info>>Starting monitor service...                                      
       0.Info>>Services setup and running...                                    
       0.Info>>Checking /home/amajumda/study/continuum_simulations/gitlab/continuum-to-scattering/data/100_100_100_50_50_50/single_atom_shrink/iteration_005/t005/signal.h5 for old results.
       0.Info>>Broadcasting service information                                 
       0.Info>>Server host name    : hzglap02                                   
       0.Info>>FileService Port    : 40455                                      
       0.Info>>MonitorService Port : 44347                                      
       0.Info>>Setting up parallel environment...                               
       0.Info>>Searching for decomposition plan:                                
       0.Info>>nodes    = 8                                                     
       0.Info>>qvectors = 100                                                   
       0.Info>>frames   = 1                                                     
       0.Info>>atoms   = 125000                                                 
       0.Info>>All interference scattering detected. Applying frame decomposition.
       0.Info>>Automatic decomposition. Searching for best utilization.         
       0.Info>>Final decomposition parameters:                                  
       0.Info>>NN                : 8                                            
       0.Info>>NQ                : 100                                          
       0.Info>>NAF               : 1                                            
       0.Info>>NP                : 8                                            
       0.Info>>NNpP              : 1                                            
       0.Info>>NAFcycles         : 1                                            
       0.Info>>NQcycles          : 13                                           
       0.Info>>CompEl (WASTE/USE): 4/100                                        
       0.Info>>utilization(1=best)    : 0.96153846153846156                     
       0.Info>>Initializing Scatter Device, Vectors (all)                       
       0.Info>>Starting scattering...                                           
       0.Info>>Checking memory requirements for scattering calculation...       
       0.Info>>required limits.computation.memory.result_buffer=16              
       0.Info>>required limits.computation.memory.signal_buffer=16              
       0.Info>>required limits.computation.memory.exchange_buffer=0             
       0.Info>>required limits.computation.memory.alignpad_buffer=32            
       0.Info>>Memory limits ok                                                 
       0.Info>>Staging data...                                                  
       0.Info>>Forcing stager.mode=frames                                       
       0.Info>>Staging first partition.                                         
       0.Info>>Staging remaining partitions.                                    
       0.Info>>background scattering length set to 0                            
       0.Info>>Target initialized.                                              
       0.Info>>Target 'system' produces a background scattering length density of 0.00064516236088772857
       0.Info>>Starting computation...                                          
       0.Info>>Orientational averaging includes 100 vectors                     
       0.Info>>Setting progress sampling factor for monitoring to 1             
       0.Info>>Progress: 2.385%, ETOTAL: 63.419486462882098 s, ETA: 61.906667462882098 s
       0.Info>>Progress: 5.020%, ETOTAL: 30.304945953711094 s, ETA: 28.783627953711093 s
       0.Info>>Progress: 10.290%, ETOTAL: 14.83018944089706 s, ETA: 13.304153440897061 s
       0.Info>>Progress: 22.080%, ETOTAL: 7.0802578022935121 s, ETA: 5.5169278022935115 s
       0.Info>>Progress: 32.455%, ETOTAL: 10.921639186253211 s, ETA: 7.3770071862532109 s
       0.Info>>Progress: 42.705%, ETOTAL: 8.5659407985589926 s, ETA: 4.9078447985589921 s
       0.Info>>Progress: 52.455%, ETOTAL: 10.506276866674815 s, ETA: 4.9951958666748153 s
       0.Info>>Progress: 62.455%, ETOTAL: 8.8454786000205292 s, ETA: 3.3210236000205287 s
       0.Info>>Progress: 72.830%, ETOTAL: 7.6389334154821125 s, ETA: 2.0754884154821118 s
       0.Info>>Progress: 82.205%, ETOTAL: 9.1687637554585173 s, ETA: 1.631569755458516 s
       0.Info>>Scattering finished...                                           
       0.Info>>.................................................................
       0.Info>>.....................R.U.N...A.N.A.L.Y.S.I.S.....................
       0.Info>>.................................................................
       0.Info>>Aggregating timing information for performance analysis...       
       0.Info>>                                                                 
       0.Info>>                    Performance Analysis                         
       0.Info>>-----------------------------------------------------------------
       0.Info>> mean and total runtimes:                                        
       0.Info>>-----------------------------------------------------------------
       0.Info>>          measure |    total |       count |     mean |   stddev 
       0.Info>>-----------------------------------------------------------------
       0.Info>>   sd:c:b:dspstore| 3.676e-02|        10000| 3.676e-06| 2.619e-06
       0.Info>>    sd:c:b:scatter| 4.323e+01|        10000| 4.323e-03| 7.645e-04
       0.Info>>        sd:c:block| 4.341e+01|          100| 4.341e-01| 3.835e-02
       0.Info>>         sd:c:init| 1.435e+01|          100| 1.435e-01| 2.651e-02
       0.Info>>       sd:c:reduce| 1.040e-04|          100| 1.040e-06| 5.751e-07
       0.Info>>         sd:c:wait| 1.590e-04|          100| 1.590e-06| 6.598e-07
       0.Info>>        sd:compute| 5.777e+01|          100| 5.777e-01| 5.187e-02
       0.Info>>         sd:runner| 5.777e+01|            8| 7.222e+00| 0.000e+00
       0.Info>>          sd:stage| 1.944e-01|            8| 2.430e-02| 0.000e+00
       0.Info>> sd:worker:scatter| 4.287e+01|        10000| 4.287e-03| 7.412e-04
       0.Info>>    sd:worker:wait| 1.480e+01|        10000| 1.480e-03| 1.456e-02
       0.Info>>          sd:write| 9.960e-04|          100| 9.960e-06| 7.320e-06
       0.Info>>           st:fill| 1.172e-02|            8| 1.465e-03| 0.000e+00
       0.Info>>          st:first| 2.271e-02|            1| 2.271e-02| 0.000e+00
       0.Info>>           st:load| 2.238e-02|            1| 2.238e-02| 0.000e+00
       0.Info>>           st:wait| 1.593e-01|            8| 1.991e-02| 0.000e+00
       0.Info>>-----------------------------------------------------------------
       0.Info>>-----------------------------------------------------------------
       0.Info>> watermarks:                                                     
       0.Info>>-----------------------------------------------------------------
       0.Info>>          measure |      min |      max                          
       0.Info>>-----------------------------------------------------------------
       0.Info>>   sd:c:b:dspstore| 2.000e-06| 1.660e-04                         
       0.Info>>    sd:c:b:scatter| 1.520e-03| 1.614e-02                         
       0.Info>>        sd:c:block| 1.573e-01| 5.436e-01                         
       0.Info>>         sd:c:init| 1.144e-01| 2.458e-01                         
       0.Info>>       sd:c:reduce| 0.000e+00| 3.000e-06                         
       0.Info>>         sd:c:wait| 1.000e-06| 4.000e-06                         
       0.Info>>        sd:compute| 2.718e-01| 7.335e-01                         
       0.Info>>         sd:runner| 6.088e+00| 7.775e+00                         
       0.Info>>          sd:stage| 2.415e-02| 2.436e-02                         
       0.Info>> sd:worker:scatter| 1.494e-03| 7.036e-03                         
       0.Info>>    sd:worker:wait| 1.000e-06| 2.459e-01                         
       0.Info>>          sd:write| 5.000e-06| 4.800e-05                         
       0.Info>>           st:fill| 1.312e-03| 1.526e-03                         
       0.Info>>          st:first| 2.271e-02| 2.271e-02                         
       0.Info>>           st:load| 2.238e-02| 2.238e-02                         
       0.Info>>           st:wait| 9.000e-06| 2.275e-02                         
       0.Info>>-----------------------------------------------------------------
       0.Info>>                                                                 
       0.Info>>         Performance Analysis (relative to total time * nodes)   
       0.Info>>-----------------------------------------------------------------
       0.Info>> mean and total runtimes:                                        
       0.Info>>-----------------------------------------------------------------
       0.Info>>          measure |    total |       count |     mean |   stddev 
       0.Info>>-----------------------------------------------------------------
       0.Info>>   sd:c:b:dspstore| 5.576e-04|        10000| 5.576e-08| 3.226e-07
       0.Info>>    sd:c:b:scatter| 6.559e-01|        10000| 6.559e-05| 9.416e-05
       0.Info>>        sd:c:block| 6.586e-01|          100| 6.586e-03| 4.723e-03
       0.Info>>         sd:c:init| 2.178e-01|          100| 2.178e-03| 3.265e-03
       0.Info>>       sd:c:reduce| 1.578e-06|          100| 1.578e-08| 7.083e-08
       0.Info>>         sd:c:wait| 2.412e-06|          100| 2.412e-08| 8.127e-08
       0.Info>>        sd:compute| 8.765e-01|          100| 8.765e-03| 6.389e-03
       0.Info>>         sd:runner| 8.765e-01|            8| 1.096e-01| 0.000e+00
       0.Info>>          sd:stage| 2.950e-03|            8| 3.687e-04| 0.000e+00
       0.Info>> sd:worker:scatter| 6.504e-01|        10000| 6.504e-05| 9.130e-05
       0.Info>>    sd:worker:wait| 2.245e-01|        10000| 2.245e-05| 1.793e-03
       0.Info>>          sd:write| 1.511e-05|          100| 1.511e-07| 9.017e-07
       0.Info>>           st:fill| 1.778e-04|            8| 2.223e-05| 0.000e+00
       0.Info>>          st:first| 3.446e-04|            1| 3.446e-04| 0.000e+00
       0.Info>>           st:load| 3.396e-04|            1| 3.396e-04| 0.000e+00
       0.Info>>           st:wait| 2.416e-03|            8| 3.020e-04| 0.000e+00
       0.Info>>-----------------------------------------------------------------
       0.Info>>-----------------------------------------------------------------
       0.Info>> watermarks:                                                     
       0.Info>>-----------------------------------------------------------------
       0.Info>>          measure |      min |      max                          
       0.Info>>-----------------------------------------------------------------
       0.Info>>   sd:c:b:dspstore| 3.034e-08| 2.518e-06                         
       0.Info>>    sd:c:b:scatter| 2.306e-05| 2.449e-04                         
       0.Info>>        sd:c:block| 2.386e-03| 8.248e-03                         
       0.Info>>         sd:c:init| 1.736e-03| 3.729e-03                         
       0.Info>>       sd:c:reduce| 0.000e+00| 4.551e-08                         
       0.Info>>         sd:c:wait| 1.517e-08| 6.069e-08                         
       0.Info>>        sd:compute| 4.124e-03| 1.113e-02                         
       0.Info>>         sd:runner| 9.237e-02| 1.180e-01                         
       0.Info>>          sd:stage| 3.665e-04| 3.695e-04                         
       0.Info>> sd:worker:scatter| 2.267e-05| 1.067e-04                         
       0.Info>>    sd:worker:wait| 1.517e-08| 3.731e-03                         
       0.Info>>          sd:write| 7.586e-08| 7.282e-07                         
       0.Info>>           st:fill| 1.991e-05| 2.315e-05                         
       0.Info>>          st:first| 3.446e-04| 3.446e-04                         
       0.Info>>           st:load| 3.396e-04| 3.396e-04                         
       0.Info>>           st:wait| 1.365e-07| 3.452e-04                         
       0.Info>>-----------------------------------------------------------------
       0.Info>>Total runtime (s): 8.2391009999999998                            
       0.Info>>Successfully finished... Have a nice day!                        
