       0.Info>>This software is being developed by Benjamin Lindner.                    
       0.Info>>For help, suggestions or correspondense use:                             
       0.Info>>ben@benlabs.net, Benjamin Lindner (Main Developer, Impl. & Maintenance)  
       0.Info>>franc@cmm.ki.si, Franci Merzel (Methodology)                             
       0.Info>>For publications include the following references:                       
       0.Info>>.........................................................................
       0.Info>>1. Sassena - X-ray and Neutron Scattering Calculated                     
       0.Info>>  from Molecular Dynamics Trajectories using Massively Parallel Computers
       0.Info>>  published as a Computer Program in Physics Paper                       
       0.Info>>.........................................................................
       0.Info>>Version Information: 1.4.2                                       
       0.Info>>                                                                 
       0.Info>>.................................................................
       0.Info>>......................D.E.S.C.R.I.P.T.I.O.N......................
       0.Info>>.................................................................
       0.Info>>This binary computes the scattering intensities directly from    
       0.Info>>a molecular dynamics trajectory.                                 
       0.Info>>.................................................................
       0.Info>>.................................................................
       0.Info>>...................I.N.I.T.I.A.L.I.Z.A.T.I.O.N...................
       0.Info>>.................................................................
       0.Info>>No configuration file specified. Will use default                
       0.Info>>Looking for configuration file: scatter.xml                      
       0.Info>>Reading parameters from XML file: scatter.xml                    
       0.Info>>Added frames from /home/amajumda/study/continuum_simulations/gitlab/continuum-to-scattering/data/100_100_100_50_50_50/single_atom_shrink/iteration_004/t008/pdb_dcd/sample.dcd using format: dcd
       0.Info>>Options: first=0, last=0, lastset=0, stride=1                    
       0.Info>>stager.target=system                                             
       0.Info>>scattering.type=all                                              
       0.Info>>scattering.dsp.type=square                                       
       0.Info>>scattering.average.orientation.type=vectors                      
       0.Info>>scattering.average.orientation.vectors.type=sphere               
       0.Info>>scattering.average.orientation.vectors.algorithm=boost_uniform_on_sphere
       0.Info>>scattering.average.orientation.vectors.resolution=100            
       0.Info>>Generating orientations for orientational averaging using sphere,boost_uniform_on_sphere
       0.Info>>Initialized orientational averaging with 100 vectors.            
       0.Info>>scattering.signal.file=signal.h5                                 
       0.Info>>scattering.signal.filepath=/home/amajumda/study/continuum_simulations/gitlab/continuum-to-scattering/data/100_100_100_50_50_50/single_atom_shrink/iteration_004/t008/signal.h5
       0.Info>>scattering.signal.fqt=1                                          
       0.Info>>scattering.signal.fq0=1                                          
       0.Info>>scattering.signal.fq=1                                           
       0.Info>>scattering.signal.fq2=1                                          
       0.Info>>Analyzing command line for parameter overwrites                  
       0.Info>>Reading database from file: /home/amajumda/study/continuum_simulations/gitlab/continuum-to-scattering/data/100_100_100_50_50_50/single_atom_shrink/iteration_004/t008/database/db-neutron-coherent.xml
       0.Info>>Checking database...                                             
       0.Info>>Testing mapping between PDB names and atom labels                
       0.Info>>Testing database completeness for referenced atom labels         
       0.Info>>Check succeeded. Database seems OK.                              
       0.Info>>Initializing sample...                                           
       0.Info>>Reading structure from file: /home/amajumda/study/continuum_simulations/gitlab/continuum-to-scattering/data/100_100_100_50_50_50/single_atom_shrink/iteration_004/t008/pdb_dcd/sample.pdb
       0.Info>>Done. Atoms read: 125000                                         
       0.Info>>Reading frames from: /home/amajumda/study/continuum_simulations/gitlab/continuum-to-scattering/data/100_100_100_50_50_50/single_atom_shrink/iteration_004/t008/pdb_dcd/sample.dcd
       0.Info>>Found 1 frames                                                   
       0.Info>>Total number of coordinate sets found: 1                         
       0.Info>>Exchanging sample, database & params information with compute nodes... 
       0.Info>>params...                                                        
       0.Info>>database...                                                      
       0.Info>>sample...                                                        
       0.Info>>.................................................................
       0.Info>>......................C.O.M.P.U.T.A.T.I.O.N......................
       0.Info>>.................................................................
       0.Info>>Setting up services...                                           
       0.Info>>Initializing data file service...                                
       0.Info>>Initializing monitor service...                                  
       0.Info>>Starting data file service...                                    
       0.Info>>Starting monitor service...                                      
       0.Info>>Services setup and running...                                    
       0.Info>>Checking /home/amajumda/study/continuum_simulations/gitlab/continuum-to-scattering/data/100_100_100_50_50_50/single_atom_shrink/iteration_004/t008/signal.h5 for old results.
       0.Info>>Broadcasting service information                                 
       0.Info>>Server host name    : hzglap02                                   
       0.Info>>FileService Port    : 39769                                      
       0.Info>>MonitorService Port : 35325                                      
       0.Info>>Setting up parallel environment...                               
       0.Info>>Searching for decomposition plan:                                
       0.Info>>nodes    = 8                                                     
       0.Info>>qvectors = 100                                                   
       0.Info>>frames   = 1                                                     
       0.Info>>atoms   = 125000                                                 
       0.Info>>All interference scattering detected. Applying frame decomposition.
       0.Info>>Automatic decomposition. Searching for best utilization.         
       0.Info>>Final decomposition parameters:                                  
       0.Info>>NN                : 8                                            
       0.Info>>NQ                : 100                                          
       0.Info>>NAF               : 1                                            
       0.Info>>NP                : 8                                            
       0.Info>>NNpP              : 1                                            
       0.Info>>NAFcycles         : 1                                            
       0.Info>>NQcycles          : 13                                           
       0.Info>>CompEl (WASTE/USE): 4/100                                        
       0.Info>>utilization(1=best)    : 0.96153846153846156                     
       0.Info>>Initializing Scatter Device, Vectors (all)                       
       0.Info>>Starting scattering...                                           
       0.Info>>Checking memory requirements for scattering calculation...       
       0.Info>>required limits.computation.memory.result_buffer=16              
       0.Info>>required limits.computation.memory.signal_buffer=16              
       0.Info>>required limits.computation.memory.exchange_buffer=0             
       0.Info>>required limits.computation.memory.alignpad_buffer=32            
       0.Info>>Memory limits ok                                                 
       0.Info>>Staging data...                                                  
       0.Info>>Forcing stager.mode=frames                                       
       0.Info>>Staging first partition.                                         
       0.Info>>Staging remaining partitions.                                    
       0.Info>>background scattering length set to 0                            
       0.Info>>Target initialized.                                              
       0.Info>>Target 'system' produces a background scattering length density of 0.00022045039242862819
       0.Info>>Starting computation...                                          
       0.Info>>Orientational averaging includes 100 vectors                     
       0.Info>>Setting progress sampling factor for monitoring to 1             
       0.Info>>Progress: 2.635%, ETOTAL: 61.844945454545453 s, ETA: 60.215073454545454 s
       0.Info>>Progress: 5.520%, ETOTAL: 29.719791203367695 s, ETA: 28.079249203367695 s
       0.Info>>Progress: 12.415%, ETOTAL: 13.311820111010713 s, ETA: 11.659149111010713 s
       0.Info>>Progress: 21.570%, ETOTAL: 8.2364476540733289 s, ETA: 6.4598696540733291 s
       0.Info>>Progress: 30.955%, ETOTAL: 11.765808159039137 s, ETA: 8.1236871590391377 s
       0.Info>>Progress: 40.205%, ETOTAL: 9.1144044642857143 s, ETA: 5.4499464642857145 s
       0.Info>>Progress: 52.705%, ETOTAL: 10.696236195572851 s, ETA: 5.0587711955728523 s
       0.Info>>Progress: 62.955%, ETOTAL: 9.0082462885653172 s, ETA: 3.3370932885653186 s
       0.Info>>Progress: 70.080%, ETOTAL: 8.0933285158929777 s, ETA: 2.4215135158929799 s
       0.Info>>Scattering finished...                                           
       0.Info>>.................................................................
       0.Info>>.....................R.U.N...A.N.A.L.Y.S.I.S.....................
       0.Info>>.................................................................
       0.Info>>Aggregating timing information for performance analysis...       
       0.Info>>                                                                 
       0.Info>>                    Performance Analysis                         
       0.Info>>-----------------------------------------------------------------
       0.Info>> mean and total runtimes:                                        
       0.Info>>-----------------------------------------------------------------
       0.Info>>          measure |    total |       count |     mean |   stddev 
       0.Info>>-----------------------------------------------------------------
       0.Info>>   sd:c:b:dspstore| 3.700e-02|        10000| 3.700e-06| 2.051e-06
       0.Info>>    sd:c:b:scatter| 4.391e+01|        10000| 4.391e-03| 8.354e-04
       0.Info>>        sd:c:block| 4.409e+01|          100| 4.409e-01| 4.424e-02
       0.Info>>         sd:c:init| 1.475e+01|          100| 1.475e-01| 2.877e-02
       0.Info>>       sd:c:reduce| 1.080e-04|          100| 1.080e-06| 5.905e-07
       0.Info>>         sd:c:wait| 1.670e-04|          100| 1.670e-06| 5.830e-07
       0.Info>>        sd:compute| 5.884e+01|          100| 5.884e-01| 5.786e-02
       0.Info>>         sd:runner| 5.884e+01|            8| 7.355e+00| 0.000e+00
       0.Info>>          sd:stage| 1.928e-01|            8| 2.410e-02| 0.000e+00
       0.Info>> sd:worker:scatter| 4.353e+01|        10000| 4.353e-03| 7.989e-04
       0.Info>>    sd:worker:wait| 1.521e+01|        10000| 1.521e-03| 1.499e-02
       0.Info>>          sd:write| 1.021e-03|          100| 1.021e-05| 7.384e-06
       0.Info>>           st:fill| 1.133e-02|            8| 1.417e-03| 0.000e+00
       0.Info>>          st:first| 2.255e-02|            1| 2.255e-02| 0.000e+00
       0.Info>>           st:load| 2.222e-02|            1| 2.222e-02| 0.000e+00
       0.Info>>           st:wait| 1.581e-01|            8| 1.976e-02| 0.000e+00
       0.Info>>-----------------------------------------------------------------
       0.Info>>-----------------------------------------------------------------
       0.Info>> watermarks:                                                     
       0.Info>>-----------------------------------------------------------------
       0.Info>>          measure |      min |      max                          
       0.Info>>-----------------------------------------------------------------
       0.Info>>   sd:c:b:dspstore| 2.000e-06| 7.200e-05                         
       0.Info>>    sd:c:b:scatter| 1.533e-03| 2.277e-02                         
       0.Info>>        sd:c:block| 1.571e-01| 5.701e-01                         
       0.Info>>         sd:c:init| 1.138e-01| 2.445e-01                         
       0.Info>>       sd:c:reduce| 0.000e+00| 3.000e-06                         
       0.Info>>         sd:c:wait| 1.000e-06| 4.000e-06                         
       0.Info>>        sd:compute| 2.710e-01| 7.422e-01                         
       0.Info>>         sd:runner| 6.413e+00| 7.823e+00                         
       0.Info>>          sd:stage| 2.396e-02| 2.417e-02                         
       0.Info>> sd:worker:scatter| 1.512e-03| 1.046e-02                         
       0.Info>>    sd:worker:wait| 1.000e-06| 2.446e-01                         
       0.Info>>          sd:write| 5.000e-06| 4.600e-05                         
       0.Info>>           st:fill| 1.271e-03| 1.481e-03                         
       0.Info>>          st:first| 2.255e-02| 2.255e-02                         
       0.Info>>           st:load| 2.222e-02| 2.222e-02                         
       0.Info>>           st:wait| 9.000e-06| 2.259e-02                         
       0.Info>>-----------------------------------------------------------------
       0.Info>>                                                                 
       0.Info>>         Performance Analysis (relative to total time * nodes)   
       0.Info>>-----------------------------------------------------------------
       0.Info>> mean and total runtimes:                                        
       0.Info>>-----------------------------------------------------------------
       0.Info>>          measure |    total |       count |     mean |   stddev 
       0.Info>>-----------------------------------------------------------------
       0.Info>>   sd:c:b:dspstore| 5.620e-04|        10000| 5.620e-08| 2.527e-07
       0.Info>>    sd:c:b:scatter| 6.669e-01|        10000| 6.669e-05| 1.030e-04
       0.Info>>        sd:c:block| 6.697e-01|          100| 6.697e-03| 5.452e-03
       0.Info>>         sd:c:init| 2.240e-01|          100| 2.240e-03| 3.546e-03
       0.Info>>       sd:c:reduce| 1.640e-06|          100| 1.640e-08| 7.277e-08
       0.Info>>         sd:c:wait| 2.537e-06|          100| 2.537e-08| 7.185e-08
       0.Info>>        sd:compute| 8.937e-01|          100| 8.937e-03| 7.131e-03
       0.Info>>         sd:runner| 8.937e-01|            8| 1.117e-01| 0.000e+00
       0.Info>>          sd:stage| 2.929e-03|            8| 3.661e-04| 0.000e+00
       0.Info>> sd:worker:scatter| 6.612e-01|        10000| 6.612e-05| 9.846e-05
       0.Info>>    sd:worker:wait| 2.311e-01|        10000| 2.311e-05| 1.848e-03
       0.Info>>          sd:write| 1.551e-05|          100| 1.551e-07| 9.100e-07
       0.Info>>           st:fill| 1.722e-04|            8| 2.152e-05| 0.000e+00
       0.Info>>          st:first| 3.425e-04|            1| 3.425e-04| 0.000e+00
       0.Info>>           st:load| 3.375e-04|            1| 3.375e-04| 0.000e+00
       0.Info>>           st:wait| 2.401e-03|            8| 3.002e-04| 0.000e+00
       0.Info>>-----------------------------------------------------------------
       0.Info>>-----------------------------------------------------------------
       0.Info>> watermarks:                                                     
       0.Info>>-----------------------------------------------------------------
       0.Info>>          measure |      min |      max                          
       0.Info>>-----------------------------------------------------------------
       0.Info>>   sd:c:b:dspstore| 3.038e-08| 1.094e-06                         
       0.Info>>    sd:c:b:scatter| 2.329e-05| 3.458e-04                         
       0.Info>>        sd:c:block| 2.386e-03| 8.660e-03                         
       0.Info>>         sd:c:init| 1.729e-03| 3.714e-03                         
       0.Info>>       sd:c:reduce| 0.000e+00| 4.557e-08                         
       0.Info>>         sd:c:wait| 1.519e-08| 6.076e-08                         
       0.Info>>        sd:compute| 4.116e-03| 1.127e-02                         
       0.Info>>         sd:runner| 9.741e-02| 1.188e-01                         
       0.Info>>          sd:stage| 3.639e-04| 3.671e-04                         
       0.Info>> sd:worker:scatter| 2.297e-05| 1.588e-04                         
       0.Info>>    sd:worker:wait| 1.519e-08| 3.716e-03                         
       0.Info>>          sd:write| 7.595e-08| 6.987e-07                         
       0.Info>>           st:fill| 1.931e-05| 2.250e-05                         
       0.Info>>          st:first| 3.425e-04| 3.425e-04                         
       0.Info>>           st:load| 3.375e-04| 3.375e-04                         
       0.Info>>           st:wait| 1.367e-07| 3.431e-04                         
       0.Info>>-----------------------------------------------------------------
       0.Info>>Total runtime (s): 8.2294789999999995                            
       0.Info>>Successfully finished... Have a nice day!                        
