       0.Info>>This software is being developed by Benjamin Lindner.                    
       0.Info>>For help, suggestions or correspondense use:                             
       0.Info>>ben@benlabs.net, Benjamin Lindner (Main Developer, Impl. & Maintenance)  
       0.Info>>franc@cmm.ki.si, Franci Merzel (Methodology)                             
       0.Info>>For publications include the following references:                       
       0.Info>>.........................................................................
       0.Info>>1. Sassena - X-ray and Neutron Scattering Calculated                     
       0.Info>>  from Molecular Dynamics Trajectories using Massively Parallel Computers
       0.Info>>  published as a Computer Program in Physics Paper                       
       0.Info>>.........................................................................
       0.Info>>Version Information: 1.4.2                                       
       0.Info>>                                                                 
       0.Info>>.................................................................
       0.Info>>......................D.E.S.C.R.I.P.T.I.O.N......................
       0.Info>>.................................................................
       0.Info>>This binary computes the scattering intensities directly from    
       0.Info>>a molecular dynamics trajectory.                                 
       0.Info>>.................................................................
       0.Info>>.................................................................
       0.Info>>...................I.N.I.T.I.A.L.I.Z.A.T.I.O.N...................
       0.Info>>.................................................................
       0.Info>>No configuration file specified. Will use default                
       0.Info>>Looking for configuration file: scatter.xml                      
       0.Info>>Reading parameters from XML file: scatter.xml                    
       0.Info>>Added frames from /home/amajumda/study/continuum_simulations/gitlab/continuum-to-scattering/data/100_100_100_10_10_10/single_atom_shrink/iteration_001/t008/pdb_dcd/sample.dcd using format: dcd
       0.Info>>Options: first=0, last=0, lastset=0, stride=1                    
       0.Info>>stager.target=system                                             
       0.Info>>scattering.type=all                                              
       0.Info>>scattering.dsp.type=square                                       
       0.Info>>scattering.average.orientation.type=vectors                      
       0.Info>>scattering.average.orientation.vectors.type=sphere               
       0.Info>>scattering.average.orientation.vectors.algorithm=boost_uniform_on_sphere
       0.Info>>scattering.average.orientation.vectors.resolution=100            
       0.Info>>Generating orientations for orientational averaging using sphere,boost_uniform_on_sphere
       0.Info>>Initialized orientational averaging with 100 vectors.            
       0.Info>>scattering.signal.file=signal.h5                                 
       0.Info>>scattering.signal.filepath=/home/amajumda/study/continuum_simulations/gitlab/continuum-to-scattering/data/100_100_100_10_10_10/single_atom_shrink/iteration_001/t008/signal.h5
       0.Info>>scattering.signal.fqt=1                                          
       0.Info>>scattering.signal.fq0=1                                          
       0.Info>>scattering.signal.fq=1                                           
       0.Info>>scattering.signal.fq2=1                                          
       0.Info>>Analyzing command line for parameter overwrites                  
       0.Info>>Reading database from file: /home/amajumda/study/continuum_simulations/gitlab/continuum-to-scattering/data/100_100_100_10_10_10/single_atom_shrink/iteration_001/t008/database/db-neutron-coherent.xml
       0.Info>>Checking database...                                             
       0.Info>>Testing mapping between PDB names and atom labels                
       0.Info>>Testing database completeness for referenced atom labels         
       0.Info>>Check succeeded. Database seems OK.                              
       0.Info>>Initializing sample...                                           
       0.Info>>Reading structure from file: /home/amajumda/study/continuum_simulations/gitlab/continuum-to-scattering/data/100_100_100_10_10_10/single_atom_shrink/iteration_001/t008/pdb_dcd/sample.pdb
       0.Info>>Done. Atoms read: 1000                                           
       0.Info>>Reading frames from: /home/amajumda/study/continuum_simulations/gitlab/continuum-to-scattering/data/100_100_100_10_10_10/single_atom_shrink/iteration_001/t008/pdb_dcd/sample.dcd
       0.Info>>Found 1 frames                                                   
       0.Info>>Total number of coordinate sets found: 1                         
       0.Info>>Exchanging sample, database & params information with compute nodes... 
       0.Info>>params...                                                        
       0.Info>>database...                                                      
       0.Info>>sample...                                                        
       0.Info>>.................................................................
       0.Info>>......................C.O.M.P.U.T.A.T.I.O.N......................
       0.Info>>.................................................................
       0.Info>>Setting up services...                                           
       0.Info>>Initializing data file service...                                
       0.Info>>Initializing monitor service...                                  
       0.Info>>Starting data file service...                                    
       0.Info>>Starting monitor service...                                      
       0.Info>>Services setup and running...                                    
       0.Info>>Checking /home/amajumda/study/continuum_simulations/gitlab/continuum-to-scattering/data/100_100_100_10_10_10/single_atom_shrink/iteration_001/t008/signal.h5 for old results.
       0.Info>>Broadcasting service information                                 
       0.Info>>Server host name    : hzglap02                                   
       0.Info>>FileService Port    : 35281                                      
       0.Info>>MonitorService Port : 42689                                      
       0.Info>>Setting up parallel environment...                               
       0.Info>>Searching for decomposition plan:                                
       0.Info>>nodes    = 8                                                     
       0.Info>>qvectors = 100                                                   
       0.Info>>frames   = 1                                                     
       0.Info>>atoms   = 1000                                                   
       0.Info>>All interference scattering detected. Applying frame decomposition.
       0.Info>>Automatic decomposition. Searching for best utilization.         
       0.Info>>Final decomposition parameters:                                  
       0.Info>>NN                : 8                                            
       0.Info>>NQ                : 100                                          
       0.Info>>NAF               : 1                                            
       0.Info>>NP                : 8                                            
       0.Info>>NNpP              : 1                                            
       0.Info>>NAFcycles         : 1                                            
       0.Info>>NQcycles          : 13                                           
       0.Info>>CompEl (WASTE/USE): 4/100                                        
       0.Info>>utilization(1=best)    : 0.96153846153846156                     
       0.Info>>Initializing Scatter Device, Vectors (all)                       
       0.Info>>Starting scattering...                                           
       0.Info>>Checking memory requirements for scattering calculation...       
       0.Info>>required limits.computation.memory.result_buffer=16              
       0.Info>>required limits.computation.memory.signal_buffer=16              
       0.Info>>required limits.computation.memory.exchange_buffer=0             
       0.Info>>required limits.computation.memory.alignpad_buffer=32            
       0.Info>>Memory limits ok                                                 
       0.Info>>Staging data...                                                  
       0.Info>>Forcing stager.mode=frames                                       
       0.Info>>Staging first partition.                                         
       0.Info>>Staging remaining partitions.                                    
       0.Info>>background scattering length set to 0                            
       0.Info>>Target initialized.                                              
       0.Info>>Target 'system' produces a background scattering length density of 0.047534276336780194
       0.Info>>Starting computation...                                          
       0.Info>>Orientational averaging includes 100 vectors                     
       0.Info>>Setting progress sampling factor for monitoring to 1             
       0.Info>>Scattering finished...                                           
       0.Info>>.................................................................
       0.Info>>.....................R.U.N...A.N.A.L.Y.S.I.S.....................
       0.Info>>.................................................................
       0.Info>>Aggregating timing information for performance analysis...       
       0.Info>>                                                                 
       0.Info>>                    Performance Analysis                         
       0.Info>>-----------------------------------------------------------------
       0.Info>> mean and total runtimes:                                        
       0.Info>>-----------------------------------------------------------------
       0.Info>>          measure |    total |       count |     mean |   stddev 
       0.Info>>-----------------------------------------------------------------
       0.Info>>   sd:c:b:dspstore| 2.704e-02|        10000| 2.704e-06| 1.707e-06
       0.Info>>    sd:c:b:scatter| 6.183e-01|        10000| 6.183e-05| 2.977e-05
       0.Info>>        sd:c:block| 7.488e-01|          100| 7.488e-03| 5.156e-04
       0.Info>>         sd:c:init| 1.417e-01|          100| 1.417e-03| 3.491e-04
       0.Info>>       sd:c:reduce| 1.000e-04|          100| 1.000e-06| 5.184e-07
       0.Info>>         sd:c:wait| 1.360e-04|          100| 1.360e-06| 5.560e-07
       0.Info>>        sd:compute| 8.926e-01|          100| 8.926e-03| 5.565e-04
       0.Info>>         sd:runner| 8.957e-01|            8| 1.120e-01| 0.000e+00
       0.Info>>          sd:stage| 4.647e-03|            8| 5.809e-04| 0.000e+00
       0.Info>> sd:worker:scatter| 4.296e-01|        10000| 4.296e-05| 7.042e-06
       0.Info>>    sd:worker:wait| 3.898e-01|        10000| 3.898e-05| 1.522e-04
       0.Info>>          sd:write| 7.810e-04|          100| 7.810e-06| 5.270e-06
       0.Info>>           st:fill| 7.640e-04|            8| 9.550e-05| 0.000e+00
       0.Info>>          st:first| 3.740e-04|            1| 3.740e-04| 0.000e+00
       0.Info>>           st:load| 3.410e-04|            1| 3.410e-04| 0.000e+00
       0.Info>>           st:wait| 2.885e-03|            8| 3.606e-04| 0.000e+00
       0.Info>>-----------------------------------------------------------------
       0.Info>>-----------------------------------------------------------------
       0.Info>> watermarks:                                                     
       0.Info>>-----------------------------------------------------------------
       0.Info>>          measure |      min |      max                          
       0.Info>>-----------------------------------------------------------------
       0.Info>>   sd:c:b:dspstore| 1.000e-06| 6.600e-05                         
       0.Info>>    sd:c:b:scatter| 2.300e-05| 1.936e-03                         
       0.Info>>        sd:c:block| 4.888e-03| 9.596e-03                         
       0.Info>>         sd:c:init| 9.210e-04| 2.159e-03                         
       0.Info>>       sd:c:reduce| 0.000e+00| 3.000e-06                         
       0.Info>>         sd:c:wait| 0.000e+00| 3.000e-06                         
       0.Info>>        sd:compute| 7.113e-03| 1.056e-02                         
       0.Info>>         sd:runner| 1.001e-01| 1.185e-01                         
       0.Info>>          sd:stage| 5.740e-04| 5.850e-04                         
       0.Info>> sd:worker:scatter| 1.200e-05| 3.350e-04                         
       0.Info>>    sd:worker:wait| 1.200e-05| 2.434e-03                         
       0.Info>>          sd:write| 4.000e-06| 3.000e-05                         
       0.Info>>           st:fill| 8.100e-05| 1.000e-04                         
       0.Info>>          st:first| 3.740e-04| 3.740e-04                         
       0.Info>>           st:load| 3.410e-04| 3.410e-04                         
       0.Info>>           st:wait| 6.000e-06| 4.130e-04                         
       0.Info>>-----------------------------------------------------------------
       0.Info>>                                                                 
       0.Info>>         Performance Analysis (relative to total time * nodes)   
       0.Info>>-----------------------------------------------------------------
       0.Info>> mean and total runtimes:                                        
       0.Info>>-----------------------------------------------------------------
       0.Info>>          measure |    total |       count |     mean |   stddev 
       0.Info>>-----------------------------------------------------------------
       0.Info>>   sd:c:b:dspstore| 2.024e-02|        10000| 2.024e-06| 1.477e-06
       0.Info>>    sd:c:b:scatter| 4.629e-01|        10000| 4.629e-05| 2.576e-05
       0.Info>>        sd:c:block| 5.606e-01|          100| 5.606e-03| 4.461e-04
       0.Info>>         sd:c:init| 1.061e-01|          100| 1.061e-03| 3.020e-04
       0.Info>>       sd:c:reduce| 7.487e-05|          100| 7.487e-07| 4.486e-07
       0.Info>>         sd:c:wait| 1.018e-04|          100| 1.018e-06| 4.811e-07
       0.Info>>        sd:compute| 6.683e-01|          100| 6.683e-03| 4.815e-04
       0.Info>>         sd:runner| 6.706e-01|            8| 8.383e-02| 0.000e+00
       0.Info>>          sd:stage| 3.479e-03|            8| 4.349e-04| 0.000e+00
       0.Info>> sd:worker:scatter| 3.217e-01|        10000| 3.217e-05| 6.094e-06
       0.Info>>    sd:worker:wait| 2.918e-01|        10000| 2.918e-05| 1.317e-04
       0.Info>>          sd:write| 5.847e-04|          100| 5.847e-06| 4.560e-06
       0.Info>>           st:fill| 5.720e-04|            8| 7.150e-05| 0.000e+00
       0.Info>>          st:first| 2.800e-04|            1| 2.800e-04| 0.000e+00
       0.Info>>           st:load| 2.553e-04|            1| 2.553e-04| 0.000e+00
       0.Info>>           st:wait| 2.160e-03|            8| 2.700e-04| 0.000e+00
       0.Info>>-----------------------------------------------------------------
       0.Info>>-----------------------------------------------------------------
       0.Info>> watermarks:                                                     
       0.Info>>-----------------------------------------------------------------
       0.Info>>          measure |      min |      max                          
       0.Info>>-----------------------------------------------------------------
       0.Info>>   sd:c:b:dspstore| 7.487e-07| 4.941e-05                         
       0.Info>>    sd:c:b:scatter| 1.722e-05| 1.450e-03                         
       0.Info>>        sd:c:block| 3.660e-03| 7.185e-03                         
       0.Info>>         sd:c:init| 6.896e-04| 1.616e-03                         
       0.Info>>       sd:c:reduce| 0.000e+00| 2.246e-06                         
       0.Info>>         sd:c:wait| 0.000e+00| 2.246e-06                         
       0.Info>>        sd:compute| 5.326e-03| 7.903e-03                         
       0.Info>>         sd:runner| 7.492e-02| 8.875e-02                         
       0.Info>>          sd:stage| 4.298e-04| 4.380e-04                         
       0.Info>> sd:worker:scatter| 8.985e-06| 2.508e-04                         
       0.Info>>    sd:worker:wait| 8.985e-06| 1.822e-03                         
       0.Info>>          sd:write| 2.995e-06| 2.246e-05                         
       0.Info>>           st:fill| 6.065e-05| 7.487e-05                         
       0.Info>>          st:first| 2.800e-04| 2.800e-04                         
       0.Info>>           st:load| 2.553e-04| 2.553e-04                         
       0.Info>>           st:wait| 4.492e-06| 3.092e-04                         
       0.Info>>-----------------------------------------------------------------
       0.Info>>Total runtime (s): 0.16695399999999999                           
       0.Info>>Successfully finished... Have a nice day!                        
