       0.Info>>This software is being developed by Benjamin Lindner.                    
       0.Info>>For help, suggestions or correspondense use:                             
       0.Info>>ben@benlabs.net, Benjamin Lindner (Main Developer, Impl. & Maintenance)  
       0.Info>>franc@cmm.ki.si, Franci Merzel (Methodology)                             
       0.Info>>For publications include the following references:                       
       0.Info>>.........................................................................
       0.Info>>1. Sassena - X-ray and Neutron Scattering Calculated                     
       0.Info>>  from Molecular Dynamics Trajectories using Massively Parallel Computers
       0.Info>>  published as a Computer Program in Physics Paper                       
       0.Info>>.........................................................................
       0.Info>>Version Information: 1.4.2                                       
       0.Info>>                                                                 
       0.Info>>.................................................................
       0.Info>>......................D.E.S.C.R.I.P.T.I.O.N......................
       0.Info>>.................................................................
       0.Info>>This binary computes the scattering intensities directly from    
       0.Info>>a molecular dynamics trajectory.                                 
       0.Info>>.................................................................
       0.Info>>.................................................................
       0.Info>>...................I.N.I.T.I.A.L.I.Z.A.T.I.O.N...................
       0.Info>>.................................................................
       0.Info>>No configuration file specified. Will use default                
       0.Info>>Looking for configuration file: scatter.xml                      
       0.Info>>Reading parameters from XML file: scatter.xml                    
       0.Info>>Added frames from /home/amajumda/study/continuum_simulations/gitlab/continuum-to-scattering/data/100_100_100_50_50_50/single_atom_shrink/iteration_001/t006/pdb_dcd/sample.dcd using format: dcd
       0.Info>>Options: first=0, last=0, lastset=0, stride=1                    
       0.Info>>stager.target=system                                             
       0.Info>>scattering.type=all                                              
       0.Info>>scattering.dsp.type=square                                       
       0.Info>>scattering.average.orientation.type=vectors                      
       0.Info>>scattering.average.orientation.vectors.type=sphere               
       0.Info>>scattering.average.orientation.vectors.algorithm=boost_uniform_on_sphere
       0.Info>>scattering.average.orientation.vectors.resolution=100            
       0.Info>>Generating orientations for orientational averaging using sphere,boost_uniform_on_sphere
       0.Info>>Initialized orientational averaging with 100 vectors.            
       0.Info>>scattering.signal.file=signal.h5                                 
       0.Info>>scattering.signal.filepath=/home/amajumda/study/continuum_simulations/gitlab/continuum-to-scattering/data/100_100_100_50_50_50/single_atom_shrink/iteration_001/t006/signal.h5
       0.Info>>scattering.signal.fqt=1                                          
       0.Info>>scattering.signal.fq0=1                                          
       0.Info>>scattering.signal.fq=1                                           
       0.Info>>scattering.signal.fq2=1                                          
       0.Info>>Analyzing command line for parameter overwrites                  
       0.Info>>Reading database from file: /home/amajumda/study/continuum_simulations/gitlab/continuum-to-scattering/data/100_100_100_50_50_50/single_atom_shrink/iteration_001/t006/database/db-neutron-coherent.xml
       0.Info>>Checking database...                                             
       0.Info>>Testing mapping between PDB names and atom labels                
       0.Info>>Testing database completeness for referenced atom labels         
       0.Info>>Check succeeded. Database seems OK.                              
       0.Info>>Initializing sample...                                           
       0.Info>>Reading structure from file: /home/amajumda/study/continuum_simulations/gitlab/continuum-to-scattering/data/100_100_100_50_50_50/single_atom_shrink/iteration_001/t006/pdb_dcd/sample.pdb
       0.Info>>Done. Atoms read: 125000                                         
       0.Info>>Reading frames from: /home/amajumda/study/continuum_simulations/gitlab/continuum-to-scattering/data/100_100_100_50_50_50/single_atom_shrink/iteration_001/t006/pdb_dcd/sample.dcd
       0.Info>>Found 1 frames                                                   
       0.Info>>Total number of coordinate sets found: 1                         
       0.Info>>Exchanging sample, database & params information with compute nodes... 
       0.Info>>params...                                                        
       0.Info>>database...                                                      
       0.Info>>sample...                                                        
       0.Info>>.................................................................
       0.Info>>......................C.O.M.P.U.T.A.T.I.O.N......................
       0.Info>>.................................................................
       0.Info>>Setting up services...                                           
       0.Info>>Initializing data file service...                                
       0.Info>>Initializing monitor service...                                  
       0.Info>>Starting data file service...                                    
       0.Info>>Starting monitor service...                                      
       0.Info>>Services setup and running...                                    
       0.Info>>Checking /home/amajumda/study/continuum_simulations/gitlab/continuum-to-scattering/data/100_100_100_50_50_50/single_atom_shrink/iteration_001/t006/signal.h5 for old results.
       0.Info>>Broadcasting service information                                 
       0.Info>>Server host name    : hzglap02                                   
       0.Info>>FileService Port    : 40171                                      
       0.Info>>MonitorService Port : 43187                                      
       0.Info>>Setting up parallel environment...                               
       0.Info>>Searching for decomposition plan:                                
       0.Info>>nodes    = 8                                                     
       0.Info>>qvectors = 100                                                   
       0.Info>>frames   = 1                                                     
       0.Info>>atoms   = 125000                                                 
       0.Info>>All interference scattering detected. Applying frame decomposition.
       0.Info>>Automatic decomposition. Searching for best utilization.         
       0.Info>>Final decomposition parameters:                                  
       0.Info>>NN                : 8                                            
       0.Info>>NQ                : 100                                          
       0.Info>>NAF               : 1                                            
       0.Info>>NP                : 8                                            
       0.Info>>NNpP              : 1                                            
       0.Info>>NAFcycles         : 1                                            
       0.Info>>NQcycles          : 13                                           
       0.Info>>CompEl (WASTE/USE): 4/100                                        
       0.Info>>utilization(1=best)    : 0.96153846153846156                     
       0.Info>>Initializing Scatter Device, Vectors (all)                       
       0.Info>>Starting scattering...                                           
       0.Info>>Checking memory requirements for scattering calculation...       
       0.Info>>required limits.computation.memory.result_buffer=16              
       0.Info>>required limits.computation.memory.signal_buffer=16              
       0.Info>>required limits.computation.memory.exchange_buffer=0             
       0.Info>>required limits.computation.memory.alignpad_buffer=32            
       0.Info>>Memory limits ok                                                 
       0.Info>>Staging data...                                                  
       0.Info>>Forcing stager.mode=frames                                       
       0.Info>>Staging first partition.                                         
       0.Info>>Staging remaining partitions.                                    
       0.Info>>background scattering length set to 0                            
       0.Info>>Target initialized.                                              
       0.Info>>Target 'system' produces a background scattering length density of 0.00073979631446354714
       0.Info>>Starting computation...                                          
       0.Info>>Orientational averaging includes 100 vectors                     
       0.Info>>Setting progress sampling factor for monitoring to 1             
       0.Info>>Progress: 3.510%, ETOTAL: 45.786302670623151 s, ETA: 44.179012670623152 s
       0.Info>>Progress: 6.270%, ETOTAL: 25.876279207667732 s, ETA: 24.253828207667731 s
       0.Info>>Progress: 11.791%, ETOTAL: 13.811140632008158 s, ETA: 12.182687632008157 s
       0.Info>>Progress: 20.196%, ETOTAL: 8.1934586890969712 s, ETA: 6.5387476890969705 s
       0.Info>>Progress: 32.705%, ETOTAL: 11.040201332810661 s, ETA: 7.429489332810661 s
       0.Info>>Progress: 42.330%, ETOTAL: 8.5694188839251915 s, ETA: 4.9419728839251924 s
       0.Info>>Progress: 52.205%, ETOTAL: 10.736950933202358 s, ETA: 5.1317119332023582 s
       0.Info>>Progress: 62.955%, ETOTAL: 8.9284434171672977 s, ETA: 3.3075304171672961 s
       0.Info>>Progress: 72.955%, ETOTAL: 7.7742979000087873 s, ETA: 2.1025489000087862 s
       0.Info>>Progress: 82.455%, ETOTAL: 9.255594122677449 s, ETA: 1.6238821226774469 s
       0.Info>>Scattering finished...                                           
       0.Info>>.................................................................
       0.Info>>.....................R.U.N...A.N.A.L.Y.S.I.S.....................
       0.Info>>.................................................................
       0.Info>>Aggregating timing information for performance analysis...       
       0.Info>>                                                                 
       0.Info>>                    Performance Analysis                         
       0.Info>>-----------------------------------------------------------------
       0.Info>> mean and total runtimes:                                        
       0.Info>>-----------------------------------------------------------------
       0.Info>>          measure |    total |       count |     mean |   stddev 
       0.Info>>-----------------------------------------------------------------
       0.Info>>   sd:c:b:dspstore| 3.658e-02|        10000| 3.658e-06| 2.029e-06
       0.Info>>    sd:c:b:scatter| 4.395e+01|        10000| 4.395e-03| 8.519e-04
       0.Info>>        sd:c:block| 4.413e+01|          100| 4.413e-01| 4.093e-02
       0.Info>>         sd:c:init| 1.505e+01|          100| 1.505e-01| 2.799e-02
       0.Info>>       sd:c:reduce| 1.040e-04|          100| 1.040e-06| 5.807e-07
       0.Info>>         sd:c:wait| 1.760e-04|          100| 1.760e-06| 5.586e-07
       0.Info>>        sd:compute| 5.918e+01|          100| 5.918e-01| 5.531e-02
       0.Info>>         sd:runner| 5.919e+01|            8| 7.398e+00| 0.000e+00
       0.Info>>          sd:stage| 1.947e-01|            8| 2.434e-02| 0.000e+00
       0.Info>> sd:worker:scatter| 4.355e+01|        10000| 4.355e-03| 8.172e-04
       0.Info>>    sd:worker:wait| 1.554e+01|        10000| 1.554e-03| 1.528e-02
       0.Info>>          sd:write| 1.059e-03|          100| 1.059e-05| 8.212e-06
       0.Info>>           st:fill| 1.190e-02|            8| 1.488e-03| 0.000e+00
       0.Info>>          st:first| 2.273e-02|            1| 2.273e-02| 0.000e+00
       0.Info>>           st:load| 2.233e-02|            1| 2.233e-02| 0.000e+00
       0.Info>>           st:wait| 1.594e-01|            8| 1.992e-02| 0.000e+00
       0.Info>>-----------------------------------------------------------------
       0.Info>>-----------------------------------------------------------------
       0.Info>> watermarks:                                                     
       0.Info>>-----------------------------------------------------------------
       0.Info>>          measure |      min |      max                          
       0.Info>>-----------------------------------------------------------------
       0.Info>>   sd:c:b:dspstore| 2.000e-06| 7.600e-05                         
       0.Info>>    sd:c:b:scatter| 1.525e-03| 1.764e-02                         
       0.Info>>        sd:c:block| 1.578e-01| 5.495e-01                         
       0.Info>>         sd:c:init| 1.147e-01| 2.440e-01                         
       0.Info>>       sd:c:reduce| 0.000e+00| 3.000e-06                         
       0.Info>>         sd:c:wait| 1.000e-06| 4.000e-06                         
       0.Info>>        sd:compute| 2.746e-01| 7.134e-01                         
       0.Info>>         sd:runner| 6.666e+00| 7.833e+00                         
       0.Info>>          sd:stage| 2.418e-02| 2.440e-02                         
       0.Info>> sd:worker:scatter| 1.488e-03| 1.758e-02                         
       0.Info>>    sd:worker:wait| 4.000e-06| 2.441e-01                         
       0.Info>>          sd:write| 5.000e-06| 4.800e-05                         
       0.Info>>           st:fill| 1.334e-03| 1.553e-03                         
       0.Info>>          st:first| 2.273e-02| 2.273e-02                         
       0.Info>>           st:load| 2.233e-02| 2.233e-02                         
       0.Info>>           st:wait| 9.000e-06| 2.277e-02                         
       0.Info>>-----------------------------------------------------------------
       0.Info>>                                                                 
       0.Info>>         Performance Analysis (relative to total time * nodes)   
       0.Info>>-----------------------------------------------------------------
       0.Info>> mean and total runtimes:                                        
       0.Info>>-----------------------------------------------------------------
       0.Info>>          measure |    total |       count |     mean |   stddev 
       0.Info>>-----------------------------------------------------------------
       0.Info>>   sd:c:b:dspstore| 5.525e-04|        10000| 5.525e-08| 2.493e-07
       0.Info>>    sd:c:b:scatter| 6.638e-01|        10000| 6.638e-05| 1.047e-04
       0.Info>>        sd:c:block| 6.665e-01|          100| 6.665e-03| 5.030e-03
       0.Info>>         sd:c:init| 2.273e-01|          100| 2.273e-03| 3.440e-03
       0.Info>>       sd:c:reduce| 1.571e-06|          100| 1.571e-08| 7.137e-08
       0.Info>>         sd:c:wait| 2.658e-06|          100| 2.658e-08| 6.865e-08
       0.Info>>        sd:compute| 8.939e-01|          100| 8.939e-03| 6.798e-03
       0.Info>>         sd:runner| 8.939e-01|            8| 1.117e-01| 0.000e+00
       0.Info>>          sd:stage| 2.941e-03|            8| 3.676e-04| 0.000e+00
       0.Info>> sd:worker:scatter| 6.577e-01|        10000| 6.577e-05| 1.004e-04
       0.Info>>    sd:worker:wait| 2.347e-01|        10000| 2.347e-05| 1.878e-03
       0.Info>>          sd:write| 1.599e-05|          100| 1.599e-07| 1.009e-06
       0.Info>>           st:fill| 1.798e-04|            8| 2.247e-05| 0.000e+00
       0.Info>>          st:first| 3.433e-04|            1| 3.433e-04| 0.000e+00
       0.Info>>           st:load| 3.372e-04|            1| 3.372e-04| 0.000e+00
       0.Info>>           st:wait| 2.407e-03|            8| 3.009e-04| 0.000e+00
       0.Info>>-----------------------------------------------------------------
       0.Info>>-----------------------------------------------------------------
       0.Info>> watermarks:                                                     
       0.Info>>-----------------------------------------------------------------
       0.Info>>          measure |      min |      max                          
       0.Info>>-----------------------------------------------------------------
       0.Info>>   sd:c:b:dspstore| 3.021e-08| 1.148e-06                         
       0.Info>>    sd:c:b:scatter| 2.303e-05| 2.664e-04                         
       0.Info>>        sd:c:block| 2.384e-03| 8.300e-03                         
       0.Info>>         sd:c:init| 1.732e-03| 3.686e-03                         
       0.Info>>       sd:c:reduce| 0.000e+00| 4.531e-08                         
       0.Info>>         sd:c:wait| 1.510e-08| 6.042e-08                         
       0.Info>>        sd:compute| 4.148e-03| 1.077e-02                         
       0.Info>>         sd:runner| 1.007e-01| 1.183e-01                         
       0.Info>>          sd:stage| 3.653e-04| 3.685e-04                         
       0.Info>> sd:worker:scatter| 2.247e-05| 2.655e-04                         
       0.Info>>    sd:worker:wait| 6.042e-08| 3.687e-03                         
       0.Info>>          sd:write| 7.552e-08| 7.250e-07                         
       0.Info>>           st:fill| 2.015e-05| 2.346e-05                         
       0.Info>>          st:first| 3.433e-04| 3.433e-04                         
       0.Info>>           st:load| 3.372e-04| 3.372e-04                         
       0.Info>>           st:wait| 1.359e-07| 3.439e-04                         
       0.Info>>-----------------------------------------------------------------
       0.Info>>Total runtime (s): 8.2760339999999992                            
       0.Info>>Successfully finished... Have a nice day!                        
