       0.Info>>This software is being developed by Benjamin Lindner.                    
       0.Info>>For help, suggestions or correspondense use:                             
       0.Info>>ben@benlabs.net, Benjamin Lindner (Main Developer, Impl. & Maintenance)  
       0.Info>>franc@cmm.ki.si, Franci Merzel (Methodology)                             
       0.Info>>For publications include the following references:                       
       0.Info>>.........................................................................
       0.Info>>1. Sassena - X-ray and Neutron Scattering Calculated                     
       0.Info>>  from Molecular Dynamics Trajectories using Massively Parallel Computers
       0.Info>>  published as a Computer Program in Physics Paper                       
       0.Info>>.........................................................................
       0.Info>>Version Information: 1.4.2                                       
       0.Info>>                                                                 
       0.Info>>.................................................................
       0.Info>>......................D.E.S.C.R.I.P.T.I.O.N......................
       0.Info>>.................................................................
       0.Info>>This binary computes the scattering intensities directly from    
       0.Info>>a molecular dynamics trajectory.                                 
       0.Info>>.................................................................
       0.Info>>.................................................................
       0.Info>>...................I.N.I.T.I.A.L.I.Z.A.T.I.O.N...................
       0.Info>>.................................................................
       0.Info>>No configuration file specified. Will use default                
       0.Info>>Looking for configuration file: scatter.xml                      
       0.Info>>Reading parameters from XML file: scatter.xml                    
       0.Info>>Added frames from /home/amajumda/study/continuum_simulations/gitlab/continuum-to-scattering/data/100_100_100_50_50_50/single_atom_shrink/iteration_002/t010/pdb_dcd/sample.dcd using format: dcd
       0.Info>>Options: first=0, last=0, lastset=0, stride=1                    
       0.Info>>stager.target=system                                             
       0.Info>>scattering.type=all                                              
       0.Info>>scattering.dsp.type=square                                       
       0.Info>>scattering.average.orientation.type=vectors                      
       0.Info>>scattering.average.orientation.vectors.type=sphere               
       0.Info>>scattering.average.orientation.vectors.algorithm=boost_uniform_on_sphere
       0.Info>>scattering.average.orientation.vectors.resolution=100            
       0.Info>>Generating orientations for orientational averaging using sphere,boost_uniform_on_sphere
       0.Info>>Initialized orientational averaging with 100 vectors.            
       0.Info>>scattering.signal.file=signal.h5                                 
       0.Info>>scattering.signal.filepath=/home/amajumda/study/continuum_simulations/gitlab/continuum-to-scattering/data/100_100_100_50_50_50/single_atom_shrink/iteration_002/t010/signal.h5
       0.Info>>scattering.signal.fqt=1                                          
       0.Info>>scattering.signal.fq0=1                                          
       0.Info>>scattering.signal.fq=1                                           
       0.Info>>scattering.signal.fq2=1                                          
       0.Info>>Analyzing command line for parameter overwrites                  
       0.Info>>Reading database from file: /home/amajumda/study/continuum_simulations/gitlab/continuum-to-scattering/data/100_100_100_50_50_50/single_atom_shrink/iteration_002/t010/database/db-neutron-coherent.xml
       0.Info>>Checking database...                                             
       0.Info>>Testing mapping between PDB names and atom labels                
       0.Info>>Testing database completeness for referenced atom labels         
       0.Info>>Check succeeded. Database seems OK.                              
       0.Info>>Initializing sample...                                           
       0.Info>>Reading structure from file: /home/amajumda/study/continuum_simulations/gitlab/continuum-to-scattering/data/100_100_100_50_50_50/single_atom_shrink/iteration_002/t010/pdb_dcd/sample.pdb
       0.Info>>Done. Atoms read: 125000                                         
       0.Info>>Reading frames from: /home/amajumda/study/continuum_simulations/gitlab/continuum-to-scattering/data/100_100_100_50_50_50/single_atom_shrink/iteration_002/t010/pdb_dcd/sample.dcd
       0.Info>>Found 1 frames                                                   
       0.Info>>Total number of coordinate sets found: 1                         
       0.Info>>Exchanging sample, database & params information with compute nodes... 
       0.Info>>params...                                                        
       0.Info>>database...                                                      
       0.Info>>sample...                                                        
       0.Info>>.................................................................
       0.Info>>......................C.O.M.P.U.T.A.T.I.O.N......................
       0.Info>>.................................................................
       0.Info>>Setting up services...                                           
       0.Info>>Initializing data file service...                                
       0.Info>>Initializing monitor service...                                  
       0.Info>>Starting data file service...                                    
       0.Info>>Starting monitor service...                                      
       0.Info>>Services setup and running...                                    
       0.Info>>Checking /home/amajumda/study/continuum_simulations/gitlab/continuum-to-scattering/data/100_100_100_50_50_50/single_atom_shrink/iteration_002/t010/signal.h5 for old results.
       0.Info>>Broadcasting service information                                 
       0.Info>>Server host name    : hzglap02                                   
       0.Info>>FileService Port    : 40661                                      
       0.Info>>MonitorService Port : 38501                                      
       0.Info>>Setting up parallel environment...                               
       0.Info>>Searching for decomposition plan:                                
       0.Info>>nodes    = 8                                                     
       0.Info>>qvectors = 100                                                   
       0.Info>>frames   = 1                                                     
       0.Info>>atoms   = 125000                                                 
       0.Info>>All interference scattering detected. Applying frame decomposition.
       0.Info>>Automatic decomposition. Searching for best utilization.         
       0.Info>>Final decomposition parameters:                                  
       0.Info>>NN                : 8                                            
       0.Info>>NQ                : 100                                          
       0.Info>>NAF               : 1                                            
       0.Info>>NP                : 8                                            
       0.Info>>NNpP              : 1                                            
       0.Info>>NAFcycles         : 1                                            
       0.Info>>NQcycles          : 13                                           
       0.Info>>CompEl (WASTE/USE): 4/100                                        
       0.Info>>utilization(1=best)    : 0.96153846153846156                     
       0.Info>>Initializing Scatter Device, Vectors (all)                       
       0.Info>>Starting scattering...                                           
       0.Info>>Checking memory requirements for scattering calculation...       
       0.Info>>required limits.computation.memory.result_buffer=16              
       0.Info>>required limits.computation.memory.signal_buffer=16              
       0.Info>>required limits.computation.memory.exchange_buffer=0             
       0.Info>>required limits.computation.memory.alignpad_buffer=32            
       0.Info>>Memory limits ok                                                 
       0.Info>>Staging data...                                                  
       0.Info>>Forcing stager.mode=frames                                       
       0.Info>>Staging first partition.                                         
       0.Info>>Staging remaining partitions.                                    
       0.Info>>background scattering length set to 0                            
       0.Info>>Target initialized.                                              
       0.Info>>Target 'system' produces a background scattering length density of 0.00014591664713240328
       0.Info>>Starting computation...                                          
       0.Info>>Orientational averaging includes 100 vectors                     
       0.Info>>Setting progress sampling factor for monitoring to 1             
       0.Info>>Progress: 2.760%, ETOTAL: 44.303782641509429 s, ETA: 43.08081364150943 s
       0.Info>>Progress: 4.770%, ETOTAL: 26.54680275491349 s, ETA: 25.280511754913491 s
       0.Info>>Progress: 6.905%, ETOTAL: 18.580168391738223 s, ETA: 17.297124391738222 s
       0.Info>>Progress: 11.050%, ETOTAL: 11.814318555579726 s, ETA: 10.508779555579727 s
       0.Info>>Progress: 20.455%, ETOTAL: 15.715926919460983 s, ETA: 12.501213919460984 s
       0.Info>>Progress: 30.330%, ETOTAL: 10.629664926556059 s, ETA: 7.4056739265560587 s
       0.Info>>Progress: 42.705%, ETOTAL: 7.7329495046532548 s, ETA: 4.4305835046532565 s
       0.Info>>Progress: 53.580%, ETOTAL: 9.7905924747263224 s, ETA: 4.5447804747263243 s
       0.Info>>Progress: 60.830%, ETOTAL: 8.6372610991095389 s, ETA: 3.3832040991095402 s
       0.Info>>Progress: 72.080%, ETOTAL: 7.5077627284450159 s, ETA: 2.096157728445017 s
       0.Info>>Progress: 82.080%, ETOTAL: 8.8497680971533423 s, ETA: 1.5858670971533444 s
       0.Info>>Scattering finished...                                           
       0.Info>>.................................................................
       0.Info>>.....................R.U.N...A.N.A.L.Y.S.I.S.....................
       0.Info>>.................................................................
       0.Info>>Aggregating timing information for performance analysis...       
       0.Info>>                                                                 
       0.Info>>                    Performance Analysis                         
       0.Info>>-----------------------------------------------------------------
       0.Info>> mean and total runtimes:                                        
       0.Info>>-----------------------------------------------------------------
       0.Info>>          measure |    total |       count |     mean |   stddev 
       0.Info>>-----------------------------------------------------------------
       0.Info>>   sd:c:b:dspstore| 3.614e-02|        10000| 3.614e-06| 1.980e-06
       0.Info>>    sd:c:b:scatter| 4.351e+01|        10000| 4.351e-03| 7.813e-04
       0.Info>>        sd:c:block| 4.368e+01|          100| 4.368e-01| 3.849e-02
       0.Info>>         sd:c:init| 1.489e+01|          100| 1.489e-01| 3.140e-02
       0.Info>>       sd:c:reduce| 1.060e-04|          100| 1.060e-06| 5.088e-07
       0.Info>>         sd:c:wait| 1.670e-04|          100| 1.670e-06| 5.913e-07
       0.Info>>        sd:compute| 5.857e+01|          100| 5.857e-01| 5.416e-02
       0.Info>>         sd:runner| 5.858e+01|            8| 7.322e+00| 0.000e+00
       0.Info>>          sd:stage| 1.935e-01|            8| 2.419e-02| 0.000e+00
       0.Info>> sd:worker:scatter| 4.310e+01|        10000| 4.310e-03| 7.603e-04
       0.Info>>    sd:worker:wait| 1.537e+01|        10000| 1.537e-03| 1.517e-02
       0.Info>>          sd:write| 1.049e-03|          100| 1.049e-05| 7.755e-06
       0.Info>>           st:fill| 1.171e-02|            8| 1.464e-03| 0.000e+00
       0.Info>>          st:first| 2.261e-02|            1| 2.261e-02| 0.000e+00
       0.Info>>           st:load| 2.226e-02|            1| 2.226e-02| 0.000e+00
       0.Info>>           st:wait| 1.585e-01|            8| 1.981e-02| 0.000e+00
       0.Info>>-----------------------------------------------------------------
       0.Info>>-----------------------------------------------------------------
       0.Info>> watermarks:                                                     
       0.Info>>-----------------------------------------------------------------
       0.Info>>          measure |      min |      max                          
       0.Info>>-----------------------------------------------------------------
       0.Info>>   sd:c:b:dspstore| 2.000e-06| 7.400e-05                         
       0.Info>>    sd:c:b:scatter| 1.524e-03| 1.188e-02                         
       0.Info>>        sd:c:block| 1.573e-01| 5.436e-01                         
       0.Info>>         sd:c:init| 1.118e-01| 2.460e-01                         
       0.Info>>       sd:c:reduce| 0.000e+00| 2.000e-06                         
       0.Info>>         sd:c:wait| 1.000e-06| 3.000e-06                         
       0.Info>>        sd:compute| 2.747e-01| 6.954e-01                         
       0.Info>>         sd:runner| 6.381e+00| 7.768e+00                         
       0.Info>>          sd:stage| 2.404e-02| 2.426e-02                         
       0.Info>> sd:worker:scatter| 1.503e-03| 1.147e-02                         
       0.Info>>    sd:worker:wait| 1.000e-06| 2.462e-01                         
       0.Info>>          sd:write| 5.000e-06| 5.500e-05                         
       0.Info>>           st:fill| 1.302e-03| 1.534e-03                         
       0.Info>>          st:first| 2.261e-02| 2.261e-02                         
       0.Info>>           st:load| 2.226e-02| 2.226e-02                         
       0.Info>>           st:wait| 1.200e-05| 2.265e-02                         
       0.Info>>-----------------------------------------------------------------
       0.Info>>                                                                 
       0.Info>>         Performance Analysis (relative to total time * nodes)   
       0.Info>>-----------------------------------------------------------------
       0.Info>> mean and total runtimes:                                        
       0.Info>>-----------------------------------------------------------------
       0.Info>>          measure |    total |       count |     mean |   stddev 
       0.Info>>-----------------------------------------------------------------
       0.Info>>   sd:c:b:dspstore| 5.468e-04|        10000| 5.468e-08| 2.435e-07
       0.Info>>    sd:c:b:scatter| 6.582e-01|        10000| 6.582e-05| 9.610e-05
       0.Info>>        sd:c:block| 6.609e-01|          100| 6.609e-03| 4.734e-03
       0.Info>>         sd:c:init| 2.252e-01|          100| 2.252e-03| 3.862e-03
       0.Info>>       sd:c:reduce| 1.604e-06|          100| 1.604e-08| 6.259e-08
       0.Info>>         sd:c:wait| 2.527e-06|          100| 2.527e-08| 7.273e-08
       0.Info>>        sd:compute| 8.862e-01|          100| 8.862e-03| 6.662e-03
       0.Info>>         sd:runner| 8.862e-01|            8| 1.108e-01| 0.000e+00
       0.Info>>          sd:stage| 2.928e-03|            8| 3.660e-04| 0.000e+00
       0.Info>> sd:worker:scatter| 6.521e-01|        10000| 6.521e-05| 9.352e-05
       0.Info>>    sd:worker:wait| 2.326e-01|        10000| 2.326e-05| 1.866e-03
       0.Info>>          sd:write| 1.587e-05|          100| 1.587e-07| 9.538e-07
       0.Info>>           st:fill| 1.772e-04|            8| 2.215e-05| 0.000e+00
       0.Info>>          st:first| 3.421e-04|            1| 3.421e-04| 0.000e+00
       0.Info>>           st:load| 3.367e-04|            1| 3.367e-04| 0.000e+00
       0.Info>>           st:wait| 2.398e-03|            8| 2.998e-04| 0.000e+00
       0.Info>>-----------------------------------------------------------------
       0.Info>>-----------------------------------------------------------------
       0.Info>> watermarks:                                                     
       0.Info>>-----------------------------------------------------------------
       0.Info>>          measure |      min |      max                          
       0.Info>>-----------------------------------------------------------------
       0.Info>>   sd:c:b:dspstore| 3.026e-08| 1.120e-06                         
       0.Info>>    sd:c:b:scatter| 2.306e-05| 1.798e-04                         
       0.Info>>        sd:c:block| 2.380e-03| 8.225e-03                         
       0.Info>>         sd:c:init| 1.691e-03| 3.722e-03                         
       0.Info>>       sd:c:reduce| 0.000e+00| 3.026e-08                         
       0.Info>>         sd:c:wait| 1.513e-08| 4.539e-08                         
       0.Info>>        sd:compute| 4.157e-03| 1.052e-02                         
       0.Info>>         sd:runner| 9.654e-02| 1.175e-01                         
       0.Info>>          sd:stage| 3.637e-04| 3.670e-04                         
       0.Info>> sd:worker:scatter| 2.274e-05| 1.735e-04                         
       0.Info>>    sd:worker:wait| 1.513e-08| 3.724e-03                         
       0.Info>>          sd:write| 7.565e-08| 8.321e-07                         
       0.Info>>           st:fill| 1.970e-05| 2.321e-05                         
       0.Info>>          st:first| 3.421e-04| 3.421e-04                         
       0.Info>>           st:load| 3.367e-04| 3.367e-04                         
       0.Info>>           st:wait| 1.816e-07| 3.427e-04                         
       0.Info>>-----------------------------------------------------------------
       0.Info>>Total runtime (s): 8.2621249999999993                            
       0.Info>>Successfully finished... Have a nice day!                        
