       0.Info>>This software is being developed by Benjamin Lindner.                    
       0.Info>>For help, suggestions or correspondense use:                             
       0.Info>>ben@benlabs.net, Benjamin Lindner (Main Developer, Impl. & Maintenance)  
       0.Info>>franc@cmm.ki.si, Franci Merzel (Methodology)                             
       0.Info>>For publications include the following references:                       
       0.Info>>.........................................................................
       0.Info>>1. Sassena - X-ray and Neutron Scattering Calculated                     
       0.Info>>  from Molecular Dynamics Trajectories using Massively Parallel Computers
       0.Info>>  published as a Computer Program in Physics Paper                       
       0.Info>>.........................................................................
       0.Info>>Version Information: 1.4.2                                       
       0.Info>>                                                                 
       0.Info>>.................................................................
       0.Info>>......................D.E.S.C.R.I.P.T.I.O.N......................
       0.Info>>.................................................................
       0.Info>>This binary computes the scattering intensities directly from    
       0.Info>>a molecular dynamics trajectory.                                 
       0.Info>>.................................................................
       0.Info>>.................................................................
       0.Info>>...................I.N.I.T.I.A.L.I.Z.A.T.I.O.N...................
       0.Info>>.................................................................
       0.Info>>No configuration file specified. Will use default                
       0.Info>>Looking for configuration file: scatter.xml                      
       0.Info>>Reading parameters from XML file: scatter.xml                    
       0.Info>>Added frames from /home/amajumda/study/continuum_simulations/gitlab/continuum-to-scattering/data/100_100_100_50_50_50/single_atom_shrink/iteration_007/t005/pdb_dcd/sample.dcd using format: dcd
       0.Info>>Options: first=0, last=0, lastset=0, stride=1                    
       0.Info>>stager.target=system                                             
       0.Info>>scattering.type=all                                              
       0.Info>>scattering.dsp.type=square                                       
       0.Info>>scattering.average.orientation.type=vectors                      
       0.Info>>scattering.average.orientation.vectors.type=sphere               
       0.Info>>scattering.average.orientation.vectors.algorithm=boost_uniform_on_sphere
       0.Info>>scattering.average.orientation.vectors.resolution=100            
       0.Info>>Generating orientations for orientational averaging using sphere,boost_uniform_on_sphere
       0.Info>>Initialized orientational averaging with 100 vectors.            
       0.Info>>scattering.signal.file=signal.h5                                 
       0.Info>>scattering.signal.filepath=/home/amajumda/study/continuum_simulations/gitlab/continuum-to-scattering/data/100_100_100_50_50_50/single_atom_shrink/iteration_007/t005/signal.h5
       0.Info>>scattering.signal.fqt=1                                          
       0.Info>>scattering.signal.fq0=1                                          
       0.Info>>scattering.signal.fq=1                                           
       0.Info>>scattering.signal.fq2=1                                          
       0.Info>>Analyzing command line for parameter overwrites                  
       0.Info>>Reading database from file: /home/amajumda/study/continuum_simulations/gitlab/continuum-to-scattering/data/100_100_100_50_50_50/single_atom_shrink/iteration_007/t005/database/db-neutron-coherent.xml
       0.Info>>Checking database...                                             
       0.Info>>Testing mapping between PDB names and atom labels                
       0.Info>>Testing database completeness for referenced atom labels         
       0.Info>>Check succeeded. Database seems OK.                              
       0.Info>>Initializing sample...                                           
       0.Info>>Reading structure from file: /home/amajumda/study/continuum_simulations/gitlab/continuum-to-scattering/data/100_100_100_50_50_50/single_atom_shrink/iteration_007/t005/pdb_dcd/sample.pdb
       0.Info>>Done. Atoms read: 125000                                         
       0.Info>>Reading frames from: /home/amajumda/study/continuum_simulations/gitlab/continuum-to-scattering/data/100_100_100_50_50_50/single_atom_shrink/iteration_007/t005/pdb_dcd/sample.dcd
       0.Info>>Found 1 frames                                                   
       0.Info>>Total number of coordinate sets found: 1                         
       0.Info>>Exchanging sample, database & params information with compute nodes... 
       0.Info>>params...                                                        
       0.Info>>database...                                                      
       0.Info>>sample...                                                        
       0.Info>>.................................................................
       0.Info>>......................C.O.M.P.U.T.A.T.I.O.N......................
       0.Info>>.................................................................
       0.Info>>Setting up services...                                           
       0.Info>>Initializing data file service...                                
       0.Info>>Initializing monitor service...                                  
       0.Info>>Starting data file service...                                    
       0.Info>>Starting monitor service...                                      
       0.Info>>Services setup and running...                                    
       0.Info>>Checking /home/amajumda/study/continuum_simulations/gitlab/continuum-to-scattering/data/100_100_100_50_50_50/single_atom_shrink/iteration_007/t005/signal.h5 for old results.
       0.Info>>Broadcasting service information                                 
       0.Info>>Server host name    : hzglap02                                   
       0.Info>>FileService Port    : 38257                                      
       0.Info>>MonitorService Port : 45089                                      
       0.Info>>Setting up parallel environment...                               
       0.Info>>Searching for decomposition plan:                                
       0.Info>>nodes    = 8                                                     
       0.Info>>qvectors = 100                                                   
       0.Info>>frames   = 1                                                     
       0.Info>>atoms   = 125000                                                 
       0.Info>>All interference scattering detected. Applying frame decomposition.
       0.Info>>Automatic decomposition. Searching for best utilization.         
       0.Info>>Final decomposition parameters:                                  
       0.Info>>NN                : 8                                            
       0.Info>>NQ                : 100                                          
       0.Info>>NAF               : 1                                            
       0.Info>>NP                : 8                                            
       0.Info>>NNpP              : 1                                            
       0.Info>>NAFcycles         : 1                                            
       0.Info>>NQcycles          : 13                                           
       0.Info>>CompEl (WASTE/USE): 4/100                                        
       0.Info>>utilization(1=best)    : 0.96153846153846156                     
       0.Info>>Initializing Scatter Device, Vectors (all)                       
       0.Info>>Starting scattering...                                           
       0.Info>>Checking memory requirements for scattering calculation...       
       0.Info>>required limits.computation.memory.result_buffer=16              
       0.Info>>required limits.computation.memory.signal_buffer=16              
       0.Info>>required limits.computation.memory.exchange_buffer=0             
       0.Info>>required limits.computation.memory.alignpad_buffer=32            
       0.Info>>Memory limits ok                                                 
       0.Info>>Staging data...                                                  
       0.Info>>Forcing stager.mode=frames                                       
       0.Info>>Staging first partition.                                         
       0.Info>>Staging remaining partitions.                                    
       0.Info>>background scattering length set to 0                            
       0.Info>>Target initialized.                                              
       0.Info>>Target 'system' produces a background scattering length density of 0.00035539341233812005
       0.Info>>Starting computation...                                          
       0.Info>>Orientational averaging includes 100 vectors                     
       0.Info>>Setting progress sampling factor for monitoring to 1             
       0.Info>>Progress: 1.385%, ETOTAL: 59.190279699248123 s, ETA: 58.370247699248125 s
       0.Info>>Progress: 2.771%, ETOTAL: 29.66418045112782 s, ETA: 28.84223545112782 s
       0.Info>>Progress: 4.021%, ETOTAL: 20.562404145077718 s, ETA: 19.735624145077718 s
       0.Info>>Progress: 5.281%, ETOTAL: 15.79616568047337 s, ETA: 14.961930680473371 s
       0.Info>>Progress: 10.292%, ETOTAL: 8.4072485829959493 s, ETA: 7.5420025829959494 s
       0.Info>>Progress: 21.936%, ETOTAL: 12.882454471069549 s, ETA: 10.056572471069549 s
       0.Info>>Progress: 32.321%, ETOTAL: 8.8360726695755645 s, ETA: 5.980208669575565 s
       0.Info>>Progress: 43.205%, ETOTAL: 11.185329614243324 s, ETA: 6.3526936142433241 s
       0.Info>>Progress: 50.080%, ETOTAL: 9.6744820223999977 s, ETA: 4.8294890223999971 s
       0.Info>>Progress: 62.830%, ETOTAL: 7.7965016783145451 s, ETA: 2.8979496783145446 s
       0.Info>>Progress: 72.330%, ETOTAL: 9.4718620995258558 s, ETA: 2.6208520995258562 s
       0.Info>>Progress: 81.955%, ETOTAL: 8.3792743058271402 s, ETA: 1.5120293058271406 s
       0.Info>>Scattering finished...                                           
       0.Info>>.................................................................
       0.Info>>.....................R.U.N...A.N.A.L.Y.S.I.S.....................
       0.Info>>.................................................................
       0.Info>>Aggregating timing information for performance analysis...       
       0.Info>>                                                                 
       0.Info>>                    Performance Analysis                         
       0.Info>>-----------------------------------------------------------------
       0.Info>> mean and total runtimes:                                        
       0.Info>>-----------------------------------------------------------------
       0.Info>>          measure |    total |       count |     mean |   stddev 
       0.Info>>-----------------------------------------------------------------
       0.Info>>   sd:c:b:dspstore| 3.866e-02|        10000| 3.866e-06| 2.149e-06
       0.Info>>    sd:c:b:scatter| 4.458e+01|        10000| 4.458e-03| 8.544e-04
       0.Info>>        sd:c:block| 4.476e+01|          100| 4.476e-01| 4.635e-02
       0.Info>>         sd:c:init| 1.492e+01|          100| 1.492e-01| 2.964e-02
       0.Info>>       sd:c:reduce| 1.140e-04|          100| 1.140e-06| 5.334e-07
       0.Info>>         sd:c:wait| 1.750e-04|          100| 1.750e-06| 5.624e-07
       0.Info>>        sd:compute| 5.968e+01|          100| 5.968e-01| 5.930e-02
       0.Info>>         sd:runner| 5.969e+01|            8| 7.461e+00| 0.000e+00
       0.Info>>          sd:stage| 1.943e-01|            8| 2.429e-02| 0.000e+00
       0.Info>> sd:worker:scatter| 4.419e+01|        10000| 4.419e-03| 8.303e-04
       0.Info>>    sd:worker:wait| 1.539e+01|        10000| 1.539e-03| 1.516e-02
       0.Info>>          sd:write| 1.022e-03|          100| 1.022e-05| 7.056e-06
       0.Info>>           st:fill| 1.252e-02|            8| 1.565e-03| 0.000e+00
       0.Info>>          st:first| 2.259e-02|            1| 2.259e-02| 0.000e+00
       0.Info>>           st:load| 2.227e-02|            1| 2.227e-02| 0.000e+00
       0.Info>>           st:wait| 1.584e-01|            8| 1.980e-02| 0.000e+00
       0.Info>>-----------------------------------------------------------------
       0.Info>>-----------------------------------------------------------------
       0.Info>> watermarks:                                                     
       0.Info>>-----------------------------------------------------------------
       0.Info>>          measure |      min |      max                          
       0.Info>>-----------------------------------------------------------------
       0.Info>>   sd:c:b:dspstore| 2.000e-06| 9.400e-05                         
       0.Info>>    sd:c:b:scatter| 1.520e-03| 1.551e-02                         
       0.Info>>        sd:c:block| 1.584e-01| 5.738e-01                         
       0.Info>>         sd:c:init| 1.178e-01| 2.423e-01                         
       0.Info>>       sd:c:reduce| 0.000e+00| 2.000e-06                         
       0.Info>>         sd:c:wait| 1.000e-06| 3.000e-06                         
       0.Info>>        sd:compute| 2.790e-01| 7.783e-01                         
       0.Info>>         sd:runner| 6.534e+00| 7.900e+00                         
       0.Info>>          sd:stage| 2.414e-02| 2.434e-02                         
       0.Info>> sd:worker:scatter| 1.498e-03| 1.217e-02                         
       0.Info>>    sd:worker:wait| 1.000e-06| 2.424e-01                         
       0.Info>>          sd:write| 5.000e-06| 4.100e-05                         
       0.Info>>           st:fill| 1.415e-03| 1.628e-03                         
       0.Info>>          st:first| 2.259e-02| 2.259e-02                         
       0.Info>>           st:load| 2.227e-02| 2.227e-02                         
       0.Info>>           st:wait| 8.000e-06| 2.264e-02                         
       0.Info>>-----------------------------------------------------------------
       0.Info>>                                                                 
       0.Info>>         Performance Analysis (relative to total time * nodes)   
       0.Info>>-----------------------------------------------------------------
       0.Info>> mean and total runtimes:                                        
       0.Info>>-----------------------------------------------------------------
       0.Info>>          measure |    total |       count |     mean |   stddev 
       0.Info>>-----------------------------------------------------------------
       0.Info>>   sd:c:b:dspstore| 5.800e-04|        10000| 5.800e-08| 2.632e-07
       0.Info>>    sd:c:b:scatter| 6.687e-01|        10000| 6.687e-05| 1.046e-04
       0.Info>>        sd:c:block| 6.715e-01|          100| 6.715e-03| 5.677e-03
       0.Info>>         sd:c:init| 2.238e-01|          100| 2.238e-03| 3.630e-03
       0.Info>>       sd:c:reduce| 1.710e-06|          100| 1.710e-08| 6.533e-08
       0.Info>>         sd:c:wait| 2.625e-06|          100| 2.625e-08| 6.888e-08
       0.Info>>        sd:compute| 8.953e-01|          100| 8.953e-03| 7.263e-03
       0.Info>>         sd:runner| 8.953e-01|            8| 1.119e-01| 0.000e+00
       0.Info>>          sd:stage| 2.914e-03|            8| 3.643e-04| 0.000e+00
       0.Info>> sd:worker:scatter| 6.629e-01|        10000| 6.629e-05| 1.017e-04
       0.Info>>    sd:worker:wait| 2.309e-01|        10000| 2.309e-05| 1.856e-03
       0.Info>>          sd:write| 1.533e-05|          100| 1.533e-07| 8.642e-07
       0.Info>>           st:fill| 1.878e-04|            8| 2.348e-05| 0.000e+00
       0.Info>>          st:first| 3.389e-04|            1| 3.389e-04| 0.000e+00
       0.Info>>           st:load| 3.340e-04|            1| 3.340e-04| 0.000e+00
       0.Info>>           st:wait| 2.377e-03|            8| 2.971e-04| 0.000e+00
       0.Info>>-----------------------------------------------------------------
       0.Info>>-----------------------------------------------------------------
       0.Info>> watermarks:                                                     
       0.Info>>-----------------------------------------------------------------
       0.Info>>          measure |      min |      max                          
       0.Info>>-----------------------------------------------------------------
       0.Info>>   sd:c:b:dspstore| 3.000e-08| 1.410e-06                         
       0.Info>>    sd:c:b:scatter| 2.280e-05| 2.326e-04                         
       0.Info>>        sd:c:block| 2.376e-03| 8.608e-03                         
       0.Info>>         sd:c:init| 1.767e-03| 3.635e-03                         
       0.Info>>       sd:c:reduce| 0.000e+00| 3.000e-08                         
       0.Info>>         sd:c:wait| 1.500e-08| 4.500e-08                         
       0.Info>>        sd:compute| 4.185e-03| 1.167e-02                         
       0.Info>>         sd:runner| 9.801e-02| 1.185e-01                         
       0.Info>>          sd:stage| 3.621e-04| 3.652e-04                         
       0.Info>> sd:worker:scatter| 2.247e-05| 1.825e-04                         
       0.Info>>    sd:worker:wait| 1.500e-08| 3.636e-03                         
       0.Info>>          sd:write| 7.500e-08| 6.150e-07                         
       0.Info>>           st:fill| 2.123e-05| 2.442e-05                         
       0.Info>>          st:first| 3.389e-04| 3.389e-04                         
       0.Info>>           st:load| 3.340e-04| 3.340e-04                         
       0.Info>>           st:wait| 1.200e-07| 3.396e-04                         
       0.Info>>-----------------------------------------------------------------
       0.Info>>Total runtime (s): 8.3330579999999994                            
       0.Info>>Successfully finished... Have a nice day!                        
