       0.Info>>This software is being developed by Benjamin Lindner.                    
       0.Info>>For help, suggestions or correspondense use:                             
       0.Info>>ben@benlabs.net, Benjamin Lindner (Main Developer, Impl. & Maintenance)  
       0.Info>>franc@cmm.ki.si, Franci Merzel (Methodology)                             
       0.Info>>For publications include the following references:                       
       0.Info>>.........................................................................
       0.Info>>1. Sassena - X-ray and Neutron Scattering Calculated                     
       0.Info>>  from Molecular Dynamics Trajectories using Massively Parallel Computers
       0.Info>>  published as a Computer Program in Physics Paper                       
       0.Info>>.........................................................................
       0.Info>>Version Information: 1.4.2                                       
       0.Info>>                                                                 
       0.Info>>.................................................................
       0.Info>>......................D.E.S.C.R.I.P.T.I.O.N......................
       0.Info>>.................................................................
       0.Info>>This binary computes the scattering intensities directly from    
       0.Info>>a molecular dynamics trajectory.                                 
       0.Info>>.................................................................
       0.Info>>.................................................................
       0.Info>>...................I.N.I.T.I.A.L.I.Z.A.T.I.O.N...................
       0.Info>>.................................................................
       0.Info>>No configuration file specified. Will use default                
       0.Info>>Looking for configuration file: scatter.xml                      
       0.Info>>Reading parameters from XML file: scatter.xml                    
       0.Info>>Added frames from /home/amajumda/study/continuum_simulations/gitlab/continuum-to-scattering/data/100_100_100_50_50_50/single_atom_shrink/iteration_004/t001/pdb_dcd/sample.dcd using format: dcd
       0.Info>>Options: first=0, last=0, lastset=0, stride=1                    
       0.Info>>stager.target=system                                             
       0.Info>>scattering.type=all                                              
       0.Info>>scattering.dsp.type=square                                       
       0.Info>>scattering.average.orientation.type=vectors                      
       0.Info>>scattering.average.orientation.vectors.type=sphere               
       0.Info>>scattering.average.orientation.vectors.algorithm=boost_uniform_on_sphere
       0.Info>>scattering.average.orientation.vectors.resolution=100            
       0.Info>>Generating orientations for orientational averaging using sphere,boost_uniform_on_sphere
       0.Info>>Initialized orientational averaging with 100 vectors.            
       0.Info>>scattering.signal.file=signal.h5                                 
       0.Info>>scattering.signal.filepath=/home/amajumda/study/continuum_simulations/gitlab/continuum-to-scattering/data/100_100_100_50_50_50/single_atom_shrink/iteration_004/t001/signal.h5
       0.Info>>scattering.signal.fqt=1                                          
       0.Info>>scattering.signal.fq0=1                                          
       0.Info>>scattering.signal.fq=1                                           
       0.Info>>scattering.signal.fq2=1                                          
       0.Info>>Analyzing command line for parameter overwrites                  
       0.Info>>Reading database from file: /home/amajumda/study/continuum_simulations/gitlab/continuum-to-scattering/data/100_100_100_50_50_50/single_atom_shrink/iteration_004/t001/database/db-neutron-coherent.xml
       0.Info>>Checking database...                                             
       0.Info>>Testing mapping between PDB names and atom labels                
       0.Info>>Testing database completeness for referenced atom labels         
       0.Info>>Check succeeded. Database seems OK.                              
       0.Info>>Initializing sample...                                           
       0.Info>>Reading structure from file: /home/amajumda/study/continuum_simulations/gitlab/continuum-to-scattering/data/100_100_100_50_50_50/single_atom_shrink/iteration_004/t001/pdb_dcd/sample.pdb
       0.Info>>Done. Atoms read: 125000                                         
       0.Info>>Reading frames from: /home/amajumda/study/continuum_simulations/gitlab/continuum-to-scattering/data/100_100_100_50_50_50/single_atom_shrink/iteration_004/t001/pdb_dcd/sample.dcd
       0.Info>>Found 1 frames                                                   
       0.Info>>Total number of coordinate sets found: 1                         
       0.Info>>Exchanging sample, database & params information with compute nodes... 
       0.Info>>params...                                                        
       0.Info>>database...                                                      
       0.Info>>sample...                                                        
       0.Info>>.................................................................
       0.Info>>......................C.O.M.P.U.T.A.T.I.O.N......................
       0.Info>>.................................................................
       0.Info>>Setting up services...                                           
       0.Info>>Initializing data file service...                                
       0.Info>>Initializing monitor service...                                  
       0.Info>>Starting data file service...                                    
       0.Info>>Starting monitor service...                                      
       0.Info>>Services setup and running...                                    
       0.Info>>Checking /home/amajumda/study/continuum_simulations/gitlab/continuum-to-scattering/data/100_100_100_50_50_50/single_atom_shrink/iteration_004/t001/signal.h5 for old results.
       0.Info>>Broadcasting service information                                 
       0.Info>>Server host name    : hzglap02                                   
       0.Info>>FileService Port    : 36813                                      
       0.Info>>MonitorService Port : 45101                                      
       0.Info>>Setting up parallel environment...                               
       0.Info>>Searching for decomposition plan:                                
       0.Info>>nodes    = 8                                                     
       0.Info>>qvectors = 100                                                   
       0.Info>>frames   = 1                                                     
       0.Info>>atoms   = 125000                                                 
       0.Info>>All interference scattering detected. Applying frame decomposition.
       0.Info>>Automatic decomposition. Searching for best utilization.         
       0.Info>>Final decomposition parameters:                                  
       0.Info>>NN                : 8                                            
       0.Info>>NQ                : 100                                          
       0.Info>>NAF               : 1                                            
       0.Info>>NP                : 8                                            
       0.Info>>NNpP              : 1                                            
       0.Info>>NAFcycles         : 1                                            
       0.Info>>NQcycles          : 13                                           
       0.Info>>CompEl (WASTE/USE): 4/100                                        
       0.Info>>utilization(1=best)    : 0.96153846153846156                     
       0.Info>>Initializing Scatter Device, Vectors (all)                       
       0.Info>>Starting scattering...                                           
       0.Info>>Checking memory requirements for scattering calculation...       
       0.Info>>required limits.computation.memory.result_buffer=16              
       0.Info>>required limits.computation.memory.signal_buffer=16              
       0.Info>>required limits.computation.memory.exchange_buffer=0             
       0.Info>>required limits.computation.memory.alignpad_buffer=32            
       0.Info>>Memory limits ok                                                 
       0.Info>>Staging data...                                                  
       0.Info>>Forcing stager.mode=frames                                       
       0.Info>>Staging first partition.                                         
       0.Info>>Staging remaining partitions.                                    
       0.Info>>background scattering length set to 0                            
       0.Info>>Target initialized.                                              
       0.Info>>Target 'system' produces a background scattering length density of 0.0022095018139124999
       0.Info>>Starting computation...                                          
       0.Info>>Orientational averaging includes 100 vectors                     
       0.Info>>Setting progress sampling factor for monitoring to 1             
       0.Info>>Progress: 1.875%, ETOTAL: 56.572746666666667 s, ETA: 55.512007666666669 s
       0.Info>>Progress: 3.885%, ETOTAL: 27.351300804289547 s, ETA: 26.288588804289546 s
       0.Info>>Progress: 5.896%, ETOTAL: 18.109874204947001 s, ETA: 17.042146204947002 s
       0.Info>>Progress: 10.656%, ETOTAL: 10.140387096774196 s, ETA: 9.0598020967741952 s
       0.Info>>Progress: 20.051%, ETOTAL: 15.257383503836323 s, ETA: 12.198082503836321 s
       0.Info>>Progress: 32.821%, ETOTAL: 9.3911421093749983 s, ETA: 6.3089211093749986 s
       0.Info>>Progress: 42.705%, ETOTAL: 7.5280771540078053 s, ETA: 4.313202154007806 s
       0.Info>>Progress: 52.205%, ETOTAL: 9.7116666011787807 s, ETA: 4.6416786011787803 s
       0.Info>>Progress: 63.330%, ETOTAL: 8.04653510805203 s, ETA: 2.9506541080520288 s
       0.Info>>Progress: 72.830%, ETOTAL: 9.7122594375742661 s, ETA: 2.6388084375742649 s
       0.Info>>Progress: 82.830%, ETOTAL: 8.5815356731029677 s, ETA: 1.4734386731029678 s
       0.Info>>Scattering finished...                                           
       0.Info>>.................................................................
       0.Info>>.....................R.U.N...A.N.A.L.Y.S.I.S.....................
       0.Info>>.................................................................
       0.Info>>Aggregating timing information for performance analysis...       
       0.Info>>                                                                 
       0.Info>>                    Performance Analysis                         
       0.Info>>-----------------------------------------------------------------
       0.Info>> mean and total runtimes:                                        
       0.Info>>-----------------------------------------------------------------
       0.Info>>          measure |    total |       count |     mean |   stddev 
       0.Info>>-----------------------------------------------------------------
       0.Info>>   sd:c:b:dspstore| 3.632e-02|        10000| 3.632e-06| 2.112e-06
       0.Info>>    sd:c:b:scatter| 4.340e+01|        10000| 4.340e-03| 7.313e-04
       0.Info>>        sd:c:block| 4.358e+01|          100| 4.358e-01| 3.905e-02
       0.Info>>         sd:c:init| 1.506e+01|          100| 1.506e-01| 2.959e-02
       0.Info>>       sd:c:reduce| 1.050e-04|          100| 1.050e-06| 5.490e-07
       0.Info>>         sd:c:wait| 1.750e-04|          100| 1.750e-06| 5.975e-07
       0.Info>>        sd:compute| 5.865e+01|          100| 5.865e-01| 5.327e-02
       0.Info>>         sd:runner| 5.865e+01|            8| 7.331e+00| 0.000e+00
       0.Info>>          sd:stage| 1.954e-01|            8| 2.443e-02| 0.000e+00
       0.Info>> sd:worker:scatter| 4.306e+01|        10000| 4.306e-03| 7.259e-04
       0.Info>>    sd:worker:wait| 1.550e+01|        10000| 1.550e-03| 1.530e-02
       0.Info>>          sd:write| 1.003e-03|          100| 1.003e-05| 7.575e-06
       0.Info>>           st:fill| 1.298e-02|            8| 1.622e-03| 0.000e+00
       0.Info>>          st:first| 2.268e-02|            1| 2.268e-02| 0.000e+00
       0.Info>>           st:load| 2.233e-02|            1| 2.233e-02| 0.000e+00
       0.Info>>           st:wait| 1.590e-01|            8| 1.988e-02| 0.000e+00
       0.Info>>-----------------------------------------------------------------
       0.Info>>-----------------------------------------------------------------
       0.Info>> watermarks:                                                     
       0.Info>>-----------------------------------------------------------------
       0.Info>>          measure |      min |      max                          
       0.Info>>-----------------------------------------------------------------
       0.Info>>   sd:c:b:dspstore| 2.000e-06| 7.700e-05                         
       0.Info>>    sd:c:b:scatter| 1.563e-03| 8.321e-03                         
       0.Info>>        sd:c:block| 1.619e-01| 5.393e-01                         
       0.Info>>         sd:c:init| 1.191e-01| 2.578e-01                         
       0.Info>>       sd:c:reduce| 0.000e+00| 2.000e-06                         
       0.Info>>         sd:c:wait| 1.000e-06| 4.000e-06                         
       0.Info>>        sd:compute| 2.811e-01| 7.225e-01                         
       0.Info>>         sd:runner| 6.338e+00| 7.993e+00                         
       0.Info>>          sd:stage| 2.425e-02| 2.455e-02                         
       0.Info>> sd:worker:scatter| 1.540e-03| 7.911e-03                         
       0.Info>>    sd:worker:wait| 1.800e-05| 2.579e-01                         
       0.Info>>          sd:write| 5.000e-06| 4.800e-05                         
       0.Info>>           st:fill| 1.452e-03| 1.740e-03                         
       0.Info>>          st:first| 2.268e-02| 2.268e-02                         
       0.Info>>           st:load| 2.233e-02| 2.233e-02                         
       0.Info>>           st:wait| 9.000e-06| 2.272e-02                         
       0.Info>>-----------------------------------------------------------------
       0.Info>>                                                                 
       0.Info>>         Performance Analysis (relative to total time * nodes)   
       0.Info>>-----------------------------------------------------------------
       0.Info>> mean and total runtimes:                                        
       0.Info>>-----------------------------------------------------------------
       0.Info>>          measure |    total |       count |     mean |   stddev 
       0.Info>>-----------------------------------------------------------------
       0.Info>>   sd:c:b:dspstore| 5.377e-04|        10000| 5.377e-08| 2.570e-07
       0.Info>>    sd:c:b:scatter| 6.426e-01|        10000| 6.426e-05| 8.898e-05
       0.Info>>        sd:c:block| 6.452e-01|          100| 6.452e-03| 4.751e-03
       0.Info>>         sd:c:init| 2.230e-01|          100| 2.230e-03| 3.600e-03
       0.Info>>       sd:c:reduce| 1.555e-06|          100| 1.555e-08| 6.680e-08
       0.Info>>         sd:c:wait| 2.591e-06|          100| 2.591e-08| 7.270e-08
       0.Info>>        sd:compute| 8.683e-01|          100| 8.683e-03| 6.482e-03
       0.Info>>         sd:runner| 8.683e-01|            8| 1.085e-01| 0.000e+00
       0.Info>>          sd:stage| 2.893e-03|            8| 3.616e-04| 0.000e+00
       0.Info>> sd:worker:scatter| 6.375e-01|        10000| 6.375e-05| 8.832e-05
       0.Info>>    sd:worker:wait| 2.294e-01|        10000| 2.294e-05| 1.862e-03
       0.Info>>          sd:write| 1.485e-05|          100| 1.485e-07| 9.218e-07
       0.Info>>           st:fill| 1.922e-04|            8| 2.402e-05| 0.000e+00
       0.Info>>          st:first| 3.358e-04|            1| 3.358e-04| 0.000e+00
       0.Info>>           st:load| 3.306e-04|            1| 3.306e-04| 0.000e+00
       0.Info>>           st:wait| 2.354e-03|            8| 2.943e-04| 0.000e+00
       0.Info>>-----------------------------------------------------------------
       0.Info>>-----------------------------------------------------------------
       0.Info>> watermarks:                                                     
       0.Info>>-----------------------------------------------------------------
       0.Info>>          measure |      min |      max                          
       0.Info>>-----------------------------------------------------------------
       0.Info>>   sd:c:b:dspstore| 2.961e-08| 1.140e-06                         
       0.Info>>    sd:c:b:scatter| 2.314e-05| 1.232e-04                         
       0.Info>>        sd:c:block| 2.397e-03| 7.985e-03                         
       0.Info>>         sd:c:init| 1.764e-03| 3.817e-03                         
       0.Info>>       sd:c:reduce| 0.000e+00| 2.961e-08                         
       0.Info>>         sd:c:wait| 1.481e-08| 5.922e-08                         
       0.Info>>        sd:compute| 4.161e-03| 1.070e-02                         
       0.Info>>         sd:runner| 9.384e-02| 1.183e-01                         
       0.Info>>          sd:stage| 3.591e-04| 3.634e-04                         
       0.Info>> sd:worker:scatter| 2.280e-05| 1.171e-04                         
       0.Info>>    sd:worker:wait| 2.665e-07| 3.818e-03                         
       0.Info>>          sd:write| 7.403e-08| 7.106e-07                         
       0.Info>>           st:fill| 2.150e-05| 2.576e-05                         
       0.Info>>          st:first| 3.358e-04| 3.358e-04                         
       0.Info>>           st:load| 3.306e-04| 3.306e-04                         
       0.Info>>           st:wait| 1.332e-07| 3.363e-04                         
       0.Info>>-----------------------------------------------------------------
       0.Info>>Total runtime (s): 8.4430540000000001                            
       0.Info>>Successfully finished... Have a nice day!                        
