       0.Info>>This software is being developed by Benjamin Lindner.                    
       0.Info>>For help, suggestions or correspondense use:                             
       0.Info>>ben@benlabs.net, Benjamin Lindner (Main Developer, Impl. & Maintenance)  
       0.Info>>franc@cmm.ki.si, Franci Merzel (Methodology)                             
       0.Info>>For publications include the following references:                       
       0.Info>>.........................................................................
       0.Info>>1. Sassena - X-ray and Neutron Scattering Calculated                     
       0.Info>>  from Molecular Dynamics Trajectories using Massively Parallel Computers
       0.Info>>  published as a Computer Program in Physics Paper                       
       0.Info>>.........................................................................
       0.Info>>Version Information: 1.4.2                                       
       0.Info>>                                                                 
       0.Info>>.................................................................
       0.Info>>......................D.E.S.C.R.I.P.T.I.O.N......................
       0.Info>>.................................................................
       0.Info>>This binary computes the scattering intensities directly from    
       0.Info>>a molecular dynamics trajectory.                                 
       0.Info>>.................................................................
       0.Info>>.................................................................
       0.Info>>...................I.N.I.T.I.A.L.I.Z.A.T.I.O.N...................
       0.Info>>.................................................................
       0.Info>>No configuration file specified. Will use default                
       0.Info>>Looking for configuration file: scatter.xml                      
       0.Info>>Reading parameters from XML file: scatter.xml                    
       0.Info>>Added frames from /home/amajumda/study/continuum_simulations/gitlab/continuum-to-scattering/data/100_100_100_50_50_50/single_atom_shrink/iteration_010/t008/pdb_dcd/sample.dcd using format: dcd
       0.Info>>Options: first=0, last=0, lastset=0, stride=1                    
       0.Info>>stager.target=system                                             
       0.Info>>scattering.type=all                                              
       0.Info>>scattering.dsp.type=square                                       
       0.Info>>scattering.average.orientation.type=vectors                      
       0.Info>>scattering.average.orientation.vectors.type=sphere               
       0.Info>>scattering.average.orientation.vectors.algorithm=boost_uniform_on_sphere
       0.Info>>scattering.average.orientation.vectors.resolution=100            
       0.Info>>Generating orientations for orientational averaging using sphere,boost_uniform_on_sphere
       0.Info>>Initialized orientational averaging with 100 vectors.            
       0.Info>>scattering.signal.file=signal.h5                                 
       0.Info>>scattering.signal.filepath=/home/amajumda/study/continuum_simulations/gitlab/continuum-to-scattering/data/100_100_100_50_50_50/single_atom_shrink/iteration_010/t008/signal.h5
       0.Info>>scattering.signal.fqt=1                                          
       0.Info>>scattering.signal.fq0=1                                          
       0.Info>>scattering.signal.fq=1                                           
       0.Info>>scattering.signal.fq2=1                                          
       0.Info>>Analyzing command line for parameter overwrites                  
       0.Info>>Reading database from file: /home/amajumda/study/continuum_simulations/gitlab/continuum-to-scattering/data/100_100_100_50_50_50/single_atom_shrink/iteration_010/t008/database/db-neutron-coherent.xml
       0.Info>>Checking database...                                             
       0.Info>>Testing mapping between PDB names and atom labels                
       0.Info>>Testing database completeness for referenced atom labels         
       0.Info>>Check succeeded. Database seems OK.                              
       0.Info>>Initializing sample...                                           
       0.Info>>Reading structure from file: /home/amajumda/study/continuum_simulations/gitlab/continuum-to-scattering/data/100_100_100_50_50_50/single_atom_shrink/iteration_010/t008/pdb_dcd/sample.pdb
       0.Info>>Done. Atoms read: 125000                                         
       0.Info>>Reading frames from: /home/amajumda/study/continuum_simulations/gitlab/continuum-to-scattering/data/100_100_100_50_50_50/single_atom_shrink/iteration_010/t008/pdb_dcd/sample.dcd
       0.Info>>Found 1 frames                                                   
       0.Info>>Total number of coordinate sets found: 1                         
       0.Info>>Exchanging sample, database & params information with compute nodes... 
       0.Info>>params...                                                        
       0.Info>>database...                                                      
       0.Info>>sample...                                                        
       0.Info>>.................................................................
       0.Info>>......................C.O.M.P.U.T.A.T.I.O.N......................
       0.Info>>.................................................................
       0.Info>>Setting up services...                                           
       0.Info>>Initializing data file service...                                
       0.Info>>Initializing monitor service...                                  
       0.Info>>Starting data file service...                                    
       0.Info>>Starting monitor service...                                      
       0.Info>>Services setup and running...                                    
       0.Info>>Checking /home/amajumda/study/continuum_simulations/gitlab/continuum-to-scattering/data/100_100_100_50_50_50/single_atom_shrink/iteration_010/t008/signal.h5 for old results.
       0.Info>>Broadcasting service information                                 
       0.Info>>Server host name    : hzglap02                                   
       0.Info>>FileService Port    : 40709                                      
       0.Info>>MonitorService Port : 43507                                      
       0.Info>>Setting up parallel environment...                               
       0.Info>>Searching for decomposition plan:                                
       0.Info>>nodes    = 8                                                     
       0.Info>>qvectors = 100                                                   
       0.Info>>frames   = 1                                                     
       0.Info>>atoms   = 125000                                                 
       0.Info>>All interference scattering detected. Applying frame decomposition.
       0.Info>>Automatic decomposition. Searching for best utilization.         
       0.Info>>Final decomposition parameters:                                  
       0.Info>>NN                : 8                                            
       0.Info>>NQ                : 100                                          
       0.Info>>NAF               : 1                                            
       0.Info>>NP                : 8                                            
       0.Info>>NNpP              : 1                                            
       0.Info>>NAFcycles         : 1                                            
       0.Info>>NQcycles          : 13                                           
       0.Info>>CompEl (WASTE/USE): 4/100                                        
       0.Info>>utilization(1=best)    : 0.96153846153846156                     
       0.Info>>Initializing Scatter Device, Vectors (all)                       
       0.Info>>Starting scattering...                                           
       0.Info>>Checking memory requirements for scattering calculation...       
       0.Info>>required limits.computation.memory.result_buffer=16              
       0.Info>>required limits.computation.memory.signal_buffer=16              
       0.Info>>required limits.computation.memory.exchange_buffer=0             
       0.Info>>required limits.computation.memory.alignpad_buffer=32            
       0.Info>>Memory limits ok                                                 
       0.Info>>Staging data...                                                  
       0.Info>>Forcing stager.mode=frames                                       
       0.Info>>Staging first partition.                                         
       0.Info>>Staging remaining partitions.                                    
       0.Info>>background scattering length set to 0                            
       0.Info>>Target initialized.                                              
       0.Info>>Target 'system' produces a background scattering length density of 0.00011038817087603965
       0.Info>>Starting computation...                                          
       0.Info>>Orientational averaging includes 100 vectors                     
       0.Info>>Setting progress sampling factor for monitoring to 1             
       0.Info>>Progress: 2.885%, ETOTAL: 60.431202888086652 s, ETA: 58.687510888086649 s
       0.Info>>Progress: 6.021%, ETOTAL: 29.010701730103808 s, ETA: 27.264015730103807 s
       0.Info>>Progress: 11.040%, ETOTAL: 15.967597503266076 s, ETA: 14.204764503266075 s
       0.Info>>Progress: 21.446%, ETOTAL: 8.6362541921984768 s, ETA: 6.7841651921984765 s
       0.Info>>Progress: 30.580%, ETOTAL: 12.210893868567236 s, ETA: 8.4767868685672365 s
       0.Info>>Progress: 41.080%, ETOTAL: 9.1552878832800193 s, ETA: 5.3942838832800195 s
       0.Info>>Progress: 50.955%, ETOTAL: 7.5231014718832565 s, ETA: 3.6896954718832569 s
       0.Info>>Progress: 61.205%, ETOTAL: 9.4242887306242142 s, ETA: 3.6561407306242151 s
       0.Info>>Progress: 71.080%, ETOTAL: 8.1551695901158858 s, ETA: 2.3584645901158856 s
       0.Info>>Progress: 81.205%, ETOTAL: 9.5356293021787195 s, ETA: 1.7922093021787191 s
       0.Info>>Scattering finished...                                           
       0.Info>>.................................................................
       0.Info>>.....................R.U.N...A.N.A.L.Y.S.I.S.....................
       0.Info>>.................................................................
       0.Info>>Aggregating timing information for performance analysis...       
       0.Info>>                                                                 
       0.Info>>                    Performance Analysis                         
       0.Info>>-----------------------------------------------------------------
       0.Info>> mean and total runtimes:                                        
       0.Info>>-----------------------------------------------------------------
       0.Info>>          measure |    total |       count |     mean |   stddev 
       0.Info>>-----------------------------------------------------------------
       0.Info>>   sd:c:b:dspstore| 3.552e-02|        10000| 3.552e-06| 2.041e-06
       0.Info>>    sd:c:b:scatter| 4.445e+01|        10000| 4.445e-03| 8.371e-04
       0.Info>>        sd:c:block| 4.462e+01|          100| 4.462e-01| 4.315e-02
       0.Info>>         sd:c:init| 1.471e+01|          100| 1.471e-01| 3.119e-02
       0.Info>>       sd:c:reduce| 1.050e-04|          100| 1.050e-06| 5.200e-07
       0.Info>>         sd:c:wait| 1.630e-04|          100| 1.630e-06| 5.778e-07
       0.Info>>        sd:compute| 5.934e+01|          100| 5.934e-01| 5.886e-02
       0.Info>>         sd:runner| 5.934e+01|            8| 7.417e+00| 0.000e+00
       0.Info>>          sd:stage| 1.935e-01|            8| 2.418e-02| 0.000e+00
       0.Info>> sd:worker:scatter| 4.406e+01|        10000| 4.406e-03| 8.161e-04
       0.Info>>    sd:worker:wait| 1.517e+01|        10000| 1.517e-03| 1.500e-02
       0.Info>>          sd:write| 1.059e-03|          100| 1.059e-05| 7.756e-06
       0.Info>>           st:fill| 1.200e-02|            8| 1.500e-03| 0.000e+00
       0.Info>>          st:first| 2.256e-02|            1| 2.256e-02| 0.000e+00
       0.Info>>           st:load| 2.224e-02|            1| 2.224e-02| 0.000e+00
       0.Info>>           st:wait| 1.582e-01|            8| 1.977e-02| 0.000e+00
       0.Info>>-----------------------------------------------------------------
       0.Info>>-----------------------------------------------------------------
       0.Info>> watermarks:                                                     
       0.Info>>-----------------------------------------------------------------
       0.Info>>          measure |      min |      max                          
       0.Info>>-----------------------------------------------------------------
       0.Info>>   sd:c:b:dspstore| 2.000e-06| 7.100e-05                         
       0.Info>>    sd:c:b:scatter| 1.496e-03| 1.456e-02                         
       0.Info>>        sd:c:block| 1.599e-01| 5.510e-01                         
       0.Info>>         sd:c:init| 1.143e-01| 2.441e-01                         
       0.Info>>       sd:c:reduce| 0.000e+00| 2.000e-06                         
       0.Info>>         sd:c:wait| 1.000e-06| 3.000e-06                         
       0.Info>>        sd:compute| 2.743e-01| 7.435e-01                         
       0.Info>>         sd:runner| 6.406e+00| 7.946e+00                         
       0.Info>>          sd:stage| 2.403e-02| 2.424e-02                         
       0.Info>> sd:worker:scatter| 1.464e-03| 7.157e-03                         
       0.Info>>    sd:worker:wait| 1.000e-06| 2.442e-01                         
       0.Info>>          sd:write| 5.000e-06| 4.400e-05                         
       0.Info>>           st:fill| 1.345e-03| 1.564e-03                         
       0.Info>>          st:first| 2.256e-02| 2.256e-02                         
       0.Info>>           st:load| 2.224e-02| 2.224e-02                         
       0.Info>>           st:wait| 1.300e-05| 2.260e-02                         
       0.Info>>-----------------------------------------------------------------
       0.Info>>                                                                 
       0.Info>>         Performance Analysis (relative to total time * nodes)   
       0.Info>>-----------------------------------------------------------------
       0.Info>> mean and total runtimes:                                        
       0.Info>>-----------------------------------------------------------------
       0.Info>>          measure |    total |       count |     mean |   stddev 
       0.Info>>-----------------------------------------------------------------
       0.Info>>   sd:c:b:dspstore| 5.302e-04|        10000| 5.302e-08| 2.494e-07
       0.Info>>    sd:c:b:scatter| 6.635e-01|        10000| 6.635e-05| 1.023e-04
       0.Info>>        sd:c:block| 6.661e-01|          100| 6.661e-03| 5.273e-03
       0.Info>>         sd:c:init| 2.196e-01|          100| 2.196e-03| 3.810e-03
       0.Info>>       sd:c:reduce| 1.568e-06|          100| 1.568e-08| 6.353e-08
       0.Info>>         sd:c:wait| 2.433e-06|          100| 2.433e-08| 7.060e-08
       0.Info>>        sd:compute| 8.858e-01|          100| 8.858e-03| 7.192e-03
       0.Info>>         sd:runner| 8.859e-01|            8| 1.107e-01| 0.000e+00
       0.Info>>          sd:stage| 2.888e-03|            8| 3.610e-04| 0.000e+00
       0.Info>> sd:worker:scatter| 6.578e-01|        10000| 6.578e-05| 9.972e-05
       0.Info>>    sd:worker:wait| 2.265e-01|        10000| 2.265e-05| 1.833e-03
       0.Info>>          sd:write| 1.581e-05|          100| 1.581e-07| 9.476e-07
       0.Info>>           st:fill| 1.791e-04|            8| 2.239e-05| 0.000e+00
       0.Info>>          st:first| 3.368e-04|            1| 3.368e-04| 0.000e+00
       0.Info>>           st:load| 3.320e-04|            1| 3.320e-04| 0.000e+00
       0.Info>>           st:wait| 2.362e-03|            8| 2.952e-04| 0.000e+00
       0.Info>>-----------------------------------------------------------------
       0.Info>>-----------------------------------------------------------------
       0.Info>> watermarks:                                                     
       0.Info>>-----------------------------------------------------------------
       0.Info>>          measure |      min |      max                          
       0.Info>>-----------------------------------------------------------------
       0.Info>>   sd:c:b:dspstore| 2.986e-08| 1.060e-06                         
       0.Info>>    sd:c:b:scatter| 2.233e-05| 2.174e-04                         
       0.Info>>        sd:c:block| 2.387e-03| 8.226e-03                         
       0.Info>>         sd:c:init| 1.706e-03| 3.645e-03                         
       0.Info>>       sd:c:reduce| 0.000e+00| 2.986e-08                         
       0.Info>>         sd:c:wait| 1.493e-08| 4.479e-08                         
       0.Info>>        sd:compute| 4.095e-03| 1.110e-02                         
       0.Info>>         sd:runner| 9.564e-02| 1.186e-01                         
       0.Info>>          sd:stage| 3.588e-04| 3.619e-04                         
       0.Info>> sd:worker:scatter| 2.186e-05| 1.068e-04                         
       0.Info>>    sd:worker:wait| 1.493e-08| 3.646e-03                         
       0.Info>>          sd:write| 7.464e-08| 6.569e-07                         
       0.Info>>           st:fill| 2.008e-05| 2.335e-05                         
       0.Info>>          st:first| 3.368e-04| 3.368e-04                         
       0.Info>>           st:load| 3.320e-04| 3.320e-04                         
       0.Info>>           st:wait| 1.941e-07| 3.374e-04                         
       0.Info>>-----------------------------------------------------------------
       0.Info>>Total runtime (s): 8.3731089999999995                            
       0.Info>>Successfully finished... Have a nice day!                        
