       0.Info>>This software is being developed by Benjamin Lindner.                    
       0.Info>>For help, suggestions or correspondense use:                             
       0.Info>>ben@benlabs.net, Benjamin Lindner (Main Developer, Impl. & Maintenance)  
       0.Info>>franc@cmm.ki.si, Franci Merzel (Methodology)                             
       0.Info>>For publications include the following references:                       
       0.Info>>.........................................................................
       0.Info>>1. Sassena - X-ray and Neutron Scattering Calculated                     
       0.Info>>  from Molecular Dynamics Trajectories using Massively Parallel Computers
       0.Info>>  published as a Computer Program in Physics Paper                       
       0.Info>>.........................................................................
       0.Info>>Version Information: 1.4.2                                       
       0.Info>>                                                                 
       0.Info>>.................................................................
       0.Info>>......................D.E.S.C.R.I.P.T.I.O.N......................
       0.Info>>.................................................................
       0.Info>>This binary computes the scattering intensities directly from    
       0.Info>>a molecular dynamics trajectory.                                 
       0.Info>>.................................................................
       0.Info>>.................................................................
       0.Info>>...................I.N.I.T.I.A.L.I.Z.A.T.I.O.N...................
       0.Info>>.................................................................
       0.Info>>No configuration file specified. Will use default                
       0.Info>>Looking for configuration file: scatter.xml                      
       0.Info>>Reading parameters from XML file: scatter.xml                    
       0.Info>>Added frames from /home/amajumda/study/continuum_simulations/gitlab/continuum-to-scattering/data/100_100_100_10_10_10/single_atom_shrink/iteration_009/t003/pdb_dcd/sample.dcd using format: dcd
       0.Info>>Options: first=0, last=0, lastset=0, stride=1                    
       0.Info>>stager.target=system                                             
       0.Info>>scattering.type=all                                              
       0.Info>>scattering.dsp.type=square                                       
       0.Info>>scattering.average.orientation.type=vectors                      
       0.Info>>scattering.average.orientation.vectors.type=sphere               
       0.Info>>scattering.average.orientation.vectors.algorithm=boost_uniform_on_sphere
       0.Info>>scattering.average.orientation.vectors.resolution=100            
       0.Info>>Generating orientations for orientational averaging using sphere,boost_uniform_on_sphere
       0.Info>>Initialized orientational averaging with 100 vectors.            
       0.Info>>scattering.signal.file=signal.h5                                 
       0.Info>>scattering.signal.filepath=/home/amajumda/study/continuum_simulations/gitlab/continuum-to-scattering/data/100_100_100_10_10_10/single_atom_shrink/iteration_009/t003/signal.h5
       0.Info>>scattering.signal.fqt=1                                          
       0.Info>>scattering.signal.fq0=1                                          
       0.Info>>scattering.signal.fq=1                                           
       0.Info>>scattering.signal.fq2=1                                          
       0.Info>>Analyzing command line for parameter overwrites                  
       0.Info>>Reading database from file: /home/amajumda/study/continuum_simulations/gitlab/continuum-to-scattering/data/100_100_100_10_10_10/single_atom_shrink/iteration_009/t003/database/db-neutron-coherent.xml
       0.Info>>Checking database...                                             
       0.Info>>Testing mapping between PDB names and atom labels                
       0.Info>>Testing database completeness for referenced atom labels         
       0.Info>>Check succeeded. Database seems OK.                              
       0.Info>>Initializing sample...                                           
       0.Info>>Reading structure from file: /home/amajumda/study/continuum_simulations/gitlab/continuum-to-scattering/data/100_100_100_10_10_10/single_atom_shrink/iteration_009/t003/pdb_dcd/sample.pdb
       0.Info>>Done. Atoms read: 1000                                           
       0.Info>>Reading frames from: /home/amajumda/study/continuum_simulations/gitlab/continuum-to-scattering/data/100_100_100_10_10_10/single_atom_shrink/iteration_009/t003/pdb_dcd/sample.dcd
       0.Info>>Found 1 frames                                                   
       0.Info>>Total number of coordinate sets found: 1                         
       0.Info>>Exchanging sample, database & params information with compute nodes... 
       0.Info>>params...                                                        
       0.Info>>database...                                                      
       0.Info>>sample...                                                        
       0.Info>>.................................................................
       0.Info>>......................C.O.M.P.U.T.A.T.I.O.N......................
       0.Info>>.................................................................
       0.Info>>Setting up services...                                           
       0.Info>>Initializing data file service...                                
       0.Info>>Initializing monitor service...                                  
       0.Info>>Starting data file service...                                    
       0.Info>>Starting monitor service...                                      
       0.Info>>Services setup and running...                                    
       0.Info>>Checking /home/amajumda/study/continuum_simulations/gitlab/continuum-to-scattering/data/100_100_100_10_10_10/single_atom_shrink/iteration_009/t003/signal.h5 for old results.
       0.Info>>Broadcasting service information                                 
       0.Info>>Server host name    : hzglap02                                   
       0.Info>>FileService Port    : 42185                                      
       0.Info>>MonitorService Port : 34071                                      
       0.Info>>Setting up parallel environment...                               
       0.Info>>Searching for decomposition plan:                                
       0.Info>>nodes    = 8                                                     
       0.Info>>qvectors = 100                                                   
       0.Info>>frames   = 1                                                     
       0.Info>>atoms   = 1000                                                   
       0.Info>>All interference scattering detected. Applying frame decomposition.
       0.Info>>Automatic decomposition. Searching for best utilization.         
       0.Info>>Final decomposition parameters:                                  
       0.Info>>NN                : 8                                            
       0.Info>>NQ                : 100                                          
       0.Info>>NAF               : 1                                            
       0.Info>>NP                : 8                                            
       0.Info>>NNpP              : 1                                            
       0.Info>>NAFcycles         : 1                                            
       0.Info>>NQcycles          : 13                                           
       0.Info>>CompEl (WASTE/USE): 4/100                                        
       0.Info>>utilization(1=best)    : 0.96153846153846156                     
       0.Info>>Initializing Scatter Device, Vectors (all)                       
       0.Info>>Starting scattering...                                           
       0.Info>>Checking memory requirements for scattering calculation...       
       0.Info>>required limits.computation.memory.result_buffer=16              
       0.Info>>required limits.computation.memory.signal_buffer=16              
       0.Info>>required limits.computation.memory.exchange_buffer=0             
       0.Info>>required limits.computation.memory.alignpad_buffer=32            
       0.Info>>Memory limits ok                                                 
       0.Info>>Staging data...                                                  
       0.Info>>Forcing stager.mode=frames                                       
       0.Info>>Staging first partition.                                         
       0.Info>>Staging remaining partitions.                                    
       0.Info>>background scattering length set to 0                            
       0.Info>>Target initialized.                                              
       0.Info>>Target 'system' produces a background scattering length density of 0.14939343991559464
       0.Info>>Starting computation...                                          
       0.Info>>Orientational averaging includes 100 vectors                     
       0.Info>>Setting progress sampling factor for monitoring to 1             
       0.Info>>Scattering finished...                                           
       0.Info>>.................................................................
       0.Info>>.....................R.U.N...A.N.A.L.Y.S.I.S.....................
       0.Info>>.................................................................
       0.Info>>Aggregating timing information for performance analysis...       
       0.Info>>                                                                 
       0.Info>>                    Performance Analysis                         
       0.Info>>-----------------------------------------------------------------
       0.Info>> mean and total runtimes:                                        
       0.Info>>-----------------------------------------------------------------
       0.Info>>          measure |    total |       count |     mean |   stddev 
       0.Info>>-----------------------------------------------------------------
       0.Info>>   sd:c:b:dspstore| 2.642e-02|        10000| 2.642e-06| 1.620e-06
       0.Info>>    sd:c:b:scatter| 6.143e-01|        10000| 6.143e-05| 1.989e-05
       0.Info>>        sd:c:block| 7.424e-01|          100| 7.424e-03| 4.448e-04
       0.Info>>         sd:c:init| 1.450e-01|          100| 1.450e-03| 3.019e-04
       0.Info>>       sd:c:reduce| 9.900e-05|          100| 9.900e-07| 5.836e-07
       0.Info>>         sd:c:wait| 1.320e-04|          100| 1.320e-06| 5.463e-07
       0.Info>>        sd:compute| 8.897e-01|          100| 8.897e-03| 5.799e-04
       0.Info>>         sd:runner| 8.928e-01|            8| 1.116e-01| 0.000e+00
       0.Info>>          sd:stage| 3.152e-03|            8| 3.940e-04| 0.000e+00
       0.Info>> sd:worker:scatter| 4.298e-01|        10000| 4.298e-05| 6.338e-06
       0.Info>>    sd:worker:wait| 3.876e-01|        10000| 3.876e-05| 1.527e-04
       0.Info>>          sd:write| 8.050e-04|          100| 8.050e-06| 6.022e-06
       0.Info>>           st:fill| 6.470e-04|            8| 8.088e-05| 0.000e+00
       0.Info>>          st:first| 2.290e-04|            1| 2.290e-04| 0.000e+00
       0.Info>>           st:load| 2.020e-04|            1| 2.020e-04| 0.000e+00
       0.Info>>           st:wait| 1.733e-03|            8| 2.166e-04| 0.000e+00
       0.Info>>-----------------------------------------------------------------
       0.Info>>-----------------------------------------------------------------
       0.Info>> watermarks:                                                     
       0.Info>>-----------------------------------------------------------------
       0.Info>>          measure |      min |      max                          
       0.Info>>-----------------------------------------------------------------
       0.Info>>   sd:c:b:dspstore| 1.000e-06| 7.100e-05                         
       0.Info>>    sd:c:b:scatter| 2.500e-05| 1.286e-03                         
       0.Info>>        sd:c:block| 5.405e-03| 8.848e-03                         
       0.Info>>         sd:c:init| 9.590e-04| 2.255e-03                         
       0.Info>>       sd:c:reduce| 0.000e+00| 5.000e-06                         
       0.Info>>         sd:c:wait| 0.000e+00| 3.000e-06                         
       0.Info>>        sd:compute| 6.494e-03| 1.076e-02                         
       0.Info>>         sd:runner| 9.984e-02| 1.193e-01                         
       0.Info>>          sd:stage| 3.880e-04| 3.990e-04                         
       0.Info>> sd:worker:scatter| 1.200e-05| 1.100e-04                         
       0.Info>>    sd:worker:wait| 1.200e-05| 2.339e-03                         
       0.Info>>          sd:write| 4.000e-06| 3.600e-05                         
       0.Info>>           st:fill| 7.500e-05| 8.600e-05                         
       0.Info>>          st:first| 2.290e-04| 2.290e-04                         
       0.Info>>           st:load| 2.020e-04| 2.020e-04                         
       0.Info>>           st:wait| 4.000e-06| 2.500e-04                         
       0.Info>>-----------------------------------------------------------------
       0.Info>>                                                                 
       0.Info>>         Performance Analysis (relative to total time * nodes)   
       0.Info>>-----------------------------------------------------------------
       0.Info>> mean and total runtimes:                                        
       0.Info>>-----------------------------------------------------------------
       0.Info>>          measure |    total |       count |     mean |   stddev 
       0.Info>>-----------------------------------------------------------------
       0.Info>>   sd:c:b:dspstore| 2.042e-02|        10000| 2.042e-06| 1.424e-06
       0.Info>>    sd:c:b:scatter| 4.748e-01|        10000| 4.748e-05| 1.748e-05
       0.Info>>        sd:c:block| 5.738e-01|          100| 5.738e-03| 3.910e-04
       0.Info>>         sd:c:init| 1.121e-01|          100| 1.121e-03| 2.654e-04
       0.Info>>       sd:c:reduce| 7.652e-05|          100| 7.652e-07| 5.131e-07
       0.Info>>         sd:c:wait| 1.020e-04|          100| 1.020e-06| 4.802e-07
       0.Info>>        sd:compute| 6.877e-01|          100| 6.877e-03| 5.098e-04
       0.Info>>         sd:runner| 6.901e-01|            8| 8.626e-02| 0.000e+00
       0.Info>>          sd:stage| 2.436e-03|            8| 3.045e-04| 0.000e+00
       0.Info>> sd:worker:scatter| 3.322e-01|        10000| 3.322e-05| 5.572e-06
       0.Info>>    sd:worker:wait| 2.996e-01|        10000| 2.996e-05| 1.342e-04
       0.Info>>          sd:write| 6.222e-04|          100| 6.222e-06| 5.294e-06
       0.Info>>           st:fill| 5.001e-04|            8| 6.251e-05| 0.000e+00
       0.Info>>          st:first| 1.770e-04|            1| 1.770e-04| 0.000e+00
       0.Info>>           st:load| 1.561e-04|            1| 1.561e-04| 0.000e+00
       0.Info>>           st:wait| 1.339e-03|            8| 1.674e-04| 0.000e+00
       0.Info>>-----------------------------------------------------------------
       0.Info>>-----------------------------------------------------------------
       0.Info>> watermarks:                                                     
       0.Info>>-----------------------------------------------------------------
       0.Info>>          measure |      min |      max                          
       0.Info>>-----------------------------------------------------------------
       0.Info>>   sd:c:b:dspstore| 7.729e-07| 5.488e-05                         
       0.Info>>    sd:c:b:scatter| 1.932e-05| 9.940e-04                         
       0.Info>>        sd:c:block| 4.178e-03| 6.839e-03                         
       0.Info>>         sd:c:init| 7.412e-04| 1.743e-03                         
       0.Info>>       sd:c:reduce| 0.000e+00| 3.865e-06                         
       0.Info>>         sd:c:wait| 0.000e+00| 2.319e-06                         
       0.Info>>        sd:compute| 5.019e-03| 8.319e-03                         
       0.Info>>         sd:runner| 7.717e-02| 9.225e-02                         
       0.Info>>          sd:stage| 2.999e-04| 3.084e-04                         
       0.Info>> sd:worker:scatter| 9.275e-06| 8.502e-05                         
       0.Info>>    sd:worker:wait| 9.275e-06| 1.808e-03                         
       0.Info>>          sd:write| 3.092e-06| 2.783e-05                         
       0.Info>>           st:fill| 5.797e-05| 6.647e-05                         
       0.Info>>          st:first| 1.770e-04| 1.770e-04                         
       0.Info>>           st:load| 1.561e-04| 1.561e-04                         
       0.Info>>           st:wait| 3.092e-06| 1.932e-04                         
       0.Info>>-----------------------------------------------------------------
       0.Info>>Total runtime (s): 0.16172400000000001                           
       0.Info>>Successfully finished... Have a nice day!                        
