       0.Info>>This software is being developed by Benjamin Lindner.                    
       0.Info>>For help, suggestions or correspondense use:                             
       0.Info>>ben@benlabs.net, Benjamin Lindner (Main Developer, Impl. & Maintenance)  
       0.Info>>franc@cmm.ki.si, Franci Merzel (Methodology)                             
       0.Info>>For publications include the following references:                       
       0.Info>>.........................................................................
       0.Info>>1. Sassena - X-ray and Neutron Scattering Calculated                     
       0.Info>>  from Molecular Dynamics Trajectories using Massively Parallel Computers
       0.Info>>  published as a Computer Program in Physics Paper                       
       0.Info>>.........................................................................
       0.Info>>Version Information: 1.4.2                                       
       0.Info>>                                                                 
       0.Info>>.................................................................
       0.Info>>......................D.E.S.C.R.I.P.T.I.O.N......................
       0.Info>>.................................................................
       0.Info>>This binary computes the scattering intensities directly from    
       0.Info>>a molecular dynamics trajectory.                                 
       0.Info>>.................................................................
       0.Info>>.................................................................
       0.Info>>...................I.N.I.T.I.A.L.I.Z.A.T.I.O.N...................
       0.Info>>.................................................................
       0.Info>>No configuration file specified. Will use default                
       0.Info>>Looking for configuration file: scatter.xml                      
       0.Info>>Reading parameters from XML file: scatter.xml                    
       0.Info>>Added frames from /home/amajumda/study/continuum_simulations/gitlab/continuum-to-scattering/data/100_100_100_10_10_10/single_atom_shrink/iteration_002/t010/pdb_dcd/sample.dcd using format: dcd
       0.Info>>Options: first=0, last=0, lastset=0, stride=1                    
       0.Info>>stager.target=system                                             
       0.Info>>scattering.type=all                                              
       0.Info>>scattering.dsp.type=square                                       
       0.Info>>scattering.average.orientation.type=vectors                      
       0.Info>>scattering.average.orientation.vectors.type=sphere               
       0.Info>>scattering.average.orientation.vectors.algorithm=boost_uniform_on_sphere
       0.Info>>scattering.average.orientation.vectors.resolution=100            
       0.Info>>Generating orientations for orientational averaging using sphere,boost_uniform_on_sphere
       0.Info>>Initialized orientational averaging with 100 vectors.            
       0.Info>>scattering.signal.file=signal.h5                                 
       0.Info>>scattering.signal.filepath=/home/amajumda/study/continuum_simulations/gitlab/continuum-to-scattering/data/100_100_100_10_10_10/single_atom_shrink/iteration_002/t010/signal.h5
       0.Info>>scattering.signal.fqt=1                                          
       0.Info>>scattering.signal.fq0=1                                          
       0.Info>>scattering.signal.fq=1                                           
       0.Info>>scattering.signal.fq2=1                                          
       0.Info>>Analyzing command line for parameter overwrites                  
       0.Info>>Reading database from file: /home/amajumda/study/continuum_simulations/gitlab/continuum-to-scattering/data/100_100_100_10_10_10/single_atom_shrink/iteration_002/t010/database/db-neutron-coherent.xml
       0.Info>>Checking database...                                             
       0.Info>>Testing mapping between PDB names and atom labels                
       0.Info>>Testing database completeness for referenced atom labels         
       0.Info>>Check succeeded. Database seems OK.                              
       0.Info>>Initializing sample...                                           
       0.Info>>Reading structure from file: /home/amajumda/study/continuum_simulations/gitlab/continuum-to-scattering/data/100_100_100_10_10_10/single_atom_shrink/iteration_002/t010/pdb_dcd/sample.pdb
       0.Info>>Done. Atoms read: 1000                                           
       0.Info>>Reading frames from: /home/amajumda/study/continuum_simulations/gitlab/continuum-to-scattering/data/100_100_100_10_10_10/single_atom_shrink/iteration_002/t010/pdb_dcd/sample.dcd
       0.Info>>Found 1 frames                                                   
       0.Info>>Total number of coordinate sets found: 1                         
       0.Info>>Exchanging sample, database & params information with compute nodes... 
       0.Info>>params...                                                        
       0.Info>>database...                                                      
       0.Info>>sample...                                                        
       0.Info>>.................................................................
       0.Info>>......................C.O.M.P.U.T.A.T.I.O.N......................
       0.Info>>.................................................................
       0.Info>>Setting up services...                                           
       0.Info>>Initializing data file service...                                
       0.Info>>Initializing monitor service...                                  
       0.Info>>Starting data file service...                                    
       0.Info>>Starting monitor service...                                      
       0.Info>>Services setup and running...                                    
       0.Info>>Checking /home/amajumda/study/continuum_simulations/gitlab/continuum-to-scattering/data/100_100_100_10_10_10/single_atom_shrink/iteration_002/t010/signal.h5 for old results.
       0.Info>>Broadcasting service information                                 
       0.Info>>Server host name    : hzglap02                                   
       0.Info>>FileService Port    : 33451                                      
       0.Info>>MonitorService Port : 39373                                      
       0.Info>>Setting up parallel environment...                               
       0.Info>>Searching for decomposition plan:                                
       0.Info>>nodes    = 8                                                     
       0.Info>>qvectors = 100                                                   
       0.Info>>frames   = 1                                                     
       0.Info>>atoms   = 1000                                                   
       0.Info>>All interference scattering detected. Applying frame decomposition.
       0.Info>>Automatic decomposition. Searching for best utilization.         
       0.Info>>Final decomposition parameters:                                  
       0.Info>>NN                : 8                                            
       0.Info>>NQ                : 100                                          
       0.Info>>NAF               : 1                                            
       0.Info>>NP                : 8                                            
       0.Info>>NNpP              : 1                                            
       0.Info>>NAFcycles         : 1                                            
       0.Info>>NQcycles          : 13                                           
       0.Info>>CompEl (WASTE/USE): 4/100                                        
       0.Info>>utilization(1=best)    : 0.96153846153846156                     
       0.Info>>Initializing Scatter Device, Vectors (all)                       
       0.Info>>Starting scattering...                                           
       0.Info>>Checking memory requirements for scattering calculation...       
       0.Info>>required limits.computation.memory.result_buffer=16              
       0.Info>>required limits.computation.memory.signal_buffer=16              
       0.Info>>required limits.computation.memory.exchange_buffer=0             
       0.Info>>required limits.computation.memory.alignpad_buffer=32            
       0.Info>>Memory limits ok                                                 
       0.Info>>Staging data...                                                  
       0.Info>>Forcing stager.mode=frames                                       
       0.Info>>Staging first partition.                                         
       0.Info>>Staging remaining partitions.                                    
       0.Info>>background scattering length set to 0                            
       0.Info>>Target initialized.                                              
       0.Info>>Target 'system' produces a background scattering length density of 0.012732395447351837
       0.Info>>Starting computation...                                          
       0.Info>>Orientational averaging includes 100 vectors                     
       0.Info>>Setting progress sampling factor for monitoring to 1             
       0.Info>>Scattering finished...                                           
       0.Info>>.................................................................
       0.Info>>.....................R.U.N...A.N.A.L.Y.S.I.S.....................
       0.Info>>.................................................................
       0.Info>>Aggregating timing information for performance analysis...       
       0.Info>>                                                                 
       0.Info>>                    Performance Analysis                         
       0.Info>>-----------------------------------------------------------------
       0.Info>> mean and total runtimes:                                        
       0.Info>>-----------------------------------------------------------------
       0.Info>>          measure |    total |       count |     mean |   stddev 
       0.Info>>-----------------------------------------------------------------
       0.Info>>   sd:c:b:dspstore| 2.745e-02|        10000| 2.745e-06| 1.569e-06
       0.Info>>    sd:c:b:scatter| 6.367e-01|        10000| 6.367e-05| 1.120e-05
       0.Info>>        sd:c:block| 7.700e-01|          100| 7.700e-03| 4.648e-04
       0.Info>>         sd:c:init| 1.455e-01|          100| 1.455e-03| 3.344e-04
       0.Info>>       sd:c:reduce| 1.030e-04|          100| 1.030e-06| 7.824e-07
       0.Info>>         sd:c:wait| 1.380e-04|          100| 1.380e-06| 5.861e-07
       0.Info>>        sd:compute| 9.177e-01|          100| 9.177e-03| 5.678e-04
       0.Info>>         sd:runner| 9.206e-01|            8| 1.151e-01| 0.000e+00
       0.Info>>          sd:stage| 3.343e-03|            8| 4.179e-04| 0.000e+00
       0.Info>> sd:worker:scatter| 4.475e-01|        10000| 4.475e-05| 6.734e-06
       0.Info>>    sd:worker:wait| 3.940e-01|        10000| 3.940e-05| 1.530e-04
       0.Info>>          sd:write| 7.980e-04|          100| 7.980e-06| 5.770e-06
       0.Info>>           st:fill| 6.750e-04|            8| 8.438e-05| 0.000e+00
       0.Info>>          st:first| 2.420e-04|            1| 2.420e-04| 0.000e+00
       0.Info>>           st:load| 2.170e-04|            1| 2.170e-04| 0.000e+00
       0.Info>>           st:wait| 1.833e-03|            8| 2.291e-04| 0.000e+00
       0.Info>>-----------------------------------------------------------------
       0.Info>>-----------------------------------------------------------------
       0.Info>> watermarks:                                                     
       0.Info>>-----------------------------------------------------------------
       0.Info>>          measure |      min |      max                          
       0.Info>>-----------------------------------------------------------------
       0.Info>>   sd:c:b:dspstore| 1.000e-06| 6.400e-05                         
       0.Info>>    sd:c:b:scatter| 2.500e-05| 4.000e-04                         
       0.Info>>        sd:c:block| 5.423e-03| 8.821e-03                         
       0.Info>>         sd:c:init| 9.470e-04| 2.107e-03                         
       0.Info>>       sd:c:reduce| 0.000e+00| 6.000e-06                         
       0.Info>>         sd:c:wait| 1.000e-06| 4.000e-06                         
       0.Info>>        sd:compute| 6.540e-03| 1.052e-02                         
       0.Info>>         sd:runner| 1.042e-01| 1.217e-01                         
       0.Info>>          sd:stage| 4.130e-04| 4.220e-04                         
       0.Info>> sd:worker:scatter| 1.200e-05| 1.090e-04                         
       0.Info>>    sd:worker:wait| 3.000e-06| 2.185e-03                         
       0.Info>>          sd:write| 4.000e-06| 3.200e-05                         
       0.Info>>           st:fill| 8.000e-05| 8.800e-05                         
       0.Info>>          st:first| 2.420e-04| 2.420e-04                         
       0.Info>>           st:load| 2.170e-04| 2.170e-04                         
       0.Info>>           st:wait| 4.000e-06| 2.620e-04                         
       0.Info>>-----------------------------------------------------------------
       0.Info>>                                                                 
       0.Info>>         Performance Analysis (relative to total time * nodes)   
       0.Info>>-----------------------------------------------------------------
       0.Info>> mean and total runtimes:                                        
       0.Info>>-----------------------------------------------------------------
       0.Info>>          measure |    total |       count |     mean |   stddev 
       0.Info>>-----------------------------------------------------------------
       0.Info>>   sd:c:b:dspstore| 2.099e-02|        10000| 2.099e-06| 1.372e-06
       0.Info>>    sd:c:b:scatter| 4.868e-01|        10000| 4.868e-05| 9.792e-06
       0.Info>>        sd:c:block| 5.886e-01|          100| 5.886e-03| 4.064e-04
       0.Info>>         sd:c:init| 1.113e-01|          100| 1.113e-03| 2.924e-04
       0.Info>>       sd:c:reduce| 7.874e-05|          100| 7.874e-07| 6.840e-07
       0.Info>>         sd:c:wait| 1.055e-04|          100| 1.055e-06| 5.124e-07
       0.Info>>        sd:compute| 7.015e-01|          100| 7.015e-03| 4.964e-04
       0.Info>>         sd:runner| 7.037e-01|            8| 8.797e-02| 0.000e+00
       0.Info>>          sd:stage| 2.555e-03|            8| 3.194e-04| 0.000e+00
       0.Info>> sd:worker:scatter| 3.421e-01|        10000| 3.421e-05| 5.888e-06
       0.Info>>    sd:worker:wait| 3.012e-01|        10000| 3.012e-05| 1.338e-04
       0.Info>>          sd:write| 6.100e-04|          100| 6.100e-06| 5.045e-06
       0.Info>>           st:fill| 5.160e-04|            8| 6.450e-05| 0.000e+00
       0.Info>>          st:first| 1.850e-04|            1| 1.850e-04| 0.000e+00
       0.Info>>           st:load| 1.659e-04|            1| 1.659e-04| 0.000e+00
       0.Info>>           st:wait| 1.401e-03|            8| 1.752e-04| 0.000e+00
       0.Info>>-----------------------------------------------------------------
       0.Info>>-----------------------------------------------------------------
       0.Info>> watermarks:                                                     
       0.Info>>-----------------------------------------------------------------
       0.Info>>          measure |      min |      max                          
       0.Info>>-----------------------------------------------------------------
       0.Info>>   sd:c:b:dspstore| 7.644e-07| 4.892e-05                         
       0.Info>>    sd:c:b:scatter| 1.911e-05| 3.058e-04                         
       0.Info>>        sd:c:block| 4.146e-03| 6.743e-03                         
       0.Info>>         sd:c:init| 7.239e-04| 1.611e-03                         
       0.Info>>       sd:c:reduce| 0.000e+00| 4.587e-06                         
       0.Info>>         sd:c:wait| 7.644e-07| 3.058e-06                         
       0.Info>>        sd:compute| 4.999e-03| 8.043e-03                         
       0.Info>>         sd:runner| 7.966e-02| 9.301e-02                         
       0.Info>>          sd:stage| 3.157e-04| 3.226e-04                         
       0.Info>> sd:worker:scatter| 9.173e-06| 8.332e-05                         
       0.Info>>    sd:worker:wait| 2.293e-06| 1.670e-03                         
       0.Info>>          sd:write| 3.058e-06| 2.446e-05                         
       0.Info>>           st:fill| 6.115e-05| 6.727e-05                         
       0.Info>>          st:first| 1.850e-04| 1.850e-04                         
       0.Info>>           st:load| 1.659e-04| 1.659e-04                         
       0.Info>>           st:wait| 3.058e-06| 2.003e-04                         
       0.Info>>-----------------------------------------------------------------
       0.Info>>Total runtime (s): 0.16352                                       
       0.Info>>Successfully finished... Have a nice day!                        
