       0.Info>>This software is being developed by Benjamin Lindner.                    
       0.Info>>For help, suggestions or correspondense use:                             
       0.Info>>ben@benlabs.net, Benjamin Lindner (Main Developer, Impl. & Maintenance)  
       0.Info>>franc@cmm.ki.si, Franci Merzel (Methodology)                             
       0.Info>>For publications include the following references:                       
       0.Info>>.........................................................................
       0.Info>>1. Sassena - X-ray and Neutron Scattering Calculated                     
       0.Info>>  from Molecular Dynamics Trajectories using Massively Parallel Computers
       0.Info>>  published as a Computer Program in Physics Paper                       
       0.Info>>.........................................................................
       0.Info>>Version Information: 1.4.2                                       
       0.Info>>                                                                 
       0.Info>>.................................................................
       0.Info>>......................D.E.S.C.R.I.P.T.I.O.N......................
       0.Info>>.................................................................
       0.Info>>This binary computes the scattering intensities directly from    
       0.Info>>a molecular dynamics trajectory.                                 
       0.Info>>.................................................................
       0.Info>>.................................................................
       0.Info>>...................I.N.I.T.I.A.L.I.Z.A.T.I.O.N...................
       0.Info>>.................................................................
       0.Info>>No configuration file specified. Will use default                
       0.Info>>Looking for configuration file: scatter.xml                      
       0.Info>>Reading parameters from XML file: scatter.xml                    
       0.Info>>Added frames from /home/amajumda/study/continuum_simulations/gitlab/continuum-to-scattering/data/100_100_100_50_50_50/single_atom_shrink/iteration_009/t010/pdb_dcd/sample.dcd using format: dcd
       0.Info>>Options: first=0, last=0, lastset=0, stride=1                    
       0.Info>>stager.target=system                                             
       0.Info>>scattering.type=all                                              
       0.Info>>scattering.dsp.type=square                                       
       0.Info>>scattering.average.orientation.type=vectors                      
       0.Info>>scattering.average.orientation.vectors.type=sphere               
       0.Info>>scattering.average.orientation.vectors.algorithm=boost_uniform_on_sphere
       0.Info>>scattering.average.orientation.vectors.resolution=100            
       0.Info>>Generating orientations for orientational averaging using sphere,boost_uniform_on_sphere
       0.Info>>Initialized orientational averaging with 100 vectors.            
       0.Info>>scattering.signal.file=signal.h5                                 
       0.Info>>scattering.signal.filepath=/home/amajumda/study/continuum_simulations/gitlab/continuum-to-scattering/data/100_100_100_50_50_50/single_atom_shrink/iteration_009/t010/signal.h5
       0.Info>>scattering.signal.fqt=1                                          
       0.Info>>scattering.signal.fq0=1                                          
       0.Info>>scattering.signal.fq=1                                           
       0.Info>>scattering.signal.fq2=1                                          
       0.Info>>Analyzing command line for parameter overwrites                  
       0.Info>>Reading database from file: /home/amajumda/study/continuum_simulations/gitlab/continuum-to-scattering/data/100_100_100_50_50_50/single_atom_shrink/iteration_009/t010/database/db-neutron-coherent.xml
       0.Info>>Checking database...                                             
       0.Info>>Testing mapping between PDB names and atom labels                
       0.Info>>Testing database completeness for referenced atom labels         
       0.Info>>Check succeeded. Database seems OK.                              
       0.Info>>Initializing sample...                                           
       0.Info>>Reading structure from file: /home/amajumda/study/continuum_simulations/gitlab/continuum-to-scattering/data/100_100_100_50_50_50/single_atom_shrink/iteration_009/t010/pdb_dcd/sample.pdb
       0.Info>>Done. Atoms read: 125000                                         
       0.Info>>Reading frames from: /home/amajumda/study/continuum_simulations/gitlab/continuum-to-scattering/data/100_100_100_50_50_50/single_atom_shrink/iteration_009/t010/pdb_dcd/sample.dcd
       0.Info>>Found 1 frames                                                   
       0.Info>>Total number of coordinate sets found: 1                         
       0.Info>>Exchanging sample, database & params information with compute nodes... 
       0.Info>>params...                                                        
       0.Info>>database...                                                      
       0.Info>>sample...                                                        
       0.Info>>.................................................................
       0.Info>>......................C.O.M.P.U.T.A.T.I.O.N......................
       0.Info>>.................................................................
       0.Info>>Setting up services...                                           
       0.Info>>Initializing data file service...                                
       0.Info>>Initializing monitor service...                                  
       0.Info>>Starting data file service...                                    
       0.Info>>Starting monitor service...                                      
       0.Info>>Services setup and running...                                    
       0.Info>>Checking /home/amajumda/study/continuum_simulations/gitlab/continuum-to-scattering/data/100_100_100_50_50_50/single_atom_shrink/iteration_009/t010/signal.h5 for old results.
       0.Info>>Broadcasting service information                                 
       0.Info>>Server host name    : hzglap02                                   
       0.Info>>FileService Port    : 34293                                      
       0.Info>>MonitorService Port : 43783                                      
       0.Info>>Setting up parallel environment...                               
       0.Info>>Searching for decomposition plan:                                
       0.Info>>nodes    = 8                                                     
       0.Info>>qvectors = 100                                                   
       0.Info>>frames   = 1                                                     
       0.Info>>atoms   = 125000                                                 
       0.Info>>All interference scattering detected. Applying frame decomposition.
       0.Info>>Automatic decomposition. Searching for best utilization.         
       0.Info>>Final decomposition parameters:                                  
       0.Info>>NN                : 8                                            
       0.Info>>NQ                : 100                                          
       0.Info>>NAF               : 1                                            
       0.Info>>NP                : 8                                            
       0.Info>>NNpP              : 1                                            
       0.Info>>NAFcycles         : 1                                            
       0.Info>>NQcycles          : 13                                           
       0.Info>>CompEl (WASTE/USE): 4/100                                        
       0.Info>>utilization(1=best)    : 0.96153846153846156                     
       0.Info>>Initializing Scatter Device, Vectors (all)                       
       0.Info>>Starting scattering...                                           
       0.Info>>Checking memory requirements for scattering calculation...       
       0.Info>>required limits.computation.memory.result_buffer=16              
       0.Info>>required limits.computation.memory.signal_buffer=16              
       0.Info>>required limits.computation.memory.exchange_buffer=0             
       0.Info>>required limits.computation.memory.alignpad_buffer=32            
       0.Info>>Memory limits ok                                                 
       0.Info>>Staging data...                                                  
       0.Info>>Forcing stager.mode=frames                                       
       0.Info>>Staging first partition.                                         
       0.Info>>Staging remaining partitions.                                    
       0.Info>>background scattering length set to 0                            
       0.Info>>Target initialized.                                              
       0.Info>>Target 'system' produces a background scattering length density of 8.1487330863218502e-07
       0.Info>>Starting computation...                                          
       0.Info>>Orientational averaging includes 100 vectors                     
       0.Info>>Setting progress sampling factor for monitoring to 1             
       0.Info>>Progress: 2.510%, ETOTAL: 62.086645210727958 s, ETA: 60.528509210727961 s
       0.Info>>Progress: 5.144%, ETOTAL: 30.487804112149536 s, ETA: 28.919441112149535 s
       0.Info>>Progress: 10.540%, ETOTAL: 15.0002028888551 s, ETA: 13.4191718888551 s
       0.Info>>Progress: 22.705%, ETOTAL: 7.0544151326933919 s, ETA: 5.4527011326933925 s
       0.Info>>Progress: 32.330%, ETOTAL: 11.065956736393376 s, ETA: 7.4883187363933761 s
       0.Info>>Progress: 43.080%, ETOTAL: 8.3934337028494905 s, ETA: 4.7775317028494904 s
       0.Info>>Progress: 52.705%, ETOTAL: 10.538194648504012 s, ETA: 4.9840256485040131 s
       0.Info>>Progress: 62.455%, ETOTAL: 8.9210208354716194 s, ETA: 3.3493858354716206 s
       0.Info>>Progress: 71.830%, ETOTAL: 7.8066657266520885 s, ETA: 2.1991277266520894 s
       0.Info>>Progress: 82.205%, ETOTAL: 9.2687502183406103 s, ETA: 1.6493622183406105 s
       0.Info>>Scattering finished...                                           
       0.Info>>.................................................................
       0.Info>>.....................R.U.N...A.N.A.L.Y.S.I.S.....................
       0.Info>>.................................................................
       0.Info>>Aggregating timing information for performance analysis...       
       0.Info>>                                                                 
       0.Info>>                    Performance Analysis                         
       0.Info>>-----------------------------------------------------------------
       0.Info>> mean and total runtimes:                                        
       0.Info>>-----------------------------------------------------------------
       0.Info>>          measure |    total |       count |     mean |   stddev 
       0.Info>>-----------------------------------------------------------------
       0.Info>>   sd:c:b:dspstore| 3.608e-02|        10000| 3.608e-06| 2.052e-06
       0.Info>>    sd:c:b:scatter| 4.394e+01|        10000| 4.394e-03| 7.667e-04
       0.Info>>        sd:c:block| 4.412e+01|          100| 4.412e-01| 3.863e-02
       0.Info>>         sd:c:init| 1.475e+01|          100| 1.475e-01| 2.979e-02
       0.Info>>       sd:c:reduce| 1.100e-04|          100| 1.100e-06| 5.027e-07
       0.Info>>         sd:c:wait| 1.680e-04|          100| 1.680e-06| 6.378e-07
       0.Info>>        sd:compute| 5.887e+01|          100| 5.887e-01| 5.422e-02
       0.Info>>         sd:runner| 5.887e+01|            8| 7.359e+00| 0.000e+00
       0.Info>>          sd:stage| 2.019e-01|            8| 2.523e-02| 0.000e+00
       0.Info>> sd:worker:scatter| 4.359e+01|        10000| 4.359e-03| 7.576e-04
       0.Info>>    sd:worker:wait| 1.518e+01|        10000| 1.518e-03| 1.499e-02
       0.Info>>          sd:write| 1.028e-03|          100| 1.028e-05| 7.371e-06
       0.Info>>           st:fill| 1.214e-02|            8| 1.518e-03| 0.000e+00
       0.Info>>          st:first| 2.359e-02|            1| 2.359e-02| 0.000e+00
       0.Info>>           st:load| 2.325e-02|            1| 2.325e-02| 0.000e+00
       0.Info>>           st:wait| 1.654e-01|            8| 2.068e-02| 0.000e+00
       0.Info>>-----------------------------------------------------------------
       0.Info>>-----------------------------------------------------------------
       0.Info>> watermarks:                                                     
       0.Info>>-----------------------------------------------------------------
       0.Info>>          measure |      min |      max                          
       0.Info>>-----------------------------------------------------------------
       0.Info>>   sd:c:b:dspstore| 2.000e-06| 7.100e-05                         
       0.Info>>    sd:c:b:scatter| 1.580e-03| 9.567e-03                         
       0.Info>>        sd:c:block| 1.705e-01| 5.486e-01                         
       0.Info>>         sd:c:init| 1.161e-01| 2.227e-01                         
       0.Info>>       sd:c:reduce| 0.000e+00| 2.000e-06                         
       0.Info>>         sd:c:wait| 1.000e-06| 4.000e-06                         
       0.Info>>        sd:compute| 2.866e-01| 7.482e-01                         
       0.Info>>         sd:runner| 6.220e+00| 8.004e+00                         
       0.Info>>          sd:stage| 2.507e-02| 2.530e-02                         
       0.Info>> sd:worker:scatter| 1.554e-03| 8.959e-03                         
       0.Info>>    sd:worker:wait| 1.000e-06| 2.228e-01                         
       0.Info>>          sd:write| 5.000e-06| 4.100e-05                         
       0.Info>>           st:fill| 1.353e-03| 1.585e-03                         
       0.Info>>          st:first| 2.359e-02| 2.359e-02                         
       0.Info>>           st:load| 2.325e-02| 2.325e-02                         
       0.Info>>           st:wait| 8.000e-06| 2.363e-02                         
       0.Info>>-----------------------------------------------------------------
       0.Info>>                                                                 
       0.Info>>         Performance Analysis (relative to total time * nodes)   
       0.Info>>-----------------------------------------------------------------
       0.Info>> mean and total runtimes:                                        
       0.Info>>-----------------------------------------------------------------
       0.Info>>          measure |    total |       count |     mean |   stddev 
       0.Info>>-----------------------------------------------------------------
       0.Info>>   sd:c:b:dspstore| 5.296e-04|        10000| 5.296e-08| 2.486e-07
       0.Info>>    sd:c:b:scatter| 6.450e-01|        10000| 6.450e-05| 9.288e-05
       0.Info>>        sd:c:block| 6.475e-01|          100| 6.475e-03| 4.680e-03
       0.Info>>         sd:c:init| 2.164e-01|          100| 2.164e-03| 3.609e-03
       0.Info>>       sd:c:reduce| 1.614e-06|          100| 1.614e-08| 6.090e-08
       0.Info>>         sd:c:wait| 2.466e-06|          100| 2.466e-08| 7.726e-08
       0.Info>>        sd:compute| 8.640e-01|          100| 8.640e-03| 6.568e-03
       0.Info>>         sd:runner| 8.641e-01|            8| 1.080e-01| 0.000e+00
       0.Info>>          sd:stage| 2.963e-03|            8| 3.703e-04| 0.000e+00
       0.Info>> sd:worker:scatter| 6.398e-01|        10000| 6.398e-05| 9.179e-05
       0.Info>>    sd:worker:wait| 2.228e-01|        10000| 2.228e-05| 1.816e-03
       0.Info>>          sd:write| 1.509e-05|          100| 1.509e-07| 8.930e-07
       0.Info>>           st:fill| 1.782e-04|            8| 2.228e-05| 0.000e+00
       0.Info>>          st:first| 3.463e-04|            1| 3.463e-04| 0.000e+00
       0.Info>>           st:load| 3.412e-04|            1| 3.412e-04| 0.000e+00
       0.Info>>           st:wait| 2.428e-03|            8| 3.035e-04| 0.000e+00
       0.Info>>-----------------------------------------------------------------
       0.Info>>-----------------------------------------------------------------
       0.Info>> watermarks:                                                     
       0.Info>>-----------------------------------------------------------------
       0.Info>>          measure |      min |      max                          
       0.Info>>-----------------------------------------------------------------
       0.Info>>   sd:c:b:dspstore| 2.935e-08| 1.042e-06                         
       0.Info>>    sd:c:b:scatter| 2.319e-05| 1.404e-04                         
       0.Info>>        sd:c:block| 2.502e-03| 8.052e-03                         
       0.Info>>         sd:c:init| 1.704e-03| 3.268e-03                         
       0.Info>>       sd:c:reduce| 0.000e+00| 2.935e-08                         
       0.Info>>         sd:c:wait| 1.468e-08| 5.871e-08                         
       0.Info>>        sd:compute| 4.206e-03| 1.098e-02                         
       0.Info>>         sd:runner| 9.129e-02| 1.175e-01                         
       0.Info>>          sd:stage| 3.680e-04| 3.713e-04                         
       0.Info>> sd:worker:scatter| 2.281e-05| 1.315e-04                         
       0.Info>>    sd:worker:wait| 1.468e-08| 3.270e-03                         
       0.Info>>          sd:write| 7.338e-08| 6.017e-07                         
       0.Info>>           st:fill| 1.986e-05| 2.326e-05                         
       0.Info>>          st:first| 3.463e-04| 3.463e-04                         
       0.Info>>           st:load| 3.412e-04| 3.412e-04                         
       0.Info>>           st:wait| 1.174e-07| 3.468e-04                         
       0.Info>>-----------------------------------------------------------------
       0.Info>>Total runtime (s): 8.5170320000000004                            
       0.Info>>Successfully finished... Have a nice day!                        
