       0.Info>>This software is being developed by Benjamin Lindner.                    
       0.Info>>For help, suggestions or correspondense use:                             
       0.Info>>ben@benlabs.net, Benjamin Lindner (Main Developer, Impl. & Maintenance)  
       0.Info>>franc@cmm.ki.si, Franci Merzel (Methodology)                             
       0.Info>>For publications include the following references:                       
       0.Info>>.........................................................................
       0.Info>>1. Sassena - X-ray and Neutron Scattering Calculated                     
       0.Info>>  from Molecular Dynamics Trajectories using Massively Parallel Computers
       0.Info>>  published as a Computer Program in Physics Paper                       
       0.Info>>.........................................................................
       0.Info>>Version Information: 1.4.2                                       
       0.Info>>                                                                 
       0.Info>>.................................................................
       0.Info>>......................D.E.S.C.R.I.P.T.I.O.N......................
       0.Info>>.................................................................
       0.Info>>This binary computes the scattering intensities directly from    
       0.Info>>a molecular dynamics trajectory.                                 
       0.Info>>.................................................................
       0.Info>>.................................................................
       0.Info>>...................I.N.I.T.I.A.L.I.Z.A.T.I.O.N...................
       0.Info>>.................................................................
       0.Info>>No configuration file specified. Will use default                
       0.Info>>Looking for configuration file: scatter.xml                      
       0.Info>>Reading parameters from XML file: scatter.xml                    
       0.Info>>Added frames from /home/amajumda/study/continuum_simulations/gitlab/continuum-to-scattering/data/100_100_100_50_50_50/single_atom_shrink/iteration_010/t002/pdb_dcd/sample.dcd using format: dcd
       0.Info>>Options: first=0, last=0, lastset=0, stride=1                    
       0.Info>>stager.target=system                                             
       0.Info>>scattering.type=all                                              
       0.Info>>scattering.dsp.type=square                                       
       0.Info>>scattering.average.orientation.type=vectors                      
       0.Info>>scattering.average.orientation.vectors.type=sphere               
       0.Info>>scattering.average.orientation.vectors.algorithm=boost_uniform_on_sphere
       0.Info>>scattering.average.orientation.vectors.resolution=100            
       0.Info>>Generating orientations for orientational averaging using sphere,boost_uniform_on_sphere
       0.Info>>Initialized orientational averaging with 100 vectors.            
       0.Info>>scattering.signal.file=signal.h5                                 
       0.Info>>scattering.signal.filepath=/home/amajumda/study/continuum_simulations/gitlab/continuum-to-scattering/data/100_100_100_50_50_50/single_atom_shrink/iteration_010/t002/signal.h5
       0.Info>>scattering.signal.fqt=1                                          
       0.Info>>scattering.signal.fq0=1                                          
       0.Info>>scattering.signal.fq=1                                           
       0.Info>>scattering.signal.fq2=1                                          
       0.Info>>Analyzing command line for parameter overwrites                  
       0.Info>>Reading database from file: /home/amajumda/study/continuum_simulations/gitlab/continuum-to-scattering/data/100_100_100_50_50_50/single_atom_shrink/iteration_010/t002/database/db-neutron-coherent.xml
       0.Info>>Checking database...                                             
       0.Info>>Testing mapping between PDB names and atom labels                
       0.Info>>Testing database completeness for referenced atom labels         
       0.Info>>Check succeeded. Database seems OK.                              
       0.Info>>Initializing sample...                                           
       0.Info>>Reading structure from file: /home/amajumda/study/continuum_simulations/gitlab/continuum-to-scattering/data/100_100_100_50_50_50/single_atom_shrink/iteration_010/t002/pdb_dcd/sample.pdb
       0.Info>>Done. Atoms read: 125000                                         
       0.Info>>Reading frames from: /home/amajumda/study/continuum_simulations/gitlab/continuum-to-scattering/data/100_100_100_50_50_50/single_atom_shrink/iteration_010/t002/pdb_dcd/sample.dcd
       0.Info>>Found 1 frames                                                   
       0.Info>>Total number of coordinate sets found: 1                         
       0.Info>>Exchanging sample, database & params information with compute nodes... 
       0.Info>>params...                                                        
       0.Info>>database...                                                      
       0.Info>>sample...                                                        
       0.Info>>.................................................................
       0.Info>>......................C.O.M.P.U.T.A.T.I.O.N......................
       0.Info>>.................................................................
       0.Info>>Setting up services...                                           
       0.Info>>Initializing data file service...                                
       0.Info>>Initializing monitor service...                                  
       0.Info>>Starting data file service...                                    
       0.Info>>Starting monitor service...                                      
       0.Info>>Services setup and running...                                    
       0.Info>>Checking /home/amajumda/study/continuum_simulations/gitlab/continuum-to-scattering/data/100_100_100_50_50_50/single_atom_shrink/iteration_010/t002/signal.h5 for old results.
       0.Info>>Broadcasting service information                                 
       0.Info>>Server host name    : hzglap02                                   
       0.Info>>FileService Port    : 40899                                      
       0.Info>>MonitorService Port : 38901                                      
       0.Info>>Setting up parallel environment...                               
       0.Info>>Searching for decomposition plan:                                
       0.Info>>nodes    = 8                                                     
       0.Info>>qvectors = 100                                                   
       0.Info>>frames   = 1                                                     
       0.Info>>atoms   = 125000                                                 
       0.Info>>All interference scattering detected. Applying frame decomposition.
       0.Info>>Automatic decomposition. Searching for best utilization.         
       0.Info>>Final decomposition parameters:                                  
       0.Info>>NN                : 8                                            
       0.Info>>NQ                : 100                                          
       0.Info>>NAF               : 1                                            
       0.Info>>NP                : 8                                            
       0.Info>>NNpP              : 1                                            
       0.Info>>NAFcycles         : 1                                            
       0.Info>>NQcycles          : 13                                           
       0.Info>>CompEl (WASTE/USE): 4/100                                        
       0.Info>>utilization(1=best)    : 0.96153846153846156                     
       0.Info>>Initializing Scatter Device, Vectors (all)                       
       0.Info>>Starting scattering...                                           
       0.Info>>Checking memory requirements for scattering calculation...       
       0.Info>>required limits.computation.memory.result_buffer=16              
       0.Info>>required limits.computation.memory.signal_buffer=16              
       0.Info>>required limits.computation.memory.exchange_buffer=0             
       0.Info>>required limits.computation.memory.alignpad_buffer=32            
       0.Info>>Memory limits ok                                                 
       0.Info>>Staging data...                                                  
       0.Info>>Forcing stager.mode=frames                                       
       0.Info>>Staging first partition.                                         
       0.Info>>Staging remaining partitions.                                    
       0.Info>>background scattering length set to 0                            
       0.Info>>Target initialized.                                              
       0.Info>>Target 'system' produces a background scattering length density of 0.0016185556904924712
       0.Info>>Starting computation...                                          
       0.Info>>Orientational averaging includes 100 vectors                     
       0.Info>>Setting progress sampling factor for monitoring to 1             
       0.Info>>Progress: 1.625%, ETOTAL: 57.183138461538455 s, ETA: 56.253912461538455 s
       0.Info>>Progress: 3.125%, ETOTAL: 30.121184000000003 s, ETA: 29.179897000000004 s
       0.Info>>Progress: 4.625%, ETOTAL: 20.441708108108109 s, ETA: 19.496279108108109 s
       0.Info>>Progress: 6.250%, ETOTAL: 15.246592000000001 s, ETA: 14.293680000000002 s
       0.Info>>Progress: 10.271%, ETOTAL: 9.3556186612576084 s, ETA: 8.3947186612576079 s
       0.Info>>Progress: 20.781%, ETOTAL: 14.228994887218043 s, ETA: 11.272031887218043 s
       0.Info>>Progress: 30.936%, ETOTAL: 9.6051779527559038 s, ETA: 6.6337299527559033 s
       0.Info>>Progress: 41.080%, ETOTAL: 7.4725886556916592 s, ETA: 4.4028396556916594 s
       0.Info>>Progress: 51.205%, ETOTAL: 9.6697931897846789 s, ETA: 4.7183631897846778 s
       0.Info>>Progress: 60.705%, ETOTAL: 8.2082933474128872 s, ETA: 3.2254383474128847 s
       0.Info>>Progress: 70.580%, ETOTAL: 9.8340611961309694 s, ETA: 2.8931681961309668 s
       0.Info>>Progress: 81.455%, ETOTAL: 8.5644306917447128 s, ETA: 1.5882626917447098 s
       0.Info>>Progress: 90.705%, ETOTAL: 7.7563618939929375 s, ETA: 0.72094389399293402 s
       0.Info>>Scattering finished...                                           
       0.Info>>.................................................................
       0.Info>>.....................R.U.N...A.N.A.L.Y.S.I.S.....................
       0.Info>>.................................................................
       0.Info>>Aggregating timing information for performance analysis...       
       0.Info>>                                                                 
       0.Info>>                    Performance Analysis                         
       0.Info>>-----------------------------------------------------------------
       0.Info>> mean and total runtimes:                                        
       0.Info>>-----------------------------------------------------------------
       0.Info>>          measure |    total |       count |     mean |   stddev 
       0.Info>>-----------------------------------------------------------------
       0.Info>>   sd:c:b:dspstore| 3.658e-02|        10000| 3.658e-06| 1.975e-06
       0.Info>>    sd:c:b:scatter| 4.409e+01|        10000| 4.409e-03| 8.028e-04
       0.Info>>        sd:c:block| 4.427e+01|          100| 4.427e-01| 4.096e-02
       0.Info>>         sd:c:init| 1.457e+01|          100| 1.457e-01| 2.495e-02
       0.Info>>       sd:c:reduce| 1.170e-04|          100| 1.170e-06| 1.699e-06
       0.Info>>         sd:c:wait| 1.610e-04|          100| 1.610e-06| 5.808e-07
       0.Info>>        sd:compute| 5.884e+01|          100| 5.884e-01| 5.147e-02
       0.Info>>         sd:runner| 5.885e+01|            8| 7.356e+00| 0.000e+00
       0.Info>>          sd:stage| 1.943e-01|            8| 2.429e-02| 0.000e+00
       0.Info>> sd:worker:scatter| 4.371e+01|        10000| 4.371e-03| 7.842e-04
       0.Info>>    sd:worker:wait| 1.504e+01|        10000| 1.504e-03| 1.474e-02
       0.Info>>          sd:write| 9.790e-04|          100| 9.790e-06| 6.792e-06
       0.Info>>           st:fill| 1.182e-02|            8| 1.477e-03| 0.000e+00
       0.Info>>          st:first| 2.269e-02|            1| 2.269e-02| 0.000e+00
       0.Info>>           st:load| 2.236e-02|            1| 2.236e-02| 0.000e+00
       0.Info>>           st:wait| 1.591e-01|            8| 1.989e-02| 0.000e+00
       0.Info>>-----------------------------------------------------------------
       0.Info>>-----------------------------------------------------------------
       0.Info>> watermarks:                                                     
       0.Info>>-----------------------------------------------------------------
       0.Info>>          measure |      min |      max                          
       0.Info>>-----------------------------------------------------------------
       0.Info>>   sd:c:b:dspstore| 2.000e-06| 7.000e-05                         
       0.Info>>    sd:c:b:scatter| 1.531e-03| 1.351e-02                         
       0.Info>>        sd:c:block| 1.591e-01| 5.759e-01                         
       0.Info>>         sd:c:init| 1.175e-01| 2.296e-01                         
       0.Info>>       sd:c:reduce| 0.000e+00| 1.800e-05                         
       0.Info>>         sd:c:wait| 1.000e-06| 3.000e-06                         
       0.Info>>        sd:compute| 2.768e-01| 7.491e-01                         
       0.Info>>         sd:runner| 6.229e+00| 8.028e+00                         
       0.Info>>          sd:stage| 2.415e-02| 2.435e-02                         
       0.Info>> sd:worker:scatter| 1.507e-03| 7.752e-03                         
       0.Info>>    sd:worker:wait| 1.000e-06| 2.297e-01                         
       0.Info>>          sd:write| 4.000e-06| 4.100e-05                         
       0.Info>>           st:fill| 1.327e-03| 1.537e-03                         
       0.Info>>          st:first| 2.269e-02| 2.269e-02                         
       0.Info>>           st:load| 2.236e-02| 2.236e-02                         
       0.Info>>           st:wait| 9.000e-06| 2.273e-02                         
       0.Info>>-----------------------------------------------------------------
       0.Info>>                                                                 
       0.Info>>         Performance Analysis (relative to total time * nodes)   
       0.Info>>-----------------------------------------------------------------
       0.Info>> mean and total runtimes:                                        
       0.Info>>-----------------------------------------------------------------
       0.Info>>          measure |    total |       count |     mean |   stddev 
       0.Info>>-----------------------------------------------------------------
       0.Info>>   sd:c:b:dspstore| 5.418e-04|        10000| 5.418e-08| 2.403e-07
       0.Info>>    sd:c:b:scatter| 6.530e-01|        10000| 6.530e-05| 9.770e-05
       0.Info>>        sd:c:block| 6.557e-01|          100| 6.557e-03| 4.984e-03
       0.Info>>         sd:c:init| 2.159e-01|          100| 2.159e-03| 3.036e-03
       0.Info>>       sd:c:reduce| 1.733e-06|          100| 1.733e-08| 2.068e-07
       0.Info>>         sd:c:wait| 2.385e-06|          100| 2.385e-08| 7.069e-08
       0.Info>>        sd:compute| 8.716e-01|          100| 8.716e-03| 6.264e-03
       0.Info>>         sd:runner| 8.716e-01|            8| 1.090e-01| 0.000e+00
       0.Info>>          sd:stage| 2.878e-03|            8| 3.598e-04| 0.000e+00
       0.Info>> sd:worker:scatter| 6.474e-01|        10000| 6.474e-05| 9.544e-05
       0.Info>>    sd:worker:wait| 2.227e-01|        10000| 2.227e-05| 1.794e-03
       0.Info>>          sd:write| 1.450e-05|          100| 1.450e-07| 8.266e-07
       0.Info>>           st:fill| 1.750e-04|            8| 2.188e-05| 0.000e+00
       0.Info>>          st:first| 3.361e-04|            1| 3.361e-04| 0.000e+00
       0.Info>>           st:load| 3.312e-04|            1| 3.312e-04| 0.000e+00
       0.Info>>           st:wait| 2.357e-03|            8| 2.946e-04| 0.000e+00
       0.Info>>-----------------------------------------------------------------
       0.Info>>-----------------------------------------------------------------
       0.Info>> watermarks:                                                     
       0.Info>>-----------------------------------------------------------------
       0.Info>>          measure |      min |      max                          
       0.Info>>-----------------------------------------------------------------
       0.Info>>   sd:c:b:dspstore| 2.962e-08| 1.037e-06                         
       0.Info>>    sd:c:b:scatter| 2.268e-05| 2.001e-04                         
       0.Info>>        sd:c:block| 2.357e-03| 8.530e-03                         
       0.Info>>         sd:c:init| 1.741e-03| 3.401e-03                         
       0.Info>>       sd:c:reduce| 0.000e+00| 2.666e-07                         
       0.Info>>         sd:c:wait| 1.481e-08| 4.443e-08                         
       0.Info>>        sd:compute| 4.099e-03| 1.110e-02                         
       0.Info>>         sd:runner| 9.226e-02| 1.189e-01                         
       0.Info>>          sd:stage| 3.577e-04| 3.606e-04                         
       0.Info>> sd:worker:scatter| 2.232e-05| 1.148e-04                         
       0.Info>>    sd:worker:wait| 1.481e-08| 3.402e-03                         
       0.Info>>          sd:write| 5.925e-08| 6.073e-07                         
       0.Info>>           st:fill| 1.965e-05| 2.277e-05                         
       0.Info>>          st:first| 3.361e-04| 3.361e-04                         
       0.Info>>           st:load| 3.312e-04| 3.312e-04                         
       0.Info>>           st:wait| 1.333e-07| 3.367e-04                         
       0.Info>>-----------------------------------------------------------------
       0.Info>>Total runtime (s): 8.4394379999999991                            
       0.Info>>Successfully finished... Have a nice day!                        
