       0.Info>>This software is being developed by Benjamin Lindner.                    
       0.Info>>For help, suggestions or correspondense use:                             
       0.Info>>ben@benlabs.net, Benjamin Lindner (Main Developer, Impl. & Maintenance)  
       0.Info>>franc@cmm.ki.si, Franci Merzel (Methodology)                             
       0.Info>>For publications include the following references:                       
       0.Info>>.........................................................................
       0.Info>>1. Sassena - X-ray and Neutron Scattering Calculated                     
       0.Info>>  from Molecular Dynamics Trajectories using Massively Parallel Computers
       0.Info>>  published as a Computer Program in Physics Paper                       
       0.Info>>.........................................................................
       0.Info>>Version Information: 1.4.2                                       
       0.Info>>                                                                 
       0.Info>>.................................................................
       0.Info>>......................D.E.S.C.R.I.P.T.I.O.N......................
       0.Info>>.................................................................
       0.Info>>This binary computes the scattering intensities directly from    
       0.Info>>a molecular dynamics trajectory.                                 
       0.Info>>.................................................................
       0.Info>>.................................................................
       0.Info>>...................I.N.I.T.I.A.L.I.Z.A.T.I.O.N...................
       0.Info>>.................................................................
       0.Info>>No configuration file specified. Will use default                
       0.Info>>Looking for configuration file: scatter.xml                      
       0.Info>>Reading parameters from XML file: scatter.xml                    
       0.Info>>Added frames from /home/amajumda/study/continuum_simulations/gitlab/continuum-to-scattering/data/100_100_100_50_50_50/single_atom_shrink/iteration_013/t006/pdb_dcd/sample.dcd using format: dcd
       0.Info>>Options: first=0, last=0, lastset=0, stride=1                    
       0.Info>>stager.target=system                                             
       0.Info>>scattering.type=all                                              
       0.Info>>scattering.dsp.type=square                                       
       0.Info>>scattering.average.orientation.type=vectors                      
       0.Info>>scattering.average.orientation.vectors.type=sphere               
       0.Info>>scattering.average.orientation.vectors.algorithm=boost_uniform_on_sphere
       0.Info>>scattering.average.orientation.vectors.resolution=100            
       0.Info>>Generating orientations for orientational averaging using sphere,boost_uniform_on_sphere
       0.Info>>Initialized orientational averaging with 100 vectors.            
       0.Info>>scattering.signal.file=signal.h5                                 
       0.Info>>scattering.signal.filepath=/home/amajumda/study/continuum_simulations/gitlab/continuum-to-scattering/data/100_100_100_50_50_50/single_atom_shrink/iteration_013/t006/signal.h5
       0.Info>>scattering.signal.fqt=1                                          
       0.Info>>scattering.signal.fq0=1                                          
       0.Info>>scattering.signal.fq=1                                           
       0.Info>>scattering.signal.fq2=1                                          
       0.Info>>Analyzing command line for parameter overwrites                  
       0.Info>>Reading database from file: /home/amajumda/study/continuum_simulations/gitlab/continuum-to-scattering/data/100_100_100_50_50_50/single_atom_shrink/iteration_013/t006/database/db-neutron-coherent.xml
       0.Info>>Checking database...                                             
       0.Info>>Testing mapping between PDB names and atom labels                
       0.Info>>Testing database completeness for referenced atom labels         
       0.Info>>Check succeeded. Database seems OK.                              
       0.Info>>Initializing sample...                                           
       0.Info>>Reading structure from file: /home/amajumda/study/continuum_simulations/gitlab/continuum-to-scattering/data/100_100_100_50_50_50/single_atom_shrink/iteration_013/t006/pdb_dcd/sample.pdb
       0.Info>>Done. Atoms read: 125000                                         
       0.Info>>Reading frames from: /home/amajumda/study/continuum_simulations/gitlab/continuum-to-scattering/data/100_100_100_50_50_50/single_atom_shrink/iteration_013/t006/pdb_dcd/sample.dcd
       0.Info>>Found 1 frames                                                   
       0.Info>>Total number of coordinate sets found: 1                         
       0.Info>>Exchanging sample, database & params information with compute nodes... 
       0.Info>>params...                                                        
       0.Info>>database...                                                      
       0.Info>>sample...                                                        
       0.Info>>.................................................................
       0.Info>>......................C.O.M.P.U.T.A.T.I.O.N......................
       0.Info>>.................................................................
       0.Info>>Setting up services...                                           
       0.Info>>Initializing data file service...                                
       0.Info>>Initializing monitor service...                                  
       0.Info>>Starting data file service...                                    
       0.Info>>Starting monitor service...                                      
       0.Info>>Services setup and running...                                    
       0.Info>>Checking /home/amajumda/study/continuum_simulations/gitlab/continuum-to-scattering/data/100_100_100_50_50_50/single_atom_shrink/iteration_013/t006/signal.h5 for old results.
       0.Info>>Broadcasting service information                                 
       0.Info>>Server host name    : hzglap02                                   
       0.Info>>FileService Port    : 45289                                      
       0.Info>>MonitorService Port : 41401                                      
       0.Info>>Setting up parallel environment...                               
       0.Info>>Searching for decomposition plan:                                
       0.Info>>nodes    = 8                                                     
       0.Info>>qvectors = 100                                                   
       0.Info>>frames   = 1                                                     
       0.Info>>atoms   = 125000                                                 
       0.Info>>All interference scattering detected. Applying frame decomposition.
       0.Info>>Automatic decomposition. Searching for best utilization.         
       0.Info>>Final decomposition parameters:                                  
       0.Info>>NN                : 8                                            
       0.Info>>NQ                : 100                                          
       0.Info>>NAF               : 1                                            
       0.Info>>NP                : 8                                            
       0.Info>>NNpP              : 1                                            
       0.Info>>NAFcycles         : 1                                            
       0.Info>>NQcycles          : 13                                           
       0.Info>>CompEl (WASTE/USE): 4/100                                        
       0.Info>>utilization(1=best)    : 0.96153846153846156                     
       0.Info>>Initializing Scatter Device, Vectors (all)                       
       0.Info>>Starting scattering...                                           
       0.Info>>Checking memory requirements for scattering calculation...       
       0.Info>>required limits.computation.memory.result_buffer=16              
       0.Info>>required limits.computation.memory.signal_buffer=16              
       0.Info>>required limits.computation.memory.exchange_buffer=0             
       0.Info>>required limits.computation.memory.alignpad_buffer=32            
       0.Info>>Memory limits ok                                                 
       0.Info>>Staging data...                                                  
       0.Info>>Forcing stager.mode=frames                                       
       0.Info>>Staging first partition.                                         
       0.Info>>Staging remaining partitions.                                    
       0.Info>>background scattering length set to 0                            
       0.Info>>Target initialized.                                              
       0.Info>>Target 'system' produces a background scattering length density of 0.00030889130885884274
       0.Info>>Starting computation...                                          
       0.Info>>Orientational averaging includes 100 vectors                     
       0.Info>>Setting progress sampling factor for monitoring to 1             
       0.Info>>Progress: 1.875%, ETOTAL: 80.104799999999997 s, ETA: 78.602834999999999 s
       0.Info>>Progress: 4.010%, ETOTAL: 37.462695443645075 s, ETA: 35.960585443645073 s
       0.Info>>Progress: 6.019%, ETOTAL: 24.977410862619802 s, ETA: 23.473962862619803 s
       0.Info>>Progress: 11.039%, ETOTAL: 13.700869565217392 s, ETA: 12.188394565217392 s
       0.Info>>Progress: 20.571%, ETOTAL: 17.008739794328452 s, ETA: 13.509954794328451 s
       0.Info>>Progress: 31.705%, ETOTAL: 11.202717670845129 s, ETA: 7.6508816708451288 s
       0.Info>>Progress: 40.955%, ETOTAL: 9.0437392393175777 s, ETA: 5.3398642393175777 s
       0.Info>>Progress: 53.080%, ETOTAL: 10.436871928023674 s, ETA: 4.8969669280236729 s
       0.Info>>Progress: 62.080%, ETOTAL: 9.1028903505601768 s, ETA: 3.4518043505601756 s
       0.Info>>Progress: 71.455%, ETOTAL: 10.493001955683145 s, ETA: 2.9952139556831439 s
       0.Info>>Progress: 82.955%, ETOTAL: 9.1327168843211517 s, ETA: 1.5566598843211503 s
       0.Info>>Scattering finished...                                           
       0.Info>>.................................................................
       0.Info>>.....................R.U.N...A.N.A.L.Y.S.I.S.....................
       0.Info>>.................................................................
       0.Info>>Aggregating timing information for performance analysis...       
       0.Info>>                                                                 
       0.Info>>                    Performance Analysis                         
       0.Info>>-----------------------------------------------------------------
       0.Info>> mean and total runtimes:                                        
       0.Info>>-----------------------------------------------------------------
       0.Info>>          measure |    total |       count |     mean |   stddev 
       0.Info>>-----------------------------------------------------------------
       0.Info>>   sd:c:b:dspstore| 4.843e-02|        10000| 4.843e-06| 2.453e-06
       0.Info>>    sd:c:b:scatter| 4.985e+01|        10000| 4.985e-03| 1.040e-03
       0.Info>>        sd:c:block| 5.008e+01|          100| 5.008e-01| 5.405e-02
       0.Info>>         sd:c:init| 1.691e+01|          100| 1.691e-01| 3.421e-02
       0.Info>>       sd:c:reduce| 1.190e-04|          100| 1.190e-06| 6.507e-07
       0.Info>>         sd:c:wait| 1.850e-04|          100| 1.850e-06| 6.540e-07
       0.Info>>        sd:compute| 6.699e+01|          100| 6.699e-01| 6.841e-02
       0.Info>>         sd:runner| 6.700e+01|            8| 8.375e+00| 0.000e+00
       0.Info>>          sd:stage| 2.262e-01|            8| 2.827e-02| 0.000e+00
       0.Info>> sd:worker:scatter| 4.934e+01|        10000| 4.934e-03| 1.025e-03
       0.Info>>    sd:worker:wait| 1.753e+01|        10000| 1.753e-03| 1.721e-02
       0.Info>>          sd:write| 1.215e-03|          100| 1.215e-05| 1.081e-05
       0.Info>>           st:fill| 1.644e-02|            8| 2.055e-03| 0.000e+00
       0.Info>>          st:first| 2.604e-02|            1| 2.604e-02| 0.000e+00
       0.Info>>           st:load| 2.564e-02|            1| 2.564e-02| 0.000e+00
       0.Info>>           st:wait| 1.826e-01|            8| 2.283e-02| 0.000e+00
       0.Info>>-----------------------------------------------------------------
       0.Info>>-----------------------------------------------------------------
       0.Info>> watermarks:                                                     
       0.Info>>-----------------------------------------------------------------
       0.Info>>          measure |      min |      max                          
       0.Info>>-----------------------------------------------------------------
       0.Info>>   sd:c:b:dspstore| 2.000e-06| 8.100e-05                         
       0.Info>>    sd:c:b:scatter| 1.587e-03| 1.131e-02                         
       0.Info>>        sd:c:block| 2.795e-01| 6.553e-01                         
       0.Info>>         sd:c:init| 1.221e-01| 2.581e-01                         
       0.Info>>       sd:c:reduce| 0.000e+00| 3.000e-06                         
       0.Info>>         sd:c:wait| 1.000e-06| 4.000e-06                         
       0.Info>>        sd:compute| 4.028e-01| 8.776e-01                         
       0.Info>>         sd:runner| 7.220e+00| 9.124e+00                         
       0.Info>>          sd:stage| 2.813e-02| 2.836e-02                         
       0.Info>> sd:worker:scatter| 1.566e-03| 7.876e-03                         
       0.Info>>    sd:worker:wait| 2.000e-06| 2.582e-01                         
       0.Info>>          sd:write| 5.000e-06| 5.400e-05                         
       0.Info>>           st:fill| 1.913e-03| 2.137e-03                         
       0.Info>>          st:first| 2.604e-02| 2.604e-02                         
       0.Info>>           st:load| 2.564e-02| 2.564e-02                         
       0.Info>>           st:wait| 1.300e-05| 2.609e-02                         
       0.Info>>-----------------------------------------------------------------
       0.Info>>                                                                 
       0.Info>>         Performance Analysis (relative to total time * nodes)   
       0.Info>>-----------------------------------------------------------------
       0.Info>> mean and total runtimes:                                        
       0.Info>>-----------------------------------------------------------------
       0.Info>>          measure |    total |       count |     mean |   stddev 
       0.Info>>-----------------------------------------------------------------
       0.Info>>   sd:c:b:dspstore| 6.267e-04|        10000| 6.267e-08| 2.791e-07
       0.Info>>    sd:c:b:scatter| 6.452e-01|        10000| 6.452e-05| 1.183e-04
       0.Info>>        sd:c:block| 6.481e-01|          100| 6.481e-03| 6.149e-03
       0.Info>>         sd:c:init| 2.189e-01|          100| 2.189e-03| 3.892e-03
       0.Info>>       sd:c:reduce| 1.540e-06|          100| 1.540e-08| 7.403e-08
       0.Info>>         sd:c:wait| 2.394e-06|          100| 2.394e-08| 7.440e-08
       0.Info>>        sd:compute| 8.670e-01|          100| 8.670e-03| 7.782e-03
       0.Info>>         sd:runner| 8.670e-01|            8| 1.084e-01| 0.000e+00
       0.Info>>          sd:stage| 2.927e-03|            8| 3.658e-04| 0.000e+00
       0.Info>> sd:worker:scatter| 6.386e-01|        10000| 6.386e-05| 1.166e-04
       0.Info>>    sd:worker:wait| 2.269e-01|        10000| 2.269e-05| 1.957e-03
       0.Info>>          sd:write| 1.572e-05|          100| 1.572e-07| 1.229e-06
       0.Info>>           st:fill| 2.128e-04|            8| 2.660e-05| 0.000e+00
       0.Info>>          st:first| 3.370e-04|            1| 3.370e-04| 0.000e+00
       0.Info>>           st:load| 3.318e-04|            1| 3.318e-04| 0.000e+00
       0.Info>>           st:wait| 2.363e-03|            8| 2.954e-04| 0.000e+00
       0.Info>>-----------------------------------------------------------------
       0.Info>>-----------------------------------------------------------------
       0.Info>> watermarks:                                                     
       0.Info>>-----------------------------------------------------------------
       0.Info>>          measure |      min |      max                          
       0.Info>>-----------------------------------------------------------------
       0.Info>>   sd:c:b:dspstore| 2.588e-08| 1.048e-06                         
       0.Info>>    sd:c:b:scatter| 2.054e-05| 1.464e-04                         
       0.Info>>        sd:c:block| 3.617e-03| 8.480e-03                         
       0.Info>>         sd:c:init| 1.580e-03| 3.340e-03                         
       0.Info>>       sd:c:reduce| 0.000e+00| 3.883e-08                         
       0.Info>>         sd:c:wait| 1.294e-08| 5.177e-08                         
       0.Info>>        sd:compute| 5.213e-03| 1.136e-02                         
       0.Info>>         sd:runner| 9.344e-02| 1.181e-01                         
       0.Info>>          sd:stage| 3.641e-04| 3.670e-04                         
       0.Info>> sd:worker:scatter| 2.027e-05| 1.019e-04                         
       0.Info>>    sd:worker:wait| 2.588e-08| 3.342e-03                         
       0.Info>>          sd:write| 6.471e-08| 6.989e-07                         
       0.Info>>           st:fill| 2.476e-05| 2.766e-05                         
       0.Info>>          st:first| 3.370e-04| 3.370e-04                         
       0.Info>>           st:load| 3.318e-04| 3.318e-04                         
       0.Info>>           st:wait| 1.682e-07| 3.377e-04                         
       0.Info>>-----------------------------------------------------------------
       0.Info>>Total runtime (s): 9.6586909999999992                            
       0.Info>>Successfully finished... Have a nice day!                        
