       0.Info>>This software is being developed by Benjamin Lindner.                    
       0.Info>>For help, suggestions or correspondense use:                             
       0.Info>>ben@benlabs.net, Benjamin Lindner (Main Developer, Impl. & Maintenance)  
       0.Info>>franc@cmm.ki.si, Franci Merzel (Methodology)                             
       0.Info>>For publications include the following references:                       
       0.Info>>.........................................................................
       0.Info>>1. Sassena - X-ray and Neutron Scattering Calculated                     
       0.Info>>  from Molecular Dynamics Trajectories using Massively Parallel Computers
       0.Info>>  published as a Computer Program in Physics Paper                       
       0.Info>>.........................................................................
       0.Info>>Version Information: 1.4.2                                       
       0.Info>>                                                                 
       0.Info>>.................................................................
       0.Info>>......................D.E.S.C.R.I.P.T.I.O.N......................
       0.Info>>.................................................................
       0.Info>>This binary computes the scattering intensities directly from    
       0.Info>>a molecular dynamics trajectory.                                 
       0.Info>>.................................................................
       0.Info>>.................................................................
       0.Info>>...................I.N.I.T.I.A.L.I.Z.A.T.I.O.N...................
       0.Info>>.................................................................
       0.Info>>No configuration file specified. Will use default                
       0.Info>>Looking for configuration file: scatter.xml                      
       0.Info>>Reading parameters from XML file: scatter.xml                    
       0.Info>>Added frames from /home/amajumda/study/continuum_simulations/gitlab/continuum-to-scattering/data/100_100_100_50_50_50/single_atom_shrink/iteration_010/t001/pdb_dcd/sample.dcd using format: dcd
       0.Info>>Options: first=0, last=0, lastset=0, stride=1                    
       0.Info>>stager.target=system                                             
       0.Info>>scattering.type=all                                              
       0.Info>>scattering.dsp.type=square                                       
       0.Info>>scattering.average.orientation.type=vectors                      
       0.Info>>scattering.average.orientation.vectors.type=sphere               
       0.Info>>scattering.average.orientation.vectors.algorithm=boost_uniform_on_sphere
       0.Info>>scattering.average.orientation.vectors.resolution=100            
       0.Info>>Generating orientations for orientational averaging using sphere,boost_uniform_on_sphere
       0.Info>>Initialized orientational averaging with 100 vectors.            
       0.Info>>scattering.signal.file=signal.h5                                 
       0.Info>>scattering.signal.filepath=/home/amajumda/study/continuum_simulations/gitlab/continuum-to-scattering/data/100_100_100_50_50_50/single_atom_shrink/iteration_010/t001/signal.h5
       0.Info>>scattering.signal.fqt=1                                          
       0.Info>>scattering.signal.fq0=1                                          
       0.Info>>scattering.signal.fq=1                                           
       0.Info>>scattering.signal.fq2=1                                          
       0.Info>>Analyzing command line for parameter overwrites                  
       0.Info>>Reading database from file: /home/amajumda/study/continuum_simulations/gitlab/continuum-to-scattering/data/100_100_100_50_50_50/single_atom_shrink/iteration_010/t001/database/db-neutron-coherent.xml
       0.Info>>Checking database...                                             
       0.Info>>Testing mapping between PDB names and atom labels                
       0.Info>>Testing database completeness for referenced atom labels         
       0.Info>>Check succeeded. Database seems OK.                              
       0.Info>>Initializing sample...                                           
       0.Info>>Reading structure from file: /home/amajumda/study/continuum_simulations/gitlab/continuum-to-scattering/data/100_100_100_50_50_50/single_atom_shrink/iteration_010/t001/pdb_dcd/sample.pdb
       0.Info>>Done. Atoms read: 125000                                         
       0.Info>>Reading frames from: /home/amajumda/study/continuum_simulations/gitlab/continuum-to-scattering/data/100_100_100_50_50_50/single_atom_shrink/iteration_010/t001/pdb_dcd/sample.dcd
       0.Info>>Found 1 frames                                                   
       0.Info>>Total number of coordinate sets found: 1                         
       0.Info>>Exchanging sample, database & params information with compute nodes... 
       0.Info>>params...                                                        
       0.Info>>database...                                                      
       0.Info>>sample...                                                        
       0.Info>>.................................................................
       0.Info>>......................C.O.M.P.U.T.A.T.I.O.N......................
       0.Info>>.................................................................
       0.Info>>Setting up services...                                           
       0.Info>>Initializing data file service...                                
       0.Info>>Initializing monitor service...                                  
       0.Info>>Starting data file service...                                    
       0.Info>>Starting monitor service...                                      
       0.Info>>Services setup and running...                                    
       0.Info>>Checking /home/amajumda/study/continuum_simulations/gitlab/continuum-to-scattering/data/100_100_100_50_50_50/single_atom_shrink/iteration_010/t001/signal.h5 for old results.
       0.Info>>Broadcasting service information                                 
       0.Info>>Server host name    : hzglap02                                   
       0.Info>>FileService Port    : 41557                                      
       0.Info>>MonitorService Port : 38249                                      
       0.Info>>Setting up parallel environment...                               
       0.Info>>Searching for decomposition plan:                                
       0.Info>>nodes    = 8                                                     
       0.Info>>qvectors = 100                                                   
       0.Info>>frames   = 1                                                     
       0.Info>>atoms   = 125000                                                 
       0.Info>>All interference scattering detected. Applying frame decomposition.
       0.Info>>Automatic decomposition. Searching for best utilization.         
       0.Info>>Final decomposition parameters:                                  
       0.Info>>NN                : 8                                            
       0.Info>>NQ                : 100                                          
       0.Info>>NAF               : 1                                            
       0.Info>>NP                : 8                                            
       0.Info>>NNpP              : 1                                            
       0.Info>>NAFcycles         : 1                                            
       0.Info>>NQcycles          : 13                                           
       0.Info>>CompEl (WASTE/USE): 4/100                                        
       0.Info>>utilization(1=best)    : 0.96153846153846156                     
       0.Info>>Initializing Scatter Device, Vectors (all)                       
       0.Info>>Starting scattering...                                           
       0.Info>>Checking memory requirements for scattering calculation...       
       0.Info>>required limits.computation.memory.result_buffer=16              
       0.Info>>required limits.computation.memory.signal_buffer=16              
       0.Info>>required limits.computation.memory.exchange_buffer=0             
       0.Info>>required limits.computation.memory.alignpad_buffer=32            
       0.Info>>Memory limits ok                                                 
       0.Info>>Staging data...                                                  
       0.Info>>Forcing stager.mode=frames                                       
       0.Info>>Staging first partition.                                         
       0.Info>>Staging remaining partitions.                                    
       0.Info>>background scattering length set to 0                            
       0.Info>>Target initialized.                                              
       0.Info>>Target 'system' produces a background scattering length density of 0.0021409438062129061
       0.Info>>Starting computation...                                          
       0.Info>>Orientational averaging includes 100 vectors                     
       0.Info>>Setting progress sampling factor for monitoring to 1             
       0.Info>>Progress: 2.260%, ETOTAL: 60.123506382978725 s, ETA: 58.764946382978728 s
       0.Info>>Progress: 4.520%, ETOTAL: 30.231577663534839 s, ETA: 28.865100663534839 s
       0.Info>>Progress: 7.030%, ETOTAL: 19.534016320948258 s, ETA: 18.160687320948256 s
       0.Info>>Progress: 11.300%, ETOTAL: 12.581578102396824 s, ETA: 11.159900102396824 s
       0.Info>>Progress: 21.705%, ETOTAL: 15.433449497932662 s, ETA: 12.083599497932662 s
       0.Info>>Progress: 31.955%, ETOTAL: 10.555939498495489 s, ETA: 7.1827754984954879 s
       0.Info>>Progress: 41.830%, ETOTAL: 8.1402906137460729 s, ETA: 4.7351966137460728 s
       0.Info>>Progress: 51.455%, ETOTAL: 10.425802416843155 s, ETA: 5.0611924168431539 s
       0.Info>>Progress: 60.830%, ETOTAL: 8.8633973971231406 s, ETA: 3.4717813971231379 s
       0.Info>>Progress: 71.455%, ETOTAL: 7.8370736162196151 s, ETA: 2.2370826162196122 s
       0.Info>>Progress: 80.455%, ETOTAL: 9.2927811648474261 s, ETA: 1.8162621648474229 s
       0.Info>>Scattering finished...                                           
       0.Info>>.................................................................
       0.Info>>.....................R.U.N...A.N.A.L.Y.S.I.S.....................
       0.Info>>.................................................................
       0.Info>>Aggregating timing information for performance analysis...       
       0.Info>>                                                                 
       0.Info>>                    Performance Analysis                         
       0.Info>>-----------------------------------------------------------------
       0.Info>> mean and total runtimes:                                        
       0.Info>>-----------------------------------------------------------------
       0.Info>>          measure |    total |       count |     mean |   stddev 
       0.Info>>-----------------------------------------------------------------
       0.Info>>   sd:c:b:dspstore| 3.672e-02|        10000| 3.672e-06| 2.018e-06
       0.Info>>    sd:c:b:scatter| 4.514e+01|        10000| 4.514e-03| 8.621e-04
       0.Info>>        sd:c:block| 4.532e+01|          100| 4.532e-01| 4.621e-02
       0.Info>>         sd:c:init| 1.508e+01|          100| 1.508e-01| 2.650e-02
       0.Info>>       sd:c:reduce| 1.040e-04|          100| 1.040e-06| 4.790e-07
       0.Info>>         sd:c:wait| 1.730e-04|          100| 1.730e-06| 5.269e-07
       0.Info>>        sd:compute| 6.040e+01|          100| 6.040e-01| 5.752e-02
       0.Info>>         sd:runner| 6.041e+01|            8| 7.551e+00| 0.000e+00
       0.Info>>          sd:stage| 2.006e-01|            8| 2.508e-02| 0.000e+00
       0.Info>> sd:worker:scatter| 4.476e+01|        10000| 4.476e-03| 8.530e-04
       0.Info>>    sd:worker:wait| 1.555e+01|        10000| 1.555e-03| 1.528e-02
       0.Info>>          sd:write| 1.085e-03|          100| 1.085e-05| 9.273e-06
       0.Info>>           st:fill| 1.232e-02|            8| 1.540e-03| 0.000e+00
       0.Info>>          st:first| 2.341e-02|            1| 2.341e-02| 0.000e+00
       0.Info>>           st:load| 2.303e-02|            1| 2.303e-02| 0.000e+00
       0.Info>>           st:wait| 1.641e-01|            8| 2.052e-02| 0.000e+00
       0.Info>>-----------------------------------------------------------------
       0.Info>>-----------------------------------------------------------------
       0.Info>> watermarks:                                                     
       0.Info>>-----------------------------------------------------------------
       0.Info>>          measure |      min |      max                          
       0.Info>>-----------------------------------------------------------------
       0.Info>>   sd:c:b:dspstore| 2.000e-06| 7.000e-05                         
       0.Info>>    sd:c:b:scatter| 1.494e-03| 1.070e-02                         
       0.Info>>        sd:c:block| 1.549e-01| 5.666e-01                         
       0.Info>>         sd:c:init| 1.182e-01| 2.269e-01                         
       0.Info>>       sd:c:reduce| 0.000e+00| 3.000e-06                         
       0.Info>>         sd:c:wait| 1.000e-06| 3.000e-06                         
       0.Info>>        sd:compute| 2.756e-01| 7.425e-01                         
       0.Info>>         sd:runner| 7.009e+00| 8.323e+00                         
       0.Info>>          sd:stage| 2.492e-02| 2.513e-02                         
       0.Info>> sd:worker:scatter| 1.473e-03| 7.492e-03                         
       0.Info>>    sd:worker:wait| 1.000e-06| 2.270e-01                         
       0.Info>>          sd:write| 5.000e-06| 5.500e-05                         
       0.Info>>           st:fill| 1.378e-03| 1.604e-03                         
       0.Info>>          st:first| 2.341e-02| 2.341e-02                         
       0.Info>>           st:load| 2.303e-02| 2.303e-02                         
       0.Info>>           st:wait| 8.000e-06| 2.345e-02                         
       0.Info>>-----------------------------------------------------------------
       0.Info>>                                                                 
       0.Info>>         Performance Analysis (relative to total time * nodes)   
       0.Info>>-----------------------------------------------------------------
       0.Info>> mean and total runtimes:                                        
       0.Info>>-----------------------------------------------------------------
       0.Info>>          measure |    total |       count |     mean |   stddev 
       0.Info>>-----------------------------------------------------------------
       0.Info>>   sd:c:b:dspstore| 5.143e-04|        10000| 5.143e-08| 2.389e-07
       0.Info>>    sd:c:b:scatter| 6.322e-01|        10000| 6.322e-05| 1.020e-04
       0.Info>>        sd:c:block| 6.347e-01|          100| 6.347e-03| 5.469e-03
       0.Info>>         sd:c:init| 2.111e-01|          100| 2.111e-03| 3.136e-03
       0.Info>>       sd:c:reduce| 1.456e-06|          100| 1.456e-08| 5.668e-08
       0.Info>>         sd:c:wait| 2.423e-06|          100| 2.423e-08| 6.235e-08
       0.Info>>        sd:compute| 8.459e-01|          100| 8.459e-03| 6.807e-03
       0.Info>>         sd:runner| 8.460e-01|            8| 1.057e-01| 0.000e+00
       0.Info>>          sd:stage| 2.809e-03|            8| 3.512e-04| 0.000e+00
       0.Info>> sd:worker:scatter| 6.269e-01|        10000| 6.269e-05| 1.009e-04
       0.Info>>    sd:worker:wait| 2.177e-01|        10000| 2.177e-05| 1.808e-03
       0.Info>>          sd:write| 1.519e-05|          100| 1.519e-07| 1.097e-06
       0.Info>>           st:fill| 1.725e-04|            8| 2.157e-05| 0.000e+00
       0.Info>>          st:first| 3.279e-04|            1| 3.279e-04| 0.000e+00
       0.Info>>           st:load| 3.224e-04|            1| 3.224e-04| 0.000e+00
       0.Info>>           st:wait| 2.299e-03|            8| 2.873e-04| 0.000e+00
       0.Info>>-----------------------------------------------------------------
       0.Info>>-----------------------------------------------------------------
       0.Info>> watermarks:                                                     
       0.Info>>-----------------------------------------------------------------
       0.Info>>          measure |      min |      max                          
       0.Info>>-----------------------------------------------------------------
       0.Info>>   sd:c:b:dspstore| 2.801e-08| 9.803e-07                         
       0.Info>>    sd:c:b:scatter| 2.092e-05| 1.499e-04                         
       0.Info>>        sd:c:block| 2.169e-03| 7.935e-03                         
       0.Info>>         sd:c:init| 1.655e-03| 3.177e-03                         
       0.Info>>       sd:c:reduce| 0.000e+00| 4.201e-08                         
       0.Info>>         sd:c:wait| 1.400e-08| 4.201e-08                         
       0.Info>>        sd:compute| 3.859e-03| 1.040e-02                         
       0.Info>>         sd:runner| 9.815e-02| 1.166e-01                         
       0.Info>>          sd:stage| 3.490e-04| 3.520e-04                         
       0.Info>> sd:worker:scatter| 2.063e-05| 1.049e-04                         
       0.Info>>    sd:worker:wait| 1.400e-08| 3.179e-03                         
       0.Info>>          sd:write| 7.002e-08| 7.702e-07                         
       0.Info>>           st:fill| 1.930e-05| 2.246e-05                         
       0.Info>>          st:first| 3.279e-04| 3.279e-04                         
       0.Info>>           st:load| 3.224e-04| 3.224e-04                         
       0.Info>>           st:wait| 1.120e-07| 3.284e-04                         
       0.Info>>-----------------------------------------------------------------
       0.Info>>Total runtime (s): 8.9259369999999993                            
       0.Info>>Successfully finished... Have a nice day!                        
