       0.Info>>This software is being developed by Benjamin Lindner.                    
       0.Info>>For help, suggestions or correspondense use:                             
       0.Info>>ben@benlabs.net, Benjamin Lindner (Main Developer, Impl. & Maintenance)  
       0.Info>>franc@cmm.ki.si, Franci Merzel (Methodology)                             
       0.Info>>For publications include the following references:                       
       0.Info>>.........................................................................
       0.Info>>1. Sassena - X-ray and Neutron Scattering Calculated                     
       0.Info>>  from Molecular Dynamics Trajectories using Massively Parallel Computers
       0.Info>>  published as a Computer Program in Physics Paper                       
       0.Info>>.........................................................................
       0.Info>>Version Information: 1.4.2                                       
       0.Info>>                                                                 
       0.Info>>.................................................................
       0.Info>>......................D.E.S.C.R.I.P.T.I.O.N......................
       0.Info>>.................................................................
       0.Info>>This binary computes the scattering intensities directly from    
       0.Info>>a molecular dynamics trajectory.                                 
       0.Info>>.................................................................
       0.Info>>.................................................................
       0.Info>>...................I.N.I.T.I.A.L.I.Z.A.T.I.O.N...................
       0.Info>>.................................................................
       0.Info>>No configuration file specified. Will use default                
       0.Info>>Looking for configuration file: scatter.xml                      
       0.Info>>Reading parameters from XML file: scatter.xml                    
       0.Info>>Added frames from /home/amajumda/study/continuum_simulations/gitlab/continuum-to-scattering/data/100_100_100_10_10_10/single_atom_shrink/iteration_002/t005/pdb_dcd/sample.dcd using format: dcd
       0.Info>>Options: first=0, last=0, lastset=0, stride=1                    
       0.Info>>stager.target=system                                             
       0.Info>>scattering.type=all                                              
       0.Info>>scattering.dsp.type=square                                       
       0.Info>>scattering.average.orientation.type=vectors                      
       0.Info>>scattering.average.orientation.vectors.type=sphere               
       0.Info>>scattering.average.orientation.vectors.algorithm=boost_uniform_on_sphere
       0.Info>>scattering.average.orientation.vectors.resolution=100            
       0.Info>>Generating orientations for orientational averaging using sphere,boost_uniform_on_sphere
       0.Info>>Initialized orientational averaging with 100 vectors.            
       0.Info>>scattering.signal.file=signal.h5                                 
       0.Info>>scattering.signal.filepath=/home/amajumda/study/continuum_simulations/gitlab/continuum-to-scattering/data/100_100_100_10_10_10/single_atom_shrink/iteration_002/t005/signal.h5
       0.Info>>scattering.signal.fqt=1                                          
       0.Info>>scattering.signal.fq0=1                                          
       0.Info>>scattering.signal.fq=1                                           
       0.Info>>scattering.signal.fq2=1                                          
       0.Info>>Analyzing command line for parameter overwrites                  
       0.Info>>Reading database from file: /home/amajumda/study/continuum_simulations/gitlab/continuum-to-scattering/data/100_100_100_10_10_10/single_atom_shrink/iteration_002/t005/database/db-neutron-coherent.xml
       0.Info>>Checking database...                                             
       0.Info>>Testing mapping between PDB names and atom labels                
       0.Info>>Testing database completeness for referenced atom labels         
       0.Info>>Check succeeded. Database seems OK.                              
       0.Info>>Initializing sample...                                           
       0.Info>>Reading structure from file: /home/amajumda/study/continuum_simulations/gitlab/continuum-to-scattering/data/100_100_100_10_10_10/single_atom_shrink/iteration_002/t005/pdb_dcd/sample.pdb
       0.Info>>Done. Atoms read: 1000                                           
       0.Info>>Reading frames from: /home/amajumda/study/continuum_simulations/gitlab/continuum-to-scattering/data/100_100_100_10_10_10/single_atom_shrink/iteration_002/t005/pdb_dcd/sample.dcd
       0.Info>>Found 1 frames                                                   
       0.Info>>Total number of coordinate sets found: 1                         
       0.Info>>Exchanging sample, database & params information with compute nodes... 
       0.Info>>params...                                                        
       0.Info>>database...                                                      
       0.Info>>sample...                                                        
       0.Info>>.................................................................
       0.Info>>......................C.O.M.P.U.T.A.T.I.O.N......................
       0.Info>>.................................................................
       0.Info>>Setting up services...                                           
       0.Info>>Initializing data file service...                                
       0.Info>>Initializing monitor service...                                  
       0.Info>>Starting data file service...                                    
       0.Info>>Starting monitor service...                                      
       0.Info>>Services setup and running...                                    
       0.Info>>Checking /home/amajumda/study/continuum_simulations/gitlab/continuum-to-scattering/data/100_100_100_10_10_10/single_atom_shrink/iteration_002/t005/signal.h5 for old results.
       0.Info>>Broadcasting service information                                 
       0.Info>>Server host name    : hzglap02                                   
       0.Info>>FileService Port    : 33291                                      
       0.Info>>MonitorService Port : 37277                                      
       0.Info>>Setting up parallel environment...                               
       0.Info>>Searching for decomposition plan:                                
       0.Info>>nodes    = 8                                                     
       0.Info>>qvectors = 100                                                   
       0.Info>>frames   = 1                                                     
       0.Info>>atoms   = 1000                                                   
       0.Info>>All interference scattering detected. Applying frame decomposition.
       0.Info>>Automatic decomposition. Searching for best utilization.         
       0.Info>>Final decomposition parameters:                                  
       0.Info>>NN                : 8                                            
       0.Info>>NQ                : 100                                          
       0.Info>>NAF               : 1                                            
       0.Info>>NP                : 8                                            
       0.Info>>NNpP              : 1                                            
       0.Info>>NAFcycles         : 1                                            
       0.Info>>NQcycles          : 13                                           
       0.Info>>CompEl (WASTE/USE): 4/100                                        
       0.Info>>utilization(1=best)    : 0.96153846153846156                     
       0.Info>>Initializing Scatter Device, Vectors (all)                       
       0.Info>>Starting scattering...                                           
       0.Info>>Checking memory requirements for scattering calculation...       
       0.Info>>required limits.computation.memory.result_buffer=16              
       0.Info>>required limits.computation.memory.signal_buffer=16              
       0.Info>>required limits.computation.memory.exchange_buffer=0             
       0.Info>>required limits.computation.memory.alignpad_buffer=32            
       0.Info>>Memory limits ok                                                 
       0.Info>>Staging data...                                                  
       0.Info>>Forcing stager.mode=frames                                       
       0.Info>>Staging first partition.                                         
       0.Info>>Staging remaining partitions.                                    
       0.Info>>background scattering length set to 0                            
       0.Info>>Target initialized.                                              
       0.Info>>Target 'system' produces a background scattering length density of 0.10355681630512822
       0.Info>>Starting computation...                                          
       0.Info>>Orientational averaging includes 100 vectors                     
       0.Info>>Setting progress sampling factor for monitoring to 1             
       0.Info>>Scattering finished...                                           
       0.Info>>.................................................................
       0.Info>>.....................R.U.N...A.N.A.L.Y.S.I.S.....................
       0.Info>>.................................................................
       0.Info>>Aggregating timing information for performance analysis...       
       0.Info>>                                                                 
       0.Info>>                    Performance Analysis                         
       0.Info>>-----------------------------------------------------------------
       0.Info>> mean and total runtimes:                                        
       0.Info>>-----------------------------------------------------------------
       0.Info>>          measure |    total |       count |     mean |   stddev 
       0.Info>>-----------------------------------------------------------------
       0.Info>>   sd:c:b:dspstore| 2.726e-02|        10000| 2.726e-06| 1.589e-06
       0.Info>>    sd:c:b:scatter| 6.441e-01|        10000| 6.441e-05| 1.674e-05
       0.Info>>        sd:c:block| 7.769e-01|          100| 7.769e-03| 5.521e-04
       0.Info>>         sd:c:init| 1.495e-01|          100| 1.495e-03| 3.107e-04
       0.Info>>       sd:c:reduce| 1.060e-04|          100| 1.060e-06| 5.062e-07
       0.Info>>         sd:c:wait| 1.510e-04|          100| 1.510e-06| 7.857e-07
       0.Info>>        sd:compute| 9.287e-01|          100| 9.287e-03| 6.531e-04
       0.Info>>         sd:runner| 9.315e-01|            8| 1.164e-01| 0.000e+00
       0.Info>>          sd:stage| 4.577e-03|            8| 5.721e-04| 0.000e+00
       0.Info>> sd:worker:scatter| 4.534e-01|        10000| 4.534e-05| 8.412e-06
       0.Info>>    sd:worker:wait| 3.984e-01|        10000| 3.984e-05| 1.575e-04
       0.Info>>          sd:write| 7.960e-04|          100| 7.960e-06| 5.015e-06
       0.Info>>           st:fill| 8.460e-04|            8| 1.057e-04| 0.000e+00
       0.Info>>          st:first| 3.470e-04|            1| 3.470e-04| 0.000e+00
       0.Info>>           st:load| 3.110e-04|            1| 3.110e-04| 0.000e+00
       0.Info>>           st:wait| 2.742e-03|            8| 3.427e-04| 0.000e+00
       0.Info>>-----------------------------------------------------------------
       0.Info>>-----------------------------------------------------------------
       0.Info>> watermarks:                                                     
       0.Info>>-----------------------------------------------------------------
       0.Info>>          measure |      min |      max                          
       0.Info>>-----------------------------------------------------------------
       0.Info>>   sd:c:b:dspstore| 1.000e-06| 6.300e-05                         
       0.Info>>    sd:c:b:scatter| 2.400e-05| 1.019e-03                         
       0.Info>>        sd:c:block| 5.089e-03| 9.166e-03                         
       0.Info>>         sd:c:init| 9.650e-04| 2.137e-03                         
       0.Info>>       sd:c:reduce| 0.000e+00| 3.000e-06                         
       0.Info>>         sd:c:wait| 1.000e-06| 7.000e-06                         
       0.Info>>        sd:compute| 6.954e-03| 1.099e-02                         
       0.Info>>         sd:runner| 1.046e-01| 1.239e-01                         
       0.Info>>          sd:stage| 5.650e-04| 5.800e-04                         
       0.Info>> sd:worker:scatter| 1.200e-05| 3.620e-04                         
       0.Info>>    sd:worker:wait| 1.200e-05| 2.231e-03                         
       0.Info>>          sd:write| 4.000e-06| 2.800e-05                         
       0.Info>>           st:fill| 8.600e-05| 1.120e-04                         
       0.Info>>          st:first| 3.470e-04| 3.470e-04                         
       0.Info>>           st:load| 3.110e-04| 3.110e-04                         
       0.Info>>           st:wait| 6.000e-06| 3.930e-04                         
       0.Info>>-----------------------------------------------------------------
       0.Info>>                                                                 
       0.Info>>         Performance Analysis (relative to total time * nodes)   
       0.Info>>-----------------------------------------------------------------
       0.Info>> mean and total runtimes:                                        
       0.Info>>-----------------------------------------------------------------
       0.Info>>          measure |    total |       count |     mean |   stddev 
       0.Info>>-----------------------------------------------------------------
       0.Info>>   sd:c:b:dspstore| 2.029e-02|        10000| 2.029e-06| 1.371e-06
       0.Info>>    sd:c:b:scatter| 4.794e-01|        10000| 4.794e-05| 1.444e-05
       0.Info>>        sd:c:block| 5.783e-01|          100| 5.783e-03| 4.763e-04
       0.Info>>         sd:c:init| 1.113e-01|          100| 1.113e-03| 2.681e-04
       0.Info>>       sd:c:reduce| 7.890e-05|          100| 7.890e-07| 4.367e-07
       0.Info>>         sd:c:wait| 1.124e-04|          100| 1.124e-06| 6.779e-07
       0.Info>>        sd:compute| 6.912e-01|          100| 6.912e-03| 5.634e-04
       0.Info>>         sd:runner| 6.933e-01|            8| 8.666e-02| 0.000e+00
       0.Info>>          sd:stage| 3.407e-03|            8| 4.258e-04| 0.000e+00
       0.Info>> sd:worker:scatter| 3.375e-01|        10000| 3.375e-05| 7.257e-06
       0.Info>>    sd:worker:wait| 2.965e-01|        10000| 2.965e-05| 1.359e-04
       0.Info>>          sd:write| 5.925e-04|          100| 5.925e-06| 4.327e-06
       0.Info>>           st:fill| 6.297e-04|            8| 7.871e-05| 0.000e+00
       0.Info>>          st:first| 2.583e-04|            1| 2.583e-04| 0.000e+00
       0.Info>>           st:load| 2.315e-04|            1| 2.315e-04| 0.000e+00
       0.Info>>           st:wait| 2.041e-03|            8| 2.551e-04| 0.000e+00
       0.Info>>-----------------------------------------------------------------
       0.Info>>-----------------------------------------------------------------
       0.Info>> watermarks:                                                     
       0.Info>>-----------------------------------------------------------------
       0.Info>>          measure |      min |      max                          
       0.Info>>-----------------------------------------------------------------
       0.Info>>   sd:c:b:dspstore| 7.443e-07| 4.689e-05                         
       0.Info>>    sd:c:b:scatter| 1.786e-05| 7.585e-04                         
       0.Info>>        sd:c:block| 3.788e-03| 6.822e-03                         
       0.Info>>         sd:c:init| 7.183e-04| 1.591e-03                         
       0.Info>>       sd:c:reduce| 0.000e+00| 2.233e-06                         
       0.Info>>         sd:c:wait| 7.443e-07| 5.210e-06                         
       0.Info>>        sd:compute| 5.176e-03| 8.184e-03                         
       0.Info>>         sd:runner| 7.786e-02| 9.224e-02                         
       0.Info>>          sd:stage| 4.205e-04| 4.317e-04                         
       0.Info>> sd:worker:scatter| 8.932e-06| 2.694e-04                         
       0.Info>>    sd:worker:wait| 8.932e-06| 1.661e-03                         
       0.Info>>          sd:write| 2.977e-06| 2.084e-05                         
       0.Info>>           st:fill| 6.401e-05| 8.336e-05                         
       0.Info>>          st:first| 2.583e-04| 2.583e-04                         
       0.Info>>           st:load| 2.315e-04| 2.315e-04                         
       0.Info>>           st:wait| 4.466e-06| 2.925e-04                         
       0.Info>>-----------------------------------------------------------------
       0.Info>>Total runtime (s): 0.16794000000000001                           
       0.Info>>Successfully finished... Have a nice day!                        
