       0.Info>>This software is being developed by Benjamin Lindner.                    
       0.Info>>For help, suggestions or correspondense use:                             
       0.Info>>ben@benlabs.net, Benjamin Lindner (Main Developer, Impl. & Maintenance)  
       0.Info>>franc@cmm.ki.si, Franci Merzel (Methodology)                             
       0.Info>>For publications include the following references:                       
       0.Info>>.........................................................................
       0.Info>>1. Sassena - X-ray and Neutron Scattering Calculated                     
       0.Info>>  from Molecular Dynamics Trajectories using Massively Parallel Computers
       0.Info>>  published as a Computer Program in Physics Paper                       
       0.Info>>.........................................................................
       0.Info>>Version Information: 1.4.2                                       
       0.Info>>                                                                 
       0.Info>>.................................................................
       0.Info>>......................D.E.S.C.R.I.P.T.I.O.N......................
       0.Info>>.................................................................
       0.Info>>This binary computes the scattering intensities directly from    
       0.Info>>a molecular dynamics trajectory.                                 
       0.Info>>.................................................................
       0.Info>>.................................................................
       0.Info>>...................I.N.I.T.I.A.L.I.Z.A.T.I.O.N...................
       0.Info>>.................................................................
       0.Info>>No configuration file specified. Will use default                
       0.Info>>Looking for configuration file: scatter.xml                      
       0.Info>>Reading parameters from XML file: scatter.xml                    
       0.Info>>Added frames from /home/amajumda/study/continuum_simulations/gitlab/continuum-to-scattering/data/100_100_100_50_50_50/single_atom_shrink/iteration_004/t004/pdb_dcd/sample.dcd using format: dcd
       0.Info>>Options: first=0, last=0, lastset=0, stride=1                    
       0.Info>>stager.target=system                                             
       0.Info>>scattering.type=all                                              
       0.Info>>scattering.dsp.type=square                                       
       0.Info>>scattering.average.orientation.type=vectors                      
       0.Info>>scattering.average.orientation.vectors.type=sphere               
       0.Info>>scattering.average.orientation.vectors.algorithm=boost_uniform_on_sphere
       0.Info>>scattering.average.orientation.vectors.resolution=100            
       0.Info>>Generating orientations for orientational averaging using sphere,boost_uniform_on_sphere
       0.Info>>Initialized orientational averaging with 100 vectors.            
       0.Info>>scattering.signal.file=signal.h5                                 
       0.Info>>scattering.signal.filepath=/home/amajumda/study/continuum_simulations/gitlab/continuum-to-scattering/data/100_100_100_50_50_50/single_atom_shrink/iteration_004/t004/signal.h5
       0.Info>>scattering.signal.fqt=1                                          
       0.Info>>scattering.signal.fq0=1                                          
       0.Info>>scattering.signal.fq=1                                           
       0.Info>>scattering.signal.fq2=1                                          
       0.Info>>Analyzing command line for parameter overwrites                  
       0.Info>>Reading database from file: /home/amajumda/study/continuum_simulations/gitlab/continuum-to-scattering/data/100_100_100_50_50_50/single_atom_shrink/iteration_004/t004/database/db-neutron-coherent.xml
       0.Info>>Checking database...                                             
       0.Info>>Testing mapping between PDB names and atom labels                
       0.Info>>Testing database completeness for referenced atom labels         
       0.Info>>Check succeeded. Database seems OK.                              
       0.Info>>Initializing sample...                                           
       0.Info>>Reading structure from file: /home/amajumda/study/continuum_simulations/gitlab/continuum-to-scattering/data/100_100_100_50_50_50/single_atom_shrink/iteration_004/t004/pdb_dcd/sample.pdb
       0.Info>>Done. Atoms read: 125000                                         
       0.Info>>Reading frames from: /home/amajumda/study/continuum_simulations/gitlab/continuum-to-scattering/data/100_100_100_50_50_50/single_atom_shrink/iteration_004/t004/pdb_dcd/sample.dcd
       0.Info>>Found 1 frames                                                   
       0.Info>>Total number of coordinate sets found: 1                         
       0.Info>>Exchanging sample, database & params information with compute nodes... 
       0.Info>>params...                                                        
       0.Info>>database...                                                      
       0.Info>>sample...                                                        
       0.Info>>.................................................................
       0.Info>>......................C.O.M.P.U.T.A.T.I.O.N......................
       0.Info>>.................................................................
       0.Info>>Setting up services...                                           
       0.Info>>Initializing data file service...                                
       0.Info>>Initializing monitor service...                                  
       0.Info>>Starting data file service...                                    
       0.Info>>Starting monitor service...                                      
       0.Info>>Services setup and running...                                    
       0.Info>>Checking /home/amajumda/study/continuum_simulations/gitlab/continuum-to-scattering/data/100_100_100_50_50_50/single_atom_shrink/iteration_004/t004/signal.h5 for old results.
       0.Info>>Broadcasting service information                                 
       0.Info>>Server host name    : hzglap02                                   
       0.Info>>FileService Port    : 35295                                      
       0.Info>>MonitorService Port : 38897                                      
       0.Info>>Setting up parallel environment...                               
       0.Info>>Searching for decomposition plan:                                
       0.Info>>nodes    = 8                                                     
       0.Info>>qvectors = 100                                                   
       0.Info>>frames   = 1                                                     
       0.Info>>atoms   = 125000                                                 
       0.Info>>All interference scattering detected. Applying frame decomposition.
       0.Info>>Automatic decomposition. Searching for best utilization.         
       0.Info>>Final decomposition parameters:                                  
       0.Info>>NN                : 8                                            
       0.Info>>NQ                : 100                                          
       0.Info>>NAF               : 1                                            
       0.Info>>NP                : 8                                            
       0.Info>>NNpP              : 1                                            
       0.Info>>NAFcycles         : 1                                            
       0.Info>>NQcycles          : 13                                           
       0.Info>>CompEl (WASTE/USE): 4/100                                        
       0.Info>>utilization(1=best)    : 0.96153846153846156                     
       0.Info>>Initializing Scatter Device, Vectors (all)                       
       0.Info>>Starting scattering...                                           
       0.Info>>Checking memory requirements for scattering calculation...       
       0.Info>>required limits.computation.memory.result_buffer=16              
       0.Info>>required limits.computation.memory.signal_buffer=16              
       0.Info>>required limits.computation.memory.exchange_buffer=0             
       0.Info>>required limits.computation.memory.alignpad_buffer=32            
       0.Info>>Memory limits ok                                                 
       0.Info>>Staging data...                                                  
       0.Info>>Forcing stager.mode=frames                                       
       0.Info>>Staging first partition.                                         
       0.Info>>Staging remaining partitions.                                    
       0.Info>>background scattering length set to 0                            
       0.Info>>Target initialized.                                              
       0.Info>>Target 'system' produces a background scattering length density of 0.0010160926909770964
       0.Info>>Starting computation...                                          
       0.Info>>Orientational averaging includes 100 vectors                     
       0.Info>>Setting progress sampling factor for monitoring to 1             
       0.Info>>Progress: 1.385%, ETOTAL: 57.522694736842105 s, ETA: 56.725765736842106 s
       0.Info>>Progress: 2.635%, ETOTAL: 30.958140711462452 s, ETA: 30.142264711462452 s
       0.Info>>Progress: 3.885%, ETOTAL: 21.088600536193031 s, ETA: 20.269220536193032 s
       0.Info>>Progress: 6.021%, ETOTAL: 13.717552941176471 s, ETA: 12.891641941176472 s
       0.Info>>Progress: 11.292%, ETOTAL: 7.5296678966789674 s, ETA: 6.6794428966789674 s
       0.Info>>Progress: 21.561%, ETOTAL: 13.022333640552993 s, ETA: 10.214601640552994 s
       0.Info>>Progress: 32.321%, ETOTAL: 8.7286362554541803 s, ETA: 5.9074962554541806 s
       0.Info>>Progress: 42.580%, ETOTAL: 11.257009318780577 s, ETA: 6.4637603187805786 s
       0.Info>>Progress: 52.580%, ETOTAL: 9.2859910515086845 s, ETA: 4.4034050515086856 s
       0.Info>>Progress: 62.705%, ETOTAL: 7.9339077080351625 s, ETA: 2.958940708035164 s
       0.Info>>Progress: 72.705%, ETOTAL: 9.3825472403456178 s, ETA: 2.5609542403456196 s
       0.Info>>Progress: 82.330%, ETOTAL: 8.3117968466539498 s, ETA: 1.4686838466539509 s
       0.Info>>Scattering finished...                                           
       0.Info>>.................................................................
       0.Info>>.....................R.U.N...A.N.A.L.Y.S.I.S.....................
       0.Info>>.................................................................
       0.Info>>Aggregating timing information for performance analysis...       
       0.Info>>                                                                 
       0.Info>>                    Performance Analysis                         
       0.Info>>-----------------------------------------------------------------
       0.Info>> mean and total runtimes:                                        
       0.Info>>-----------------------------------------------------------------
       0.Info>>          measure |    total |       count |     mean |   stddev 
       0.Info>>-----------------------------------------------------------------
       0.Info>>   sd:c:b:dspstore| 3.725e-02|        10000| 3.725e-06| 2.041e-06
       0.Info>>    sd:c:b:scatter| 4.400e+01|        10000| 4.400e-03| 8.122e-04
       0.Info>>        sd:c:block| 4.418e+01|          100| 4.418e-01| 4.240e-02
       0.Info>>         sd:c:init| 1.486e+01|          100| 1.486e-01| 3.012e-02
       0.Info>>       sd:c:reduce| 1.190e-04|          100| 1.190e-06| 1.705e-06
       0.Info>>         sd:c:wait| 1.740e-04|          100| 1.740e-06| 5.736e-07
       0.Info>>        sd:compute| 5.905e+01|          100| 5.905e-01| 5.647e-02
       0.Info>>         sd:runner| 5.905e+01|            8| 7.381e+00| 0.000e+00
       0.Info>>          sd:stage| 2.464e-01|            8| 3.080e-02| 0.000e+00
       0.Info>> sd:worker:scatter| 4.363e+01|        10000| 4.363e-03| 7.987e-04
       0.Info>>    sd:worker:wait| 1.532e+01|        10000| 1.532e-03| 1.514e-02
       0.Info>>          sd:write| 1.037e-03|          100| 1.037e-05| 7.240e-06
       0.Info>>           st:fill| 1.430e-02|            8| 1.787e-03| 0.000e+00
       0.Info>>          st:first| 2.884e-02|            1| 2.884e-02| 0.000e+00
       0.Info>>           st:load| 2.841e-02|            1| 2.841e-02| 0.000e+00
       0.Info>>           st:wait| 2.022e-01|            8| 2.528e-02| 0.000e+00
       0.Info>>-----------------------------------------------------------------
       0.Info>>-----------------------------------------------------------------
       0.Info>> watermarks:                                                     
       0.Info>>-----------------------------------------------------------------
       0.Info>>          measure |      min |      max                          
       0.Info>>-----------------------------------------------------------------
       0.Info>>   sd:c:b:dspstore| 1.000e-06| 7.200e-05                         
       0.Info>>    sd:c:b:scatter| 1.522e-03| 1.227e-02                         
       0.Info>>        sd:c:block| 1.582e-01| 5.692e-01                         
       0.Info>>         sd:c:init| 1.157e-01| 2.541e-01                         
       0.Info>>       sd:c:reduce| 0.000e+00| 1.800e-05                         
       0.Info>>         sd:c:wait| 1.000e-06| 4.000e-06                         
       0.Info>>        sd:compute| 2.744e-01| 7.375e-01                         
       0.Info>>         sd:runner| 6.140e+00| 8.066e+00                         
       0.Info>>          sd:stage| 3.063e-02| 3.087e-02                         
       0.Info>> sd:worker:scatter| 1.501e-03| 1.221e-02                         
       0.Info>>    sd:worker:wait| 1.000e-06| 2.542e-01                         
       0.Info>>          sd:write| 5.000e-06| 3.900e-05                         
       0.Info>>           st:fill| 1.592e-03| 1.858e-03                         
       0.Info>>          st:first| 2.884e-02| 2.884e-02                         
       0.Info>>           st:load| 2.841e-02| 2.841e-02                         
       0.Info>>           st:wait| 8.000e-06| 2.889e-02                         
       0.Info>>-----------------------------------------------------------------
       0.Info>>                                                                 
       0.Info>>         Performance Analysis (relative to total time * nodes)   
       0.Info>>-----------------------------------------------------------------
       0.Info>> mean and total runtimes:                                        
       0.Info>>-----------------------------------------------------------------
       0.Info>>          measure |    total |       count |     mean |   stddev 
       0.Info>>-----------------------------------------------------------------
       0.Info>>   sd:c:b:dspstore| 5.402e-04|        10000| 5.402e-08| 2.458e-07
       0.Info>>    sd:c:b:scatter| 6.381e-01|        10000| 6.381e-05| 9.781e-05
       0.Info>>        sd:c:block| 6.407e-01|          100| 6.407e-03| 5.106e-03
       0.Info>>         sd:c:init| 2.155e-01|          100| 2.155e-03| 3.627e-03
       0.Info>>       sd:c:reduce| 1.726e-06|          100| 1.726e-08| 2.053e-07
       0.Info>>         sd:c:wait| 2.523e-06|          100| 2.523e-08| 6.908e-08
       0.Info>>        sd:compute| 8.563e-01|          100| 8.563e-03| 6.800e-03
       0.Info>>         sd:runner| 8.563e-01|            8| 1.070e-01| 0.000e+00
       0.Info>>          sd:stage| 3.573e-03|            8| 4.466e-04| 0.000e+00
       0.Info>> sd:worker:scatter| 6.327e-01|        10000| 6.327e-05| 9.618e-05
       0.Info>>    sd:worker:wait| 2.222e-01|        10000| 2.222e-05| 1.823e-03
       0.Info>>          sd:write| 1.504e-05|          100| 1.504e-07| 8.719e-07
       0.Info>>           st:fill| 2.073e-04|            8| 2.591e-05| 0.000e+00
       0.Info>>          st:first| 4.182e-04|            1| 4.182e-04| 0.000e+00
       0.Info>>           st:load| 4.120e-04|            1| 4.120e-04| 0.000e+00
       0.Info>>           st:wait| 2.932e-03|            8| 3.665e-04| 0.000e+00
       0.Info>>-----------------------------------------------------------------
       0.Info>>-----------------------------------------------------------------
       0.Info>> watermarks:                                                     
       0.Info>>-----------------------------------------------------------------
       0.Info>>          measure |      min |      max                          
       0.Info>>-----------------------------------------------------------------
       0.Info>>   sd:c:b:dspstore| 1.450e-08| 1.044e-06                         
       0.Info>>    sd:c:b:scatter| 2.207e-05| 1.779e-04                         
       0.Info>>        sd:c:block| 2.294e-03| 8.255e-03                         
       0.Info>>         sd:c:init| 1.678e-03| 3.684e-03                         
       0.Info>>       sd:c:reduce| 0.000e+00| 2.610e-07                         
       0.Info>>         sd:c:wait| 1.450e-08| 5.800e-08                         
       0.Info>>        sd:compute| 3.979e-03| 1.070e-02                         
       0.Info>>         sd:runner| 8.904e-02| 1.170e-01                         
       0.Info>>          sd:stage| 4.442e-04| 4.476e-04                         
       0.Info>> sd:worker:scatter| 2.177e-05| 1.770e-04                         
       0.Info>>    sd:worker:wait| 1.450e-08| 3.686e-03                         
       0.Info>>          sd:write| 7.251e-08| 5.655e-07                         
       0.Info>>           st:fill| 2.309e-05| 2.694e-05                         
       0.Info>>          st:first| 4.182e-04| 4.182e-04                         
       0.Info>>           st:load| 4.120e-04| 4.120e-04                         
       0.Info>>           st:wait| 1.160e-07| 4.189e-04                         
       0.Info>>-----------------------------------------------------------------
       0.Info>>Total runtime (s): 8.6199720000000006                            
       0.Info>>Successfully finished... Have a nice day!                        
