       0.Info>>This software is being developed by Benjamin Lindner.                    
       0.Info>>For help, suggestions or correspondense use:                             
       0.Info>>ben@benlabs.net, Benjamin Lindner (Main Developer, Impl. & Maintenance)  
       0.Info>>franc@cmm.ki.si, Franci Merzel (Methodology)                             
       0.Info>>For publications include the following references:                       
       0.Info>>.........................................................................
       0.Info>>1. Sassena - X-ray and Neutron Scattering Calculated                     
       0.Info>>  from Molecular Dynamics Trajectories using Massively Parallel Computers
       0.Info>>  published as a Computer Program in Physics Paper                       
       0.Info>>.........................................................................
       0.Info>>Version Information: 1.4.2                                       
       0.Info>>                                                                 
       0.Info>>.................................................................
       0.Info>>......................D.E.S.C.R.I.P.T.I.O.N......................
       0.Info>>.................................................................
       0.Info>>This binary computes the scattering intensities directly from    
       0.Info>>a molecular dynamics trajectory.                                 
       0.Info>>.................................................................
       0.Info>>.................................................................
       0.Info>>...................I.N.I.T.I.A.L.I.Z.A.T.I.O.N...................
       0.Info>>.................................................................
       0.Info>>No configuration file specified. Will use default                
       0.Info>>Looking for configuration file: scatter.xml                      
       0.Info>>Reading parameters from XML file: scatter.xml                    
       0.Info>>Added frames from /home/amajumda/study/continuum_simulations/gitlab/continuum-to-scattering/data/100_100_100_50_50_50/single_atom_shrink/iteration_001/t007/pdb_dcd/sample.dcd using format: dcd
       0.Info>>Options: first=0, last=0, lastset=0, stride=1                    
       0.Info>>stager.target=system                                             
       0.Info>>scattering.type=all                                              
       0.Info>>scattering.dsp.type=square                                       
       0.Info>>scattering.average.orientation.type=vectors                      
       0.Info>>scattering.average.orientation.vectors.type=sphere               
       0.Info>>scattering.average.orientation.vectors.algorithm=boost_uniform_on_sphere
       0.Info>>scattering.average.orientation.vectors.resolution=100            
       0.Info>>Generating orientations for orientational averaging using sphere,boost_uniform_on_sphere
       0.Info>>Initialized orientational averaging with 100 vectors.            
       0.Info>>scattering.signal.file=signal.h5                                 
       0.Info>>scattering.signal.filepath=/home/amajumda/study/continuum_simulations/gitlab/continuum-to-scattering/data/100_100_100_50_50_50/single_atom_shrink/iteration_001/t007/signal.h5
       0.Info>>scattering.signal.fqt=1                                          
       0.Info>>scattering.signal.fq0=1                                          
       0.Info>>scattering.signal.fq=1                                           
       0.Info>>scattering.signal.fq2=1                                          
       0.Info>>Analyzing command line for parameter overwrites                  
       0.Info>>Reading database from file: /home/amajumda/study/continuum_simulations/gitlab/continuum-to-scattering/data/100_100_100_50_50_50/single_atom_shrink/iteration_001/t007/database/db-neutron-coherent.xml
       0.Info>>Checking database...                                             
       0.Info>>Testing mapping between PDB names and atom labels                
       0.Info>>Testing database completeness for referenced atom labels         
       0.Info>>Check succeeded. Database seems OK.                              
       0.Info>>Initializing sample...                                           
       0.Info>>Reading structure from file: /home/amajumda/study/continuum_simulations/gitlab/continuum-to-scattering/data/100_100_100_50_50_50/single_atom_shrink/iteration_001/t007/pdb_dcd/sample.pdb
       0.Info>>Done. Atoms read: 125000                                         
       0.Info>>Reading frames from: /home/amajumda/study/continuum_simulations/gitlab/continuum-to-scattering/data/100_100_100_50_50_50/single_atom_shrink/iteration_001/t007/pdb_dcd/sample.dcd
       0.Info>>Found 1 frames                                                   
       0.Info>>Total number of coordinate sets found: 1                         
       0.Info>>Exchanging sample, database & params information with compute nodes... 
       0.Info>>params...                                                        
       0.Info>>database...                                                      
       0.Info>>sample...                                                        
       0.Info>>.................................................................
       0.Info>>......................C.O.M.P.U.T.A.T.I.O.N......................
       0.Info>>.................................................................
       0.Info>>Setting up services...                                           
       0.Info>>Initializing data file service...                                
       0.Info>>Initializing monitor service...                                  
       0.Info>>Starting data file service...                                    
       0.Info>>Starting monitor service...                                      
       0.Info>>Services setup and running...                                    
       0.Info>>Checking /home/amajumda/study/continuum_simulations/gitlab/continuum-to-scattering/data/100_100_100_50_50_50/single_atom_shrink/iteration_001/t007/signal.h5 for old results.
       0.Info>>Broadcasting service information                                 
       0.Info>>Server host name    : hzglap02                                   
       0.Info>>FileService Port    : 35615                                      
       0.Info>>MonitorService Port : 38771                                      
       0.Info>>Setting up parallel environment...                               
       0.Info>>Searching for decomposition plan:                                
       0.Info>>nodes    = 8                                                     
       0.Info>>qvectors = 100                                                   
       0.Info>>frames   = 1                                                     
       0.Info>>atoms   = 125000                                                 
       0.Info>>All interference scattering detected. Applying frame decomposition.
       0.Info>>Automatic decomposition. Searching for best utilization.         
       0.Info>>Final decomposition parameters:                                  
       0.Info>>NN                : 8                                            
       0.Info>>NQ                : 100                                          
       0.Info>>NAF               : 1                                            
       0.Info>>NP                : 8                                            
       0.Info>>NNpP              : 1                                            
       0.Info>>NAFcycles         : 1                                            
       0.Info>>NQcycles          : 13                                           
       0.Info>>CompEl (WASTE/USE): 4/100                                        
       0.Info>>utilization(1=best)    : 0.96153846153846156                     
       0.Info>>Initializing Scatter Device, Vectors (all)                       
       0.Info>>Starting scattering...                                           
       0.Info>>Checking memory requirements for scattering calculation...       
       0.Info>>required limits.computation.memory.result_buffer=16              
       0.Info>>required limits.computation.memory.signal_buffer=16              
       0.Info>>required limits.computation.memory.exchange_buffer=0             
       0.Info>>required limits.computation.memory.alignpad_buffer=32            
       0.Info>>Memory limits ok                                                 
       0.Info>>Staging data...                                                  
       0.Info>>Forcing stager.mode=frames                                       
       0.Info>>Staging first partition.                                         
       0.Info>>Staging remaining partitions.                                    
       0.Info>>background scattering length set to 0                            
       0.Info>>Target initialized.                                              
       0.Info>>Target 'system' produces a background scattering length density of 0.0005377077339227635
       0.Info>>Starting computation...                                          
       0.Info>>Orientational averaging includes 100 vectors                     
       0.Info>>Setting progress sampling factor for monitoring to 1             
       0.Info>>Progress: 2.885%, ETOTAL: 56.943189333333329 s, ETA: 55.300597333333329 s
       0.Info>>Progress: 6.895%, ETOTAL: 23.915711888436952 s, ETA: 22.266715888436952 s
       0.Info>>Progress: 12.665%, ETOTAL: 13.110956143236745 s, ETA: 11.450445143236745 s
       0.Info>>Progress: 21.320%, ETOTAL: 8.1148658924343202 s, ETA: 6.3847998924343203 s
       0.Info>>Progress: 31.330%, ETOTAL: 11.614602966751917 s, ETA: 7.9757329667519175 s
       0.Info>>Progress: 41.455%, ETOTAL: 8.8159635688882023 s, ETA: 5.1612945688882021 s
       0.Info>>Progress: 50.705%, ETOTAL: 7.2303317825537281 s, ETA: 3.5641827825537287 s
       0.Info>>Progress: 60.705%, ETOTAL: 9.3172721436114028 s, ETA: 3.6612101436114033 s
       0.Info>>Progress: 71.705%, ETOTAL: 7.9879726086179144 s, ETA: 2.2601866086179152 s
       0.Info>>Progress: 82.955%, ETOTAL: 9.2298766401360002 s, ETA: 1.5732206401360012 s
       0.Info>>Scattering finished...                                           
       0.Info>>.................................................................
       0.Info>>.....................R.U.N...A.N.A.L.Y.S.I.S.....................
       0.Info>>.................................................................
       0.Info>>Aggregating timing information for performance analysis...       
       0.Info>>                                                                 
       0.Info>>                    Performance Analysis                         
       0.Info>>-----------------------------------------------------------------
       0.Info>> mean and total runtimes:                                        
       0.Info>>-----------------------------------------------------------------
       0.Info>>          measure |    total |       count |     mean |   stddev 
       0.Info>>-----------------------------------------------------------------
       0.Info>>   sd:c:b:dspstore| 3.566e-02|        10000| 3.566e-06| 1.919e-06
       0.Info>>    sd:c:b:scatter| 4.315e+01|        10000| 4.315e-03| 8.016e-04
       0.Info>>        sd:c:block| 4.333e+01|          100| 4.333e-01| 4.030e-02
       0.Info>>         sd:c:init| 1.404e+01|          100| 1.404e-01| 2.670e-02
       0.Info>>       sd:c:reduce| 1.060e-04|          100| 1.060e-06| 6.978e-07
       0.Info>>         sd:c:wait| 1.590e-04|          100| 1.590e-06| 6.448e-07
       0.Info>>        sd:compute| 5.737e+01|          100| 5.737e-01| 5.161e-02
       0.Info>>         sd:runner| 5.738e+01|            8| 7.172e+00| 0.000e+00
       0.Info>>          sd:stage| 1.933e-01|            8| 2.417e-02| 0.000e+00
       0.Info>> sd:worker:scatter| 4.275e+01|        10000| 4.275e-03| 7.629e-04
       0.Info>>    sd:worker:wait| 1.452e+01|        10000| 1.452e-03| 1.425e-02
       0.Info>>          sd:write| 9.690e-04|          100| 9.690e-06| 7.153e-06
       0.Info>>           st:fill| 1.204e-02|            8| 1.505e-03| 0.000e+00
       0.Info>>          st:first| 2.254e-02|            1| 2.254e-02| 0.000e+00
       0.Info>>           st:load| 2.216e-02|            1| 2.216e-02| 0.000e+00
       0.Info>>           st:wait| 1.581e-01|            8| 1.976e-02| 0.000e+00
       0.Info>>-----------------------------------------------------------------
       0.Info>>-----------------------------------------------------------------
       0.Info>> watermarks:                                                     
       0.Info>>-----------------------------------------------------------------
       0.Info>>          measure |      min |      max                          
       0.Info>>-----------------------------------------------------------------
       0.Info>>   sd:c:b:dspstore| 2.000e-06| 6.900e-05                         
       0.Info>>    sd:c:b:scatter| 1.462e-03| 1.500e-02                         
       0.Info>>        sd:c:block| 1.536e-01| 5.362e-01                         
       0.Info>>         sd:c:init| 1.108e-01| 2.222e-01                         
       0.Info>>       sd:c:reduce| 0.000e+00| 6.000e-06                         
       0.Info>>         sd:c:wait| 1.000e-06| 4.000e-06                         
       0.Info>>        sd:compute| 2.645e-01| 6.932e-01                         
       0.Info>>         sd:runner| 6.192e+00| 7.918e+00                         
       0.Info>>          sd:stage| 2.402e-02| 2.423e-02                         
       0.Info>> sd:worker:scatter| 1.441e-03| 9.857e-03                         
       0.Info>>    sd:worker:wait| 1.000e-06| 2.223e-01                         
       0.Info>>          sd:write| 5.000e-06| 4.900e-05                         
       0.Info>>           st:fill| 1.354e-03| 1.566e-03                         
       0.Info>>          st:first| 2.254e-02| 2.254e-02                         
       0.Info>>           st:load| 2.216e-02| 2.216e-02                         
       0.Info>>           st:wait| 8.000e-06| 2.258e-02                         
       0.Info>>-----------------------------------------------------------------
       0.Info>>                                                                 
       0.Info>>         Performance Analysis (relative to total time * nodes)   
       0.Info>>-----------------------------------------------------------------
       0.Info>> mean and total runtimes:                                        
       0.Info>>-----------------------------------------------------------------
       0.Info>>          measure |    total |       count |     mean |   stddev 
       0.Info>>-----------------------------------------------------------------
       0.Info>>   sd:c:b:dspstore| 5.353e-04|        10000| 5.353e-08| 2.351e-07
       0.Info>>    sd:c:b:scatter| 6.477e-01|        10000| 6.477e-05| 9.821e-05
       0.Info>>        sd:c:block| 6.504e-01|          100| 6.504e-03| 4.937e-03
       0.Info>>         sd:c:init| 2.108e-01|          100| 2.108e-03| 3.272e-03
       0.Info>>       sd:c:reduce| 1.591e-06|          100| 1.591e-08| 8.549e-08
       0.Info>>         sd:c:wait| 2.387e-06|          100| 2.387e-08| 7.900e-08
       0.Info>>        sd:compute| 8.612e-01|          100| 8.612e-03| 6.323e-03
       0.Info>>         sd:runner| 8.613e-01|            8| 1.077e-01| 0.000e+00
       0.Info>>          sd:stage| 2.902e-03|            8| 3.628e-04| 0.000e+00
       0.Info>> sd:worker:scatter| 6.418e-01|        10000| 6.418e-05| 9.347e-05
       0.Info>>    sd:worker:wait| 2.180e-01|        10000| 2.180e-05| 1.746e-03
       0.Info>>          sd:write| 1.455e-05|          100| 1.455e-07| 8.764e-07
       0.Info>>           st:fill| 1.808e-04|            8| 2.260e-05| 0.000e+00
       0.Info>>          st:first| 3.384e-04|            1| 3.384e-04| 0.000e+00
       0.Info>>           st:load| 3.326e-04|            1| 3.326e-04| 0.000e+00
       0.Info>>           st:wait| 2.373e-03|            8| 2.966e-04| 0.000e+00
       0.Info>>-----------------------------------------------------------------
       0.Info>>-----------------------------------------------------------------
       0.Info>> watermarks:                                                     
       0.Info>>-----------------------------------------------------------------
       0.Info>>          measure |      min |      max                          
       0.Info>>-----------------------------------------------------------------
       0.Info>>   sd:c:b:dspstore| 3.002e-08| 1.036e-06                         
       0.Info>>    sd:c:b:scatter| 2.195e-05| 2.251e-04                         
       0.Info>>        sd:c:block| 2.306e-03| 8.049e-03                         
       0.Info>>         sd:c:init| 1.664e-03| 3.335e-03                         
       0.Info>>       sd:c:reduce| 0.000e+00| 9.006e-08                         
       0.Info>>         sd:c:wait| 1.501e-08| 6.004e-08                         
       0.Info>>        sd:compute| 3.970e-03| 1.041e-02                         
       0.Info>>         sd:runner| 9.294e-02| 1.189e-01                         
       0.Info>>          sd:stage| 3.606e-04| 3.637e-04                         
       0.Info>> sd:worker:scatter| 2.163e-05| 1.480e-04                         
       0.Info>>    sd:worker:wait| 1.501e-08| 3.337e-03                         
       0.Info>>          sd:write| 7.505e-08| 7.355e-07                         
       0.Info>>           st:fill| 2.032e-05| 2.351e-05                         
       0.Info>>          st:first| 3.384e-04| 3.384e-04                         
       0.Info>>           st:load| 3.326e-04| 3.326e-04                         
       0.Info>>           st:wait| 1.201e-07| 3.390e-04                         
       0.Info>>-----------------------------------------------------------------
       0.Info>>Total runtime (s): 8.3274360000000005                            
       0.Info>>Successfully finished... Have a nice day!                        
