       0.Info>>This software is being developed by Benjamin Lindner.                    
       0.Info>>For help, suggestions or correspondense use:                             
       0.Info>>ben@benlabs.net, Benjamin Lindner (Main Developer, Impl. & Maintenance)  
       0.Info>>franc@cmm.ki.si, Franci Merzel (Methodology)                             
       0.Info>>For publications include the following references:                       
       0.Info>>.........................................................................
       0.Info>>1. Sassena - X-ray and Neutron Scattering Calculated                     
       0.Info>>  from Molecular Dynamics Trajectories using Massively Parallel Computers
       0.Info>>  published as a Computer Program in Physics Paper                       
       0.Info>>.........................................................................
       0.Info>>Version Information: 1.4.2                                       
       0.Info>>                                                                 
       0.Info>>.................................................................
       0.Info>>......................D.E.S.C.R.I.P.T.I.O.N......................
       0.Info>>.................................................................
       0.Info>>This binary computes the scattering intensities directly from    
       0.Info>>a molecular dynamics trajectory.                                 
       0.Info>>.................................................................
       0.Info>>.................................................................
       0.Info>>...................I.N.I.T.I.A.L.I.Z.A.T.I.O.N...................
       0.Info>>.................................................................
       0.Info>>No configuration file specified. Will use default                
       0.Info>>Looking for configuration file: scatter.xml                      
       0.Info>>Reading parameters from XML file: scatter.xml                    
       0.Info>>Added frames from /home/amajumda/study/continuum_simulations/gitlab/continuum-to-scattering/data/100_100_100_50_50_50/single_atom_shrink/iteration_006/t006/pdb_dcd/sample.dcd using format: dcd
       0.Info>>Options: first=0, last=0, lastset=0, stride=1                    
       0.Info>>stager.target=system                                             
       0.Info>>scattering.type=all                                              
       0.Info>>scattering.dsp.type=square                                       
       0.Info>>scattering.average.orientation.type=vectors                      
       0.Info>>scattering.average.orientation.vectors.type=sphere               
       0.Info>>scattering.average.orientation.vectors.algorithm=boost_uniform_on_sphere
       0.Info>>scattering.average.orientation.vectors.resolution=100            
       0.Info>>Generating orientations for orientational averaging using sphere,boost_uniform_on_sphere
       0.Info>>Initialized orientational averaging with 100 vectors.            
       0.Info>>scattering.signal.file=signal.h5                                 
       0.Info>>scattering.signal.filepath=/home/amajumda/study/continuum_simulations/gitlab/continuum-to-scattering/data/100_100_100_50_50_50/single_atom_shrink/iteration_006/t006/signal.h5
       0.Info>>scattering.signal.fqt=1                                          
       0.Info>>scattering.signal.fq0=1                                          
       0.Info>>scattering.signal.fq=1                                           
       0.Info>>scattering.signal.fq2=1                                          
       0.Info>>Analyzing command line for parameter overwrites                  
       0.Info>>Reading database from file: /home/amajumda/study/continuum_simulations/gitlab/continuum-to-scattering/data/100_100_100_50_50_50/single_atom_shrink/iteration_006/t006/database/db-neutron-coherent.xml
       0.Info>>Checking database...                                             
       0.Info>>Testing mapping between PDB names and atom labels                
       0.Info>>Testing database completeness for referenced atom labels         
       0.Info>>Check succeeded. Database seems OK.                              
       0.Info>>Initializing sample...                                           
       0.Info>>Reading structure from file: /home/amajumda/study/continuum_simulations/gitlab/continuum-to-scattering/data/100_100_100_50_50_50/single_atom_shrink/iteration_006/t006/pdb_dcd/sample.pdb
       0.Info>>Done. Atoms read: 125000                                         
       0.Info>>Reading frames from: /home/amajumda/study/continuum_simulations/gitlab/continuum-to-scattering/data/100_100_100_50_50_50/single_atom_shrink/iteration_006/t006/pdb_dcd/sample.dcd
       0.Info>>Found 1 frames                                                   
       0.Info>>Total number of coordinate sets found: 1                         
       0.Info>>Exchanging sample, database & params information with compute nodes... 
       0.Info>>params...                                                        
       0.Info>>database...                                                      
       0.Info>>sample...                                                        
       0.Info>>.................................................................
       0.Info>>......................C.O.M.P.U.T.A.T.I.O.N......................
       0.Info>>.................................................................
       0.Info>>Setting up services...                                           
       0.Info>>Initializing data file service...                                
       0.Info>>Initializing monitor service...                                  
       0.Info>>Starting data file service...                                    
       0.Info>>Starting monitor service...                                      
       0.Info>>Services setup and running...                                    
       0.Info>>Checking /home/amajumda/study/continuum_simulations/gitlab/continuum-to-scattering/data/100_100_100_50_50_50/single_atom_shrink/iteration_006/t006/signal.h5 for old results.
       0.Info>>Broadcasting service information                                 
       0.Info>>Server host name    : hzglap02                                   
       0.Info>>FileService Port    : 40209                                      
       0.Info>>MonitorService Port : 43159                                      
       0.Info>>Setting up parallel environment...                               
       0.Info>>Searching for decomposition plan:                                
       0.Info>>nodes    = 8                                                     
       0.Info>>qvectors = 100                                                   
       0.Info>>frames   = 1                                                     
       0.Info>>atoms   = 125000                                                 
       0.Info>>All interference scattering detected. Applying frame decomposition.
       0.Info>>Automatic decomposition. Searching for best utilization.         
       0.Info>>Final decomposition parameters:                                  
       0.Info>>NN                : 8                                            
       0.Info>>NQ                : 100                                          
       0.Info>>NAF               : 1                                            
       0.Info>>NP                : 8                                            
       0.Info>>NNpP              : 1                                            
       0.Info>>NAFcycles         : 1                                            
       0.Info>>NQcycles          : 13                                           
       0.Info>>CompEl (WASTE/USE): 4/100                                        
       0.Info>>utilization(1=best)    : 0.96153846153846156                     
       0.Info>>Initializing Scatter Device, Vectors (all)                       
       0.Info>>Starting scattering...                                           
       0.Info>>Checking memory requirements for scattering calculation...       
       0.Info>>required limits.computation.memory.result_buffer=16              
       0.Info>>required limits.computation.memory.signal_buffer=16              
       0.Info>>required limits.computation.memory.exchange_buffer=0             
       0.Info>>required limits.computation.memory.alignpad_buffer=32            
       0.Info>>Memory limits ok                                                 
       0.Info>>Staging data...                                                  
       0.Info>>Forcing stager.mode=frames                                       
       0.Info>>Staging first partition.                                         
       0.Info>>Staging remaining partitions.                                    
       0.Info>>background scattering length set to 0                            
       0.Info>>Target initialized.                                              
       0.Info>>Target 'system' produces a background scattering length density of 0.00028542295757023542
       0.Info>>Starting computation...                                          
       0.Info>>Orientational averaging includes 100 vectors                     
       0.Info>>Setting progress sampling factor for monitoring to 1             
       0.Info>>Progress: 3.885%, ETOTAL: 45.324894369973187 s, ETA: 43.563833369973189 s
       0.Info>>Progress: 6.770%, ETOTAL: 26.478131660551544 s, ETA: 24.685553660551545 s
       0.Info>>Progress: 12.414%, ETOTAL: 14.466916207319432 s, ETA: 12.670955207319432 s
       0.Info>>Progress: 21.821%, ETOTAL: 8.8705064629847197 s, ETA: 6.9349164629847202 s
       0.Info>>Progress: 31.455%, ETOTAL: 11.922599633177091 s, ETA: 8.1723306331770917 s
       0.Info>>Progress: 40.580%, ETOTAL: 9.4138120527604432 s, ETA: 5.5936750527604442 s
       0.Info>>Progress: 53.080%, ETOTAL: 10.820721792162308 s, ETA: 5.0770687921623097 s
       0.Info>>Progress: 61.830%, ETOTAL: 9.3308200508008881 s, ETA: 3.5615620508008892 s
       0.Info>>Progress: 70.830%, ETOTAL: 8.3173038780035302 s, ETA: 2.4261468780035313 s
       0.Info>>Progress: 83.205%, ETOTAL: 9.3753548228043115 s, ETA: 1.5745788228043134 s
       0.Info>>Scattering finished...                                           
       0.Info>>.................................................................
       0.Info>>.....................R.U.N...A.N.A.L.Y.S.I.S.....................
       0.Info>>.................................................................
       0.Info>>Aggregating timing information for performance analysis...       
       0.Info>>                                                                 
       0.Info>>                    Performance Analysis                         
       0.Info>>-----------------------------------------------------------------
       0.Info>> mean and total runtimes:                                        
       0.Info>>-----------------------------------------------------------------
       0.Info>>          measure |    total |       count |     mean |   stddev 
       0.Info>>-----------------------------------------------------------------
       0.Info>>   sd:c:b:dspstore| 3.939e-02|        10000| 3.939e-06| 3.224e-06
       0.Info>>    sd:c:b:scatter| 4.544e+01|        10000| 4.544e-03| 9.050e-04
       0.Info>>        sd:c:block| 4.563e+01|          100| 4.563e-01| 4.989e-02
       0.Info>>         sd:c:init| 1.600e+01|          100| 1.600e-01| 3.337e-02
       0.Info>>       sd:c:reduce| 1.020e-04|          100| 1.020e-06| 6.345e-07
       0.Info>>         sd:c:wait| 1.790e-04|          100| 1.790e-06| 6.437e-07
       0.Info>>        sd:compute| 6.164e+01|          100| 6.164e-01| 6.392e-02
       0.Info>>         sd:runner| 6.164e+01|            8| 7.705e+00| 0.000e+00
       0.Info>>          sd:stage| 1.942e-01|            8| 2.427e-02| 0.000e+00
       0.Info>> sd:worker:scatter| 4.502e+01|        10000| 4.502e-03| 8.736e-04
       0.Info>>    sd:worker:wait| 1.652e+01|        10000| 1.652e-03| 1.630e-02
       0.Info>>          sd:write| 1.030e-03|          100| 1.030e-05| 7.050e-06
       0.Info>>           st:fill| 1.175e-02|            8| 1.469e-03| 0.000e+00
       0.Info>>          st:first| 2.269e-02|            1| 2.269e-02| 0.000e+00
       0.Info>>           st:load| 2.236e-02|            1| 2.236e-02| 0.000e+00
       0.Info>>           st:wait| 1.590e-01|            8| 1.988e-02| 0.000e+00
       0.Info>>-----------------------------------------------------------------
       0.Info>>-----------------------------------------------------------------
       0.Info>> watermarks:                                                     
       0.Info>>-----------------------------------------------------------------
       0.Info>>          measure |      min |      max                          
       0.Info>>-----------------------------------------------------------------
       0.Info>>   sd:c:b:dspstore| 2.000e-06| 1.730e-04                         
       0.Info>>    sd:c:b:scatter| 1.541e-03| 1.705e-02                         
       0.Info>>        sd:c:block| 1.615e-01| 5.925e-01                         
       0.Info>>         sd:c:init| 1.171e-01| 2.533e-01                         
       0.Info>>       sd:c:reduce| 0.000e+00| 5.000e-06                         
       0.Info>>         sd:c:wait| 1.000e-06| 4.000e-06                         
       0.Info>>        sd:compute| 2.999e-01| 7.883e-01                         
       0.Info>>         sd:runner| 6.743e+00| 8.197e+00                         
       0.Info>>          sd:stage| 2.413e-02| 2.433e-02                         
       0.Info>> sd:worker:scatter| 1.516e-03| 7.187e-03                         
       0.Info>>    sd:worker:wait| 1.000e-06| 2.534e-01                         
       0.Info>>          sd:write| 5.000e-06| 4.600e-05                         
       0.Info>>           st:fill| 1.318e-03| 1.531e-03                         
       0.Info>>          st:first| 2.269e-02| 2.269e-02                         
       0.Info>>           st:load| 2.236e-02| 2.236e-02                         
       0.Info>>           st:wait| 8.000e-06| 2.272e-02                         
       0.Info>>-----------------------------------------------------------------
       0.Info>>                                                                 
       0.Info>>         Performance Analysis (relative to total time * nodes)   
       0.Info>>-----------------------------------------------------------------
       0.Info>> mean and total runtimes:                                        
       0.Info>>-----------------------------------------------------------------
       0.Info>>          measure |    total |       count |     mean |   stddev 
       0.Info>>-----------------------------------------------------------------
       0.Info>>   sd:c:b:dspstore| 5.720e-04|        10000| 5.720e-08| 3.884e-07
       0.Info>>    sd:c:b:scatter| 6.597e-01|        10000| 6.597e-05| 1.090e-04
       0.Info>>        sd:c:block| 6.625e-01|          100| 6.625e-03| 6.012e-03
       0.Info>>         sd:c:init| 2.324e-01|          100| 2.324e-03| 4.020e-03
       0.Info>>       sd:c:reduce| 1.481e-06|          100| 1.481e-08| 7.646e-08
       0.Info>>         sd:c:wait| 2.599e-06|          100| 2.599e-08| 7.756e-08
       0.Info>>        sd:compute| 8.949e-01|          100| 8.949e-03| 7.702e-03
       0.Info>>         sd:runner| 8.950e-01|            8| 1.119e-01| 0.000e+00
       0.Info>>          sd:stage| 2.820e-03|            8| 3.524e-04| 0.000e+00
       0.Info>> sd:worker:scatter| 6.536e-01|        10000| 6.536e-05| 1.053e-04
       0.Info>>    sd:worker:wait| 2.398e-01|        10000| 2.398e-05| 1.964e-03
       0.Info>>          sd:write| 1.495e-05|          100| 1.495e-07| 8.495e-07
       0.Info>>           st:fill| 1.706e-04|            8| 2.133e-05| 0.000e+00
       0.Info>>          st:first| 3.294e-04|            1| 3.294e-04| 0.000e+00
       0.Info>>           st:load| 3.247e-04|            1| 3.247e-04| 0.000e+00
       0.Info>>           st:wait| 2.309e-03|            8| 2.886e-04| 0.000e+00
       0.Info>>-----------------------------------------------------------------
       0.Info>>-----------------------------------------------------------------
       0.Info>> watermarks:                                                     
       0.Info>>-----------------------------------------------------------------
       0.Info>>          measure |      min |      max                          
       0.Info>>-----------------------------------------------------------------
       0.Info>>   sd:c:b:dspstore| 2.904e-08| 2.512e-06                         
       0.Info>>    sd:c:b:scatter| 2.237e-05| 2.475e-04                         
       0.Info>>        sd:c:block| 2.344e-03| 8.602e-03                         
       0.Info>>         sd:c:init| 1.700e-03| 3.678e-03                         
       0.Info>>       sd:c:reduce| 0.000e+00| 7.260e-08                         
       0.Info>>         sd:c:wait| 1.452e-08| 5.808e-08                         
       0.Info>>        sd:compute| 4.355e-03| 1.145e-02                         
       0.Info>>         sd:runner| 9.790e-02| 1.190e-01                         
       0.Info>>          sd:stage| 3.503e-04| 3.533e-04                         
       0.Info>> sd:worker:scatter| 2.201e-05| 1.043e-04                         
       0.Info>>    sd:worker:wait| 1.452e-08| 3.680e-03                         
       0.Info>>          sd:write| 7.260e-08| 6.679e-07                         
       0.Info>>           st:fill| 1.914e-05| 2.223e-05                         
       0.Info>>          st:first| 3.294e-04| 3.294e-04                         
       0.Info>>           st:load| 3.247e-04| 3.247e-04                         
       0.Info>>           st:wait| 1.162e-07| 3.299e-04                         
       0.Info>>-----------------------------------------------------------------
       0.Info>>Total runtime (s): 8.6093270000000004                            
       0.Info>>Successfully finished... Have a nice day!                        
