       0.Info>>This software is being developed by Benjamin Lindner.                    
       0.Info>>For help, suggestions or correspondense use:                             
       0.Info>>ben@benlabs.net, Benjamin Lindner (Main Developer, Impl. & Maintenance)  
       0.Info>>franc@cmm.ki.si, Franci Merzel (Methodology)                             
       0.Info>>For publications include the following references:                       
       0.Info>>.........................................................................
       0.Info>>1. Sassena - X-ray and Neutron Scattering Calculated                     
       0.Info>>  from Molecular Dynamics Trajectories using Massively Parallel Computers
       0.Info>>  published as a Computer Program in Physics Paper                       
       0.Info>>.........................................................................
       0.Info>>Version Information: 1.4.2                                       
       0.Info>>                                                                 
       0.Info>>.................................................................
       0.Info>>......................D.E.S.C.R.I.P.T.I.O.N......................
       0.Info>>.................................................................
       0.Info>>This binary computes the scattering intensities directly from    
       0.Info>>a molecular dynamics trajectory.                                 
       0.Info>>.................................................................
       0.Info>>.................................................................
       0.Info>>...................I.N.I.T.I.A.L.I.Z.A.T.I.O.N...................
       0.Info>>.................................................................
       0.Info>>No configuration file specified. Will use default                
       0.Info>>Looking for configuration file: scatter.xml                      
       0.Info>>Reading parameters from XML file: scatter.xml                    
       0.Info>>Added frames from /home/amajumda/study/continuum_simulations/gitlab/continuum-to-scattering/data/100_100_100_10_10_10/single_atom_shrink/iteration_007/t004/pdb_dcd/sample.dcd using format: dcd
       0.Info>>Options: first=0, last=0, lastset=0, stride=1                    
       0.Info>>stager.target=system                                             
       0.Info>>scattering.type=all                                              
       0.Info>>scattering.dsp.type=square                                       
       0.Info>>scattering.average.orientation.type=vectors                      
       0.Info>>scattering.average.orientation.vectors.type=sphere               
       0.Info>>scattering.average.orientation.vectors.algorithm=boost_uniform_on_sphere
       0.Info>>scattering.average.orientation.vectors.resolution=100            
       0.Info>>Generating orientations for orientational averaging using sphere,boost_uniform_on_sphere
       0.Info>>Initialized orientational averaging with 100 vectors.            
       0.Info>>scattering.signal.file=signal.h5                                 
       0.Info>>scattering.signal.filepath=/home/amajumda/study/continuum_simulations/gitlab/continuum-to-scattering/data/100_100_100_10_10_10/single_atom_shrink/iteration_007/t004/signal.h5
       0.Info>>scattering.signal.fqt=1                                          
       0.Info>>scattering.signal.fq0=1                                          
       0.Info>>scattering.signal.fq=1                                           
       0.Info>>scattering.signal.fq2=1                                          
       0.Info>>Analyzing command line for parameter overwrites                  
       0.Info>>Reading database from file: /home/amajumda/study/continuum_simulations/gitlab/continuum-to-scattering/data/100_100_100_10_10_10/single_atom_shrink/iteration_007/t004/database/db-neutron-coherent.xml
       0.Info>>Checking database...                                             
       0.Info>>Testing mapping between PDB names and atom labels                
       0.Info>>Testing database completeness for referenced atom labels         
       0.Info>>Check succeeded. Database seems OK.                              
       0.Info>>Initializing sample...                                           
       0.Info>>Reading structure from file: /home/amajumda/study/continuum_simulations/gitlab/continuum-to-scattering/data/100_100_100_10_10_10/single_atom_shrink/iteration_007/t004/pdb_dcd/sample.pdb
       0.Info>>Done. Atoms read: 1000                                           
       0.Info>>Reading frames from: /home/amajumda/study/continuum_simulations/gitlab/continuum-to-scattering/data/100_100_100_10_10_10/single_atom_shrink/iteration_007/t004/pdb_dcd/sample.dcd
       0.Info>>Found 1 frames                                                   
       0.Info>>Total number of coordinate sets found: 1                         
       0.Info>>Exchanging sample, database & params information with compute nodes... 
       0.Info>>params...                                                        
       0.Info>>database...                                                      
       0.Info>>sample...                                                        
       0.Info>>.................................................................
       0.Info>>......................C.O.M.P.U.T.A.T.I.O.N......................
       0.Info>>.................................................................
       0.Info>>Setting up services...                                           
       0.Info>>Initializing data file service...                                
       0.Info>>Initializing monitor service...                                  
       0.Info>>Starting data file service...                                    
       0.Info>>Starting monitor service...                                      
       0.Info>>Services setup and running...                                    
       0.Info>>Checking /home/amajumda/study/continuum_simulations/gitlab/continuum-to-scattering/data/100_100_100_10_10_10/single_atom_shrink/iteration_007/t004/signal.h5 for old results.
       0.Info>>Broadcasting service information                                 
       0.Info>>Server host name    : hzglap02                                   
       0.Info>>FileService Port    : 33809                                      
       0.Info>>MonitorService Port : 41239                                      
       0.Info>>Setting up parallel environment...                               
       0.Info>>Searching for decomposition plan:                                
       0.Info>>nodes    = 8                                                     
       0.Info>>qvectors = 100                                                   
       0.Info>>frames   = 1                                                     
       0.Info>>atoms   = 1000                                                   
       0.Info>>All interference scattering detected. Applying frame decomposition.
       0.Info>>Automatic decomposition. Searching for best utilization.         
       0.Info>>Final decomposition parameters:                                  
       0.Info>>NN                : 8                                            
       0.Info>>NQ                : 100                                          
       0.Info>>NAF               : 1                                            
       0.Info>>NP                : 8                                            
       0.Info>>NNpP              : 1                                            
       0.Info>>NAFcycles         : 1                                            
       0.Info>>NQcycles          : 13                                           
       0.Info>>CompEl (WASTE/USE): 4/100                                        
       0.Info>>utilization(1=best)    : 0.96153846153846156                     
       0.Info>>Initializing Scatter Device, Vectors (all)                       
       0.Info>>Starting scattering...                                           
       0.Info>>Checking memory requirements for scattering calculation...       
       0.Info>>required limits.computation.memory.result_buffer=16              
       0.Info>>required limits.computation.memory.signal_buffer=16              
       0.Info>>required limits.computation.memory.exchange_buffer=0             
       0.Info>>required limits.computation.memory.alignpad_buffer=32            
       0.Info>>Memory limits ok                                                 
       0.Info>>Staging data...                                                  
       0.Info>>Forcing stager.mode=frames                                       
       0.Info>>Staging first partition.                                         
       0.Info>>Staging remaining partitions.                                    
       0.Info>>background scattering length set to 0                            
       0.Info>>Target initialized.                                              
       0.Info>>Target 'system' produces a background scattering length density of 0.062813150873602369
       0.Info>>Starting computation...                                          
       0.Info>>Orientational averaging includes 100 vectors                     
       0.Info>>Setting progress sampling factor for monitoring to 1             
       0.Info>>Scattering finished...                                           
       0.Info>>.................................................................
       0.Info>>.....................R.U.N...A.N.A.L.Y.S.I.S.....................
       0.Info>>.................................................................
       0.Info>>Aggregating timing information for performance analysis...       
       0.Info>>                                                                 
       0.Info>>                    Performance Analysis                         
       0.Info>>-----------------------------------------------------------------
       0.Info>> mean and total runtimes:                                        
       0.Info>>-----------------------------------------------------------------
       0.Info>>          measure |    total |       count |     mean |   stddev 
       0.Info>>-----------------------------------------------------------------
       0.Info>>   sd:c:b:dspstore| 2.661e-02|        10000| 2.661e-06| 1.706e-06
       0.Info>>    sd:c:b:scatter| 6.157e-01|        10000| 6.157e-05| 1.306e-05
       0.Info>>        sd:c:block| 7.445e-01|          100| 7.445e-03| 4.773e-04
       0.Info>>         sd:c:init| 1.410e-01|          100| 1.410e-03| 3.214e-04
       0.Info>>       sd:c:reduce| 9.700e-05|          100| 9.700e-07| 5.082e-07
       0.Info>>         sd:c:wait| 1.360e-04|          100| 1.360e-06| 6.275e-07
       0.Info>>        sd:compute| 8.877e-01|          100| 8.877e-03| 5.936e-04
       0.Info>>         sd:runner| 8.906e-01|            8| 1.113e-01| 0.000e+00
       0.Info>>          sd:stage| 3.511e-03|            8| 4.389e-04| 0.000e+00
       0.Info>> sd:worker:scatter| 4.341e-01|        10000| 4.341e-05| 7.225e-06
       0.Info>>    sd:worker:wait| 3.805e-01|        10000| 3.805e-05| 1.483e-04
       0.Info>>          sd:write| 7.700e-04|          100| 7.700e-06| 5.342e-06
       0.Info>>           st:fill| 6.890e-04|            8| 8.612e-05| 0.000e+00
       0.Info>>          st:first| 2.410e-04|            1| 2.410e-04| 0.000e+00
       0.Info>>           st:load| 2.160e-04|            1| 2.160e-04| 0.000e+00
       0.Info>>           st:wait| 1.830e-03|            8| 2.288e-04| 0.000e+00
       0.Info>>-----------------------------------------------------------------
       0.Info>>-----------------------------------------------------------------
       0.Info>> watermarks:                                                     
       0.Info>>-----------------------------------------------------------------
       0.Info>>          measure |      min |      max                          
       0.Info>>-----------------------------------------------------------------
       0.Info>>   sd:c:b:dspstore| 1.000e-06| 6.200e-05                         
       0.Info>>    sd:c:b:scatter| 2.600e-05| 4.140e-04                         
       0.Info>>        sd:c:block| 5.508e-03| 8.639e-03                         
       0.Info>>         sd:c:init| 9.240e-04| 2.276e-03                         
       0.Info>>       sd:c:reduce| 0.000e+00| 2.000e-06                         
       0.Info>>         sd:c:wait| 0.000e+00| 5.000e-06                         
       0.Info>>        sd:compute| 6.503e-03| 1.053e-02                         
       0.Info>>         sd:runner| 9.819e-02| 1.174e-01                         
       0.Info>>          sd:stage| 4.320e-04| 4.480e-04                         
       0.Info>> sd:worker:scatter| 1.200e-05| 3.400e-04                         
       0.Info>>    sd:worker:wait| 1.200e-05| 2.316e-03                         
       0.Info>>          sd:write| 4.000e-06| 2.900e-05                         
       0.Info>>           st:fill| 8.100e-05| 8.900e-05                         
       0.Info>>          st:first| 2.410e-04| 2.410e-04                         
       0.Info>>           st:load| 2.160e-04| 2.160e-04                         
       0.Info>>           st:wait| 4.000e-06| 2.630e-04                         
       0.Info>>-----------------------------------------------------------------
       0.Info>>                                                                 
       0.Info>>         Performance Analysis (relative to total time * nodes)   
       0.Info>>-----------------------------------------------------------------
       0.Info>> mean and total runtimes:                                        
       0.Info>>-----------------------------------------------------------------
       0.Info>>          measure |    total |       count |     mean |   stddev 
       0.Info>>-----------------------------------------------------------------
       0.Info>>   sd:c:b:dspstore| 2.077e-02|        10000| 2.077e-06| 1.508e-06
       0.Info>>    sd:c:b:scatter| 4.807e-01|        10000| 4.807e-05| 1.154e-05
       0.Info>>        sd:c:block| 5.813e-01|          100| 5.813e-03| 4.217e-04
       0.Info>>         sd:c:init| 1.101e-01|          100| 1.101e-03| 2.840e-04
       0.Info>>       sd:c:reduce| 7.573e-05|          100| 7.573e-07| 4.490e-07
       0.Info>>         sd:c:wait| 1.062e-04|          100| 1.062e-06| 5.544e-07
       0.Info>>        sd:compute| 6.930e-01|          100| 6.930e-03| 5.245e-04
       0.Info>>         sd:runner| 6.954e-01|            8| 8.692e-02| 0.000e+00
       0.Info>>          sd:stage| 2.741e-03|            8| 3.426e-04| 0.000e+00
       0.Info>> sd:worker:scatter| 3.389e-01|        10000| 3.389e-05| 6.384e-06
       0.Info>>    sd:worker:wait| 2.971e-01|        10000| 2.971e-05| 1.310e-04
       0.Info>>          sd:write| 6.012e-04|          100| 6.012e-06| 4.720e-06
       0.Info>>           st:fill| 5.379e-04|            8| 6.724e-05| 0.000e+00
       0.Info>>          st:first| 1.882e-04|            1| 1.882e-04| 0.000e+00
       0.Info>>           st:load| 1.686e-04|            1| 1.686e-04| 0.000e+00
       0.Info>>           st:wait| 1.429e-03|            8| 1.786e-04| 0.000e+00
       0.Info>>-----------------------------------------------------------------
       0.Info>>-----------------------------------------------------------------
       0.Info>> watermarks:                                                     
       0.Info>>-----------------------------------------------------------------
       0.Info>>          measure |      min |      max                          
       0.Info>>-----------------------------------------------------------------
       0.Info>>   sd:c:b:dspstore| 7.807e-07| 4.841e-05                         
       0.Info>>    sd:c:b:scatter| 2.030e-05| 3.232e-04                         
       0.Info>>        sd:c:block| 4.300e-03| 6.745e-03                         
       0.Info>>         sd:c:init| 7.214e-04| 1.777e-03                         
       0.Info>>       sd:c:reduce| 0.000e+00| 1.561e-06                         
       0.Info>>         sd:c:wait| 0.000e+00| 3.904e-06                         
       0.Info>>        sd:compute| 5.077e-03| 8.225e-03                         
       0.Info>>         sd:runner| 7.666e-02| 9.165e-02                         
       0.Info>>          sd:stage| 3.373e-04| 3.498e-04                         
       0.Info>> sd:worker:scatter| 9.369e-06| 2.655e-04                         
       0.Info>>    sd:worker:wait| 9.369e-06| 1.808e-03                         
       0.Info>>          sd:write| 3.123e-06| 2.264e-05                         
       0.Info>>           st:fill| 6.324e-05| 6.949e-05                         
       0.Info>>          st:first| 1.882e-04| 1.882e-04                         
       0.Info>>           st:load| 1.686e-04| 1.686e-04                         
       0.Info>>           st:wait| 3.123e-06| 2.053e-04                         
       0.Info>>-----------------------------------------------------------------
       0.Info>>Total runtime (s): 0.160104                                      
       0.Info>>Successfully finished... Have a nice day!                        
