       0.Info>>This software is being developed by Benjamin Lindner.                    
       0.Info>>For help, suggestions or correspondense use:                             
       0.Info>>ben@benlabs.net, Benjamin Lindner (Main Developer, Impl. & Maintenance)  
       0.Info>>franc@cmm.ki.si, Franci Merzel (Methodology)                             
       0.Info>>For publications include the following references:                       
       0.Info>>.........................................................................
       0.Info>>1. Sassena - X-ray and Neutron Scattering Calculated                     
       0.Info>>  from Molecular Dynamics Trajectories using Massively Parallel Computers
       0.Info>>  published as a Computer Program in Physics Paper                       
       0.Info>>.........................................................................
       0.Info>>Version Information: 1.4.2                                       
       0.Info>>                                                                 
       0.Info>>.................................................................
       0.Info>>......................D.E.S.C.R.I.P.T.I.O.N......................
       0.Info>>.................................................................
       0.Info>>This binary computes the scattering intensities directly from    
       0.Info>>a molecular dynamics trajectory.                                 
       0.Info>>.................................................................
       0.Info>>.................................................................
       0.Info>>...................I.N.I.T.I.A.L.I.Z.A.T.I.O.N...................
       0.Info>>.................................................................
       0.Info>>No configuration file specified. Will use default                
       0.Info>>Looking for configuration file: scatter.xml                      
       0.Info>>Reading parameters from XML file: scatter.xml                    
       0.Info>>Added frames from /home/amajumda/study/continuum_simulations/gitlab/continuum-to-scattering/data/100_100_100_50_50_50/single_atom_shrink/iteration_010/t010/pdb_dcd/sample.dcd using format: dcd
       0.Info>>Options: first=0, last=0, lastset=0, stride=1                    
       0.Info>>stager.target=system                                             
       0.Info>>scattering.type=all                                              
       0.Info>>scattering.dsp.type=square                                       
       0.Info>>scattering.average.orientation.type=vectors                      
       0.Info>>scattering.average.orientation.vectors.type=sphere               
       0.Info>>scattering.average.orientation.vectors.algorithm=boost_uniform_on_sphere
       0.Info>>scattering.average.orientation.vectors.resolution=100            
       0.Info>>Generating orientations for orientational averaging using sphere,boost_uniform_on_sphere
       0.Info>>Initialized orientational averaging with 100 vectors.            
       0.Info>>scattering.signal.file=signal.h5                                 
       0.Info>>scattering.signal.filepath=/home/amajumda/study/continuum_simulations/gitlab/continuum-to-scattering/data/100_100_100_50_50_50/single_atom_shrink/iteration_010/t010/signal.h5
       0.Info>>scattering.signal.fqt=1                                          
       0.Info>>scattering.signal.fq0=1                                          
       0.Info>>scattering.signal.fq=1                                           
       0.Info>>scattering.signal.fq2=1                                          
       0.Info>>Analyzing command line for parameter overwrites                  
       0.Info>>Reading database from file: /home/amajumda/study/continuum_simulations/gitlab/continuum-to-scattering/data/100_100_100_50_50_50/single_atom_shrink/iteration_010/t010/database/db-neutron-coherent.xml
       0.Info>>Checking database...                                             
       0.Info>>Testing mapping between PDB names and atom labels                
       0.Info>>Testing database completeness for referenced atom labels         
       0.Info>>Check succeeded. Database seems OK.                              
       0.Info>>Initializing sample...                                           
       0.Info>>Reading structure from file: /home/amajumda/study/continuum_simulations/gitlab/continuum-to-scattering/data/100_100_100_50_50_50/single_atom_shrink/iteration_010/t010/pdb_dcd/sample.pdb
       0.Info>>Done. Atoms read: 125000                                         
       0.Info>>Reading frames from: /home/amajumda/study/continuum_simulations/gitlab/continuum-to-scattering/data/100_100_100_50_50_50/single_atom_shrink/iteration_010/t010/pdb_dcd/sample.dcd
       0.Info>>Found 1 frames                                                   
       0.Info>>Total number of coordinate sets found: 1                         
       0.Info>>Exchanging sample, database & params information with compute nodes... 
       0.Info>>params...                                                        
       0.Info>>database...                                                      
       0.Info>>sample...                                                        
       0.Info>>.................................................................
       0.Info>>......................C.O.M.P.U.T.A.T.I.O.N......................
       0.Info>>.................................................................
       0.Info>>Setting up services...                                           
       0.Info>>Initializing data file service...                                
       0.Info>>Initializing monitor service...                                  
       0.Info>>Starting data file service...                                    
       0.Info>>Starting monitor service...                                      
       0.Info>>Services setup and running...                                    
       0.Info>>Checking /home/amajumda/study/continuum_simulations/gitlab/continuum-to-scattering/data/100_100_100_50_50_50/single_atom_shrink/iteration_010/t010/signal.h5 for old results.
       0.Info>>Broadcasting service information                                 
       0.Info>>Server host name    : hzglap02                                   
       0.Info>>FileService Port    : 32823                                      
       0.Info>>MonitorService Port : 36207                                      
       0.Info>>Setting up parallel environment...                               
       0.Info>>Searching for decomposition plan:                                
       0.Info>>nodes    = 8                                                     
       0.Info>>qvectors = 100                                                   
       0.Info>>frames   = 1                                                     
       0.Info>>atoms   = 125000                                                 
       0.Info>>All interference scattering detected. Applying frame decomposition.
       0.Info>>Automatic decomposition. Searching for best utilization.         
       0.Info>>Final decomposition parameters:                                  
       0.Info>>NN                : 8                                            
       0.Info>>NQ                : 100                                          
       0.Info>>NAF               : 1                                            
       0.Info>>NP                : 8                                            
       0.Info>>NNpP              : 1                                            
       0.Info>>NAFcycles         : 1                                            
       0.Info>>NQcycles          : 13                                           
       0.Info>>CompEl (WASTE/USE): 4/100                                        
       0.Info>>utilization(1=best)    : 0.96153846153846156                     
       0.Info>>Initializing Scatter Device, Vectors (all)                       
       0.Info>>Starting scattering...                                           
       0.Info>>Checking memory requirements for scattering calculation...       
       0.Info>>required limits.computation.memory.result_buffer=16              
       0.Info>>required limits.computation.memory.signal_buffer=16              
       0.Info>>required limits.computation.memory.exchange_buffer=0             
       0.Info>>required limits.computation.memory.alignpad_buffer=32            
       0.Info>>Memory limits ok                                                 
       0.Info>>Staging data...                                                  
       0.Info>>Forcing stager.mode=frames                                       
       0.Info>>Staging first partition.                                         
       0.Info>>Staging remaining partitions.                                    
       0.Info>>background scattering length set to 0                            
       0.Info>>Target initialized.                                              
       0.Info>>Target 'system' produces a background scattering length density of 1.5210968427800818e-05
       0.Info>>Starting computation...                                          
       0.Info>>Orientational averaging includes 100 vectors                     
       0.Info>>Setting progress sampling factor for monitoring to 1             
       0.Info>>Progress: 2.635%, ETOTAL: 58.364091699604749 s, ETA: 56.82595469960475 s
       0.Info>>Progress: 5.145%, ETOTAL: 30.214408472200596 s, ETA: 28.659867472200595 s
       0.Info>>Progress: 10.290%, ETOTAL: 15.299710325494473 s, ETA: 13.725360325494472 s
       0.Info>>Progress: 20.205%, ETOTAL: 7.8795986040609129 s, ETA: 6.2875156040609133 s
       0.Info>>Progress: 30.080%, ETOTAL: 11.904806307938196 s, ETA: 8.323825307938197 s
       0.Info>>Progress: 40.330%, ETOTAL: 8.9471448780100111 s, ETA: 5.3387498780100113 s
       0.Info>>Progress: 50.205%, ETOTAL: 11.019344433094993 s, ETA: 5.4870684330949935 s
       0.Info>>Progress: 62.205%, ETOTAL: 8.9710513602638073 s, ETA: 3.3905973602638078 s
       0.Info>>Progress: 72.955%, ETOTAL: 7.8633594938933316 s, ETA: 2.126635493893331 s
       0.Info>>Progress: 82.955%, ETOTAL: 9.0991167915926141 s, ETA: 1.5509327915926132 s
       0.Info>>Scattering finished...                                           
       0.Info>>.................................................................
       0.Info>>.....................R.U.N...A.N.A.L.Y.S.I.S.....................
       0.Info>>.................................................................
       0.Info>>Aggregating timing information for performance analysis...       
       0.Info>>                                                                 
       0.Info>>                    Performance Analysis                         
       0.Info>>-----------------------------------------------------------------
       0.Info>> mean and total runtimes:                                        
       0.Info>>-----------------------------------------------------------------
       0.Info>>          measure |    total |       count |     mean |   stddev 
       0.Info>>-----------------------------------------------------------------
       0.Info>>   sd:c:b:dspstore| 3.755e-02|        10000| 3.755e-06| 2.036e-06
       0.Info>>    sd:c:b:scatter| 4.448e+01|        10000| 4.448e-03| 8.432e-04
       0.Info>>        sd:c:block| 4.466e+01|          100| 4.466e-01| 4.467e-02
       0.Info>>         sd:c:init| 1.506e+01|          100| 1.506e-01| 3.109e-02
       0.Info>>       sd:c:reduce| 1.060e-04|          100| 1.060e-06| 7.015e-07
       0.Info>>         sd:c:wait| 1.670e-04|          100| 1.670e-06| 5.607e-07
       0.Info>>        sd:compute| 5.973e+01|          100| 5.973e-01| 5.217e-02
       0.Info>>         sd:runner| 5.973e+01|            8| 7.466e+00| 0.000e+00
       0.Info>>          sd:stage| 1.953e-01|            8| 2.441e-02| 0.000e+00
       0.Info>> sd:worker:scatter| 4.408e+01|        10000| 4.408e-03| 8.153e-04
       0.Info>>    sd:worker:wait| 1.555e+01|        10000| 1.555e-03| 1.534e-02
       0.Info>>          sd:write| 1.069e-03|          100| 1.069e-05| 8.254e-06
       0.Info>>           st:fill| 1.196e-02|            8| 1.495e-03| 0.000e+00
       0.Info>>          st:first| 2.280e-02|            1| 2.280e-02| 0.000e+00
       0.Info>>           st:load| 2.246e-02|            1| 2.246e-02| 0.000e+00
       0.Info>>           st:wait| 1.598e-01|            8| 1.998e-02| 0.000e+00
       0.Info>>-----------------------------------------------------------------
       0.Info>>-----------------------------------------------------------------
       0.Info>> watermarks:                                                     
       0.Info>>-----------------------------------------------------------------
       0.Info>>          measure |      min |      max                          
       0.Info>>-----------------------------------------------------------------
       0.Info>>   sd:c:b:dspstore| 2.000e-06| 7.200e-05                         
       0.Info>>    sd:c:b:scatter| 1.532e-03| 1.922e-02                         
       0.Info>>        sd:c:block| 1.619e-01| 5.649e-01                         
       0.Info>>         sd:c:init| 1.179e-01| 2.545e-01                         
       0.Info>>       sd:c:reduce| 0.000e+00| 7.000e-06                         
       0.Info>>         sd:c:wait| 1.000e-06| 4.000e-06                         
       0.Info>>        sd:compute| 2.813e-01| 7.468e-01                         
       0.Info>>         sd:runner| 6.168e+00| 8.028e+00                         
       0.Info>>          sd:stage| 2.426e-02| 2.448e-02                         
       0.Info>> sd:worker:scatter| 1.511e-03| 1.303e-02                         
       0.Info>>    sd:worker:wait| 2.000e-06| 2.546e-01                         
       0.Info>>          sd:write| 6.000e-06| 4.700e-05                         
       0.Info>>           st:fill| 1.341e-03| 1.558e-03                         
       0.Info>>          st:first| 2.280e-02| 2.280e-02                         
       0.Info>>           st:load| 2.246e-02| 2.246e-02                         
       0.Info>>           st:wait| 9.000e-06| 2.283e-02                         
       0.Info>>-----------------------------------------------------------------
       0.Info>>                                                                 
       0.Info>>         Performance Analysis (relative to total time * nodes)   
       0.Info>>-----------------------------------------------------------------
       0.Info>> mean and total runtimes:                                        
       0.Info>>-----------------------------------------------------------------
       0.Info>>          measure |    total |       count |     mean |   stddev 
       0.Info>>-----------------------------------------------------------------
       0.Info>>   sd:c:b:dspstore| 5.538e-04|        10000| 5.538e-08| 2.473e-07
       0.Info>>    sd:c:b:scatter| 6.560e-01|        10000| 6.560e-05| 1.024e-04
       0.Info>>        sd:c:block| 6.587e-01|          100| 6.587e-03| 5.425e-03
       0.Info>>         sd:c:init| 2.222e-01|          100| 2.222e-03| 3.775e-03
       0.Info>>       sd:c:reduce| 1.563e-06|          100| 1.563e-08| 8.519e-08
       0.Info>>         sd:c:wait| 2.463e-06|          100| 2.463e-08| 6.810e-08
       0.Info>>        sd:compute| 8.809e-01|          100| 8.809e-03| 6.335e-03
       0.Info>>         sd:runner| 8.810e-01|            8| 1.101e-01| 0.000e+00
       0.Info>>          sd:stage| 2.880e-03|            8| 3.600e-04| 0.000e+00
       0.Info>> sd:worker:scatter| 6.502e-01|        10000| 6.502e-05| 9.902e-05
       0.Info>>    sd:worker:wait| 2.293e-01|        10000| 2.293e-05| 1.863e-03
       0.Info>>          sd:write| 1.577e-05|          100| 1.577e-07| 1.002e-06
       0.Info>>           st:fill| 1.764e-04|            8| 2.206e-05| 0.000e+00
       0.Info>>          st:first| 3.362e-04|            1| 3.362e-04| 0.000e+00
       0.Info>>           st:load| 3.313e-04|            1| 3.313e-04| 0.000e+00
       0.Info>>           st:wait| 2.357e-03|            8| 2.946e-04| 0.000e+00
       0.Info>>-----------------------------------------------------------------
       0.Info>>-----------------------------------------------------------------
       0.Info>> watermarks:                                                     
       0.Info>>-----------------------------------------------------------------
       0.Info>>          measure |      min |      max                          
       0.Info>>-----------------------------------------------------------------
       0.Info>>   sd:c:b:dspstore| 2.950e-08| 1.062e-06                         
       0.Info>>    sd:c:b:scatter| 2.260e-05| 2.834e-04                         
       0.Info>>        sd:c:block| 2.388e-03| 8.331e-03                         
       0.Info>>         sd:c:init| 1.738e-03| 3.754e-03                         
       0.Info>>       sd:c:reduce| 0.000e+00| 1.032e-07                         
       0.Info>>         sd:c:wait| 1.475e-08| 5.900e-08                         
       0.Info>>        sd:compute| 4.149e-03| 1.101e-02                         
       0.Info>>         sd:runner| 9.097e-02| 1.184e-01                         
       0.Info>>          sd:stage| 3.578e-04| 3.611e-04                         
       0.Info>> sd:worker:scatter| 2.229e-05| 1.922e-04                         
       0.Info>>    sd:worker:wait| 2.950e-08| 3.756e-03                         
       0.Info>>          sd:write| 8.849e-08| 6.932e-07                         
       0.Info>>           st:fill| 1.978e-05| 2.298e-05                         
       0.Info>>          st:first| 3.362e-04| 3.362e-04                         
       0.Info>>           st:load| 3.313e-04| 3.313e-04                         
       0.Info>>           st:wait| 1.327e-07| 3.368e-04                         
       0.Info>>-----------------------------------------------------------------
       0.Info>>Total runtime (s): 8.4752089999999995                            
       0.Info>>Successfully finished... Have a nice day!                        
