       0.Info>>This software is being developed by Benjamin Lindner.                    
       0.Info>>For help, suggestions or correspondense use:                             
       0.Info>>ben@benlabs.net, Benjamin Lindner (Main Developer, Impl. & Maintenance)  
       0.Info>>franc@cmm.ki.si, Franci Merzel (Methodology)                             
       0.Info>>For publications include the following references:                       
       0.Info>>.........................................................................
       0.Info>>1. Sassena - X-ray and Neutron Scattering Calculated                     
       0.Info>>  from Molecular Dynamics Trajectories using Massively Parallel Computers
       0.Info>>  published as a Computer Program in Physics Paper                       
       0.Info>>.........................................................................
       0.Info>>Version Information: 1.4.2                                       
       0.Info>>                                                                 
       0.Info>>.................................................................
       0.Info>>......................D.E.S.C.R.I.P.T.I.O.N......................
       0.Info>>.................................................................
       0.Info>>This binary computes the scattering intensities directly from    
       0.Info>>a molecular dynamics trajectory.                                 
       0.Info>>.................................................................
       0.Info>>.................................................................
       0.Info>>...................I.N.I.T.I.A.L.I.Z.A.T.I.O.N...................
       0.Info>>.................................................................
       0.Info>>No configuration file specified. Will use default                
       0.Info>>Looking for configuration file: scatter.xml                      
       0.Info>>Reading parameters from XML file: scatter.xml                    
       0.Info>>Added frames from /home/amajumda/study/continuum_simulations/gitlab/continuum-to-scattering/data/100_100_100_50_50_50/single_atom_shrink/iteration_009/t009/pdb_dcd/sample.dcd using format: dcd
       0.Info>>Options: first=0, last=0, lastset=0, stride=1                    
       0.Info>>stager.target=system                                             
       0.Info>>scattering.type=all                                              
       0.Info>>scattering.dsp.type=square                                       
       0.Info>>scattering.average.orientation.type=vectors                      
       0.Info>>scattering.average.orientation.vectors.type=sphere               
       0.Info>>scattering.average.orientation.vectors.algorithm=boost_uniform_on_sphere
       0.Info>>scattering.average.orientation.vectors.resolution=100            
       0.Info>>Generating orientations for orientational averaging using sphere,boost_uniform_on_sphere
       0.Info>>Initialized orientational averaging with 100 vectors.            
       0.Info>>scattering.signal.file=signal.h5                                 
       0.Info>>scattering.signal.filepath=/home/amajumda/study/continuum_simulations/gitlab/continuum-to-scattering/data/100_100_100_50_50_50/single_atom_shrink/iteration_009/t009/signal.h5
       0.Info>>scattering.signal.fqt=1                                          
       0.Info>>scattering.signal.fq0=1                                          
       0.Info>>scattering.signal.fq=1                                           
       0.Info>>scattering.signal.fq2=1                                          
       0.Info>>Analyzing command line for parameter overwrites                  
       0.Info>>Reading database from file: /home/amajumda/study/continuum_simulations/gitlab/continuum-to-scattering/data/100_100_100_50_50_50/single_atom_shrink/iteration_009/t009/database/db-neutron-coherent.xml
       0.Info>>Checking database...                                             
       0.Info>>Testing mapping between PDB names and atom labels                
       0.Info>>Testing database completeness for referenced atom labels         
       0.Info>>Check succeeded. Database seems OK.                              
       0.Info>>Initializing sample...                                           
       0.Info>>Reading structure from file: /home/amajumda/study/continuum_simulations/gitlab/continuum-to-scattering/data/100_100_100_50_50_50/single_atom_shrink/iteration_009/t009/pdb_dcd/sample.pdb
       0.Info>>Done. Atoms read: 125000                                         
       0.Info>>Reading frames from: /home/amajumda/study/continuum_simulations/gitlab/continuum-to-scattering/data/100_100_100_50_50_50/single_atom_shrink/iteration_009/t009/pdb_dcd/sample.dcd
       0.Info>>Found 1 frames                                                   
       0.Info>>Total number of coordinate sets found: 1                         
       0.Info>>Exchanging sample, database & params information with compute nodes... 
       0.Info>>params...                                                        
       0.Info>>database...                                                      
       0.Info>>sample...                                                        
       0.Info>>.................................................................
       0.Info>>......................C.O.M.P.U.T.A.T.I.O.N......................
       0.Info>>.................................................................
       0.Info>>Setting up services...                                           
       0.Info>>Initializing data file service...                                
       0.Info>>Initializing monitor service...                                  
       0.Info>>Starting data file service...                                    
       0.Info>>Starting monitor service...                                      
       0.Info>>Services setup and running...                                    
       0.Info>>Checking /home/amajumda/study/continuum_simulations/gitlab/continuum-to-scattering/data/100_100_100_50_50_50/single_atom_shrink/iteration_009/t009/signal.h5 for old results.
       0.Info>>Broadcasting service information                                 
       0.Info>>Server host name    : hzglap02                                   
       0.Info>>FileService Port    : 35173                                      
       0.Info>>MonitorService Port : 35157                                      
       0.Info>>Setting up parallel environment...                               
       0.Info>>Searching for decomposition plan:                                
       0.Info>>nodes    = 8                                                     
       0.Info>>qvectors = 100                                                   
       0.Info>>frames   = 1                                                     
       0.Info>>atoms   = 125000                                                 
       0.Info>>All interference scattering detected. Applying frame decomposition.
       0.Info>>Automatic decomposition. Searching for best utilization.         
       0.Info>>Final decomposition parameters:                                  
       0.Info>>NN                : 8                                            
       0.Info>>NQ                : 100                                          
       0.Info>>NAF               : 1                                            
       0.Info>>NP                : 8                                            
       0.Info>>NNpP              : 1                                            
       0.Info>>NAFcycles         : 1                                            
       0.Info>>NQcycles          : 13                                           
       0.Info>>CompEl (WASTE/USE): 4/100                                        
       0.Info>>utilization(1=best)    : 0.96153846153846156                     
       0.Info>>Initializing Scatter Device, Vectors (all)                       
       0.Info>>Starting scattering...                                           
       0.Info>>Checking memory requirements for scattering calculation...       
       0.Info>>required limits.computation.memory.result_buffer=16              
       0.Info>>required limits.computation.memory.signal_buffer=16              
       0.Info>>required limits.computation.memory.exchange_buffer=0             
       0.Info>>required limits.computation.memory.alignpad_buffer=32            
       0.Info>>Memory limits ok                                                 
       0.Info>>Staging data...                                                  
       0.Info>>Forcing stager.mode=frames                                       
       0.Info>>Staging first partition.                                         
       0.Info>>Staging remaining partitions.                                    
       0.Info>>background scattering length set to 0                            
       0.Info>>Target initialized.                                              
       0.Info>>Target 'system' produces a background scattering length density of 9.9957792525548208e-06
       0.Info>>Starting computation...                                          
       0.Info>>Orientational averaging includes 100 vectors                     
       0.Info>>Setting progress sampling factor for monitoring to 1             
       0.Info>>Progress: 2.635%, ETOTAL: 58.314280291970803 s, ETA: 56.777923291970801 s
       0.Info>>Progress: 5.395%, ETOTAL: 28.58592841229764 s, ETA: 27.04370841229764 s
       0.Info>>Progress: 10.915%, ETOTAL: 14.283553310820729 s, ETA: 12.724494310820729 s
       0.Info>>Progress: 22.580%, ETOTAL: 7.0200841447835343 s, ETA: 5.4349401447835337 s
       0.Info>>Progress: 32.580%, ETOTAL: 11.071518740777178 s, ETA: 7.4644037407771773 s
       0.Info>>Progress: 43.080%, ETOTAL: 8.4502789375790499 s, ETA: 4.8098879375790506 s
       0.Info>>Progress: 52.955%, ETOTAL: 10.466179929790583 s, ETA: 4.9238009297905823 s
       0.Info>>Progress: 62.580%, ETOTAL: 8.8849929833546746 s, ETA: 3.3247529833546734 s
       0.Info>>Progress: 73.205%, ETOTAL: 7.6080571628721545 s, ETA: 2.0385691628721538 s
       0.Info>>Progress: 82.580%, ETOTAL: 9.1342519852513107 s, ETA: 1.5911749852513095 s
       0.Info>>Scattering finished...                                           
       0.Info>>.................................................................
       0.Info>>.....................R.U.N...A.N.A.L.Y.S.I.S.....................
       0.Info>>.................................................................
       0.Info>>Aggregating timing information for performance analysis...       
       0.Info>>                                                                 
       0.Info>>                    Performance Analysis                         
       0.Info>>-----------------------------------------------------------------
       0.Info>> mean and total runtimes:                                        
       0.Info>>-----------------------------------------------------------------
       0.Info>>          measure |    total |       count |     mean |   stddev 
       0.Info>>-----------------------------------------------------------------
       0.Info>>   sd:c:b:dspstore| 3.673e-02|        10000| 3.673e-06| 2.743e-06
       0.Info>>    sd:c:b:scatter| 4.364e+01|        10000| 4.364e-03| 7.220e-04
       0.Info>>        sd:c:block| 4.382e+01|          100| 4.382e-01| 3.571e-02
       0.Info>>         sd:c:init| 1.452e+01|          100| 1.452e-01| 2.711e-02
       0.Info>>       sd:c:reduce| 1.080e-04|          100| 1.080e-06| 5.476e-07
       0.Info>>         sd:c:wait| 1.660e-04|          100| 1.660e-06| 6.256e-07
       0.Info>>        sd:compute| 5.835e+01|          100| 5.835e-01| 4.862e-02
       0.Info>>         sd:runner| 5.835e+01|            8| 7.294e+00| 0.000e+00
       0.Info>>          sd:stage| 1.936e-01|            8| 2.420e-02| 0.000e+00
       0.Info>> sd:worker:scatter| 4.330e+01|        10000| 4.330e-03| 7.157e-04
       0.Info>>    sd:worker:wait| 1.495e+01|        10000| 1.495e-03| 1.471e-02
       0.Info>>          sd:write| 9.770e-04|          100| 9.770e-06| 7.892e-06
       0.Info>>           st:fill| 1.188e-02|            8| 1.485e-03| 0.000e+00
       0.Info>>          st:first| 2.259e-02|            1| 2.259e-02| 0.000e+00
       0.Info>>           st:load| 2.225e-02|            1| 2.225e-02| 0.000e+00
       0.Info>>           st:wait| 1.584e-01|            8| 1.980e-02| 0.000e+00
       0.Info>>-----------------------------------------------------------------
       0.Info>>-----------------------------------------------------------------
       0.Info>> watermarks:                                                     
       0.Info>>-----------------------------------------------------------------
       0.Info>>          measure |      min |      max                          
       0.Info>>-----------------------------------------------------------------
       0.Info>>   sd:c:b:dspstore| 2.000e-06| 1.770e-04                         
       0.Info>>    sd:c:b:scatter| 1.525e-03| 7.839e-03                         
       0.Info>>        sd:c:block| 1.861e-01| 5.961e-01                         
       0.Info>>         sd:c:init| 1.160e-01| 2.240e-01                         
       0.Info>>       sd:c:reduce| 0.000e+00| 3.000e-06                         
       0.Info>>         sd:c:wait| 1.000e-06| 4.000e-06                         
       0.Info>>        sd:compute| 3.170e-01| 7.802e-01                         
       0.Info>>         sd:runner| 6.215e+00| 7.749e+00                         
       0.Info>>          sd:stage| 2.406e-02| 2.426e-02                         
       0.Info>> sd:worker:scatter| 1.510e-03| 6.918e-03                         
       0.Info>>    sd:worker:wait| 2.000e-05| 2.241e-01                         
       0.Info>>          sd:write| 5.000e-06| 5.600e-05                         
       0.Info>>           st:fill| 1.339e-03| 1.546e-03                         
       0.Info>>          st:first| 2.259e-02| 2.259e-02                         
       0.Info>>           st:load| 2.225e-02| 2.225e-02                         
       0.Info>>           st:wait| 9.000e-06| 2.263e-02                         
       0.Info>>-----------------------------------------------------------------
       0.Info>>                                                                 
       0.Info>>         Performance Analysis (relative to total time * nodes)   
       0.Info>>-----------------------------------------------------------------
       0.Info>> mean and total runtimes:                                        
       0.Info>>-----------------------------------------------------------------
       0.Info>>          measure |    total |       count |     mean |   stddev 
       0.Info>>-----------------------------------------------------------------
       0.Info>>   sd:c:b:dspstore| 5.601e-04|        10000| 5.601e-08| 3.388e-07
       0.Info>>    sd:c:b:scatter| 6.656e-01|        10000| 6.656e-05| 8.916e-05
       0.Info>>        sd:c:block| 6.683e-01|          100| 6.683e-03| 4.410e-03
       0.Info>>         sd:c:init| 2.215e-01|          100| 2.215e-03| 3.347e-03
       0.Info>>       sd:c:reduce| 1.647e-06|          100| 1.647e-08| 6.763e-08
       0.Info>>         sd:c:wait| 2.532e-06|          100| 2.532e-08| 7.726e-08
       0.Info>>        sd:compute| 8.898e-01|          100| 8.898e-03| 6.004e-03
       0.Info>>         sd:runner| 8.899e-01|            8| 1.112e-01| 0.000e+00
       0.Info>>          sd:stage| 2.953e-03|            8| 3.691e-04| 0.000e+00
       0.Info>> sd:worker:scatter| 6.604e-01|        10000| 6.604e-05| 8.839e-05
       0.Info>>    sd:worker:wait| 2.279e-01|        10000| 2.279e-05| 1.817e-03
       0.Info>>          sd:write| 1.490e-05|          100| 1.490e-07| 9.746e-07
       0.Info>>           st:fill| 1.812e-04|            8| 2.265e-05| 0.000e+00
       0.Info>>          st:first| 3.445e-04|            1| 3.445e-04| 0.000e+00
       0.Info>>           st:load| 3.394e-04|            1| 3.394e-04| 0.000e+00
       0.Info>>           st:wait| 2.416e-03|            8| 3.020e-04| 0.000e+00
       0.Info>>-----------------------------------------------------------------
       0.Info>>-----------------------------------------------------------------
       0.Info>> watermarks:                                                     
       0.Info>>-----------------------------------------------------------------
       0.Info>>          measure |      min |      max                          
       0.Info>>-----------------------------------------------------------------
       0.Info>>   sd:c:b:dspstore| 3.050e-08| 2.699e-06                         
       0.Info>>    sd:c:b:scatter| 2.326e-05| 1.196e-04                         
       0.Info>>        sd:c:block| 2.838e-03| 9.091e-03                         
       0.Info>>         sd:c:init| 1.770e-03| 3.416e-03                         
       0.Info>>       sd:c:reduce| 0.000e+00| 4.575e-08                         
       0.Info>>         sd:c:wait| 1.525e-08| 6.100e-08                         
       0.Info>>        sd:compute| 4.835e-03| 1.190e-02                         
       0.Info>>         sd:runner| 9.478e-02| 1.182e-01                         
       0.Info>>          sd:stage| 3.669e-04| 3.700e-04                         
       0.Info>> sd:worker:scatter| 2.303e-05| 1.055e-04                         
       0.Info>>    sd:worker:wait| 3.050e-07| 3.417e-03                         
       0.Info>>          sd:write| 7.625e-08| 8.540e-07                         
       0.Info>>           st:fill| 2.042e-05| 2.358e-05                         
       0.Info>>          st:first| 3.445e-04| 3.445e-04                         
       0.Info>>           st:load| 3.394e-04| 3.394e-04                         
       0.Info>>           st:wait| 1.373e-07| 3.452e-04                         
       0.Info>>-----------------------------------------------------------------
       0.Info>>Total runtime (s): 8.1962799999999998                            
       0.Info>>Successfully finished... Have a nice day!                        
