       0.Info>>This software is being developed by Benjamin Lindner.                    
       0.Info>>For help, suggestions or correspondense use:                             
       0.Info>>ben@benlabs.net, Benjamin Lindner (Main Developer, Impl. & Maintenance)  
       0.Info>>franc@cmm.ki.si, Franci Merzel (Methodology)                             
       0.Info>>For publications include the following references:                       
       0.Info>>.........................................................................
       0.Info>>1. Sassena - X-ray and Neutron Scattering Calculated                     
       0.Info>>  from Molecular Dynamics Trajectories using Massively Parallel Computers
       0.Info>>  published as a Computer Program in Physics Paper                       
       0.Info>>.........................................................................
       0.Info>>Version Information: 1.4.2                                       
       0.Info>>                                                                 
       0.Info>>.................................................................
       0.Info>>......................D.E.S.C.R.I.P.T.I.O.N......................
       0.Info>>.................................................................
       0.Info>>This binary computes the scattering intensities directly from    
       0.Info>>a molecular dynamics trajectory.                                 
       0.Info>>.................................................................
       0.Info>>.................................................................
       0.Info>>...................I.N.I.T.I.A.L.I.Z.A.T.I.O.N...................
       0.Info>>.................................................................
       0.Info>>No configuration file specified. Will use default                
       0.Info>>Looking for configuration file: scatter.xml                      
       0.Info>>Reading parameters from XML file: scatter.xml                    
       0.Info>>Added frames from /home/amajumda/study/continuum_simulations/gitlab/continuum-to-scattering/data/100_100_100_50_50_50/single_atom_shrink/iteration_000/t003/pdb_dcd/sample.dcd using format: dcd
       0.Info>>Options: first=0, last=0, lastset=0, stride=1                    
       0.Info>>stager.target=system                                             
       0.Info>>scattering.type=all                                              
       0.Info>>scattering.dsp.type=square                                       
       0.Info>>scattering.average.orientation.type=vectors                      
       0.Info>>scattering.average.orientation.vectors.type=sphere               
       0.Info>>scattering.average.orientation.vectors.algorithm=boost_uniform_on_sphere
       0.Info>>scattering.average.orientation.vectors.resolution=100            
       0.Info>>Generating orientations for orientational averaging using sphere,boost_uniform_on_sphere
       0.Info>>Initialized orientational averaging with 100 vectors.            
       0.Info>>scattering.signal.file=signal.h5                                 
       0.Info>>scattering.signal.filepath=/home/amajumda/study/continuum_simulations/gitlab/continuum-to-scattering/data/100_100_100_50_50_50/single_atom_shrink/iteration_000/t003/signal.h5
       0.Info>>scattering.signal.fqt=1                                          
       0.Info>>scattering.signal.fq0=1                                          
       0.Info>>scattering.signal.fq=1                                           
       0.Info>>scattering.signal.fq2=1                                          
       0.Info>>Analyzing command line for parameter overwrites                  
       0.Info>>Reading database from file: /home/amajumda/study/continuum_simulations/gitlab/continuum-to-scattering/data/100_100_100_50_50_50/single_atom_shrink/iteration_000/t003/database/db-neutron-coherent.xml
       0.Info>>Checking database...                                             
       0.Info>>Testing mapping between PDB names and atom labels                
       0.Info>>Testing database completeness for referenced atom labels         
       0.Info>>Check succeeded. Database seems OK.                              
       0.Info>>Initializing sample...                                           
       0.Info>>Reading structure from file: /home/amajumda/study/continuum_simulations/gitlab/continuum-to-scattering/data/100_100_100_50_50_50/single_atom_shrink/iteration_000/t003/pdb_dcd/sample.pdb
       0.Info>>Done. Atoms read: 125000                                         
       0.Info>>Reading frames from: /home/amajumda/study/continuum_simulations/gitlab/continuum-to-scattering/data/100_100_100_50_50_50/single_atom_shrink/iteration_000/t003/pdb_dcd/sample.dcd
       0.Info>>Found 1 frames                                                   
       0.Info>>Total number of coordinate sets found: 1                         
       0.Info>>Exchanging sample, database & params information with compute nodes... 
       0.Info>>params...                                                        
       0.Info>>database...                                                      
       0.Info>>sample...                                                        
       0.Info>>.................................................................
       0.Info>>......................C.O.M.P.U.T.A.T.I.O.N......................
       0.Info>>.................................................................
       0.Info>>Setting up services...                                           
       0.Info>>Initializing data file service...                                
       0.Info>>Initializing monitor service...                                  
       0.Info>>Starting data file service...                                    
       0.Info>>Starting monitor service...                                      
       0.Info>>Services setup and running...                                    
       0.Info>>Checking /home/amajumda/study/continuum_simulations/gitlab/continuum-to-scattering/data/100_100_100_50_50_50/single_atom_shrink/iteration_000/t003/signal.h5 for old results.
       0.Info>>Broadcasting service information                                 
       0.Info>>Server host name    : hzglap02                                   
       0.Info>>FileService Port    : 44213                                      
       0.Info>>MonitorService Port : 40547                                      
       0.Info>>Setting up parallel environment...                               
       0.Info>>Searching for decomposition plan:                                
       0.Info>>nodes    = 8                                                     
       0.Info>>qvectors = 100                                                   
       0.Info>>frames   = 1                                                     
       0.Info>>atoms   = 125000                                                 
       0.Info>>All interference scattering detected. Applying frame decomposition.
       0.Info>>Automatic decomposition. Searching for best utilization.         
       0.Info>>Final decomposition parameters:                                  
       0.Info>>NN                : 8                                            
       0.Info>>NQ                : 100                                          
       0.Info>>NAF               : 1                                            
       0.Info>>NP                : 8                                            
       0.Info>>NNpP              : 1                                            
       0.Info>>NAFcycles         : 1                                            
       0.Info>>NQcycles          : 13                                           
       0.Info>>CompEl (WASTE/USE): 4/100                                        
       0.Info>>utilization(1=best)    : 0.96153846153846156                     
       0.Info>>Initializing Scatter Device, Vectors (all)                       
       0.Info>>Starting scattering...                                           
       0.Info>>Checking memory requirements for scattering calculation...       
       0.Info>>required limits.computation.memory.result_buffer=16              
       0.Info>>required limits.computation.memory.signal_buffer=16              
       0.Info>>required limits.computation.memory.exchange_buffer=0             
       0.Info>>required limits.computation.memory.alignpad_buffer=32            
       0.Info>>Memory limits ok                                                 
       0.Info>>Staging data...                                                  
       0.Info>>Forcing stager.mode=frames                                       
       0.Info>>Staging first partition.                                         
       0.Info>>Staging remaining partitions.                                    
       0.Info>>background scattering length set to 0                            
       0.Info>>Target initialized.                                              
       0.Info>>Target 'system' produces a background scattering length density of 0.0015895462007051639
       0.Info>>Starting computation...                                          
       0.Info>>Orientational averaging includes 100 vectors                     
       0.Info>>Setting progress sampling factor for monitoring to 1             
       0.Info>>Progress: 2.010%, ETOTAL: 61.536451674641157 s, ETA: 60.299805674641156 s
       0.Info>>Progress: 4.019%, ETOTAL: 30.823012440191388 s, ETA: 29.584164440191387 s
       0.Info>>Progress: 6.154%, ETOTAL: 20.516275 s, ETA: 19.253734999999999 s 
       0.Info>>Progress: 11.800%, ETOTAL: 10.766063615374168 s, ETA: 9.495702615374169 s
       0.Info>>Progress: 21.705%, ETOTAL: 14.980321559362078 s, ETA: 11.728823559362079 s
       0.Info>>Progress: 32.580%, ETOTAL: 10.049558366945401 s, ETA: 6.7753993669454013 s
       0.Info>>Progress: 43.330%, ETOTAL: 7.7934041275242256 s, ETA: 4.416512127524225 s
       0.Info>>Progress: 50.830%, ETOTAL: 10.313772923891795 s, ETA: 5.071268923891795 s
       0.Info>>Progress: 60.455%, ETOTAL: 8.6983274308132774 s, ETA: 3.4397424308132765 s
       0.Info>>Progress: 70.205%, ETOTAL: 7.5289984295105938 s, ETA: 2.2432554295105929 s
       0.Info>>Progress: 82.455%, ETOTAL: 8.8637143123688098 s, ETA: 1.5551273123688087 s
       0.Info>>Scattering finished...                                           
       0.Info>>.................................................................
       0.Info>>.....................R.U.N...A.N.A.L.Y.S.I.S.....................
       0.Info>>.................................................................
       0.Info>>Aggregating timing information for performance analysis...       
       0.Info>>                                                                 
       0.Info>>                    Performance Analysis                         
       0.Info>>-----------------------------------------------------------------
       0.Info>> mean and total runtimes:                                        
       0.Info>>-----------------------------------------------------------------
       0.Info>>          measure |    total |       count |     mean |   stddev 
       0.Info>>-----------------------------------------------------------------
       0.Info>>   sd:c:b:dspstore| 3.665e-02|        10000| 3.665e-06| 2.200e-06
       0.Info>>    sd:c:b:scatter| 4.320e+01|        10000| 4.320e-03| 8.259e-04
       0.Info>>        sd:c:block| 4.338e+01|          100| 4.338e-01| 4.637e-02
       0.Info>>         sd:c:init| 1.431e+01|          100| 1.431e-01| 2.582e-02
       0.Info>>       sd:c:reduce| 9.900e-05|          100| 9.900e-07| 4.489e-07
       0.Info>>         sd:c:wait| 1.580e-04|          100| 1.580e-06| 4.858e-07
       0.Info>>        sd:compute| 5.770e+01|          100| 5.770e-01| 6.278e-02
       0.Info>>         sd:runner| 5.770e+01|            8| 7.213e+00| 0.000e+00
       0.Info>>          sd:stage| 1.973e-01|            8| 2.466e-02| 0.000e+00
       0.Info>> sd:worker:scatter| 4.284e+01|        10000| 4.284e-03| 8.165e-04
       0.Info>>    sd:worker:wait| 1.477e+01|        10000| 1.477e-03| 1.449e-02
       0.Info>>          sd:write| 9.680e-04|          100| 9.680e-06| 6.641e-06
       0.Info>>           st:fill| 1.190e-02|            8| 1.488e-03| 0.000e+00
       0.Info>>          st:first| 2.301e-02|            1| 2.301e-02| 0.000e+00
       0.Info>>           st:load| 2.256e-02|            1| 2.256e-02| 0.000e+00
       0.Info>>           st:wait| 1.615e-01|            8| 2.019e-02| 0.000e+00
       0.Info>>-----------------------------------------------------------------
       0.Info>>-----------------------------------------------------------------
       0.Info>> watermarks:                                                     
       0.Info>>-----------------------------------------------------------------
       0.Info>>          measure |      min |      max                          
       0.Info>>-----------------------------------------------------------------
       0.Info>>   sd:c:b:dspstore| 2.000e-06| 8.500e-05                         
       0.Info>>    sd:c:b:scatter| 1.463e-03| 2.200e-02                         
       0.Info>>        sd:c:block| 1.528e-01| 5.398e-01                         
       0.Info>>         sd:c:init| 1.124e-01| 2.263e-01                         
       0.Info>>       sd:c:reduce| 0.000e+00| 2.000e-06                         
       0.Info>>         sd:c:wait| 1.000e-06| 3.000e-06                         
       0.Info>>        sd:compute| 2.653e-01| 7.349e-01                         
       0.Info>>         sd:runner| 6.270e+00| 7.855e+00                         
       0.Info>>          sd:stage| 2.450e-02| 2.472e-02                         
       0.Info>> sd:worker:scatter| 1.441e-03| 2.042e-02                         
       0.Info>>    sd:worker:wait| 2.000e-06| 2.264e-01                         
       0.Info>>          sd:write| 5.000e-06| 4.800e-05                         
       0.Info>>           st:fill| 1.326e-03| 1.554e-03                         
       0.Info>>          st:first| 2.301e-02| 2.301e-02                         
       0.Info>>           st:load| 2.256e-02| 2.256e-02                         
       0.Info>>           st:wait| 1.300e-05| 2.309e-02                         
       0.Info>>-----------------------------------------------------------------
       0.Info>>                                                                 
       0.Info>>         Performance Analysis (relative to total time * nodes)   
       0.Info>>-----------------------------------------------------------------
       0.Info>> mean and total runtimes:                                        
       0.Info>>-----------------------------------------------------------------
       0.Info>>          measure |    total |       count |     mean |   stddev 
       0.Info>>-----------------------------------------------------------------
       0.Info>>   sd:c:b:dspstore| 5.495e-04|        10000| 5.495e-08| 2.694e-07
       0.Info>>    sd:c:b:scatter| 6.478e-01|        10000| 6.478e-05| 1.011e-04
       0.Info>>        sd:c:block| 6.504e-01|          100| 6.504e-03| 5.677e-03
       0.Info>>         sd:c:init| 2.146e-01|          100| 2.146e-03| 3.162e-03
       0.Info>>       sd:c:reduce| 1.484e-06|          100| 1.484e-08| 5.496e-08
       0.Info>>         sd:c:wait| 2.369e-06|          100| 2.369e-08| 5.949e-08
       0.Info>>        sd:compute| 8.651e-01|          100| 8.651e-03| 7.687e-03
       0.Info>>         sd:runner| 8.651e-01|            8| 1.081e-01| 0.000e+00
       0.Info>>          sd:stage| 2.958e-03|            8| 3.697e-04| 0.000e+00
       0.Info>> sd:worker:scatter| 6.423e-01|        10000| 6.423e-05| 9.998e-05
       0.Info>>    sd:worker:wait| 2.215e-01|        10000| 2.215e-05| 1.775e-03
       0.Info>>          sd:write| 1.451e-05|          100| 1.451e-07| 8.132e-07
       0.Info>>           st:fill| 1.784e-04|            8| 2.230e-05| 0.000e+00
       0.Info>>          st:first| 3.449e-04|            1| 3.449e-04| 0.000e+00
       0.Info>>           st:load| 3.382e-04|            1| 3.382e-04| 0.000e+00
       0.Info>>           st:wait| 2.422e-03|            8| 3.027e-04| 0.000e+00
       0.Info>>-----------------------------------------------------------------
       0.Info>>-----------------------------------------------------------------
       0.Info>> watermarks:                                                     
       0.Info>>-----------------------------------------------------------------
       0.Info>>          measure |      min |      max                          
       0.Info>>-----------------------------------------------------------------
       0.Info>>   sd:c:b:dspstore| 2.999e-08| 1.274e-06                         
       0.Info>>    sd:c:b:scatter| 2.193e-05| 3.298e-04                         
       0.Info>>        sd:c:block| 2.292e-03| 8.093e-03                         
       0.Info>>         sd:c:init| 1.685e-03| 3.393e-03                         
       0.Info>>       sd:c:reduce| 0.000e+00| 2.999e-08                         
       0.Info>>         sd:c:wait| 1.499e-08| 4.498e-08                         
       0.Info>>        sd:compute| 3.978e-03| 1.102e-02                         
       0.Info>>         sd:runner| 9.401e-02| 1.178e-01                         
       0.Info>>          sd:stage| 3.674e-04| 3.707e-04                         
       0.Info>> sd:worker:scatter| 2.161e-05| 3.062e-04                         
       0.Info>>    sd:worker:wait| 2.999e-08| 3.395e-03                         
       0.Info>>          sd:write| 7.497e-08| 7.197e-07                         
       0.Info>>           st:fill| 1.988e-05| 2.330e-05                         
       0.Info>>          st:first| 3.449e-04| 3.449e-04                         
       0.Info>>           st:load| 3.382e-04| 3.382e-04                         
       0.Info>>           st:wait| 1.949e-07| 3.462e-04                         
       0.Info>>-----------------------------------------------------------------
       0.Info>>Total runtime (s): 8.3371410000000008                            
       0.Info>>Successfully finished... Have a nice day!                        
