       0.Info>>This software is being developed by Benjamin Lindner.                    
       0.Info>>For help, suggestions or correspondense use:                             
       0.Info>>ben@benlabs.net, Benjamin Lindner (Main Developer, Impl. & Maintenance)  
       0.Info>>franc@cmm.ki.si, Franci Merzel (Methodology)                             
       0.Info>>For publications include the following references:                       
       0.Info>>.........................................................................
       0.Info>>1. Sassena - X-ray and Neutron Scattering Calculated                     
       0.Info>>  from Molecular Dynamics Trajectories using Massively Parallel Computers
       0.Info>>  published as a Computer Program in Physics Paper                       
       0.Info>>.........................................................................
       0.Info>>Version Information: 1.4.2                                       
       0.Info>>                                                                 
       0.Info>>.................................................................
       0.Info>>......................D.E.S.C.R.I.P.T.I.O.N......................
       0.Info>>.................................................................
       0.Info>>This binary computes the scattering intensities directly from    
       0.Info>>a molecular dynamics trajectory.                                 
       0.Info>>.................................................................
       0.Info>>.................................................................
       0.Info>>...................I.N.I.T.I.A.L.I.Z.A.T.I.O.N...................
       0.Info>>.................................................................
       0.Info>>No configuration file specified. Will use default                
       0.Info>>Looking for configuration file: scatter.xml                      
       0.Info>>Reading parameters from XML file: scatter.xml                    
       0.Info>>Added frames from /home/amajumda/study/continuum_simulations/gitlab/continuum-to-scattering/data/100_100_100_10_10_10/single_atom_shrink/iteration_007/t001/pdb_dcd/sample.dcd using format: dcd
       0.Info>>Options: first=0, last=0, lastset=0, stride=1                    
       0.Info>>stager.target=system                                             
       0.Info>>scattering.type=all                                              
       0.Info>>scattering.dsp.type=square                                       
       0.Info>>scattering.average.orientation.type=vectors                      
       0.Info>>scattering.average.orientation.vectors.type=sphere               
       0.Info>>scattering.average.orientation.vectors.algorithm=boost_uniform_on_sphere
       0.Info>>scattering.average.orientation.vectors.resolution=100            
       0.Info>>Generating orientations for orientational averaging using sphere,boost_uniform_on_sphere
       0.Info>>Initialized orientational averaging with 100 vectors.            
       0.Info>>scattering.signal.file=signal.h5                                 
       0.Info>>scattering.signal.filepath=/home/amajumda/study/continuum_simulations/gitlab/continuum-to-scattering/data/100_100_100_10_10_10/single_atom_shrink/iteration_007/t001/signal.h5
       0.Info>>scattering.signal.fqt=1                                          
       0.Info>>scattering.signal.fq0=1                                          
       0.Info>>scattering.signal.fq=1                                           
       0.Info>>scattering.signal.fq2=1                                          
       0.Info>>Analyzing command line for parameter overwrites                  
       0.Info>>Reading database from file: /home/amajumda/study/continuum_simulations/gitlab/continuum-to-scattering/data/100_100_100_10_10_10/single_atom_shrink/iteration_007/t001/database/db-neutron-coherent.xml
       0.Info>>Checking database...                                             
       0.Info>>Testing mapping between PDB names and atom labels                
       0.Info>>Testing database completeness for referenced atom labels         
       0.Info>>Check succeeded. Database seems OK.                              
       0.Info>>Initializing sample...                                           
       0.Info>>Reading structure from file: /home/amajumda/study/continuum_simulations/gitlab/continuum-to-scattering/data/100_100_100_10_10_10/single_atom_shrink/iteration_007/t001/pdb_dcd/sample.pdb
       0.Info>>Done. Atoms read: 1000                                           
       0.Info>>Reading frames from: /home/amajumda/study/continuum_simulations/gitlab/continuum-to-scattering/data/100_100_100_10_10_10/single_atom_shrink/iteration_007/t001/pdb_dcd/sample.dcd
       0.Info>>Found 1 frames                                                   
       0.Info>>Total number of coordinate sets found: 1                         
       0.Info>>Exchanging sample, database & params information with compute nodes... 
       0.Info>>params...                                                        
       0.Info>>database...                                                      
       0.Info>>sample...                                                        
       0.Info>>.................................................................
       0.Info>>......................C.O.M.P.U.T.A.T.I.O.N......................
       0.Info>>.................................................................
       0.Info>>Setting up services...                                           
       0.Info>>Initializing data file service...                                
       0.Info>>Initializing monitor service...                                  
       0.Info>>Starting data file service...                                    
       0.Info>>Starting monitor service...                                      
       0.Info>>Services setup and running...                                    
       0.Info>>Checking /home/amajumda/study/continuum_simulations/gitlab/continuum-to-scattering/data/100_100_100_10_10_10/single_atom_shrink/iteration_007/t001/signal.h5 for old results.
       0.Info>>Broadcasting service information                                 
       0.Info>>Server host name    : hzglap02                                   
       0.Info>>FileService Port    : 34339                                      
       0.Info>>MonitorService Port : 36197                                      
       0.Info>>Setting up parallel environment...                               
       0.Info>>Searching for decomposition plan:                                
       0.Info>>nodes    = 8                                                     
       0.Info>>qvectors = 100                                                   
       0.Info>>frames   = 1                                                     
       0.Info>>atoms   = 1000                                                   
       0.Info>>All interference scattering detected. Applying frame decomposition.
       0.Info>>Automatic decomposition. Searching for best utilization.         
       0.Info>>Final decomposition parameters:                                  
       0.Info>>NN                : 8                                            
       0.Info>>NQ                : 100                                          
       0.Info>>NAF               : 1                                            
       0.Info>>NP                : 8                                            
       0.Info>>NNpP              : 1                                            
       0.Info>>NAFcycles         : 1                                            
       0.Info>>NQcycles          : 13                                           
       0.Info>>CompEl (WASTE/USE): 4/100                                        
       0.Info>>utilization(1=best)    : 0.96153846153846156                     
       0.Info>>Initializing Scatter Device, Vectors (all)                       
       0.Info>>Starting scattering...                                           
       0.Info>>Checking memory requirements for scattering calculation...       
       0.Info>>required limits.computation.memory.result_buffer=16              
       0.Info>>required limits.computation.memory.signal_buffer=16              
       0.Info>>required limits.computation.memory.exchange_buffer=0             
       0.Info>>required limits.computation.memory.alignpad_buffer=32            
       0.Info>>Memory limits ok                                                 
       0.Info>>Staging data...                                                  
       0.Info>>Forcing stager.mode=frames                                       
       0.Info>>Staging first partition.                                         
       0.Info>>Staging remaining partitions.                                    
       0.Info>>background scattering length set to 0                            
       0.Info>>Target initialized.                                              
       0.Info>>Target 'system' produces a background scattering length density of 0.2274854653260189
       0.Info>>Starting computation...                                          
       0.Info>>Orientational averaging includes 100 vectors                     
       0.Info>>Setting progress sampling factor for monitoring to 1             
       0.Info>>Scattering finished...                                           
       0.Info>>.................................................................
       0.Info>>.....................R.U.N...A.N.A.L.Y.S.I.S.....................
       0.Info>>.................................................................
       0.Info>>Aggregating timing information for performance analysis...       
       0.Info>>                                                                 
       0.Info>>                    Performance Analysis                         
       0.Info>>-----------------------------------------------------------------
       0.Info>> mean and total runtimes:                                        
       0.Info>>-----------------------------------------------------------------
       0.Info>>          measure |    total |       count |     mean |   stddev 
       0.Info>>-----------------------------------------------------------------
       0.Info>>   sd:c:b:dspstore| 2.614e-02|        10000| 2.614e-06| 1.503e-06
       0.Info>>    sd:c:b:scatter| 6.099e-01|        10000| 6.099e-05| 1.475e-05
       0.Info>>        sd:c:block| 7.370e-01|          100| 7.370e-03| 4.926e-04
       0.Info>>         sd:c:init| 1.451e-01|          100| 1.451e-03| 2.843e-04
       0.Info>>       sd:c:reduce| 1.040e-04|          100| 1.040e-06| 5.022e-07
       0.Info>>         sd:c:wait| 1.360e-04|          100| 1.360e-06| 6.450e-07
       0.Info>>        sd:compute| 8.842e-01|          100| 8.842e-03| 5.658e-04
       0.Info>>         sd:runner| 8.871e-01|            8| 1.109e-01| 0.000e+00
       0.Info>>          sd:stage| 4.323e-03|            8| 5.404e-04| 0.000e+00
       0.Info>> sd:worker:scatter| 4.271e-01|        10000| 4.271e-05| 6.777e-06
       0.Info>>    sd:worker:wait| 3.845e-01|        10000| 3.845e-05| 1.517e-04
       0.Info>>          sd:write| 7.750e-04|          100| 7.750e-06| 5.708e-06
       0.Info>>           st:fill| 7.190e-04|            8| 8.988e-05| 0.000e+00
       0.Info>>          st:first| 3.500e-04|            1| 3.500e-04| 0.000e+00
       0.Info>>           st:load| 3.240e-04|            1| 3.240e-04| 0.000e+00
       0.Info>>           st:wait| 2.679e-03|            8| 3.349e-04| 0.000e+00
       0.Info>>-----------------------------------------------------------------
       0.Info>>-----------------------------------------------------------------
       0.Info>> watermarks:                                                     
       0.Info>>-----------------------------------------------------------------
       0.Info>>          measure |      min |      max                          
       0.Info>>-----------------------------------------------------------------
       0.Info>>   sd:c:b:dspstore| 1.000e-06| 6.100e-05                         
       0.Info>>    sd:c:b:scatter| 2.500e-05| 5.300e-04                         
       0.Info>>        sd:c:block| 4.929e-03| 8.466e-03                         
       0.Info>>         sd:c:init| 9.470e-04| 2.079e-03                         
       0.Info>>       sd:c:reduce| 0.000e+00| 4.000e-06                         
       0.Info>>         sd:c:wait| 0.000e+00| 5.000e-06                         
       0.Info>>        sd:compute| 6.983e-03| 1.043e-02                         
       0.Info>>         sd:runner| 1.001e-01| 1.175e-01                         
       0.Info>>          sd:stage| 5.350e-04| 5.450e-04                         
       0.Info>> sd:worker:scatter| 1.200e-05| 1.570e-04                         
       0.Info>>    sd:worker:wait| 1.200e-05| 2.241e-03                         
       0.Info>>          sd:write| 4.000e-06| 3.500e-05                         
       0.Info>>           st:fill| 7.700e-05| 9.500e-05                         
       0.Info>>          st:first| 3.500e-04| 3.500e-04                         
       0.Info>>           st:load| 3.240e-04| 3.240e-04                         
       0.Info>>           st:wait| 4.000e-06| 3.840e-04                         
       0.Info>>-----------------------------------------------------------------
       0.Info>>                                                                 
       0.Info>>         Performance Analysis (relative to total time * nodes)   
       0.Info>>-----------------------------------------------------------------
       0.Info>> mean and total runtimes:                                        
       0.Info>>-----------------------------------------------------------------
       0.Info>>          measure |    total |       count |     mean |   stddev 
       0.Info>>-----------------------------------------------------------------
       0.Info>>   sd:c:b:dspstore| 1.978e-02|        10000| 1.978e-06| 1.308e-06
       0.Info>>    sd:c:b:scatter| 4.616e-01|        10000| 4.616e-05| 1.283e-05
       0.Info>>        sd:c:block| 5.578e-01|          100| 5.578e-03| 4.286e-04
       0.Info>>         sd:c:init| 1.098e-01|          100| 1.098e-03| 2.474e-04
       0.Info>>       sd:c:reduce| 7.872e-05|          100| 7.872e-07| 4.369e-07
       0.Info>>         sd:c:wait| 1.029e-04|          100| 1.029e-06| 5.611e-07
       0.Info>>        sd:compute| 6.692e-01|          100| 6.692e-03| 4.923e-04
       0.Info>>         sd:runner| 6.714e-01|            8| 8.393e-02| 0.000e+00
       0.Info>>          sd:stage| 3.272e-03|            8| 4.090e-04| 0.000e+00
       0.Info>> sd:worker:scatter| 3.232e-01|        10000| 3.232e-05| 5.896e-06
       0.Info>>    sd:worker:wait| 2.910e-01|        10000| 2.910e-05| 1.320e-04
       0.Info>>          sd:write| 5.866e-04|          100| 5.866e-06| 4.966e-06
       0.Info>>           st:fill| 5.442e-04|            8| 6.803e-05| 0.000e+00
       0.Info>>          st:first| 2.649e-04|            1| 2.649e-04| 0.000e+00
       0.Info>>           st:load| 2.452e-04|            1| 2.452e-04| 0.000e+00
       0.Info>>           st:wait| 2.028e-03|            8| 2.535e-04| 0.000e+00
       0.Info>>-----------------------------------------------------------------
       0.Info>>-----------------------------------------------------------------
       0.Info>> watermarks:                                                     
       0.Info>>-----------------------------------------------------------------
       0.Info>>          measure |      min |      max                          
       0.Info>>-----------------------------------------------------------------
       0.Info>>   sd:c:b:dspstore| 7.569e-07| 4.617e-05                         
       0.Info>>    sd:c:b:scatter| 1.892e-05| 4.012e-04                         
       0.Info>>        sd:c:block| 3.731e-03| 6.408e-03                         
       0.Info>>         sd:c:init| 7.168e-04| 1.574e-03                         
       0.Info>>       sd:c:reduce| 0.000e+00| 3.028e-06                         
       0.Info>>         sd:c:wait| 0.000e+00| 3.784e-06                         
       0.Info>>        sd:compute| 5.285e-03| 7.892e-03                         
       0.Info>>         sd:runner| 7.576e-02| 8.894e-02                         
       0.Info>>          sd:stage| 4.049e-04| 4.125e-04                         
       0.Info>> sd:worker:scatter| 9.083e-06| 1.188e-04                         
       0.Info>>    sd:worker:wait| 9.083e-06| 1.696e-03                         
       0.Info>>          sd:write| 3.028e-06| 2.649e-05                         
       0.Info>>           st:fill| 5.828e-05| 7.190e-05                         
       0.Info>>          st:first| 2.649e-04| 2.649e-04                         
       0.Info>>           st:load| 2.452e-04| 2.452e-04                         
       0.Info>>           st:wait| 3.028e-06| 2.906e-04                         
       0.Info>>-----------------------------------------------------------------
       0.Info>>Total runtime (s): 0.16514999999999999                           
       0.Info>>Successfully finished... Have a nice day!                        
