       0.Info>>This software is being developed by Benjamin Lindner.                    
       0.Info>>For help, suggestions or correspondense use:                             
       0.Info>>ben@benlabs.net, Benjamin Lindner (Main Developer, Impl. & Maintenance)  
       0.Info>>franc@cmm.ki.si, Franci Merzel (Methodology)                             
       0.Info>>For publications include the following references:                       
       0.Info>>.........................................................................
       0.Info>>1. Sassena - X-ray and Neutron Scattering Calculated                     
       0.Info>>  from Molecular Dynamics Trajectories using Massively Parallel Computers
       0.Info>>  published as a Computer Program in Physics Paper                       
       0.Info>>.........................................................................
       0.Info>>Version Information: 1.4.2                                       
       0.Info>>                                                                 
       0.Info>>.................................................................
       0.Info>>......................D.E.S.C.R.I.P.T.I.O.N......................
       0.Info>>.................................................................
       0.Info>>This binary computes the scattering intensities directly from    
       0.Info>>a molecular dynamics trajectory.                                 
       0.Info>>.................................................................
       0.Info>>.................................................................
       0.Info>>...................I.N.I.T.I.A.L.I.Z.A.T.I.O.N...................
       0.Info>>.................................................................
       0.Info>>No configuration file specified. Will use default                
       0.Info>>Looking for configuration file: scatter.xml                      
       0.Info>>Reading parameters from XML file: scatter.xml                    
       0.Info>>Added frames from /home/amajumda/study/continuum_simulations/gitlab/continuum-to-scattering/data/100_100_100_10_10_10/single_atom_shrink/iteration_000/t002/pdb_dcd/sample.dcd using format: dcd
       0.Info>>Options: first=0, last=0, lastset=0, stride=1                    
       0.Info>>stager.target=system                                             
       0.Info>>scattering.type=all                                              
       0.Info>>scattering.dsp.type=square                                       
       0.Info>>scattering.average.orientation.type=vectors                      
       0.Info>>scattering.average.orientation.vectors.type=sphere               
       0.Info>>scattering.average.orientation.vectors.algorithm=boost_uniform_on_sphere
       0.Info>>scattering.average.orientation.vectors.resolution=100            
       0.Info>>Generating orientations for orientational averaging using sphere,boost_uniform_on_sphere
       0.Info>>Initialized orientational averaging with 100 vectors.            
       0.Info>>scattering.signal.file=signal.h5                                 
       0.Info>>scattering.signal.filepath=/home/amajumda/study/continuum_simulations/gitlab/continuum-to-scattering/data/100_100_100_10_10_10/single_atom_shrink/iteration_000/t002/signal.h5
       0.Info>>scattering.signal.fqt=1                                          
       0.Info>>scattering.signal.fq0=1                                          
       0.Info>>scattering.signal.fq=1                                           
       0.Info>>scattering.signal.fq2=1                                          
       0.Info>>Analyzing command line for parameter overwrites                  
       0.Info>>Reading database from file: /home/amajumda/study/continuum_simulations/gitlab/continuum-to-scattering/data/100_100_100_10_10_10/single_atom_shrink/iteration_000/t002/database/db-neutron-coherent.xml
       0.Info>>Checking database...                                             
       0.Info>>Testing mapping between PDB names and atom labels                
       0.Info>>Testing database completeness for referenced atom labels         
       0.Info>>Check succeeded. Database seems OK.                              
       0.Info>>Initializing sample...                                           
       0.Info>>Reading structure from file: /home/amajumda/study/continuum_simulations/gitlab/continuum-to-scattering/data/100_100_100_10_10_10/single_atom_shrink/iteration_000/t002/pdb_dcd/sample.pdb
       0.Info>>Done. Atoms read: 1000                                           
       0.Info>>Reading frames from: /home/amajumda/study/continuum_simulations/gitlab/continuum-to-scattering/data/100_100_100_10_10_10/single_atom_shrink/iteration_000/t002/pdb_dcd/sample.dcd
       0.Info>>Found 1 frames                                                   
       0.Info>>Total number of coordinate sets found: 1                         
       0.Info>>Exchanging sample, database & params information with compute nodes... 
       0.Info>>params...                                                        
       0.Info>>database...                                                      
       0.Info>>sample...                                                        
       0.Info>>.................................................................
       0.Info>>......................C.O.M.P.U.T.A.T.I.O.N......................
       0.Info>>.................................................................
       0.Info>>Setting up services...                                           
       0.Info>>Initializing data file service...                                
       0.Info>>Initializing monitor service...                                  
       0.Info>>Starting data file service...                                    
       0.Info>>Starting monitor service...                                      
       0.Info>>Services setup and running...                                    
       0.Info>>Checking /home/amajumda/study/continuum_simulations/gitlab/continuum-to-scattering/data/100_100_100_10_10_10/single_atom_shrink/iteration_000/t002/signal.h5 for old results.
       0.Info>>Broadcasting service information                                 
       0.Info>>Server host name    : hzglap02                                   
       0.Info>>FileService Port    : 40591                                      
       0.Info>>MonitorService Port : 39963                                      
       0.Info>>Setting up parallel environment...                               
       0.Info>>Searching for decomposition plan:                                
       0.Info>>nodes    = 8                                                     
       0.Info>>qvectors = 100                                                   
       0.Info>>frames   = 1                                                     
       0.Info>>atoms   = 1000                                                   
       0.Info>>All interference scattering detected. Applying frame decomposition.
       0.Info>>Automatic decomposition. Searching for best utilization.         
       0.Info>>Final decomposition parameters:                                  
       0.Info>>NN                : 8                                            
       0.Info>>NQ                : 100                                          
       0.Info>>NAF               : 1                                            
       0.Info>>NP                : 8                                            
       0.Info>>NNpP              : 1                                            
       0.Info>>NAFcycles         : 1                                            
       0.Info>>NQcycles          : 13                                           
       0.Info>>CompEl (WASTE/USE): 4/100                                        
       0.Info>>utilization(1=best)    : 0.96153846153846156                     
       0.Info>>Initializing Scatter Device, Vectors (all)                       
       0.Info>>Starting scattering...                                           
       0.Info>>Checking memory requirements for scattering calculation...       
       0.Info>>required limits.computation.memory.result_buffer=16              
       0.Info>>required limits.computation.memory.signal_buffer=16              
       0.Info>>required limits.computation.memory.exchange_buffer=0             
       0.Info>>required limits.computation.memory.alignpad_buffer=32            
       0.Info>>Memory limits ok                                                 
       0.Info>>Staging data...                                                  
       0.Info>>Forcing stager.mode=frames                                       
       0.Info>>Staging first partition.                                         
       0.Info>>Staging remaining partitions.                                    
       0.Info>>background scattering length set to 0                            
       0.Info>>Target initialized.                                              
       0.Info>>Target 'system' produces a background scattering length density of 0.2274854653260189
       0.Info>>Starting computation...                                          
       0.Info>>Orientational averaging includes 100 vectors                     
       0.Info>>Setting progress sampling factor for monitoring to 1             
       0.Info>>Scattering finished...                                           
       0.Info>>.................................................................
       0.Info>>.....................R.U.N...A.N.A.L.Y.S.I.S.....................
       0.Info>>.................................................................
       0.Info>>Aggregating timing information for performance analysis...       
       0.Info>>                                                                 
       0.Info>>                    Performance Analysis                         
       0.Info>>-----------------------------------------------------------------
       0.Info>> mean and total runtimes:                                        
       0.Info>>-----------------------------------------------------------------
       0.Info>>          measure |    total |       count |     mean |   stddev 
       0.Info>>-----------------------------------------------------------------
       0.Info>>   sd:c:b:dspstore| 2.586e-02|        10000| 2.586e-06| 1.536e-06
       0.Info>>    sd:c:b:scatter| 6.098e-01|        10000| 6.098e-05| 1.628e-05
       0.Info>>        sd:c:block| 7.364e-01|          100| 7.364e-03| 4.765e-04
       0.Info>>         sd:c:init| 1.374e-01|          100| 1.374e-03| 3.094e-04
       0.Info>>       sd:c:reduce| 9.600e-05|          100| 9.600e-07| 5.772e-07
       0.Info>>         sd:c:wait| 1.400e-04|          100| 1.400e-06| 5.672e-07
       0.Info>>        sd:compute| 8.759e-01|          100| 8.759e-03| 5.885e-04
       0.Info>>         sd:runner| 8.793e-01|            8| 1.099e-01| 0.000e+00
       0.Info>>          sd:stage| 5.565e-03|            8| 6.956e-04| 0.000e+00
       0.Info>> sd:worker:scatter| 4.280e-01|        10000| 4.280e-05| 8.767e-06
       0.Info>>    sd:worker:wait| 3.757e-01|        10000| 3.757e-05| 1.453e-04
       0.Info>>          sd:write| 7.620e-04|          100| 7.620e-06| 6.031e-06
       0.Info>>           st:fill| 7.800e-04|            8| 9.750e-05| 0.000e+00
       0.Info>>          st:first| 4.570e-04|            1| 4.570e-04| 0.000e+00
       0.Info>>           st:load| 3.900e-04|            1| 3.900e-04| 0.000e+00
       0.Info>>           st:wait| 3.476e-03|            8| 4.345e-04| 0.000e+00
       0.Info>>-----------------------------------------------------------------
       0.Info>>-----------------------------------------------------------------
       0.Info>> watermarks:                                                     
       0.Info>>-----------------------------------------------------------------
       0.Info>>          measure |      min |      max                          
       0.Info>>-----------------------------------------------------------------
       0.Info>>   sd:c:b:dspstore| 1.000e-06| 6.400e-05                         
       0.Info>>    sd:c:b:scatter| 2.500e-05| 8.300e-04                         
       0.Info>>        sd:c:block| 5.193e-03| 8.887e-03                         
       0.Info>>         sd:c:init| 9.430e-04| 2.360e-03                         
       0.Info>>       sd:c:reduce| 0.000e+00| 4.000e-06                         
       0.Info>>         sd:c:wait| 1.000e-06| 3.000e-06                         
       0.Info>>        sd:compute| 7.123e-03| 1.033e-02                         
       0.Info>>         sd:runner| 9.876e-02| 1.155e-01                         
       0.Info>>          sd:stage| 6.860e-04| 7.080e-04                         
       0.Info>> sd:worker:scatter| 1.200e-05| 4.430e-04                         
       0.Info>>    sd:worker:wait| 1.200e-05| 2.771e-03                         
       0.Info>>          sd:write| 4.000e-06| 3.800e-05                         
       0.Info>>           st:fill| 9.200e-05| 1.010e-04                         
       0.Info>>          st:first| 4.570e-04| 4.570e-04                         
       0.Info>>           st:load| 3.900e-04| 3.900e-04                         
       0.Info>>           st:wait| 6.000e-06| 5.010e-04                         
       0.Info>>-----------------------------------------------------------------
       0.Info>>                                                                 
       0.Info>>         Performance Analysis (relative to total time * nodes)   
       0.Info>>-----------------------------------------------------------------
       0.Info>> mean and total runtimes:                                        
       0.Info>>-----------------------------------------------------------------
       0.Info>>          measure |    total |       count |     mean |   stddev 
       0.Info>>-----------------------------------------------------------------
       0.Info>>   sd:c:b:dspstore| 1.950e-02|        10000| 1.950e-06| 1.334e-06
       0.Info>>    sd:c:b:scatter| 4.598e-01|        10000| 4.598e-05| 1.414e-05
       0.Info>>        sd:c:block| 5.553e-01|          100| 5.553e-03| 4.138e-04
       0.Info>>         sd:c:init| 1.036e-01|          100| 1.036e-03| 2.687e-04
       0.Info>>       sd:c:reduce| 7.239e-05|          100| 7.239e-07| 5.012e-07
       0.Info>>         sd:c:wait| 1.056e-04|          100| 1.056e-06| 4.926e-07
       0.Info>>        sd:compute| 6.605e-01|          100| 6.605e-03| 5.110e-04
       0.Info>>         sd:runner| 6.631e-01|            8| 8.289e-02| 0.000e+00
       0.Info>>          sd:stage| 4.197e-03|            8| 5.246e-04| 0.000e+00
       0.Info>> sd:worker:scatter| 3.227e-01|        10000| 3.227e-05| 7.613e-06
       0.Info>>    sd:worker:wait| 2.833e-01|        10000| 2.833e-05| 1.262e-04
       0.Info>>          sd:write| 5.746e-04|          100| 5.746e-06| 5.237e-06
       0.Info>>           st:fill| 5.882e-04|            8| 7.352e-05| 0.000e+00
       0.Info>>          st:first| 3.446e-04|            1| 3.446e-04| 0.000e+00
       0.Info>>           st:load| 2.941e-04|            1| 2.941e-04| 0.000e+00
       0.Info>>           st:wait| 2.621e-03|            8| 3.277e-04| 0.000e+00
       0.Info>>-----------------------------------------------------------------
       0.Info>>-----------------------------------------------------------------
       0.Info>> watermarks:                                                     
       0.Info>>-----------------------------------------------------------------
       0.Info>>          measure |      min |      max                          
       0.Info>>-----------------------------------------------------------------
       0.Info>>   sd:c:b:dspstore| 7.541e-07| 4.826e-05                         
       0.Info>>    sd:c:b:scatter| 1.885e-05| 6.259e-04                         
       0.Info>>        sd:c:block| 3.916e-03| 6.702e-03                         
       0.Info>>         sd:c:init| 7.111e-04| 1.780e-03                         
       0.Info>>       sd:c:reduce| 0.000e+00| 3.016e-06                         
       0.Info>>         sd:c:wait| 7.541e-07| 2.262e-06                         
       0.Info>>        sd:compute| 5.371e-03| 7.787e-03                         
       0.Info>>         sd:runner| 7.448e-02| 8.709e-02                         
       0.Info>>          sd:stage| 5.173e-04| 5.339e-04                         
       0.Info>> sd:worker:scatter| 9.049e-06| 3.341e-04                         
       0.Info>>    sd:worker:wait| 9.049e-06| 2.090e-03                         
       0.Info>>          sd:write| 3.016e-06| 2.866e-05                         
       0.Info>>           st:fill| 6.938e-05| 7.616e-05                         
       0.Info>>          st:first| 3.446e-04| 3.446e-04                         
       0.Info>>           st:load| 2.941e-04| 2.941e-04                         
       0.Info>>           st:wait| 4.525e-06| 3.778e-04                         
       0.Info>>-----------------------------------------------------------------
       0.Info>>Total runtime (s): 0.16576199999999999                           
       0.Info>>Successfully finished... Have a nice day!                        
