       0.Info>>This software is being developed by Benjamin Lindner.                    
       0.Info>>For help, suggestions or correspondense use:                             
       0.Info>>ben@benlabs.net, Benjamin Lindner (Main Developer, Impl. & Maintenance)  
       0.Info>>franc@cmm.ki.si, Franci Merzel (Methodology)                             
       0.Info>>For publications include the following references:                       
       0.Info>>.........................................................................
       0.Info>>1. Sassena - X-ray and Neutron Scattering Calculated                     
       0.Info>>  from Molecular Dynamics Trajectories using Massively Parallel Computers
       0.Info>>  published as a Computer Program in Physics Paper                       
       0.Info>>.........................................................................
       0.Info>>Version Information: 1.4.2                                       
       0.Info>>                                                                 
       0.Info>>.................................................................
       0.Info>>......................D.E.S.C.R.I.P.T.I.O.N......................
       0.Info>>.................................................................
       0.Info>>This binary computes the scattering intensities directly from    
       0.Info>>a molecular dynamics trajectory.                                 
       0.Info>>.................................................................
       0.Info>>.................................................................
       0.Info>>...................I.N.I.T.I.A.L.I.Z.A.T.I.O.N...................
       0.Info>>.................................................................
       0.Info>>No configuration file specified. Will use default                
       0.Info>>Looking for configuration file: scatter.xml                      
       0.Info>>Reading parameters from XML file: scatter.xml                    
       0.Info>>Added frames from /home/amajumda/study/continuum_simulations/gitlab/continuum-to-scattering/data/100_100_100_10_10_10/single_atom_shrink/iteration_005/t002/pdb_dcd/sample.dcd using format: dcd
       0.Info>>Options: first=0, last=0, lastset=0, stride=1                    
       0.Info>>stager.target=system                                             
       0.Info>>scattering.type=all                                              
       0.Info>>scattering.dsp.type=square                                       
       0.Info>>scattering.average.orientation.type=vectors                      
       0.Info>>scattering.average.orientation.vectors.type=sphere               
       0.Info>>scattering.average.orientation.vectors.algorithm=boost_uniform_on_sphere
       0.Info>>scattering.average.orientation.vectors.resolution=100            
       0.Info>>Generating orientations for orientational averaging using sphere,boost_uniform_on_sphere
       0.Info>>Initialized orientational averaging with 100 vectors.            
       0.Info>>scattering.signal.file=signal.h5                                 
       0.Info>>scattering.signal.filepath=/home/amajumda/study/continuum_simulations/gitlab/continuum-to-scattering/data/100_100_100_10_10_10/single_atom_shrink/iteration_005/t002/signal.h5
       0.Info>>scattering.signal.fqt=1                                          
       0.Info>>scattering.signal.fq0=1                                          
       0.Info>>scattering.signal.fq=1                                           
       0.Info>>scattering.signal.fq2=1                                          
       0.Info>>Analyzing command line for parameter overwrites                  
       0.Info>>Reading database from file: /home/amajumda/study/continuum_simulations/gitlab/continuum-to-scattering/data/100_100_100_10_10_10/single_atom_shrink/iteration_005/t002/database/db-neutron-coherent.xml
       0.Info>>Checking database...                                             
       0.Info>>Testing mapping between PDB names and atom labels                
       0.Info>>Testing database completeness for referenced atom labels         
       0.Info>>Check succeeded. Database seems OK.                              
       0.Info>>Initializing sample...                                           
       0.Info>>Reading structure from file: /home/amajumda/study/continuum_simulations/gitlab/continuum-to-scattering/data/100_100_100_10_10_10/single_atom_shrink/iteration_005/t002/pdb_dcd/sample.pdb
       0.Info>>Done. Atoms read: 1000                                           
       0.Info>>Reading frames from: /home/amajumda/study/continuum_simulations/gitlab/continuum-to-scattering/data/100_100_100_10_10_10/single_atom_shrink/iteration_005/t002/pdb_dcd/sample.dcd
       0.Info>>Found 1 frames                                                   
       0.Info>>Total number of coordinate sets found: 1                         
       0.Info>>Exchanging sample, database & params information with compute nodes... 
       0.Info>>params...                                                        
       0.Info>>database...                                                      
       0.Info>>sample...                                                        
       0.Info>>.................................................................
       0.Info>>......................C.O.M.P.U.T.A.T.I.O.N......................
       0.Info>>.................................................................
       0.Info>>Setting up services...                                           
       0.Info>>Initializing data file service...                                
       0.Info>>Initializing monitor service...                                  
       0.Info>>Starting data file service...                                    
       0.Info>>Starting monitor service...                                      
       0.Info>>Services setup and running...                                    
       0.Info>>Checking /home/amajumda/study/continuum_simulations/gitlab/continuum-to-scattering/data/100_100_100_10_10_10/single_atom_shrink/iteration_005/t002/signal.h5 for old results.
       0.Info>>Broadcasting service information                                 
       0.Info>>Server host name    : hzglap02                                   
       0.Info>>FileService Port    : 34219                                      
       0.Info>>MonitorService Port : 33579                                      
       0.Info>>Setting up parallel environment...                               
       0.Info>>Searching for decomposition plan:                                
       0.Info>>nodes    = 8                                                     
       0.Info>>qvectors = 100                                                   
       0.Info>>frames   = 1                                                     
       0.Info>>atoms   = 1000                                                   
       0.Info>>All interference scattering detected. Applying frame decomposition.
       0.Info>>Automatic decomposition. Searching for best utilization.         
       0.Info>>Final decomposition parameters:                                  
       0.Info>>NN                : 8                                            
       0.Info>>NQ                : 100                                          
       0.Info>>NAF               : 1                                            
       0.Info>>NP                : 8                                            
       0.Info>>NNpP              : 1                                            
       0.Info>>NAFcycles         : 1                                            
       0.Info>>NQcycles          : 13                                           
       0.Info>>CompEl (WASTE/USE): 4/100                                        
       0.Info>>utilization(1=best)    : 0.96153846153846156                     
       0.Info>>Initializing Scatter Device, Vectors (all)                       
       0.Info>>Starting scattering...                                           
       0.Info>>Checking memory requirements for scattering calculation...       
       0.Info>>required limits.computation.memory.result_buffer=16              
       0.Info>>required limits.computation.memory.signal_buffer=16              
       0.Info>>required limits.computation.memory.exchange_buffer=0             
       0.Info>>required limits.computation.memory.alignpad_buffer=32            
       0.Info>>Memory limits ok                                                 
       0.Info>>Staging data...                                                  
       0.Info>>Forcing stager.mode=frames                                       
       0.Info>>Staging first partition.                                         
       0.Info>>Staging remaining partitions.                                    
       0.Info>>background scattering length set to 0                            
       0.Info>>Target initialized.                                              
       0.Info>>Target 'system' produces a background scattering length density of 0.16976527263135749
       0.Info>>Starting computation...                                          
       0.Info>>Orientational averaging includes 100 vectors                     
       0.Info>>Setting progress sampling factor for monitoring to 1             
       0.Info>>Scattering finished...                                           
       0.Info>>.................................................................
       0.Info>>.....................R.U.N...A.N.A.L.Y.S.I.S.....................
       0.Info>>.................................................................
       0.Info>>Aggregating timing information for performance analysis...       
       0.Info>>                                                                 
       0.Info>>                    Performance Analysis                         
       0.Info>>-----------------------------------------------------------------
       0.Info>> mean and total runtimes:                                        
       0.Info>>-----------------------------------------------------------------
       0.Info>>          measure |    total |       count |     mean |   stddev 
       0.Info>>-----------------------------------------------------------------
       0.Info>>   sd:c:b:dspstore| 2.635e-02|        10000| 2.635e-06| 1.695e-06
       0.Info>>    sd:c:b:scatter| 6.150e-01|        10000| 6.150e-05| 1.340e-05
       0.Info>>        sd:c:block| 7.424e-01|          100| 7.424e-03| 4.483e-04
       0.Info>>         sd:c:init| 1.434e-01|          100| 1.434e-03| 3.167e-04
       0.Info>>       sd:c:reduce| 1.030e-04|          100| 1.030e-06| 3.993e-07
       0.Info>>         sd:c:wait| 1.360e-04|          100| 1.360e-06| 5.976e-07
       0.Info>>        sd:compute| 8.879e-01|          100| 8.879e-03| 5.615e-04
       0.Info>>         sd:runner| 8.912e-01|            8| 1.114e-01| 0.000e+00
       0.Info>>          sd:stage| 4.061e-03|            8| 5.076e-04| 0.000e+00
       0.Info>> sd:worker:scatter| 4.307e-01|        10000| 4.307e-05| 7.522e-06
       0.Info>>    sd:worker:wait| 3.835e-01|        10000| 3.835e-05| 1.510e-04
       0.Info>>          sd:write| 7.970e-04|          100| 7.970e-06| 6.876e-06
       0.Info>>           st:fill| 6.950e-04|            8| 8.688e-05| 0.000e+00
       0.Info>>          st:first| 3.180e-04|            1| 3.180e-04| 0.000e+00
       0.Info>>           st:load| 2.890e-04|            1| 2.890e-04| 0.000e+00
       0.Info>>           st:wait| 2.421e-03|            8| 3.026e-04| 0.000e+00
       0.Info>>-----------------------------------------------------------------
       0.Info>>-----------------------------------------------------------------
       0.Info>> watermarks:                                                     
       0.Info>>-----------------------------------------------------------------
       0.Info>>          measure |      min |      max                          
       0.Info>>-----------------------------------------------------------------
       0.Info>>   sd:c:b:dspstore| 1.000e-06| 6.400e-05                         
       0.Info>>    sd:c:b:scatter| 2.400e-05| 5.790e-04                         
       0.Info>>        sd:c:block| 5.050e-03| 8.257e-03                         
       0.Info>>         sd:c:init| 9.280e-04| 2.168e-03                         
       0.Info>>       sd:c:reduce| 0.000e+00| 3.000e-06                         
       0.Info>>         sd:c:wait| 0.000e+00| 3.000e-06                         
       0.Info>>        sd:compute| 6.986e-03| 1.040e-02                         
       0.Info>>         sd:runner| 9.985e-02| 1.201e-01                         
       0.Info>>          sd:stage| 5.040e-04| 5.120e-04                         
       0.Info>> sd:worker:scatter| 1.200e-05| 3.190e-04                         
       0.Info>>    sd:worker:wait| 1.200e-05| 2.211e-03                         
       0.Info>>          sd:write| 4.000e-06| 4.200e-05                         
       0.Info>>           st:fill| 8.000e-05| 9.000e-05                         
       0.Info>>          st:first| 3.180e-04| 3.180e-04                         
       0.Info>>           st:load| 2.890e-04| 2.890e-04                         
       0.Info>>           st:wait| 5.000e-06| 3.460e-04                         
       0.Info>>-----------------------------------------------------------------
       0.Info>>                                                                 
       0.Info>>         Performance Analysis (relative to total time * nodes)   
       0.Info>>-----------------------------------------------------------------
       0.Info>> mean and total runtimes:                                        
       0.Info>>-----------------------------------------------------------------
       0.Info>>          measure |    total |       count |     mean |   stddev 
       0.Info>>-----------------------------------------------------------------
       0.Info>>   sd:c:b:dspstore| 1.975e-02|        10000| 1.975e-06| 1.467e-06
       0.Info>>    sd:c:b:scatter| 4.609e-01|        10000| 4.609e-05| 1.160e-05
       0.Info>>        sd:c:block| 5.563e-01|          100| 5.563e-03| 3.880e-04
       0.Info>>         sd:c:init| 1.075e-01|          100| 1.075e-03| 2.741e-04
       0.Info>>       sd:c:reduce| 7.719e-05|          100| 7.719e-07| 3.456e-07
       0.Info>>         sd:c:wait| 1.019e-04|          100| 1.019e-06| 5.173e-07
       0.Info>>        sd:compute| 6.654e-01|          100| 6.654e-03| 4.861e-04
       0.Info>>         sd:runner| 6.678e-01|            8| 8.348e-02| 0.000e+00
       0.Info>>          sd:stage| 3.043e-03|            8| 3.804e-04| 0.000e+00
       0.Info>> sd:worker:scatter| 3.228e-01|        10000| 3.228e-05| 6.512e-06
       0.Info>>    sd:worker:wait| 2.874e-01|        10000| 2.874e-05| 1.307e-04
       0.Info>>          sd:write| 5.973e-04|          100| 5.973e-06| 5.952e-06
       0.Info>>           st:fill| 5.208e-04|            8| 6.510e-05| 0.000e+00
       0.Info>>          st:first| 2.383e-04|            1| 2.383e-04| 0.000e+00
       0.Info>>           st:load| 2.166e-04|            1| 2.166e-04| 0.000e+00
       0.Info>>           st:wait| 1.814e-03|            8| 2.268e-04| 0.000e+00
       0.Info>>-----------------------------------------------------------------
       0.Info>>-----------------------------------------------------------------
       0.Info>> watermarks:                                                     
       0.Info>>-----------------------------------------------------------------
       0.Info>>          measure |      min |      max                          
       0.Info>>-----------------------------------------------------------------
       0.Info>>   sd:c:b:dspstore| 7.494e-07| 4.796e-05                         
       0.Info>>    sd:c:b:scatter| 1.798e-05| 4.339e-04                         
       0.Info>>        sd:c:block| 3.784e-03| 6.188e-03                         
       0.Info>>         sd:c:init| 6.954e-04| 1.625e-03                         
       0.Info>>       sd:c:reduce| 0.000e+00| 2.248e-06                         
       0.Info>>         sd:c:wait| 0.000e+00| 2.248e-06                         
       0.Info>>        sd:compute| 5.235e-03| 7.796e-03                         
       0.Info>>         sd:runner| 7.482e-02| 9.002e-02                         
       0.Info>>          sd:stage| 3.777e-04| 3.837e-04                         
       0.Info>> sd:worker:scatter| 8.992e-06| 2.391e-04                         
       0.Info>>    sd:worker:wait| 8.992e-06| 1.657e-03                         
       0.Info>>          sd:write| 2.997e-06| 3.147e-05                         
       0.Info>>           st:fill| 5.995e-05| 6.744e-05                         
       0.Info>>          st:first| 2.383e-04| 2.383e-04                         
       0.Info>>           st:load| 2.166e-04| 2.166e-04                         
       0.Info>>           st:wait| 3.747e-06| 2.593e-04                         
       0.Info>>-----------------------------------------------------------------
       0.Info>>Total runtime (s): 0.16680600000000001                           
       0.Info>>Successfully finished... Have a nice day!                        
