       0.Info>>This software is being developed by Benjamin Lindner.                    
       0.Info>>For help, suggestions or correspondense use:                             
       0.Info>>ben@benlabs.net, Benjamin Lindner (Main Developer, Impl. & Maintenance)  
       0.Info>>franc@cmm.ki.si, Franci Merzel (Methodology)                             
       0.Info>>For publications include the following references:                       
       0.Info>>.........................................................................
       0.Info>>1. Sassena - X-ray and Neutron Scattering Calculated                     
       0.Info>>  from Molecular Dynamics Trajectories using Massively Parallel Computers
       0.Info>>  published as a Computer Program in Physics Paper                       
       0.Info>>.........................................................................
       0.Info>>Version Information: 1.4.2                                       
       0.Info>>                                                                 
       0.Info>>.................................................................
       0.Info>>......................D.E.S.C.R.I.P.T.I.O.N......................
       0.Info>>.................................................................
       0.Info>>This binary computes the scattering intensities directly from    
       0.Info>>a molecular dynamics trajectory.                                 
       0.Info>>.................................................................
       0.Info>>.................................................................
       0.Info>>...................I.N.I.T.I.A.L.I.Z.A.T.I.O.N...................
       0.Info>>.................................................................
       0.Info>>No configuration file specified. Will use default                
       0.Info>>Looking for configuration file: scatter.xml                      
       0.Info>>Reading parameters from XML file: scatter.xml                    
       0.Info>>Added frames from /home/amajumda/study/continuum_simulations/gitlab/continuum-to-scattering/data/100_100_100_50_50_50/single_atom_shrink/iteration_012/t004/pdb_dcd/sample.dcd using format: dcd
       0.Info>>Options: first=0, last=0, lastset=0, stride=1                    
       0.Info>>stager.target=system                                             
       0.Info>>scattering.type=all                                              
       0.Info>>scattering.dsp.type=square                                       
       0.Info>>scattering.average.orientation.type=vectors                      
       0.Info>>scattering.average.orientation.vectors.type=sphere               
       0.Info>>scattering.average.orientation.vectors.algorithm=boost_uniform_on_sphere
       0.Info>>scattering.average.orientation.vectors.resolution=100            
       0.Info>>Generating orientations for orientational averaging using sphere,boost_uniform_on_sphere
       0.Info>>Initialized orientational averaging with 100 vectors.            
       0.Info>>scattering.signal.file=signal.h5                                 
       0.Info>>scattering.signal.filepath=/home/amajumda/study/continuum_simulations/gitlab/continuum-to-scattering/data/100_100_100_50_50_50/single_atom_shrink/iteration_012/t004/signal.h5
       0.Info>>scattering.signal.fqt=1                                          
       0.Info>>scattering.signal.fq0=1                                          
       0.Info>>scattering.signal.fq=1                                           
       0.Info>>scattering.signal.fq2=1                                          
       0.Info>>Analyzing command line for parameter overwrites                  
       0.Info>>Reading database from file: /home/amajumda/study/continuum_simulations/gitlab/continuum-to-scattering/data/100_100_100_50_50_50/single_atom_shrink/iteration_012/t004/database/db-neutron-coherent.xml
       0.Info>>Checking database...                                             
       0.Info>>Testing mapping between PDB names and atom labels                
       0.Info>>Testing database completeness for referenced atom labels         
       0.Info>>Check succeeded. Database seems OK.                              
       0.Info>>Initializing sample...                                           
       0.Info>>Reading structure from file: /home/amajumda/study/continuum_simulations/gitlab/continuum-to-scattering/data/100_100_100_50_50_50/single_atom_shrink/iteration_012/t004/pdb_dcd/sample.pdb
       0.Info>>Done. Atoms read: 125000                                         
       0.Info>>Reading frames from: /home/amajumda/study/continuum_simulations/gitlab/continuum-to-scattering/data/100_100_100_50_50_50/single_atom_shrink/iteration_012/t004/pdb_dcd/sample.dcd
       0.Info>>Found 1 frames                                                   
       0.Info>>Total number of coordinate sets found: 1                         
       0.Info>>Exchanging sample, database & params information with compute nodes... 
       0.Info>>params...                                                        
       0.Info>>database...                                                      
       0.Info>>sample...                                                        
       0.Info>>.................................................................
       0.Info>>......................C.O.M.P.U.T.A.T.I.O.N......................
       0.Info>>.................................................................
       0.Info>>Setting up services...                                           
       0.Info>>Initializing data file service...                                
       0.Info>>Initializing monitor service...                                  
       0.Info>>Starting data file service...                                    
       0.Info>>Starting monitor service...                                      
       0.Info>>Services setup and running...                                    
       0.Info>>Checking /home/amajumda/study/continuum_simulations/gitlab/continuum-to-scattering/data/100_100_100_50_50_50/single_atom_shrink/iteration_012/t004/signal.h5 for old results.
       0.Info>>Broadcasting service information                                 
       0.Info>>Server host name    : hzglap02                                   
       0.Info>>FileService Port    : 40211                                      
       0.Info>>MonitorService Port : 43269                                      
       0.Info>>Setting up parallel environment...                               
       0.Info>>Searching for decomposition plan:                                
       0.Info>>nodes    = 8                                                     
       0.Info>>qvectors = 100                                                   
       0.Info>>frames   = 1                                                     
       0.Info>>atoms   = 125000                                                 
       0.Info>>All interference scattering detected. Applying frame decomposition.
       0.Info>>Automatic decomposition. Searching for best utilization.         
       0.Info>>Final decomposition parameters:                                  
       0.Info>>NN                : 8                                            
       0.Info>>NQ                : 100                                          
       0.Info>>NAF               : 1                                            
       0.Info>>NP                : 8                                            
       0.Info>>NNpP              : 1                                            
       0.Info>>NAFcycles         : 1                                            
       0.Info>>NQcycles          : 13                                           
       0.Info>>CompEl (WASTE/USE): 4/100                                        
       0.Info>>utilization(1=best)    : 0.96153846153846156                     
       0.Info>>Initializing Scatter Device, Vectors (all)                       
       0.Info>>Starting scattering...                                           
       0.Info>>Checking memory requirements for scattering calculation...       
       0.Info>>required limits.computation.memory.result_buffer=16              
       0.Info>>required limits.computation.memory.signal_buffer=16              
       0.Info>>required limits.computation.memory.exchange_buffer=0             
       0.Info>>required limits.computation.memory.alignpad_buffer=32            
       0.Info>>Memory limits ok                                                 
       0.Info>>Staging data...                                                  
       0.Info>>Forcing stager.mode=frames                                       
       0.Info>>Staging first partition.                                         
       0.Info>>Staging remaining partitions.                                    
       0.Info>>background scattering length set to 0                            
       0.Info>>Target initialized.                                              
       0.Info>>Target 'system' produces a background scattering length density of 0.00082910642908963484
       0.Info>>Starting computation...                                          
       0.Info>>Orientational averaging includes 100 vectors                     
       0.Info>>Setting progress sampling factor for monitoring to 1             
       0.Info>>Progress: 1.760%, ETOTAL: 56.021339644970411 s, ETA: 55.035130644970408 s
       0.Info>>Progress: 3.521%, ETOTAL: 28.071450887573963 s, ETA: 27.083101887573964 s
       0.Info>>Progress: 5.406%, ETOTAL: 18.295879768786126 s, ETA: 17.306758768786125 s
       0.Info>>Progress: 10.656%, ETOTAL: 9.3404621700879744 s, ETA: 8.3451191700879743 s
       0.Info>>Progress: 21.176%, ETOTAL: 14.243014863024069 s, ETA: 11.226873863024068 s
       0.Info>>Progress: 31.571%, ETOTAL: 9.6224442639593928 s, ETA: 6.5845892639593924 s
       0.Info>>Progress: 41.580%, ETOTAL: 7.5560733831804523 s, ETA: 4.4142483831804515 s
       0.Info>>Progress: 51.330%, ETOTAL: 9.7179963783952559 s, ETA: 4.7297363783952555 s
       0.Info>>Progress: 60.455%, ETOTAL: 8.2813206234757715 s, ETA: 3.2748376234757712 s
       0.Info>>Progress: 70.705%, ETOTAL: 9.8682318766999089 s, ETA: 2.8908858766999099 s
       0.Info>>Progress: 80.330%, ETOTAL: 8.7168876191996159 s, ETA: 1.7146006191996168 s
       0.Info>>Scattering finished...                                           
       0.Info>>.................................................................
       0.Info>>.....................R.U.N...A.N.A.L.Y.S.I.S.....................
       0.Info>>.................................................................
       0.Info>>Aggregating timing information for performance analysis...       
       0.Info>>                                                                 
       0.Info>>                    Performance Analysis                         
       0.Info>>-----------------------------------------------------------------
       0.Info>> mean and total runtimes:                                        
       0.Info>>-----------------------------------------------------------------
       0.Info>>          measure |    total |       count |     mean |   stddev 
       0.Info>>-----------------------------------------------------------------
       0.Info>>   sd:c:b:dspstore| 3.724e-02|        10000| 3.724e-06| 2.029e-06
       0.Info>>    sd:c:b:scatter| 4.434e+01|        10000| 4.434e-03| 8.293e-04
       0.Info>>        sd:c:block| 4.452e+01|          100| 4.452e-01| 4.074e-02
       0.Info>>         sd:c:init| 1.495e+01|          100| 1.495e-01| 2.909e-02
       0.Info>>       sd:c:reduce| 1.060e-04|          100| 1.060e-06| 5.318e-07
       0.Info>>         sd:c:wait| 1.730e-04|          100| 1.730e-06| 5.014e-07
       0.Info>>        sd:compute| 5.947e+01|          100| 5.947e-01| 5.552e-02
       0.Info>>         sd:runner| 5.947e+01|            8| 7.434e+00| 0.000e+00
       0.Info>>          sd:stage| 1.937e-01|            8| 2.421e-02| 0.000e+00
       0.Info>> sd:worker:scatter| 4.394e+01|        10000| 4.394e-03| 7.950e-04
       0.Info>>    sd:worker:wait| 1.543e+01|        10000| 1.543e-03| 1.517e-02
       0.Info>>          sd:write| 1.007e-03|          100| 1.007e-05| 6.542e-06
       0.Info>>           st:fill| 1.176e-02|            8| 1.470e-03| 0.000e+00
       0.Info>>          st:first| 2.261e-02|            1| 2.261e-02| 0.000e+00
       0.Info>>           st:load| 2.228e-02|            1| 2.228e-02| 0.000e+00
       0.Info>>           st:wait| 1.586e-01|            8| 1.982e-02| 0.000e+00
       0.Info>>-----------------------------------------------------------------
       0.Info>>-----------------------------------------------------------------
       0.Info>> watermarks:                                                     
       0.Info>>-----------------------------------------------------------------
       0.Info>>          measure |      min |      max                          
       0.Info>>-----------------------------------------------------------------
       0.Info>>   sd:c:b:dspstore| 2.000e-06| 6.900e-05                         
       0.Info>>    sd:c:b:scatter| 1.554e-03| 2.243e-02                         
       0.Info>>        sd:c:block| 1.626e-01| 5.523e-01                         
       0.Info>>         sd:c:init| 1.156e-01| 2.418e-01                         
       0.Info>>       sd:c:reduce| 0.000e+00| 2.000e-06                         
       0.Info>>         sd:c:wait| 1.000e-06| 3.000e-06                         
       0.Info>>        sd:compute| 2.839e-01| 7.159e-01                         
       0.Info>>         sd:runner| 6.217e+00| 7.897e+00                         
       0.Info>>          sd:stage| 2.406e-02| 2.427e-02                         
       0.Info>> sd:worker:scatter| 1.528e-03| 1.098e-02                         
       0.Info>>    sd:worker:wait| 2.000e-06| 2.419e-01                         
       0.Info>>          sd:write| 5.000e-06| 4.000e-05                         
       0.Info>>           st:fill| 1.324e-03| 1.535e-03                         
       0.Info>>          st:first| 2.261e-02| 2.261e-02                         
       0.Info>>           st:load| 2.228e-02| 2.228e-02                         
       0.Info>>           st:wait| 9.000e-06| 2.265e-02                         
       0.Info>>-----------------------------------------------------------------
       0.Info>>                                                                 
       0.Info>>         Performance Analysis (relative to total time * nodes)   
       0.Info>>-----------------------------------------------------------------
       0.Info>> mean and total runtimes:                                        
       0.Info>>-----------------------------------------------------------------
       0.Info>>          measure |    total |       count |     mean |   stddev 
       0.Info>>-----------------------------------------------------------------
       0.Info>>   sd:c:b:dspstore| 5.604e-04|        10000| 5.604e-08| 2.489e-07
       0.Info>>    sd:c:b:scatter| 6.672e-01|        10000| 6.672e-05| 1.017e-04
       0.Info>>        sd:c:block| 6.699e-01|          100| 6.699e-03| 4.997e-03
       0.Info>>         sd:c:init| 2.250e-01|          100| 2.250e-03| 3.568e-03
       0.Info>>       sd:c:reduce| 1.595e-06|          100| 1.595e-08| 6.524e-08
       0.Info>>         sd:c:wait| 2.603e-06|          100| 2.603e-08| 6.151e-08
       0.Info>>        sd:compute| 8.949e-01|          100| 8.949e-03| 6.811e-03
       0.Info>>         sd:runner| 8.950e-01|            8| 1.119e-01| 0.000e+00
       0.Info>>          sd:stage| 2.914e-03|            8| 3.643e-04| 0.000e+00
       0.Info>> sd:worker:scatter| 6.612e-01|        10000| 6.612e-05| 9.753e-05
       0.Info>>    sd:worker:wait| 2.323e-01|        10000| 2.323e-05| 1.861e-03
       0.Info>>          sd:write| 1.515e-05|          100| 1.515e-07| 8.025e-07
       0.Info>>           st:fill| 1.770e-04|            8| 2.213e-05| 0.000e+00
       0.Info>>          st:first| 3.403e-04|            1| 3.403e-04| 0.000e+00
       0.Info>>           st:load| 3.354e-04|            1| 3.354e-04| 0.000e+00
       0.Info>>           st:wait| 2.386e-03|            8| 2.983e-04| 0.000e+00
       0.Info>>-----------------------------------------------------------------
       0.Info>>-----------------------------------------------------------------
       0.Info>> watermarks:                                                     
       0.Info>>-----------------------------------------------------------------
       0.Info>>          measure |      min |      max                          
       0.Info>>-----------------------------------------------------------------
       0.Info>>   sd:c:b:dspstore| 3.010e-08| 1.038e-06                         
       0.Info>>    sd:c:b:scatter| 2.339e-05| 3.375e-04                         
       0.Info>>        sd:c:block| 2.447e-03| 8.311e-03                         
       0.Info>>         sd:c:init| 1.740e-03| 3.638e-03                         
       0.Info>>       sd:c:reduce| 0.000e+00| 3.010e-08                         
       0.Info>>         sd:c:wait| 1.505e-08| 4.514e-08                         
       0.Info>>        sd:compute| 4.273e-03| 1.077e-02                         
       0.Info>>         sd:runner| 9.356e-02| 1.188e-01                         
       0.Info>>          sd:stage| 3.621e-04| 3.652e-04                         
       0.Info>> sd:worker:scatter| 2.299e-05| 1.653e-04                         
       0.Info>>    sd:worker:wait| 3.010e-08| 3.640e-03                         
       0.Info>>          sd:write| 7.524e-08| 6.019e-07                         
       0.Info>>           st:fill| 1.992e-05| 2.310e-05                         
       0.Info>>          st:first| 3.403e-04| 3.403e-04                         
       0.Info>>           st:load| 3.354e-04| 3.354e-04                         
       0.Info>>           st:wait| 1.354e-07| 3.409e-04                         
       0.Info>>-----------------------------------------------------------------
       0.Info>>Total runtime (s): 8.3065739999999995                            
       0.Info>>Successfully finished... Have a nice day!                        
