       0.Info>>This software is being developed by Benjamin Lindner.                    
       0.Info>>For help, suggestions or correspondense use:                             
       0.Info>>ben@benlabs.net, Benjamin Lindner (Main Developer, Impl. & Maintenance)  
       0.Info>>franc@cmm.ki.si, Franci Merzel (Methodology)                             
       0.Info>>For publications include the following references:                       
       0.Info>>.........................................................................
       0.Info>>1. Sassena - X-ray and Neutron Scattering Calculated                     
       0.Info>>  from Molecular Dynamics Trajectories using Massively Parallel Computers
       0.Info>>  published as a Computer Program in Physics Paper                       
       0.Info>>.........................................................................
       0.Info>>Version Information: 1.4.2                                       
       0.Info>>                                                                 
       0.Info>>.................................................................
       0.Info>>......................D.E.S.C.R.I.P.T.I.O.N......................
       0.Info>>.................................................................
       0.Info>>This binary computes the scattering intensities directly from    
       0.Info>>a molecular dynamics trajectory.                                 
       0.Info>>.................................................................
       0.Info>>.................................................................
       0.Info>>...................I.N.I.T.I.A.L.I.Z.A.T.I.O.N...................
       0.Info>>.................................................................
       0.Info>>No configuration file specified. Will use default                
       0.Info>>Looking for configuration file: scatter.xml                      
       0.Info>>Reading parameters from XML file: scatter.xml                    
       0.Info>>Added frames from /home/amajumda/study/continuum_simulations/gitlab/continuum-to-scattering/data/100_100_100_50_50_50/single_atom_shrink/iteration_005/t008/pdb_dcd/sample.dcd using format: dcd
       0.Info>>Options: first=0, last=0, lastset=0, stride=1                    
       0.Info>>stager.target=system                                             
       0.Info>>scattering.type=all                                              
       0.Info>>scattering.dsp.type=square                                       
       0.Info>>scattering.average.orientation.type=vectors                      
       0.Info>>scattering.average.orientation.vectors.type=sphere               
       0.Info>>scattering.average.orientation.vectors.algorithm=boost_uniform_on_sphere
       0.Info>>scattering.average.orientation.vectors.resolution=100            
       0.Info>>Generating orientations for orientational averaging using sphere,boost_uniform_on_sphere
       0.Info>>Initialized orientational averaging with 100 vectors.            
       0.Info>>scattering.signal.file=signal.h5                                 
       0.Info>>scattering.signal.filepath=/home/amajumda/study/continuum_simulations/gitlab/continuum-to-scattering/data/100_100_100_50_50_50/single_atom_shrink/iteration_005/t008/signal.h5
       0.Info>>scattering.signal.fqt=1                                          
       0.Info>>scattering.signal.fq0=1                                          
       0.Info>>scattering.signal.fq=1                                           
       0.Info>>scattering.signal.fq2=1                                          
       0.Info>>Analyzing command line for parameter overwrites                  
       0.Info>>Reading database from file: /home/amajumda/study/continuum_simulations/gitlab/continuum-to-scattering/data/100_100_100_50_50_50/single_atom_shrink/iteration_005/t008/database/db-neutron-coherent.xml
       0.Info>>Checking database...                                             
       0.Info>>Testing mapping between PDB names and atom labels                
       0.Info>>Testing database completeness for referenced atom labels         
       0.Info>>Check succeeded. Database seems OK.                              
       0.Info>>Initializing sample...                                           
       0.Info>>Reading structure from file: /home/amajumda/study/continuum_simulations/gitlab/continuum-to-scattering/data/100_100_100_50_50_50/single_atom_shrink/iteration_005/t008/pdb_dcd/sample.pdb
       0.Info>>Done. Atoms read: 125000                                         
       0.Info>>Reading frames from: /home/amajumda/study/continuum_simulations/gitlab/continuum-to-scattering/data/100_100_100_50_50_50/single_atom_shrink/iteration_005/t008/pdb_dcd/sample.dcd
       0.Info>>Found 1 frames                                                   
       0.Info>>Total number of coordinate sets found: 1                         
       0.Info>>Exchanging sample, database & params information with compute nodes... 
       0.Info>>params...                                                        
       0.Info>>database...                                                      
       0.Info>>sample...                                                        
       0.Info>>.................................................................
       0.Info>>......................C.O.M.P.U.T.A.T.I.O.N......................
       0.Info>>.................................................................
       0.Info>>Setting up services...                                           
       0.Info>>Initializing data file service...                                
       0.Info>>Initializing monitor service...                                  
       0.Info>>Starting data file service...                                    
       0.Info>>Starting monitor service...                                      
       0.Info>>Services setup and running...                                    
       0.Info>>Checking /home/amajumda/study/continuum_simulations/gitlab/continuum-to-scattering/data/100_100_100_50_50_50/single_atom_shrink/iteration_005/t008/signal.h5 for old results.
       0.Info>>Broadcasting service information                                 
       0.Info>>Server host name    : hzglap02                                   
       0.Info>>FileService Port    : 39315                                      
       0.Info>>MonitorService Port : 43751                                      
       0.Info>>Setting up parallel environment...                               
       0.Info>>Searching for decomposition plan:                                
       0.Info>>nodes    = 8                                                     
       0.Info>>qvectors = 100                                                   
       0.Info>>frames   = 1                                                     
       0.Info>>atoms   = 125000                                                 
       0.Info>>All interference scattering detected. Applying frame decomposition.
       0.Info>>Automatic decomposition. Searching for best utilization.         
       0.Info>>Final decomposition parameters:                                  
       0.Info>>NN                : 8                                            
       0.Info>>NQ                : 100                                          
       0.Info>>NAF               : 1                                            
       0.Info>>NP                : 8                                            
       0.Info>>NNpP              : 1                                            
       0.Info>>NAFcycles         : 1                                            
       0.Info>>NQcycles          : 13                                           
       0.Info>>CompEl (WASTE/USE): 4/100                                        
       0.Info>>utilization(1=best)    : 0.96153846153846156                     
       0.Info>>Initializing Scatter Device, Vectors (all)                       
       0.Info>>Starting scattering...                                           
       0.Info>>Checking memory requirements for scattering calculation...       
       0.Info>>required limits.computation.memory.result_buffer=16              
       0.Info>>required limits.computation.memory.signal_buffer=16              
       0.Info>>required limits.computation.memory.exchange_buffer=0             
       0.Info>>required limits.computation.memory.alignpad_buffer=32            
       0.Info>>Memory limits ok                                                 
       0.Info>>Staging data...                                                  
       0.Info>>Forcing stager.mode=frames                                       
       0.Info>>Staging first partition.                                         
       0.Info>>Staging remaining partitions.                                    
       0.Info>>background scattering length set to 0                            
       0.Info>>Target initialized.                                              
       0.Info>>Target 'system' produces a background scattering length density of 0.00016091031601123576
       0.Info>>Starting computation...                                          
       0.Info>>Orientational averaging includes 100 vectors                     
       0.Info>>Setting progress sampling factor for monitoring to 1             
       0.Info>>Progress: 1.875%, ETOTAL: 56.963093333333326 s, ETA: 55.895035333333325 s
       0.Info>>Progress: 4.760%, ETOTAL: 22.766158424507658 s, ETA: 21.68239442450766 s
       0.Info>>Progress: 6.771%, ETOTAL: 16.026993230769225 s, ETA: 14.941832230769226 s
       0.Info>>Progress: 10.781%, ETOTAL: 11.228614492753621 s, ETA: 10.018029492753621 s
       0.Info>>Progress: 23.311%, ETOTAL: 13.253063330125121 s, ETA: 10.16365533012512 s
       0.Info>>Progress: 33.196%, ETOTAL: 9.3762341218499561 s, ETA: 6.263745121849956 s
       0.Info>>Progress: 42.580%, ETOTAL: 7.5270252465186296 s, ETA: 4.3220082465186298 s
       0.Info>>Progress: 52.955%, ETOTAL: 9.5898833071056728 s, ETA: 4.5115483071056746 s
       0.Info>>Progress: 62.330%, ETOTAL: 8.1876552270273031 s, ETA: 3.0842792270273041 s
       0.Info>>Progress: 71.830%, ETOTAL: 9.8430911605907792 s, ETA: 2.7727861605907806 s
       0.Info>>Progress: 81.455%, ETOTAL: 8.7294565200283269 s, ETA: 1.6188665200283294 s
       0.Info>>Scattering finished...                                           
       0.Info>>.................................................................
       0.Info>>.....................R.U.N...A.N.A.L.Y.S.I.S.....................
       0.Info>>.................................................................
       0.Info>>Aggregating timing information for performance analysis...       
       0.Info>>                                                                 
       0.Info>>                    Performance Analysis                         
       0.Info>>-----------------------------------------------------------------
       0.Info>> mean and total runtimes:                                        
       0.Info>>-----------------------------------------------------------------
       0.Info>>          measure |    total |       count |     mean |   stddev 
       0.Info>>-----------------------------------------------------------------
       0.Info>>   sd:c:b:dspstore| 3.726e-02|        10000| 3.726e-06| 2.033e-06
       0.Info>>    sd:c:b:scatter| 4.454e+01|        10000| 4.454e-03| 8.251e-04
       0.Info>>        sd:c:block| 4.472e+01|          100| 4.472e-01| 4.426e-02
       0.Info>>         sd:c:init| 1.489e+01|          100| 1.489e-01| 3.177e-02
       0.Info>>       sd:c:reduce| 1.020e-04|          100| 1.020e-06| 5.130e-07
       0.Info>>         sd:c:wait| 1.700e-04|          100| 1.700e-06| 5.591e-07
       0.Info>>        sd:compute| 5.962e+01|          100| 5.962e-01| 6.020e-02
       0.Info>>         sd:runner| 5.962e+01|            8| 7.453e+00| 0.000e+00
       0.Info>>          sd:stage| 2.693e-01|            8| 3.366e-02| 0.000e+00
       0.Info>> sd:worker:scatter| 4.418e+01|        10000| 4.418e-03| 8.132e-04
       0.Info>>    sd:worker:wait| 1.535e+01|        10000| 1.535e-03| 1.518e-02
       0.Info>>          sd:write| 1.015e-03|          100| 1.015e-05| 7.337e-06
       0.Info>>           st:fill| 1.350e-02|            8| 1.687e-03| 0.000e+00
       0.Info>>          st:first| 3.182e-02|            1| 3.182e-02| 0.000e+00
       0.Info>>           st:load| 3.133e-02|            1| 3.133e-02| 0.000e+00
       0.Info>>           st:wait| 2.231e-01|            8| 2.789e-02| 0.000e+00
       0.Info>>-----------------------------------------------------------------
       0.Info>>-----------------------------------------------------------------
       0.Info>> watermarks:                                                     
       0.Info>>-----------------------------------------------------------------
       0.Info>>          measure |      min |      max                          
       0.Info>>-----------------------------------------------------------------
       0.Info>>   sd:c:b:dspstore| 2.000e-06| 7.100e-05                         
       0.Info>>    sd:c:b:scatter| 1.555e-03| 1.299e-02                         
       0.Info>>        sd:c:block| 1.596e-01| 5.503e-01                         
       0.Info>>         sd:c:init| 1.166e-01| 2.548e-01                         
       0.Info>>       sd:c:reduce| 0.000e+00| 2.000e-06                         
       0.Info>>         sd:c:wait| 1.000e-06| 3.000e-06                         
       0.Info>>        sd:compute| 2.767e-01| 7.698e-01                         
       0.Info>>         sd:runner| 6.619e+00| 8.016e+00                         
       0.Info>>          sd:stage| 3.350e-02| 3.372e-02                         
       0.Info>> sd:worker:scatter| 1.535e-03| 6.856e-03                         
       0.Info>>    sd:worker:wait| 2.000e-06| 2.549e-01                         
       0.Info>>          sd:write| 5.000e-06| 4.000e-05                         
       0.Info>>           st:fill| 1.506e-03| 1.753e-03                         
       0.Info>>          st:first| 3.182e-02| 3.182e-02                         
       0.Info>>           st:load| 3.133e-02| 3.133e-02                         
       0.Info>>           st:wait| 1.300e-05| 3.188e-02                         
       0.Info>>-----------------------------------------------------------------
       0.Info>>                                                                 
       0.Info>>         Performance Analysis (relative to total time * nodes)   
       0.Info>>-----------------------------------------------------------------
       0.Info>> mean and total runtimes:                                        
       0.Info>>-----------------------------------------------------------------
       0.Info>>          measure |    total |       count |     mean |   stddev 
       0.Info>>-----------------------------------------------------------------
       0.Info>>   sd:c:b:dspstore| 5.300e-04|        10000| 5.300e-08| 2.425e-07
       0.Info>>    sd:c:b:scatter| 6.337e-01|        10000| 6.337e-05| 9.842e-05
       0.Info>>        sd:c:block| 6.363e-01|          100| 6.363e-03| 5.279e-03
       0.Info>>         sd:c:init| 2.119e-01|          100| 2.119e-03| 3.790e-03
       0.Info>>       sd:c:reduce| 1.451e-06|          100| 1.451e-08| 6.118e-08
       0.Info>>         sd:c:wait| 2.419e-06|          100| 2.419e-08| 6.669e-08
       0.Info>>        sd:compute| 8.482e-01|          100| 8.482e-03| 7.180e-03
       0.Info>>         sd:runner| 8.482e-01|            8| 1.060e-01| 0.000e+00
       0.Info>>          sd:stage| 3.831e-03|            8| 4.788e-04| 0.000e+00
       0.Info>> sd:worker:scatter| 6.285e-01|        10000| 6.285e-05| 9.700e-05
       0.Info>>    sd:worker:wait| 2.183e-01|        10000| 2.183e-05| 1.810e-03
       0.Info>>          sd:write| 1.444e-05|          100| 1.444e-07| 8.752e-07
       0.Info>>           st:fill| 1.920e-04|            8| 2.400e-05| 0.000e+00
       0.Info>>          st:first| 4.527e-04|            1| 4.527e-04| 0.000e+00
       0.Info>>           st:load| 4.457e-04|            1| 4.457e-04| 0.000e+00
       0.Info>>           st:wait| 3.174e-03|            8| 3.968e-04| 0.000e+00
       0.Info>>-----------------------------------------------------------------
       0.Info>>-----------------------------------------------------------------
       0.Info>> watermarks:                                                     
       0.Info>>-----------------------------------------------------------------
       0.Info>>          measure |      min |      max                          
       0.Info>>-----------------------------------------------------------------
       0.Info>>   sd:c:b:dspstore| 2.845e-08| 1.010e-06                         
       0.Info>>    sd:c:b:scatter| 2.212e-05| 1.849e-04                         
       0.Info>>        sd:c:block| 2.270e-03| 7.829e-03                         
       0.Info>>         sd:c:init| 1.658e-03| 3.625e-03                         
       0.Info>>       sd:c:reduce| 0.000e+00| 2.845e-08                         
       0.Info>>         sd:c:wait| 1.423e-08| 4.268e-08                         
       0.Info>>        sd:compute| 3.937e-03| 1.095e-02                         
       0.Info>>         sd:runner| 9.417e-02| 1.140e-01                         
       0.Info>>          sd:stage| 4.766e-04| 4.798e-04                         
       0.Info>> sd:worker:scatter| 2.184e-05| 9.754e-05                         
       0.Info>>    sd:worker:wait| 2.845e-08| 3.626e-03                         
       0.Info>>          sd:write| 7.113e-08| 5.691e-07                         
       0.Info>>           st:fill| 2.143e-05| 2.494e-05                         
       0.Info>>          st:first| 4.527e-04| 4.527e-04                         
       0.Info>>           st:load| 4.457e-04| 4.457e-04                         
       0.Info>>           st:wait| 1.849e-07| 4.536e-04                         
       0.Info>>-----------------------------------------------------------------
       0.Info>>Total runtime (s): 8.7863900000000008                            
       0.Info>>Successfully finished... Have a nice day!                        
