       0.Info>>This software is being developed by Benjamin Lindner.                    
       0.Info>>For help, suggestions or correspondense use:                             
       0.Info>>ben@benlabs.net, Benjamin Lindner (Main Developer, Impl. & Maintenance)  
       0.Info>>franc@cmm.ki.si, Franci Merzel (Methodology)                             
       0.Info>>For publications include the following references:                       
       0.Info>>.........................................................................
       0.Info>>1. Sassena - X-ray and Neutron Scattering Calculated                     
       0.Info>>  from Molecular Dynamics Trajectories using Massively Parallel Computers
       0.Info>>  published as a Computer Program in Physics Paper                       
       0.Info>>.........................................................................
       0.Info>>Version Information: 1.4.2                                       
       0.Info>>                                                                 
       0.Info>>.................................................................
       0.Info>>......................D.E.S.C.R.I.P.T.I.O.N......................
       0.Info>>.................................................................
       0.Info>>This binary computes the scattering intensities directly from    
       0.Info>>a molecular dynamics trajectory.                                 
       0.Info>>.................................................................
       0.Info>>.................................................................
       0.Info>>...................I.N.I.T.I.A.L.I.Z.A.T.I.O.N...................
       0.Info>>.................................................................
       0.Info>>No configuration file specified. Will use default                
       0.Info>>Looking for configuration file: scatter.xml                      
       0.Info>>Reading parameters from XML file: scatter.xml                    
       0.Info>>Added frames from /home/amajumda/study/continuum_simulations/gitlab/continuum-to-scattering/data/100_100_100_10_10_10/single_atom_shrink/iteration_008/t008/pdb_dcd/sample.dcd using format: dcd
       0.Info>>Options: first=0, last=0, lastset=0, stride=1                    
       0.Info>>stager.target=system                                             
       0.Info>>scattering.type=all                                              
       0.Info>>scattering.dsp.type=square                                       
       0.Info>>scattering.average.orientation.type=vectors                      
       0.Info>>scattering.average.orientation.vectors.type=sphere               
       0.Info>>scattering.average.orientation.vectors.algorithm=boost_uniform_on_sphere
       0.Info>>scattering.average.orientation.vectors.resolution=100            
       0.Info>>Generating orientations for orientational averaging using sphere,boost_uniform_on_sphere
       0.Info>>Initialized orientational averaging with 100 vectors.            
       0.Info>>scattering.signal.file=signal.h5                                 
       0.Info>>scattering.signal.filepath=/home/amajumda/study/continuum_simulations/gitlab/continuum-to-scattering/data/100_100_100_10_10_10/single_atom_shrink/iteration_008/t008/signal.h5
       0.Info>>scattering.signal.fqt=1                                          
       0.Info>>scattering.signal.fq0=1                                          
       0.Info>>scattering.signal.fq=1                                           
       0.Info>>scattering.signal.fq2=1                                          
       0.Info>>Analyzing command line for parameter overwrites                  
       0.Info>>Reading database from file: /home/amajumda/study/continuum_simulations/gitlab/continuum-to-scattering/data/100_100_100_10_10_10/single_atom_shrink/iteration_008/t008/database/db-neutron-coherent.xml
       0.Info>>Checking database...                                             
       0.Info>>Testing mapping between PDB names and atom labels                
       0.Info>>Testing database completeness for referenced atom labels         
       0.Info>>Check succeeded. Database seems OK.                              
       0.Info>>Initializing sample...                                           
       0.Info>>Reading structure from file: /home/amajumda/study/continuum_simulations/gitlab/continuum-to-scattering/data/100_100_100_10_10_10/single_atom_shrink/iteration_008/t008/pdb_dcd/sample.pdb
       0.Info>>Done. Atoms read: 1000                                           
       0.Info>>Reading frames from: /home/amajumda/study/continuum_simulations/gitlab/continuum-to-scattering/data/100_100_100_10_10_10/single_atom_shrink/iteration_008/t008/pdb_dcd/sample.dcd
       0.Info>>Found 1 frames                                                   
       0.Info>>Total number of coordinate sets found: 1                         
       0.Info>>Exchanging sample, database & params information with compute nodes... 
       0.Info>>params...                                                        
       0.Info>>database...                                                      
       0.Info>>sample...                                                        
       0.Info>>.................................................................
       0.Info>>......................C.O.M.P.U.T.A.T.I.O.N......................
       0.Info>>.................................................................
       0.Info>>Setting up services...                                           
       0.Info>>Initializing data file service...                                
       0.Info>>Initializing monitor service...                                  
       0.Info>>Starting data file service...                                    
       0.Info>>Starting monitor service...                                      
       0.Info>>Services setup and running...                                    
       0.Info>>Checking /home/amajumda/study/continuum_simulations/gitlab/continuum-to-scattering/data/100_100_100_10_10_10/single_atom_shrink/iteration_008/t008/signal.h5 for old results.
       0.Info>>Broadcasting service information                                 
       0.Info>>Server host name    : hzglap02                                   
       0.Info>>FileService Port    : 35457                                      
       0.Info>>MonitorService Port : 41839                                      
       0.Info>>Setting up parallel environment...                               
       0.Info>>Searching for decomposition plan:                                
       0.Info>>nodes    = 8                                                     
       0.Info>>qvectors = 100                                                   
       0.Info>>frames   = 1                                                     
       0.Info>>atoms   = 1000                                                   
       0.Info>>All interference scattering detected. Applying frame decomposition.
       0.Info>>Automatic decomposition. Searching for best utilization.         
       0.Info>>Final decomposition parameters:                                  
       0.Info>>NN                : 8                                            
       0.Info>>NQ                : 100                                          
       0.Info>>NAF               : 1                                            
       0.Info>>NP                : 8                                            
       0.Info>>NNpP              : 1                                            
       0.Info>>NAFcycles         : 1                                            
       0.Info>>NQcycles          : 13                                           
       0.Info>>CompEl (WASTE/USE): 4/100                                        
       0.Info>>utilization(1=best)    : 0.96153846153846156                     
       0.Info>>Initializing Scatter Device, Vectors (all)                       
       0.Info>>Starting scattering...                                           
       0.Info>>Checking memory requirements for scattering calculation...       
       0.Info>>required limits.computation.memory.result_buffer=16              
       0.Info>>required limits.computation.memory.signal_buffer=16              
       0.Info>>required limits.computation.memory.exchange_buffer=0             
       0.Info>>required limits.computation.memory.alignpad_buffer=32            
       0.Info>>Memory limits ok                                                 
       0.Info>>Staging data...                                                  
       0.Info>>Forcing stager.mode=frames                                       
       0.Info>>Staging first partition.                                         
       0.Info>>Staging remaining partitions.                                    
       0.Info>>background scattering length set to 0                            
       0.Info>>Target initialized.                                              
       0.Info>>Target 'system' produces a background scattering length density of 0.0019098593171027747
       0.Info>>Starting computation...                                          
       0.Info>>Orientational averaging includes 100 vectors                     
       0.Info>>Setting progress sampling factor for monitoring to 1             
       0.Info>>Scattering finished...                                           
       0.Info>>.................................................................
       0.Info>>.....................R.U.N...A.N.A.L.Y.S.I.S.....................
       0.Info>>.................................................................
       0.Info>>Aggregating timing information for performance analysis...       
       0.Info>>                                                                 
       0.Info>>                    Performance Analysis                         
       0.Info>>-----------------------------------------------------------------
       0.Info>> mean and total runtimes:                                        
       0.Info>>-----------------------------------------------------------------
       0.Info>>          measure |    total |       count |     mean |   stddev 
       0.Info>>-----------------------------------------------------------------
       0.Info>>   sd:c:b:dspstore| 2.795e-02|        10000| 2.795e-06| 1.770e-06
       0.Info>>    sd:c:b:scatter| 6.561e-01|        10000| 6.561e-05| 1.326e-05
       0.Info>>        sd:c:block| 7.922e-01|          100| 7.922e-03| 5.693e-04
       0.Info>>         sd:c:init| 1.446e-01|          100| 1.446e-03| 3.362e-04
       0.Info>>       sd:c:reduce| 1.020e-04|          100| 1.020e-06| 5.663e-07
       0.Info>>         sd:c:wait| 1.430e-04|          100| 1.430e-06| 5.692e-07
       0.Info>>        sd:compute| 9.391e-01|          100| 9.391e-03| 7.420e-04
       0.Info>>         sd:runner| 9.419e-01|            8| 1.177e-01| 0.000e+00
       0.Info>>          sd:stage| 3.140e-03|            8| 3.925e-04| 0.000e+00
       0.Info>> sd:worker:scatter| 4.655e-01|        10000| 4.655e-05| 8.921e-06
       0.Info>>    sd:worker:wait| 3.967e-01|        10000| 3.967e-05| 1.525e-04
       0.Info>>          sd:write| 8.170e-04|          100| 8.170e-06| 6.057e-06
       0.Info>>           st:fill| 6.780e-04|            8| 8.475e-05| 0.000e+00
       0.Info>>          st:first| 2.260e-04|            1| 2.260e-04| 0.000e+00
       0.Info>>           st:load| 2.030e-04|            1| 2.030e-04| 0.000e+00
       0.Info>>           st:wait| 1.685e-03|            8| 2.106e-04| 0.000e+00
       0.Info>>-----------------------------------------------------------------
       0.Info>>-----------------------------------------------------------------
       0.Info>> watermarks:                                                     
       0.Info>>-----------------------------------------------------------------
       0.Info>>          measure |      min |      max                          
       0.Info>>-----------------------------------------------------------------
       0.Info>>   sd:c:b:dspstore| 1.000e-06| 6.700e-05                         
       0.Info>>    sd:c:b:scatter| 2.300e-05| 5.090e-04                         
       0.Info>>        sd:c:block| 5.142e-03| 9.191e-03                         
       0.Info>>         sd:c:init| 9.520e-04| 2.338e-03                         
       0.Info>>       sd:c:reduce| 0.000e+00| 3.000e-06                         
       0.Info>>         sd:c:wait| 1.000e-06| 4.000e-06                         
       0.Info>>        sd:compute| 6.213e-03| 1.114e-02                         
       0.Info>>         sd:runner| 1.057e-01| 1.261e-01                         
       0.Info>>          sd:stage| 3.870e-04| 3.970e-04                         
       0.Info>> sd:worker:scatter| 1.200e-05| 4.630e-04                         
       0.Info>>    sd:worker:wait| 1.300e-05| 2.395e-03                         
       0.Info>>          sd:write| 4.000e-06| 3.900e-05                         
       0.Info>>           st:fill| 7.900e-05| 8.900e-05                         
       0.Info>>          st:first| 2.260e-04| 2.260e-04                         
       0.Info>>           st:load| 2.030e-04| 2.030e-04                         
       0.Info>>           st:wait| 4.000e-06| 2.440e-04                         
       0.Info>>-----------------------------------------------------------------
       0.Info>>                                                                 
       0.Info>>         Performance Analysis (relative to total time * nodes)   
       0.Info>>-----------------------------------------------------------------
       0.Info>> mean and total runtimes:                                        
       0.Info>>-----------------------------------------------------------------
       0.Info>>          measure |    total |       count |     mean |   stddev 
       0.Info>>-----------------------------------------------------------------
       0.Info>>   sd:c:b:dspstore| 2.080e-02|        10000| 2.080e-06| 1.527e-06
       0.Info>>    sd:c:b:scatter| 4.882e-01|        10000| 4.882e-05| 1.144e-05
       0.Info>>        sd:c:block| 5.894e-01|          100| 5.894e-03| 4.911e-04
       0.Info>>         sd:c:init| 1.076e-01|          100| 1.076e-03| 2.900e-04
       0.Info>>       sd:c:reduce| 7.589e-05|          100| 7.589e-07| 4.884e-07
       0.Info>>         sd:c:wait| 1.064e-04|          100| 1.064e-06| 4.910e-07
       0.Info>>        sd:compute| 6.987e-01|          100| 6.987e-03| 6.401e-04
       0.Info>>         sd:runner| 7.008e-01|            8| 8.760e-02| 0.000e+00
       0.Info>>          sd:stage| 2.336e-03|            8| 2.920e-04| 0.000e+00
       0.Info>> sd:worker:scatter| 3.464e-01|        10000| 3.464e-05| 7.695e-06
       0.Info>>    sd:worker:wait| 2.952e-01|        10000| 2.952e-05| 1.315e-04
       0.Info>>          sd:write| 6.079e-04|          100| 6.079e-06| 5.225e-06
       0.Info>>           st:fill| 5.045e-04|            8| 6.306e-05| 0.000e+00
       0.Info>>          st:first| 1.682e-04|            1| 1.682e-04| 0.000e+00
       0.Info>>           st:load| 1.510e-04|            1| 1.510e-04| 0.000e+00
       0.Info>>           st:wait| 1.254e-03|            8| 1.567e-04| 0.000e+00
       0.Info>>-----------------------------------------------------------------
       0.Info>>-----------------------------------------------------------------
       0.Info>> watermarks:                                                     
       0.Info>>-----------------------------------------------------------------
       0.Info>>          measure |      min |      max                          
       0.Info>>-----------------------------------------------------------------
       0.Info>>   sd:c:b:dspstore| 7.441e-07| 4.985e-05                         
       0.Info>>    sd:c:b:scatter| 1.711e-05| 3.787e-04                         
       0.Info>>        sd:c:block| 3.826e-03| 6.839e-03                         
       0.Info>>         sd:c:init| 7.083e-04| 1.740e-03                         
       0.Info>>       sd:c:reduce| 0.000e+00| 2.232e-06                         
       0.Info>>         sd:c:wait| 7.441e-07| 2.976e-06                         
       0.Info>>        sd:compute| 4.623e-03| 8.292e-03                         
       0.Info>>         sd:runner| 7.865e-02| 9.384e-02                         
       0.Info>>          sd:stage| 2.879e-04| 2.954e-04                         
       0.Info>> sd:worker:scatter| 8.929e-06| 3.445e-04                         
       0.Info>>    sd:worker:wait| 9.673e-06| 1.782e-03                         
       0.Info>>          sd:write| 2.976e-06| 2.902e-05                         
       0.Info>>           st:fill| 5.878e-05| 6.622e-05                         
       0.Info>>          st:first| 1.682e-04| 1.682e-04                         
       0.Info>>           st:load| 1.510e-04| 1.510e-04                         
       0.Info>>           st:wait| 2.976e-06| 1.815e-04                         
       0.Info>>-----------------------------------------------------------------
       0.Info>>Total runtime (s): 0.16799800000000001                           
       0.Info>>Successfully finished... Have a nice day!                        
