       0.Info>>This software is being developed by Benjamin Lindner.                    
       0.Info>>For help, suggestions or correspondense use:                             
       0.Info>>ben@benlabs.net, Benjamin Lindner (Main Developer, Impl. & Maintenance)  
       0.Info>>franc@cmm.ki.si, Franci Merzel (Methodology)                             
       0.Info>>For publications include the following references:                       
       0.Info>>.........................................................................
       0.Info>>1. Sassena - X-ray and Neutron Scattering Calculated                     
       0.Info>>  from Molecular Dynamics Trajectories using Massively Parallel Computers
       0.Info>>  published as a Computer Program in Physics Paper                       
       0.Info>>.........................................................................
       0.Info>>Version Information: 1.4.2                                       
       0.Info>>                                                                 
       0.Info>>.................................................................
       0.Info>>......................D.E.S.C.R.I.P.T.I.O.N......................
       0.Info>>.................................................................
       0.Info>>This binary computes the scattering intensities directly from    
       0.Info>>a molecular dynamics trajectory.                                 
       0.Info>>.................................................................
       0.Info>>.................................................................
       0.Info>>...................I.N.I.T.I.A.L.I.Z.A.T.I.O.N...................
       0.Info>>.................................................................
       0.Info>>No configuration file specified. Will use default                
       0.Info>>Looking for configuration file: scatter.xml                      
       0.Info>>Reading parameters from XML file: scatter.xml                    
       0.Info>>Added frames from /home/amajumda/study/continuum_simulations/gitlab/continuum-to-scattering/data/100_100_100_50_50_50/single_atom_shrink/iteration_010/t007/pdb_dcd/sample.dcd using format: dcd
       0.Info>>Options: first=0, last=0, lastset=0, stride=1                    
       0.Info>>stager.target=system                                             
       0.Info>>scattering.type=all                                              
       0.Info>>scattering.dsp.type=square                                       
       0.Info>>scattering.average.orientation.type=vectors                      
       0.Info>>scattering.average.orientation.vectors.type=sphere               
       0.Info>>scattering.average.orientation.vectors.algorithm=boost_uniform_on_sphere
       0.Info>>scattering.average.orientation.vectors.resolution=100            
       0.Info>>Generating orientations for orientational averaging using sphere,boost_uniform_on_sphere
       0.Info>>Initialized orientational averaging with 100 vectors.            
       0.Info>>scattering.signal.file=signal.h5                                 
       0.Info>>scattering.signal.filepath=/home/amajumda/study/continuum_simulations/gitlab/continuum-to-scattering/data/100_100_100_50_50_50/single_atom_shrink/iteration_010/t007/signal.h5
       0.Info>>scattering.signal.fqt=1                                          
       0.Info>>scattering.signal.fq0=1                                          
       0.Info>>scattering.signal.fq=1                                           
       0.Info>>scattering.signal.fq2=1                                          
       0.Info>>Analyzing command line for parameter overwrites                  
       0.Info>>Reading database from file: /home/amajumda/study/continuum_simulations/gitlab/continuum-to-scattering/data/100_100_100_50_50_50/single_atom_shrink/iteration_010/t007/database/db-neutron-coherent.xml
       0.Info>>Checking database...                                             
       0.Info>>Testing mapping between PDB names and atom labels                
       0.Info>>Testing database completeness for referenced atom labels         
       0.Info>>Check succeeded. Database seems OK.                              
       0.Info>>Initializing sample...                                           
       0.Info>>Reading structure from file: /home/amajumda/study/continuum_simulations/gitlab/continuum-to-scattering/data/100_100_100_50_50_50/single_atom_shrink/iteration_010/t007/pdb_dcd/sample.pdb
       0.Info>>Done. Atoms read: 125000                                         
       0.Info>>Reading frames from: /home/amajumda/study/continuum_simulations/gitlab/continuum-to-scattering/data/100_100_100_50_50_50/single_atom_shrink/iteration_010/t007/pdb_dcd/sample.dcd
       0.Info>>Found 1 frames                                                   
       0.Info>>Total number of coordinate sets found: 1                         
       0.Info>>Exchanging sample, database & params information with compute nodes... 
       0.Info>>params...                                                        
       0.Info>>database...                                                      
       0.Info>>sample...                                                        
       0.Info>>.................................................................
       0.Info>>......................C.O.M.P.U.T.A.T.I.O.N......................
       0.Info>>.................................................................
       0.Info>>Setting up services...                                           
       0.Info>>Initializing data file service...                                
       0.Info>>Initializing monitor service...                                  
       0.Info>>Starting data file service...                                    
       0.Info>>Starting monitor service...                                      
       0.Info>>Services setup and running...                                    
       0.Info>>Checking /home/amajumda/study/continuum_simulations/gitlab/continuum-to-scattering/data/100_100_100_50_50_50/single_atom_shrink/iteration_010/t007/signal.h5 for old results.
       0.Info>>Broadcasting service information                                 
       0.Info>>Server host name    : hzglap02                                   
       0.Info>>FileService Port    : 44705                                      
       0.Info>>MonitorService Port : 44159                                      
       0.Info>>Setting up parallel environment...                               
       0.Info>>Searching for decomposition plan:                                
       0.Info>>nodes    = 8                                                     
       0.Info>>qvectors = 100                                                   
       0.Info>>frames   = 1                                                     
       0.Info>>atoms   = 125000                                                 
       0.Info>>All interference scattering detected. Applying frame decomposition.
       0.Info>>Automatic decomposition. Searching for best utilization.         
       0.Info>>Final decomposition parameters:                                  
       0.Info>>NN                : 8                                            
       0.Info>>NQ                : 100                                          
       0.Info>>NAF               : 1                                            
       0.Info>>NP                : 8                                            
       0.Info>>NNpP              : 1                                            
       0.Info>>NAFcycles         : 1                                            
       0.Info>>NQcycles          : 13                                           
       0.Info>>CompEl (WASTE/USE): 4/100                                        
       0.Info>>utilization(1=best)    : 0.96153846153846156                     
       0.Info>>Initializing Scatter Device, Vectors (all)                       
       0.Info>>Starting scattering...                                           
       0.Info>>Checking memory requirements for scattering calculation...       
       0.Info>>required limits.computation.memory.result_buffer=16              
       0.Info>>required limits.computation.memory.signal_buffer=16              
       0.Info>>required limits.computation.memory.exchange_buffer=0             
       0.Info>>required limits.computation.memory.alignpad_buffer=32            
       0.Info>>Memory limits ok                                                 
       0.Info>>Staging data...                                                  
       0.Info>>Forcing stager.mode=frames                                       
       0.Info>>Staging first partition.                                         
       0.Info>>Staging remaining partitions.                                    
       0.Info>>background scattering length set to 0                            
       0.Info>>Target initialized.                                              
       0.Info>>Target 'system' produces a background scattering length density of 0.00021393140595957013
       0.Info>>Starting computation...                                          
       0.Info>>Orientational averaging includes 100 vectors                     
       0.Info>>Setting progress sampling factor for monitoring to 1             
       0.Info>>Progress: 1.500%, ETOTAL: 68.012999999999991 s, ETA: 66.99280499999999 s
       0.Info>>Progress: 3.260%, ETOTAL: 31.295509265175717 s, ETA: 30.275145265175716 s
       0.Info>>Progress: 4.885%, ETOTAL: 20.924643070362471 s, ETA: 19.902387070362472 s
       0.Info>>Progress: 6.510%, ETOTAL: 15.806392320000002 s, ETA: 14.777330320000003 s
       0.Info>>Progress: 10.271%, ETOTAL: 10.047714401622722 s, ETA: 9.0157304016227222 s
       0.Info>>Progress: 20.416%, ETOTAL: 14.743181066760863 s, ETA: 11.733233066760864 s
       0.Info>>Progress: 30.310%, ETOTAL: 10.316519565389802 s, ETA: 7.1895725653898017 s
       0.Info>>Progress: 40.955%, ETOTAL: 7.8352287994991388 s, ETA: 4.6263007994991385 s
       0.Info>>Progress: 50.580%, ETOTAL: 9.9564259299157243 s, ETA: 4.9204529299157231 s
       0.Info>>Progress: 63.330%, ETOTAL: 7.9906770180677196 s, ETA: 2.9301710180677167 s
       0.Info>>Progress: 73.205%, ETOTAL: 9.6129508581436109 s, ETA: 2.5757778581436082 s
       0.Info>>Progress: 82.830%, ETOTAL: 8.519075308594207 s, ETA: 1.4627143085942036 s
       0.Info>>Scattering finished...                                           
       0.Info>>.................................................................
       0.Info>>.....................R.U.N...A.N.A.L.Y.S.I.S.....................
       0.Info>>.................................................................
       0.Info>>Aggregating timing information for performance analysis...       
       0.Info>>                                                                 
       0.Info>>                    Performance Analysis                         
       0.Info>>-----------------------------------------------------------------
       0.Info>> mean and total runtimes:                                        
       0.Info>>-----------------------------------------------------------------
       0.Info>>          measure |    total |       count |     mean |   stddev 
       0.Info>>-----------------------------------------------------------------
       0.Info>>   sd:c:b:dspstore| 3.821e-02|        10000| 3.821e-06| 2.041e-06
       0.Info>>    sd:c:b:scatter| 4.531e+01|        10000| 4.531e-03| 8.786e-04
       0.Info>>        sd:c:block| 4.550e+01|          100| 4.550e-01| 4.183e-02
       0.Info>>         sd:c:init| 1.501e+01|          100| 1.501e-01| 2.610e-02
       0.Info>>       sd:c:reduce| 1.040e-04|          100| 1.040e-06| 5.510e-07
       0.Info>>         sd:c:wait| 1.690e-04|          100| 1.690e-06| 6.197e-07
       0.Info>>        sd:compute| 6.051e+01|          100| 6.051e-01| 5.295e-02
       0.Info>>         sd:runner| 6.052e+01|            8| 7.564e+00| 0.000e+00
       0.Info>>          sd:stage| 1.943e-01|            8| 2.429e-02| 0.000e+00
       0.Info>> sd:worker:scatter| 4.490e+01|        10000| 4.490e-03| 8.483e-04
       0.Info>>    sd:worker:wait| 1.551e+01|        10000| 1.551e-03| 1.521e-02
       0.Info>>          sd:write| 1.057e-03|          100| 1.057e-05| 8.529e-06
       0.Info>>           st:fill| 1.198e-02|            8| 1.497e-03| 0.000e+00
       0.Info>>          st:first| 2.266e-02|            1| 2.266e-02| 0.000e+00
       0.Info>>           st:load| 2.233e-02|            1| 2.233e-02| 0.000e+00
       0.Info>>           st:wait| 1.589e-01|            8| 1.987e-02| 0.000e+00
       0.Info>>-----------------------------------------------------------------
       0.Info>>-----------------------------------------------------------------
       0.Info>> watermarks:                                                     
       0.Info>>-----------------------------------------------------------------
       0.Info>>          measure |      min |      max                          
       0.Info>>-----------------------------------------------------------------
       0.Info>>   sd:c:b:dspstore| 2.000e-06| 7.000e-05                         
       0.Info>>    sd:c:b:scatter| 1.573e-03| 1.638e-02                         
       0.Info>>        sd:c:block| 1.690e-01| 5.937e-01                         
       0.Info>>         sd:c:init| 1.171e-01| 2.218e-01                         
       0.Info>>       sd:c:reduce| 0.000e+00| 3.000e-06                         
       0.Info>>         sd:c:wait| 1.000e-06| 4.000e-06                         
       0.Info>>        sd:compute| 2.865e-01| 7.394e-01                         
       0.Info>>         sd:runner| 6.589e+00| 8.234e+00                         
       0.Info>>          sd:stage| 2.414e-02| 2.434e-02                         
       0.Info>> sd:worker:scatter| 1.552e-03| 1.094e-02                         
       0.Info>>    sd:worker:wait| 1.000e-06| 2.219e-01                         
       0.Info>>          sd:write| 5.000e-06| 5.000e-05                         
       0.Info>>           st:fill| 1.351e-03| 1.557e-03                         
       0.Info>>          st:first| 2.266e-02| 2.266e-02                         
       0.Info>>           st:load| 2.233e-02| 2.233e-02                         
       0.Info>>           st:wait| 9.000e-06| 2.271e-02                         
       0.Info>>-----------------------------------------------------------------
       0.Info>>                                                                 
       0.Info>>         Performance Analysis (relative to total time * nodes)   
       0.Info>>-----------------------------------------------------------------
       0.Info>> mean and total runtimes:                                        
       0.Info>>-----------------------------------------------------------------
       0.Info>>          measure |    total |       count |     mean |   stddev 
       0.Info>>-----------------------------------------------------------------
       0.Info>>   sd:c:b:dspstore| 5.503e-04|        10000| 5.503e-08| 2.449e-07
       0.Info>>    sd:c:b:scatter| 6.525e-01|        10000| 6.525e-05| 1.054e-04
       0.Info>>        sd:c:block| 6.552e-01|          100| 6.552e-03| 5.019e-03
       0.Info>>         sd:c:init| 2.162e-01|          100| 2.162e-03| 3.132e-03
       0.Info>>       sd:c:reduce| 1.498e-06|          100| 1.498e-08| 6.613e-08
       0.Info>>         sd:c:wait| 2.434e-06|          100| 2.434e-08| 7.437e-08
       0.Info>>        sd:compute| 8.714e-01|          100| 8.714e-03| 6.355e-03
       0.Info>>         sd:runner| 8.715e-01|            8| 1.089e-01| 0.000e+00
       0.Info>>          sd:stage| 2.798e-03|            8| 3.498e-04| 0.000e+00
       0.Info>> sd:worker:scatter| 6.466e-01|        10000| 6.466e-05| 1.018e-04
       0.Info>>    sd:worker:wait| 2.234e-01|        10000| 2.234e-05| 1.825e-03
       0.Info>>          sd:write| 1.522e-05|          100| 1.522e-07| 1.023e-06
       0.Info>>           st:fill| 1.725e-04|            8| 2.156e-05| 0.000e+00
       0.Info>>          st:first| 3.264e-04|            1| 3.264e-04| 0.000e+00
       0.Info>>           st:load| 3.216e-04|            1| 3.216e-04| 0.000e+00
       0.Info>>           st:wait| 2.289e-03|            8| 2.861e-04| 0.000e+00
       0.Info>>-----------------------------------------------------------------
       0.Info>>-----------------------------------------------------------------
       0.Info>> watermarks:                                                     
       0.Info>>-----------------------------------------------------------------
       0.Info>>          measure |      min |      max                          
       0.Info>>-----------------------------------------------------------------
       0.Info>>   sd:c:b:dspstore| 2.880e-08| 1.008e-06                         
       0.Info>>    sd:c:b:scatter| 2.265e-05| 2.359e-04                         
       0.Info>>        sd:c:block| 2.434e-03| 8.550e-03                         
       0.Info>>         sd:c:init| 1.686e-03| 3.194e-03                         
       0.Info>>       sd:c:reduce| 0.000e+00| 4.320e-08                         
       0.Info>>         sd:c:wait| 1.440e-08| 5.760e-08                         
       0.Info>>        sd:compute| 4.125e-03| 1.065e-02                         
       0.Info>>         sd:runner| 9.488e-02| 1.186e-01                         
       0.Info>>          sd:stage| 3.477e-04| 3.506e-04                         
       0.Info>> sd:worker:scatter| 2.235e-05| 1.575e-04                         
       0.Info>>    sd:worker:wait| 1.440e-08| 3.195e-03                         
       0.Info>>          sd:write| 7.200e-08| 7.200e-07                         
       0.Info>>           st:fill| 1.946e-05| 2.242e-05                         
       0.Info>>          st:first| 3.264e-04| 3.264e-04                         
       0.Info>>           st:load| 3.216e-04| 3.216e-04                         
       0.Info>>           st:wait| 1.296e-07| 3.270e-04                         
       0.Info>>-----------------------------------------------------------------
       0.Info>>Total runtime (s): 8.6801449999999996                            
       0.Info>>Successfully finished... Have a nice day!                        
