       0.Info>>This software is being developed by Benjamin Lindner.                    
       0.Info>>For help, suggestions or correspondense use:                             
       0.Info>>ben@benlabs.net, Benjamin Lindner (Main Developer, Impl. & Maintenance)  
       0.Info>>franc@cmm.ki.si, Franci Merzel (Methodology)                             
       0.Info>>For publications include the following references:                       
       0.Info>>.........................................................................
       0.Info>>1. Sassena - X-ray and Neutron Scattering Calculated                     
       0.Info>>  from Molecular Dynamics Trajectories using Massively Parallel Computers
       0.Info>>  published as a Computer Program in Physics Paper                       
       0.Info>>.........................................................................
       0.Info>>Version Information: 1.4.2                                       
       0.Info>>                                                                 
       0.Info>>.................................................................
       0.Info>>......................D.E.S.C.R.I.P.T.I.O.N......................
       0.Info>>.................................................................
       0.Info>>This binary computes the scattering intensities directly from    
       0.Info>>a molecular dynamics trajectory.                                 
       0.Info>>.................................................................
       0.Info>>.................................................................
       0.Info>>...................I.N.I.T.I.A.L.I.Z.A.T.I.O.N...................
       0.Info>>.................................................................
       0.Info>>No configuration file specified. Will use default                
       0.Info>>Looking for configuration file: scatter.xml                      
       0.Info>>Reading parameters from XML file: scatter.xml                    
       0.Info>>Added frames from /home/amajumda/study/continuum_simulations/gitlab/continuum-to-scattering/data/100_100_100_10_10_10/single_atom_shrink/iteration_006/t004/pdb_dcd/sample.dcd using format: dcd
       0.Info>>Options: first=0, last=0, lastset=0, stride=1                    
       0.Info>>stager.target=system                                             
       0.Info>>scattering.type=all                                              
       0.Info>>scattering.dsp.type=square                                       
       0.Info>>scattering.average.orientation.type=vectors                      
       0.Info>>scattering.average.orientation.vectors.type=sphere               
       0.Info>>scattering.average.orientation.vectors.algorithm=boost_uniform_on_sphere
       0.Info>>scattering.average.orientation.vectors.resolution=100            
       0.Info>>Generating orientations for orientational averaging using sphere,boost_uniform_on_sphere
       0.Info>>Initialized orientational averaging with 100 vectors.            
       0.Info>>scattering.signal.file=signal.h5                                 
       0.Info>>scattering.signal.filepath=/home/amajumda/study/continuum_simulations/gitlab/continuum-to-scattering/data/100_100_100_10_10_10/single_atom_shrink/iteration_006/t004/signal.h5
       0.Info>>scattering.signal.fqt=1                                          
       0.Info>>scattering.signal.fq0=1                                          
       0.Info>>scattering.signal.fq=1                                           
       0.Info>>scattering.signal.fq2=1                                          
       0.Info>>Analyzing command line for parameter overwrites                  
       0.Info>>Reading database from file: /home/amajumda/study/continuum_simulations/gitlab/continuum-to-scattering/data/100_100_100_10_10_10/single_atom_shrink/iteration_006/t004/database/db-neutron-coherent.xml
       0.Info>>Checking database...                                             
       0.Info>>Testing mapping between PDB names and atom labels                
       0.Info>>Testing database completeness for referenced atom labels         
       0.Info>>Check succeeded. Database seems OK.                              
       0.Info>>Initializing sample...                                           
       0.Info>>Reading structure from file: /home/amajumda/study/continuum_simulations/gitlab/continuum-to-scattering/data/100_100_100_10_10_10/single_atom_shrink/iteration_006/t004/pdb_dcd/sample.pdb
       0.Info>>Done. Atoms read: 1000                                           
       0.Info>>Reading frames from: /home/amajumda/study/continuum_simulations/gitlab/continuum-to-scattering/data/100_100_100_10_10_10/single_atom_shrink/iteration_006/t004/pdb_dcd/sample.dcd
       0.Info>>Found 1 frames                                                   
       0.Info>>Total number of coordinate sets found: 1                         
       0.Info>>Exchanging sample, database & params information with compute nodes... 
       0.Info>>params...                                                        
       0.Info>>database...                                                      
       0.Info>>sample...                                                        
       0.Info>>.................................................................
       0.Info>>......................C.O.M.P.U.T.A.T.I.O.N......................
       0.Info>>.................................................................
       0.Info>>Setting up services...                                           
       0.Info>>Initializing data file service...                                
       0.Info>>Initializing monitor service...                                  
       0.Info>>Starting data file service...                                    
       0.Info>>Starting monitor service...                                      
       0.Info>>Services setup and running...                                    
       0.Info>>Checking /home/amajumda/study/continuum_simulations/gitlab/continuum-to-scattering/data/100_100_100_10_10_10/single_atom_shrink/iteration_006/t004/signal.h5 for old results.
       0.Info>>Broadcasting service information                                 
       0.Info>>Server host name    : hzglap02                                   
       0.Info>>FileService Port    : 44483                                      
       0.Info>>MonitorService Port : 36435                                      
       0.Info>>Setting up parallel environment...                               
       0.Info>>Searching for decomposition plan:                                
       0.Info>>nodes    = 8                                                     
       0.Info>>qvectors = 100                                                   
       0.Info>>frames   = 1                                                     
       0.Info>>atoms   = 1000                                                   
       0.Info>>All interference scattering detected. Applying frame decomposition.
       0.Info>>Automatic decomposition. Searching for best utilization.         
       0.Info>>Final decomposition parameters:                                  
       0.Info>>NN                : 8                                            
       0.Info>>NQ                : 100                                          
       0.Info>>NAF               : 1                                            
       0.Info>>NP                : 8                                            
       0.Info>>NNpP              : 1                                            
       0.Info>>NAFcycles         : 1                                            
       0.Info>>NQcycles          : 13                                           
       0.Info>>CompEl (WASTE/USE): 4/100                                        
       0.Info>>utilization(1=best)    : 0.96153846153846156                     
       0.Info>>Initializing Scatter Device, Vectors (all)                       
       0.Info>>Starting scattering...                                           
       0.Info>>Checking memory requirements for scattering calculation...       
       0.Info>>required limits.computation.memory.result_buffer=16              
       0.Info>>required limits.computation.memory.signal_buffer=16              
       0.Info>>required limits.computation.memory.exchange_buffer=0             
       0.Info>>required limits.computation.memory.alignpad_buffer=32            
       0.Info>>Memory limits ok                                                 
       0.Info>>Staging data...                                                  
       0.Info>>Forcing stager.mode=frames                                       
       0.Info>>Staging first partition.                                         
       0.Info>>Staging remaining partitions.                                    
       0.Info>>background scattering length set to 0                            
       0.Info>>Target initialized.                                              
       0.Info>>Target 'system' produces a background scattering length density of 0.062813150873602369
       0.Info>>Starting computation...                                          
       0.Info>>Orientational averaging includes 100 vectors                     
       0.Info>>Setting progress sampling factor for monitoring to 1             
       0.Info>>Scattering finished...                                           
       0.Info>>.................................................................
       0.Info>>.....................R.U.N...A.N.A.L.Y.S.I.S.....................
       0.Info>>.................................................................
       0.Info>>Aggregating timing information for performance analysis...       
       0.Info>>                                                                 
       0.Info>>                    Performance Analysis                         
       0.Info>>-----------------------------------------------------------------
       0.Info>> mean and total runtimes:                                        
       0.Info>>-----------------------------------------------------------------
       0.Info>>          measure |    total |       count |     mean |   stddev 
       0.Info>>-----------------------------------------------------------------
       0.Info>>   sd:c:b:dspstore| 2.738e-02|        10000| 2.738e-06| 1.676e-06
       0.Info>>    sd:c:b:scatter| 6.439e-01|        10000| 6.439e-05| 2.025e-05
       0.Info>>        sd:c:block| 7.768e-01|          100| 7.768e-03| 6.279e-04
       0.Info>>         sd:c:init| 1.426e-01|          100| 1.426e-03| 3.208e-04
       0.Info>>       sd:c:reduce| 1.040e-04|          100| 1.040e-06| 5.546e-07
       0.Info>>         sd:c:wait| 1.510e-04|          100| 1.510e-06| 5.466e-07
       0.Info>>        sd:compute| 9.217e-01|          100| 9.217e-03| 7.631e-04
       0.Info>>         sd:runner| 9.245e-01|            8| 1.156e-01| 0.000e+00
       0.Info>>          sd:stage| 3.083e-03|            8| 3.854e-04| 0.000e+00
       0.Info>> sd:worker:scatter| 4.548e-01|        10000| 4.548e-05| 8.520e-06
       0.Info>>    sd:worker:wait| 3.912e-01|        10000| 3.912e-05| 1.510e-04
       0.Info>>          sd:write| 8.120e-04|          100| 8.120e-06| 5.996e-06
       0.Info>>           st:fill| 5.960e-04|            8| 7.450e-05| 0.000e+00
       0.Info>>          st:first| 2.260e-04|            1| 2.260e-04| 0.000e+00
       0.Info>>           st:load| 2.030e-04|            1| 2.030e-04| 0.000e+00
       0.Info>>           st:wait| 1.709e-03|            8| 2.136e-04| 0.000e+00
       0.Info>>-----------------------------------------------------------------
       0.Info>>-----------------------------------------------------------------
       0.Info>> watermarks:                                                     
       0.Info>>-----------------------------------------------------------------
       0.Info>>          measure |      min |      max                          
       0.Info>>-----------------------------------------------------------------
       0.Info>>   sd:c:b:dspstore| 1.000e-06| 6.600e-05                         
       0.Info>>    sd:c:b:scatter| 2.500e-05| 1.280e-03                         
       0.Info>>        sd:c:block| 5.356e-03| 9.272e-03                         
       0.Info>>         sd:c:init| 9.290e-04| 2.054e-03                         
       0.Info>>       sd:c:reduce| 0.000e+00| 3.000e-06                         
       0.Info>>         sd:c:wait| 1.000e-06| 3.000e-06                         
       0.Info>>        sd:compute| 6.671e-03| 1.105e-02                         
       0.Info>>         sd:runner| 1.060e-01| 1.236e-01                         
       0.Info>>          sd:stage| 3.820e-04| 3.910e-04                         
       0.Info>> sd:worker:scatter| 1.200e-05| 3.660e-04                         
       0.Info>>    sd:worker:wait| 1.200e-05| 2.154e-03                         
       0.Info>>          sd:write| 4.000e-06| 3.600e-05                         
       0.Info>>           st:fill| 7.100e-05| 7.700e-05                         
       0.Info>>          st:first| 2.260e-04| 2.260e-04                         
       0.Info>>           st:load| 2.030e-04| 2.030e-04                         
       0.Info>>           st:wait| 4.000e-06| 2.450e-04                         
       0.Info>>-----------------------------------------------------------------
       0.Info>>                                                                 
       0.Info>>         Performance Analysis (relative to total time * nodes)   
       0.Info>>-----------------------------------------------------------------
       0.Info>> mean and total runtimes:                                        
       0.Info>>-----------------------------------------------------------------
       0.Info>>          measure |    total |       count |     mean |   stddev 
       0.Info>>-----------------------------------------------------------------
       0.Info>>   sd:c:b:dspstore| 2.065e-02|        10000| 2.065e-06| 1.456e-06
       0.Info>>    sd:c:b:scatter| 4.858e-01|        10000| 4.858e-05| 1.759e-05
       0.Info>>        sd:c:block| 5.860e-01|          100| 5.860e-03| 5.453e-04
       0.Info>>         sd:c:init| 1.076e-01|          100| 1.076e-03| 2.786e-04
       0.Info>>       sd:c:reduce| 7.846e-05|          100| 7.846e-07| 4.817e-07
       0.Info>>         sd:c:wait| 1.139e-04|          100| 1.139e-06| 4.747e-07
       0.Info>>        sd:compute| 6.953e-01|          100| 6.953e-03| 6.628e-04
       0.Info>>         sd:runner| 6.975e-01|            8| 8.718e-02| 0.000e+00
       0.Info>>          sd:stage| 2.326e-03|            8| 2.907e-04| 0.000e+00
       0.Info>> sd:worker:scatter| 3.431e-01|        10000| 3.431e-05| 7.400e-06
       0.Info>>    sd:worker:wait| 2.951e-01|        10000| 2.951e-05| 1.312e-04
       0.Info>>          sd:write| 6.126e-04|          100| 6.126e-06| 5.208e-06
       0.Info>>           st:fill| 4.496e-04|            8| 5.620e-05| 0.000e+00
       0.Info>>          st:first| 1.705e-04|            1| 1.705e-04| 0.000e+00
       0.Info>>           st:load| 1.531e-04|            1| 1.531e-04| 0.000e+00
       0.Info>>           st:wait| 1.289e-03|            8| 1.612e-04| 0.000e+00
       0.Info>>-----------------------------------------------------------------
       0.Info>>-----------------------------------------------------------------
       0.Info>> watermarks:                                                     
       0.Info>>-----------------------------------------------------------------
       0.Info>>          measure |      min |      max                          
       0.Info>>-----------------------------------------------------------------
       0.Info>>   sd:c:b:dspstore| 7.544e-07| 4.979e-05                         
       0.Info>>    sd:c:b:scatter| 1.886e-05| 9.656e-04                         
       0.Info>>        sd:c:block| 4.041e-03| 6.995e-03                         
       0.Info>>         sd:c:init| 7.008e-04| 1.550e-03                         
       0.Info>>       sd:c:reduce| 0.000e+00| 2.263e-06                         
       0.Info>>         sd:c:wait| 7.544e-07| 2.263e-06                         
       0.Info>>        sd:compute| 5.033e-03| 8.333e-03                         
       0.Info>>         sd:runner| 7.998e-02| 9.326e-02                         
       0.Info>>          sd:stage| 2.882e-04| 2.950e-04                         
       0.Info>> sd:worker:scatter| 9.053e-06| 2.761e-04                         
       0.Info>>    sd:worker:wait| 9.053e-06| 1.625e-03                         
       0.Info>>          sd:write| 3.018e-06| 2.716e-05                         
       0.Info>>           st:fill| 5.356e-05| 5.809e-05                         
       0.Info>>          st:first| 1.705e-04| 1.705e-04                         
       0.Info>>           st:load| 1.531e-04| 1.531e-04                         
       0.Info>>           st:wait| 3.018e-06| 1.848e-04                         
       0.Info>>-----------------------------------------------------------------
       0.Info>>Total runtime (s): 0.16569600000000001                           
       0.Info>>Successfully finished... Have a nice day!                        
