       0.Info>>This software is being developed by Benjamin Lindner.                    
       0.Info>>For help, suggestions or correspondense use:                             
       0.Info>>ben@benlabs.net, Benjamin Lindner (Main Developer, Impl. & Maintenance)  
       0.Info>>franc@cmm.ki.si, Franci Merzel (Methodology)                             
       0.Info>>For publications include the following references:                       
       0.Info>>.........................................................................
       0.Info>>1. Sassena - X-ray and Neutron Scattering Calculated                     
       0.Info>>  from Molecular Dynamics Trajectories using Massively Parallel Computers
       0.Info>>  published as a Computer Program in Physics Paper                       
       0.Info>>.........................................................................
       0.Info>>Version Information: 1.4.2                                       
       0.Info>>                                                                 
       0.Info>>.................................................................
       0.Info>>......................D.E.S.C.R.I.P.T.I.O.N......................
       0.Info>>.................................................................
       0.Info>>This binary computes the scattering intensities directly from    
       0.Info>>a molecular dynamics trajectory.                                 
       0.Info>>.................................................................
       0.Info>>.................................................................
       0.Info>>...................I.N.I.T.I.A.L.I.Z.A.T.I.O.N...................
       0.Info>>.................................................................
       0.Info>>No configuration file specified. Will use default                
       0.Info>>Looking for configuration file: scatter.xml                      
       0.Info>>Reading parameters from XML file: scatter.xml                    
       0.Info>>Added frames from /home/amajumda/study/continuum_simulations/gitlab/continuum-to-scattering/data/100_100_100_10_10_10/single_atom_shrink/iteration_009/t005/pdb_dcd/sample.dcd using format: dcd
       0.Info>>Options: first=0, last=0, lastset=0, stride=1                    
       0.Info>>stager.target=system                                             
       0.Info>>scattering.type=all                                              
       0.Info>>scattering.dsp.type=square                                       
       0.Info>>scattering.average.orientation.type=vectors                      
       0.Info>>scattering.average.orientation.vectors.type=sphere               
       0.Info>>scattering.average.orientation.vectors.algorithm=boost_uniform_on_sphere
       0.Info>>scattering.average.orientation.vectors.resolution=100            
       0.Info>>Generating orientations for orientational averaging using sphere,boost_uniform_on_sphere
       0.Info>>Initialized orientational averaging with 100 vectors.            
       0.Info>>scattering.signal.file=signal.h5                                 
       0.Info>>scattering.signal.filepath=/home/amajumda/study/continuum_simulations/gitlab/continuum-to-scattering/data/100_100_100_10_10_10/single_atom_shrink/iteration_009/t005/signal.h5
       0.Info>>scattering.signal.fqt=1                                          
       0.Info>>scattering.signal.fq0=1                                          
       0.Info>>scattering.signal.fq=1                                           
       0.Info>>scattering.signal.fq2=1                                          
       0.Info>>Analyzing command line for parameter overwrites                  
       0.Info>>Reading database from file: /home/amajumda/study/continuum_simulations/gitlab/continuum-to-scattering/data/100_100_100_10_10_10/single_atom_shrink/iteration_009/t005/database/db-neutron-coherent.xml
       0.Info>>Checking database...                                             
       0.Info>>Testing mapping between PDB names and atom labels                
       0.Info>>Testing database completeness for referenced atom labels         
       0.Info>>Check succeeded. Database seems OK.                              
       0.Info>>Initializing sample...                                           
       0.Info>>Reading structure from file: /home/amajumda/study/continuum_simulations/gitlab/continuum-to-scattering/data/100_100_100_10_10_10/single_atom_shrink/iteration_009/t005/pdb_dcd/sample.pdb
       0.Info>>Done. Atoms read: 1000                                           
       0.Info>>Reading frames from: /home/amajumda/study/continuum_simulations/gitlab/continuum-to-scattering/data/100_100_100_10_10_10/single_atom_shrink/iteration_009/t005/pdb_dcd/sample.dcd
       0.Info>>Found 1 frames                                                   
       0.Info>>Total number of coordinate sets found: 1                         
       0.Info>>Exchanging sample, database & params information with compute nodes... 
       0.Info>>params...                                                        
       0.Info>>database...                                                      
       0.Info>>sample...                                                        
       0.Info>>.................................................................
       0.Info>>......................C.O.M.P.U.T.A.T.I.O.N......................
       0.Info>>.................................................................
       0.Info>>Setting up services...                                           
       0.Info>>Initializing data file service...                                
       0.Info>>Initializing monitor service...                                  
       0.Info>>Starting data file service...                                    
       0.Info>>Starting monitor service...                                      
       0.Info>>Services setup and running...                                    
       0.Info>>Checking /home/amajumda/study/continuum_simulations/gitlab/continuum-to-scattering/data/100_100_100_10_10_10/single_atom_shrink/iteration_009/t005/signal.h5 for old results.
       0.Info>>Broadcasting service information                                 
       0.Info>>Server host name    : hzglap02                                   
       0.Info>>FileService Port    : 38709                                      
       0.Info>>MonitorService Port : 35921                                      
       0.Info>>Setting up parallel environment...                               
       0.Info>>Searching for decomposition plan:                                
       0.Info>>nodes    = 8                                                     
       0.Info>>qvectors = 100                                                   
       0.Info>>frames   = 1                                                     
       0.Info>>atoms   = 1000                                                   
       0.Info>>All interference scattering detected. Applying frame decomposition.
       0.Info>>Automatic decomposition. Searching for best utilization.         
       0.Info>>Final decomposition parameters:                                  
       0.Info>>NN                : 8                                            
       0.Info>>NQ                : 100                                          
       0.Info>>NAF               : 1                                            
       0.Info>>NP                : 8                                            
       0.Info>>NNpP              : 1                                            
       0.Info>>NAFcycles         : 1                                            
       0.Info>>NQcycles          : 13                                           
       0.Info>>CompEl (WASTE/USE): 4/100                                        
       0.Info>>utilization(1=best)    : 0.96153846153846156                     
       0.Info>>Initializing Scatter Device, Vectors (all)                       
       0.Info>>Starting scattering...                                           
       0.Info>>Checking memory requirements for scattering calculation...       
       0.Info>>required limits.computation.memory.result_buffer=16              
       0.Info>>required limits.computation.memory.signal_buffer=16              
       0.Info>>required limits.computation.memory.exchange_buffer=0             
       0.Info>>required limits.computation.memory.alignpad_buffer=32            
       0.Info>>Memory limits ok                                                 
       0.Info>>Staging data...                                                  
       0.Info>>Forcing stager.mode=frames                                       
       0.Info>>Staging first partition.                                         
       0.Info>>Staging remaining partitions.                                    
       0.Info>>background scattering length set to 0                            
       0.Info>>Target initialized.                                              
       0.Info>>Target 'system' produces a background scattering length density of 0.047534276336780194
       0.Info>>Starting computation...                                          
       0.Info>>Orientational averaging includes 100 vectors                     
       0.Info>>Setting progress sampling factor for monitoring to 1             
       0.Info>>Scattering finished...                                           
       0.Info>>.................................................................
       0.Info>>.....................R.U.N...A.N.A.L.Y.S.I.S.....................
       0.Info>>.................................................................
       0.Info>>Aggregating timing information for performance analysis...       
       0.Info>>                                                                 
       0.Info>>                    Performance Analysis                         
       0.Info>>-----------------------------------------------------------------
       0.Info>> mean and total runtimes:                                        
       0.Info>>-----------------------------------------------------------------
       0.Info>>          measure |    total |       count |     mean |   stddev 
       0.Info>>-----------------------------------------------------------------
       0.Info>>   sd:c:b:dspstore| 2.777e-02|        10000| 2.777e-06| 1.980e-06
       0.Info>>    sd:c:b:scatter| 7.529e-01|        10000| 7.529e-05| 2.151e-04
       0.Info>>        sd:c:block| 9.001e-01|          100| 9.001e-03| 4.536e-03
       0.Info>>         sd:c:init| 1.386e-01|          100| 1.386e-03| 3.305e-04
       0.Info>>       sd:c:reduce| 1.020e-04|          100| 1.020e-06| 5.020e-07
       0.Info>>         sd:c:wait| 1.380e-04|          100| 1.380e-06| 5.669e-07
       0.Info>>        sd:compute| 1.041e+00|          100| 1.041e-02| 4.643e-03
       0.Info>>         sd:runner| 1.044e+00|            8| 1.306e-01| 0.000e+00
       0.Info>>          sd:stage| 3.897e-03|            8| 4.871e-04| 0.000e+00
       0.Info>> sd:worker:scatter| 4.458e-01|        10000| 4.458e-05| 6.930e-06
       0.Info>>    sd:worker:wait| 5.163e-01|        10000| 5.163e-05| 3.046e-04
       0.Info>>          sd:write| 8.110e-04|          100| 8.110e-06| 5.715e-06
       0.Info>>           st:fill| 6.920e-04|            8| 8.650e-05| 0.000e+00
       0.Info>>          st:first| 3.020e-04|            1| 3.020e-04| 0.000e+00
       0.Info>>           st:load| 2.750e-04|            1| 2.750e-04| 0.000e+00
       0.Info>>           st:wait| 2.328e-03|            8| 2.910e-04| 0.000e+00
       0.Info>>-----------------------------------------------------------------
       0.Info>>-----------------------------------------------------------------
       0.Info>> watermarks:                                                     
       0.Info>>-----------------------------------------------------------------
       0.Info>>          measure |      min |      max                          
       0.Info>>-----------------------------------------------------------------
       0.Info>>   sd:c:b:dspstore| 1.000e-06| 7.100e-05                         
       0.Info>>    sd:c:b:scatter| 2.500e-05| 8.539e-03                         
       0.Info>>        sd:c:block| 5.642e-03| 3.483e-02                         
       0.Info>>         sd:c:init| 9.280e-04| 2.022e-03                         
       0.Info>>       sd:c:reduce| 0.000e+00| 2.000e-06                         
       0.Info>>         sd:c:wait| 0.000e+00| 3.000e-06                         
       0.Info>>        sd:compute| 7.169e-03| 3.653e-02                         
       0.Info>>         sd:runner| 1.147e-01| 1.431e-01                         
       0.Info>>          sd:stage| 4.840e-04| 4.910e-04                         
       0.Info>> sd:worker:scatter| 1.200e-05| 1.440e-04                         
       0.Info>>    sd:worker:wait| 1.000e-06| 1.392e-02                         
       0.Info>>          sd:write| 4.000e-06| 3.100e-05                         
       0.Info>>           st:fill| 7.500e-05| 9.100e-05                         
       0.Info>>          st:first| 3.020e-04| 3.020e-04                         
       0.Info>>           st:load| 2.750e-04| 2.750e-04                         
       0.Info>>           st:wait| 4.000e-06| 3.330e-04                         
       0.Info>>-----------------------------------------------------------------
       0.Info>>                                                                 
       0.Info>>         Performance Analysis (relative to total time * nodes)   
       0.Info>>-----------------------------------------------------------------
       0.Info>> mean and total runtimes:                                        
       0.Info>>-----------------------------------------------------------------
       0.Info>>          measure |    total |       count |     mean |   stddev 
       0.Info>>-----------------------------------------------------------------
       0.Info>>   sd:c:b:dspstore| 1.827e-02|        10000| 1.827e-06| 1.606e-06
       0.Info>>    sd:c:b:scatter| 4.952e-01|        10000| 4.952e-05| 1.744e-04
       0.Info>>        sd:c:block| 5.920e-01|          100| 5.920e-03| 3.679e-03
       0.Info>>         sd:c:init| 9.118e-02|          100| 9.118e-04| 2.681e-04
       0.Info>>       sd:c:reduce| 6.709e-05|          100| 6.709e-07| 4.071e-07
       0.Info>>         sd:c:wait| 9.077e-05|          100| 9.077e-07| 4.597e-07
       0.Info>>        sd:compute| 6.846e-01|          100| 6.846e-03| 3.766e-03
       0.Info>>         sd:runner| 6.869e-01|            8| 8.587e-02| 0.000e+00
       0.Info>>          sd:stage| 2.563e-03|            8| 3.204e-04| 0.000e+00
       0.Info>> sd:worker:scatter| 2.932e-01|        10000| 2.932e-05| 5.620e-06
       0.Info>>    sd:worker:wait| 3.396e-01|        10000| 3.396e-05| 2.470e-04
       0.Info>>          sd:write| 5.334e-04|          100| 5.334e-06| 4.635e-06
       0.Info>>           st:fill| 4.552e-04|            8| 5.689e-05| 0.000e+00
       0.Info>>          st:first| 1.986e-04|            1| 1.986e-04| 0.000e+00
       0.Info>>           st:load| 1.809e-04|            1| 1.809e-04| 0.000e+00
       0.Info>>           st:wait| 1.531e-03|            8| 1.914e-04| 0.000e+00
       0.Info>>-----------------------------------------------------------------
       0.Info>>-----------------------------------------------------------------
       0.Info>> watermarks:                                                     
       0.Info>>-----------------------------------------------------------------
       0.Info>>          measure |      min |      max                          
       0.Info>>-----------------------------------------------------------------
       0.Info>>   sd:c:b:dspstore| 6.577e-07| 4.670e-05                         
       0.Info>>    sd:c:b:scatter| 1.644e-05| 5.616e-03                         
       0.Info>>        sd:c:block| 3.711e-03| 2.291e-02                         
       0.Info>>         sd:c:init| 6.104e-04| 1.330e-03                         
       0.Info>>       sd:c:reduce| 0.000e+00| 1.315e-06                         
       0.Info>>         sd:c:wait| 0.000e+00| 1.973e-06                         
       0.Info>>        sd:compute| 4.715e-03| 2.403e-02                         
       0.Info>>         sd:runner| 7.547e-02| 9.413e-02                         
       0.Info>>          sd:stage| 3.183e-04| 3.229e-04                         
       0.Info>> sd:worker:scatter| 7.893e-06| 9.471e-05                         
       0.Info>>    sd:worker:wait| 6.577e-07| 9.155e-03                         
       0.Info>>          sd:write| 2.631e-06| 2.039e-05                         
       0.Info>>           st:fill| 4.933e-05| 5.985e-05                         
       0.Info>>          st:first| 1.986e-04| 1.986e-04                         
       0.Info>>           st:load| 1.809e-04| 1.809e-04                         
       0.Info>>           st:wait| 2.631e-06| 2.190e-04                         
       0.Info>>-----------------------------------------------------------------
       0.Info>>Total runtime (s): 0.19004699999999999                           
       0.Info>>Successfully finished... Have a nice day!                        
