       0.Info>>This software is being developed by Benjamin Lindner.                    
       0.Info>>For help, suggestions or correspondense use:                             
       0.Info>>ben@benlabs.net, Benjamin Lindner (Main Developer, Impl. & Maintenance)  
       0.Info>>franc@cmm.ki.si, Franci Merzel (Methodology)                             
       0.Info>>For publications include the following references:                       
       0.Info>>.........................................................................
       0.Info>>1. Sassena - X-ray and Neutron Scattering Calculated                     
       0.Info>>  from Molecular Dynamics Trajectories using Massively Parallel Computers
       0.Info>>  published as a Computer Program in Physics Paper                       
       0.Info>>.........................................................................
       0.Info>>Version Information: 1.4.2                                       
       0.Info>>                                                                 
       0.Info>>.................................................................
       0.Info>>......................D.E.S.C.R.I.P.T.I.O.N......................
       0.Info>>.................................................................
       0.Info>>This binary computes the scattering intensities directly from    
       0.Info>>a molecular dynamics trajectory.                                 
       0.Info>>.................................................................
       0.Info>>.................................................................
       0.Info>>...................I.N.I.T.I.A.L.I.Z.A.T.I.O.N...................
       0.Info>>.................................................................
       0.Info>>No configuration file specified. Will use default                
       0.Info>>Looking for configuration file: scatter.xml                      
       0.Info>>Reading parameters from XML file: scatter.xml                    
       0.Info>>Added frames from /home/amajumda/study/continuum_simulations/gitlab/continuum-to-scattering/data/100_100_100_50_50_50/single_atom_shrink/iteration_001/t008/pdb_dcd/sample.dcd using format: dcd
       0.Info>>Options: first=0, last=0, lastset=0, stride=1                    
       0.Info>>stager.target=system                                             
       0.Info>>scattering.type=all                                              
       0.Info>>scattering.dsp.type=square                                       
       0.Info>>scattering.average.orientation.type=vectors                      
       0.Info>>scattering.average.orientation.vectors.type=sphere               
       0.Info>>scattering.average.orientation.vectors.algorithm=boost_uniform_on_sphere
       0.Info>>scattering.average.orientation.vectors.resolution=100            
       0.Info>>Generating orientations for orientational averaging using sphere,boost_uniform_on_sphere
       0.Info>>Initialized orientational averaging with 100 vectors.            
       0.Info>>scattering.signal.file=signal.h5                                 
       0.Info>>scattering.signal.filepath=/home/amajumda/study/continuum_simulations/gitlab/continuum-to-scattering/data/100_100_100_50_50_50/single_atom_shrink/iteration_001/t008/signal.h5
       0.Info>>scattering.signal.fqt=1                                          
       0.Info>>scattering.signal.fq0=1                                          
       0.Info>>scattering.signal.fq=1                                           
       0.Info>>scattering.signal.fq2=1                                          
       0.Info>>Analyzing command line for parameter overwrites                  
       0.Info>>Reading database from file: /home/amajumda/study/continuum_simulations/gitlab/continuum-to-scattering/data/100_100_100_50_50_50/single_atom_shrink/iteration_001/t008/database/db-neutron-coherent.xml
       0.Info>>Checking database...                                             
       0.Info>>Testing mapping between PDB names and atom labels                
       0.Info>>Testing database completeness for referenced atom labels         
       0.Info>>Check succeeded. Database seems OK.                              
       0.Info>>Initializing sample...                                           
       0.Info>>Reading structure from file: /home/amajumda/study/continuum_simulations/gitlab/continuum-to-scattering/data/100_100_100_50_50_50/single_atom_shrink/iteration_001/t008/pdb_dcd/sample.pdb
       0.Info>>Done. Atoms read: 125000                                         
       0.Info>>Reading frames from: /home/amajumda/study/continuum_simulations/gitlab/continuum-to-scattering/data/100_100_100_50_50_50/single_atom_shrink/iteration_001/t008/pdb_dcd/sample.dcd
       0.Info>>Found 1 frames                                                   
       0.Info>>Total number of coordinate sets found: 1                         
       0.Info>>Exchanging sample, database & params information with compute nodes... 
       0.Info>>params...                                                        
       0.Info>>database...                                                      
       0.Info>>sample...                                                        
       0.Info>>.................................................................
       0.Info>>......................C.O.M.P.U.T.A.T.I.O.N......................
       0.Info>>.................................................................
       0.Info>>Setting up services...                                           
       0.Info>>Initializing data file service...                                
       0.Info>>Initializing monitor service...                                  
       0.Info>>Starting data file service...                                    
       0.Info>>Starting monitor service...                                      
       0.Info>>Services setup and running...                                    
       0.Info>>Checking /home/amajumda/study/continuum_simulations/gitlab/continuum-to-scattering/data/100_100_100_50_50_50/single_atom_shrink/iteration_001/t008/signal.h5 for old results.
       0.Info>>Broadcasting service information                                 
       0.Info>>Server host name    : hzglap02                                   
       0.Info>>FileService Port    : 38355                                      
       0.Info>>MonitorService Port : 39453                                      
       0.Info>>Setting up parallel environment...                               
       0.Info>>Searching for decomposition plan:                                
       0.Info>>nodes    = 8                                                     
       0.Info>>qvectors = 100                                                   
       0.Info>>frames   = 1                                                     
       0.Info>>atoms   = 125000                                                 
       0.Info>>All interference scattering detected. Applying frame decomposition.
       0.Info>>Automatic decomposition. Searching for best utilization.         
       0.Info>>Final decomposition parameters:                                  
       0.Info>>NN                : 8                                            
       0.Info>>NQ                : 100                                          
       0.Info>>NAF               : 1                                            
       0.Info>>NP                : 8                                            
       0.Info>>NNpP              : 1                                            
       0.Info>>NAFcycles         : 1                                            
       0.Info>>NQcycles          : 13                                           
       0.Info>>CompEl (WASTE/USE): 4/100                                        
       0.Info>>utilization(1=best)    : 0.96153846153846156                     
       0.Info>>Initializing Scatter Device, Vectors (all)                       
       0.Info>>Starting scattering...                                           
       0.Info>>Checking memory requirements for scattering calculation...       
       0.Info>>required limits.computation.memory.result_buffer=16              
       0.Info>>required limits.computation.memory.signal_buffer=16              
       0.Info>>required limits.computation.memory.exchange_buffer=0             
       0.Info>>required limits.computation.memory.alignpad_buffer=32            
       0.Info>>Memory limits ok                                                 
       0.Info>>Staging data...                                                  
       0.Info>>Forcing stager.mode=frames                                       
       0.Info>>Staging first partition.                                         
       0.Info>>Staging remaining partitions.                                    
       0.Info>>background scattering length set to 0                            
       0.Info>>Target initialized.                                              
       0.Info>>Target 'system' produces a background scattering length density of 0.00039189973656484256
       0.Info>>Starting computation...                                          
       0.Info>>Orientational averaging includes 100 vectors                     
       0.Info>>Setting progress sampling factor for monitoring to 1             
       0.Info>>Progress: 2.635%, ETOTAL: 57.373421897810218 s, ETA: 55.861852897810216 s
       0.Info>>Progress: 5.145%, ETOTAL: 29.403606914810776 s, ETA: 27.890781914810777 s
       0.Info>>Progress: 11.415%, ETOTAL: 13.410551059946654 s, ETA: 11.879728059946654 s
       0.Info>>Progress: 22.455%, ETOTAL: 6.9242267770482435 s, ETA: 5.3693827770482434 s
       0.Info>>Progress: 32.080%, ETOTAL: 11.011299510440601 s, ETA: 7.478860510440601 s
       0.Info>>Progress: 42.330%, ETOTAL: 8.3779406072537288 s, ETA: 4.8315476072537296 s
       0.Info>>Progress: 52.455%, ETOTAL: 10.502955933031897 s, ETA: 4.9936169330318974 s
       0.Info>>Progress: 62.830%, ETOTAL: 8.7887660868234487 s, ETA: 3.2667730868234477 s
       0.Info>>Progress: 72.955%, ETOTAL: 7.6039000087865762 s, ETA: 2.0564650087865752 s
       0.Info>>Progress: 82.080%, ETOTAL: 9.201883775235272 s, ETA: 1.6489657752352702 s
       0.Info>>Scattering finished...                                           
       0.Info>>.................................................................
       0.Info>>.....................R.U.N...A.N.A.L.Y.S.I.S.....................
       0.Info>>.................................................................
       0.Info>>Aggregating timing information for performance analysis...       
       0.Info>>                                                                 
       0.Info>>                    Performance Analysis                         
       0.Info>>-----------------------------------------------------------------
       0.Info>> mean and total runtimes:                                        
       0.Info>>-----------------------------------------------------------------
       0.Info>>          measure |    total |       count |     mean |   stddev 
       0.Info>>-----------------------------------------------------------------
       0.Info>>   sd:c:b:dspstore| 3.664e-02|        10000| 3.664e-06| 3.089e-06
       0.Info>>    sd:c:b:scatter| 4.364e+01|        10000| 4.364e-03| 8.078e-04
       0.Info>>        sd:c:block| 4.381e+01|          100| 4.381e-01| 4.241e-02
       0.Info>>         sd:c:init| 1.445e+01|          100| 1.445e-01| 2.850e-02
       0.Info>>       sd:c:reduce| 1.060e-04|          100| 1.060e-06| 4.788e-07
       0.Info>>         sd:c:wait| 1.820e-04|          100| 1.820e-06| 5.143e-07
       0.Info>>        sd:compute| 5.827e+01|          100| 5.827e-01| 5.730e-02
       0.Info>>         sd:runner| 5.827e+01|            8| 7.284e+00| 0.000e+00
       0.Info>>          sd:stage| 1.941e-01|            8| 2.426e-02| 0.000e+00
       0.Info>> sd:worker:scatter| 4.326e+01|        10000| 4.326e-03| 7.832e-04
       0.Info>>    sd:worker:wait| 1.491e+01|        10000| 1.491e-03| 1.469e-02
       0.Info>>          sd:write| 9.980e-04|          100| 9.980e-06| 6.732e-06
       0.Info>>           st:fill| 1.181e-02|            8| 1.476e-03| 0.000e+00
       0.Info>>          st:first| 2.266e-02|            1| 2.266e-02| 0.000e+00
       0.Info>>           st:load| 2.229e-02|            1| 2.229e-02| 0.000e+00
       0.Info>>           st:wait| 1.589e-01|            8| 1.986e-02| 0.000e+00
       0.Info>>-----------------------------------------------------------------
       0.Info>>-----------------------------------------------------------------
       0.Info>> watermarks:                                                     
       0.Info>>-----------------------------------------------------------------
       0.Info>>          measure |      min |      max                          
       0.Info>>-----------------------------------------------------------------
       0.Info>>   sd:c:b:dspstore| 2.000e-06| 2.240e-04                         
       0.Info>>    sd:c:b:scatter| 1.493e-03| 1.687e-02                         
       0.Info>>        sd:c:block| 1.548e-01| 5.566e-01                         
       0.Info>>         sd:c:init| 1.131e-01| 2.548e-01                         
       0.Info>>       sd:c:reduce| 0.000e+00| 2.000e-06                         
       0.Info>>         sd:c:wait| 1.000e-06| 3.000e-06                         
       0.Info>>        sd:compute| 2.687e-01| 7.902e-01                         
       0.Info>>         sd:runner| 6.130e+00| 7.900e+00                         
       0.Info>>          sd:stage| 2.412e-02| 2.432e-02                         
       0.Info>> sd:worker:scatter| 1.474e-03| 1.394e-02                         
       0.Info>>    sd:worker:wait| 1.000e-06| 2.549e-01                         
       0.Info>>          sd:write| 5.000e-06| 3.900e-05                         
       0.Info>>           st:fill| 1.329e-03| 1.537e-03                         
       0.Info>>          st:first| 2.266e-02| 2.266e-02                         
       0.Info>>           st:load| 2.229e-02| 2.229e-02                         
       0.Info>>           st:wait| 8.000e-06| 2.270e-02                         
       0.Info>>-----------------------------------------------------------------
       0.Info>>                                                                 
       0.Info>>         Performance Analysis (relative to total time * nodes)   
       0.Info>>-----------------------------------------------------------------
       0.Info>> mean and total runtimes:                                        
       0.Info>>-----------------------------------------------------------------
       0.Info>>          measure |    total |       count |     mean |   stddev 
       0.Info>>-----------------------------------------------------------------
       0.Info>>   sd:c:b:dspstore| 5.515e-04|        10000| 5.515e-08| 3.790e-07
       0.Info>>    sd:c:b:scatter| 6.568e-01|        10000| 6.568e-05| 9.910e-05
       0.Info>>        sd:c:block| 6.595e-01|          100| 6.595e-03| 5.203e-03
       0.Info>>         sd:c:init| 2.175e-01|          100| 2.175e-03| 3.496e-03
       0.Info>>       sd:c:reduce| 1.595e-06|          100| 1.595e-08| 5.875e-08
       0.Info>>         sd:c:wait| 2.739e-06|          100| 2.739e-08| 6.310e-08
       0.Info>>        sd:compute| 8.770e-01|          100| 8.770e-03| 7.030e-03
       0.Info>>         sd:runner| 8.771e-01|            8| 1.096e-01| 0.000e+00
       0.Info>>          sd:stage| 2.921e-03|            8| 3.652e-04| 0.000e+00
       0.Info>> sd:worker:scatter| 6.512e-01|        10000| 6.512e-05| 9.608e-05
       0.Info>>    sd:worker:wait| 2.244e-01|        10000| 2.244e-05| 1.802e-03
       0.Info>>          sd:write| 1.502e-05|          100| 1.502e-07| 8.259e-07
       0.Info>>           st:fill| 1.778e-04|            8| 2.222e-05| 0.000e+00
       0.Info>>          st:first| 3.411e-04|            1| 3.411e-04| 0.000e+00
       0.Info>>           st:load| 3.355e-04|            1| 3.355e-04| 0.000e+00
       0.Info>>           st:wait| 2.392e-03|            8| 2.990e-04| 0.000e+00
       0.Info>>-----------------------------------------------------------------
       0.Info>>-----------------------------------------------------------------
       0.Info>> watermarks:                                                     
       0.Info>>-----------------------------------------------------------------
       0.Info>>          measure |      min |      max                          
       0.Info>>-----------------------------------------------------------------
       0.Info>>   sd:c:b:dspstore| 3.010e-08| 3.372e-06                         
       0.Info>>    sd:c:b:scatter| 2.247e-05| 2.539e-04                         
       0.Info>>        sd:c:block| 2.330e-03| 8.377e-03                         
       0.Info>>         sd:c:init| 1.702e-03| 3.835e-03                         
       0.Info>>       sd:c:reduce| 0.000e+00| 3.010e-08                         
       0.Info>>         sd:c:wait| 1.505e-08| 4.515e-08                         
       0.Info>>        sd:compute| 4.044e-03| 1.189e-02                         
       0.Info>>         sd:runner| 9.227e-02| 1.189e-01                         
       0.Info>>          sd:stage| 3.630e-04| 3.660e-04                         
       0.Info>> sd:worker:scatter| 2.219e-05| 2.098e-04                         
       0.Info>>    sd:worker:wait| 1.505e-08| 3.836e-03                         
       0.Info>>          sd:write| 7.526e-08| 5.870e-07                         
       0.Info>>           st:fill| 2.000e-05| 2.313e-05                         
       0.Info>>          st:first| 3.411e-04| 3.411e-04                         
       0.Info>>           st:load| 3.355e-04| 3.355e-04                         
       0.Info>>           st:wait| 1.204e-07| 3.417e-04                         
       0.Info>>-----------------------------------------------------------------
       0.Info>>Total runtime (s): 8.3048359999999999                            
       0.Info>>Successfully finished... Have a nice day!                        
