       0.Info>>This software is being developed by Benjamin Lindner.                    
       0.Info>>For help, suggestions or correspondense use:                             
       0.Info>>ben@benlabs.net, Benjamin Lindner (Main Developer, Impl. & Maintenance)  
       0.Info>>franc@cmm.ki.si, Franci Merzel (Methodology)                             
       0.Info>>For publications include the following references:                       
       0.Info>>.........................................................................
       0.Info>>1. Sassena - X-ray and Neutron Scattering Calculated                     
       0.Info>>  from Molecular Dynamics Trajectories using Massively Parallel Computers
       0.Info>>  published as a Computer Program in Physics Paper                       
       0.Info>>.........................................................................
       0.Info>>Version Information: 1.4.2                                       
       0.Info>>                                                                 
       0.Info>>.................................................................
       0.Info>>......................D.E.S.C.R.I.P.T.I.O.N......................
       0.Info>>.................................................................
       0.Info>>This binary computes the scattering intensities directly from    
       0.Info>>a molecular dynamics trajectory.                                 
       0.Info>>.................................................................
       0.Info>>.................................................................
       0.Info>>...................I.N.I.T.I.A.L.I.Z.A.T.I.O.N...................
       0.Info>>.................................................................
       0.Info>>No configuration file specified. Will use default                
       0.Info>>Looking for configuration file: scatter.xml                      
       0.Info>>Reading parameters from XML file: scatter.xml                    
       0.Info>>Added frames from /home/amajumda/study/continuum_simulations/gitlab/continuum-to-scattering/data/100_100_100_50_50_50/single_atom_shrink/iteration_001/t003/pdb_dcd/sample.dcd using format: dcd
       0.Info>>Options: first=0, last=0, lastset=0, stride=1                    
       0.Info>>stager.target=system                                             
       0.Info>>scattering.type=all                                              
       0.Info>>scattering.dsp.type=square                                       
       0.Info>>scattering.average.orientation.type=vectors                      
       0.Info>>scattering.average.orientation.vectors.type=sphere               
       0.Info>>scattering.average.orientation.vectors.algorithm=boost_uniform_on_sphere
       0.Info>>scattering.average.orientation.vectors.resolution=100            
       0.Info>>Generating orientations for orientational averaging using sphere,boost_uniform_on_sphere
       0.Info>>Initialized orientational averaging with 100 vectors.            
       0.Info>>scattering.signal.file=signal.h5                                 
       0.Info>>scattering.signal.filepath=/home/amajumda/study/continuum_simulations/gitlab/continuum-to-scattering/data/100_100_100_50_50_50/single_atom_shrink/iteration_001/t003/signal.h5
       0.Info>>scattering.signal.fqt=1                                          
       0.Info>>scattering.signal.fq0=1                                          
       0.Info>>scattering.signal.fq=1                                           
       0.Info>>scattering.signal.fq2=1                                          
       0.Info>>Analyzing command line for parameter overwrites                  
       0.Info>>Reading database from file: /home/amajumda/study/continuum_simulations/gitlab/continuum-to-scattering/data/100_100_100_50_50_50/single_atom_shrink/iteration_001/t003/database/db-neutron-coherent.xml
       0.Info>>Checking database...                                             
       0.Info>>Testing mapping between PDB names and atom labels                
       0.Info>>Testing database completeness for referenced atom labels         
       0.Info>>Check succeeded. Database seems OK.                              
       0.Info>>Initializing sample...                                           
       0.Info>>Reading structure from file: /home/amajumda/study/continuum_simulations/gitlab/continuum-to-scattering/data/100_100_100_50_50_50/single_atom_shrink/iteration_001/t003/pdb_dcd/sample.pdb
       0.Info>>Done. Atoms read: 125000                                         
       0.Info>>Reading frames from: /home/amajumda/study/continuum_simulations/gitlab/continuum-to-scattering/data/100_100_100_50_50_50/single_atom_shrink/iteration_001/t003/pdb_dcd/sample.dcd
       0.Info>>Found 1 frames                                                   
       0.Info>>Total number of coordinate sets found: 1                         
       0.Info>>Exchanging sample, database & params information with compute nodes... 
       0.Info>>params...                                                        
       0.Info>>database...                                                      
       0.Info>>sample...                                                        
       0.Info>>.................................................................
       0.Info>>......................C.O.M.P.U.T.A.T.I.O.N......................
       0.Info>>.................................................................
       0.Info>>Setting up services...                                           
       0.Info>>Initializing data file service...                                
       0.Info>>Initializing monitor service...                                  
       0.Info>>Starting data file service...                                    
       0.Info>>Starting monitor service...                                      
       0.Info>>Services setup and running...                                    
       0.Info>>Checking /home/amajumda/study/continuum_simulations/gitlab/continuum-to-scattering/data/100_100_100_50_50_50/single_atom_shrink/iteration_001/t003/signal.h5 for old results.
       0.Info>>Broadcasting service information                                 
       0.Info>>Server host name    : hzglap02                                   
       0.Info>>FileService Port    : 45223                                      
       0.Info>>MonitorService Port : 44051                                      
       0.Info>>Setting up parallel environment...                               
       0.Info>>Searching for decomposition plan:                                
       0.Info>>nodes    = 8                                                     
       0.Info>>qvectors = 100                                                   
       0.Info>>frames   = 1                                                     
       0.Info>>atoms   = 125000                                                 
       0.Info>>All interference scattering detected. Applying frame decomposition.
       0.Info>>Automatic decomposition. Searching for best utilization.         
       0.Info>>Final decomposition parameters:                                  
       0.Info>>NN                : 8                                            
       0.Info>>NQ                : 100                                          
       0.Info>>NAF               : 1                                            
       0.Info>>NP                : 8                                            
       0.Info>>NNpP              : 1                                            
       0.Info>>NAFcycles         : 1                                            
       0.Info>>NQcycles          : 13                                           
       0.Info>>CompEl (WASTE/USE): 4/100                                        
       0.Info>>utilization(1=best)    : 0.96153846153846156                     
       0.Info>>Initializing Scatter Device, Vectors (all)                       
       0.Info>>Starting scattering...                                           
       0.Info>>Checking memory requirements for scattering calculation...       
       0.Info>>required limits.computation.memory.result_buffer=16              
       0.Info>>required limits.computation.memory.signal_buffer=16              
       0.Info>>required limits.computation.memory.exchange_buffer=0             
       0.Info>>required limits.computation.memory.alignpad_buffer=32            
       0.Info>>Memory limits ok                                                 
       0.Info>>Staging data...                                                  
       0.Info>>Forcing stager.mode=frames                                       
       0.Info>>Staging first partition.                                         
       0.Info>>Staging remaining partitions.                                    
       0.Info>>background scattering length set to 0                            
       0.Info>>Target initialized.                                              
       0.Info>>Target 'system' produces a background scattering length density of 0.0015366337605313143
       0.Info>>Starting computation...                                          
       0.Info>>Orientational averaging includes 100 vectors                     
       0.Info>>Setting progress sampling factor for monitoring to 1             
       0.Info>>Progress: 1.625%, ETOTAL: 58.40658461538461 s, ETA: 57.457477615384612 s
       0.Info>>Progress: 3.250%, ETOTAL: 29.755476923076923 s, ETA: 28.788423923076923 s
       0.Info>>Progress: 5.010%, ETOTAL: 19.331625779625778 s, ETA: 18.363030779625777 s
       0.Info>>Progress: 10.771%, ETOTAL: 9.0593640232108328 s, ETA: 8.0835950232108331 s
       0.Info>>Progress: 21.166%, ETOTAL: 13.942099443498014 s, ETA: 10.991133443498015 s
       0.Info>>Progress: 30.810%, ETOTAL: 9.9853209955527813 s, ETA: 6.9088339955527811 s
       0.Info>>Progress: 41.205%, ETOTAL: 7.7049365899191038 s, ETA: 4.530107589919103 s
       0.Info>>Progress: 50.455%, ETOTAL: 9.8602960233769537 s, ETA: 4.8852710233769532 s
       0.Info>>Progress: 61.080%, ETOTAL: 8.2549663010967098 s, ETA: 3.2128223010967094 s
       0.Info>>Progress: 70.830%, ETOTAL: 9.8058342911443948 s, ETA: 2.8603492911443951 s
       0.Info>>Progress: 81.080%, ETOTAL: 8.5973371704154644 s, ETA: 1.6266051704154636 s
       0.Info>>Progress: 91.580%, ETOTAL: 7.6312199349035819 s, ETA: 0.64253893490358127 s
       0.Info>>Scattering finished...                                           
       0.Info>>.................................................................
       0.Info>>.....................R.U.N...A.N.A.L.Y.S.I.S.....................
       0.Info>>.................................................................
       0.Info>>Aggregating timing information for performance analysis...       
       0.Info>>                                                                 
       0.Info>>                    Performance Analysis                         
       0.Info>>-----------------------------------------------------------------
       0.Info>> mean and total runtimes:                                        
       0.Info>>-----------------------------------------------------------------
       0.Info>>          measure |    total |       count |     mean |   stddev 
       0.Info>>-----------------------------------------------------------------
       0.Info>>   sd:c:b:dspstore| 3.595e-02|        10000| 3.595e-06| 2.056e-06
       0.Info>>    sd:c:b:scatter| 4.281e+01|        10000| 4.281e-03| 7.453e-04
       0.Info>>        sd:c:block| 4.299e+01|          100| 4.299e-01| 3.760e-02
       0.Info>>         sd:c:init| 1.510e+01|          100| 1.510e-01| 2.894e-02
       0.Info>>       sd:c:reduce| 1.000e-04|          100| 1.000e-06| 5.153e-07
       0.Info>>         sd:c:wait| 1.560e-04|          100| 1.560e-06| 5.753e-07
       0.Info>>        sd:compute| 5.809e+01|          100| 5.809e-01| 5.330e-02
       0.Info>>         sd:runner| 5.809e+01|            8| 7.262e+00| 0.000e+00
       0.Info>>          sd:stage| 1.985e-01|            8| 2.481e-02| 0.000e+00
       0.Info>> sd:worker:scatter| 4.243e+01|        10000| 4.243e-03| 7.174e-04
       0.Info>>    sd:worker:wait| 1.556e+01|        10000| 1.556e-03| 1.534e-02
       0.Info>>          sd:write| 9.670e-04|          100| 9.670e-06| 7.446e-06
       0.Info>>           st:fill| 1.208e-02|            8| 1.510e-03| 0.000e+00
       0.Info>>          st:first| 2.318e-02|            1| 2.318e-02| 0.000e+00
       0.Info>>           st:load| 2.277e-02|            1| 2.277e-02| 0.000e+00
       0.Info>>           st:wait| 1.625e-01|            8| 2.031e-02| 0.000e+00
       0.Info>>-----------------------------------------------------------------
       0.Info>>-----------------------------------------------------------------
       0.Info>> watermarks:                                                     
       0.Info>>-----------------------------------------------------------------
       0.Info>>          measure |      min |      max                          
       0.Info>>-----------------------------------------------------------------
       0.Info>>   sd:c:b:dspstore| 2.000e-06| 7.300e-05                         
       0.Info>>    sd:c:b:scatter| 1.513e-03| 1.271e-02                         
       0.Info>>        sd:c:block| 1.587e-01| 5.627e-01                         
       0.Info>>         sd:c:init| 1.149e-01| 2.218e-01                         
       0.Info>>       sd:c:reduce| 0.000e+00| 2.000e-06                         
       0.Info>>         sd:c:wait| 1.000e-06| 4.000e-06                         
       0.Info>>        sd:compute| 2.751e-01| 7.426e-01                         
       0.Info>>         sd:runner| 6.082e+00| 7.848e+00                         
       0.Info>>          sd:stage| 2.467e-02| 2.488e-02                         
       0.Info>> sd:worker:scatter| 1.489e-03| 1.068e-02                         
       0.Info>>    sd:worker:wait| 2.000e-06| 2.219e-01                         
       0.Info>>          sd:write| 5.000e-06| 4.800e-05                         
       0.Info>>           st:fill| 1.359e-03| 1.568e-03                         
       0.Info>>          st:first| 2.318e-02| 2.318e-02                         
       0.Info>>           st:load| 2.277e-02| 2.277e-02                         
       0.Info>>           st:wait| 9.000e-06| 2.322e-02                         
       0.Info>>-----------------------------------------------------------------
       0.Info>>                                                                 
       0.Info>>         Performance Analysis (relative to total time * nodes)   
       0.Info>>-----------------------------------------------------------------
       0.Info>> mean and total runtimes:                                        
       0.Info>>-----------------------------------------------------------------
       0.Info>>          measure |    total |       count |     mean |   stddev 
       0.Info>>-----------------------------------------------------------------
       0.Info>>   sd:c:b:dspstore| 5.394e-04|        10000| 5.394e-08| 2.518e-07
       0.Info>>    sd:c:b:scatter| 6.423e-01|        10000| 6.423e-05| 9.130e-05
       0.Info>>        sd:c:block| 6.450e-01|          100| 6.450e-03| 4.605e-03
       0.Info>>         sd:c:init| 2.266e-01|          100| 2.266e-03| 3.545e-03
       0.Info>>       sd:c:reduce| 1.500e-06|          100| 1.500e-08| 6.313e-08
       0.Info>>         sd:c:wait| 2.341e-06|          100| 2.341e-08| 7.047e-08
       0.Info>>        sd:compute| 8.716e-01|          100| 8.716e-03| 6.529e-03
       0.Info>>         sd:runner| 8.717e-01|            8| 1.090e-01| 0.000e+00
       0.Info>>          sd:stage| 2.979e-03|            8| 3.723e-04| 0.000e+00
       0.Info>> sd:worker:scatter| 6.367e-01|        10000| 6.367e-05| 8.788e-05
       0.Info>>    sd:worker:wait| 2.335e-01|        10000| 2.335e-05| 1.879e-03
       0.Info>>          sd:write| 1.451e-05|          100| 1.451e-07| 9.121e-07
       0.Info>>           st:fill| 1.813e-04|            8| 2.266e-05| 0.000e+00
       0.Info>>          st:first| 3.478e-04|            1| 3.478e-04| 0.000e+00
       0.Info>>           st:load| 3.417e-04|            1| 3.417e-04| 0.000e+00
       0.Info>>           st:wait| 2.438e-03|            8| 3.048e-04| 0.000e+00
       0.Info>>-----------------------------------------------------------------
       0.Info>>-----------------------------------------------------------------
       0.Info>> watermarks:                                                     
       0.Info>>-----------------------------------------------------------------
       0.Info>>          measure |      min |      max                          
       0.Info>>-----------------------------------------------------------------
       0.Info>>   sd:c:b:dspstore| 3.001e-08| 1.095e-06                         
       0.Info>>    sd:c:b:scatter| 2.270e-05| 1.907e-04                         
       0.Info>>        sd:c:block| 2.382e-03| 8.443e-03                         
       0.Info>>         sd:c:init| 1.723e-03| 3.328e-03                         
       0.Info>>       sd:c:reduce| 0.000e+00| 3.001e-08                         
       0.Info>>         sd:c:wait| 1.500e-08| 6.002e-08                         
       0.Info>>        sd:compute| 4.128e-03| 1.114e-02                         
       0.Info>>         sd:runner| 9.126e-02| 1.178e-01                         
       0.Info>>          sd:stage| 3.701e-04| 3.732e-04                         
       0.Info>> sd:worker:scatter| 2.234e-05| 1.602e-04                         
       0.Info>>    sd:worker:wait| 3.001e-08| 3.329e-03                         
       0.Info>>          sd:write| 7.502e-08| 7.202e-07                         
       0.Info>>           st:fill| 2.039e-05| 2.353e-05                         
       0.Info>>          st:first| 3.478e-04| 3.478e-04                         
       0.Info>>           st:load| 3.417e-04| 3.417e-04                         
       0.Info>>           st:wait| 1.350e-07| 3.484e-04                         
       0.Info>>-----------------------------------------------------------------
       0.Info>>Total runtime (s): 8.3309920000000002                            
       0.Info>>Successfully finished... Have a nice day!                        
