       0.Info>>This software is being developed by Benjamin Lindner.                    
       0.Info>>For help, suggestions or correspondense use:                             
       0.Info>>ben@benlabs.net, Benjamin Lindner (Main Developer, Impl. & Maintenance)  
       0.Info>>franc@cmm.ki.si, Franci Merzel (Methodology)                             
       0.Info>>For publications include the following references:                       
       0.Info>>.........................................................................
       0.Info>>1. Sassena - X-ray and Neutron Scattering Calculated                     
       0.Info>>  from Molecular Dynamics Trajectories using Massively Parallel Computers
       0.Info>>  published as a Computer Program in Physics Paper                       
       0.Info>>.........................................................................
       0.Info>>Version Information: 1.4.2                                       
       0.Info>>                                                                 
       0.Info>>.................................................................
       0.Info>>......................D.E.S.C.R.I.P.T.I.O.N......................
       0.Info>>.................................................................
       0.Info>>This binary computes the scattering intensities directly from    
       0.Info>>a molecular dynamics trajectory.                                 
       0.Info>>.................................................................
       0.Info>>.................................................................
       0.Info>>...................I.N.I.T.I.A.L.I.Z.A.T.I.O.N...................
       0.Info>>.................................................................
       0.Info>>No configuration file specified. Will use default                
       0.Info>>Looking for configuration file: scatter.xml                      
       0.Info>>Reading parameters from XML file: scatter.xml                    
       0.Info>>Added frames from /home/amajumda/study/continuum_simulations/gitlab/continuum-to-scattering/data/100_100_100_10_10_10/single_atom_shrink/iteration_003/t010/pdb_dcd/sample.dcd using format: dcd
       0.Info>>Options: first=0, last=0, lastset=0, stride=1                    
       0.Info>>stager.target=system                                             
       0.Info>>scattering.type=all                                              
       0.Info>>scattering.dsp.type=square                                       
       0.Info>>scattering.average.orientation.type=vectors                      
       0.Info>>scattering.average.orientation.vectors.type=sphere               
       0.Info>>scattering.average.orientation.vectors.algorithm=boost_uniform_on_sphere
       0.Info>>scattering.average.orientation.vectors.resolution=100            
       0.Info>>Generating orientations for orientational averaging using sphere,boost_uniform_on_sphere
       0.Info>>Initialized orientational averaging with 100 vectors.            
       0.Info>>scattering.signal.file=signal.h5                                 
       0.Info>>scattering.signal.filepath=/home/amajumda/study/continuum_simulations/gitlab/continuum-to-scattering/data/100_100_100_10_10_10/single_atom_shrink/iteration_003/t010/signal.h5
       0.Info>>scattering.signal.fqt=1                                          
       0.Info>>scattering.signal.fq0=1                                          
       0.Info>>scattering.signal.fq=1                                           
       0.Info>>scattering.signal.fq2=1                                          
       0.Info>>Analyzing command line for parameter overwrites                  
       0.Info>>Reading database from file: /home/amajumda/study/continuum_simulations/gitlab/continuum-to-scattering/data/100_100_100_10_10_10/single_atom_shrink/iteration_003/t010/database/db-neutron-coherent.xml
       0.Info>>Checking database...                                             
       0.Info>>Testing mapping between PDB names and atom labels                
       0.Info>>Testing database completeness for referenced atom labels         
       0.Info>>Check succeeded. Database seems OK.                              
       0.Info>>Initializing sample...                                           
       0.Info>>Reading structure from file: /home/amajumda/study/continuum_simulations/gitlab/continuum-to-scattering/data/100_100_100_10_10_10/single_atom_shrink/iteration_003/t010/pdb_dcd/sample.pdb
       0.Info>>Done. Atoms read: 1000                                           
       0.Info>>Reading frames from: /home/amajumda/study/continuum_simulations/gitlab/continuum-to-scattering/data/100_100_100_10_10_10/single_atom_shrink/iteration_003/t010/pdb_dcd/sample.dcd
       0.Info>>Found 1 frames                                                   
       0.Info>>Total number of coordinate sets found: 1                         
       0.Info>>Exchanging sample, database & params information with compute nodes... 
       0.Info>>params...                                                        
       0.Info>>database...                                                      
       0.Info>>sample...                                                        
       0.Info>>.................................................................
       0.Info>>......................C.O.M.P.U.T.A.T.I.O.N......................
       0.Info>>.................................................................
       0.Info>>Setting up services...                                           
       0.Info>>Initializing data file service...                                
       0.Info>>Initializing monitor service...                                  
       0.Info>>Starting data file service...                                    
       0.Info>>Starting monitor service...                                      
       0.Info>>Services setup and running...                                    
       0.Info>>Checking /home/amajumda/study/continuum_simulations/gitlab/continuum-to-scattering/data/100_100_100_10_10_10/single_atom_shrink/iteration_003/t010/signal.h5 for old results.
       0.Info>>Broadcasting service information                                 
       0.Info>>Server host name    : hzglap02                                   
       0.Info>>FileService Port    : 45487                                      
       0.Info>>MonitorService Port : 34725                                      
       0.Info>>Setting up parallel environment...                               
       0.Info>>Searching for decomposition plan:                                
       0.Info>>nodes    = 8                                                     
       0.Info>>qvectors = 100                                                   
       0.Info>>frames   = 1                                                     
       0.Info>>atoms   = 1000                                                   
       0.Info>>All interference scattering detected. Applying frame decomposition.
       0.Info>>Automatic decomposition. Searching for best utilization.         
       0.Info>>Final decomposition parameters:                                  
       0.Info>>NN                : 8                                            
       0.Info>>NQ                : 100                                          
       0.Info>>NAF               : 1                                            
       0.Info>>NP                : 8                                            
       0.Info>>NNpP              : 1                                            
       0.Info>>NAFcycles         : 1                                            
       0.Info>>NQcycles          : 13                                           
       0.Info>>CompEl (WASTE/USE): 4/100                                        
       0.Info>>utilization(1=best)    : 0.96153846153846156                     
       0.Info>>Initializing Scatter Device, Vectors (all)                       
       0.Info>>Starting scattering...                                           
       0.Info>>Checking memory requirements for scattering calculation...       
       0.Info>>required limits.computation.memory.result_buffer=16              
       0.Info>>required limits.computation.memory.signal_buffer=16              
       0.Info>>required limits.computation.memory.exchange_buffer=0             
       0.Info>>required limits.computation.memory.alignpad_buffer=32            
       0.Info>>Memory limits ok                                                 
       0.Info>>Staging data...                                                  
       0.Info>>Forcing stager.mode=frames                                       
       0.Info>>Staging first partition.                                         
       0.Info>>Staging remaining partitions.                                    
       0.Info>>background scattering length set to 0                            
       0.Info>>Target initialized.                                              
       0.Info>>Target 'system' produces a background scattering length density of 0.012732395447351837
       0.Info>>Starting computation...                                          
       0.Info>>Orientational averaging includes 100 vectors                     
       0.Info>>Setting progress sampling factor for monitoring to 1             
       0.Info>>Scattering finished...                                           
       0.Info>>.................................................................
       0.Info>>.....................R.U.N...A.N.A.L.Y.S.I.S.....................
       0.Info>>.................................................................
       0.Info>>Aggregating timing information for performance analysis...       
       0.Info>>                                                                 
       0.Info>>                    Performance Analysis                         
       0.Info>>-----------------------------------------------------------------
       0.Info>> mean and total runtimes:                                        
       0.Info>>-----------------------------------------------------------------
       0.Info>>          measure |    total |       count |     mean |   stddev 
       0.Info>>-----------------------------------------------------------------
       0.Info>>   sd:c:b:dspstore| 2.607e-02|        10000| 2.607e-06| 1.629e-06
       0.Info>>    sd:c:b:scatter| 6.040e-01|        10000| 6.040e-05| 1.191e-05
       0.Info>>        sd:c:block| 7.305e-01|          100| 7.305e-03| 4.663e-04
       0.Info>>         sd:c:init| 1.361e-01|          100| 1.361e-03| 2.969e-04
       0.Info>>       sd:c:reduce| 1.000e-04|          100| 1.000e-06| 6.815e-07
       0.Info>>         sd:c:wait| 1.390e-04|          100| 1.390e-06| 5.969e-07
       0.Info>>        sd:compute| 8.687e-01|          100| 8.687e-03| 5.798e-04
       0.Info>>         sd:runner| 8.712e-01|            8| 1.089e-01| 0.000e+00
       0.Info>>          sd:stage| 3.625e-03|            8| 4.531e-04| 0.000e+00
       0.Info>> sd:worker:scatter| 4.262e-01|        10000| 4.262e-05| 7.685e-06
       0.Info>>    sd:worker:wait| 3.713e-01|        10000| 3.713e-05| 1.428e-04
       0.Info>>          sd:write| 7.710e-04|          100| 7.710e-06| 5.832e-06
       0.Info>>           st:fill| 7.320e-04|            8| 9.150e-05| 0.000e+00
       0.Info>>          st:first| 2.740e-04|            1| 2.740e-04| 0.000e+00
       0.Info>>           st:load| 2.510e-04|            1| 2.510e-04| 0.000e+00
       0.Info>>           st:wait| 2.053e-03|            8| 2.566e-04| 0.000e+00
       0.Info>>-----------------------------------------------------------------
       0.Info>>-----------------------------------------------------------------
       0.Info>> watermarks:                                                     
       0.Info>>-----------------------------------------------------------------
       0.Info>>          measure |      min |      max                          
       0.Info>>-----------------------------------------------------------------
       0.Info>>   sd:c:b:dspstore| 1.000e-06| 6.100e-05                         
       0.Info>>    sd:c:b:scatter| 2.400e-05| 3.830e-04                         
       0.Info>>        sd:c:block| 4.826e-03| 8.471e-03                         
       0.Info>>         sd:c:init| 9.130e-04| 1.989e-03                         
       0.Info>>       sd:c:reduce| 0.000e+00| 5.000e-06                         
       0.Info>>         sd:c:wait| 0.000e+00| 3.000e-06                         
       0.Info>>        sd:compute| 5.848e-03| 1.044e-02                         
       0.Info>>         sd:runner| 9.685e-02| 1.160e-01                         
       0.Info>>          sd:stage| 4.500e-04| 4.590e-04                         
       0.Info>> sd:worker:scatter| 1.200e-05| 3.430e-04                         
       0.Info>>    sd:worker:wait| 1.200e-05| 2.046e-03                         
       0.Info>>          sd:write| 4.000e-06| 3.400e-05                         
       0.Info>>           st:fill| 8.400e-05| 9.500e-05                         
       0.Info>>          st:first| 2.740e-04| 2.740e-04                         
       0.Info>>           st:load| 2.510e-04| 2.510e-04                         
       0.Info>>           st:wait| 4.000e-06| 2.940e-04                         
       0.Info>>-----------------------------------------------------------------
       0.Info>>                                                                 
       0.Info>>         Performance Analysis (relative to total time * nodes)   
       0.Info>>-----------------------------------------------------------------
       0.Info>> mean and total runtimes:                                        
       0.Info>>-----------------------------------------------------------------
       0.Info>>          measure |    total |       count |     mean |   stddev 
       0.Info>>-----------------------------------------------------------------
       0.Info>>   sd:c:b:dspstore| 2.069e-02|        10000| 2.069e-06| 1.451e-06
       0.Info>>    sd:c:b:scatter| 4.792e-01|        10000| 4.792e-05| 1.061e-05
       0.Info>>        sd:c:block| 5.796e-01|          100| 5.796e-03| 4.153e-04
       0.Info>>         sd:c:init| 1.080e-01|          100| 1.080e-03| 2.645e-04
       0.Info>>       sd:c:reduce| 7.934e-05|          100| 7.934e-07| 6.071e-07
       0.Info>>         sd:c:wait| 1.103e-04|          100| 1.103e-06| 5.317e-07
       0.Info>>        sd:compute| 6.892e-01|          100| 6.892e-03| 5.164e-04
       0.Info>>         sd:runner| 6.912e-01|            8| 8.640e-02| 0.000e+00
       0.Info>>          sd:stage| 2.876e-03|            8| 3.595e-04| 0.000e+00
       0.Info>> sd:worker:scatter| 3.382e-01|        10000| 3.382e-05| 6.846e-06
       0.Info>>    sd:worker:wait| 2.946e-01|        10000| 2.946e-05| 1.272e-04
       0.Info>>          sd:write| 6.117e-04|          100| 6.117e-06| 5.195e-06
       0.Info>>           st:fill| 5.808e-04|            8| 7.260e-05| 0.000e+00
       0.Info>>          st:first| 2.174e-04|            1| 2.174e-04| 0.000e+00
       0.Info>>           st:load| 1.991e-04|            1| 1.991e-04| 0.000e+00
       0.Info>>           st:wait| 1.629e-03|            8| 2.036e-04| 0.000e+00
       0.Info>>-----------------------------------------------------------------
       0.Info>>-----------------------------------------------------------------
       0.Info>> watermarks:                                                     
       0.Info>>-----------------------------------------------------------------
       0.Info>>          measure |      min |      max                          
       0.Info>>-----------------------------------------------------------------
       0.Info>>   sd:c:b:dspstore| 7.934e-07| 4.840e-05                         
       0.Info>>    sd:c:b:scatter| 1.904e-05| 3.039e-04                         
       0.Info>>        sd:c:block| 3.829e-03| 6.721e-03                         
       0.Info>>         sd:c:init| 7.244e-04| 1.578e-03                         
       0.Info>>       sd:c:reduce| 0.000e+00| 3.967e-06                         
       0.Info>>         sd:c:wait| 0.000e+00| 2.380e-06                         
       0.Info>>        sd:compute| 4.640e-03| 8.284e-03                         
       0.Info>>         sd:runner| 7.684e-02| 9.200e-02                         
       0.Info>>          sd:stage| 3.570e-04| 3.642e-04                         
       0.Info>> sd:worker:scatter| 9.521e-06| 2.721e-04                         
       0.Info>>    sd:worker:wait| 9.521e-06| 1.623e-03                         
       0.Info>>          sd:write| 3.174e-06| 2.698e-05                         
       0.Info>>           st:fill| 6.665e-05| 7.537e-05                         
       0.Info>>          st:first| 2.174e-04| 2.174e-04                         
       0.Info>>           st:load| 1.991e-04| 1.991e-04                         
       0.Info>>           st:wait| 3.174e-06| 2.333e-04                         
       0.Info>>-----------------------------------------------------------------
       0.Info>>Total runtime (s): 0.15754699999999999                           
       0.Info>>Successfully finished... Have a nice day!                        
