       0.Info>>This software is being developed by Benjamin Lindner.                    
       0.Info>>For help, suggestions or correspondense use:                             
       0.Info>>ben@benlabs.net, Benjamin Lindner (Main Developer, Impl. & Maintenance)  
       0.Info>>franc@cmm.ki.si, Franci Merzel (Methodology)                             
       0.Info>>For publications include the following references:                       
       0.Info>>.........................................................................
       0.Info>>1. Sassena - X-ray and Neutron Scattering Calculated                     
       0.Info>>  from Molecular Dynamics Trajectories using Massively Parallel Computers
       0.Info>>  published as a Computer Program in Physics Paper                       
       0.Info>>.........................................................................
       0.Info>>Version Information: 1.4.2                                       
       0.Info>>                                                                 
       0.Info>>.................................................................
       0.Info>>......................D.E.S.C.R.I.P.T.I.O.N......................
       0.Info>>.................................................................
       0.Info>>This binary computes the scattering intensities directly from    
       0.Info>>a molecular dynamics trajectory.                                 
       0.Info>>.................................................................
       0.Info>>.................................................................
       0.Info>>...................I.N.I.T.I.A.L.I.Z.A.T.I.O.N...................
       0.Info>>.................................................................
       0.Info>>No configuration file specified. Will use default                
       0.Info>>Looking for configuration file: scatter.xml                      
       0.Info>>Reading parameters from XML file: scatter.xml                    
       0.Info>>Added frames from /home/amajumda/study/continuum_simulations/gitlab/continuum-to-scattering/data/100_100_100_50_50_50/single_atom_shrink/iteration_001/t009/pdb_dcd/sample.dcd using format: dcd
       0.Info>>Options: first=0, last=0, lastset=0, stride=1                    
       0.Info>>stager.target=system                                             
       0.Info>>scattering.type=all                                              
       0.Info>>scattering.dsp.type=square                                       
       0.Info>>scattering.average.orientation.type=vectors                      
       0.Info>>scattering.average.orientation.vectors.type=sphere               
       0.Info>>scattering.average.orientation.vectors.algorithm=boost_uniform_on_sphere
       0.Info>>scattering.average.orientation.vectors.resolution=100            
       0.Info>>Generating orientations for orientational averaging using sphere,boost_uniform_on_sphere
       0.Info>>Initialized orientational averaging with 100 vectors.            
       0.Info>>scattering.signal.file=signal.h5                                 
       0.Info>>scattering.signal.filepath=/home/amajumda/study/continuum_simulations/gitlab/continuum-to-scattering/data/100_100_100_50_50_50/single_atom_shrink/iteration_001/t009/signal.h5
       0.Info>>scattering.signal.fqt=1                                          
       0.Info>>scattering.signal.fq0=1                                          
       0.Info>>scattering.signal.fq=1                                           
       0.Info>>scattering.signal.fq2=1                                          
       0.Info>>Analyzing command line for parameter overwrites                  
       0.Info>>Reading database from file: /home/amajumda/study/continuum_simulations/gitlab/continuum-to-scattering/data/100_100_100_50_50_50/single_atom_shrink/iteration_001/t009/database/db-neutron-coherent.xml
       0.Info>>Checking database...                                             
       0.Info>>Testing mapping between PDB names and atom labels                
       0.Info>>Testing database completeness for referenced atom labels         
       0.Info>>Check succeeded. Database seems OK.                              
       0.Info>>Initializing sample...                                           
       0.Info>>Reading structure from file: /home/amajumda/study/continuum_simulations/gitlab/continuum-to-scattering/data/100_100_100_50_50_50/single_atom_shrink/iteration_001/t009/pdb_dcd/sample.pdb
       0.Info>>Done. Atoms read: 125000                                         
       0.Info>>Reading frames from: /home/amajumda/study/continuum_simulations/gitlab/continuum-to-scattering/data/100_100_100_50_50_50/single_atom_shrink/iteration_001/t009/pdb_dcd/sample.dcd
       0.Info>>Found 1 frames                                                   
       0.Info>>Total number of coordinate sets found: 1                         
       0.Info>>Exchanging sample, database & params information with compute nodes... 
       0.Info>>params...                                                        
       0.Info>>database...                                                      
       0.Info>>sample...                                                        
       0.Info>>.................................................................
       0.Info>>......................C.O.M.P.U.T.A.T.I.O.N......................
       0.Info>>.................................................................
       0.Info>>Setting up services...                                           
       0.Info>>Initializing data file service...                                
       0.Info>>Initializing monitor service...                                  
       0.Info>>Starting data file service...                                    
       0.Info>>Starting monitor service...                                      
       0.Info>>Services setup and running...                                    
       0.Info>>Checking /home/amajumda/study/continuum_simulations/gitlab/continuum-to-scattering/data/100_100_100_50_50_50/single_atom_shrink/iteration_001/t009/signal.h5 for old results.
       0.Info>>Broadcasting service information                                 
       0.Info>>Server host name    : hzglap02                                   
       0.Info>>FileService Port    : 36655                                      
       0.Info>>MonitorService Port : 45209                                      
       0.Info>>Setting up parallel environment...                               
       0.Info>>Searching for decomposition plan:                                
       0.Info>>nodes    = 8                                                     
       0.Info>>qvectors = 100                                                   
       0.Info>>frames   = 1                                                     
       0.Info>>atoms   = 125000                                                 
       0.Info>>All interference scattering detected. Applying frame decomposition.
       0.Info>>Automatic decomposition. Searching for best utilization.         
       0.Info>>Final decomposition parameters:                                  
       0.Info>>NN                : 8                                            
       0.Info>>NQ                : 100                                          
       0.Info>>NAF               : 1                                            
       0.Info>>NP                : 8                                            
       0.Info>>NNpP              : 1                                            
       0.Info>>NAFcycles         : 1                                            
       0.Info>>NQcycles          : 13                                           
       0.Info>>CompEl (WASTE/USE): 4/100                                        
       0.Info>>utilization(1=best)    : 0.96153846153846156                     
       0.Info>>Initializing Scatter Device, Vectors (all)                       
       0.Info>>Starting scattering...                                           
       0.Info>>Checking memory requirements for scattering calculation...       
       0.Info>>required limits.computation.memory.result_buffer=16              
       0.Info>>required limits.computation.memory.signal_buffer=16              
       0.Info>>required limits.computation.memory.exchange_buffer=0             
       0.Info>>required limits.computation.memory.alignpad_buffer=32            
       0.Info>>Memory limits ok                                                 
       0.Info>>Staging data...                                                  
       0.Info>>Forcing stager.mode=frames                                       
       0.Info>>Staging first partition.                                         
       0.Info>>Staging remaining partitions.                                    
       0.Info>>background scattering length set to 0                            
       0.Info>>Target initialized.                                              
       0.Info>>Target 'system' produces a background scattering length density of 0.000270755238014856
       0.Info>>Starting computation...                                          
       0.Info>>Orientational averaging includes 100 vectors                     
       0.Info>>Setting progress sampling factor for monitoring to 1             
       0.Info>>Progress: 2.260%, ETOTAL: 60.369710599078346 s, ETA: 59.005103599078346 s
       0.Info>>Progress: 4.396%, ETOTAL: 31.058866350710904 s, ETA: 29.693570350710903 s
       0.Info>>Progress: 6.530%, ETOTAL: 21.160582674846623 s, ETA: 19.778701674846623 s
       0.Info>>Progress: 10.925%, ETOTAL: 12.708986122927973 s, ETA: 11.320570122927974 s
       0.Info>>Progress: 21.955%, ETOTAL: 15.226351532846714 s, ETA: 11.883386532846714 s
       0.Info>>Progress: 33.205%, ETOTAL: 10.099936911196913 s, ETA: 6.7462399111969127 s
       0.Info>>Progress: 43.205%, ETOTAL: 7.8579167359050448 s, ETA: 4.4628937359050447 s
       0.Info>>Progress: 50.080%, ETOTAL: 10.665907199999999 s, ETA: 5.3244071999999996 s
       0.Info>>Progress: 60.080%, ETOTAL: 8.9029520405441431 s, ETA: 3.5540470405441429 s
       0.Info>>Progress: 72.830%, ETOTAL: 7.4684668749724965 s, ETA: 2.0291728749724953 s
       0.Info>>Progress: 82.205%, ETOTAL: 8.9764217404865878 s, ETA: 1.5973427404865861 s
       0.Info>>Scattering finished...                                           
       0.Info>>.................................................................
       0.Info>>.....................R.U.N...A.N.A.L.Y.S.I.S.....................
       0.Info>>.................................................................
       0.Info>>Aggregating timing information for performance analysis...       
       0.Info>>                                                                 
       0.Info>>                    Performance Analysis                         
       0.Info>>-----------------------------------------------------------------
       0.Info>> mean and total runtimes:                                        
       0.Info>>-----------------------------------------------------------------
       0.Info>>          measure |    total |       count |     mean |   stddev 
       0.Info>>-----------------------------------------------------------------
       0.Info>>   sd:c:b:dspstore| 3.684e-02|        10000| 3.684e-06| 2.030e-06
       0.Info>>    sd:c:b:scatter| 4.404e+01|        10000| 4.404e-03| 8.573e-04
       0.Info>>        sd:c:block| 4.421e+01|          100| 4.421e-01| 3.602e-02
       0.Info>>         sd:c:init| 1.466e+01|          100| 1.466e-01| 2.917e-02
       0.Info>>       sd:c:reduce| 1.120e-04|          100| 1.120e-06| 7.304e-07
       0.Info>>         sd:c:wait| 1.630e-04|          100| 1.630e-06| 5.780e-07
       0.Info>>        sd:compute| 5.888e+01|          100| 5.888e-01| 5.057e-02
       0.Info>>         sd:runner| 5.888e+01|            8| 7.361e+00| 0.000e+00
       0.Info>>          sd:stage| 1.953e-01|            8| 2.441e-02| 0.000e+00
       0.Info>> sd:worker:scatter| 4.363e+01|        10000| 4.363e-03| 8.226e-04
       0.Info>>    sd:worker:wait| 1.515e+01|        10000| 1.515e-03| 1.490e-02
       0.Info>>          sd:write| 1.036e-03|          100| 1.036e-05| 7.976e-06
       0.Info>>           st:fill| 1.103e-02|            8| 1.379e-03| 0.000e+00
       0.Info>>          st:first| 2.290e-02|            1| 2.290e-02| 0.000e+00
       0.Info>>           st:load| 2.254e-02|            1| 2.254e-02| 0.000e+00
       0.Info>>           st:wait| 1.605e-01|            8| 2.007e-02| 0.000e+00
       0.Info>>-----------------------------------------------------------------
       0.Info>>-----------------------------------------------------------------
       0.Info>> watermarks:                                                     
       0.Info>>-----------------------------------------------------------------
       0.Info>>          measure |      min |      max                          
       0.Info>>-----------------------------------------------------------------
       0.Info>>   sd:c:b:dspstore| 2.000e-06| 7.300e-05                         
       0.Info>>    sd:c:b:scatter| 1.492e-03| 1.973e-02                         
       0.Info>>        sd:c:block| 1.769e-01| 5.189e-01                         
       0.Info>>         sd:c:init| 1.155e-01| 2.136e-01                         
       0.Info>>       sd:c:reduce| 0.000e+00| 5.000e-06                         
       0.Info>>         sd:c:wait| 1.000e-06| 3.000e-06                         
       0.Info>>        sd:compute| 2.931e-01| 7.289e-01                         
       0.Info>>         sd:runner| 6.405e+00| 7.790e+00                         
       0.Info>>          sd:stage| 2.440e-02| 2.442e-02                         
       0.Info>> sd:worker:scatter| 1.474e-03| 1.034e-02                         
       0.Info>>    sd:worker:wait| 1.000e-06| 2.137e-01                         
       0.Info>>          sd:write| 5.000e-06| 4.800e-05                         
       0.Info>>           st:fill| 1.369e-03| 1.395e-03                         
       0.Info>>          st:first| 2.290e-02| 2.290e-02                         
       0.Info>>           st:load| 2.254e-02| 2.254e-02                         
       0.Info>>           st:wait| 1.000e-05| 2.294e-02                         
       0.Info>>-----------------------------------------------------------------
       0.Info>>                                                                 
       0.Info>>         Performance Analysis (relative to total time * nodes)   
       0.Info>>-----------------------------------------------------------------
       0.Info>> mean and total runtimes:                                        
       0.Info>>-----------------------------------------------------------------
       0.Info>>          measure |    total |       count |     mean |   stddev 
       0.Info>>-----------------------------------------------------------------
       0.Info>>   sd:c:b:dspstore| 5.530e-04|        10000| 5.530e-08| 2.488e-07
       0.Info>>    sd:c:b:scatter| 6.611e-01|        10000| 6.611e-05| 1.050e-04
       0.Info>>        sd:c:block| 6.638e-01|          100| 6.638e-03| 4.414e-03
       0.Info>>         sd:c:init| 2.201e-01|          100| 2.201e-03| 3.574e-03
       0.Info>>       sd:c:reduce| 1.681e-06|          100| 1.681e-08| 8.950e-08
       0.Info>>         sd:c:wait| 2.447e-06|          100| 2.447e-08| 7.082e-08
       0.Info>>        sd:compute| 8.839e-01|          100| 8.839e-03| 6.196e-03
       0.Info>>         sd:runner| 8.840e-01|            8| 1.105e-01| 0.000e+00
       0.Info>>          sd:stage| 2.931e-03|            8| 3.664e-04| 0.000e+00
       0.Info>> sd:worker:scatter| 6.550e-01|        10000| 6.550e-05| 1.008e-04
       0.Info>>    sd:worker:wait| 2.275e-01|        10000| 2.275e-05| 1.826e-03
       0.Info>>          sd:write| 1.555e-05|          100| 1.555e-07| 9.773e-07
       0.Info>>           st:fill| 1.656e-04|            8| 2.070e-05| 0.000e+00
       0.Info>>          st:first| 3.437e-04|            1| 3.437e-04| 0.000e+00
       0.Info>>           st:load| 3.383e-04|            1| 3.383e-04| 0.000e+00
       0.Info>>           st:wait| 2.410e-03|            8| 3.012e-04| 0.000e+00
       0.Info>>-----------------------------------------------------------------
       0.Info>>-----------------------------------------------------------------
       0.Info>> watermarks:                                                     
       0.Info>>-----------------------------------------------------------------
       0.Info>>          measure |      min |      max                          
       0.Info>>-----------------------------------------------------------------
       0.Info>>   sd:c:b:dspstore| 3.002e-08| 1.096e-06                         
       0.Info>>    sd:c:b:scatter| 2.240e-05| 2.962e-04                         
       0.Info>>        sd:c:block| 2.656e-03| 7.790e-03                         
       0.Info>>         sd:c:init| 1.733e-03| 3.206e-03                         
       0.Info>>       sd:c:reduce| 0.000e+00| 7.506e-08                         
       0.Info>>         sd:c:wait| 1.501e-08| 4.504e-08                         
       0.Info>>        sd:compute| 4.400e-03| 1.094e-02                         
       0.Info>>         sd:runner| 9.615e-02| 1.169e-01                         
       0.Info>>          sd:stage| 3.663e-04| 3.667e-04                         
       0.Info>> sd:worker:scatter| 2.213e-05| 1.553e-04                         
       0.Info>>    sd:worker:wait| 1.501e-08| 3.208e-03                         
       0.Info>>          sd:write| 7.506e-08| 7.206e-07                         
       0.Info>>           st:fill| 2.055e-05| 2.094e-05                         
       0.Info>>          st:first| 3.437e-04| 3.437e-04                         
       0.Info>>           st:load| 3.383e-04| 3.383e-04                         
       0.Info>>           st:wait| 1.501e-07| 3.443e-04                         
       0.Info>>-----------------------------------------------------------------
       0.Info>>Total runtime (s): 8.3265829999999994                            
       0.Info>>Successfully finished... Have a nice day!                        
