       0.Info>>This software is being developed by Benjamin Lindner.                    
       0.Info>>For help, suggestions or correspondense use:                             
       0.Info>>ben@benlabs.net, Benjamin Lindner (Main Developer, Impl. & Maintenance)  
       0.Info>>franc@cmm.ki.si, Franci Merzel (Methodology)                             
       0.Info>>For publications include the following references:                       
       0.Info>>.........................................................................
       0.Info>>1. Sassena - X-ray and Neutron Scattering Calculated                     
       0.Info>>  from Molecular Dynamics Trajectories using Massively Parallel Computers
       0.Info>>  published as a Computer Program in Physics Paper                       
       0.Info>>.........................................................................
       0.Info>>Version Information: 1.4.2                                       
       0.Info>>                                                                 
       0.Info>>.................................................................
       0.Info>>......................D.E.S.C.R.I.P.T.I.O.N......................
       0.Info>>.................................................................
       0.Info>>This binary computes the scattering intensities directly from    
       0.Info>>a molecular dynamics trajectory.                                 
       0.Info>>.................................................................
       0.Info>>.................................................................
       0.Info>>...................I.N.I.T.I.A.L.I.Z.A.T.I.O.N...................
       0.Info>>.................................................................
       0.Info>>No configuration file specified. Will use default                
       0.Info>>Looking for configuration file: scatter.xml                      
       0.Info>>Reading parameters from XML file: scatter.xml                    
       0.Info>>Added frames from /home/amajumda/study/continuum_simulations/gitlab/continuum-to-scattering/data/100_100_100_10_10_10/single_atom_shrink/iteration_002/t000/pdb_dcd/sample.dcd using format: dcd
       0.Info>>Options: first=0, last=0, lastset=0, stride=1                    
       0.Info>>stager.target=system                                             
       0.Info>>scattering.type=all                                              
       0.Info>>scattering.dsp.type=square                                       
       0.Info>>scattering.average.orientation.type=vectors                      
       0.Info>>scattering.average.orientation.vectors.type=sphere               
       0.Info>>scattering.average.orientation.vectors.algorithm=boost_uniform_on_sphere
       0.Info>>scattering.average.orientation.vectors.resolution=100            
       0.Info>>Generating orientations for orientational averaging using sphere,boost_uniform_on_sphere
       0.Info>>Initialized orientational averaging with 100 vectors.            
       0.Info>>scattering.signal.file=signal.h5                                 
       0.Info>>scattering.signal.filepath=/home/amajumda/study/continuum_simulations/gitlab/continuum-to-scattering/data/100_100_100_10_10_10/single_atom_shrink/iteration_002/t000/signal.h5
       0.Info>>scattering.signal.fqt=1                                          
       0.Info>>scattering.signal.fq0=1                                          
       0.Info>>scattering.signal.fq=1                                           
       0.Info>>scattering.signal.fq2=1                                          
       0.Info>>Analyzing command line for parameter overwrites                  
       0.Info>>Reading database from file: /home/amajumda/study/continuum_simulations/gitlab/continuum-to-scattering/data/100_100_100_10_10_10/single_atom_shrink/iteration_002/t000/database/db-neutron-coherent.xml
       0.Info>>Checking database...                                             
       0.Info>>Testing mapping between PDB names and atom labels                
       0.Info>>Testing database completeness for referenced atom labels         
       0.Info>>Check succeeded. Database seems OK.                              
       0.Info>>Initializing sample...                                           
       0.Info>>Reading structure from file: /home/amajumda/study/continuum_simulations/gitlab/continuum-to-scattering/data/100_100_100_10_10_10/single_atom_shrink/iteration_002/t000/pdb_dcd/sample.pdb
       0.Info>>Done. Atoms read: 1000                                           
       0.Info>>Reading frames from: /home/amajumda/study/continuum_simulations/gitlab/continuum-to-scattering/data/100_100_100_10_10_10/single_atom_shrink/iteration_002/t000/pdb_dcd/sample.dcd
       0.Info>>Found 1 frames                                                   
       0.Info>>Total number of coordinate sets found: 1                         
       0.Info>>Exchanging sample, database & params information with compute nodes... 
       0.Info>>params...                                                        
       0.Info>>database...                                                      
       0.Info>>sample...                                                        
       0.Info>>.................................................................
       0.Info>>......................C.O.M.P.U.T.A.T.I.O.N......................
       0.Info>>.................................................................
       0.Info>>Setting up services...                                           
       0.Info>>Initializing data file service...                                
       0.Info>>Initializing monitor service...                                  
       0.Info>>Starting data file service...                                    
       0.Info>>Starting monitor service...                                      
       0.Info>>Services setup and running...                                    
       0.Info>>Checking /home/amajumda/study/continuum_simulations/gitlab/continuum-to-scattering/data/100_100_100_10_10_10/single_atom_shrink/iteration_002/t000/signal.h5 for old results.
       0.Info>>Broadcasting service information                                 
       0.Info>>Server host name    : hzglap02                                   
       0.Info>>FileService Port    : 34851                                      
       0.Info>>MonitorService Port : 37499                                      
       0.Info>>Setting up parallel environment...                               
       0.Info>>Searching for decomposition plan:                                
       0.Info>>nodes    = 8                                                     
       0.Info>>qvectors = 100                                                   
       0.Info>>frames   = 1                                                     
       0.Info>>atoms   = 1000                                                   
       0.Info>>All interference scattering detected. Applying frame decomposition.
       0.Info>>Automatic decomposition. Searching for best utilization.         
       0.Info>>Final decomposition parameters:                                  
       0.Info>>NN                : 8                                            
       0.Info>>NQ                : 100                                          
       0.Info>>NAF               : 1                                            
       0.Info>>NP                : 8                                            
       0.Info>>NNpP              : 1                                            
       0.Info>>NAFcycles         : 1                                            
       0.Info>>NQcycles          : 13                                           
       0.Info>>CompEl (WASTE/USE): 4/100                                        
       0.Info>>utilization(1=best)    : 0.96153846153846156                     
       0.Info>>Initializing Scatter Device, Vectors (all)                       
       0.Info>>Starting scattering...                                           
       0.Info>>Checking memory requirements for scattering calculation...       
       0.Info>>required limits.computation.memory.result_buffer=16              
       0.Info>>required limits.computation.memory.signal_buffer=16              
       0.Info>>required limits.computation.memory.exchange_buffer=0             
       0.Info>>required limits.computation.memory.alignpad_buffer=32            
       0.Info>>Memory limits ok                                                 
       0.Info>>Staging data...                                                  
       0.Info>>Forcing stager.mode=frames                                       
       0.Info>>Staging first partition.                                         
       0.Info>>Staging remaining partitions.                                    
       0.Info>>background scattering length set to 0                            
       0.Info>>Target initialized.                                              
       0.Info>>Target 'system' produces a background scattering length density of 0.33783289253640164
       0.Info>>Starting computation...                                          
       0.Info>>Orientational averaging includes 100 vectors                     
       0.Info>>Setting progress sampling factor for monitoring to 1             
       0.Info>>Scattering finished...                                           
       0.Info>>.................................................................
       0.Info>>.....................R.U.N...A.N.A.L.Y.S.I.S.....................
       0.Info>>.................................................................
       0.Info>>Aggregating timing information for performance analysis...       
       0.Info>>                                                                 
       0.Info>>                    Performance Analysis                         
       0.Info>>-----------------------------------------------------------------
       0.Info>> mean and total runtimes:                                        
       0.Info>>-----------------------------------------------------------------
       0.Info>>          measure |    total |       count |     mean |   stddev 
       0.Info>>-----------------------------------------------------------------
       0.Info>>   sd:c:b:dspstore| 2.640e-02|        10000| 2.640e-06| 1.707e-06
       0.Info>>    sd:c:b:scatter| 6.087e-01|        10000| 6.087e-05| 1.196e-05
       0.Info>>        sd:c:block| 7.369e-01|          100| 7.369e-03| 4.917e-04
       0.Info>>         sd:c:init| 1.400e-01|          100| 1.400e-03| 2.869e-04
       0.Info>>       sd:c:reduce| 1.020e-04|          100| 1.020e-06| 4.626e-07
       0.Info>>         sd:c:wait| 1.390e-04|          100| 1.390e-06| 1.119e-06
       0.Info>>        sd:compute| 8.791e-01|          100| 8.791e-03| 5.631e-04
       0.Info>>         sd:runner| 8.827e-01|            8| 1.103e-01| 0.000e+00
       0.Info>>          sd:stage| 3.964e-03|            8| 4.955e-04| 0.000e+00
       0.Info>> sd:worker:scatter| 4.284e-01|        10000| 4.284e-05| 7.440e-06
       0.Info>>    sd:worker:wait| 3.780e-01|        10000| 3.780e-05| 1.467e-04
       0.Info>>          sd:write| 7.570e-04|          100| 7.570e-06| 5.363e-06
       0.Info>>           st:fill| 6.970e-04|            8| 8.713e-05| 0.000e+00
       0.Info>>          st:first| 3.060e-04|            1| 3.060e-04| 0.000e+00
       0.Info>>           st:load| 2.770e-04|            1| 2.770e-04| 0.000e+00
       0.Info>>           st:wait| 2.338e-03|            8| 2.923e-04| 0.000e+00
       0.Info>>-----------------------------------------------------------------
       0.Info>>-----------------------------------------------------------------
       0.Info>> watermarks:                                                     
       0.Info>>-----------------------------------------------------------------
       0.Info>>          measure |      min |      max                          
       0.Info>>-----------------------------------------------------------------
       0.Info>>   sd:c:b:dspstore| 1.000e-06| 6.200e-05                         
       0.Info>>    sd:c:b:scatter| 2.400e-05| 3.600e-04                         
       0.Info>>        sd:c:block| 5.282e-03| 8.781e-03                         
       0.Info>>         sd:c:init| 9.460e-04| 2.055e-03                         
       0.Info>>       sd:c:reduce| 0.000e+00| 2.000e-06                         
       0.Info>>         sd:c:wait| 0.000e+00| 1.000e-05                         
       0.Info>>        sd:compute| 7.196e-03| 1.073e-02                         
       0.Info>>         sd:runner| 1.015e-01| 1.164e-01                         
       0.Info>>          sd:stage| 4.910e-04| 4.980e-04                         
       0.Info>> sd:worker:scatter| 1.200e-05| 3.410e-04                         
       0.Info>>    sd:worker:wait| 1.200e-05| 2.194e-03                         
       0.Info>>          sd:write| 4.000e-06| 3.200e-05                         
       0.Info>>           st:fill| 8.000e-05| 9.000e-05                         
       0.Info>>          st:first| 3.060e-04| 3.060e-04                         
       0.Info>>           st:load| 2.770e-04| 2.770e-04                         
       0.Info>>           st:wait| 4.000e-06| 3.350e-04                         
       0.Info>>-----------------------------------------------------------------
       0.Info>>                                                                 
       0.Info>>         Performance Analysis (relative to total time * nodes)   
       0.Info>>-----------------------------------------------------------------
       0.Info>> mean and total runtimes:                                        
       0.Info>>-----------------------------------------------------------------
       0.Info>>          measure |    total |       count |     mean |   stddev 
       0.Info>>-----------------------------------------------------------------
       0.Info>>   sd:c:b:dspstore| 2.022e-02|        10000| 2.022e-06| 1.494e-06
       0.Info>>    sd:c:b:scatter| 4.663e-01|        10000| 4.663e-05| 1.047e-05
       0.Info>>        sd:c:block| 5.645e-01|          100| 5.645e-03| 4.303e-04
       0.Info>>         sd:c:init| 1.073e-01|          100| 1.073e-03| 2.511e-04
       0.Info>>       sd:c:reduce| 7.814e-05|          100| 7.814e-07| 4.049e-07
       0.Info>>         sd:c:wait| 1.065e-04|          100| 1.065e-06| 9.796e-07
       0.Info>>        sd:compute| 6.734e-01|          100| 6.734e-03| 4.928e-04
       0.Info>>         sd:runner| 6.762e-01|            8| 8.452e-02| 0.000e+00
       0.Info>>          sd:stage| 3.037e-03|            8| 3.796e-04| 0.000e+00
       0.Info>> sd:worker:scatter| 3.282e-01|        10000| 3.282e-05| 6.511e-06
       0.Info>>    sd:worker:wait| 2.896e-01|        10000| 2.896e-05| 1.284e-04
       0.Info>>          sd:write| 5.799e-04|          100| 5.799e-06| 4.694e-06
       0.Info>>           st:fill| 5.339e-04|            8| 6.674e-05| 0.000e+00
       0.Info>>          st:first| 2.344e-04|            1| 2.344e-04| 0.000e+00
       0.Info>>           st:load| 2.122e-04|            1| 2.122e-04| 0.000e+00
       0.Info>>           st:wait| 1.791e-03|            8| 2.239e-04| 0.000e+00
       0.Info>>-----------------------------------------------------------------
       0.Info>>-----------------------------------------------------------------
       0.Info>> watermarks:                                                     
       0.Info>>-----------------------------------------------------------------
       0.Info>>          measure |      min |      max                          
       0.Info>>-----------------------------------------------------------------
       0.Info>>   sd:c:b:dspstore| 7.660e-07| 4.750e-05                         
       0.Info>>    sd:c:b:scatter| 1.839e-05| 2.758e-04                         
       0.Info>>        sd:c:block| 4.046e-03| 6.727e-03                         
       0.Info>>         sd:c:init| 7.247e-04| 1.574e-03                         
       0.Info>>       sd:c:reduce| 0.000e+00| 1.532e-06                         
       0.Info>>         sd:c:wait| 0.000e+00| 7.660e-06                         
       0.Info>>        sd:compute| 5.512e-03| 8.217e-03                         
       0.Info>>         sd:runner| 7.773e-02| 8.915e-02                         
       0.Info>>          sd:stage| 3.761e-04| 3.815e-04                         
       0.Info>> sd:worker:scatter| 9.193e-06| 2.612e-04                         
       0.Info>>    sd:worker:wait| 9.193e-06| 1.681e-03                         
       0.Info>>          sd:write| 3.064e-06| 2.451e-05                         
       0.Info>>           st:fill| 6.128e-05| 6.894e-05                         
       0.Info>>          st:first| 2.344e-04| 2.344e-04                         
       0.Info>>           st:load| 2.122e-04| 2.122e-04                         
       0.Info>>           st:wait| 3.064e-06| 2.566e-04                         
       0.Info>>-----------------------------------------------------------------
       0.Info>>Total runtime (s): 0.16317499999999999                           
       0.Info>>Successfully finished... Have a nice day!                        
