       0.Info>>This software is being developed by Benjamin Lindner.                    
       0.Info>>For help, suggestions or correspondense use:                             
       0.Info>>ben@benlabs.net, Benjamin Lindner (Main Developer, Impl. & Maintenance)  
       0.Info>>franc@cmm.ki.si, Franci Merzel (Methodology)                             
       0.Info>>For publications include the following references:                       
       0.Info>>.........................................................................
       0.Info>>1. Sassena - X-ray and Neutron Scattering Calculated                     
       0.Info>>  from Molecular Dynamics Trajectories using Massively Parallel Computers
       0.Info>>  published as a Computer Program in Physics Paper                       
       0.Info>>.........................................................................
       0.Info>>Version Information: 1.4.2                                       
       0.Info>>                                                                 
       0.Info>>.................................................................
       0.Info>>......................D.E.S.C.R.I.P.T.I.O.N......................
       0.Info>>.................................................................
       0.Info>>This binary computes the scattering intensities directly from    
       0.Info>>a molecular dynamics trajectory.                                 
       0.Info>>.................................................................
       0.Info>>.................................................................
       0.Info>>...................I.N.I.T.I.A.L.I.Z.A.T.I.O.N...................
       0.Info>>.................................................................
       0.Info>>No configuration file specified. Will use default                
       0.Info>>Looking for configuration file: scatter.xml                      
       0.Info>>Reading parameters from XML file: scatter.xml                    
       0.Info>>Added frames from /home/amajumda/study/continuum_simulations/gitlab/continuum-to-scattering/data/100_100_100_10_10_10/single_atom_shrink/iteration_005/t003/pdb_dcd/sample.dcd using format: dcd
       0.Info>>Options: first=0, last=0, lastset=0, stride=1                    
       0.Info>>stager.target=system                                             
       0.Info>>scattering.type=all                                              
       0.Info>>scattering.dsp.type=square                                       
       0.Info>>scattering.average.orientation.type=vectors                      
       0.Info>>scattering.average.orientation.vectors.type=sphere               
       0.Info>>scattering.average.orientation.vectors.algorithm=boost_uniform_on_sphere
       0.Info>>scattering.average.orientation.vectors.resolution=100            
       0.Info>>Generating orientations for orientational averaging using sphere,boost_uniform_on_sphere
       0.Info>>Initialized orientational averaging with 100 vectors.            
       0.Info>>scattering.signal.file=signal.h5                                 
       0.Info>>scattering.signal.filepath=/home/amajumda/study/continuum_simulations/gitlab/continuum-to-scattering/data/100_100_100_10_10_10/single_atom_shrink/iteration_005/t003/signal.h5
       0.Info>>scattering.signal.fqt=1                                          
       0.Info>>scattering.signal.fq0=1                                          
       0.Info>>scattering.signal.fq=1                                           
       0.Info>>scattering.signal.fq2=1                                          
       0.Info>>Analyzing command line for parameter overwrites                  
       0.Info>>Reading database from file: /home/amajumda/study/continuum_simulations/gitlab/continuum-to-scattering/data/100_100_100_10_10_10/single_atom_shrink/iteration_005/t003/database/db-neutron-coherent.xml
       0.Info>>Checking database...                                             
       0.Info>>Testing mapping between PDB names and atom labels                
       0.Info>>Testing database completeness for referenced atom labels         
       0.Info>>Check succeeded. Database seems OK.                              
       0.Info>>Initializing sample...                                           
       0.Info>>Reading structure from file: /home/amajumda/study/continuum_simulations/gitlab/continuum-to-scattering/data/100_100_100_10_10_10/single_atom_shrink/iteration_005/t003/pdb_dcd/sample.pdb
       0.Info>>Done. Atoms read: 1000                                           
       0.Info>>Reading frames from: /home/amajumda/study/continuum_simulations/gitlab/continuum-to-scattering/data/100_100_100_10_10_10/single_atom_shrink/iteration_005/t003/pdb_dcd/sample.dcd
       0.Info>>Found 1 frames                                                   
       0.Info>>Total number of coordinate sets found: 1                         
       0.Info>>Exchanging sample, database & params information with compute nodes... 
       0.Info>>params...                                                        
       0.Info>>database...                                                      
       0.Info>>sample...                                                        
       0.Info>>.................................................................
       0.Info>>......................C.O.M.P.U.T.A.T.I.O.N......................
       0.Info>>.................................................................
       0.Info>>Setting up services...                                           
       0.Info>>Initializing data file service...                                
       0.Info>>Initializing monitor service...                                  
       0.Info>>Starting data file service...                                    
       0.Info>>Starting monitor service...                                      
       0.Info>>Services setup and running...                                    
       0.Info>>Checking /home/amajumda/study/continuum_simulations/gitlab/continuum-to-scattering/data/100_100_100_10_10_10/single_atom_shrink/iteration_005/t003/signal.h5 for old results.
       0.Info>>Broadcasting service information                                 
       0.Info>>Server host name    : hzglap02                                   
       0.Info>>FileService Port    : 34561                                      
       0.Info>>MonitorService Port : 33887                                      
       0.Info>>Setting up parallel environment...                               
       0.Info>>Searching for decomposition plan:                                
       0.Info>>nodes    = 8                                                     
       0.Info>>qvectors = 100                                                   
       0.Info>>frames   = 1                                                     
       0.Info>>atoms   = 1000                                                   
       0.Info>>All interference scattering detected. Applying frame decomposition.
       0.Info>>Automatic decomposition. Searching for best utilization.         
       0.Info>>Final decomposition parameters:                                  
       0.Info>>NN                : 8                                            
       0.Info>>NQ                : 100                                          
       0.Info>>NAF               : 1                                            
       0.Info>>NP                : 8                                            
       0.Info>>NNpP              : 1                                            
       0.Info>>NAFcycles         : 1                                            
       0.Info>>NQcycles          : 13                                           
       0.Info>>CompEl (WASTE/USE): 4/100                                        
       0.Info>>utilization(1=best)    : 0.96153846153846156                     
       0.Info>>Initializing Scatter Device, Vectors (all)                       
       0.Info>>Starting scattering...                                           
       0.Info>>Checking memory requirements for scattering calculation...       
       0.Info>>required limits.computation.memory.result_buffer=16              
       0.Info>>required limits.computation.memory.signal_buffer=16              
       0.Info>>required limits.computation.memory.exchange_buffer=0             
       0.Info>>required limits.computation.memory.alignpad_buffer=32            
       0.Info>>Memory limits ok                                                 
       0.Info>>Staging data...                                                  
       0.Info>>Forcing stager.mode=frames                                       
       0.Info>>Staging first partition.                                         
       0.Info>>Staging remaining partitions.                                    
       0.Info>>background scattering length set to 0                            
       0.Info>>Target initialized.                                              
       0.Info>>Target 'system' produces a background scattering length density of 0.14939343991559464
       0.Info>>Starting computation...                                          
       0.Info>>Orientational averaging includes 100 vectors                     
       0.Info>>Setting progress sampling factor for monitoring to 1             
       0.Info>>Scattering finished...                                           
       0.Info>>.................................................................
       0.Info>>.....................R.U.N...A.N.A.L.Y.S.I.S.....................
       0.Info>>.................................................................
       0.Info>>Aggregating timing information for performance analysis...       
       0.Info>>                                                                 
       0.Info>>                    Performance Analysis                         
       0.Info>>-----------------------------------------------------------------
       0.Info>> mean and total runtimes:                                        
       0.Info>>-----------------------------------------------------------------
       0.Info>>          measure |    total |       count |     mean |   stddev 
       0.Info>>-----------------------------------------------------------------
       0.Info>>   sd:c:b:dspstore| 2.645e-02|        10000| 2.645e-06| 3.319e-06
       0.Info>>    sd:c:b:scatter| 6.083e-01|        10000| 6.083e-05| 1.598e-05
       0.Info>>        sd:c:block| 7.357e-01|          100| 7.357e-03| 4.548e-04
       0.Info>>         sd:c:init| 1.429e-01|          100| 1.429e-03| 3.608e-04
       0.Info>>       sd:c:reduce| 9.400e-05|          100| 9.400e-07| 5.898e-07
       0.Info>>         sd:c:wait| 1.430e-04|          100| 1.430e-06| 5.930e-07
       0.Info>>        sd:compute| 8.807e-01|          100| 8.807e-03| 5.903e-04
       0.Info>>         sd:runner| 8.846e-01|            8| 1.106e-01| 0.000e+00
       0.Info>>          sd:stage| 5.725e-03|            8| 7.156e-04| 0.000e+00
       0.Info>> sd:worker:scatter| 4.261e-01|        10000| 4.261e-05| 6.910e-06
       0.Info>>    sd:worker:wait| 3.822e-01|        10000| 3.822e-05| 1.526e-04
       0.Info>>          sd:write| 7.670e-04|          100| 7.670e-06| 5.596e-06
       0.Info>>           st:fill| 1.571e-03|            8| 1.964e-04| 0.000e+00
       0.Info>>          st:first| 3.690e-04|            1| 3.690e-04| 0.000e+00
       0.Info>>           st:load| 3.390e-04|            1| 3.390e-04| 0.000e+00
       0.Info>>           st:wait| 2.960e-03|            8| 3.700e-04| 0.000e+00
       0.Info>>-----------------------------------------------------------------
       0.Info>>-----------------------------------------------------------------
       0.Info>> watermarks:                                                     
       0.Info>>-----------------------------------------------------------------
       0.Info>>          measure |      min |      max                          
       0.Info>>-----------------------------------------------------------------
       0.Info>>   sd:c:b:dspstore| 1.000e-06| 2.890e-04                         
       0.Info>>    sd:c:b:scatter| 2.600e-05| 7.570e-04                         
       0.Info>>        sd:c:block| 5.373e-03| 8.822e-03                         
       0.Info>>         sd:c:init| 9.400e-04| 2.737e-03                         
       0.Info>>       sd:c:reduce| 0.000e+00| 5.000e-06                         
       0.Info>>         sd:c:wait| 0.000e+00| 3.000e-06                         
       0.Info>>        sd:compute| 7.048e-03| 1.067e-02                         
       0.Info>>         sd:runner| 9.833e-02| 1.176e-01                         
       0.Info>>          sd:stage| 7.110e-04| 7.190e-04                         
       0.Info>> sd:worker:scatter| 1.200e-05| 3.350e-04                         
       0.Info>>    sd:worker:wait| 1.200e-05| 3.067e-03                         
       0.Info>>          sd:write| 4.000e-06| 3.400e-05                         
       0.Info>>           st:fill| 1.850e-04| 1.990e-04                         
       0.Info>>          st:first| 3.690e-04| 3.690e-04                         
       0.Info>>           st:load| 3.390e-04| 3.390e-04                         
       0.Info>>           st:wait| 6.000e-06| 4.300e-04                         
       0.Info>>-----------------------------------------------------------------
       0.Info>>                                                                 
       0.Info>>         Performance Analysis (relative to total time * nodes)   
       0.Info>>-----------------------------------------------------------------
       0.Info>> mean and total runtimes:                                        
       0.Info>>-----------------------------------------------------------------
       0.Info>>          measure |    total |       count |     mean |   stddev 
       0.Info>>-----------------------------------------------------------------
       0.Info>>   sd:c:b:dspstore| 1.979e-02|        10000| 1.979e-06| 2.872e-06
       0.Info>>    sd:c:b:scatter| 4.553e-01|        10000| 4.553e-05| 1.382e-05
       0.Info>>        sd:c:block| 5.506e-01|          100| 5.506e-03| 3.935e-04
       0.Info>>         sd:c:init| 1.069e-01|          100| 1.069e-03| 3.122e-04
       0.Info>>       sd:c:reduce| 7.035e-05|          100| 7.035e-07| 5.103e-07
       0.Info>>         sd:c:wait| 1.070e-04|          100| 1.070e-06| 5.130e-07
       0.Info>>        sd:compute| 6.591e-01|          100| 6.591e-03| 5.106e-04
       0.Info>>         sd:runner| 6.620e-01|            8| 8.275e-02| 0.000e+00
       0.Info>>          sd:stage| 4.285e-03|            8| 5.356e-04| 0.000e+00
       0.Info>> sd:worker:scatter| 3.189e-01|        10000| 3.189e-05| 5.978e-06
       0.Info>>    sd:worker:wait| 2.860e-01|        10000| 2.860e-05| 1.321e-04
       0.Info>>          sd:write| 5.740e-04|          100| 5.740e-06| 4.841e-06
       0.Info>>           st:fill| 1.176e-03|            8| 1.470e-04| 0.000e+00
       0.Info>>          st:first| 2.762e-04|            1| 2.762e-04| 0.000e+00
       0.Info>>           st:load| 2.537e-04|            1| 2.537e-04| 0.000e+00
       0.Info>>           st:wait| 2.215e-03|            8| 2.769e-04| 0.000e+00
       0.Info>>-----------------------------------------------------------------
       0.Info>>-----------------------------------------------------------------
       0.Info>> watermarks:                                                     
       0.Info>>-----------------------------------------------------------------
       0.Info>>          measure |      min |      max                          
       0.Info>>-----------------------------------------------------------------
       0.Info>>   sd:c:b:dspstore| 7.484e-07| 2.163e-04                         
       0.Info>>    sd:c:b:scatter| 1.946e-05| 5.665e-04                         
       0.Info>>        sd:c:block| 4.021e-03| 6.602e-03                         
       0.Info>>         sd:c:init| 7.035e-04| 2.048e-03                         
       0.Info>>       sd:c:reduce| 0.000e+00| 3.742e-06                         
       0.Info>>         sd:c:wait| 0.000e+00| 2.245e-06                         
       0.Info>>        sd:compute| 5.275e-03| 7.987e-03                         
       0.Info>>         sd:runner| 7.359e-02| 8.801e-02                         
       0.Info>>          sd:stage| 5.321e-04| 5.381e-04                         
       0.Info>> sd:worker:scatter| 8.981e-06| 2.507e-04                         
       0.Info>>    sd:worker:wait| 8.981e-06| 2.295e-03                         
       0.Info>>          sd:write| 2.994e-06| 2.545e-05                         
       0.Info>>           st:fill| 1.385e-04| 1.489e-04                         
       0.Info>>          st:first| 2.762e-04| 2.762e-04                         
       0.Info>>           st:load| 2.537e-04| 2.537e-04                         
       0.Info>>           st:wait| 4.490e-06| 3.218e-04                         
       0.Info>>-----------------------------------------------------------------
       0.Info>>Total runtime (s): 0.167021                                      
       0.Info>>Successfully finished... Have a nice day!                        
