       0.Info>>This software is being developed by Benjamin Lindner.                    
       0.Info>>For help, suggestions or correspondense use:                             
       0.Info>>ben@benlabs.net, Benjamin Lindner (Main Developer, Impl. & Maintenance)  
       0.Info>>franc@cmm.ki.si, Franci Merzel (Methodology)                             
       0.Info>>For publications include the following references:                       
       0.Info>>.........................................................................
       0.Info>>1. Sassena - X-ray and Neutron Scattering Calculated                     
       0.Info>>  from Molecular Dynamics Trajectories using Massively Parallel Computers
       0.Info>>  published as a Computer Program in Physics Paper                       
       0.Info>>.........................................................................
       0.Info>>Version Information: 1.4.2                                       
       0.Info>>                                                                 
       0.Info>>.................................................................
       0.Info>>......................D.E.S.C.R.I.P.T.I.O.N......................
       0.Info>>.................................................................
       0.Info>>This binary computes the scattering intensities directly from    
       0.Info>>a molecular dynamics trajectory.                                 
       0.Info>>.................................................................
       0.Info>>.................................................................
       0.Info>>...................I.N.I.T.I.A.L.I.Z.A.T.I.O.N...................
       0.Info>>.................................................................
       0.Info>>No configuration file specified. Will use default                
       0.Info>>Looking for configuration file: scatter.xml                      
       0.Info>>Reading parameters from XML file: scatter.xml                    
       0.Info>>Added frames from /home/amajumda/study/continuum_simulations/gitlab/continuum-to-scattering/data/100_100_100_50_50_50/single_atom_shrink/iteration_003/t004/pdb_dcd/sample.dcd using format: dcd
       0.Info>>Options: first=0, last=0, lastset=0, stride=1                    
       0.Info>>stager.target=system                                             
       0.Info>>scattering.type=all                                              
       0.Info>>scattering.dsp.type=square                                       
       0.Info>>scattering.average.orientation.type=vectors                      
       0.Info>>scattering.average.orientation.vectors.type=sphere               
       0.Info>>scattering.average.orientation.vectors.algorithm=boost_uniform_on_sphere
       0.Info>>scattering.average.orientation.vectors.resolution=100            
       0.Info>>Generating orientations for orientational averaging using sphere,boost_uniform_on_sphere
       0.Info>>Initialized orientational averaging with 100 vectors.            
       0.Info>>scattering.signal.file=signal.h5                                 
       0.Info>>scattering.signal.filepath=/home/amajumda/study/continuum_simulations/gitlab/continuum-to-scattering/data/100_100_100_50_50_50/single_atom_shrink/iteration_003/t004/signal.h5
       0.Info>>scattering.signal.fqt=1                                          
       0.Info>>scattering.signal.fq0=1                                          
       0.Info>>scattering.signal.fq=1                                           
       0.Info>>scattering.signal.fq2=1                                          
       0.Info>>Analyzing command line for parameter overwrites                  
       0.Info>>Reading database from file: /home/amajumda/study/continuum_simulations/gitlab/continuum-to-scattering/data/100_100_100_50_50_50/single_atom_shrink/iteration_003/t004/database/db-neutron-coherent.xml
       0.Info>>Checking database...                                             
       0.Info>>Testing mapping between PDB names and atom labels                
       0.Info>>Testing database completeness for referenced atom labels         
       0.Info>>Check succeeded. Database seems OK.                              
       0.Info>>Initializing sample...                                           
       0.Info>>Reading structure from file: /home/amajumda/study/continuum_simulations/gitlab/continuum-to-scattering/data/100_100_100_50_50_50/single_atom_shrink/iteration_003/t004/pdb_dcd/sample.pdb
       0.Info>>Done. Atoms read: 125000                                         
       0.Info>>Reading frames from: /home/amajumda/study/continuum_simulations/gitlab/continuum-to-scattering/data/100_100_100_50_50_50/single_atom_shrink/iteration_003/t004/pdb_dcd/sample.dcd
       0.Info>>Found 1 frames                                                   
       0.Info>>Total number of coordinate sets found: 1                         
       0.Info>>Exchanging sample, database & params information with compute nodes... 
       0.Info>>params...                                                        
       0.Info>>database...                                                      
       0.Info>>sample...                                                        
       0.Info>>.................................................................
       0.Info>>......................C.O.M.P.U.T.A.T.I.O.N......................
       0.Info>>.................................................................
       0.Info>>Setting up services...                                           
       0.Info>>Initializing data file service...                                
       0.Info>>Initializing monitor service...                                  
       0.Info>>Starting data file service...                                    
       0.Info>>Starting monitor service...                                      
       0.Info>>Services setup and running...                                    
       0.Info>>Checking /home/amajumda/study/continuum_simulations/gitlab/continuum-to-scattering/data/100_100_100_50_50_50/single_atom_shrink/iteration_003/t004/signal.h5 for old results.
       0.Info>>Broadcasting service information                                 
       0.Info>>Server host name    : hzglap02                                   
       0.Info>>FileService Port    : 46541                                      
       0.Info>>MonitorService Port : 45157                                      
       0.Info>>Setting up parallel environment...                               
       0.Info>>Searching for decomposition plan:                                
       0.Info>>nodes    = 8                                                     
       0.Info>>qvectors = 100                                                   
       0.Info>>frames   = 1                                                     
       0.Info>>atoms   = 125000                                                 
       0.Info>>All interference scattering detected. Applying frame decomposition.
       0.Info>>Automatic decomposition. Searching for best utilization.         
       0.Info>>Final decomposition parameters:                                  
       0.Info>>NN                : 8                                            
       0.Info>>NQ                : 100                                          
       0.Info>>NAF               : 1                                            
       0.Info>>NP                : 8                                            
       0.Info>>NNpP              : 1                                            
       0.Info>>NAFcycles         : 1                                            
       0.Info>>NQcycles          : 13                                           
       0.Info>>CompEl (WASTE/USE): 4/100                                        
       0.Info>>utilization(1=best)    : 0.96153846153846156                     
       0.Info>>Initializing Scatter Device, Vectors (all)                       
       0.Info>>Starting scattering...                                           
       0.Info>>Checking memory requirements for scattering calculation...       
       0.Info>>required limits.computation.memory.result_buffer=16              
       0.Info>>required limits.computation.memory.signal_buffer=16              
       0.Info>>required limits.computation.memory.exchange_buffer=0             
       0.Info>>required limits.computation.memory.alignpad_buffer=32            
       0.Info>>Memory limits ok                                                 
       0.Info>>Staging data...                                                  
       0.Info>>Forcing stager.mode=frames                                       
       0.Info>>Staging first partition.                                         
       0.Info>>Staging remaining partitions.                                    
       0.Info>>background scattering length set to 0                            
       0.Info>>Target initialized.                                              
       0.Info>>Target 'system' produces a background scattering length density of 0.001109422847259097
       0.Info>>Starting computation...                                          
       0.Info>>Orientational averaging includes 100 vectors                     
       0.Info>>Setting progress sampling factor for monitoring to 1             
       0.Info>>Progress: 1.625%, ETOTAL: 56.637784615384618 s, ETA: 55.717420615384619 s
       0.Info>>Progress: 3.250%, ETOTAL: 29.120799999999999 s, ETA: 28.174374 s 
       0.Info>>Progress: 4.875%, ETOTAL: 19.475610256410256 s, ETA: 18.526174256410258 s
       0.Info>>Progress: 6.635%, ETOTAL: 14.316990894819467 s, ETA: 13.366998894819467 s
       0.Info>>Progress: 10.021%, ETOTAL: 9.6449962577962562 s, ETA: 8.678487257796256 s
       0.Info>>Progress: 21.292%, ETOTAL: 13.7469698630137 s, ETA: 10.8200108630137 s
       0.Info>>Progress: 31.186%, ETOTAL: 9.4525642754367905 s, ETA: 6.5046972754367918 s
       0.Info>>Progress: 42.080%, ETOTAL: 7.2096690989412728 s, ETA: 4.1758310989412735 s
       0.Info>>Progress: 52.830%, ETOTAL: 9.3291804647212278 s, ETA: 4.4005624647212276 s
       0.Info>>Progress: 60.330%, ETOTAL: 8.2088487913722581 s, ETA: 3.2564397913722569 s
       0.Info>>Progress: 70.830%, ETOTAL: 7.0311336802570263 s, ETA: 2.0509726802570247 s
       0.Info>>Progress: 80.705%, ETOTAL: 8.6042611596505161 s, ETA: 1.6601811596505156 s
       0.Info>>Progress: 90.205%, ETOTAL: 7.8503552302444559 s, ETA: 0.76893223024445678 s
       0.Info>>Scattering finished...                                           
       0.Info>>.................................................................
       0.Info>>.....................R.U.N...A.N.A.L.Y.S.I.S.....................
       0.Info>>.................................................................
       0.Info>>Aggregating timing information for performance analysis...       
       0.Info>>                                                                 
       0.Info>>                    Performance Analysis                         
       0.Info>>-----------------------------------------------------------------
       0.Info>> mean and total runtimes:                                        
       0.Info>>-----------------------------------------------------------------
       0.Info>>          measure |    total |       count |     mean |   stddev 
       0.Info>>-----------------------------------------------------------------
       0.Info>>   sd:c:b:dspstore| 3.572e-02|        10000| 3.572e-06| 2.034e-06
       0.Info>>    sd:c:b:scatter| 4.287e+01|        10000| 4.287e-03| 6.894e-04
       0.Info>>        sd:c:block| 4.304e+01|          100| 4.304e-01| 3.920e-02
       0.Info>>         sd:c:init| 1.385e+01|          100| 1.385e-01| 2.295e-02
       0.Info>>       sd:c:reduce| 9.300e-05|          100| 9.300e-07| 4.697e-07
       0.Info>>         sd:c:wait| 1.570e-04|          100| 1.570e-06| 5.818e-07
       0.Info>>        sd:compute| 5.689e+01|          100| 5.689e-01| 5.122e-02
       0.Info>>         sd:runner| 5.690e+01|            8| 7.112e+00| 0.000e+00
       0.Info>>          sd:stage| 1.997e-01|            8| 2.496e-02| 0.000e+00
       0.Info>> sd:worker:scatter| 4.252e+01|        10000| 4.252e-03| 6.626e-04
       0.Info>>    sd:worker:wait| 1.428e+01|        10000| 1.428e-03| 1.399e-02
       0.Info>>          sd:write| 9.770e-04|          100| 9.770e-06| 7.715e-06
       0.Info>>           st:fill| 1.197e-02|            8| 1.497e-03| 0.000e+00
       0.Info>>          st:first| 2.334e-02|            1| 2.334e-02| 0.000e+00
       0.Info>>           st:load| 2.301e-02|            1| 2.301e-02| 0.000e+00
       0.Info>>           st:wait| 1.636e-01|            8| 2.046e-02| 0.000e+00
       0.Info>>-----------------------------------------------------------------
       0.Info>>-----------------------------------------------------------------
       0.Info>> watermarks:                                                     
       0.Info>>-----------------------------------------------------------------
       0.Info>>          measure |      min |      max                          
       0.Info>>-----------------------------------------------------------------
       0.Info>>   sd:c:b:dspstore| 2.000e-06| 7.200e-05                         
       0.Info>>    sd:c:b:scatter| 1.529e-03| 1.380e-02                         
       0.Info>>        sd:c:block| 1.599e-01| 5.799e-01                         
       0.Info>>         sd:c:init| 1.132e-01| 2.258e-01                         
       0.Info>>       sd:c:reduce| 0.000e+00| 2.000e-06                         
       0.Info>>         sd:c:wait| 1.000e-06| 3.000e-06                         
       0.Info>>        sd:compute| 2.732e-01| 7.460e-01                         
       0.Info>>         sd:runner| 6.061e+00| 7.602e+00                         
       0.Info>>          sd:stage| 2.482e-02| 2.502e-02                         
       0.Info>> sd:worker:scatter| 1.513e-03| 1.131e-02                         
       0.Info>>    sd:worker:wait| 1.000e-06| 2.260e-01                         
       0.Info>>          sd:write| 5.000e-06| 4.800e-05                         
       0.Info>>           st:fill| 1.347e-03| 1.557e-03                         
       0.Info>>          st:first| 2.334e-02| 2.334e-02                         
       0.Info>>           st:load| 2.301e-02| 2.301e-02                         
       0.Info>>           st:wait| 8.000e-06| 2.338e-02                         
       0.Info>>-----------------------------------------------------------------
       0.Info>>                                                                 
       0.Info>>         Performance Analysis (relative to total time * nodes)   
       0.Info>>-----------------------------------------------------------------
       0.Info>> mean and total runtimes:                                        
       0.Info>>-----------------------------------------------------------------
       0.Info>>          measure |    total |       count |     mean |   stddev 
       0.Info>>-----------------------------------------------------------------
       0.Info>>   sd:c:b:dspstore| 5.505e-04|        10000| 5.505e-08| 2.524e-07
       0.Info>>    sd:c:b:scatter| 6.606e-01|        10000| 6.606e-05| 8.558e-05
       0.Info>>        sd:c:block| 6.633e-01|          100| 6.633e-03| 4.866e-03
       0.Info>>         sd:c:init| 2.134e-01|          100| 2.134e-03| 2.849e-03
       0.Info>>       sd:c:reduce| 1.433e-06|          100| 1.433e-08| 5.831e-08
       0.Info>>         sd:c:wait| 2.419e-06|          100| 2.419e-08| 7.223e-08
       0.Info>>        sd:compute| 8.767e-01|          100| 8.767e-03| 6.359e-03
       0.Info>>         sd:runner| 8.768e-01|            8| 1.096e-01| 0.000e+00
       0.Info>>          sd:stage| 3.077e-03|            8| 3.846e-04| 0.000e+00
       0.Info>> sd:worker:scatter| 6.552e-01|        10000| 6.552e-05| 8.225e-05
       0.Info>>    sd:worker:wait| 2.200e-01|        10000| 2.200e-05| 1.737e-03
       0.Info>>          sd:write| 1.506e-05|          100| 1.506e-07| 9.577e-07
       0.Info>>           st:fill| 1.845e-04|            8| 2.306e-05| 0.000e+00
       0.Info>>          st:first| 3.597e-04|            1| 3.597e-04| 0.000e+00
       0.Info>>           st:load| 3.546e-04|            1| 3.546e-04| 0.000e+00
       0.Info>>           st:wait| 2.522e-03|            8| 3.152e-04| 0.000e+00
       0.Info>>-----------------------------------------------------------------
       0.Info>>-----------------------------------------------------------------
       0.Info>> watermarks:                                                     
       0.Info>>-----------------------------------------------------------------
       0.Info>>          measure |      min |      max                          
       0.Info>>-----------------------------------------------------------------
       0.Info>>   sd:c:b:dspstore| 3.082e-08| 1.110e-06                         
       0.Info>>    sd:c:b:scatter| 2.356e-05| 2.126e-04                         
       0.Info>>        sd:c:block| 2.465e-03| 8.936e-03                         
       0.Info>>         sd:c:init| 1.744e-03| 3.480e-03                         
       0.Info>>       sd:c:reduce| 0.000e+00| 3.082e-08                         
       0.Info>>         sd:c:wait| 1.541e-08| 4.623e-08                         
       0.Info>>        sd:compute| 4.211e-03| 1.150e-02                         
       0.Info>>         sd:runner| 9.340e-02| 1.171e-01                         
       0.Info>>          sd:stage| 3.824e-04| 3.855e-04                         
       0.Info>> sd:worker:scatter| 2.332e-05| 1.743e-04                         
       0.Info>>    sd:worker:wait| 1.541e-08| 3.483e-03                         
       0.Info>>          sd:write| 7.705e-08| 7.397e-07                         
       0.Info>>           st:fill| 2.076e-05| 2.399e-05                         
       0.Info>>          st:first| 3.597e-04| 3.597e-04                         
       0.Info>>           st:load| 3.546e-04| 3.546e-04                         
       0.Info>>           st:wait| 1.233e-07| 3.603e-04                         
       0.Info>>-----------------------------------------------------------------
       0.Info>>Total runtime (s): 8.1115709999999996                            
       0.Info>>Successfully finished... Have a nice day!                        
