       0.Info>>This software is being developed by Benjamin Lindner.                    
       0.Info>>For help, suggestions or correspondense use:                             
       0.Info>>ben@benlabs.net, Benjamin Lindner (Main Developer, Impl. & Maintenance)  
       0.Info>>franc@cmm.ki.si, Franci Merzel (Methodology)                             
       0.Info>>For publications include the following references:                       
       0.Info>>.........................................................................
       0.Info>>1. Sassena - X-ray and Neutron Scattering Calculated                     
       0.Info>>  from Molecular Dynamics Trajectories using Massively Parallel Computers
       0.Info>>  published as a Computer Program in Physics Paper                       
       0.Info>>.........................................................................
       0.Info>>Version Information: 1.4.2                                       
       0.Info>>                                                                 
       0.Info>>.................................................................
       0.Info>>......................D.E.S.C.R.I.P.T.I.O.N......................
       0.Info>>.................................................................
       0.Info>>This binary computes the scattering intensities directly from    
       0.Info>>a molecular dynamics trajectory.                                 
       0.Info>>.................................................................
       0.Info>>.................................................................
       0.Info>>...................I.N.I.T.I.A.L.I.Z.A.T.I.O.N...................
       0.Info>>.................................................................
       0.Info>>No configuration file specified. Will use default                
       0.Info>>Looking for configuration file: scatter.xml                      
       0.Info>>Reading parameters from XML file: scatter.xml                    
       0.Info>>Added frames from /home/amajumda/study/continuum_simulations/gitlab/continuum-to-scattering/data/100_100_100_10_10_10/single_atom_shrink/iteration_007/t005/pdb_dcd/sample.dcd using format: dcd
       0.Info>>Options: first=0, last=0, lastset=0, stride=1                    
       0.Info>>stager.target=system                                             
       0.Info>>scattering.type=all                                              
       0.Info>>scattering.dsp.type=square                                       
       0.Info>>scattering.average.orientation.type=vectors                      
       0.Info>>scattering.average.orientation.vectors.type=sphere               
       0.Info>>scattering.average.orientation.vectors.algorithm=boost_uniform_on_sphere
       0.Info>>scattering.average.orientation.vectors.resolution=100            
       0.Info>>Generating orientations for orientational averaging using sphere,boost_uniform_on_sphere
       0.Info>>Initialized orientational averaging with 100 vectors.            
       0.Info>>scattering.signal.file=signal.h5                                 
       0.Info>>scattering.signal.filepath=/home/amajumda/study/continuum_simulations/gitlab/continuum-to-scattering/data/100_100_100_10_10_10/single_atom_shrink/iteration_007/t005/signal.h5
       0.Info>>scattering.signal.fqt=1                                          
       0.Info>>scattering.signal.fq0=1                                          
       0.Info>>scattering.signal.fq=1                                           
       0.Info>>scattering.signal.fq2=1                                          
       0.Info>>Analyzing command line for parameter overwrites                  
       0.Info>>Reading database from file: /home/amajumda/study/continuum_simulations/gitlab/continuum-to-scattering/data/100_100_100_10_10_10/single_atom_shrink/iteration_007/t005/database/db-neutron-coherent.xml
       0.Info>>Checking database...                                             
       0.Info>>Testing mapping between PDB names and atom labels                
       0.Info>>Testing database completeness for referenced atom labels         
       0.Info>>Check succeeded. Database seems OK.                              
       0.Info>>Initializing sample...                                           
       0.Info>>Reading structure from file: /home/amajumda/study/continuum_simulations/gitlab/continuum-to-scattering/data/100_100_100_10_10_10/single_atom_shrink/iteration_007/t005/pdb_dcd/sample.pdb
       0.Info>>Done. Atoms read: 1000                                           
       0.Info>>Reading frames from: /home/amajumda/study/continuum_simulations/gitlab/continuum-to-scattering/data/100_100_100_10_10_10/single_atom_shrink/iteration_007/t005/pdb_dcd/sample.dcd
       0.Info>>Found 1 frames                                                   
       0.Info>>Total number of coordinate sets found: 1                         
       0.Info>>Exchanging sample, database & params information with compute nodes... 
       0.Info>>params...                                                        
       0.Info>>database...                                                      
       0.Info>>sample...                                                        
       0.Info>>.................................................................
       0.Info>>......................C.O.M.P.U.T.A.T.I.O.N......................
       0.Info>>.................................................................
       0.Info>>Setting up services...                                           
       0.Info>>Initializing data file service...                                
       0.Info>>Initializing monitor service...                                  
       0.Info>>Starting data file service...                                    
       0.Info>>Starting monitor service...                                      
       0.Info>>Services setup and running...                                    
       0.Info>>Checking /home/amajumda/study/continuum_simulations/gitlab/continuum-to-scattering/data/100_100_100_10_10_10/single_atom_shrink/iteration_007/t005/signal.h5 for old results.
       0.Info>>Broadcasting service information                                 
       0.Info>>Server host name    : hzglap02                                   
       0.Info>>FileService Port    : 42495                                      
       0.Info>>MonitorService Port : 33105                                      
       0.Info>>Setting up parallel environment...                               
       0.Info>>Searching for decomposition plan:                                
       0.Info>>nodes    = 8                                                     
       0.Info>>qvectors = 100                                                   
       0.Info>>frames   = 1                                                     
       0.Info>>atoms   = 1000                                                   
       0.Info>>All interference scattering detected. Applying frame decomposition.
       0.Info>>Automatic decomposition. Searching for best utilization.         
       0.Info>>Final decomposition parameters:                                  
       0.Info>>NN                : 8                                            
       0.Info>>NQ                : 100                                          
       0.Info>>NAF               : 1                                            
       0.Info>>NP                : 8                                            
       0.Info>>NNpP              : 1                                            
       0.Info>>NAFcycles         : 1                                            
       0.Info>>NQcycles          : 13                                           
       0.Info>>CompEl (WASTE/USE): 4/100                                        
       0.Info>>utilization(1=best)    : 0.96153846153846156                     
       0.Info>>Initializing Scatter Device, Vectors (all)                       
       0.Info>>Starting scattering...                                           
       0.Info>>Checking memory requirements for scattering calculation...       
       0.Info>>required limits.computation.memory.result_buffer=16              
       0.Info>>required limits.computation.memory.signal_buffer=16              
       0.Info>>required limits.computation.memory.exchange_buffer=0             
       0.Info>>required limits.computation.memory.alignpad_buffer=32            
       0.Info>>Memory limits ok                                                 
       0.Info>>Staging data...                                                  
       0.Info>>Forcing stager.mode=frames                                       
       0.Info>>Staging first partition.                                         
       0.Info>>Staging remaining partitions.                                    
       0.Info>>background scattering length set to 0                            
       0.Info>>Target initialized.                                              
       0.Info>>Target 'system' produces a background scattering length density of 0.035650707252585144
       0.Info>>Starting computation...                                          
       0.Info>>Orientational averaging includes 100 vectors                     
       0.Info>>Setting progress sampling factor for monitoring to 1             
       0.Info>>Scattering finished...                                           
       0.Info>>.................................................................
       0.Info>>.....................R.U.N...A.N.A.L.Y.S.I.S.....................
       0.Info>>.................................................................
       0.Info>>Aggregating timing information for performance analysis...       
       0.Info>>                                                                 
       0.Info>>                    Performance Analysis                         
       0.Info>>-----------------------------------------------------------------
       0.Info>> mean and total runtimes:                                        
       0.Info>>-----------------------------------------------------------------
       0.Info>>          measure |    total |       count |     mean |   stddev 
       0.Info>>-----------------------------------------------------------------
       0.Info>>   sd:c:b:dspstore| 2.617e-02|        10000| 2.617e-06| 1.516e-06
       0.Info>>    sd:c:b:scatter| 6.134e-01|        10000| 6.134e-05| 1.686e-05
       0.Info>>        sd:c:block| 7.400e-01|          100| 7.400e-03| 4.817e-04
       0.Info>>         sd:c:init| 1.440e-01|          100| 1.440e-03| 3.125e-04
       0.Info>>       sd:c:reduce| 1.000e-04|          100| 1.000e-06| 4.418e-07
       0.Info>>         sd:c:wait| 1.380e-04|          100| 1.380e-06| 5.307e-07
       0.Info>>        sd:compute| 8.862e-01|          100| 8.862e-03| 5.536e-04
       0.Info>>         sd:runner| 8.890e-01|            8| 1.111e-01| 0.000e+00
       0.Info>>          sd:stage| 3.970e-03|            8| 4.962e-04| 0.000e+00
       0.Info>> sd:worker:scatter| 4.295e-01|        10000| 4.295e-05| 6.801e-06
       0.Info>>    sd:worker:wait| 3.837e-01|        10000| 3.837e-05| 1.533e-04
       0.Info>>          sd:write| 7.790e-04|          100| 7.790e-06| 5.845e-06
       0.Info>>           st:fill| 6.970e-04|            8| 8.713e-05| 0.000e+00
       0.Info>>          st:first| 3.110e-04|            1| 3.110e-04| 0.000e+00
       0.Info>>           st:load| 2.840e-04|            1| 2.840e-04| 0.000e+00
       0.Info>>           st:wait| 2.395e-03|            8| 2.994e-04| 0.000e+00
       0.Info>>-----------------------------------------------------------------
       0.Info>>-----------------------------------------------------------------
       0.Info>> watermarks:                                                     
       0.Info>>-----------------------------------------------------------------
       0.Info>>          measure |      min |      max                          
       0.Info>>-----------------------------------------------------------------
       0.Info>>   sd:c:b:dspstore| 1.000e-06| 6.500e-05                         
       0.Info>>    sd:c:b:scatter| 2.400e-05| 1.026e-03                         
       0.Info>>        sd:c:block| 4.701e-03| 8.580e-03                         
       0.Info>>         sd:c:init| 9.200e-04| 2.231e-03                         
       0.Info>>       sd:c:reduce| 0.000e+00| 2.000e-06                         
       0.Info>>         sd:c:wait| 1.000e-06| 3.000e-06                         
       0.Info>>        sd:compute| 6.795e-03| 1.024e-02                         
       0.Info>>         sd:runner| 1.019e-01| 1.202e-01                         
       0.Info>>          sd:stage| 4.920e-04| 5.010e-04                         
       0.Info>> sd:worker:scatter| 1.200e-05| 1.640e-04                         
       0.Info>>    sd:worker:wait| 1.200e-05| 2.820e-03                         
       0.Info>>          sd:write| 4.000e-06| 3.300e-05                         
       0.Info>>           st:fill| 7.600e-05| 9.300e-05                         
       0.Info>>          st:first| 3.110e-04| 3.110e-04                         
       0.Info>>           st:load| 2.840e-04| 2.840e-04                         
       0.Info>>           st:wait| 4.000e-06| 3.460e-04                         
       0.Info>>-----------------------------------------------------------------
       0.Info>>                                                                 
       0.Info>>         Performance Analysis (relative to total time * nodes)   
       0.Info>>-----------------------------------------------------------------
       0.Info>> mean and total runtimes:                                        
       0.Info>>-----------------------------------------------------------------
       0.Info>>          measure |    total |       count |     mean |   stddev 
       0.Info>>-----------------------------------------------------------------
       0.Info>>   sd:c:b:dspstore| 1.948e-02|        10000| 1.948e-06| 1.308e-06
       0.Info>>    sd:c:b:scatter| 4.566e-01|        10000| 4.566e-05| 1.454e-05
       0.Info>>        sd:c:block| 5.509e-01|          100| 5.509e-03| 4.156e-04
       0.Info>>         sd:c:init| 1.072e-01|          100| 1.072e-03| 2.696e-04
       0.Info>>       sd:c:reduce| 7.444e-05|          100| 7.444e-07| 3.812e-07
       0.Info>>         sd:c:wait| 1.027e-04|          100| 1.027e-06| 4.579e-07
       0.Info>>        sd:compute| 6.597e-01|          100| 6.597e-03| 4.776e-04
       0.Info>>         sd:runner| 6.618e-01|            8| 8.273e-02| 0.000e+00
       0.Info>>          sd:stage| 2.955e-03|            8| 3.694e-04| 0.000e+00
       0.Info>> sd:worker:scatter| 3.197e-01|        10000| 3.197e-05| 5.868e-06
       0.Info>>    sd:worker:wait| 2.856e-01|        10000| 2.856e-05| 1.322e-04
       0.Info>>          sd:write| 5.799e-04|          100| 5.799e-06| 5.043e-06
       0.Info>>           st:fill| 5.189e-04|            8| 6.486e-05| 0.000e+00
       0.Info>>          st:first| 2.315e-04|            1| 2.315e-04| 0.000e+00
       0.Info>>           st:load| 2.114e-04|            1| 2.114e-04| 0.000e+00
       0.Info>>           st:wait| 1.783e-03|            8| 2.229e-04| 0.000e+00
       0.Info>>-----------------------------------------------------------------
       0.Info>>-----------------------------------------------------------------
       0.Info>> watermarks:                                                     
       0.Info>>-----------------------------------------------------------------
       0.Info>>          measure |      min |      max                          
       0.Info>>-----------------------------------------------------------------
       0.Info>>   sd:c:b:dspstore| 7.444e-07| 4.839e-05                         
       0.Info>>    sd:c:b:scatter| 1.787e-05| 7.638e-04                         
       0.Info>>        sd:c:block| 3.499e-03| 6.387e-03                         
       0.Info>>         sd:c:init| 6.849e-04| 1.661e-03                         
       0.Info>>       sd:c:reduce| 0.000e+00| 1.489e-06                         
       0.Info>>         sd:c:wait| 7.444e-07| 2.233e-06                         
       0.Info>>        sd:compute| 5.058e-03| 7.625e-03                         
       0.Info>>         sd:runner| 7.588e-02| 8.945e-02                         
       0.Info>>          sd:stage| 3.663e-04| 3.729e-04                         
       0.Info>> sd:worker:scatter| 8.933e-06| 1.221e-04                         
       0.Info>>    sd:worker:wait| 8.933e-06| 2.099e-03                         
       0.Info>>          sd:write| 2.978e-06| 2.457e-05                         
       0.Info>>           st:fill| 5.658e-05| 6.923e-05                         
       0.Info>>          st:first| 2.315e-04| 2.315e-04                         
       0.Info>>           st:load| 2.114e-04| 2.114e-04                         
       0.Info>>           st:wait| 2.978e-06| 2.576e-04                         
       0.Info>>-----------------------------------------------------------------
       0.Info>>Total runtime (s): 0.16791800000000001                           
       0.Info>>Successfully finished... Have a nice day!                        
