       0.Info>>This software is being developed by Benjamin Lindner.                    
       0.Info>>For help, suggestions or correspondense use:                             
       0.Info>>ben@benlabs.net, Benjamin Lindner (Main Developer, Impl. & Maintenance)  
       0.Info>>franc@cmm.ki.si, Franci Merzel (Methodology)                             
       0.Info>>For publications include the following references:                       
       0.Info>>.........................................................................
       0.Info>>1. Sassena - X-ray and Neutron Scattering Calculated                     
       0.Info>>  from Molecular Dynamics Trajectories using Massively Parallel Computers
       0.Info>>  published as a Computer Program in Physics Paper                       
       0.Info>>.........................................................................
       0.Info>>Version Information: 1.4.2                                       
       0.Info>>                                                                 
       0.Info>>.................................................................
       0.Info>>......................D.E.S.C.R.I.P.T.I.O.N......................
       0.Info>>.................................................................
       0.Info>>This binary computes the scattering intensities directly from    
       0.Info>>a molecular dynamics trajectory.                                 
       0.Info>>.................................................................
       0.Info>>.................................................................
       0.Info>>...................I.N.I.T.I.A.L.I.Z.A.T.I.O.N...................
       0.Info>>.................................................................
       0.Info>>No configuration file specified. Will use default                
       0.Info>>Looking for configuration file: scatter.xml                      
       0.Info>>Reading parameters from XML file: scatter.xml                    
       0.Info>>Added frames from /home/amajumda/study/continuum_simulations/gitlab/continuum-to-scattering/data/100_100_100_10_10_10/single_atom_shrink/iteration_004/t005/pdb_dcd/sample.dcd using format: dcd
       0.Info>>Options: first=0, last=0, lastset=0, stride=1                    
       0.Info>>stager.target=system                                             
       0.Info>>scattering.type=all                                              
       0.Info>>scattering.dsp.type=square                                       
       0.Info>>scattering.average.orientation.type=vectors                      
       0.Info>>scattering.average.orientation.vectors.type=sphere               
       0.Info>>scattering.average.orientation.vectors.algorithm=boost_uniform_on_sphere
       0.Info>>scattering.average.orientation.vectors.resolution=100            
       0.Info>>Generating orientations for orientational averaging using sphere,boost_uniform_on_sphere
       0.Info>>Initialized orientational averaging with 100 vectors.            
       0.Info>>scattering.signal.file=signal.h5                                 
       0.Info>>scattering.signal.filepath=/home/amajumda/study/continuum_simulations/gitlab/continuum-to-scattering/data/100_100_100_10_10_10/single_atom_shrink/iteration_004/t005/signal.h5
       0.Info>>scattering.signal.fqt=1                                          
       0.Info>>scattering.signal.fq0=1                                          
       0.Info>>scattering.signal.fq=1                                           
       0.Info>>scattering.signal.fq2=1                                          
       0.Info>>Analyzing command line for parameter overwrites                  
       0.Info>>Reading database from file: /home/amajumda/study/continuum_simulations/gitlab/continuum-to-scattering/data/100_100_100_10_10_10/single_atom_shrink/iteration_004/t005/database/db-neutron-coherent.xml
       0.Info>>Checking database...                                             
       0.Info>>Testing mapping between PDB names and atom labels                
       0.Info>>Testing database completeness for referenced atom labels         
       0.Info>>Check succeeded. Database seems OK.                              
       0.Info>>Initializing sample...                                           
       0.Info>>Reading structure from file: /home/amajumda/study/continuum_simulations/gitlab/continuum-to-scattering/data/100_100_100_10_10_10/single_atom_shrink/iteration_004/t005/pdb_dcd/sample.pdb
       0.Info>>Done. Atoms read: 1000                                           
       0.Info>>Reading frames from: /home/amajumda/study/continuum_simulations/gitlab/continuum-to-scattering/data/100_100_100_10_10_10/single_atom_shrink/iteration_004/t005/pdb_dcd/sample.dcd
       0.Info>>Found 1 frames                                                   
       0.Info>>Total number of coordinate sets found: 1                         
       0.Info>>Exchanging sample, database & params information with compute nodes... 
       0.Info>>params...                                                        
       0.Info>>database...                                                      
       0.Info>>sample...                                                        
       0.Info>>.................................................................
       0.Info>>......................C.O.M.P.U.T.A.T.I.O.N......................
       0.Info>>.................................................................
       0.Info>>Setting up services...                                           
       0.Info>>Initializing data file service...                                
       0.Info>>Initializing monitor service...                                  
       0.Info>>Starting data file service...                                    
       0.Info>>Starting monitor service...                                      
       0.Info>>Services setup and running...                                    
       0.Info>>Checking /home/amajumda/study/continuum_simulations/gitlab/continuum-to-scattering/data/100_100_100_10_10_10/single_atom_shrink/iteration_004/t005/signal.h5 for old results.
       0.Info>>Broadcasting service information                                 
       0.Info>>Server host name    : hzglap02                                   
       0.Info>>FileService Port    : 45379                                      
       0.Info>>MonitorService Port : 45393                                      
       0.Info>>Setting up parallel environment...                               
       0.Info>>Searching for decomposition plan:                                
       0.Info>>nodes    = 8                                                     
       0.Info>>qvectors = 100                                                   
       0.Info>>frames   = 1                                                     
       0.Info>>atoms   = 1000                                                   
       0.Info>>All interference scattering detected. Applying frame decomposition.
       0.Info>>Automatic decomposition. Searching for best utilization.         
       0.Info>>Final decomposition parameters:                                  
       0.Info>>NN                : 8                                            
       0.Info>>NQ                : 100                                          
       0.Info>>NAF               : 1                                            
       0.Info>>NP                : 8                                            
       0.Info>>NNpP              : 1                                            
       0.Info>>NAFcycles         : 1                                            
       0.Info>>NQcycles          : 13                                           
       0.Info>>CompEl (WASTE/USE): 4/100                                        
       0.Info>>utilization(1=best)    : 0.96153846153846156                     
       0.Info>>Initializing Scatter Device, Vectors (all)                       
       0.Info>>Starting scattering...                                           
       0.Info>>Checking memory requirements for scattering calculation...       
       0.Info>>required limits.computation.memory.result_buffer=16              
       0.Info>>required limits.computation.memory.signal_buffer=16              
       0.Info>>required limits.computation.memory.exchange_buffer=0             
       0.Info>>required limits.computation.memory.alignpad_buffer=32            
       0.Info>>Memory limits ok                                                 
       0.Info>>Staging data...                                                  
       0.Info>>Forcing stager.mode=frames                                       
       0.Info>>Staging first partition.                                         
       0.Info>>Staging remaining partitions.                                    
       0.Info>>background scattering length set to 0                            
       0.Info>>Target initialized.                                              
       0.Info>>Target 'system' produces a background scattering length density of 0.062813150873602369
       0.Info>>Starting computation...                                          
       0.Info>>Orientational averaging includes 100 vectors                     
       0.Info>>Setting progress sampling factor for monitoring to 1             
       0.Info>>Scattering finished...                                           
       0.Info>>.................................................................
       0.Info>>.....................R.U.N...A.N.A.L.Y.S.I.S.....................
       0.Info>>.................................................................
       0.Info>>Aggregating timing information for performance analysis...       
       0.Info>>                                                                 
       0.Info>>                    Performance Analysis                         
       0.Info>>-----------------------------------------------------------------
       0.Info>> mean and total runtimes:                                        
       0.Info>>-----------------------------------------------------------------
       0.Info>>          measure |    total |       count |     mean |   stddev 
       0.Info>>-----------------------------------------------------------------
       0.Info>>   sd:c:b:dspstore| 2.598e-02|        10000| 2.598e-06| 1.593e-06
       0.Info>>    sd:c:b:scatter| 6.048e-01|        10000| 6.048e-05| 1.184e-05
       0.Info>>        sd:c:block| 7.315e-01|          100| 7.315e-03| 4.977e-04
       0.Info>>         sd:c:init| 1.380e-01|          100| 1.380e-03| 3.119e-04
       0.Info>>       sd:c:reduce| 9.700e-05|          100| 9.700e-07| 4.970e-07
       0.Info>>         sd:c:wait| 1.360e-04|          100| 1.360e-06| 6.491e-07
       0.Info>>        sd:compute| 8.716e-01|          100| 8.716e-03| 6.172e-04
       0.Info>>         sd:runner| 8.745e-01|            8| 1.093e-01| 0.000e+00
       0.Info>>          sd:stage| 3.468e-03|            8| 4.335e-04| 0.000e+00
       0.Info>> sd:worker:scatter| 4.252e-01|        10000| 4.252e-05| 6.300e-06
       0.Info>>    sd:worker:wait| 3.748e-01|        10000| 3.748e-05| 1.457e-04
       0.Info>>          sd:write| 7.670e-04|          100| 7.670e-06| 6.141e-06
       0.Info>>           st:fill| 5.980e-04|            8| 7.475e-05| 0.000e+00
       0.Info>>          st:first| 2.740e-04|            1| 2.740e-04| 0.000e+00
       0.Info>>           st:load| 2.520e-04|            1| 2.520e-04| 0.000e+00
       0.Info>>           st:wait| 2.038e-03|            8| 2.547e-04| 0.000e+00
       0.Info>>-----------------------------------------------------------------
       0.Info>>-----------------------------------------------------------------
       0.Info>> watermarks:                                                     
       0.Info>>-----------------------------------------------------------------
       0.Info>>          measure |      min |      max                          
       0.Info>>-----------------------------------------------------------------
       0.Info>>   sd:c:b:dspstore| 1.000e-06| 6.500e-05                         
       0.Info>>    sd:c:b:scatter| 2.300e-05| 4.170e-04                         
       0.Info>>        sd:c:block| 5.453e-03| 8.500e-03                         
       0.Info>>         sd:c:init| 9.230e-04| 2.172e-03                         
       0.Info>>       sd:c:reduce| 0.000e+00| 3.000e-06                         
       0.Info>>         sd:c:wait| 0.000e+00| 4.000e-06                         
       0.Info>>        sd:compute| 6.569e-03| 1.063e-02                         
       0.Info>>         sd:runner| 9.814e-02| 1.151e-01                         
       0.Info>>          sd:stage| 4.280e-04| 4.370e-04                         
       0.Info>> sd:worker:scatter| 1.200e-05| 1.510e-04                         
       0.Info>>    sd:worker:wait| 1.200e-05| 2.510e-03                         
       0.Info>>          sd:write| 3.000e-06| 3.900e-05                         
       0.Info>>           st:fill| 7.000e-05| 7.800e-05                         
       0.Info>>          st:first| 2.740e-04| 2.740e-04                         
       0.Info>>           st:load| 2.520e-04| 2.520e-04                         
       0.Info>>           st:wait| 4.000e-06| 2.930e-04                         
       0.Info>>-----------------------------------------------------------------
       0.Info>>                                                                 
       0.Info>>         Performance Analysis (relative to total time * nodes)   
       0.Info>>-----------------------------------------------------------------
       0.Info>> mean and total runtimes:                                        
       0.Info>>-----------------------------------------------------------------
       0.Info>>          measure |    total |       count |     mean |   stddev 
       0.Info>>-----------------------------------------------------------------
       0.Info>>   sd:c:b:dspstore| 2.067e-02|        10000| 2.067e-06| 1.421e-06
       0.Info>>    sd:c:b:scatter| 4.813e-01|        10000| 4.813e-05| 1.056e-05
       0.Info>>        sd:c:block| 5.821e-01|          100| 5.821e-03| 4.440e-04
       0.Info>>         sd:c:init| 1.098e-01|          100| 1.098e-03| 2.782e-04
       0.Info>>       sd:c:reduce| 7.719e-05|          100| 7.719e-07| 4.433e-07
       0.Info>>         sd:c:wait| 1.082e-04|          100| 1.082e-06| 5.791e-07
       0.Info>>        sd:compute| 6.936e-01|          100| 6.936e-03| 5.506e-04
       0.Info>>         sd:runner| 6.959e-01|            8| 8.699e-02| 0.000e+00
       0.Info>>          sd:stage| 2.760e-03|            8| 3.450e-04| 0.000e+00
       0.Info>> sd:worker:scatter| 3.383e-01|        10000| 3.383e-05| 5.620e-06
       0.Info>>    sd:worker:wait| 2.983e-01|        10000| 2.983e-05| 1.300e-04
       0.Info>>          sd:write| 6.104e-04|          100| 6.104e-06| 5.478e-06
       0.Info>>           st:fill| 4.759e-04|            8| 5.948e-05| 0.000e+00
       0.Info>>          st:first| 2.180e-04|            1| 2.180e-04| 0.000e+00
       0.Info>>           st:load| 2.005e-04|            1| 2.005e-04| 0.000e+00
       0.Info>>           st:wait| 1.622e-03|            8| 2.027e-04| 0.000e+00
       0.Info>>-----------------------------------------------------------------
       0.Info>>-----------------------------------------------------------------
       0.Info>> watermarks:                                                     
       0.Info>>-----------------------------------------------------------------
       0.Info>>          measure |      min |      max                          
       0.Info>>-----------------------------------------------------------------
       0.Info>>   sd:c:b:dspstore| 7.958e-07| 5.173e-05                         
       0.Info>>    sd:c:b:scatter| 1.830e-05| 3.318e-04                         
       0.Info>>        sd:c:block| 4.339e-03| 6.764e-03                         
       0.Info>>         sd:c:init| 7.345e-04| 1.728e-03                         
       0.Info>>       sd:c:reduce| 0.000e+00| 2.387e-06                         
       0.Info>>         sd:c:wait| 0.000e+00| 3.183e-06                         
       0.Info>>        sd:compute| 5.227e-03| 8.458e-03                         
       0.Info>>         sd:runner| 7.810e-02| 9.160e-02                         
       0.Info>>          sd:stage| 3.406e-04| 3.478e-04                         
       0.Info>> sd:worker:scatter| 9.549e-06| 1.202e-04                         
       0.Info>>    sd:worker:wait| 9.549e-06| 1.997e-03                         
       0.Info>>          sd:write| 2.387e-06| 3.104e-05                         
       0.Info>>           st:fill| 5.570e-05| 6.207e-05                         
       0.Info>>          st:first| 2.180e-04| 2.180e-04                         
       0.Info>>           st:load| 2.005e-04| 2.005e-04                         
       0.Info>>           st:wait| 3.183e-06| 2.332e-04                         
       0.Info>>-----------------------------------------------------------------
       0.Info>>Total runtime (s): 0.157078                                      
       0.Info>>Successfully finished... Have a nice day!                        
