       0.Info>>This software is being developed by Benjamin Lindner.                    
       0.Info>>For help, suggestions or correspondense use:                             
       0.Info>>ben@benlabs.net, Benjamin Lindner (Main Developer, Impl. & Maintenance)  
       0.Info>>franc@cmm.ki.si, Franci Merzel (Methodology)                             
       0.Info>>For publications include the following references:                       
       0.Info>>.........................................................................
       0.Info>>1. Sassena - X-ray and Neutron Scattering Calculated                     
       0.Info>>  from Molecular Dynamics Trajectories using Massively Parallel Computers
       0.Info>>  published as a Computer Program in Physics Paper                       
       0.Info>>.........................................................................
       0.Info>>Version Information: 1.4.2                                       
       0.Info>>                                                                 
       0.Info>>.................................................................
       0.Info>>......................D.E.S.C.R.I.P.T.I.O.N......................
       0.Info>>.................................................................
       0.Info>>This binary computes the scattering intensities directly from    
       0.Info>>a molecular dynamics trajectory.                                 
       0.Info>>.................................................................
       0.Info>>.................................................................
       0.Info>>...................I.N.I.T.I.A.L.I.Z.A.T.I.O.N...................
       0.Info>>.................................................................
       0.Info>>No configuration file specified. Will use default                
       0.Info>>Looking for configuration file: scatter.xml                      
       0.Info>>Reading parameters from XML file: scatter.xml                    
       0.Info>>Added frames from /home/amajumda/study/continuum_simulations/gitlab/continuum-to-scattering/data/100_100_100_50_50_50/single_atom_shrink/iteration_003/t002/pdb_dcd/sample.dcd using format: dcd
       0.Info>>Options: first=0, last=0, lastset=0, stride=1                    
       0.Info>>stager.target=system                                             
       0.Info>>scattering.type=all                                              
       0.Info>>scattering.dsp.type=square                                       
       0.Info>>scattering.average.orientation.type=vectors                      
       0.Info>>scattering.average.orientation.vectors.type=sphere               
       0.Info>>scattering.average.orientation.vectors.algorithm=boost_uniform_on_sphere
       0.Info>>scattering.average.orientation.vectors.resolution=100            
       0.Info>>Generating orientations for orientational averaging using sphere,boost_uniform_on_sphere
       0.Info>>Initialized orientational averaging with 100 vectors.            
       0.Info>>scattering.signal.file=signal.h5                                 
       0.Info>>scattering.signal.filepath=/home/amajumda/study/continuum_simulations/gitlab/continuum-to-scattering/data/100_100_100_50_50_50/single_atom_shrink/iteration_003/t002/signal.h5
       0.Info>>scattering.signal.fqt=1                                          
       0.Info>>scattering.signal.fq0=1                                          
       0.Info>>scattering.signal.fq=1                                           
       0.Info>>scattering.signal.fq2=1                                          
       0.Info>>Analyzing command line for parameter overwrites                  
       0.Info>>Reading database from file: /home/amajumda/study/continuum_simulations/gitlab/continuum-to-scattering/data/100_100_100_50_50_50/single_atom_shrink/iteration_003/t002/database/db-neutron-coherent.xml
       0.Info>>Checking database...                                             
       0.Info>>Testing mapping between PDB names and atom labels                
       0.Info>>Testing database completeness for referenced atom labels         
       0.Info>>Check succeeded. Database seems OK.                              
       0.Info>>Initializing sample...                                           
       0.Info>>Reading structure from file: /home/amajumda/study/continuum_simulations/gitlab/continuum-to-scattering/data/100_100_100_50_50_50/single_atom_shrink/iteration_003/t002/pdb_dcd/sample.pdb
       0.Info>>Done. Atoms read: 125000                                         
       0.Info>>Reading frames from: /home/amajumda/study/continuum_simulations/gitlab/continuum-to-scattering/data/100_100_100_50_50_50/single_atom_shrink/iteration_003/t002/pdb_dcd/sample.dcd
       0.Info>>Found 1 frames                                                   
       0.Info>>Total number of coordinate sets found: 1                         
       0.Info>>Exchanging sample, database & params information with compute nodes... 
       0.Info>>params...                                                        
       0.Info>>database...                                                      
       0.Info>>sample...                                                        
       0.Info>>.................................................................
       0.Info>>......................C.O.M.P.U.T.A.T.I.O.N......................
       0.Info>>.................................................................
       0.Info>>Setting up services...                                           
       0.Info>>Initializing data file service...                                
       0.Info>>Initializing monitor service...                                  
       0.Info>>Starting data file service...                                    
       0.Info>>Starting monitor service...                                      
       0.Info>>Services setup and running...                                    
       0.Info>>Checking /home/amajumda/study/continuum_simulations/gitlab/continuum-to-scattering/data/100_100_100_50_50_50/single_atom_shrink/iteration_003/t002/signal.h5 for old results.
       0.Info>>Broadcasting service information                                 
       0.Info>>Server host name    : hzglap02                                   
       0.Info>>FileService Port    : 45145                                      
       0.Info>>MonitorService Port : 41667                                      
       0.Info>>Setting up parallel environment...                               
       0.Info>>Searching for decomposition plan:                                
       0.Info>>nodes    = 8                                                     
       0.Info>>qvectors = 100                                                   
       0.Info>>frames   = 1                                                     
       0.Info>>atoms   = 125000                                                 
       0.Info>>All interference scattering detected. Applying frame decomposition.
       0.Info>>Automatic decomposition. Searching for best utilization.         
       0.Info>>Final decomposition parameters:                                  
       0.Info>>NN                : 8                                            
       0.Info>>NQ                : 100                                          
       0.Info>>NAF               : 1                                            
       0.Info>>NP                : 8                                            
       0.Info>>NNpP              : 1                                            
       0.Info>>NAFcycles         : 1                                            
       0.Info>>NQcycles          : 13                                           
       0.Info>>CompEl (WASTE/USE): 4/100                                        
       0.Info>>utilization(1=best)    : 0.96153846153846156                     
       0.Info>>Initializing Scatter Device, Vectors (all)                       
       0.Info>>Starting scattering...                                           
       0.Info>>Checking memory requirements for scattering calculation...       
       0.Info>>required limits.computation.memory.result_buffer=16              
       0.Info>>required limits.computation.memory.signal_buffer=16              
       0.Info>>required limits.computation.memory.exchange_buffer=0             
       0.Info>>required limits.computation.memory.alignpad_buffer=32            
       0.Info>>Memory limits ok                                                 
       0.Info>>Staging data...                                                  
       0.Info>>Forcing stager.mode=frames                                       
       0.Info>>Staging first partition.                                         
       0.Info>>Staging remaining partitions.                                    
       0.Info>>background scattering length set to 0                            
       0.Info>>Target initialized.                                              
       0.Info>>Target 'system' produces a background scattering length density of 0.0018131474365938301
       0.Info>>Starting computation...                                          
       0.Info>>Orientational averaging includes 100 vectors                     
       0.Info>>Setting progress sampling factor for monitoring to 1             
       0.Info>>Progress: 1.500%, ETOTAL: 63.548333333333325 s, ETA: 62.595108333333322 s
       0.Info>>Progress: 3.125%, ETOTAL: 30.723711999999999 s, ETA: 29.763596 s 
       0.Info>>Progress: 4.885%, ETOTAL: 19.67654072494669 s, ETA: 18.715259724946691 s
       0.Info>>Progress: 6.385%, ETOTAL: 15.093094942903752 s, ETA: 14.129337942903753 s
       0.Info>>Progress: 10.281%, ETOTAL: 9.4399027355623097 s, ETA: 8.46936273556231 s
       0.Info>>Progress: 22.696%, ETOTAL: 13.209553904815703 s, ETA: 10.211577904815703 s
       0.Info>>Progress: 32.955%, ETOTAL: 9.3904899435907421 s, ETA: 6.2958419435907427 s
       0.Info>>Progress: 40.580%, ETOTAL: 7.9418107890372012 s, ETA: 4.7190137890372013 s
       0.Info>>Progress: 52.830%, ETOTAL: 9.423954037493175 s, ETA: 4.4452670374931742 s
       0.Info>>Progress: 62.580%, ETOTAL: 8.0725593649167724 s, ETA: 3.0207413649167725 s
       0.Info>>Progress: 72.330%, ETOTAL: 9.606779598528826 s, ETA: 2.6581835985288258 s
       0.Info>>Progress: 82.705%, ETOTAL: 8.4388237482560839 s, ETA: 1.4594837482560843 s
       0.Info>>Scattering finished...                                           
       0.Info>>.................................................................
       0.Info>>.....................R.U.N...A.N.A.L.Y.S.I.S.....................
       0.Info>>.................................................................
       0.Info>>Aggregating timing information for performance analysis...       
       0.Info>>                                                                 
       0.Info>>                    Performance Analysis                         
       0.Info>>-----------------------------------------------------------------
       0.Info>> mean and total runtimes:                                        
       0.Info>>-----------------------------------------------------------------
       0.Info>>          measure |    total |       count |     mean |   stddev 
       0.Info>>-----------------------------------------------------------------
       0.Info>>   sd:c:b:dspstore| 3.797e-02|        10000| 3.797e-06| 2.128e-06
       0.Info>>    sd:c:b:scatter| 4.415e+01|        10000| 4.415e-03| 8.144e-04
       0.Info>>        sd:c:block| 4.433e+01|          100| 4.433e-01| 3.958e-02
       0.Info>>         sd:c:init| 1.513e+01|          100| 1.513e-01| 3.185e-02
       0.Info>>       sd:c:reduce| 1.150e-04|          100| 1.150e-06| 6.274e-07
       0.Info>>         sd:c:wait| 1.700e-04|          100| 1.700e-06| 6.537e-07
       0.Info>>        sd:compute| 5.946e+01|          100| 5.946e-01| 5.618e-02
       0.Info>>         sd:runner| 5.947e+01|            8| 7.433e+00| 0.000e+00
       0.Info>>          sd:stage| 2.033e-01|            8| 2.541e-02| 0.000e+00
       0.Info>> sd:worker:scatter| 4.375e+01|        10000| 4.375e-03| 7.994e-04
       0.Info>>    sd:worker:wait| 1.562e+01|        10000| 1.562e-03| 1.541e-02
       0.Info>>          sd:write| 1.030e-03|          100| 1.030e-05| 8.414e-06
       0.Info>>           st:fill| 1.233e-02|            8| 1.541e-03| 0.000e+00
       0.Info>>          st:first| 2.375e-02|            1| 2.375e-02| 0.000e+00
       0.Info>>           st:load| 2.339e-02|            1| 2.339e-02| 0.000e+00
       0.Info>>           st:wait| 1.665e-01|            8| 2.082e-02| 0.000e+00
       0.Info>>-----------------------------------------------------------------
       0.Info>>-----------------------------------------------------------------
       0.Info>> watermarks:                                                     
       0.Info>>-----------------------------------------------------------------
       0.Info>>          measure |      min |      max                          
       0.Info>>-----------------------------------------------------------------
       0.Info>>   sd:c:b:dspstore| 2.000e-06| 7.600e-05                         
       0.Info>>    sd:c:b:scatter| 1.568e-03| 1.289e-02                         
       0.Info>>        sd:c:block| 1.785e-01| 5.484e-01                         
       0.Info>>         sd:c:init| 1.128e-01| 2.509e-01                         
       0.Info>>       sd:c:reduce| 0.000e+00| 3.000e-06                         
       0.Info>>         sd:c:wait| 1.000e-06| 4.000e-06                         
       0.Info>>        sd:compute| 2.980e-01| 7.669e-01                         
       0.Info>>         sd:runner| 6.648e+00| 7.941e+00                         
       0.Info>>          sd:stage| 2.524e-02| 2.548e-02                         
       0.Info>> sd:worker:scatter| 1.530e-03| 9.701e-03                         
       0.Info>>    sd:worker:wait| 1.000e-06| 2.510e-01                         
       0.Info>>          sd:write| 5.000e-06| 4.900e-05                         
       0.Info>>           st:fill| 1.367e-03| 1.610e-03                         
       0.Info>>          st:first| 2.375e-02| 2.375e-02                         
       0.Info>>           st:load| 2.339e-02| 2.339e-02                         
       0.Info>>           st:wait| 1.000e-05| 2.379e-02                         
       0.Info>>-----------------------------------------------------------------
       0.Info>>                                                                 
       0.Info>>         Performance Analysis (relative to total time * nodes)   
       0.Info>>-----------------------------------------------------------------
       0.Info>> mean and total runtimes:                                        
       0.Info>>-----------------------------------------------------------------
       0.Info>>          measure |    total |       count |     mean |   stddev 
       0.Info>>-----------------------------------------------------------------
       0.Info>>   sd:c:b:dspstore| 5.628e-04|        10000| 5.628e-08| 2.591e-07
       0.Info>>    sd:c:b:scatter| 6.543e-01|        10000| 6.543e-05| 9.915e-05
       0.Info>>        sd:c:block| 6.571e-01|          100| 6.571e-03| 4.818e-03
       0.Info>>         sd:c:init| 2.242e-01|          100| 2.242e-03| 3.877e-03
       0.Info>>       sd:c:reduce| 1.704e-06|          100| 1.704e-08| 7.638e-08
       0.Info>>         sd:c:wait| 2.520e-06|          100| 2.520e-08| 7.959e-08
       0.Info>>        sd:compute| 8.813e-01|          100| 8.813e-03| 6.839e-03
       0.Info>>         sd:runner| 8.814e-01|            8| 1.102e-01| 0.000e+00
       0.Info>>          sd:stage| 3.013e-03|            8| 3.766e-04| 0.000e+00
       0.Info>> sd:worker:scatter| 6.484e-01|        10000| 6.484e-05| 9.732e-05
       0.Info>>    sd:worker:wait| 2.315e-01|        10000| 2.315e-05| 1.876e-03
       0.Info>>          sd:write| 1.527e-05|          100| 1.527e-07| 1.024e-06
       0.Info>>           st:fill| 1.827e-04|            8| 2.284e-05| 0.000e+00
       0.Info>>          st:first| 3.520e-04|            1| 3.520e-04| 0.000e+00
       0.Info>>           st:load| 3.467e-04|            1| 3.467e-04| 0.000e+00
       0.Info>>           st:wait| 2.468e-03|            8| 3.085e-04| 0.000e+00
       0.Info>>-----------------------------------------------------------------
       0.Info>>-----------------------------------------------------------------
       0.Info>> watermarks:                                                     
       0.Info>>-----------------------------------------------------------------
       0.Info>>          measure |      min |      max                          
       0.Info>>-----------------------------------------------------------------
       0.Info>>   sd:c:b:dspstore| 2.964e-08| 1.126e-06                         
       0.Info>>    sd:c:b:scatter| 2.324e-05| 1.911e-04                         
       0.Info>>        sd:c:block| 2.646e-03| 8.128e-03                         
       0.Info>>         sd:c:init| 1.673e-03| 3.718e-03                         
       0.Info>>       sd:c:reduce| 0.000e+00| 4.446e-08                         
       0.Info>>         sd:c:wait| 1.482e-08| 5.928e-08                         
       0.Info>>        sd:compute| 4.416e-03| 1.137e-02                         
       0.Info>>         sd:runner| 9.853e-02| 1.177e-01                         
       0.Info>>          sd:stage| 3.741e-04| 3.776e-04                         
       0.Info>> sd:worker:scatter| 2.268e-05| 1.438e-04                         
       0.Info>>    sd:worker:wait| 1.482e-08| 3.720e-03                         
       0.Info>>          sd:write| 7.411e-08| 7.262e-07                         
       0.Info>>           st:fill| 2.026e-05| 2.386e-05                         
       0.Info>>          st:first| 3.520e-04| 3.520e-04                         
       0.Info>>           st:load| 3.467e-04| 3.467e-04                         
       0.Info>>           st:wait| 1.482e-07| 3.526e-04                         
       0.Info>>-----------------------------------------------------------------
       0.Info>>Total runtime (s): 8.4338429999999995                            
       0.Info>>Successfully finished... Have a nice day!                        
