       0.Info>>This software is being developed by Benjamin Lindner.                    
       0.Info>>For help, suggestions or correspondense use:                             
       0.Info>>ben@benlabs.net, Benjamin Lindner (Main Developer, Impl. & Maintenance)  
       0.Info>>franc@cmm.ki.si, Franci Merzel (Methodology)                             
       0.Info>>For publications include the following references:                       
       0.Info>>.........................................................................
       0.Info>>1. Sassena - X-ray and Neutron Scattering Calculated                     
       0.Info>>  from Molecular Dynamics Trajectories using Massively Parallel Computers
       0.Info>>  published as a Computer Program in Physics Paper                       
       0.Info>>.........................................................................
       0.Info>>Version Information: 1.4.2                                       
       0.Info>>                                                                 
       0.Info>>.................................................................
       0.Info>>......................D.E.S.C.R.I.P.T.I.O.N......................
       0.Info>>.................................................................
       0.Info>>This binary computes the scattering intensities directly from    
       0.Info>>a molecular dynamics trajectory.                                 
       0.Info>>.................................................................
       0.Info>>.................................................................
       0.Info>>...................I.N.I.T.I.A.L.I.Z.A.T.I.O.N...................
       0.Info>>.................................................................
       0.Info>>No configuration file specified. Will use default                
       0.Info>>Looking for configuration file: scatter.xml                      
       0.Info>>Reading parameters from XML file: scatter.xml                    
       0.Info>>Added frames from /home/amajumda/study/continuum_simulations/gitlab/continuum-to-scattering/data/100_100_100_10_10_10/single_atom_shrink/iteration_003/t005/pdb_dcd/sample.dcd using format: dcd
       0.Info>>Options: first=0, last=0, lastset=0, stride=1                    
       0.Info>>stager.target=system                                             
       0.Info>>scattering.type=all                                              
       0.Info>>scattering.dsp.type=square                                       
       0.Info>>scattering.average.orientation.type=vectors                      
       0.Info>>scattering.average.orientation.vectors.type=sphere               
       0.Info>>scattering.average.orientation.vectors.algorithm=boost_uniform_on_sphere
       0.Info>>scattering.average.orientation.vectors.resolution=100            
       0.Info>>Generating orientations for orientational averaging using sphere,boost_uniform_on_sphere
       0.Info>>Initialized orientational averaging with 100 vectors.            
       0.Info>>scattering.signal.file=signal.h5                                 
       0.Info>>scattering.signal.filepath=/home/amajumda/study/continuum_simulations/gitlab/continuum-to-scattering/data/100_100_100_10_10_10/single_atom_shrink/iteration_003/t005/signal.h5
       0.Info>>scattering.signal.fqt=1                                          
       0.Info>>scattering.signal.fq0=1                                          
       0.Info>>scattering.signal.fq=1                                           
       0.Info>>scattering.signal.fq2=1                                          
       0.Info>>Analyzing command line for parameter overwrites                  
       0.Info>>Reading database from file: /home/amajumda/study/continuum_simulations/gitlab/continuum-to-scattering/data/100_100_100_10_10_10/single_atom_shrink/iteration_003/t005/database/db-neutron-coherent.xml
       0.Info>>Checking database...                                             
       0.Info>>Testing mapping between PDB names and atom labels                
       0.Info>>Testing database completeness for referenced atom labels         
       0.Info>>Check succeeded. Database seems OK.                              
       0.Info>>Initializing sample...                                           
       0.Info>>Reading structure from file: /home/amajumda/study/continuum_simulations/gitlab/continuum-to-scattering/data/100_100_100_10_10_10/single_atom_shrink/iteration_003/t005/pdb_dcd/sample.pdb
       0.Info>>Done. Atoms read: 1000                                           
       0.Info>>Reading frames from: /home/amajumda/study/continuum_simulations/gitlab/continuum-to-scattering/data/100_100_100_10_10_10/single_atom_shrink/iteration_003/t005/pdb_dcd/sample.dcd
       0.Info>>Found 1 frames                                                   
       0.Info>>Total number of coordinate sets found: 1                         
       0.Info>>Exchanging sample, database & params information with compute nodes... 
       0.Info>>params...                                                        
       0.Info>>database...                                                      
       0.Info>>sample...                                                        
       0.Info>>.................................................................
       0.Info>>......................C.O.M.P.U.T.A.T.I.O.N......................
       0.Info>>.................................................................
       0.Info>>Setting up services...                                           
       0.Info>>Initializing data file service...                                
       0.Info>>Initializing monitor service...                                  
       0.Info>>Starting data file service...                                    
       0.Info>>Starting monitor service...                                      
       0.Info>>Services setup and running...                                    
       0.Info>>Checking /home/amajumda/study/continuum_simulations/gitlab/continuum-to-scattering/data/100_100_100_10_10_10/single_atom_shrink/iteration_003/t005/signal.h5 for old results.
       0.Info>>Broadcasting service information                                 
       0.Info>>Server host name    : hzglap02                                   
       0.Info>>FileService Port    : 36375                                      
       0.Info>>MonitorService Port : 35233                                      
       0.Info>>Setting up parallel environment...                               
       0.Info>>Searching for decomposition plan:                                
       0.Info>>nodes    = 8                                                     
       0.Info>>qvectors = 100                                                   
       0.Info>>frames   = 1                                                     
       0.Info>>atoms   = 1000                                                   
       0.Info>>All interference scattering detected. Applying frame decomposition.
       0.Info>>Automatic decomposition. Searching for best utilization.         
       0.Info>>Final decomposition parameters:                                  
       0.Info>>NN                : 8                                            
       0.Info>>NQ                : 100                                          
       0.Info>>NAF               : 1                                            
       0.Info>>NP                : 8                                            
       0.Info>>NNpP              : 1                                            
       0.Info>>NAFcycles         : 1                                            
       0.Info>>NQcycles          : 13                                           
       0.Info>>CompEl (WASTE/USE): 4/100                                        
       0.Info>>utilization(1=best)    : 0.96153846153846156                     
       0.Info>>Initializing Scatter Device, Vectors (all)                       
       0.Info>>Starting scattering...                                           
       0.Info>>Checking memory requirements for scattering calculation...       
       0.Info>>required limits.computation.memory.result_buffer=16              
       0.Info>>required limits.computation.memory.signal_buffer=16              
       0.Info>>required limits.computation.memory.exchange_buffer=0             
       0.Info>>required limits.computation.memory.alignpad_buffer=32            
       0.Info>>Memory limits ok                                                 
       0.Info>>Staging data...                                                  
       0.Info>>Forcing stager.mode=frames                                       
       0.Info>>Staging first partition.                                         
       0.Info>>Staging remaining partitions.                                    
       0.Info>>background scattering length set to 0                            
       0.Info>>Target initialized.                                              
       0.Info>>Target 'system' produces a background scattering length density of 0.10355681630512822
       0.Info>>Starting computation...                                          
       0.Info>>Orientational averaging includes 100 vectors                     
       0.Info>>Setting progress sampling factor for monitoring to 1             
       0.Info>>Scattering finished...                                           
       0.Info>>.................................................................
       0.Info>>.....................R.U.N...A.N.A.L.Y.S.I.S.....................
       0.Info>>.................................................................
       0.Info>>Aggregating timing information for performance analysis...       
       0.Info>>                                                                 
       0.Info>>                    Performance Analysis                         
       0.Info>>-----------------------------------------------------------------
       0.Info>> mean and total runtimes:                                        
       0.Info>>-----------------------------------------------------------------
       0.Info>>          measure |    total |       count |     mean |   stddev 
       0.Info>>-----------------------------------------------------------------
       0.Info>>   sd:c:b:dspstore| 2.836e-02|        10000| 2.836e-06| 1.779e-06
       0.Info>>    sd:c:b:scatter| 6.572e-01|        10000| 6.572e-05| 1.360e-05
       0.Info>>        sd:c:block| 7.942e-01|          100| 7.942e-03| 5.791e-04
       0.Info>>         sd:c:init| 1.556e-01|          100| 1.556e-03| 2.958e-04
       0.Info>>       sd:c:reduce| 1.220e-04|          100| 1.220e-06| 6.486e-07
       0.Info>>         sd:c:wait| 1.470e-04|          100| 1.470e-06| 6.120e-07
       0.Info>>        sd:compute| 9.522e-01|          100| 9.522e-03| 6.383e-04
       0.Info>>         sd:runner| 9.551e-01|            8| 1.194e-01| 0.000e+00
       0.Info>>          sd:stage| 4.443e-03|            8| 5.554e-04| 0.000e+00
       0.Info>> sd:worker:scatter| 4.638e-01|        10000| 4.638e-05| 7.743e-06
       0.Info>>    sd:worker:wait| 4.111e-01|        10000| 4.111e-05| 1.627e-04
       0.Info>>          sd:write| 8.560e-04|          100| 8.560e-06| 6.587e-06
       0.Info>>           st:fill| 7.410e-04|            8| 9.262e-05| 0.000e+00
       0.Info>>          st:first| 3.570e-04|            1| 3.570e-04| 0.000e+00
       0.Info>>           st:load| 3.280e-04|            1| 3.280e-04| 0.000e+00
       0.Info>>           st:wait| 2.738e-03|            8| 3.422e-04| 0.000e+00
       0.Info>>-----------------------------------------------------------------
       0.Info>>-----------------------------------------------------------------
       0.Info>> watermarks:                                                     
       0.Info>>-----------------------------------------------------------------
       0.Info>>          measure |      min |      max                          
       0.Info>>-----------------------------------------------------------------
       0.Info>>   sd:c:b:dspstore| 1.000e-06| 6.500e-05                         
       0.Info>>    sd:c:b:scatter| 2.300e-05| 4.120e-04                         
       0.Info>>        sd:c:block| 4.576e-03| 9.044e-03                         
       0.Info>>         sd:c:init| 9.520e-04| 2.176e-03                         
       0.Info>>       sd:c:reduce| 0.000e+00| 5.000e-06                         
       0.Info>>         sd:c:wait| 1.000e-06| 3.000e-06                         
       0.Info>>        sd:compute| 6.517e-03| 1.074e-02                         
       0.Info>>         sd:runner| 1.095e-01| 1.274e-01                         
       0.Info>>          sd:stage| 5.500e-04| 5.620e-04                         
       0.Info>> sd:worker:scatter| 1.200e-05| 2.890e-04                         
       0.Info>>    sd:worker:wait| 1.300e-05| 2.247e-03                         
       0.Info>>          sd:write| 4.000e-06| 4.600e-05                         
       0.Info>>           st:fill| 7.800e-05| 9.700e-05                         
       0.Info>>          st:first| 3.570e-04| 3.570e-04                         
       0.Info>>           st:load| 3.280e-04| 3.280e-04                         
       0.Info>>           st:wait| 5.000e-06| 3.920e-04                         
       0.Info>>-----------------------------------------------------------------
       0.Info>>                                                                 
       0.Info>>         Performance Analysis (relative to total time * nodes)   
       0.Info>>-----------------------------------------------------------------
       0.Info>> mean and total runtimes:                                        
       0.Info>>-----------------------------------------------------------------
       0.Info>>          measure |    total |       count |     mean |   stddev 
       0.Info>>-----------------------------------------------------------------
       0.Info>>   sd:c:b:dspstore| 2.021e-02|        10000| 2.021e-06| 1.502e-06
       0.Info>>    sd:c:b:scatter| 4.684e-01|        10000| 4.684e-05| 1.148e-05
       0.Info>>        sd:c:block| 5.660e-01|          100| 5.660e-03| 4.888e-04
       0.Info>>         sd:c:init| 1.109e-01|          100| 1.109e-03| 2.497e-04
       0.Info>>       sd:c:reduce| 8.694e-05|          100| 8.694e-07| 5.476e-07
       0.Info>>         sd:c:wait| 1.048e-04|          100| 1.048e-06| 5.166e-07
       0.Info>>        sd:compute| 6.786e-01|          100| 6.786e-03| 5.388e-04
       0.Info>>         sd:runner| 6.806e-01|            8| 8.508e-02| 0.000e+00
       0.Info>>          sd:stage| 3.166e-03|            8| 3.958e-04| 0.000e+00
       0.Info>> sd:worker:scatter| 3.305e-01|        10000| 3.305e-05| 6.537e-06
       0.Info>>    sd:worker:wait| 2.930e-01|        10000| 2.930e-05| 1.373e-04
       0.Info>>          sd:write| 6.100e-04|          100| 6.100e-06| 5.561e-06
       0.Info>>           st:fill| 5.281e-04|            8| 6.601e-05| 0.000e+00
       0.Info>>          st:first| 2.544e-04|            1| 2.544e-04| 0.000e+00
       0.Info>>           st:load| 2.338e-04|            1| 2.338e-04| 0.000e+00
       0.Info>>           st:wait| 1.951e-03|            8| 2.439e-04| 0.000e+00
       0.Info>>-----------------------------------------------------------------
       0.Info>>-----------------------------------------------------------------
       0.Info>> watermarks:                                                     
       0.Info>>-----------------------------------------------------------------
       0.Info>>          measure |      min |      max                          
       0.Info>>-----------------------------------------------------------------
       0.Info>>   sd:c:b:dspstore| 7.127e-07| 4.632e-05                         
       0.Info>>    sd:c:b:scatter| 1.639e-05| 2.936e-04                         
       0.Info>>        sd:c:block| 3.261e-03| 6.445e-03                         
       0.Info>>         sd:c:init| 6.785e-04| 1.551e-03                         
       0.Info>>       sd:c:reduce| 0.000e+00| 3.563e-06                         
       0.Info>>         sd:c:wait| 7.127e-07| 2.138e-06                         
       0.Info>>        sd:compute| 4.644e-03| 7.655e-03                         
       0.Info>>         sd:runner| 7.804e-02| 9.076e-02                         
       0.Info>>          sd:stage| 3.920e-04| 4.005e-04                         
       0.Info>> sd:worker:scatter| 8.552e-06| 2.060e-04                         
       0.Info>>    sd:worker:wait| 9.265e-06| 1.601e-03                         
       0.Info>>          sd:write| 2.851e-06| 3.278e-05                         
       0.Info>>           st:fill| 5.559e-05| 6.913e-05                         
       0.Info>>          st:first| 2.544e-04| 2.544e-04                         
       0.Info>>           st:load| 2.338e-04| 2.338e-04                         
       0.Info>>           st:wait| 3.563e-06| 2.794e-04                         
       0.Info>>-----------------------------------------------------------------
       0.Info>>Total runtime (s): 0.175399                                      
       0.Info>>Successfully finished... Have a nice day!                        
