       0.Info>>This software is being developed by Benjamin Lindner.                    
       0.Info>>For help, suggestions or correspondense use:                             
       0.Info>>ben@benlabs.net, Benjamin Lindner (Main Developer, Impl. & Maintenance)  
       0.Info>>franc@cmm.ki.si, Franci Merzel (Methodology)                             
       0.Info>>For publications include the following references:                       
       0.Info>>.........................................................................
       0.Info>>1. Sassena - X-ray and Neutron Scattering Calculated                     
       0.Info>>  from Molecular Dynamics Trajectories using Massively Parallel Computers
       0.Info>>  published as a Computer Program in Physics Paper                       
       0.Info>>.........................................................................
       0.Info>>Version Information: 1.4.2                                       
       0.Info>>                                                                 
       0.Info>>.................................................................
       0.Info>>......................D.E.S.C.R.I.P.T.I.O.N......................
       0.Info>>.................................................................
       0.Info>>This binary computes the scattering intensities directly from    
       0.Info>>a molecular dynamics trajectory.                                 
       0.Info>>.................................................................
       0.Info>>.................................................................
       0.Info>>...................I.N.I.T.I.A.L.I.Z.A.T.I.O.N...................
       0.Info>>.................................................................
       0.Info>>No configuration file specified. Will use default                
       0.Info>>Looking for configuration file: scatter.xml                      
       0.Info>>Reading parameters from XML file: scatter.xml                    
       0.Info>>Added frames from /home/amajumda/study/continuum_simulations/gitlab/continuum-to-scattering/data/100_100_100_50_50_50/single_atom_shrink/iteration_009/t001/pdb_dcd/sample.dcd using format: dcd
       0.Info>>Options: first=0, last=0, lastset=0, stride=1                    
       0.Info>>stager.target=system                                             
       0.Info>>scattering.type=all                                              
       0.Info>>scattering.dsp.type=square                                       
       0.Info>>scattering.average.orientation.type=vectors                      
       0.Info>>scattering.average.orientation.vectors.type=sphere               
       0.Info>>scattering.average.orientation.vectors.algorithm=boost_uniform_on_sphere
       0.Info>>scattering.average.orientation.vectors.resolution=100            
       0.Info>>Generating orientations for orientational averaging using sphere,boost_uniform_on_sphere
       0.Info>>Initialized orientational averaging with 100 vectors.            
       0.Info>>scattering.signal.file=signal.h5                                 
       0.Info>>scattering.signal.filepath=/home/amajumda/study/continuum_simulations/gitlab/continuum-to-scattering/data/100_100_100_50_50_50/single_atom_shrink/iteration_009/t001/signal.h5
       0.Info>>scattering.signal.fqt=1                                          
       0.Info>>scattering.signal.fq0=1                                          
       0.Info>>scattering.signal.fq=1                                           
       0.Info>>scattering.signal.fq2=1                                          
       0.Info>>Analyzing command line for parameter overwrites                  
       0.Info>>Reading database from file: /home/amajumda/study/continuum_simulations/gitlab/continuum-to-scattering/data/100_100_100_50_50_50/single_atom_shrink/iteration_009/t001/database/db-neutron-coherent.xml
       0.Info>>Checking database...                                             
       0.Info>>Testing mapping between PDB names and atom labels                
       0.Info>>Testing database completeness for referenced atom labels         
       0.Info>>Check succeeded. Database seems OK.                              
       0.Info>>Initializing sample...                                           
       0.Info>>Reading structure from file: /home/amajumda/study/continuum_simulations/gitlab/continuum-to-scattering/data/100_100_100_50_50_50/single_atom_shrink/iteration_009/t001/pdb_dcd/sample.pdb
       0.Info>>Done. Atoms read: 125000                                         
       0.Info>>Reading frames from: /home/amajumda/study/continuum_simulations/gitlab/continuum-to-scattering/data/100_100_100_50_50_50/single_atom_shrink/iteration_009/t001/pdb_dcd/sample.dcd
       0.Info>>Found 1 frames                                                   
       0.Info>>Total number of coordinate sets found: 1                         
       0.Info>>Exchanging sample, database & params information with compute nodes... 
       0.Info>>params...                                                        
       0.Info>>database...                                                      
       0.Info>>sample...                                                        
       0.Info>>.................................................................
       0.Info>>......................C.O.M.P.U.T.A.T.I.O.N......................
       0.Info>>.................................................................
       0.Info>>Setting up services...                                           
       0.Info>>Initializing data file service...                                
       0.Info>>Initializing monitor service...                                  
       0.Info>>Starting data file service...                                    
       0.Info>>Starting monitor service...                                      
       0.Info>>Services setup and running...                                    
       0.Info>>Checking /home/amajumda/study/continuum_simulations/gitlab/continuum-to-scattering/data/100_100_100_50_50_50/single_atom_shrink/iteration_009/t001/signal.h5 for old results.
       0.Info>>Broadcasting service information                                 
       0.Info>>Server host name    : hzglap02                                   
       0.Info>>FileService Port    : 37495                                      
       0.Info>>MonitorService Port : 42051                                      
       0.Info>>Setting up parallel environment...                               
       0.Info>>Searching for decomposition plan:                                
       0.Info>>nodes    = 8                                                     
       0.Info>>qvectors = 100                                                   
       0.Info>>frames   = 1                                                     
       0.Info>>atoms   = 125000                                                 
       0.Info>>All interference scattering detected. Applying frame decomposition.
       0.Info>>Automatic decomposition. Searching for best utilization.         
       0.Info>>Final decomposition parameters:                                  
       0.Info>>NN                : 8                                            
       0.Info>>NQ                : 100                                          
       0.Info>>NAF               : 1                                            
       0.Info>>NP                : 8                                            
       0.Info>>NNpP              : 1                                            
       0.Info>>NAFcycles         : 1                                            
       0.Info>>NQcycles          : 13                                           
       0.Info>>CompEl (WASTE/USE): 4/100                                        
       0.Info>>utilization(1=best)    : 0.96153846153846156                     
       0.Info>>Initializing Scatter Device, Vectors (all)                       
       0.Info>>Starting scattering...                                           
       0.Info>>Checking memory requirements for scattering calculation...       
       0.Info>>required limits.computation.memory.result_buffer=16              
       0.Info>>required limits.computation.memory.signal_buffer=16              
       0.Info>>required limits.computation.memory.exchange_buffer=0             
       0.Info>>required limits.computation.memory.alignpad_buffer=32            
       0.Info>>Memory limits ok                                                 
       0.Info>>Staging data...                                                  
       0.Info>>Forcing stager.mode=frames                                       
       0.Info>>Staging first partition.                                         
       0.Info>>Staging remaining partitions.                                    
       0.Info>>background scattering length set to 0                            
       0.Info>>Target initialized.                                              
       0.Info>>Target 'system' produces a background scattering length density of 0.002062390019260773
       0.Info>>Starting computation...                                          
       0.Info>>Orientational averaging includes 100 vectors                     
       0.Info>>Setting progress sampling factor for monitoring to 1             
       0.Info>>Progress: 1.500%, ETOTAL: 55.609666666666662 s, ETA: 54.775521666666663 s
       0.Info>>Progress: 2.875%, ETOTAL: 29.160834782608692 s, ETA: 28.322460782608694 s
       0.Info>>Progress: 4.250%, ETOTAL: 19.772964705882352 s, ETA: 18.932613705882353 s
       0.Info>>Progress: 6.385%, ETOTAL: 13.191323980424142 s, ETA: 12.349002980424142 s
       0.Info>>Progress: 10.760%, ETOTAL: 7.9416441432720228 s, ETA: 7.0870901432720226 s
       0.Info>>Progress: 23.030%, ETOTAL: 12.260173627444157 s, ETA: 9.4366006274441574 s
       0.Info>>Progress: 33.310%, ETOTAL: 8.7914126289961754 s, ETA: 5.8629846289961751 s
       0.Info>>Progress: 40.580%, ETOTAL: 7.4565979306531887 s, ETA: 4.4307009306531882 s
       0.Info>>Progress: 52.955%, ETOTAL: 9.1358838397288444 s, ETA: 4.297964839728845 s
       0.Info>>Progress: 62.955%, ETOTAL: 7.7476246003461959 s, ETA: 2.8700976003461962 s
       0.Info>>Progress: 72.455%, ETOTAL: 9.442463452180835 s, ETA: 2.6009144521808354 s
       0.Info>>Progress: 82.455%, ETOTAL: 8.3259345409313514 s, ETA: 1.460774540931352 s
       0.Info>>Scattering finished...                                           
       0.Info>>.................................................................
       0.Info>>.....................R.U.N...A.N.A.L.Y.S.I.S.....................
       0.Info>>.................................................................
       0.Info>>Aggregating timing information for performance analysis...       
       0.Info>>                                                                 
       0.Info>>                    Performance Analysis                         
       0.Info>>-----------------------------------------------------------------
       0.Info>> mean and total runtimes:                                        
       0.Info>>-----------------------------------------------------------------
       0.Info>>          measure |    total |       count |     mean |   stddev 
       0.Info>>-----------------------------------------------------------------
       0.Info>>   sd:c:b:dspstore| 3.641e-02|        10000| 3.641e-06| 2.048e-06
       0.Info>>    sd:c:b:scatter| 4.368e+01|        10000| 4.368e-03| 7.532e-04
       0.Info>>        sd:c:block| 4.386e+01|          100| 4.386e-01| 4.278e-02
       0.Info>>         sd:c:init| 1.495e+01|          100| 1.495e-01| 2.995e-02
       0.Info>>       sd:c:reduce| 9.900e-05|          100| 9.900e-07| 4.145e-07
       0.Info>>         sd:c:wait| 1.630e-04|          100| 1.630e-06| 5.161e-07
       0.Info>>        sd:compute| 5.881e+01|          100| 5.881e-01| 5.997e-02
       0.Info>>         sd:runner| 5.882e+01|            8| 7.352e+00| 0.000e+00
       0.Info>>          sd:stage| 1.975e-01|            8| 2.469e-02| 0.000e+00
       0.Info>> sd:worker:scatter| 4.332e+01|        10000| 4.332e-03| 7.374e-04
       0.Info>>    sd:worker:wait| 1.539e+01|        10000| 1.539e-03| 1.520e-02
       0.Info>>          sd:write| 9.910e-04|          100| 9.910e-06| 6.562e-06
       0.Info>>           st:fill| 1.161e-02|            8| 1.451e-03| 0.000e+00
       0.Info>>          st:first| 2.312e-02|            1| 2.312e-02| 0.000e+00
       0.Info>>           st:load| 2.279e-02|            1| 2.279e-02| 0.000e+00
       0.Info>>           st:wait| 1.621e-01|            8| 2.026e-02| 0.000e+00
       0.Info>>-----------------------------------------------------------------
       0.Info>>-----------------------------------------------------------------
       0.Info>> watermarks:                                                     
       0.Info>>-----------------------------------------------------------------
       0.Info>>          measure |      min |      max                          
       0.Info>>-----------------------------------------------------------------
       0.Info>>   sd:c:b:dspstore| 2.000e-06| 7.400e-05                         
       0.Info>>    sd:c:b:scatter| 1.532e-03| 1.541e-02                         
       0.Info>>        sd:c:block| 1.581e-01| 5.685e-01                         
       0.Info>>         sd:c:init| 1.162e-01| 2.543e-01                         
       0.Info>>       sd:c:reduce| 0.000e+00| 2.000e-06                         
       0.Info>>         sd:c:wait| 1.000e-06| 3.000e-06                         
       0.Info>>        sd:compute| 2.744e-01| 7.606e-01                         
       0.Info>>         sd:runner| 6.458e+00| 7.828e+00                         
       0.Info>>          sd:stage| 2.455e-02| 2.475e-02                         
       0.Info>> sd:worker:scatter| 1.512e-03| 6.793e-03                         
       0.Info>>    sd:worker:wait| 1.000e-06| 2.544e-01                         
       0.Info>>          sd:write| 5.000e-06| 4.000e-05                         
       0.Info>>           st:fill| 1.301e-03| 1.514e-03                         
       0.Info>>          st:first| 2.312e-02| 2.312e-02                         
       0.Info>>           st:load| 2.279e-02| 2.279e-02                         
       0.Info>>           st:wait| 9.000e-06| 2.316e-02                         
       0.Info>>-----------------------------------------------------------------
       0.Info>>                                                                 
       0.Info>>         Performance Analysis (relative to total time * nodes)   
       0.Info>>-----------------------------------------------------------------
       0.Info>> mean and total runtimes:                                        
       0.Info>>-----------------------------------------------------------------
       0.Info>>          measure |    total |       count |     mean |   stddev 
       0.Info>>-----------------------------------------------------------------
       0.Info>>   sd:c:b:dspstore| 5.497e-04|        10000| 5.497e-08| 2.517e-07
       0.Info>>    sd:c:b:scatter| 6.596e-01|        10000| 6.596e-05| 9.256e-05
       0.Info>>        sd:c:block| 6.623e-01|          100| 6.623e-03| 5.257e-03
       0.Info>>         sd:c:init| 2.258e-01|          100| 2.258e-03| 3.681e-03
       0.Info>>       sd:c:reduce| 1.495e-06|          100| 1.495e-08| 5.093e-08
       0.Info>>         sd:c:wait| 2.461e-06|          100| 2.461e-08| 6.343e-08
       0.Info>>        sd:compute| 8.881e-01|          100| 8.881e-03| 7.370e-03
       0.Info>>         sd:runner| 8.881e-01|            8| 1.110e-01| 0.000e+00
       0.Info>>          sd:stage| 2.983e-03|            8| 3.728e-04| 0.000e+00
       0.Info>> sd:worker:scatter| 6.542e-01|        10000| 6.542e-05| 9.061e-05
       0.Info>>    sd:worker:wait| 2.324e-01|        10000| 2.324e-05| 1.868e-03
       0.Info>>          sd:write| 1.496e-05|          100| 1.496e-07| 8.064e-07
       0.Info>>           st:fill| 1.753e-04|            8| 2.191e-05| 0.000e+00
       0.Info>>          st:first| 3.491e-04|            1| 3.491e-04| 0.000e+00
       0.Info>>           st:load| 3.442e-04|            1| 3.442e-04| 0.000e+00
       0.Info>>           st:wait| 2.447e-03|            8| 3.059e-04| 0.000e+00
       0.Info>>-----------------------------------------------------------------
       0.Info>>-----------------------------------------------------------------
       0.Info>> watermarks:                                                     
       0.Info>>-----------------------------------------------------------------
       0.Info>>          measure |      min |      max                          
       0.Info>>-----------------------------------------------------------------
       0.Info>>   sd:c:b:dspstore| 3.020e-08| 1.117e-06                         
       0.Info>>    sd:c:b:scatter| 2.313e-05| 2.327e-04                         
       0.Info>>        sd:c:block| 2.387e-03| 8.584e-03                         
       0.Info>>         sd:c:init| 1.754e-03| 3.839e-03                         
       0.Info>>       sd:c:reduce| 0.000e+00| 3.020e-08                         
       0.Info>>         sd:c:wait| 1.510e-08| 4.530e-08                         
       0.Info>>        sd:compute| 4.143e-03| 1.148e-02                         
       0.Info>>         sd:runner| 9.752e-02| 1.182e-01                         
       0.Info>>          sd:stage| 3.706e-04| 3.738e-04                         
       0.Info>> sd:worker:scatter| 2.283e-05| 1.026e-04                         
       0.Info>>    sd:worker:wait| 1.510e-08| 3.841e-03                         
       0.Info>>          sd:write| 7.550e-08| 6.040e-07                         
       0.Info>>           st:fill| 1.964e-05| 2.286e-05                         
       0.Info>>          st:first| 3.491e-04| 3.491e-04                         
       0.Info>>           st:load| 3.442e-04| 3.442e-04                         
       0.Info>>           st:wait| 1.359e-07| 3.497e-04                         
       0.Info>>-----------------------------------------------------------------
       0.Info>>Total runtime (s): 8.2782210000000003                            
       0.Info>>Successfully finished... Have a nice day!                        
