       0.Info>>This software is being developed by Benjamin Lindner.                    
       0.Info>>For help, suggestions or correspondense use:                             
       0.Info>>ben@benlabs.net, Benjamin Lindner (Main Developer, Impl. & Maintenance)  
       0.Info>>franc@cmm.ki.si, Franci Merzel (Methodology)                             
       0.Info>>For publications include the following references:                       
       0.Info>>.........................................................................
       0.Info>>1. Sassena - X-ray and Neutron Scattering Calculated                     
       0.Info>>  from Molecular Dynamics Trajectories using Massively Parallel Computers
       0.Info>>  published as a Computer Program in Physics Paper                       
       0.Info>>.........................................................................
       0.Info>>Version Information: 1.4.2                                       
       0.Info>>                                                                 
       0.Info>>.................................................................
       0.Info>>......................D.E.S.C.R.I.P.T.I.O.N......................
       0.Info>>.................................................................
       0.Info>>This binary computes the scattering intensities directly from    
       0.Info>>a molecular dynamics trajectory.                                 
       0.Info>>.................................................................
       0.Info>>.................................................................
       0.Info>>...................I.N.I.T.I.A.L.I.Z.A.T.I.O.N...................
       0.Info>>.................................................................
       0.Info>>No configuration file specified. Will use default                
       0.Info>>Looking for configuration file: scatter.xml                      
       0.Info>>Reading parameters from XML file: scatter.xml                    
       0.Info>>Added frames from /home/amajumda/study/continuum_simulations/gitlab/continuum-to-scattering/data/100_100_100_50_50_50/single_atom_shrink/iteration_000/t000/pdb_dcd/sample.dcd using format: dcd
       0.Info>>Options: first=0, last=0, lastset=0, stride=1                    
       0.Info>>stager.target=system                                             
       0.Info>>scattering.type=all                                              
       0.Info>>scattering.dsp.type=square                                       
       0.Info>>scattering.average.orientation.type=vectors                      
       0.Info>>scattering.average.orientation.vectors.type=sphere               
       0.Info>>scattering.average.orientation.vectors.algorithm=boost_uniform_on_sphere
       0.Info>>scattering.average.orientation.vectors.resolution=100            
       0.Info>>Generating orientations for orientational averaging using sphere,boost_uniform_on_sphere
       0.Info>>Initialized orientational averaging with 100 vectors.            
       0.Info>>scattering.signal.file=signal.h5                                 
       0.Info>>scattering.signal.filepath=/home/amajumda/study/continuum_simulations/gitlab/continuum-to-scattering/data/100_100_100_50_50_50/single_atom_shrink/iteration_000/t000/signal.h5
       0.Info>>scattering.signal.fqt=1                                          
       0.Info>>scattering.signal.fq0=1                                          
       0.Info>>scattering.signal.fq=1                                           
       0.Info>>scattering.signal.fq2=1                                          
       0.Info>>Analyzing command line for parameter overwrites                  
       0.Info>>Reading database from file: /home/amajumda/study/continuum_simulations/gitlab/continuum-to-scattering/data/100_100_100_50_50_50/single_atom_shrink/iteration_000/t000/database/db-neutron-coherent.xml
       0.Info>>Checking database...                                             
       0.Info>>Testing mapping between PDB names and atom labels                
       0.Info>>Testing database completeness for referenced atom labels         
       0.Info>>Check succeeded. Database seems OK.                              
       0.Info>>Initializing sample...                                           
       0.Info>>Reading structure from file: /home/amajumda/study/continuum_simulations/gitlab/continuum-to-scattering/data/100_100_100_50_50_50/single_atom_shrink/iteration_000/t000/pdb_dcd/sample.pdb
       0.Info>>Done. Atoms read: 125000                                         
       0.Info>>Reading frames from: /home/amajumda/study/continuum_simulations/gitlab/continuum-to-scattering/data/100_100_100_50_50_50/single_atom_shrink/iteration_000/t000/pdb_dcd/sample.dcd
       0.Info>>Found 1 frames                                                   
       0.Info>>Total number of coordinate sets found: 1                         
       0.Info>>Exchanging sample, database & params information with compute nodes... 
       0.Info>>params...                                                        
       0.Info>>database...                                                      
       0.Info>>sample...                                                        
       0.Info>>.................................................................
       0.Info>>......................C.O.M.P.U.T.A.T.I.O.N......................
       0.Info>>.................................................................
       0.Info>>Setting up services...                                           
       0.Info>>Initializing data file service...                                
       0.Info>>Initializing monitor service...                                  
       0.Info>>Starting data file service...                                    
       0.Info>>Starting monitor service...                                      
       0.Info>>Services setup and running...                                    
       0.Info>>Checking /home/amajumda/study/continuum_simulations/gitlab/continuum-to-scattering/data/100_100_100_50_50_50/single_atom_shrink/iteration_000/t000/signal.h5 for old results.
       0.Info>>Broadcasting service information                                 
       0.Info>>Server host name    : hzglap02                                   
       0.Info>>FileService Port    : 38275                                      
       0.Info>>MonitorService Port : 41609                                      
       0.Info>>Setting up parallel environment...                               
       0.Info>>Searching for decomposition plan:                                
       0.Info>>nodes    = 8                                                     
       0.Info>>qvectors = 100                                                   
       0.Info>>frames   = 1                                                     
       0.Info>>atoms   = 125000                                                 
       0.Info>>All interference scattering detected. Applying frame decomposition.
       0.Info>>Automatic decomposition. Searching for best utilization.         
       0.Info>>Final decomposition parameters:                                  
       0.Info>>NN                : 8                                            
       0.Info>>NQ                : 100                                          
       0.Info>>NAF               : 1                                            
       0.Info>>NP                : 8                                            
       0.Info>>NNpP              : 1                                            
       0.Info>>NAFcycles         : 1                                            
       0.Info>>NQcycles          : 13                                           
       0.Info>>CompEl (WASTE/USE): 4/100                                        
       0.Info>>utilization(1=best)    : 0.96153846153846156                     
       0.Info>>Initializing Scatter Device, Vectors (all)                       
       0.Info>>Starting scattering...                                           
       0.Info>>Checking memory requirements for scattering calculation...       
       0.Info>>required limits.computation.memory.result_buffer=16              
       0.Info>>required limits.computation.memory.signal_buffer=16              
       0.Info>>required limits.computation.memory.exchange_buffer=0             
       0.Info>>required limits.computation.memory.alignpad_buffer=32            
       0.Info>>Memory limits ok                                                 
       0.Info>>Staging data...                                                  
       0.Info>>Forcing stager.mode=frames                                       
       0.Info>>Staging first partition.                                         
       0.Info>>Staging remaining partitions.                                    
       0.Info>>background scattering length set to 0                            
       0.Info>>Target initialized.                                              
       0.Info>>Target 'system' produces a background scattering length density of 0.0027742633416818212
       0.Info>>Starting computation...                                          
       0.Info>>Orientational averaging includes 100 vectors                     
       0.Info>>Setting progress sampling factor for monitoring to 1             
       0.Info>>Progress: 1.750%, ETOTAL: 57.568971428571416 s, ETA: 56.561514428571414 s
       0.Info>>Progress: 3.510%, ETOTAL: 28.901412462908006 s, ETA: 27.886852462908006 s
       0.Info>>Progress: 5.771%, ETOTAL: 17.830180505415161 s, ETA: 16.801230505415162 s
       0.Info>>Progress: 11.146%, ETOTAL: 9.3867813084112122 s, ETA: 8.3405463084112128 s
       0.Info>>Progress: 21.926%, ETOTAL: 13.726494956877648 s, ETA: 10.716784956877648 s
       0.Info>>Progress: 31.830%, ETOTAL: 9.5594902426744532 s, ETA: 6.5166922426744538 s
       0.Info>>Progress: 42.580%, ETOTAL: 7.3757551524275504 s, ETA: 4.2351491524275504 s
       0.Info>>Progress: 53.205%, ETOTAL: 9.4434825542168692 s, ETA: 4.4190655542168686 s
       0.Info>>Progress: 60.330%, ETOTAL: 8.3376219306168 s, ETA: 3.3075239306167985 s
       0.Info>>Progress: 70.955%, ETOTAL: 7.1200125033878408 s, ETA: 2.0679985033878392 s
       0.Info>>Progress: 80.330%, ETOTAL: 8.7916329250289262 s, ETA: 1.729302925028926 s
       0.Info>>Scattering finished...                                           
       0.Info>>.................................................................
       0.Info>>.....................R.U.N...A.N.A.L.Y.S.I.S.....................
       0.Info>>.................................................................
       0.Info>>Aggregating timing information for performance analysis...       
       0.Info>>                                                                 
       0.Info>>                    Performance Analysis                         
       0.Info>>-----------------------------------------------------------------
       0.Info>> mean and total runtimes:                                        
       0.Info>>-----------------------------------------------------------------
       0.Info>>          measure |    total |       count |     mean |   stddev 
       0.Info>>-----------------------------------------------------------------
       0.Info>>   sd:c:b:dspstore| 3.672e-02|        10000| 3.672e-06| 2.137e-06
       0.Info>>    sd:c:b:scatter| 4.239e+01|        10000| 4.239e-03| 8.145e-04
       0.Info>>        sd:c:block| 4.257e+01|          100| 4.257e-01| 4.342e-02
       0.Info>>         sd:c:init| 1.490e+01|          100| 1.490e-01| 3.257e-02
       0.Info>>       sd:c:reduce| 1.010e-04|          100| 1.010e-06| 5.227e-07
       0.Info>>         sd:c:wait| 1.720e-04|          100| 1.720e-06| 5.945e-07
       0.Info>>        sd:compute| 5.747e+01|          100| 5.747e-01| 5.916e-02
       0.Info>>         sd:runner| 5.747e+01|            8| 7.184e+00| 0.000e+00
       0.Info>>          sd:stage| 1.958e-01|            8| 2.447e-02| 0.000e+00
       0.Info>> sd:worker:scatter| 4.201e+01|        10000| 4.201e-03| 7.958e-04
       0.Info>>    sd:worker:wait| 1.537e+01|        10000| 1.537e-03| 1.523e-02
       0.Info>>          sd:write| 9.930e-04|          100| 9.930e-06| 7.359e-06
       0.Info>>           st:fill| 1.219e-02|            8| 1.524e-03| 0.000e+00
       0.Info>>          st:first| 2.282e-02|            1| 2.282e-02| 0.000e+00
       0.Info>>           st:load| 2.238e-02|            1| 2.238e-02| 0.000e+00
       0.Info>>           st:wait| 1.600e-01|            8| 2.000e-02| 0.000e+00
       0.Info>>-----------------------------------------------------------------
       0.Info>>-----------------------------------------------------------------
       0.Info>> watermarks:                                                     
       0.Info>>-----------------------------------------------------------------
       0.Info>>          measure |      min |      max                          
       0.Info>>-----------------------------------------------------------------
       0.Info>>   sd:c:b:dspstore| 2.000e-06| 7.500e-05                         
       0.Info>>    sd:c:b:scatter| 1.448e-03| 1.296e-02                         
       0.Info>>        sd:c:block| 1.482e-01| 5.119e-01                         
       0.Info>>         sd:c:init| 1.131e-01| 2.360e-01                         
       0.Info>>       sd:c:reduce| 0.000e+00| 3.000e-06                         
       0.Info>>         sd:c:wait| 1.000e-06| 4.000e-06                         
       0.Info>>        sd:compute| 2.675e-01| 7.367e-01                         
       0.Info>>         sd:runner| 6.499e+00| 7.564e+00                         
       0.Info>>          sd:stage| 2.432e-02| 2.453e-02                         
       0.Info>> sd:worker:scatter| 1.429e-03| 6.460e-03                         
       0.Info>>    sd:worker:wait| 1.000e-06| 2.361e-01                         
       0.Info>>          sd:write| 5.000e-06| 4.500e-05                         
       0.Info>>           st:fill| 1.371e-03| 1.589e-03                         
       0.Info>>          st:first| 2.282e-02| 2.282e-02                         
       0.Info>>           st:load| 2.238e-02| 2.238e-02                         
       0.Info>>           st:wait| 9.000e-06| 2.286e-02                         
       0.Info>>-----------------------------------------------------------------
       0.Info>>                                                                 
       0.Info>>         Performance Analysis (relative to total time * nodes)   
       0.Info>>-----------------------------------------------------------------
       0.Info>> mean and total runtimes:                                        
       0.Info>>-----------------------------------------------------------------
       0.Info>>          measure |    total |       count |     mean |   stddev 
       0.Info>>-----------------------------------------------------------------
       0.Info>>   sd:c:b:dspstore| 5.702e-04|        10000| 5.702e-08| 2.663e-07
       0.Info>>    sd:c:b:scatter| 6.582e-01|        10000| 6.582e-05| 1.015e-04
       0.Info>>        sd:c:block| 6.610e-01|          100| 6.610e-03| 5.410e-03
       0.Info>>         sd:c:init| 2.314e-01|          100| 2.314e-03| 4.059e-03
       0.Info>>       sd:c:reduce| 1.568e-06|          100| 1.568e-08| 6.513e-08
       0.Info>>         sd:c:wait| 2.671e-06|          100| 2.671e-08| 7.408e-08
       0.Info>>        sd:compute| 8.924e-01|          100| 8.924e-03| 7.372e-03
       0.Info>>         sd:runner| 8.924e-01|            8| 1.116e-01| 0.000e+00
       0.Info>>          sd:stage| 3.040e-03|            8| 3.800e-04| 0.000e+00
       0.Info>> sd:worker:scatter| 6.523e-01|        10000| 6.523e-05| 9.917e-05
       0.Info>>    sd:worker:wait| 2.386e-01|        10000| 2.386e-05| 1.898e-03
       0.Info>>          sd:write| 1.542e-05|          100| 1.542e-07| 9.170e-07
       0.Info>>           st:fill| 1.893e-04|            8| 2.366e-05| 0.000e+00
       0.Info>>          st:first| 3.544e-04|            1| 3.544e-04| 0.000e+00
       0.Info>>           st:load| 3.475e-04|            1| 3.475e-04| 0.000e+00
       0.Info>>           st:wait| 2.485e-03|            8| 3.106e-04| 0.000e+00
       0.Info>>-----------------------------------------------------------------
       0.Info>>-----------------------------------------------------------------
       0.Info>> watermarks:                                                     
       0.Info>>-----------------------------------------------------------------
       0.Info>>          measure |      min |      max                          
       0.Info>>-----------------------------------------------------------------
       0.Info>>   sd:c:b:dspstore| 3.106e-08| 1.165e-06                         
       0.Info>>    sd:c:b:scatter| 2.248e-05| 2.012e-04                         
       0.Info>>        sd:c:block| 2.301e-03| 7.949e-03                         
       0.Info>>         sd:c:init| 1.756e-03| 3.665e-03                         
       0.Info>>       sd:c:reduce| 0.000e+00| 4.658e-08                         
       0.Info>>         sd:c:wait| 1.553e-08| 6.211e-08                         
       0.Info>>        sd:compute| 4.154e-03| 1.144e-02                         
       0.Info>>         sd:runner| 1.009e-01| 1.174e-01                         
       0.Info>>          sd:stage| 3.776e-04| 3.809e-04                         
       0.Info>> sd:worker:scatter| 2.219e-05| 1.003e-04                         
       0.Info>>    sd:worker:wait| 1.553e-08| 3.666e-03                         
       0.Info>>          sd:write| 7.764e-08| 6.988e-07                         
       0.Info>>           st:fill| 2.129e-05| 2.467e-05                         
       0.Info>>          st:first| 3.544e-04| 3.544e-04                         
       0.Info>>           st:load| 3.475e-04| 3.475e-04                         
       0.Info>>           st:wait| 1.398e-07| 3.550e-04                         
       0.Info>>-----------------------------------------------------------------
       0.Info>>Total runtime (s): 8.0499430000000007                            
       0.Info>>Successfully finished... Have a nice day!                        
