       0.Info>>This software is being developed by Benjamin Lindner.                    
       0.Info>>For help, suggestions or correspondense use:                             
       0.Info>>ben@benlabs.net, Benjamin Lindner (Main Developer, Impl. & Maintenance)  
       0.Info>>franc@cmm.ki.si, Franci Merzel (Methodology)                             
       0.Info>>For publications include the following references:                       
       0.Info>>.........................................................................
       0.Info>>1. Sassena - X-ray and Neutron Scattering Calculated                     
       0.Info>>  from Molecular Dynamics Trajectories using Massively Parallel Computers
       0.Info>>  published as a Computer Program in Physics Paper                       
       0.Info>>.........................................................................
       0.Info>>Version Information: 1.4.2                                       
       0.Info>>                                                                 
       0.Info>>.................................................................
       0.Info>>......................D.E.S.C.R.I.P.T.I.O.N......................
       0.Info>>.................................................................
       0.Info>>This binary computes the scattering intensities directly from    
       0.Info>>a molecular dynamics trajectory.                                 
       0.Info>>.................................................................
       0.Info>>.................................................................
       0.Info>>...................I.N.I.T.I.A.L.I.Z.A.T.I.O.N...................
       0.Info>>.................................................................
       0.Info>>No configuration file specified. Will use default                
       0.Info>>Looking for configuration file: scatter.xml                      
       0.Info>>Reading parameters from XML file: scatter.xml                    
       0.Info>>Added frames from /home/amajumda/study/continuum_simulations/gitlab/continuum-to-scattering/data/100_100_100_50_50_50/single_atom_shrink/iteration_006/t010/pdb_dcd/sample.dcd using format: dcd
       0.Info>>Options: first=0, last=0, lastset=0, stride=1                    
       0.Info>>stager.target=system                                             
       0.Info>>scattering.type=all                                              
       0.Info>>scattering.dsp.type=square                                       
       0.Info>>scattering.average.orientation.type=vectors                      
       0.Info>>scattering.average.orientation.vectors.type=sphere               
       0.Info>>scattering.average.orientation.vectors.algorithm=boost_uniform_on_sphere
       0.Info>>scattering.average.orientation.vectors.resolution=100            
       0.Info>>Generating orientations for orientational averaging using sphere,boost_uniform_on_sphere
       0.Info>>Initialized orientational averaging with 100 vectors.            
       0.Info>>scattering.signal.file=signal.h5                                 
       0.Info>>scattering.signal.filepath=/home/amajumda/study/continuum_simulations/gitlab/continuum-to-scattering/data/100_100_100_50_50_50/single_atom_shrink/iteration_006/t010/signal.h5
       0.Info>>scattering.signal.fqt=1                                          
       0.Info>>scattering.signal.fq0=1                                          
       0.Info>>scattering.signal.fq=1                                           
       0.Info>>scattering.signal.fq2=1                                          
       0.Info>>Analyzing command line for parameter overwrites                  
       0.Info>>Reading database from file: /home/amajumda/study/continuum_simulations/gitlab/continuum-to-scattering/data/100_100_100_50_50_50/single_atom_shrink/iteration_006/t010/database/db-neutron-coherent.xml
       0.Info>>Checking database...                                             
       0.Info>>Testing mapping between PDB names and atom labels                
       0.Info>>Testing database completeness for referenced atom labels         
       0.Info>>Check succeeded. Database seems OK.                              
       0.Info>>Initializing sample...                                           
       0.Info>>Reading structure from file: /home/amajumda/study/continuum_simulations/gitlab/continuum-to-scattering/data/100_100_100_50_50_50/single_atom_shrink/iteration_006/t010/pdb_dcd/sample.pdb
       0.Info>>Done. Atoms read: 125000                                         
       0.Info>>Reading frames from: /home/amajumda/study/continuum_simulations/gitlab/continuum-to-scattering/data/100_100_100_50_50_50/single_atom_shrink/iteration_006/t010/pdb_dcd/sample.dcd
       0.Info>>Found 1 frames                                                   
       0.Info>>Total number of coordinate sets found: 1                         
       0.Info>>Exchanging sample, database & params information with compute nodes... 
       0.Info>>params...                                                        
       0.Info>>database...                                                      
       0.Info>>sample...                                                        
       0.Info>>.................................................................
       0.Info>>......................C.O.M.P.U.T.A.T.I.O.N......................
       0.Info>>.................................................................
       0.Info>>Setting up services...                                           
       0.Info>>Initializing data file service...                                
       0.Info>>Initializing monitor service...                                  
       0.Info>>Starting data file service...                                    
       0.Info>>Starting monitor service...                                      
       0.Info>>Services setup and running...                                    
       0.Info>>Checking /home/amajumda/study/continuum_simulations/gitlab/continuum-to-scattering/data/100_100_100_50_50_50/single_atom_shrink/iteration_006/t010/signal.h5 for old results.
       0.Info>>Broadcasting service information                                 
       0.Info>>Server host name    : hzglap02                                   
       0.Info>>FileService Port    : 44457                                      
       0.Info>>MonitorService Port : 44327                                      
       0.Info>>Setting up parallel environment...                               
       0.Info>>Searching for decomposition plan:                                
       0.Info>>nodes    = 8                                                     
       0.Info>>qvectors = 100                                                   
       0.Info>>frames   = 1                                                     
       0.Info>>atoms   = 125000                                                 
       0.Info>>All interference scattering detected. Applying frame decomposition.
       0.Info>>Automatic decomposition. Searching for best utilization.         
       0.Info>>Final decomposition parameters:                                  
       0.Info>>NN                : 8                                            
       0.Info>>NQ                : 100                                          
       0.Info>>NAF               : 1                                            
       0.Info>>NP                : 8                                            
       0.Info>>NNpP              : 1                                            
       0.Info>>NAFcycles         : 1                                            
       0.Info>>NQcycles          : 13                                           
       0.Info>>CompEl (WASTE/USE): 4/100                                        
       0.Info>>utilization(1=best)    : 0.96153846153846156                     
       0.Info>>Initializing Scatter Device, Vectors (all)                       
       0.Info>>Starting scattering...                                           
       0.Info>>Checking memory requirements for scattering calculation...       
       0.Info>>required limits.computation.memory.result_buffer=16              
       0.Info>>required limits.computation.memory.signal_buffer=16              
       0.Info>>required limits.computation.memory.exchange_buffer=0             
       0.Info>>required limits.computation.memory.alignpad_buffer=32            
       0.Info>>Memory limits ok                                                 
       0.Info>>Staging data...                                                  
       0.Info>>Forcing stager.mode=frames                                       
       0.Info>>Staging first partition.                                         
       0.Info>>Staging remaining partitions.                                    
       0.Info>>background scattering length set to 0                            
       0.Info>>Target initialized.                                              
       0.Info>>Target 'system' produces a background scattering length density of 4.0200416559187822e-06
       0.Info>>Starting computation...                                          
       0.Info>>Orientational averaging includes 100 vectors                     
       0.Info>>Setting progress sampling factor for monitoring to 1             
       0.Info>>Progress: 2.885%, ETOTAL: 54.142890974729248 s, ETA: 52.580642974729251 s
       0.Info>>Progress: 5.896%, ETOTAL: 26.667290459363958 s, ETA: 25.095031459363959 s
       0.Info>>Progress: 11.291%, ETOTAL: 14.108245433255268 s, ETA: 12.515302433255268 s
       0.Info>>Progress: 20.446%, ETOTAL: 7.8660095939802464 s, ETA: 6.257763593980247 s
       0.Info>>Progress: 30.330%, ETOTAL: 11.745314678220437 s, ETA: 8.1829456782204364 s
       0.Info>>Progress: 40.205%, ETOTAL: 8.9967353954081641 s, ETA: 5.3795863954081646 s
       0.Info>>Progress: 50.330%, ETOTAL: 7.442639495637775 s, ETA: 3.6967494956377749 s
       0.Info>>Progress: 60.580%, ETOTAL: 9.2283396645680131 s, ETA: 3.6377996645680124 s
       0.Info>>Progress: 71.080%, ETOTAL: 8.0063938314469958 s, ETA: 2.3154388314469943 s
       0.Info>>Progress: 81.455%, ETOTAL: 9.2808987801998928 s, ETA: 1.721130780199891 s
       0.Info>>Scattering finished...                                           
       0.Info>>.................................................................
       0.Info>>.....................R.U.N...A.N.A.L.Y.S.I.S.....................
       0.Info>>.................................................................
       0.Info>>Aggregating timing information for performance analysis...       
       0.Info>>                                                                 
       0.Info>>                    Performance Analysis                         
       0.Info>>-----------------------------------------------------------------
       0.Info>> mean and total runtimes:                                        
       0.Info>>-----------------------------------------------------------------
       0.Info>>          measure |    total |       count |     mean |   stddev 
       0.Info>>-----------------------------------------------------------------
       0.Info>>   sd:c:b:dspstore| 3.527e-02|        10000| 3.527e-06| 2.040e-06
       0.Info>>    sd:c:b:scatter| 4.364e+01|        10000| 4.364e-03| 7.911e-04
       0.Info>>        sd:c:block| 4.382e+01|          100| 4.382e-01| 4.705e-02
       0.Info>>         sd:c:init| 1.425e+01|          100| 1.425e-01| 2.988e-02
       0.Info>>       sd:c:reduce| 9.900e-05|          100| 9.900e-07| 5.049e-07
       0.Info>>         sd:c:wait| 1.660e-04|          100| 1.660e-06| 5.999e-07
       0.Info>>        sd:compute| 5.807e+01|          100| 5.807e-01| 6.365e-02
       0.Info>>         sd:runner| 5.807e+01|            8| 7.259e+00| 0.000e+00
       0.Info>>          sd:stage| 1.943e-01|            8| 2.429e-02| 0.000e+00
       0.Info>> sd:worker:scatter| 4.327e+01|        10000| 4.327e-03| 7.562e-04
       0.Info>>    sd:worker:wait| 1.470e+01|        10000| 1.470e-03| 1.452e-02
       0.Info>>          sd:write| 1.003e-03|          100| 1.003e-05| 6.800e-06
       0.Info>>           st:fill| 1.185e-02|            8| 1.481e-03| 0.000e+00
       0.Info>>          st:first| 2.269e-02|            1| 2.269e-02| 0.000e+00
       0.Info>>           st:load| 2.233e-02|            1| 2.233e-02| 0.000e+00
       0.Info>>           st:wait| 1.591e-01|            8| 1.988e-02| 0.000e+00
       0.Info>>-----------------------------------------------------------------
       0.Info>>-----------------------------------------------------------------
       0.Info>> watermarks:                                                     
       0.Info>>-----------------------------------------------------------------
       0.Info>>          measure |      min |      max                          
       0.Info>>-----------------------------------------------------------------
       0.Info>>   sd:c:b:dspstore| 2.000e-06| 8.000e-05                         
       0.Info>>    sd:c:b:scatter| 1.520e-03| 1.861e-02                         
       0.Info>>        sd:c:block| 1.569e-01| 6.191e-01                         
       0.Info>>         sd:c:init| 1.130e-01| 2.499e-01                         
       0.Info>>       sd:c:reduce| 0.000e+00| 2.000e-06                         
       0.Info>>         sd:c:wait| 1.000e-06| 4.000e-06                         
       0.Info>>        sd:compute| 2.722e-01| 8.446e-01                         
       0.Info>>         sd:runner| 6.481e+00| 7.752e+00                         
       0.Info>>          sd:stage| 2.413e-02| 2.436e-02                         
       0.Info>> sd:worker:scatter| 1.498e-03| 6.826e-03                         
       0.Info>>    sd:worker:wait| 1.000e-06| 2.500e-01                         
       0.Info>>          sd:write| 5.000e-06| 4.500e-05                         
       0.Info>>           st:fill| 1.309e-03| 1.549e-03                         
       0.Info>>          st:first| 2.269e-02| 2.269e-02                         
       0.Info>>           st:load| 2.233e-02| 2.233e-02                         
       0.Info>>           st:wait| 1.000e-05| 2.273e-02                         
       0.Info>>-----------------------------------------------------------------
       0.Info>>                                                                 
       0.Info>>         Performance Analysis (relative to total time * nodes)   
       0.Info>>-----------------------------------------------------------------
       0.Info>> mean and total runtimes:                                        
       0.Info>>-----------------------------------------------------------------
       0.Info>>          measure |    total |       count |     mean |   stddev 
       0.Info>>-----------------------------------------------------------------
       0.Info>>   sd:c:b:dspstore| 5.374e-04|        10000| 5.374e-08| 2.519e-07
       0.Info>>    sd:c:b:scatter| 6.650e-01|        10000| 6.650e-05| 9.766e-05
       0.Info>>        sd:c:block| 6.676e-01|          100| 6.676e-03| 5.808e-03
       0.Info>>         sd:c:init| 2.171e-01|          100| 2.171e-03| 3.688e-03
       0.Info>>       sd:c:reduce| 1.508e-06|          100| 1.508e-08| 6.232e-08
       0.Info>>         sd:c:wait| 2.529e-06|          100| 2.529e-08| 7.405e-08
       0.Info>>        sd:compute| 8.848e-01|          100| 8.848e-03| 7.857e-03
       0.Info>>         sd:runner| 8.848e-01|            8| 1.106e-01| 0.000e+00
       0.Info>>          sd:stage| 2.961e-03|            8| 3.701e-04| 0.000e+00
       0.Info>> sd:worker:scatter| 6.593e-01|        10000| 6.593e-05| 9.334e-05
       0.Info>>    sd:worker:wait| 2.240e-01|        10000| 2.240e-05| 1.792e-03
       0.Info>>          sd:write| 1.528e-05|          100| 1.528e-07| 8.393e-07
       0.Info>>           st:fill| 1.805e-04|            8| 2.256e-05| 0.000e+00
       0.Info>>          st:first| 3.457e-04|            1| 3.457e-04| 0.000e+00
       0.Info>>           st:load| 3.402e-04|            1| 3.402e-04| 0.000e+00
       0.Info>>           st:wait| 2.424e-03|            8| 3.030e-04| 0.000e+00
       0.Info>>-----------------------------------------------------------------
       0.Info>>-----------------------------------------------------------------
       0.Info>> watermarks:                                                     
       0.Info>>-----------------------------------------------------------------
       0.Info>>          measure |      min |      max                          
       0.Info>>-----------------------------------------------------------------
       0.Info>>   sd:c:b:dspstore| 3.047e-08| 1.219e-06                         
       0.Info>>    sd:c:b:scatter| 2.316e-05| 2.836e-04                         
       0.Info>>        sd:c:block| 2.390e-03| 9.433e-03                         
       0.Info>>         sd:c:init| 1.721e-03| 3.808e-03                         
       0.Info>>       sd:c:reduce| 0.000e+00| 3.047e-08                         
       0.Info>>         sd:c:wait| 1.524e-08| 6.095e-08                         
       0.Info>>        sd:compute| 4.147e-03| 1.287e-02                         
       0.Info>>         sd:runner| 9.875e-02| 1.181e-01                         
       0.Info>>          sd:stage| 3.676e-04| 3.712e-04                         
       0.Info>> sd:worker:scatter| 2.282e-05| 1.040e-04                         
       0.Info>>    sd:worker:wait| 1.524e-08| 3.810e-03                         
       0.Info>>          sd:write| 7.618e-08| 6.856e-07                         
       0.Info>>           st:fill| 1.994e-05| 2.360e-05                         
       0.Info>>          st:first| 3.457e-04| 3.457e-04                         
       0.Info>>           st:load| 3.402e-04| 3.402e-04                         
       0.Info>>           st:wait| 1.524e-07| 3.463e-04                         
       0.Info>>-----------------------------------------------------------------
       0.Info>>Total runtime (s): 8.2039390000000001                            
       0.Info>>Successfully finished... Have a nice day!                        
