       0.Info>>This software is being developed by Benjamin Lindner.                    
       0.Info>>For help, suggestions or correspondense use:                             
       0.Info>>ben@benlabs.net, Benjamin Lindner (Main Developer, Impl. & Maintenance)  
       0.Info>>franc@cmm.ki.si, Franci Merzel (Methodology)                             
       0.Info>>For publications include the following references:                       
       0.Info>>.........................................................................
       0.Info>>1. Sassena - X-ray and Neutron Scattering Calculated                     
       0.Info>>  from Molecular Dynamics Trajectories using Massively Parallel Computers
       0.Info>>  published as a Computer Program in Physics Paper                       
       0.Info>>.........................................................................
       0.Info>>Version Information: 1.4.2                                       
       0.Info>>                                                                 
       0.Info>>.................................................................
       0.Info>>......................D.E.S.C.R.I.P.T.I.O.N......................
       0.Info>>.................................................................
       0.Info>>This binary computes the scattering intensities directly from    
       0.Info>>a molecular dynamics trajectory.                                 
       0.Info>>.................................................................
       0.Info>>.................................................................
       0.Info>>...................I.N.I.T.I.A.L.I.Z.A.T.I.O.N...................
       0.Info>>.................................................................
       0.Info>>No configuration file specified. Will use default                
       0.Info>>Looking for configuration file: scatter.xml                      
       0.Info>>Reading parameters from XML file: scatter.xml                    
       0.Info>>Added frames from /home/amajumda/study/continuum_simulations/gitlab/continuum-to-scattering/data/100_100_100_50_50_50/single_atom_shrink/iteration_006/t002/pdb_dcd/sample.dcd using format: dcd
       0.Info>>Options: first=0, last=0, lastset=0, stride=1                    
       0.Info>>stager.target=system                                             
       0.Info>>scattering.type=all                                              
       0.Info>>scattering.dsp.type=square                                       
       0.Info>>scattering.average.orientation.type=vectors                      
       0.Info>>scattering.average.orientation.vectors.type=sphere               
       0.Info>>scattering.average.orientation.vectors.algorithm=boost_uniform_on_sphere
       0.Info>>scattering.average.orientation.vectors.resolution=100            
       0.Info>>Generating orientations for orientational averaging using sphere,boost_uniform_on_sphere
       0.Info>>Initialized orientational averaging with 100 vectors.            
       0.Info>>scattering.signal.file=signal.h5                                 
       0.Info>>scattering.signal.filepath=/home/amajumda/study/continuum_simulations/gitlab/continuum-to-scattering/data/100_100_100_50_50_50/single_atom_shrink/iteration_006/t002/signal.h5
       0.Info>>scattering.signal.fqt=1                                          
       0.Info>>scattering.signal.fq0=1                                          
       0.Info>>scattering.signal.fq=1                                           
       0.Info>>scattering.signal.fq2=1                                          
       0.Info>>Analyzing command line for parameter overwrites                  
       0.Info>>Reading database from file: /home/amajumda/study/continuum_simulations/gitlab/continuum-to-scattering/data/100_100_100_50_50_50/single_atom_shrink/iteration_006/t002/database/db-neutron-coherent.xml
       0.Info>>Checking database...                                             
       0.Info>>Testing mapping between PDB names and atom labels                
       0.Info>>Testing database completeness for referenced atom labels         
       0.Info>>Check succeeded. Database seems OK.                              
       0.Info>>Initializing sample...                                           
       0.Info>>Reading structure from file: /home/amajumda/study/continuum_simulations/gitlab/continuum-to-scattering/data/100_100_100_50_50_50/single_atom_shrink/iteration_006/t002/pdb_dcd/sample.pdb
       0.Info>>Done. Atoms read: 125000                                         
       0.Info>>Reading frames from: /home/amajumda/study/continuum_simulations/gitlab/continuum-to-scattering/data/100_100_100_50_50_50/single_atom_shrink/iteration_006/t002/pdb_dcd/sample.dcd
       0.Info>>Found 1 frames                                                   
       0.Info>>Total number of coordinate sets found: 1                         
       0.Info>>Exchanging sample, database & params information with compute nodes... 
       0.Info>>params...                                                        
       0.Info>>database...                                                      
       0.Info>>sample...                                                        
       0.Info>>.................................................................
       0.Info>>......................C.O.M.P.U.T.A.T.I.O.N......................
       0.Info>>.................................................................
       0.Info>>Setting up services...                                           
       0.Info>>Initializing data file service...                                
       0.Info>>Initializing monitor service...                                  
       0.Info>>Starting data file service...                                    
       0.Info>>Starting monitor service...                                      
       0.Info>>Services setup and running...                                    
       0.Info>>Checking /home/amajumda/study/continuum_simulations/gitlab/continuum-to-scattering/data/100_100_100_50_50_50/single_atom_shrink/iteration_006/t002/signal.h5 for old results.
       0.Info>>Broadcasting service information                                 
       0.Info>>Server host name    : hzglap02                                   
       0.Info>>FileService Port    : 44643                                      
       0.Info>>MonitorService Port : 41001                                      
       0.Info>>Setting up parallel environment...                               
       0.Info>>Searching for decomposition plan:                                
       0.Info>>nodes    = 8                                                     
       0.Info>>qvectors = 100                                                   
       0.Info>>frames   = 1                                                     
       0.Info>>atoms   = 125000                                                 
       0.Info>>All interference scattering detected. Applying frame decomposition.
       0.Info>>Automatic decomposition. Searching for best utilization.         
       0.Info>>Final decomposition parameters:                                  
       0.Info>>NN                : 8                                            
       0.Info>>NQ                : 100                                          
       0.Info>>NAF               : 1                                            
       0.Info>>NP                : 8                                            
       0.Info>>NNpP              : 1                                            
       0.Info>>NAFcycles         : 1                                            
       0.Info>>NQcycles          : 13                                           
       0.Info>>CompEl (WASTE/USE): 4/100                                        
       0.Info>>utilization(1=best)    : 0.96153846153846156                     
       0.Info>>Initializing Scatter Device, Vectors (all)                       
       0.Info>>Starting scattering...                                           
       0.Info>>Checking memory requirements for scattering calculation...       
       0.Info>>required limits.computation.memory.result_buffer=16              
       0.Info>>required limits.computation.memory.signal_buffer=16              
       0.Info>>required limits.computation.memory.exchange_buffer=0             
       0.Info>>required limits.computation.memory.alignpad_buffer=32            
       0.Info>>Memory limits ok                                                 
       0.Info>>Staging data...                                                  
       0.Info>>Forcing stager.mode=frames                                       
       0.Info>>Staging first partition.                                         
       0.Info>>Staging remaining partitions.                                    
       0.Info>>background scattering length set to 0                            
       0.Info>>Target initialized.                                              
       0.Info>>Target 'system' produces a background scattering length density of 0.0015392413551189388
       0.Info>>Starting computation...                                          
       0.Info>>Orientational averaging includes 100 vectors                     
       0.Info>>Setting progress sampling factor for monitoring to 1             
       0.Info>>Progress: 1.500%, ETOTAL: 61.819999999999993 s, ETA: 60.892699999999991 s
       0.Info>>Progress: 3.260%, ETOTAL: 28.763838977635782 s, ETA: 27.826017977635782 s
       0.Info>>Progress: 4.885%, ETOTAL: 19.318004264392322 s, ETA: 18.374239264392322 s
       0.Info>>Progress: 7.146%, ETOTAL: 13.256592419825074 s, ETA: 12.309298419825074 s
       0.Info>>Progress: 10.271%, ETOTAL: 9.3609541582150122 s, ETA: 8.3995061582150115 s
       0.Info>>Progress: 20.291%, ETOTAL: 14.452887762113491 s, ETA: 11.520271762113492 s
       0.Info>>Progress: 30.686%, ETOTAL: 9.8394906204303307 s, ETA: 6.8201546204303316 s
       0.Info>>Progress: 41.205%, ETOTAL: 7.7801553827006851 s, ETA: 4.5743323827006854 s
       0.Info>>Progress: 50.455%, ETOTAL: 9.8031779443526865 s, ETA: 4.8569719443526864 s
       0.Info>>Progress: 60.580%, ETOTAL: 8.2053738532352796 s, ETA: 3.234547853235278 s
       0.Info>>Progress: 73.205%, ETOTAL: 9.4632769176882672 s, ETA: 2.5356729176882657 s
       0.Info>>Progress: 83.330%, ETOTAL: 8.3408584022462406 s, ETA: 1.3904104022462391 s
       0.Info>>Scattering finished...                                           
       0.Info>>.................................................................
       0.Info>>.....................R.U.N...A.N.A.L.Y.S.I.S.....................
       0.Info>>.................................................................
       0.Info>>Aggregating timing information for performance analysis...       
       0.Info>>                                                                 
       0.Info>>                    Performance Analysis                         
       0.Info>>-----------------------------------------------------------------
       0.Info>> mean and total runtimes:                                        
       0.Info>>-----------------------------------------------------------------
       0.Info>>          measure |    total |       count |     mean |   stddev 
       0.Info>>-----------------------------------------------------------------
       0.Info>>   sd:c:b:dspstore| 3.630e-02|        10000| 3.630e-06| 2.067e-06
       0.Info>>    sd:c:b:scatter| 4.435e+01|        10000| 4.435e-03| 8.163e-04
       0.Info>>        sd:c:block| 4.452e+01|          100| 4.452e-01| 4.383e-02
       0.Info>>         sd:c:init| 1.486e+01|          100| 1.486e-01| 2.927e-02
       0.Info>>       sd:c:reduce| 1.100e-04|          100| 1.100e-06| 5.091e-07
       0.Info>>         sd:c:wait| 1.800e-04|          100| 1.800e-06| 7.402e-07
       0.Info>>        sd:compute| 5.938e+01|          100| 5.938e-01| 6.086e-02
       0.Info>>         sd:runner| 5.939e+01|            8| 7.423e+00| 0.000e+00
       0.Info>>          sd:stage| 2.987e-01|            8| 3.734e-02| 0.000e+00
       0.Info>> sd:worker:scatter| 4.398e+01|        10000| 4.398e-03| 8.013e-04
       0.Info>>    sd:worker:wait| 1.531e+01|        10000| 1.531e-03| 1.510e-02
       0.Info>>          sd:write| 1.047e-03|          100| 1.047e-05| 8.381e-06
       0.Info>>           st:fill| 1.465e-02|            8| 1.831e-03| 0.000e+00
       0.Info>>          st:first| 3.537e-02|            1| 3.537e-02| 0.000e+00
       0.Info>>           st:load| 3.500e-02|            1| 3.500e-02| 0.000e+00
       0.Info>>           st:wait| 2.479e-01|            8| 3.099e-02| 0.000e+00
       0.Info>>-----------------------------------------------------------------
       0.Info>>-----------------------------------------------------------------
       0.Info>> watermarks:                                                     
       0.Info>>-----------------------------------------------------------------
       0.Info>>          measure |      min |      max                          
       0.Info>>-----------------------------------------------------------------
       0.Info>>   sd:c:b:dspstore| 2.000e-06| 7.400e-05                         
       0.Info>>    sd:c:b:scatter| 1.526e-03| 1.368e-02                         
       0.Info>>        sd:c:block| 1.604e-01| 5.980e-01                         
       0.Info>>         sd:c:init| 1.152e-01| 2.414e-01                         
       0.Info>>       sd:c:reduce| 0.000e+00| 2.000e-06                         
       0.Info>>         sd:c:wait| 1.000e-06| 5.000e-06                         
       0.Info>>        sd:compute| 2.757e-01| 7.820e-01                         
       0.Info>>         sd:runner| 6.688e+00| 7.877e+00                         
       0.Info>>          sd:stage| 3.718e-02| 3.746e-02                         
       0.Info>> sd:worker:scatter| 1.511e-03| 1.046e-02                         
       0.Info>>    sd:worker:wait| 2.000e-06| 2.416e-01                         
       0.Info>>          sd:write| 6.000e-06| 5.100e-05                         
       0.Info>>           st:fill| 1.659e-03| 1.942e-03                         
       0.Info>>          st:first| 3.537e-02| 3.537e-02                         
       0.Info>>           st:load| 3.500e-02| 3.500e-02                         
       0.Info>>           st:wait| 1.200e-05| 3.542e-02                         
       0.Info>>-----------------------------------------------------------------
       0.Info>>                                                                 
       0.Info>>         Performance Analysis (relative to total time * nodes)   
       0.Info>>-----------------------------------------------------------------
       0.Info>> mean and total runtimes:                                        
       0.Info>>-----------------------------------------------------------------
       0.Info>>          measure |    total |       count |     mean |   stddev 
       0.Info>>-----------------------------------------------------------------
       0.Info>>   sd:c:b:dspstore| 5.443e-04|        10000| 5.443e-08| 2.531e-07
       0.Info>>    sd:c:b:scatter| 6.651e-01|        10000| 6.651e-05| 9.997e-05
       0.Info>>        sd:c:block| 6.677e-01|          100| 6.677e-03| 5.367e-03
       0.Info>>         sd:c:init| 2.228e-01|          100| 2.228e-03| 3.585e-03
       0.Info>>       sd:c:reduce| 1.650e-06|          100| 1.650e-08| 6.235e-08
       0.Info>>         sd:c:wait| 2.699e-06|          100| 2.699e-08| 9.064e-08
       0.Info>>        sd:compute| 8.906e-01|          100| 8.906e-03| 7.453e-03
       0.Info>>         sd:runner| 8.906e-01|            8| 1.113e-01| 0.000e+00
       0.Info>>          sd:stage| 4.480e-03|            8| 5.600e-04| 0.000e+00
       0.Info>> sd:worker:scatter| 6.596e-01|        10000| 6.596e-05| 9.813e-05
       0.Info>>    sd:worker:wait| 2.296e-01|        10000| 2.296e-05| 1.849e-03
       0.Info>>          sd:write| 1.570e-05|          100| 1.570e-07| 1.026e-06
       0.Info>>           st:fill| 2.197e-04|            8| 2.746e-05| 0.000e+00
       0.Info>>          st:first| 5.304e-04|            1| 5.304e-04| 0.000e+00
       0.Info>>           st:load| 5.249e-04|            1| 5.249e-04| 0.000e+00
       0.Info>>           st:wait| 3.718e-03|            8| 4.647e-04| 0.000e+00
       0.Info>>-----------------------------------------------------------------
       0.Info>>-----------------------------------------------------------------
       0.Info>> watermarks:                                                     
       0.Info>>-----------------------------------------------------------------
       0.Info>>          measure |      min |      max                          
       0.Info>>-----------------------------------------------------------------
       0.Info>>   sd:c:b:dspstore| 2.999e-08| 1.110e-06                         
       0.Info>>    sd:c:b:scatter| 2.288e-05| 2.051e-04                         
       0.Info>>        sd:c:block| 2.406e-03| 8.968e-03                         
       0.Info>>         sd:c:init| 1.728e-03| 3.621e-03                         
       0.Info>>       sd:c:reduce| 0.000e+00| 2.999e-08                         
       0.Info>>         sd:c:wait| 1.500e-08| 7.498e-08                         
       0.Info>>        sd:compute| 4.135e-03| 1.173e-02                         
       0.Info>>         sd:runner| 1.003e-01| 1.181e-01                         
       0.Info>>          sd:stage| 5.575e-04| 5.618e-04                         
       0.Info>> sd:worker:scatter| 2.266e-05| 1.569e-04                         
       0.Info>>    sd:worker:wait| 2.999e-08| 3.623e-03                         
       0.Info>>          sd:write| 8.998e-08| 7.648e-07                         
       0.Info>>           st:fill| 2.488e-05| 2.912e-05                         
       0.Info>>          st:first| 5.304e-04| 5.304e-04                         
       0.Info>>           st:load| 5.249e-04| 5.249e-04                         
       0.Info>>           st:wait| 1.800e-07| 5.311e-04                         
       0.Info>>-----------------------------------------------------------------
       0.Info>>Total runtime (s): 8.335191                                      
       0.Info>>Successfully finished... Have a nice day!                        
