       0.Info>>This software is being developed by Benjamin Lindner.                    
       0.Info>>For help, suggestions or correspondense use:                             
       0.Info>>ben@benlabs.net, Benjamin Lindner (Main Developer, Impl. & Maintenance)  
       0.Info>>franc@cmm.ki.si, Franci Merzel (Methodology)                             
       0.Info>>For publications include the following references:                       
       0.Info>>.........................................................................
       0.Info>>1. Sassena - X-ray and Neutron Scattering Calculated                     
       0.Info>>  from Molecular Dynamics Trajectories using Massively Parallel Computers
       0.Info>>  published as a Computer Program in Physics Paper                       
       0.Info>>.........................................................................
       0.Info>>Version Information: 1.4.2                                       
       0.Info>>                                                                 
       0.Info>>.................................................................
       0.Info>>......................D.E.S.C.R.I.P.T.I.O.N......................
       0.Info>>.................................................................
       0.Info>>This binary computes the scattering intensities directly from    
       0.Info>>a molecular dynamics trajectory.                                 
       0.Info>>.................................................................
       0.Info>>.................................................................
       0.Info>>...................I.N.I.T.I.A.L.I.Z.A.T.I.O.N...................
       0.Info>>.................................................................
       0.Info>>No configuration file specified. Will use default                
       0.Info>>Looking for configuration file: scatter.xml                      
       0.Info>>Reading parameters from XML file: scatter.xml                    
       0.Info>>Added frames from /home/amajumda/study/continuum_simulations/gitlab/continuum-to-scattering/data/100_100_100_50_50_50/single_atom_shrink/iteration_014/t009/pdb_dcd/sample.dcd using format: dcd
       0.Info>>Options: first=0, last=0, lastset=0, stride=1                    
       0.Info>>stager.target=system                                             
       0.Info>>scattering.type=all                                              
       0.Info>>scattering.dsp.type=square                                       
       0.Info>>scattering.average.orientation.type=vectors                      
       0.Info>>scattering.average.orientation.vectors.type=sphere               
       0.Info>>scattering.average.orientation.vectors.algorithm=boost_uniform_on_sphere
       0.Info>>scattering.average.orientation.vectors.resolution=100            
       0.Info>>Generating orientations for orientational averaging using sphere,boost_uniform_on_sphere
       0.Info>>Initialized orientational averaging with 100 vectors.            
       0.Info>>scattering.signal.file=signal.h5                                 
       0.Info>>scattering.signal.filepath=/home/amajumda/study/continuum_simulations/gitlab/continuum-to-scattering/data/100_100_100_50_50_50/single_atom_shrink/iteration_014/t009/signal.h5
       0.Info>>scattering.signal.fqt=1                                          
       0.Info>>scattering.signal.fq0=1                                          
       0.Info>>scattering.signal.fq=1                                           
       0.Info>>scattering.signal.fq2=1                                          
       0.Info>>Analyzing command line for parameter overwrites                  
       0.Info>>Reading database from file: /home/amajumda/study/continuum_simulations/gitlab/continuum-to-scattering/data/100_100_100_50_50_50/single_atom_shrink/iteration_014/t009/database/db-neutron-coherent.xml
       0.Info>>Checking database...                                             
       0.Info>>Testing mapping between PDB names and atom labels                
       0.Info>>Testing database completeness for referenced atom labels         
       0.Info>>Check succeeded. Database seems OK.                              
       0.Info>>Initializing sample...                                           
       0.Info>>Reading structure from file: /home/amajumda/study/continuum_simulations/gitlab/continuum-to-scattering/data/100_100_100_50_50_50/single_atom_shrink/iteration_014/t009/pdb_dcd/sample.pdb
       0.Info>>Done. Atoms read: 125000                                         
       0.Info>>Reading frames from: /home/amajumda/study/continuum_simulations/gitlab/continuum-to-scattering/data/100_100_100_50_50_50/single_atom_shrink/iteration_014/t009/pdb_dcd/sample.dcd
       0.Info>>Found 1 frames                                                   
       0.Info>>Total number of coordinate sets found: 1                         
       0.Info>>Exchanging sample, database & params information with compute nodes... 
       0.Info>>params...                                                        
       0.Info>>database...                                                      
       0.Info>>sample...                                                        
       0.Info>>.................................................................
       0.Info>>......................C.O.M.P.U.T.A.T.I.O.N......................
       0.Info>>.................................................................
       0.Info>>Setting up services...                                           
       0.Info>>Initializing data file service...                                
       0.Info>>Initializing monitor service...                                  
       0.Info>>Starting data file service...                                    
       0.Info>>Starting monitor service...                                      
       0.Info>>Services setup and running...                                    
       0.Info>>Checking /home/amajumda/study/continuum_simulations/gitlab/continuum-to-scattering/data/100_100_100_50_50_50/single_atom_shrink/iteration_014/t009/signal.h5 for old results.
       0.Info>>Broadcasting service information                                 
       0.Info>>Server host name    : hzglap02                                   
       0.Info>>FileService Port    : 34331                                      
       0.Info>>MonitorService Port : 44575                                      
       0.Info>>Setting up parallel environment...                               
       0.Info>>Searching for decomposition plan:                                
       0.Info>>nodes    = 8                                                     
       0.Info>>qvectors = 100                                                   
       0.Info>>frames   = 1                                                     
       0.Info>>atoms   = 125000                                                 
       0.Info>>All interference scattering detected. Applying frame decomposition.
       0.Info>>Automatic decomposition. Searching for best utilization.         
       0.Info>>Final decomposition parameters:                                  
       0.Info>>NN                : 8                                            
       0.Info>>NQ                : 100                                          
       0.Info>>NAF               : 1                                            
       0.Info>>NP                : 8                                            
       0.Info>>NNpP              : 1                                            
       0.Info>>NAFcycles         : 1                                            
       0.Info>>NQcycles          : 13                                           
       0.Info>>CompEl (WASTE/USE): 4/100                                        
       0.Info>>utilization(1=best)    : 0.96153846153846156                     
       0.Info>>Initializing Scatter Device, Vectors (all)                       
       0.Info>>Starting scattering...                                           
       0.Info>>Checking memory requirements for scattering calculation...       
       0.Info>>required limits.computation.memory.result_buffer=16              
       0.Info>>required limits.computation.memory.signal_buffer=16              
       0.Info>>required limits.computation.memory.exchange_buffer=0             
       0.Info>>required limits.computation.memory.alignpad_buffer=32            
       0.Info>>Memory limits ok                                                 
       0.Info>>Staging data...                                                  
       0.Info>>Forcing stager.mode=frames                                       
       0.Info>>Staging first partition.                                         
       0.Info>>Staging remaining partitions.                                    
       0.Info>>background scattering length set to 0                            
       0.Info>>Target initialized.                                              
       0.Info>>Target 'system' produces a background scattering length density of 3.1725734149413027e-05
       0.Info>>Starting computation...                                          
       0.Info>>Orientational averaging includes 100 vectors                     
       0.Info>>Setting progress sampling factor for monitoring to 1             
       0.Info>>Progress: 1.625%, ETOTAL: 57.374892307692306 s, ETA: 56.442550307692308 s
       0.Info>>Progress: 3.010%, ETOTAL: 31.373995847750862 s, ETA: 30.429507847750862 s
       0.Info>>Progress: 4.260%, ETOTAL: 22.227591198044014 s, ETA: 21.280603198044012 s
       0.Info>>Progress: 5.385%, ETOTAL: 17.861830560928432 s, ETA: 16.899896560928433 s
       0.Info>>Progress: 10.031%, ETOTAL: 10.695297196261684 s, ETA: 9.622425196261684 s
       0.Info>>Progress: 22.696%, ETOTAL: 13.006839824883491 s, ETA: 10.054870824883491 s
       0.Info>>Progress: 31.446%, ETOTAL: 9.4827583732545104 s, ETA: 6.5008563732545106 s
       0.Info>>Progress: 40.330%, ETOTAL: 12.259075832472378 s, ETA: 7.3149748324723793 s
       0.Info>>Progress: 50.830%, ETOTAL: 9.8008487798726254 s, ETA: 4.8190647798726269 s
       0.Info>>Progress: 63.080%, ETOTAL: 10.995935165896038 s, ETA: 4.05968516589604 s
       0.Info>>Progress: 71.330%, ETOTAL: 9.780949755111207 s, ETA: 2.8041857551112095 s
       0.Info>>Progress: 82.580%, ETOTAL: 10.816397593634774 s, ETA: 1.884202593634777 s
       0.Info>>Progress: 91.580%, ETOTAL: 10.036147775872324 s, ETA: 0.84503077587232589 s
       0.Info>>Scattering finished...                                           
       0.Info>>.................................................................
       0.Info>>.....................R.U.N...A.N.A.L.Y.S.I.S.....................
       0.Info>>.................................................................
       0.Info>>Aggregating timing information for performance analysis...       
       0.Info>>                                                                 
       0.Info>>                    Performance Analysis                         
       0.Info>>-----------------------------------------------------------------
       0.Info>> mean and total runtimes:                                        
       0.Info>>-----------------------------------------------------------------
       0.Info>>          measure |    total |       count |     mean |   stddev 
       0.Info>>-----------------------------------------------------------------
       0.Info>>   sd:c:b:dspstore| 4.568e-02|        10000| 4.568e-06| 2.297e-06
       0.Info>>    sd:c:b:scatter| 5.078e+01|        10000| 5.078e-03| 1.053e-03
       0.Info>>        sd:c:block| 5.099e+01|          100| 5.099e-01| 5.961e-02
       0.Info>>         sd:c:init| 1.792e+01|          100| 1.792e-01| 4.154e-02
       0.Info>>       sd:c:reduce| 1.250e-04|          100| 1.250e-06| 1.045e-06
       0.Info>>         sd:c:wait| 1.950e-04|          100| 1.950e-06| 6.882e-07
       0.Info>>        sd:compute| 6.892e+01|          100| 6.892e-01| 8.021e-02
       0.Info>>         sd:runner| 6.892e+01|            8| 8.616e+00| 0.000e+00
       0.Info>>          sd:stage| 2.011e-01|            8| 2.514e-02| 0.000e+00
       0.Info>> sd:worker:scatter| 5.031e+01|        10000| 5.031e-03| 1.030e-03
       0.Info>>    sd:worker:wait| 1.850e+01|        10000| 1.850e-03| 1.843e-02
       0.Info>>          sd:write| 1.248e-03|          100| 1.248e-05| 1.108e-05
       0.Info>>           st:fill| 1.555e-02|            8| 1.943e-03| 0.000e+00
       0.Info>>          st:first| 2.306e-02|            1| 2.306e-02| 0.000e+00
       0.Info>>           st:load| 2.265e-02|            1| 2.265e-02| 0.000e+00
       0.Info>>           st:wait| 1.617e-01|            8| 2.021e-02| 0.000e+00
       0.Info>>-----------------------------------------------------------------
       0.Info>>-----------------------------------------------------------------
       0.Info>> watermarks:                                                     
       0.Info>>-----------------------------------------------------------------
       0.Info>>          measure |      min |      max                          
       0.Info>>-----------------------------------------------------------------
       0.Info>>   sd:c:b:dspstore| 2.000e-06| 7.500e-05                         
       0.Info>>    sd:c:b:scatter| 1.590e-03| 1.601e-02                         
       0.Info>>        sd:c:block| 1.743e-01| 6.422e-01                         
       0.Info>>         sd:c:init| 1.207e-01| 2.713e-01                         
       0.Info>>       sd:c:reduce| 0.000e+00| 1.000e-05                         
       0.Info>>         sd:c:wait| 1.000e-06| 5.000e-06                         
       0.Info>>        sd:compute| 3.023e-01| 8.872e-01                         
       0.Info>>         sd:runner| 7.255e+00| 9.576e+00                         
       0.Info>>          sd:stage| 2.496e-02| 2.521e-02                         
       0.Info>> sd:worker:scatter| 1.564e-03| 1.088e-02                         
       0.Info>>    sd:worker:wait| 2.000e-06| 2.714e-01                         
       0.Info>>          sd:write| 6.000e-06| 5.500e-05                         
       0.Info>>           st:fill| 1.742e-03| 2.019e-03                         
       0.Info>>          st:first| 2.306e-02| 2.306e-02                         
       0.Info>>           st:load| 2.265e-02| 2.265e-02                         
       0.Info>>           st:wait| 1.000e-05| 2.310e-02                         
       0.Info>>-----------------------------------------------------------------
       0.Info>>                                                                 
       0.Info>>         Performance Analysis (relative to total time * nodes)   
       0.Info>>-----------------------------------------------------------------
       0.Info>> mean and total runtimes:                                        
       0.Info>>-----------------------------------------------------------------
       0.Info>>          measure |    total |       count |     mean |   stddev 
       0.Info>>-----------------------------------------------------------------
       0.Info>>   sd:c:b:dspstore| 5.710e-04|        10000| 5.710e-08| 2.568e-07
       0.Info>>    sd:c:b:scatter| 6.348e-01|        10000| 6.348e-05| 1.178e-04
       0.Info>>        sd:c:block| 6.375e-01|          100| 6.375e-03| 6.665e-03
       0.Info>>         sd:c:init| 2.241e-01|          100| 2.241e-03| 4.644e-03
       0.Info>>       sd:c:reduce| 1.563e-06|          100| 1.563e-08| 1.169e-07
       0.Info>>         sd:c:wait| 2.438e-06|          100| 2.438e-08| 7.694e-08
       0.Info>>        sd:compute| 8.616e-01|          100| 8.616e-03| 8.969e-03
       0.Info>>         sd:runner| 8.616e-01|            8| 1.077e-01| 0.000e+00
       0.Info>>          sd:stage| 2.515e-03|            8| 3.143e-04| 0.000e+00
       0.Info>> sd:worker:scatter| 6.289e-01|        10000| 6.289e-05| 1.151e-04
       0.Info>>    sd:worker:wait| 2.312e-01|        10000| 2.312e-05| 2.061e-03
       0.Info>>          sd:write| 1.560e-05|          100| 1.560e-07| 1.239e-06
       0.Info>>           st:fill| 1.944e-04|            8| 2.429e-05| 0.000e+00
       0.Info>>          st:first| 2.882e-04|            1| 2.882e-04| 0.000e+00
       0.Info>>           st:load| 2.832e-04|            1| 2.832e-04| 0.000e+00
       0.Info>>           st:wait| 2.021e-03|            8| 2.527e-04| 0.000e+00
       0.Info>>-----------------------------------------------------------------
       0.Info>>-----------------------------------------------------------------
       0.Info>> watermarks:                                                     
       0.Info>>-----------------------------------------------------------------
       0.Info>>          measure |      min |      max                          
       0.Info>>-----------------------------------------------------------------
       0.Info>>   sd:c:b:dspstore| 2.500e-08| 9.376e-07                         
       0.Info>>    sd:c:b:scatter| 1.988e-05| 2.002e-04                         
       0.Info>>        sd:c:block| 2.179e-03| 8.029e-03                         
       0.Info>>         sd:c:init| 1.508e-03| 3.392e-03                         
       0.Info>>       sd:c:reduce| 0.000e+00| 1.250e-07                         
       0.Info>>         sd:c:wait| 1.250e-08| 6.251e-08                         
       0.Info>>        sd:compute| 3.779e-03| 1.109e-02                         
       0.Info>>         sd:runner| 9.069e-02| 1.197e-01                         
       0.Info>>          sd:stage| 3.121e-04| 3.152e-04                         
       0.Info>> sd:worker:scatter| 1.955e-05| 1.360e-04                         
       0.Info>>    sd:worker:wait| 2.500e-08| 3.393e-03                         
       0.Info>>          sd:write| 7.501e-08| 6.876e-07                         
       0.Info>>           st:fill| 2.178e-05| 2.524e-05                         
       0.Info>>          st:first| 2.882e-04| 2.882e-04                         
       0.Info>>           st:load| 2.832e-04| 2.832e-04                         
       0.Info>>           st:wait| 1.250e-07| 2.887e-04                         
       0.Info>>-----------------------------------------------------------------
       0.Info>>Total runtime (s): 9.9989089999999994                            
       0.Info>>Successfully finished... Have a nice day!                        
