       0.Info>>This software is being developed by Benjamin Lindner.                    
       0.Info>>For help, suggestions or correspondense use:                             
       0.Info>>ben@benlabs.net, Benjamin Lindner (Main Developer, Impl. & Maintenance)  
       0.Info>>franc@cmm.ki.si, Franci Merzel (Methodology)                             
       0.Info>>For publications include the following references:                       
       0.Info>>.........................................................................
       0.Info>>1. Sassena - X-ray and Neutron Scattering Calculated                     
       0.Info>>  from Molecular Dynamics Trajectories using Massively Parallel Computers
       0.Info>>  published as a Computer Program in Physics Paper                       
       0.Info>>.........................................................................
       0.Info>>Version Information: 1.4.2                                       
       0.Info>>                                                                 
       0.Info>>.................................................................
       0.Info>>......................D.E.S.C.R.I.P.T.I.O.N......................
       0.Info>>.................................................................
       0.Info>>This binary computes the scattering intensities directly from    
       0.Info>>a molecular dynamics trajectory.                                 
       0.Info>>.................................................................
       0.Info>>.................................................................
       0.Info>>...................I.N.I.T.I.A.L.I.Z.A.T.I.O.N...................
       0.Info>>.................................................................
       0.Info>>No configuration file specified. Will use default                
       0.Info>>Looking for configuration file: scatter.xml                      
       0.Info>>Reading parameters from XML file: scatter.xml                    
       0.Info>>Added frames from /home/amajumda/study/continuum_simulations/gitlab/continuum-to-scattering/data/100_100_100_50_50_50/single_atom_shrink/iteration_002/t000/pdb_dcd/sample.dcd using format: dcd
       0.Info>>Options: first=0, last=0, lastset=0, stride=1                    
       0.Info>>stager.target=system                                             
       0.Info>>scattering.type=all                                              
       0.Info>>scattering.dsp.type=square                                       
       0.Info>>scattering.average.orientation.type=vectors                      
       0.Info>>scattering.average.orientation.vectors.type=sphere               
       0.Info>>scattering.average.orientation.vectors.algorithm=boost_uniform_on_sphere
       0.Info>>scattering.average.orientation.vectors.resolution=100            
       0.Info>>Generating orientations for orientational averaging using sphere,boost_uniform_on_sphere
       0.Info>>Initialized orientational averaging with 100 vectors.            
       0.Info>>scattering.signal.file=signal.h5                                 
       0.Info>>scattering.signal.filepath=/home/amajumda/study/continuum_simulations/gitlab/continuum-to-scattering/data/100_100_100_50_50_50/single_atom_shrink/iteration_002/t000/signal.h5
       0.Info>>scattering.signal.fqt=1                                          
       0.Info>>scattering.signal.fq0=1                                          
       0.Info>>scattering.signal.fq=1                                           
       0.Info>>scattering.signal.fq2=1                                          
       0.Info>>Analyzing command line for parameter overwrites                  
       0.Info>>Reading database from file: /home/amajumda/study/continuum_simulations/gitlab/continuum-to-scattering/data/100_100_100_50_50_50/single_atom_shrink/iteration_002/t000/database/db-neutron-coherent.xml
       0.Info>>Checking database...                                             
       0.Info>>Testing mapping between PDB names and atom labels                
       0.Info>>Testing database completeness for referenced atom labels         
       0.Info>>Check succeeded. Database seems OK.                              
       0.Info>>Initializing sample...                                           
       0.Info>>Reading structure from file: /home/amajumda/study/continuum_simulations/gitlab/continuum-to-scattering/data/100_100_100_50_50_50/single_atom_shrink/iteration_002/t000/pdb_dcd/sample.pdb
       0.Info>>Done. Atoms read: 125000                                         
       0.Info>>Reading frames from: /home/amajumda/study/continuum_simulations/gitlab/continuum-to-scattering/data/100_100_100_50_50_50/single_atom_shrink/iteration_002/t000/pdb_dcd/sample.dcd
       0.Info>>Found 1 frames                                                   
       0.Info>>Total number of coordinate sets found: 1                         
       0.Info>>Exchanging sample, database & params information with compute nodes... 
       0.Info>>params...                                                        
       0.Info>>database...                                                      
       0.Info>>sample...                                                        
       0.Info>>.................................................................
       0.Info>>......................C.O.M.P.U.T.A.T.I.O.N......................
       0.Info>>.................................................................
       0.Info>>Setting up services...                                           
       0.Info>>Initializing data file service...                                
       0.Info>>Initializing monitor service...                                  
       0.Info>>Starting data file service...                                    
       0.Info>>Starting monitor service...                                      
       0.Info>>Services setup and running...                                    
       0.Info>>Checking /home/amajumda/study/continuum_simulations/gitlab/continuum-to-scattering/data/100_100_100_50_50_50/single_atom_shrink/iteration_002/t000/signal.h5 for old results.
       0.Info>>Broadcasting service information                                 
       0.Info>>Server host name    : hzglap02                                   
       0.Info>>FileService Port    : 34363                                      
       0.Info>>MonitorService Port : 37495                                      
       0.Info>>Setting up parallel environment...                               
       0.Info>>Searching for decomposition plan:                                
       0.Info>>nodes    = 8                                                     
       0.Info>>qvectors = 100                                                   
       0.Info>>frames   = 1                                                     
       0.Info>>atoms   = 125000                                                 
       0.Info>>All interference scattering detected. Applying frame decomposition.
       0.Info>>Automatic decomposition. Searching for best utilization.         
       0.Info>>Final decomposition parameters:                                  
       0.Info>>NN                : 8                                            
       0.Info>>NQ                : 100                                          
       0.Info>>NAF               : 1                                            
       0.Info>>NP                : 8                                            
       0.Info>>NNpP              : 1                                            
       0.Info>>NAFcycles         : 1                                            
       0.Info>>NQcycles          : 13                                           
       0.Info>>CompEl (WASTE/USE): 4/100                                        
       0.Info>>utilization(1=best)    : 0.96153846153846156                     
       0.Info>>Initializing Scatter Device, Vectors (all)                       
       0.Info>>Starting scattering...                                           
       0.Info>>Checking memory requirements for scattering calculation...       
       0.Info>>required limits.computation.memory.result_buffer=16              
       0.Info>>required limits.computation.memory.signal_buffer=16              
       0.Info>>required limits.computation.memory.exchange_buffer=0             
       0.Info>>required limits.computation.memory.alignpad_buffer=32            
       0.Info>>Memory limits ok                                                 
       0.Info>>Staging data...                                                  
       0.Info>>Forcing stager.mode=frames                                       
       0.Info>>Staging first partition.                                         
       0.Info>>Staging remaining partitions.                                    
       0.Info>>background scattering length set to 0                            
       0.Info>>Target initialized.                                              
       0.Info>>Target 'system' produces a background scattering length density of 0.0027742633416818212
       0.Info>>Starting computation...                                          
       0.Info>>Orientational averaging includes 100 vectors                     
       0.Info>>Setting progress sampling factor for monitoring to 1             
       0.Info>>Progress: 2.260%, ETOTAL: 60.357794042553181 s, ETA: 58.993940042553177 s
       0.Info>>Progress: 5.395%, ETOTAL: 25.412008436061186 s, ETA: 24.041022436061187 s
       0.Info>>Progress: 10.166%, ETOTAL: 13.542132891936626 s, ETA: 12.165457891936626 s
       0.Info>>Progress: 22.830%, ETOTAL: 14.713552941176468 s, ETA: 11.35442994117647 s
       0.Info>>Progress: 33.580%, ETOTAL: 10.090878686646938 s, ETA: 6.7023486866469391 s
       0.Info>>Progress: 40.330%, ETOTAL: 8.4325915918302456 s, ETA: 5.0317165918302464 s
       0.Info>>Progress: 51.205%, ETOTAL: 10.487238657986977 s, ETA: 5.1172346579869785 s
       0.Info>>Progress: 61.080%, ETOTAL: 8.8392970981791432 s, ETA: 3.4402430981791454 s
       0.Info>>Progress: 70.455%, ETOTAL: 7.7598027840960766 s, ETA: 2.2926237840960786 s
       0.Info>>Progress: 80.705%, ETOTAL: 9.1472093089753734 s, ETA: 1.7649423089753755 s
       0.Info>>Progress: 90.705%, ETOTAL: 8.1642109399293279 s, ETA: 0.75885293992932912 s
       0.Info>>Scattering finished...                                           
       0.Info>>.................................................................
       0.Info>>.....................R.U.N...A.N.A.L.Y.S.I.S.....................
       0.Info>>.................................................................
       0.Info>>Aggregating timing information for performance analysis...       
       0.Info>>                                                                 
       0.Info>>                    Performance Analysis                         
       0.Info>>-----------------------------------------------------------------
       0.Info>> mean and total runtimes:                                        
       0.Info>>-----------------------------------------------------------------
       0.Info>>          measure |    total |       count |     mean |   stddev 
       0.Info>>-----------------------------------------------------------------
       0.Info>>   sd:c:b:dspstore| 3.631e-02|        10000| 3.631e-06| 2.033e-06
       0.Info>>    sd:c:b:scatter| 4.312e+01|        10000| 4.312e-03| 7.598e-04
       0.Info>>        sd:c:block| 4.330e+01|          100| 4.330e-01| 3.795e-02
       0.Info>>         sd:c:init| 1.438e+01|          100| 1.438e-01| 2.506e-02
       0.Info>>       sd:c:reduce| 9.700e-05|          100| 9.700e-07| 5.288e-07
       0.Info>>         sd:c:wait| 1.630e-04|          100| 1.630e-06| 5.984e-07
       0.Info>>        sd:compute| 5.768e+01|          100| 5.768e-01| 4.906e-02
       0.Info>>         sd:runner| 5.768e+01|            8| 7.210e+00| 0.000e+00
       0.Info>>          sd:stage| 1.942e-01|            8| 2.427e-02| 0.000e+00
       0.Info>> sd:worker:scatter| 4.277e+01|        10000| 4.277e-03| 7.365e-04
       0.Info>>    sd:worker:wait| 1.482e+01|        10000| 1.482e-03| 1.455e-02
       0.Info>>          sd:write| 9.630e-04|          100| 9.630e-06| 7.022e-06
       0.Info>>           st:fill| 1.221e-02|            8| 1.527e-03| 0.000e+00
       0.Info>>          st:first| 2.262e-02|            1| 2.262e-02| 0.000e+00
       0.Info>>           st:load| 2.225e-02|            1| 2.225e-02| 0.000e+00
       0.Info>>           st:wait| 1.586e-01|            8| 1.982e-02| 0.000e+00
       0.Info>>-----------------------------------------------------------------
       0.Info>>-----------------------------------------------------------------
       0.Info>> watermarks:                                                     
       0.Info>>-----------------------------------------------------------------
       0.Info>>          measure |      min |      max                          
       0.Info>>-----------------------------------------------------------------
       0.Info>>   sd:c:b:dspstore| 2.000e-06| 7.100e-05                         
       0.Info>>    sd:c:b:scatter| 1.533e-03| 1.661e-02                         
       0.Info>>        sd:c:block| 1.589e-01| 5.334e-01                         
       0.Info>>         sd:c:init| 1.192e-01| 2.406e-01                         
       0.Info>>       sd:c:reduce| 0.000e+00| 3.000e-06                         
       0.Info>>         sd:c:wait| 1.000e-06| 4.000e-06                         
       0.Info>>        sd:compute| 2.790e-01| 6.967e-01                         
       0.Info>>         sd:runner| 6.287e+00| 7.613e+00                         
       0.Info>>          sd:stage| 2.409e-02| 2.439e-02                         
       0.Info>> sd:worker:scatter| 1.512e-03| 9.431e-03                         
       0.Info>>    sd:worker:wait| 1.900e-05| 2.407e-01                         
       0.Info>>          sd:write| 5.000e-06| 4.800e-05                         
       0.Info>>           st:fill| 1.346e-03| 1.635e-03                         
       0.Info>>          st:first| 2.262e-02| 2.262e-02                         
       0.Info>>           st:load| 2.225e-02| 2.225e-02                         
       0.Info>>           st:wait| 9.000e-06| 2.266e-02                         
       0.Info>>-----------------------------------------------------------------
       0.Info>>                                                                 
       0.Info>>         Performance Analysis (relative to total time * nodes)   
       0.Info>>-----------------------------------------------------------------
       0.Info>> mean and total runtimes:                                        
       0.Info>>-----------------------------------------------------------------
       0.Info>>          measure |    total |       count |     mean |   stddev 
       0.Info>>-----------------------------------------------------------------
       0.Info>>   sd:c:b:dspstore| 5.578e-04|        10000| 5.578e-08| 2.520e-07
       0.Info>>    sd:c:b:scatter| 6.624e-01|        10000| 6.624e-05| 9.417e-05
       0.Info>>        sd:c:block| 6.651e-01|          100| 6.651e-03| 4.704e-03
       0.Info>>         sd:c:init| 2.209e-01|          100| 2.209e-03| 3.106e-03
       0.Info>>       sd:c:reduce| 1.490e-06|          100| 1.490e-08| 6.554e-08
       0.Info>>         sd:c:wait| 2.504e-06|          100| 2.504e-08| 7.417e-08
       0.Info>>        sd:compute| 8.861e-01|          100| 8.861e-03| 6.080e-03
       0.Info>>         sd:runner| 8.861e-01|            8| 1.108e-01| 0.000e+00
       0.Info>>          sd:stage| 2.983e-03|            8| 3.728e-04| 0.000e+00
       0.Info>> sd:worker:scatter| 6.569e-01|        10000| 6.569e-05| 9.129e-05
       0.Info>>    sd:worker:wait| 2.277e-01|        10000| 2.277e-05| 1.804e-03
       0.Info>>          sd:write| 1.479e-05|          100| 1.479e-07| 8.703e-07
       0.Info>>           st:fill| 1.876e-04|            8| 2.345e-05| 0.000e+00
       0.Info>>          st:first| 3.476e-04|            1| 3.476e-04| 0.000e+00
       0.Info>>           st:load| 3.419e-04|            1| 3.419e-04| 0.000e+00
       0.Info>>           st:wait| 2.436e-03|            8| 3.045e-04| 0.000e+00
       0.Info>>-----------------------------------------------------------------
       0.Info>>-----------------------------------------------------------------
       0.Info>> watermarks:                                                     
       0.Info>>-----------------------------------------------------------------
       0.Info>>          measure |      min |      max                          
       0.Info>>-----------------------------------------------------------------
       0.Info>>   sd:c:b:dspstore| 3.072e-08| 1.091e-06                         
       0.Info>>    sd:c:b:scatter| 2.355e-05| 2.551e-04                         
       0.Info>>        sd:c:block| 2.441e-03| 8.194e-03                         
       0.Info>>         sd:c:init| 1.831e-03| 3.695e-03                         
       0.Info>>       sd:c:reduce| 0.000e+00| 4.608e-08                         
       0.Info>>         sd:c:wait| 1.536e-08| 6.145e-08                         
       0.Info>>        sd:compute| 4.286e-03| 1.070e-02                         
       0.Info>>         sd:runner| 9.658e-02| 1.169e-01                         
       0.Info>>          sd:stage| 3.701e-04| 3.746e-04                         
       0.Info>> sd:worker:scatter| 2.323e-05| 1.449e-04                         
       0.Info>>    sd:worker:wait| 2.919e-07| 3.697e-03                         
       0.Info>>          sd:write| 7.681e-08| 7.373e-07                         
       0.Info>>           st:fill| 2.068e-05| 2.512e-05                         
       0.Info>>          st:first| 3.476e-04| 3.476e-04                         
       0.Info>>           st:load| 3.419e-04| 3.419e-04                         
       0.Info>>           st:wait| 1.383e-07| 3.481e-04                         
       0.Info>>-----------------------------------------------------------------
       0.Info>>Total runtime (s): 8.1372730000000004                            
       0.Info>>Successfully finished... Have a nice day!                        
