       0.Info>>This software is being developed by Benjamin Lindner.                    
       0.Info>>For help, suggestions or correspondense use:                             
       0.Info>>ben@benlabs.net, Benjamin Lindner (Main Developer, Impl. & Maintenance)  
       0.Info>>franc@cmm.ki.si, Franci Merzel (Methodology)                             
       0.Info>>For publications include the following references:                       
       0.Info>>.........................................................................
       0.Info>>1. Sassena - X-ray and Neutron Scattering Calculated                     
       0.Info>>  from Molecular Dynamics Trajectories using Massively Parallel Computers
       0.Info>>  published as a Computer Program in Physics Paper                       
       0.Info>>.........................................................................
       0.Info>>Version Information: 1.4.2                                       
       0.Info>>                                                                 
       0.Info>>.................................................................
       0.Info>>......................D.E.S.C.R.I.P.T.I.O.N......................
       0.Info>>.................................................................
       0.Info>>This binary computes the scattering intensities directly from    
       0.Info>>a molecular dynamics trajectory.                                 
       0.Info>>.................................................................
       0.Info>>.................................................................
       0.Info>>...................I.N.I.T.I.A.L.I.Z.A.T.I.O.N...................
       0.Info>>.................................................................
       0.Info>>No configuration file specified. Will use default                
       0.Info>>Looking for configuration file: scatter.xml                      
       0.Info>>Reading parameters from XML file: scatter.xml                    
       0.Info>>Added frames from /home/amajumda/study/continuum_simulations/gitlab/continuum-to-scattering/data/100_100_100_50_50_50/single_atom_shrink/iteration_013/t000/pdb_dcd/sample.dcd using format: dcd
       0.Info>>Options: first=0, last=0, lastset=0, stride=1                    
       0.Info>>stager.target=system                                             
       0.Info>>scattering.type=all                                              
       0.Info>>scattering.dsp.type=square                                       
       0.Info>>scattering.average.orientation.type=vectors                      
       0.Info>>scattering.average.orientation.vectors.type=sphere               
       0.Info>>scattering.average.orientation.vectors.algorithm=boost_uniform_on_sphere
       0.Info>>scattering.average.orientation.vectors.resolution=100            
       0.Info>>Generating orientations for orientational averaging using sphere,boost_uniform_on_sphere
       0.Info>>Initialized orientational averaging with 100 vectors.            
       0.Info>>scattering.signal.file=signal.h5                                 
       0.Info>>scattering.signal.filepath=/home/amajumda/study/continuum_simulations/gitlab/continuum-to-scattering/data/100_100_100_50_50_50/single_atom_shrink/iteration_013/t000/signal.h5
       0.Info>>scattering.signal.fqt=1                                          
       0.Info>>scattering.signal.fq0=1                                          
       0.Info>>scattering.signal.fq=1                                           
       0.Info>>scattering.signal.fq2=1                                          
       0.Info>>Analyzing command line for parameter overwrites                  
       0.Info>>Reading database from file: /home/amajumda/study/continuum_simulations/gitlab/continuum-to-scattering/data/100_100_100_50_50_50/single_atom_shrink/iteration_013/t000/database/db-neutron-coherent.xml
       0.Info>>Checking database...                                             
       0.Info>>Testing mapping between PDB names and atom labels                
       0.Info>>Testing database completeness for referenced atom labels         
       0.Info>>Check succeeded. Database seems OK.                              
       0.Info>>Initializing sample...                                           
       0.Info>>Reading structure from file: /home/amajumda/study/continuum_simulations/gitlab/continuum-to-scattering/data/100_100_100_50_50_50/single_atom_shrink/iteration_013/t000/pdb_dcd/sample.pdb
       0.Info>>Done. Atoms read: 125000                                         
       0.Info>>Reading frames from: /home/amajumda/study/continuum_simulations/gitlab/continuum-to-scattering/data/100_100_100_50_50_50/single_atom_shrink/iteration_013/t000/pdb_dcd/sample.dcd
       0.Info>>Found 1 frames                                                   
       0.Info>>Total number of coordinate sets found: 1                         
       0.Info>>Exchanging sample, database & params information with compute nodes... 
       0.Info>>params...                                                        
       0.Info>>database...                                                      
       0.Info>>sample...                                                        
       0.Info>>.................................................................
       0.Info>>......................C.O.M.P.U.T.A.T.I.O.N......................
       0.Info>>.................................................................
       0.Info>>Setting up services...                                           
       0.Info>>Initializing data file service...                                
       0.Info>>Initializing monitor service...                                  
       0.Info>>Starting data file service...                                    
       0.Info>>Starting monitor service...                                      
       0.Info>>Services setup and running...                                    
       0.Info>>Checking /home/amajumda/study/continuum_simulations/gitlab/continuum-to-scattering/data/100_100_100_50_50_50/single_atom_shrink/iteration_013/t000/signal.h5 for old results.
       0.Info>>Broadcasting service information                                 
       0.Info>>Server host name    : hzglap02                                   
       0.Info>>FileService Port    : 36463                                      
       0.Info>>MonitorService Port : 37805                                      
       0.Info>>Setting up parallel environment...                               
       0.Info>>Searching for decomposition plan:                                
       0.Info>>nodes    = 8                                                     
       0.Info>>qvectors = 100                                                   
       0.Info>>frames   = 1                                                     
       0.Info>>atoms   = 125000                                                 
       0.Info>>All interference scattering detected. Applying frame decomposition.
       0.Info>>Automatic decomposition. Searching for best utilization.         
       0.Info>>Final decomposition parameters:                                  
       0.Info>>NN                : 8                                            
       0.Info>>NQ                : 100                                          
       0.Info>>NAF               : 1                                            
       0.Info>>NP                : 8                                            
       0.Info>>NNpP              : 1                                            
       0.Info>>NAFcycles         : 1                                            
       0.Info>>NQcycles          : 13                                           
       0.Info>>CompEl (WASTE/USE): 4/100                                        
       0.Info>>utilization(1=best)    : 0.96153846153846156                     
       0.Info>>Initializing Scatter Device, Vectors (all)                       
       0.Info>>Starting scattering...                                           
       0.Info>>Checking memory requirements for scattering calculation...       
       0.Info>>required limits.computation.memory.result_buffer=16              
       0.Info>>required limits.computation.memory.signal_buffer=16              
       0.Info>>required limits.computation.memory.exchange_buffer=0             
       0.Info>>required limits.computation.memory.alignpad_buffer=32            
       0.Info>>Memory limits ok                                                 
       0.Info>>Staging data...                                                  
       0.Info>>Forcing stager.mode=frames                                       
       0.Info>>Staging first partition.                                         
       0.Info>>Staging remaining partitions.                                    
       0.Info>>background scattering length set to 0                            
       0.Info>>Target initialized.                                              
       0.Info>>Target 'system' produces a background scattering length density of 0.0027742633416818212
       0.Info>>Starting computation...                                          
       0.Info>>Orientational averaging includes 100 vectors                     
       0.Info>>Setting progress sampling factor for monitoring to 1             
       0.Info>>Progress: 2.010%, ETOTAL: 56.326681865284975 s, ETA: 55.194280865284973 s
       0.Info>>Progress: 4.646%, ETOTAL: 24.650690582959644 s, ETA: 23.505460582959643 s
       0.Info>>Progress: 6.271%, ETOTAL: 18.544170099667774 s, ETA: 17.381296099667775 s
       0.Info>>Progress: 10.416%, ETOTAL: 12.132952504038771 s, ETA: 10.869200504038771 s
       0.Info>>Progress: 20.196%, ETOTAL: 15.522740263450245 s, ETA: 12.387843263450245 s
       0.Info>>Progress: 33.205%, ETOTAL: 9.569955521235519 s, ETA: 6.3922395212355188 s
       0.Info>>Progress: 42.455%, ETOTAL: 7.6265604106900193 s, ETA: 4.3886944106900199 s
       0.Info>>Progress: 52.455%, ETOTAL: 9.8118090186972982 s, ETA: 4.6650120186972979 s
       0.Info>>Progress: 62.080%, ETOTAL: 8.3175472559244152 s, ETA: 3.1540032559244144 s
       0.Info>>Progress: 71.955%, ETOTAL: 9.9145831269487754 s, ETA: 2.7805321269487751 s
       0.Info>>Progress: 81.080%, ETOTAL: 8.8356989050084991 s, ETA: 1.6717029050084991 s
       0.Info>>Scattering finished...                                           
       0.Info>>.................................................................
       0.Info>>.....................R.U.N...A.N.A.L.Y.S.I.S.....................
       0.Info>>.................................................................
       0.Info>>Aggregating timing information for performance analysis...       
       0.Info>>                                                                 
       0.Info>>                    Performance Analysis                         
       0.Info>>-----------------------------------------------------------------
       0.Info>> mean and total runtimes:                                        
       0.Info>>-----------------------------------------------------------------
       0.Info>>          measure |    total |       count |     mean |   stddev 
       0.Info>>-----------------------------------------------------------------
       0.Info>>   sd:c:b:dspstore| 3.750e-02|        10000| 3.750e-06| 2.974e-06
       0.Info>>    sd:c:b:scatter| 4.442e+01|        10000| 4.442e-03| 8.027e-04
       0.Info>>        sd:c:block| 4.460e+01|          100| 4.460e-01| 4.289e-02
       0.Info>>         sd:c:init| 1.571e+01|          100| 1.571e-01| 3.052e-02
       0.Info>>       sd:c:reduce| 1.030e-04|          100| 1.030e-06| 5.564e-07
       0.Info>>         sd:c:wait| 1.660e-04|          100| 1.660e-06| 6.348e-07
       0.Info>>        sd:compute| 6.031e+01|          100| 6.031e-01| 5.710e-02
       0.Info>>         sd:runner| 6.032e+01|            8| 7.540e+00| 0.000e+00
       0.Info>>          sd:stage| 2.319e-01|            8| 2.898e-02| 0.000e+00
       0.Info>> sd:worker:scatter| 4.405e+01|        10000| 4.405e-03| 7.858e-04
       0.Info>>    sd:worker:wait| 1.617e+01|        10000| 1.617e-03| 1.594e-02
       0.Info>>          sd:write| 1.011e-03|          100| 1.011e-05| 7.113e-06
       0.Info>>           st:fill| 1.173e-02|            8| 1.467e-03| 0.000e+00
       0.Info>>          st:first| 2.738e-02|            1| 2.738e-02| 0.000e+00
       0.Info>>           st:load| 2.705e-02|            1| 2.705e-02| 0.000e+00
       0.Info>>           st:wait| 1.920e-01|            8| 2.400e-02| 0.000e+00
       0.Info>>-----------------------------------------------------------------
       0.Info>>-----------------------------------------------------------------
       0.Info>> watermarks:                                                     
       0.Info>>-----------------------------------------------------------------
       0.Info>>          measure |      min |      max                          
       0.Info>>-----------------------------------------------------------------
       0.Info>>   sd:c:b:dspstore| 2.000e-06| 2.230e-04                         
       0.Info>>    sd:c:b:scatter| 1.559e-03| 1.473e-02                         
       0.Info>>        sd:c:block| 2.006e-01| 5.792e-01                         
       0.Info>>         sd:c:init| 1.219e-01| 2.371e-01                         
       0.Info>>       sd:c:reduce| 0.000e+00| 3.000e-06                         
       0.Info>>         sd:c:wait| 1.000e-06| 4.000e-06                         
       0.Info>>        sd:compute| 3.241e-01| 7.421e-01                         
       0.Info>>         sd:runner| 6.597e+00| 7.970e+00                         
       0.Info>>          sd:stage| 2.883e-02| 2.904e-02                         
       0.Info>> sd:worker:scatter| 1.538e-03| 1.160e-02                         
       0.Info>>    sd:worker:wait| 1.000e-06| 2.373e-01                         
       0.Info>>          sd:write| 5.000e-06| 4.800e-05                         
       0.Info>>           st:fill| 1.311e-03| 1.529e-03                         
       0.Info>>          st:first| 2.738e-02| 2.738e-02                         
       0.Info>>           st:load| 2.705e-02| 2.705e-02                         
       0.Info>>           st:wait| 1.100e-05| 2.743e-02                         
       0.Info>>-----------------------------------------------------------------
       0.Info>>                                                                 
       0.Info>>         Performance Analysis (relative to total time * nodes)   
       0.Info>>-----------------------------------------------------------------
       0.Info>> mean and total runtimes:                                        
       0.Info>>-----------------------------------------------------------------
       0.Info>>          measure |    total |       count |     mean |   stddev 
       0.Info>>-----------------------------------------------------------------
       0.Info>>   sd:c:b:dspstore| 5.558e-04|        10000| 5.558e-08| 3.621e-07
       0.Info>>    sd:c:b:scatter| 6.585e-01|        10000| 6.585e-05| 9.773e-05
       0.Info>>        sd:c:block| 6.612e-01|          100| 6.612e-03| 5.222e-03
       0.Info>>         sd:c:init| 2.328e-01|          100| 2.328e-03| 3.716e-03
       0.Info>>       sd:c:reduce| 1.527e-06|          100| 1.527e-08| 6.774e-08
       0.Info>>         sd:c:wait| 2.461e-06|          100| 2.461e-08| 7.729e-08
       0.Info>>        sd:compute| 8.940e-01|          100| 8.940e-03| 6.951e-03
       0.Info>>         sd:runner| 8.941e-01|            8| 1.118e-01| 0.000e+00
       0.Info>>          sd:stage| 3.437e-03|            8| 4.296e-04| 0.000e+00
       0.Info>> sd:worker:scatter| 6.529e-01|        10000| 6.529e-05| 9.567e-05
       0.Info>>    sd:worker:wait| 2.397e-01|        10000| 2.397e-05| 1.941e-03
       0.Info>>          sd:write| 1.499e-05|          100| 1.499e-07| 8.660e-07
       0.Info>>           st:fill| 1.739e-04|            8| 2.174e-05| 0.000e+00
       0.Info>>          st:first| 4.058e-04|            1| 4.058e-04| 0.000e+00
       0.Info>>           st:load| 4.009e-04|            1| 4.009e-04| 0.000e+00
       0.Info>>           st:wait| 2.846e-03|            8| 3.557e-04| 0.000e+00
       0.Info>>-----------------------------------------------------------------
       0.Info>>-----------------------------------------------------------------
       0.Info>> watermarks:                                                     
       0.Info>>-----------------------------------------------------------------
       0.Info>>          measure |      min |      max                          
       0.Info>>-----------------------------------------------------------------
       0.Info>>   sd:c:b:dspstore| 2.965e-08| 3.305e-06                         
       0.Info>>    sd:c:b:scatter| 2.311e-05| 2.183e-04                         
       0.Info>>        sd:c:block| 2.973e-03| 8.586e-03                         
       0.Info>>         sd:c:init| 1.807e-03| 3.515e-03                         
       0.Info>>       sd:c:reduce| 0.000e+00| 4.447e-08                         
       0.Info>>         sd:c:wait| 1.482e-08| 5.929e-08                         
       0.Info>>        sd:compute| 4.803e-03| 1.100e-02                         
       0.Info>>         sd:runner| 9.779e-02| 1.181e-01                         
       0.Info>>          sd:stage| 4.273e-04| 4.305e-04                         
       0.Info>> sd:worker:scatter| 2.280e-05| 1.719e-04                         
       0.Info>>    sd:worker:wait| 1.482e-08| 3.517e-03                         
       0.Info>>          sd:write| 7.411e-08| 7.115e-07                         
       0.Info>>           st:fill| 1.943e-05| 2.266e-05                         
       0.Info>>          st:first| 4.058e-04| 4.058e-04                         
       0.Info>>           st:load| 4.009e-04| 4.009e-04                         
       0.Info>>           st:wait| 1.631e-07| 4.066e-04                         
       0.Info>>-----------------------------------------------------------------
       0.Info>>Total runtime (s): 8.4329210000000003                            
       0.Info>>Successfully finished... Have a nice day!                        
