       0.Info>>This software is being developed by Benjamin Lindner.                    
       0.Info>>For help, suggestions or correspondense use:                             
       0.Info>>ben@benlabs.net, Benjamin Lindner (Main Developer, Impl. & Maintenance)  
       0.Info>>franc@cmm.ki.si, Franci Merzel (Methodology)                             
       0.Info>>For publications include the following references:                       
       0.Info>>.........................................................................
       0.Info>>1. Sassena - X-ray and Neutron Scattering Calculated                     
       0.Info>>  from Molecular Dynamics Trajectories using Massively Parallel Computers
       0.Info>>  published as a Computer Program in Physics Paper                       
       0.Info>>.........................................................................
       0.Info>>Version Information: 1.4.2                                       
       0.Info>>                                                                 
       0.Info>>.................................................................
       0.Info>>......................D.E.S.C.R.I.P.T.I.O.N......................
       0.Info>>.................................................................
       0.Info>>This binary computes the scattering intensities directly from    
       0.Info>>a molecular dynamics trajectory.                                 
       0.Info>>.................................................................
       0.Info>>.................................................................
       0.Info>>...................I.N.I.T.I.A.L.I.Z.A.T.I.O.N...................
       0.Info>>.................................................................
       0.Info>>No configuration file specified. Will use default                
       0.Info>>Looking for configuration file: scatter.xml                      
       0.Info>>Reading parameters from XML file: scatter.xml                    
       0.Info>>Added frames from /home/amajumda/study/continuum_simulations/gitlab/continuum-to-scattering/data/100_100_100_10_10_10/single_atom_shrink/iteration_001/t010/pdb_dcd/sample.dcd using format: dcd
       0.Info>>Options: first=0, last=0, lastset=0, stride=1                    
       0.Info>>stager.target=system                                             
       0.Info>>scattering.type=all                                              
       0.Info>>scattering.dsp.type=square                                       
       0.Info>>scattering.average.orientation.type=vectors                      
       0.Info>>scattering.average.orientation.vectors.type=sphere               
       0.Info>>scattering.average.orientation.vectors.algorithm=boost_uniform_on_sphere
       0.Info>>scattering.average.orientation.vectors.resolution=100            
       0.Info>>Generating orientations for orientational averaging using sphere,boost_uniform_on_sphere
       0.Info>>Initialized orientational averaging with 100 vectors.            
       0.Info>>scattering.signal.file=signal.h5                                 
       0.Info>>scattering.signal.filepath=/home/amajumda/study/continuum_simulations/gitlab/continuum-to-scattering/data/100_100_100_10_10_10/single_atom_shrink/iteration_001/t010/signal.h5
       0.Info>>scattering.signal.fqt=1                                          
       0.Info>>scattering.signal.fq0=1                                          
       0.Info>>scattering.signal.fq=1                                           
       0.Info>>scattering.signal.fq2=1                                          
       0.Info>>Analyzing command line for parameter overwrites                  
       0.Info>>Reading database from file: /home/amajumda/study/continuum_simulations/gitlab/continuum-to-scattering/data/100_100_100_10_10_10/single_atom_shrink/iteration_001/t010/database/db-neutron-coherent.xml
       0.Info>>Checking database...                                             
       0.Info>>Testing mapping between PDB names and atom labels                
       0.Info>>Testing database completeness for referenced atom labels         
       0.Info>>Check succeeded. Database seems OK.                              
       0.Info>>Initializing sample...                                           
       0.Info>>Reading structure from file: /home/amajumda/study/continuum_simulations/gitlab/continuum-to-scattering/data/100_100_100_10_10_10/single_atom_shrink/iteration_001/t010/pdb_dcd/sample.pdb
       0.Info>>Done. Atoms read: 1000                                           
       0.Info>>Reading frames from: /home/amajumda/study/continuum_simulations/gitlab/continuum-to-scattering/data/100_100_100_10_10_10/single_atom_shrink/iteration_001/t010/pdb_dcd/sample.dcd
       0.Info>>Found 1 frames                                                   
       0.Info>>Total number of coordinate sets found: 1                         
       0.Info>>Exchanging sample, database & params information with compute nodes... 
       0.Info>>params...                                                        
       0.Info>>database...                                                      
       0.Info>>sample...                                                        
       0.Info>>.................................................................
       0.Info>>......................C.O.M.P.U.T.A.T.I.O.N......................
       0.Info>>.................................................................
       0.Info>>Setting up services...                                           
       0.Info>>Initializing data file service...                                
       0.Info>>Initializing monitor service...                                  
       0.Info>>Starting data file service...                                    
       0.Info>>Starting monitor service...                                      
       0.Info>>Services setup and running...                                    
       0.Info>>Checking /home/amajumda/study/continuum_simulations/gitlab/continuum-to-scattering/data/100_100_100_10_10_10/single_atom_shrink/iteration_001/t010/signal.h5 for old results.
       0.Info>>Broadcasting service information                                 
       0.Info>>Server host name    : hzglap02                                   
       0.Info>>FileService Port    : 46539                                      
       0.Info>>MonitorService Port : 38639                                      
       0.Info>>Setting up parallel environment...                               
       0.Info>>Searching for decomposition plan:                                
       0.Info>>nodes    = 8                                                     
       0.Info>>qvectors = 100                                                   
       0.Info>>frames   = 1                                                     
       0.Info>>atoms   = 1000                                                   
       0.Info>>All interference scattering detected. Applying frame decomposition.
       0.Info>>Automatic decomposition. Searching for best utilization.         
       0.Info>>Final decomposition parameters:                                  
       0.Info>>NN                : 8                                            
       0.Info>>NQ                : 100                                          
       0.Info>>NAF               : 1                                            
       0.Info>>NP                : 8                                            
       0.Info>>NNpP              : 1                                            
       0.Info>>NAFcycles         : 1                                            
       0.Info>>NQcycles          : 13                                           
       0.Info>>CompEl (WASTE/USE): 4/100                                        
       0.Info>>utilization(1=best)    : 0.96153846153846156                     
       0.Info>>Initializing Scatter Device, Vectors (all)                       
       0.Info>>Starting scattering...                                           
       0.Info>>Checking memory requirements for scattering calculation...       
       0.Info>>required limits.computation.memory.result_buffer=16              
       0.Info>>required limits.computation.memory.signal_buffer=16              
       0.Info>>required limits.computation.memory.exchange_buffer=0             
       0.Info>>required limits.computation.memory.alignpad_buffer=32            
       0.Info>>Memory limits ok                                                 
       0.Info>>Staging data...                                                  
       0.Info>>Forcing stager.mode=frames                                       
       0.Info>>Staging first partition.                                         
       0.Info>>Staging remaining partitions.                                    
       0.Info>>background scattering length set to 0                            
       0.Info>>Target initialized.                                              
       0.Info>>Target 'system' produces a background scattering length density of 0.012732395447351837
       0.Info>>Starting computation...                                          
       0.Info>>Orientational averaging includes 100 vectors                     
       0.Info>>Setting progress sampling factor for monitoring to 1             
       0.Info>>Scattering finished...                                           
       0.Info>>.................................................................
       0.Info>>.....................R.U.N...A.N.A.L.Y.S.I.S.....................
       0.Info>>.................................................................
       0.Info>>Aggregating timing information for performance analysis...       
       0.Info>>                                                                 
       0.Info>>                    Performance Analysis                         
       0.Info>>-----------------------------------------------------------------
       0.Info>> mean and total runtimes:                                        
       0.Info>>-----------------------------------------------------------------
       0.Info>>          measure |    total |       count |     mean |   stddev 
       0.Info>>-----------------------------------------------------------------
       0.Info>>   sd:c:b:dspstore| 2.618e-02|        10000| 2.618e-06| 1.704e-06
       0.Info>>    sd:c:b:scatter| 6.101e-01|        10000| 6.101e-05| 1.302e-05
       0.Info>>        sd:c:block| 7.378e-01|          100| 7.378e-03| 4.814e-04
       0.Info>>         sd:c:init| 1.424e-01|          100| 1.424e-03| 3.476e-04
       0.Info>>       sd:c:reduce| 1.040e-04|          100| 1.040e-06| 5.822e-07
       0.Info>>         sd:c:wait| 1.410e-04|          100| 1.410e-06| 6.559e-07
       0.Info>>        sd:compute| 8.825e-01|          100| 8.825e-03| 6.255e-04
       0.Info>>         sd:runner| 8.854e-01|            8| 1.107e-01| 0.000e+00
       0.Info>>          sd:stage| 3.441e-03|            8| 4.301e-04| 0.000e+00
       0.Info>> sd:worker:scatter| 4.295e-01|        10000| 4.295e-05| 7.050e-06
       0.Info>>    sd:worker:wait| 3.801e-01|        10000| 3.801e-05| 1.505e-04
       0.Info>>          sd:write| 7.810e-04|          100| 7.810e-06| 5.203e-06
       0.Info>>           st:fill| 6.640e-04|            8| 8.300e-05| 0.000e+00
       0.Info>>          st:first| 2.450e-04|            1| 2.450e-04| 0.000e+00
       0.Info>>           st:load| 2.180e-04|            1| 2.180e-04| 0.000e+00
       0.Info>>           st:wait| 1.926e-03|            8| 2.407e-04| 0.000e+00
       0.Info>>-----------------------------------------------------------------
       0.Info>>-----------------------------------------------------------------
       0.Info>> watermarks:                                                     
       0.Info>>-----------------------------------------------------------------
       0.Info>>          measure |      min |      max                          
       0.Info>>-----------------------------------------------------------------
       0.Info>>   sd:c:b:dspstore| 1.000e-06| 6.800e-05                         
       0.Info>>    sd:c:b:scatter| 2.800e-05| 6.680e-04                         
       0.Info>>        sd:c:block| 4.170e-03| 8.348e-03                         
       0.Info>>         sd:c:init| 9.350e-04| 2.270e-03                         
       0.Info>>       sd:c:reduce| 0.000e+00| 4.000e-06                         
       0.Info>>         sd:c:wait| 0.000e+00| 5.000e-06                         
       0.Info>>        sd:compute| 5.259e-03| 1.034e-02                         
       0.Info>>         sd:runner| 9.761e-02| 1.183e-01                         
       0.Info>>          sd:stage| 4.260e-04| 4.340e-04                         
       0.Info>> sd:worker:scatter| 1.200e-05| 3.150e-04                         
       0.Info>>    sd:worker:wait| 1.200e-05| 2.311e-03                         
       0.Info>>          sd:write| 4.000e-06| 2.800e-05                         
       0.Info>>           st:fill| 8.000e-05| 8.500e-05                         
       0.Info>>          st:first| 2.450e-04| 2.450e-04                         
       0.Info>>           st:load| 2.180e-04| 2.180e-04                         
       0.Info>>           st:wait| 4.000e-06| 2.760e-04                         
       0.Info>>-----------------------------------------------------------------
       0.Info>>                                                                 
       0.Info>>         Performance Analysis (relative to total time * nodes)   
       0.Info>>-----------------------------------------------------------------
       0.Info>> mean and total runtimes:                                        
       0.Info>>-----------------------------------------------------------------
       0.Info>>          measure |    total |       count |     mean |   stddev 
       0.Info>>-----------------------------------------------------------------
       0.Info>>   sd:c:b:dspstore| 2.045e-02|        10000| 2.045e-06| 1.506e-06
       0.Info>>    sd:c:b:scatter| 4.766e-01|        10000| 4.766e-05| 1.150e-05
       0.Info>>        sd:c:block| 5.763e-01|          100| 5.763e-03| 4.255e-04
       0.Info>>         sd:c:init| 1.113e-01|          100| 1.113e-03| 3.072e-04
       0.Info>>       sd:c:reduce| 8.124e-05|          100| 8.124e-07| 5.145e-07
       0.Info>>         sd:c:wait| 1.101e-04|          100| 1.101e-06| 5.797e-07
       0.Info>>        sd:compute| 6.893e-01|          100| 6.893e-03| 5.528e-04
       0.Info>>         sd:runner| 6.916e-01|            8| 8.645e-02| 0.000e+00
       0.Info>>          sd:stage| 2.688e-03|            8| 3.360e-04| 0.000e+00
       0.Info>> sd:worker:scatter| 3.355e-01|        10000| 3.355e-05| 6.231e-06
       0.Info>>    sd:worker:wait| 2.969e-01|        10000| 2.969e-05| 1.330e-04
       0.Info>>          sd:write| 6.101e-04|          100| 6.101e-06| 4.599e-06
       0.Info>>           st:fill| 5.187e-04|            8| 6.483e-05| 0.000e+00
       0.Info>>          st:first| 1.914e-04|            1| 1.914e-04| 0.000e+00
       0.Info>>           st:load| 1.703e-04|            1| 1.703e-04| 0.000e+00
       0.Info>>           st:wait| 1.504e-03|            8| 1.881e-04| 0.000e+00
       0.Info>>-----------------------------------------------------------------
       0.Info>>-----------------------------------------------------------------
       0.Info>> watermarks:                                                     
       0.Info>>-----------------------------------------------------------------
       0.Info>>          measure |      min |      max                          
       0.Info>>-----------------------------------------------------------------
       0.Info>>   sd:c:b:dspstore| 7.811e-07| 5.312e-05                         
       0.Info>>    sd:c:b:scatter| 2.187e-05| 5.218e-04                         
       0.Info>>        sd:c:block| 3.257e-03| 6.521e-03                         
       0.Info>>         sd:c:init| 7.303e-04| 1.773e-03                         
       0.Info>>       sd:c:reduce| 0.000e+00| 3.124e-06                         
       0.Info>>         sd:c:wait| 0.000e+00| 3.906e-06                         
       0.Info>>        sd:compute| 4.108e-03| 8.074e-03                         
       0.Info>>         sd:runner| 7.624e-02| 9.241e-02                         
       0.Info>>          sd:stage| 3.328e-04| 3.390e-04                         
       0.Info>> sd:worker:scatter| 9.373e-06| 2.461e-04                         
       0.Info>>    sd:worker:wait| 9.373e-06| 1.805e-03                         
       0.Info>>          sd:write| 3.124e-06| 2.187e-05                         
       0.Info>>           st:fill| 6.249e-05| 6.640e-05                         
       0.Info>>          st:first| 1.914e-04| 1.914e-04                         
       0.Info>>           st:load| 1.703e-04| 1.703e-04                         
       0.Info>>           st:wait| 3.124e-06| 2.156e-04                         
       0.Info>>-----------------------------------------------------------------
       0.Info>>Total runtime (s): 0.160027                                      
       0.Info>>Successfully finished... Have a nice day!                        
