       0.Info>>This software is being developed by Benjamin Lindner.                    
       0.Info>>For help, suggestions or correspondense use:                             
       0.Info>>ben@benlabs.net, Benjamin Lindner (Main Developer, Impl. & Maintenance)  
       0.Info>>franc@cmm.ki.si, Franci Merzel (Methodology)                             
       0.Info>>For publications include the following references:                       
       0.Info>>.........................................................................
       0.Info>>1. Sassena - X-ray and Neutron Scattering Calculated                     
       0.Info>>  from Molecular Dynamics Trajectories using Massively Parallel Computers
       0.Info>>  published as a Computer Program in Physics Paper                       
       0.Info>>.........................................................................
       0.Info>>Version Information: 1.4.2                                       
       0.Info>>                                                                 
       0.Info>>.................................................................
       0.Info>>......................D.E.S.C.R.I.P.T.I.O.N......................
       0.Info>>.................................................................
       0.Info>>This binary computes the scattering intensities directly from    
       0.Info>>a molecular dynamics trajectory.                                 
       0.Info>>.................................................................
       0.Info>>.................................................................
       0.Info>>...................I.N.I.T.I.A.L.I.Z.A.T.I.O.N...................
       0.Info>>.................................................................
       0.Info>>No configuration file specified. Will use default                
       0.Info>>Looking for configuration file: scatter.xml                      
       0.Info>>Reading parameters from XML file: scatter.xml                    
       0.Info>>Added frames from /home/amajumda/study/continuum_simulations/gitlab/continuum-to-scattering/data/100_100_100_10_10_10/single_atom_shrink/iteration_000/t006/pdb_dcd/sample.dcd using format: dcd
       0.Info>>Options: first=0, last=0, lastset=0, stride=1                    
       0.Info>>stager.target=system                                             
       0.Info>>scattering.type=all                                              
       0.Info>>scattering.dsp.type=square                                       
       0.Info>>scattering.average.orientation.type=vectors                      
       0.Info>>scattering.average.orientation.vectors.type=sphere               
       0.Info>>scattering.average.orientation.vectors.algorithm=boost_uniform_on_sphere
       0.Info>>scattering.average.orientation.vectors.resolution=100            
       0.Info>>Generating orientations for orientational averaging using sphere,boost_uniform_on_sphere
       0.Info>>Initialized orientational averaging with 100 vectors.            
       0.Info>>scattering.signal.file=signal.h5                                 
       0.Info>>scattering.signal.filepath=/home/amajumda/study/continuum_simulations/gitlab/continuum-to-scattering/data/100_100_100_10_10_10/single_atom_shrink/iteration_000/t006/signal.h5
       0.Info>>scattering.signal.fqt=1                                          
       0.Info>>scattering.signal.fq0=1                                          
       0.Info>>scattering.signal.fq=1                                           
       0.Info>>scattering.signal.fq2=1                                          
       0.Info>>Analyzing command line for parameter overwrites                  
       0.Info>>Reading database from file: /home/amajumda/study/continuum_simulations/gitlab/continuum-to-scattering/data/100_100_100_10_10_10/single_atom_shrink/iteration_000/t006/database/db-neutron-coherent.xml
       0.Info>>Checking database...                                             
       0.Info>>Testing mapping between PDB names and atom labels                
       0.Info>>Testing database completeness for referenced atom labels         
       0.Info>>Check succeeded. Database seems OK.                              
       0.Info>>Initializing sample...                                           
       0.Info>>Reading structure from file: /home/amajumda/study/continuum_simulations/gitlab/continuum-to-scattering/data/100_100_100_10_10_10/single_atom_shrink/iteration_000/t006/pdb_dcd/sample.pdb
       0.Info>>Done. Atoms read: 1000                                           
       0.Info>>Reading frames from: /home/amajumda/study/continuum_simulations/gitlab/continuum-to-scattering/data/100_100_100_10_10_10/single_atom_shrink/iteration_000/t006/pdb_dcd/sample.dcd
       0.Info>>Found 1 frames                                                   
       0.Info>>Total number of coordinate sets found: 1                         
       0.Info>>Exchanging sample, database & params information with compute nodes... 
       0.Info>>params...                                                        
       0.Info>>database...                                                      
       0.Info>>sample...                                                        
       0.Info>>.................................................................
       0.Info>>......................C.O.M.P.U.T.A.T.I.O.N......................
       0.Info>>.................................................................
       0.Info>>Setting up services...                                           
       0.Info>>Initializing data file service...                                
       0.Info>>Initializing monitor service...                                  
       0.Info>>Starting data file service...                                    
       0.Info>>Starting monitor service...                                      
       0.Info>>Services setup and running...                                    
       0.Info>>Checking /home/amajumda/study/continuum_simulations/gitlab/continuum-to-scattering/data/100_100_100_10_10_10/single_atom_shrink/iteration_000/t006/signal.h5 for old results.
       0.Info>>Broadcasting service information                                 
       0.Info>>Server host name    : hzglap02                                   
       0.Info>>FileService Port    : 33389                                      
       0.Info>>MonitorService Port : 38615                                      
       0.Info>>Setting up parallel environment...                               
       0.Info>>Searching for decomposition plan:                                
       0.Info>>nodes    = 8                                                     
       0.Info>>qvectors = 100                                                   
       0.Info>>frames   = 1                                                     
       0.Info>>atoms   = 1000                                                   
       0.Info>>All interference scattering detected. Applying frame decomposition.
       0.Info>>Automatic decomposition. Searching for best utilization.         
       0.Info>>Final decomposition parameters:                                  
       0.Info>>NN                : 8                                            
       0.Info>>NQ                : 100                                          
       0.Info>>NAF               : 1                                            
       0.Info>>NP                : 8                                            
       0.Info>>NNpP              : 1                                            
       0.Info>>NAFcycles         : 1                                            
       0.Info>>NQcycles          : 13                                           
       0.Info>>CompEl (WASTE/USE): 4/100                                        
       0.Info>>utilization(1=best)    : 0.96153846153846156                     
       0.Info>>Initializing Scatter Device, Vectors (all)                       
       0.Info>>Starting scattering...                                           
       0.Info>>Checking memory requirements for scattering calculation...       
       0.Info>>required limits.computation.memory.result_buffer=16              
       0.Info>>required limits.computation.memory.signal_buffer=16              
       0.Info>>required limits.computation.memory.exchange_buffer=0             
       0.Info>>required limits.computation.memory.alignpad_buffer=32            
       0.Info>>Memory limits ok                                                 
       0.Info>>Staging data...                                                  
       0.Info>>Forcing stager.mode=frames                                       
       0.Info>>Staging first partition.                                         
       0.Info>>Staging remaining partitions.                                    
       0.Info>>background scattering length set to 0                            
       0.Info>>Target initialized.                                              
       0.Info>>Target 'system' produces a background scattering length density of 0.10355681630512822
       0.Info>>Starting computation...                                          
       0.Info>>Orientational averaging includes 100 vectors                     
       0.Info>>Setting progress sampling factor for monitoring to 1             
       0.Info>>Scattering finished...                                           
       0.Info>>.................................................................
       0.Info>>.....................R.U.N...A.N.A.L.Y.S.I.S.....................
       0.Info>>.................................................................
       0.Info>>Aggregating timing information for performance analysis...       
       0.Info>>                                                                 
       0.Info>>                    Performance Analysis                         
       0.Info>>-----------------------------------------------------------------
       0.Info>> mean and total runtimes:                                        
       0.Info>>-----------------------------------------------------------------
       0.Info>>          measure |    total |       count |     mean |   stddev 
       0.Info>>-----------------------------------------------------------------
       0.Info>>   sd:c:b:dspstore| 2.555e-02|        10000| 2.555e-06| 1.525e-06
       0.Info>>    sd:c:b:scatter| 5.980e-01|        10000| 5.980e-05| 1.248e-05
       0.Info>>        sd:c:block| 7.218e-01|          100| 7.218e-03| 5.220e-04
       0.Info>>         sd:c:init| 1.335e-01|          100| 1.335e-03| 2.710e-04
       0.Info>>       sd:c:reduce| 9.700e-05|          100| 9.700e-07| 5.274e-07
       0.Info>>         sd:c:wait| 1.220e-04|          100| 1.220e-06| 5.722e-07
       0.Info>>        sd:compute| 8.573e-01|          100| 8.573e-03| 5.944e-04
       0.Info>>         sd:runner| 8.600e-01|            8| 1.075e-01| 0.000e+00
       0.Info>>          sd:stage| 3.109e-03|            8| 3.886e-04| 0.000e+00
       0.Info>> sd:worker:scatter| 4.241e-01|        10000| 4.241e-05| 7.251e-06
       0.Info>>    sd:worker:wait| 3.636e-01|        10000| 3.636e-05| 1.401e-04
       0.Info>>          sd:write| 7.420e-04|          100| 7.420e-06| 5.736e-06
       0.Info>>           st:fill| 6.420e-04|            8| 8.025e-05| 0.000e+00
       0.Info>>          st:first| 2.250e-04|            1| 2.250e-04| 0.000e+00
       0.Info>>           st:load| 2.020e-04|            1| 2.020e-04| 0.000e+00
       0.Info>>           st:wait| 1.684e-03|            8| 2.105e-04| 0.000e+00
       0.Info>>-----------------------------------------------------------------
       0.Info>>-----------------------------------------------------------------
       0.Info>> watermarks:                                                     
       0.Info>>-----------------------------------------------------------------
       0.Info>>          measure |      min |      max                          
       0.Info>>-----------------------------------------------------------------
       0.Info>>   sd:c:b:dspstore| 1.000e-06| 6.000e-05                         
       0.Info>>    sd:c:b:scatter| 2.500e-05| 7.070e-04                         
       0.Info>>        sd:c:block| 4.241e-03| 8.387e-03                         
       0.Info>>         sd:c:init| 9.170e-04| 2.165e-03                         
       0.Info>>       sd:c:reduce| 0.000e+00| 3.000e-06                         
       0.Info>>         sd:c:wait| 0.000e+00| 3.000e-06                         
       0.Info>>        sd:compute| 5.375e-03| 1.011e-02                         
       0.Info>>         sd:runner| 8.951e-02| 1.165e-01                         
       0.Info>>          sd:stage| 3.840e-04| 3.960e-04                         
       0.Info>> sd:worker:scatter| 1.200e-05| 3.300e-04                         
       0.Info>>    sd:worker:wait| 1.200e-05| 2.207e-03                         
       0.Info>>          sd:write| 4.000e-06| 3.300e-05                         
       0.Info>>           st:fill| 7.600e-05| 8.400e-05                         
       0.Info>>          st:first| 2.250e-04| 2.250e-04                         
       0.Info>>           st:load| 2.020e-04| 2.020e-04                         
       0.Info>>           st:wait| 3.000e-06| 2.430e-04                         
       0.Info>>-----------------------------------------------------------------
       0.Info>>                                                                 
       0.Info>>         Performance Analysis (relative to total time * nodes)   
       0.Info>>-----------------------------------------------------------------
       0.Info>> mean and total runtimes:                                        
       0.Info>>-----------------------------------------------------------------
       0.Info>>          measure |    total |       count |     mean |   stddev 
       0.Info>>-----------------------------------------------------------------
       0.Info>>   sd:c:b:dspstore| 2.017e-02|        10000| 2.017e-06| 1.355e-06
       0.Info>>    sd:c:b:scatter| 4.722e-01|        10000| 4.722e-05| 1.109e-05
       0.Info>>        sd:c:block| 5.699e-01|          100| 5.699e-03| 4.638e-04
       0.Info>>         sd:c:init| 1.054e-01|          100| 1.054e-03| 2.408e-04
       0.Info>>       sd:c:reduce| 7.659e-05|          100| 7.659e-07| 4.686e-07
       0.Info>>         sd:c:wait| 9.633e-05|          100| 9.633e-07| 5.085e-07
       0.Info>>        sd:compute| 6.769e-01|          100| 6.769e-03| 5.282e-04
       0.Info>>         sd:runner| 6.790e-01|            8| 8.488e-02| 0.000e+00
       0.Info>>          sd:stage| 2.455e-03|            8| 3.068e-04| 0.000e+00
       0.Info>> sd:worker:scatter| 3.348e-01|        10000| 3.348e-05| 6.443e-06
       0.Info>>    sd:worker:wait| 2.871e-01|        10000| 2.871e-05| 1.245e-04
       0.Info>>          sd:write| 5.859e-04|          100| 5.859e-06| 5.097e-06
       0.Info>>           st:fill| 5.069e-04|            8| 6.336e-05| 0.000e+00
       0.Info>>          st:first| 1.777e-04|            1| 1.777e-04| 0.000e+00
       0.Info>>           st:load| 1.595e-04|            1| 1.595e-04| 0.000e+00
       0.Info>>           st:wait| 1.330e-03|            8| 1.662e-04| 0.000e+00
       0.Info>>-----------------------------------------------------------------
       0.Info>>-----------------------------------------------------------------
       0.Info>> watermarks:                                                     
       0.Info>>-----------------------------------------------------------------
       0.Info>>          measure |      min |      max                          
       0.Info>>-----------------------------------------------------------------
       0.Info>>   sd:c:b:dspstore| 7.896e-07| 4.737e-05                         
       0.Info>>    sd:c:b:scatter| 1.974e-05| 5.582e-04                         
       0.Info>>        sd:c:block| 3.349e-03| 6.622e-03                         
       0.Info>>         sd:c:init| 7.240e-04| 1.709e-03                         
       0.Info>>       sd:c:reduce| 0.000e+00| 2.369e-06                         
       0.Info>>         sd:c:wait| 0.000e+00| 2.369e-06                         
       0.Info>>        sd:compute| 4.244e-03| 7.981e-03                         
       0.Info>>         sd:runner| 7.067e-02| 9.202e-02                         
       0.Info>>          sd:stage| 3.032e-04| 3.127e-04                         
       0.Info>> sd:worker:scatter| 9.475e-06| 2.606e-04                         
       0.Info>>    sd:worker:wait| 9.475e-06| 1.743e-03                         
       0.Info>>          sd:write| 3.158e-06| 2.606e-05                         
       0.Info>>           st:fill| 6.001e-05| 6.632e-05                         
       0.Info>>          st:first| 1.777e-04| 1.777e-04                         
       0.Info>>           st:load| 1.595e-04| 1.595e-04                         
       0.Info>>           st:wait| 2.369e-06| 1.919e-04                         
       0.Info>>-----------------------------------------------------------------
       0.Info>>Total runtime (s): 0.15831500000000001                           
       0.Info>>Successfully finished... Have a nice day!                        
