       0.Info>>This software is being developed by Benjamin Lindner.                    
       0.Info>>For help, suggestions or correspondense use:                             
       0.Info>>ben@benlabs.net, Benjamin Lindner (Main Developer, Impl. & Maintenance)  
       0.Info>>franc@cmm.ki.si, Franci Merzel (Methodology)                             
       0.Info>>For publications include the following references:                       
       0.Info>>.........................................................................
       0.Info>>1. Sassena - X-ray and Neutron Scattering Calculated                     
       0.Info>>  from Molecular Dynamics Trajectories using Massively Parallel Computers
       0.Info>>  published as a Computer Program in Physics Paper                       
       0.Info>>.........................................................................
       0.Info>>Version Information: 1.4.2                                       
       0.Info>>                                                                 
       0.Info>>.................................................................
       0.Info>>......................D.E.S.C.R.I.P.T.I.O.N......................
       0.Info>>.................................................................
       0.Info>>This binary computes the scattering intensities directly from    
       0.Info>>a molecular dynamics trajectory.                                 
       0.Info>>.................................................................
       0.Info>>.................................................................
       0.Info>>...................I.N.I.T.I.A.L.I.Z.A.T.I.O.N...................
       0.Info>>.................................................................
       0.Info>>No configuration file specified. Will use default                
       0.Info>>Looking for configuration file: scatter.xml                      
       0.Info>>Reading parameters from XML file: scatter.xml                    
       0.Info>>Added frames from /home/amajumda/study/continuum_simulations/gitlab/continuum-to-scattering/data/100_100_100_50_50_50/single_atom_shrink/iteration_000/t006/pdb_dcd/sample.dcd using format: dcd
       0.Info>>Options: first=0, last=0, lastset=0, stride=1                    
       0.Info>>stager.target=system                                             
       0.Info>>scattering.type=all                                              
       0.Info>>scattering.dsp.type=square                                       
       0.Info>>scattering.average.orientation.type=vectors                      
       0.Info>>scattering.average.orientation.vectors.type=sphere               
       0.Info>>scattering.average.orientation.vectors.algorithm=boost_uniform_on_sphere
       0.Info>>scattering.average.orientation.vectors.resolution=100            
       0.Info>>Generating orientations for orientational averaging using sphere,boost_uniform_on_sphere
       0.Info>>Initialized orientational averaging with 100 vectors.            
       0.Info>>scattering.signal.file=signal.h5                                 
       0.Info>>scattering.signal.filepath=/home/amajumda/study/continuum_simulations/gitlab/continuum-to-scattering/data/100_100_100_50_50_50/single_atom_shrink/iteration_000/t006/signal.h5
       0.Info>>scattering.signal.fqt=1                                          
       0.Info>>scattering.signal.fq0=1                                          
       0.Info>>scattering.signal.fq=1                                           
       0.Info>>scattering.signal.fq2=1                                          
       0.Info>>Analyzing command line for parameter overwrites                  
       0.Info>>Reading database from file: /home/amajumda/study/continuum_simulations/gitlab/continuum-to-scattering/data/100_100_100_50_50_50/single_atom_shrink/iteration_000/t006/database/db-neutron-coherent.xml
       0.Info>>Checking database...                                             
       0.Info>>Testing mapping between PDB names and atom labels                
       0.Info>>Testing database completeness for referenced atom labels         
       0.Info>>Check succeeded. Database seems OK.                              
       0.Info>>Initializing sample...                                           
       0.Info>>Reading structure from file: /home/amajumda/study/continuum_simulations/gitlab/continuum-to-scattering/data/100_100_100_50_50_50/single_atom_shrink/iteration_000/t006/pdb_dcd/sample.pdb
       0.Info>>Done. Atoms read: 125000                                         
       0.Info>>Reading frames from: /home/amajumda/study/continuum_simulations/gitlab/continuum-to-scattering/data/100_100_100_50_50_50/single_atom_shrink/iteration_000/t006/pdb_dcd/sample.dcd
       0.Info>>Found 1 frames                                                   
       0.Info>>Total number of coordinate sets found: 1                         
       0.Info>>Exchanging sample, database & params information with compute nodes... 
       0.Info>>params...                                                        
       0.Info>>database...                                                      
       0.Info>>sample...                                                        
       0.Info>>.................................................................
       0.Info>>......................C.O.M.P.U.T.A.T.I.O.N......................
       0.Info>>.................................................................
       0.Info>>Setting up services...                                           
       0.Info>>Initializing data file service...                                
       0.Info>>Initializing monitor service...                                  
       0.Info>>Starting data file service...                                    
       0.Info>>Starting monitor service...                                      
       0.Info>>Services setup and running...                                    
       0.Info>>Checking /home/amajumda/study/continuum_simulations/gitlab/continuum-to-scattering/data/100_100_100_50_50_50/single_atom_shrink/iteration_000/t006/signal.h5 for old results.
       0.Info>>Broadcasting service information                                 
       0.Info>>Server host name    : hzglap02                                   
       0.Info>>FileService Port    : 46029                                      
       0.Info>>MonitorService Port : 41979                                      
       0.Info>>Setting up parallel environment...                               
       0.Info>>Searching for decomposition plan:                                
       0.Info>>nodes    = 8                                                     
       0.Info>>qvectors = 100                                                   
       0.Info>>frames   = 1                                                     
       0.Info>>atoms   = 125000                                                 
       0.Info>>All interference scattering detected. Applying frame decomposition.
       0.Info>>Automatic decomposition. Searching for best utilization.         
       0.Info>>Final decomposition parameters:                                  
       0.Info>>NN                : 8                                            
       0.Info>>NQ                : 100                                          
       0.Info>>NAF               : 1                                            
       0.Info>>NP                : 8                                            
       0.Info>>NNpP              : 1                                            
       0.Info>>NAFcycles         : 1                                            
       0.Info>>NQcycles          : 13                                           
       0.Info>>CompEl (WASTE/USE): 4/100                                        
       0.Info>>utilization(1=best)    : 0.96153846153846156                     
       0.Info>>Initializing Scatter Device, Vectors (all)                       
       0.Info>>Starting scattering...                                           
       0.Info>>Checking memory requirements for scattering calculation...       
       0.Info>>required limits.computation.memory.result_buffer=16              
       0.Info>>required limits.computation.memory.signal_buffer=16              
       0.Info>>required limits.computation.memory.exchange_buffer=0             
       0.Info>>required limits.computation.memory.alignpad_buffer=32            
       0.Info>>Memory limits ok                                                 
       0.Info>>Staging data...                                                  
       0.Info>>Forcing stager.mode=frames                                       
       0.Info>>Staging first partition.                                         
       0.Info>>Staging remaining partitions.                                    
       0.Info>>background scattering length set to 0                            
       0.Info>>Target initialized.                                              
       0.Info>>Target 'system' produces a background scattering length density of 0.00079162225689255407
       0.Info>>Starting computation...                                          
       0.Info>>Orientational averaging includes 100 vectors                     
       0.Info>>Setting progress sampling factor for monitoring to 1             
       0.Info>>Progress: 2.260%, ETOTAL: 55.973574193548387 s, ETA: 54.708338193548386 s
       0.Info>>Progress: 4.395%, ETOTAL: 28.80434056517776 s, ETA: 27.538380565177761 s
       0.Info>>Progress: 7.405%, ETOTAL: 17.101124431941138 s, ETA: 15.834709431941137 s
       0.Info>>Progress: 11.676%, ETOTAL: 11.142408125171558 s, ETA: 9.841389125171558 s
       0.Info>>Progress: 20.955%, ETOTAL: 15.488957968797795 s, ETA: 12.243226968797796 s
       0.Info>>Progress: 31.455%, ETOTAL: 10.379449031995112 s, ETA: 7.1145800319951107 s
       0.Info>>Progress: 41.830%, ETOTAL: 7.8217235767374138 s, ETA: 4.5498865767374141 s
       0.Info>>Progress: 52.080%, ETOTAL: 10.101305778817158 s, ETA: 4.8405327788171579 s
       0.Info>>Progress: 62.830%, ETOTAL: 8.4235623118910379 s, ETA: 3.131027311891037 s
       0.Info>>Progress: 73.205%, ETOTAL: 7.4456231873905434 s, ETA: 1.9950451873905433 s
       0.Info>>Progress: 82.705%, ETOTAL: 8.8093449077662385 s, ETA: 1.5235649077662377 s
       0.Info>>Scattering finished...                                           
       0.Info>>.................................................................
       0.Info>>.....................R.U.N...A.N.A.L.Y.S.I.S.....................
       0.Info>>.................................................................
       0.Info>>Aggregating timing information for performance analysis...       
       0.Info>>                                                                 
       0.Info>>                    Performance Analysis                         
       0.Info>>-----------------------------------------------------------------
       0.Info>> mean and total runtimes:                                        
       0.Info>>-----------------------------------------------------------------
       0.Info>>          measure |    total |       count |     mean |   stddev 
       0.Info>>-----------------------------------------------------------------
       0.Info>>   sd:c:b:dspstore| 3.698e-02|        10000| 3.698e-06| 2.062e-06
       0.Info>>    sd:c:b:scatter| 4.303e+01|        10000| 4.303e-03| 7.752e-04
       0.Info>>        sd:c:block| 4.321e+01|          100| 4.321e-01| 3.431e-02
       0.Info>>         sd:c:init| 1.450e+01|          100| 1.450e-01| 3.010e-02
       0.Info>>       sd:c:reduce| 1.010e-04|          100| 1.010e-06| 5.226e-07
       0.Info>>         sd:c:wait| 1.670e-04|          100| 1.670e-06| 6.563e-07
       0.Info>>        sd:compute| 5.771e+01|          100| 5.771e-01| 4.918e-02
       0.Info>>         sd:runner| 5.771e+01|            8| 7.214e+00| 0.000e+00
       0.Info>>          sd:stage| 1.951e-01|            8| 2.439e-02| 0.000e+00
       0.Info>> sd:worker:scatter| 4.264e+01|        10000| 4.264e-03| 7.580e-04
       0.Info>>    sd:worker:wait| 1.498e+01|        10000| 1.498e-03| 1.476e-02
       0.Info>>          sd:write| 1.040e-03|          100| 1.040e-05| 9.087e-06
       0.Info>>           st:fill| 1.195e-02|            8| 1.494e-03| 0.000e+00
       0.Info>>          st:first| 2.277e-02|            1| 2.277e-02| 0.000e+00
       0.Info>>           st:load| 2.235e-02|            1| 2.235e-02| 0.000e+00
       0.Info>>           st:wait| 1.597e-01|            8| 1.996e-02| 0.000e+00
       0.Info>>-----------------------------------------------------------------
       0.Info>>-----------------------------------------------------------------
       0.Info>> watermarks:                                                     
       0.Info>>-----------------------------------------------------------------
       0.Info>>          measure |      min |      max                          
       0.Info>>-----------------------------------------------------------------
       0.Info>>   sd:c:b:dspstore| 2.000e-06| 8.000e-05                         
       0.Info>>    sd:c:b:scatter| 1.454e-03| 1.371e-02                         
       0.Info>>        sd:c:block| 2.280e-01| 5.246e-01                         
       0.Info>>         sd:c:init| 1.127e-01| 2.490e-01                         
       0.Info>>       sd:c:reduce| 0.000e+00| 3.000e-06                         
       0.Info>>         sd:c:wait| 1.000e-06| 4.000e-06                         
       0.Info>>        sd:compute| 3.433e-01| 7.698e-01                         
       0.Info>>         sd:runner| 6.202e+00| 7.776e+00                         
       0.Info>>          sd:stage| 2.424e-02| 2.445e-02                         
       0.Info>> sd:worker:scatter| 1.438e-03| 8.229e-03                         
       0.Info>>    sd:worker:wait| 1.000e-06| 2.491e-01                         
       0.Info>>          sd:write| 5.000e-06| 6.200e-05                         
       0.Info>>           st:fill| 1.342e-03| 1.557e-03                         
       0.Info>>          st:first| 2.277e-02| 2.277e-02                         
       0.Info>>           st:load| 2.235e-02| 2.235e-02                         
       0.Info>>           st:wait| 8.000e-06| 2.281e-02                         
       0.Info>>-----------------------------------------------------------------
       0.Info>>                                                                 
       0.Info>>         Performance Analysis (relative to total time * nodes)   
       0.Info>>-----------------------------------------------------------------
       0.Info>> mean and total runtimes:                                        
       0.Info>>-----------------------------------------------------------------
       0.Info>>          measure |    total |       count |     mean |   stddev 
       0.Info>>-----------------------------------------------------------------
       0.Info>>   sd:c:b:dspstore| 5.611e-04|        10000| 5.611e-08| 2.541e-07
       0.Info>>    sd:c:b:scatter| 6.531e-01|        10000| 6.531e-05| 9.550e-05
       0.Info>>        sd:c:block| 6.558e-01|          100| 6.558e-03| 4.227e-03
       0.Info>>         sd:c:init| 2.200e-01|          100| 2.200e-03| 3.708e-03
       0.Info>>       sd:c:reduce| 1.533e-06|          100| 1.533e-08| 6.438e-08
       0.Info>>         sd:c:wait| 2.534e-06|          100| 2.534e-08| 8.085e-08
       0.Info>>        sd:compute| 8.758e-01|          100| 8.758e-03| 6.059e-03
       0.Info>>         sd:runner| 8.759e-01|            8| 1.095e-01| 0.000e+00
       0.Info>>          sd:stage| 2.961e-03|            8| 3.701e-04| 0.000e+00
       0.Info>> sd:worker:scatter| 6.471e-01|        10000| 6.471e-05| 9.339e-05
       0.Info>>    sd:worker:wait| 2.273e-01|        10000| 2.273e-05| 1.818e-03
       0.Info>>          sd:write| 1.578e-05|          100| 1.578e-07| 1.119e-06
       0.Info>>           st:fill| 1.813e-04|            8| 2.267e-05| 0.000e+00
       0.Info>>          st:first| 3.456e-04|            1| 3.456e-04| 0.000e+00
       0.Info>>           st:load| 3.393e-04|            1| 3.393e-04| 0.000e+00
       0.Info>>           st:wait| 2.423e-03|            8| 3.029e-04| 0.000e+00
       0.Info>>-----------------------------------------------------------------
       0.Info>>-----------------------------------------------------------------
       0.Info>> watermarks:                                                     
       0.Info>>-----------------------------------------------------------------
       0.Info>>          measure |      min |      max                          
       0.Info>>-----------------------------------------------------------------
       0.Info>>   sd:c:b:dspstore| 3.035e-08| 1.214e-06                         
       0.Info>>    sd:c:b:scatter| 2.207e-05| 2.080e-04                         
       0.Info>>        sd:c:block| 3.461e-03| 7.961e-03                         
       0.Info>>         sd:c:init| 1.710e-03| 3.779e-03                         
       0.Info>>       sd:c:reduce| 0.000e+00| 4.553e-08                         
       0.Info>>         sd:c:wait| 1.518e-08| 6.071e-08                         
       0.Info>>        sd:compute| 5.210e-03| 1.168e-02                         
       0.Info>>         sd:runner| 9.412e-02| 1.180e-01                         
       0.Info>>          sd:stage| 3.679e-04| 3.711e-04                         
       0.Info>> sd:worker:scatter| 2.182e-05| 1.249e-04                         
       0.Info>>    sd:worker:wait| 1.518e-08| 3.780e-03                         
       0.Info>>          sd:write| 7.588e-08| 9.409e-07                         
       0.Info>>           st:fill| 2.037e-05| 2.363e-05                         
       0.Info>>          st:first| 3.456e-04| 3.456e-04                         
       0.Info>>           st:load| 3.393e-04| 3.393e-04                         
       0.Info>>           st:wait| 1.214e-07| 3.462e-04                         
       0.Info>>-----------------------------------------------------------------
       0.Info>>Total runtime (s): 8.23644                                       
       0.Info>>Successfully finished... Have a nice day!                        
