       0.Info>>This software is being developed by Benjamin Lindner.                    
       0.Info>>For help, suggestions or correspondense use:                             
       0.Info>>ben@benlabs.net, Benjamin Lindner (Main Developer, Impl. & Maintenance)  
       0.Info>>franc@cmm.ki.si, Franci Merzel (Methodology)                             
       0.Info>>For publications include the following references:                       
       0.Info>>.........................................................................
       0.Info>>1. Sassena - X-ray and Neutron Scattering Calculated                     
       0.Info>>  from Molecular Dynamics Trajectories using Massively Parallel Computers
       0.Info>>  published as a Computer Program in Physics Paper                       
       0.Info>>.........................................................................
       0.Info>>Version Information: 1.4.2                                       
       0.Info>>                                                                 
       0.Info>>.................................................................
       0.Info>>......................D.E.S.C.R.I.P.T.I.O.N......................
       0.Info>>.................................................................
       0.Info>>This binary computes the scattering intensities directly from    
       0.Info>>a molecular dynamics trajectory.                                 
       0.Info>>.................................................................
       0.Info>>.................................................................
       0.Info>>...................I.N.I.T.I.A.L.I.Z.A.T.I.O.N...................
       0.Info>>.................................................................
       0.Info>>No configuration file specified. Will use default                
       0.Info>>Looking for configuration file: scatter.xml                      
       0.Info>>Reading parameters from XML file: scatter.xml                    
       0.Info>>Added frames from /home/amajumda/study/continuum_simulations/gitlab/continuum-to-scattering/data/100_100_100_50_50_50/single_atom_shrink/iteration_012/t010/pdb_dcd/sample.dcd using format: dcd
       0.Info>>Options: first=0, last=0, lastset=0, stride=1                    
       0.Info>>stager.target=system                                             
       0.Info>>scattering.type=all                                              
       0.Info>>scattering.dsp.type=square                                       
       0.Info>>scattering.average.orientation.type=vectors                      
       0.Info>>scattering.average.orientation.vectors.type=sphere               
       0.Info>>scattering.average.orientation.vectors.algorithm=boost_uniform_on_sphere
       0.Info>>scattering.average.orientation.vectors.resolution=100            
       0.Info>>Generating orientations for orientational averaging using sphere,boost_uniform_on_sphere
       0.Info>>Initialized orientational averaging with 100 vectors.            
       0.Info>>scattering.signal.file=signal.h5                                 
       0.Info>>scattering.signal.filepath=/home/amajumda/study/continuum_simulations/gitlab/continuum-to-scattering/data/100_100_100_50_50_50/single_atom_shrink/iteration_012/t010/signal.h5
       0.Info>>scattering.signal.fqt=1                                          
       0.Info>>scattering.signal.fq0=1                                          
       0.Info>>scattering.signal.fq=1                                           
       0.Info>>scattering.signal.fq2=1                                          
       0.Info>>Analyzing command line for parameter overwrites                  
       0.Info>>Reading database from file: /home/amajumda/study/continuum_simulations/gitlab/continuum-to-scattering/data/100_100_100_50_50_50/single_atom_shrink/iteration_012/t010/database/db-neutron-coherent.xml
       0.Info>>Checking database...                                             
       0.Info>>Testing mapping between PDB names and atom labels                
       0.Info>>Testing database completeness for referenced atom labels         
       0.Info>>Check succeeded. Database seems OK.                              
       0.Info>>Initializing sample...                                           
       0.Info>>Reading structure from file: /home/amajumda/study/continuum_simulations/gitlab/continuum-to-scattering/data/100_100_100_50_50_50/single_atom_shrink/iteration_012/t010/pdb_dcd/sample.pdb
       0.Info>>Done. Atoms read: 125000                                         
       0.Info>>Reading frames from: /home/amajumda/study/continuum_simulations/gitlab/continuum-to-scattering/data/100_100_100_50_50_50/single_atom_shrink/iteration_012/t010/pdb_dcd/sample.dcd
       0.Info>>Found 1 frames                                                   
       0.Info>>Total number of coordinate sets found: 1                         
       0.Info>>Exchanging sample, database & params information with compute nodes... 
       0.Info>>params...                                                        
       0.Info>>database...                                                      
       0.Info>>sample...                                                        
       0.Info>>.................................................................
       0.Info>>......................C.O.M.P.U.T.A.T.I.O.N......................
       0.Info>>.................................................................
       0.Info>>Setting up services...                                           
       0.Info>>Initializing data file service...                                
       0.Info>>Initializing monitor service...                                  
       0.Info>>Starting data file service...                                    
       0.Info>>Starting monitor service...                                      
       0.Info>>Services setup and running...                                    
       0.Info>>Checking /home/amajumda/study/continuum_simulations/gitlab/continuum-to-scattering/data/100_100_100_50_50_50/single_atom_shrink/iteration_012/t010/signal.h5 for old results.
       0.Info>>Broadcasting service information                                 
       0.Info>>Server host name    : hzglap02                                   
       0.Info>>FileService Port    : 41551                                      
       0.Info>>MonitorService Port : 42173                                      
       0.Info>>Setting up parallel environment...                               
       0.Info>>Searching for decomposition plan:                                
       0.Info>>nodes    = 8                                                     
       0.Info>>qvectors = 100                                                   
       0.Info>>frames   = 1                                                     
       0.Info>>atoms   = 125000                                                 
       0.Info>>All interference scattering detected. Applying frame decomposition.
       0.Info>>Automatic decomposition. Searching for best utilization.         
       0.Info>>Final decomposition parameters:                                  
       0.Info>>NN                : 8                                            
       0.Info>>NQ                : 100                                          
       0.Info>>NAF               : 1                                            
       0.Info>>NP                : 8                                            
       0.Info>>NNpP              : 1                                            
       0.Info>>NAFcycles         : 1                                            
       0.Info>>NQcycles          : 13                                           
       0.Info>>CompEl (WASTE/USE): 4/100                                        
       0.Info>>utilization(1=best)    : 0.96153846153846156                     
       0.Info>>Initializing Scatter Device, Vectors (all)                       
       0.Info>>Starting scattering...                                           
       0.Info>>Checking memory requirements for scattering calculation...       
       0.Info>>required limits.computation.memory.result_buffer=16              
       0.Info>>required limits.computation.memory.signal_buffer=16              
       0.Info>>required limits.computation.memory.exchange_buffer=0             
       0.Info>>required limits.computation.memory.alignpad_buffer=32            
       0.Info>>Memory limits ok                                                 
       0.Info>>Staging data...                                                  
       0.Info>>Forcing stager.mode=frames                                       
       0.Info>>Staging first partition.                                         
       0.Info>>Staging remaining partitions.                                    
       0.Info>>background scattering length set to 0                            
       0.Info>>Target initialized.                                              
       0.Info>>Target 'system' produces a background scattering length density of 1.5210968427800818e-05
       0.Info>>Starting computation...                                          
       0.Info>>Orientational averaging includes 100 vectors                     
       0.Info>>Setting progress sampling factor for monitoring to 1             
       0.Info>>Progress: 2.510%, ETOTAL: 54.455263070539431 s, ETA: 53.088209070539428 s
       0.Info>>Progress: 4.645%, ETOTAL: 29.477880558909785 s, ETA: 28.108623558909784 s
       0.Info>>Progress: 7.780%, ETOTAL: 17.800927044284247 s, ETA: 16.415935044284247 s
       0.Info>>Progress: 10.291%, ETOTAL: 13.542019528147632 s, ETA: 12.148428528147631 s
       0.Info>>Progress: 23.330%, ETOTAL: 14.415090094793241 s, ETA: 11.052031094793241 s
       0.Info>>Progress: 33.455%, ETOTAL: 10.232233991186051 s, ETA: 6.8090269911860517 s
       0.Info>>Progress: 40.705%, ETOTAL: 8.6325535748031488 s, ETA: 5.1186615748031485 s
       0.Info>>Progress: 51.330%, ETOTAL: 10.484234480174838 s, ETA: 5.1026634801748374 s
       0.Info>>Progress: 61.080%, ETOTAL: 8.8495884976649002 s, ETA: 3.4442484976648995 s
       0.Info>>Progress: 70.580%, ETOTAL: 7.6779925707279419 s, ETA: 2.258855570727941 s
       0.Info>>Progress: 80.205%, ETOTAL: 9.1957823209718672 s, ETA: 1.8202933209718672 s
       0.Info>>Scattering finished...                                           
       0.Info>>.................................................................
       0.Info>>.....................R.U.N...A.N.A.L.Y.S.I.S.....................
       0.Info>>.................................................................
       0.Info>>Aggregating timing information for performance analysis...       
       0.Info>>                                                                 
       0.Info>>                    Performance Analysis                         
       0.Info>>-----------------------------------------------------------------
       0.Info>> mean and total runtimes:                                        
       0.Info>>-----------------------------------------------------------------
       0.Info>>          measure |    total |       count |     mean |   stddev 
       0.Info>>-----------------------------------------------------------------
       0.Info>>   sd:c:b:dspstore| 3.604e-02|        10000| 3.604e-06| 2.093e-06
       0.Info>>    sd:c:b:scatter| 4.379e+01|        10000| 4.379e-03| 7.873e-04
       0.Info>>        sd:c:block| 4.396e+01|          100| 4.396e-01| 3.842e-02
       0.Info>>         sd:c:init| 1.477e+01|          100| 1.477e-01| 2.922e-02
       0.Info>>       sd:c:reduce| 9.700e-05|          100| 9.700e-07| 4.729e-07
       0.Info>>         sd:c:wait| 1.570e-04|          100| 1.570e-06| 5.648e-07
       0.Info>>        sd:compute| 5.873e+01|          100| 5.873e-01| 5.162e-02
       0.Info>>         sd:runner| 5.873e+01|            8| 7.342e+00| 0.000e+00
       0.Info>>          sd:stage| 1.945e-01|            8| 2.431e-02| 0.000e+00
       0.Info>> sd:worker:scatter| 4.340e+01|        10000| 4.340e-03| 7.562e-04
       0.Info>>    sd:worker:wait| 1.523e+01|        10000| 1.523e-03| 1.499e-02
       0.Info>>          sd:write| 1.010e-03|          100| 1.010e-05| 7.003e-06
       0.Info>>           st:fill| 1.179e-02|            8| 1.474e-03| 0.000e+00
       0.Info>>          st:first| 2.271e-02|            1| 2.271e-02| 0.000e+00
       0.Info>>           st:load| 2.237e-02|            1| 2.237e-02| 0.000e+00
       0.Info>>           st:wait| 1.592e-01|            8| 1.990e-02| 0.000e+00
       0.Info>>-----------------------------------------------------------------
       0.Info>>-----------------------------------------------------------------
       0.Info>> watermarks:                                                     
       0.Info>>-----------------------------------------------------------------
       0.Info>>          measure |      min |      max                          
       0.Info>>-----------------------------------------------------------------
       0.Info>>   sd:c:b:dspstore| 2.000e-06| 7.500e-05                         
       0.Info>>    sd:c:b:scatter| 1.573e-03| 1.848e-02                         
       0.Info>>        sd:c:block| 1.645e-01| 5.492e-01                         
       0.Info>>         sd:c:init| 1.161e-01| 2.231e-01                         
       0.Info>>       sd:c:reduce| 0.000e+00| 2.000e-06                         
       0.Info>>         sd:c:wait| 1.000e-06| 3.000e-06                         
       0.Info>>        sd:compute| 2.807e-01| 7.300e-01                         
       0.Info>>         sd:runner| 6.190e+00| 7.914e+00                         
       0.Info>>          sd:stage| 2.415e-02| 2.437e-02                         
       0.Info>> sd:worker:scatter| 1.530e-03| 6.916e-03                         
       0.Info>>    sd:worker:wait| 2.000e-06| 2.232e-01                         
       0.Info>>          sd:write| 5.000e-06| 4.000e-05                         
       0.Info>>           st:fill| 1.316e-03| 1.536e-03                         
       0.Info>>          st:first| 2.271e-02| 2.271e-02                         
       0.Info>>           st:load| 2.237e-02| 2.237e-02                         
       0.Info>>           st:wait| 9.000e-06| 2.275e-02                         
       0.Info>>-----------------------------------------------------------------
       0.Info>>                                                                 
       0.Info>>         Performance Analysis (relative to total time * nodes)   
       0.Info>>-----------------------------------------------------------------
       0.Info>> mean and total runtimes:                                        
       0.Info>>-----------------------------------------------------------------
       0.Info>>          measure |    total |       count |     mean |   stddev 
       0.Info>>-----------------------------------------------------------------
       0.Info>>   sd:c:b:dspstore| 5.352e-04|        10000| 5.352e-08| 2.550e-07
       0.Info>>    sd:c:b:scatter| 6.503e-01|        10000| 6.503e-05| 9.595e-05
       0.Info>>        sd:c:block| 6.529e-01|          100| 6.529e-03| 4.682e-03
       0.Info>>         sd:c:init| 2.193e-01|          100| 2.193e-03| 3.561e-03
       0.Info>>       sd:c:reduce| 1.441e-06|          100| 1.441e-08| 5.763e-08
       0.Info>>         sd:c:wait| 2.332e-06|          100| 2.332e-08| 6.883e-08
       0.Info>>        sd:compute| 8.723e-01|          100| 8.723e-03| 6.291e-03
       0.Info>>         sd:runner| 8.723e-01|            8| 1.090e-01| 0.000e+00
       0.Info>>          sd:stage| 2.888e-03|            8| 3.610e-04| 0.000e+00
       0.Info>> sd:worker:scatter| 6.446e-01|        10000| 6.446e-05| 9.216e-05
       0.Info>>    sd:worker:wait| 2.262e-01|        10000| 2.262e-05| 1.827e-03
       0.Info>>          sd:write| 1.500e-05|          100| 1.500e-07| 8.534e-07
       0.Info>>           st:fill| 1.752e-04|            8| 2.190e-05| 0.000e+00
       0.Info>>          st:first| 3.373e-04|            1| 3.373e-04| 0.000e+00
       0.Info>>           st:load| 3.322e-04|            1| 3.322e-04| 0.000e+00
       0.Info>>           st:wait| 2.365e-03|            8| 2.956e-04| 0.000e+00
       0.Info>>-----------------------------------------------------------------
       0.Info>>-----------------------------------------------------------------
       0.Info>> watermarks:                                                     
       0.Info>>-----------------------------------------------------------------
       0.Info>>          measure |      min |      max                          
       0.Info>>-----------------------------------------------------------------
       0.Info>>   sd:c:b:dspstore| 2.970e-08| 1.114e-06                         
       0.Info>>    sd:c:b:scatter| 2.336e-05| 2.745e-04                         
       0.Info>>        sd:c:block| 2.443e-03| 8.156e-03                         
       0.Info>>         sd:c:init| 1.724e-03| 3.313e-03                         
       0.Info>>       sd:c:reduce| 0.000e+00| 2.970e-08                         
       0.Info>>         sd:c:wait| 1.485e-08| 4.456e-08                         
       0.Info>>        sd:compute| 4.169e-03| 1.084e-02                         
       0.Info>>         sd:runner| 9.194e-02| 1.175e-01                         
       0.Info>>          sd:stage| 3.587e-04| 3.619e-04                         
       0.Info>> sd:worker:scatter| 2.272e-05| 1.027e-04                         
       0.Info>>    sd:worker:wait| 2.970e-08| 3.315e-03                         
       0.Info>>          sd:write| 7.426e-08| 5.941e-07                         
       0.Info>>           st:fill| 1.954e-05| 2.281e-05                         
       0.Info>>          st:first| 3.373e-04| 3.373e-04                         
       0.Info>>           st:load| 3.322e-04| 3.322e-04                         
       0.Info>>           st:wait| 1.337e-07| 3.379e-04                         
       0.Info>>-----------------------------------------------------------------
       0.Info>>Total runtime (s): 8.4165139999999994                            
       0.Info>>Successfully finished... Have a nice day!                        
