       0.Info>>This software is being developed by Benjamin Lindner.                    
       0.Info>>For help, suggestions or correspondense use:                             
       0.Info>>ben@benlabs.net, Benjamin Lindner (Main Developer, Impl. & Maintenance)  
       0.Info>>franc@cmm.ki.si, Franci Merzel (Methodology)                             
       0.Info>>For publications include the following references:                       
       0.Info>>.........................................................................
       0.Info>>1. Sassena - X-ray and Neutron Scattering Calculated                     
       0.Info>>  from Molecular Dynamics Trajectories using Massively Parallel Computers
       0.Info>>  published as a Computer Program in Physics Paper                       
       0.Info>>.........................................................................
       0.Info>>Version Information: 1.4.2                                       
       0.Info>>                                                                 
       0.Info>>.................................................................
       0.Info>>......................D.E.S.C.R.I.P.T.I.O.N......................
       0.Info>>.................................................................
       0.Info>>This binary computes the scattering intensities directly from    
       0.Info>>a molecular dynamics trajectory.                                 
       0.Info>>.................................................................
       0.Info>>.................................................................
       0.Info>>...................I.N.I.T.I.A.L.I.Z.A.T.I.O.N...................
       0.Info>>.................................................................
       0.Info>>No configuration file specified. Will use default                
       0.Info>>Looking for configuration file: scatter.xml                      
       0.Info>>Reading parameters from XML file: scatter.xml                    
       0.Info>>Added frames from /home/amajumda/study/continuum_simulations/gitlab/continuum-to-scattering/data/100_100_100_10_10_10/single_atom_shrink/iteration_007/t007/pdb_dcd/sample.dcd using format: dcd
       0.Info>>Options: first=0, last=0, lastset=0, stride=1                    
       0.Info>>stager.target=system                                             
       0.Info>>scattering.type=all                                              
       0.Info>>scattering.dsp.type=square                                       
       0.Info>>scattering.average.orientation.type=vectors                      
       0.Info>>scattering.average.orientation.vectors.type=sphere               
       0.Info>>scattering.average.orientation.vectors.algorithm=boost_uniform_on_sphere
       0.Info>>scattering.average.orientation.vectors.resolution=100            
       0.Info>>Generating orientations for orientational averaging using sphere,boost_uniform_on_sphere
       0.Info>>Initialized orientational averaging with 100 vectors.            
       0.Info>>scattering.signal.file=signal.h5                                 
       0.Info>>scattering.signal.filepath=/home/amajumda/study/continuum_simulations/gitlab/continuum-to-scattering/data/100_100_100_10_10_10/single_atom_shrink/iteration_007/t007/signal.h5
       0.Info>>scattering.signal.fqt=1                                          
       0.Info>>scattering.signal.fq0=1                                          
       0.Info>>scattering.signal.fq=1                                           
       0.Info>>scattering.signal.fq2=1                                          
       0.Info>>Analyzing command line for parameter overwrites                  
       0.Info>>Reading database from file: /home/amajumda/study/continuum_simulations/gitlab/continuum-to-scattering/data/100_100_100_10_10_10/single_atom_shrink/iteration_007/t007/database/db-neutron-coherent.xml
       0.Info>>Checking database...                                             
       0.Info>>Testing mapping between PDB names and atom labels                
       0.Info>>Testing database completeness for referenced atom labels         
       0.Info>>Check succeeded. Database seems OK.                              
       0.Info>>Initializing sample...                                           
       0.Info>>Reading structure from file: /home/amajumda/study/continuum_simulations/gitlab/continuum-to-scattering/data/100_100_100_10_10_10/single_atom_shrink/iteration_007/t007/pdb_dcd/sample.pdb
       0.Info>>Done. Atoms read: 1000                                           
       0.Info>>Reading frames from: /home/amajumda/study/continuum_simulations/gitlab/continuum-to-scattering/data/100_100_100_10_10_10/single_atom_shrink/iteration_007/t007/pdb_dcd/sample.dcd
       0.Info>>Found 1 frames                                                   
       0.Info>>Total number of coordinate sets found: 1                         
       0.Info>>Exchanging sample, database & params information with compute nodes... 
       0.Info>>params...                                                        
       0.Info>>database...                                                      
       0.Info>>sample...                                                        
       0.Info>>.................................................................
       0.Info>>......................C.O.M.P.U.T.A.T.I.O.N......................
       0.Info>>.................................................................
       0.Info>>Setting up services...                                           
       0.Info>>Initializing data file service...                                
       0.Info>>Initializing monitor service...                                  
       0.Info>>Starting data file service...                                    
       0.Info>>Starting monitor service...                                      
       0.Info>>Services setup and running...                                    
       0.Info>>Checking /home/amajumda/study/continuum_simulations/gitlab/continuum-to-scattering/data/100_100_100_10_10_10/single_atom_shrink/iteration_007/t007/signal.h5 for old results.
       0.Info>>Broadcasting service information                                 
       0.Info>>Server host name    : hzglap02                                   
       0.Info>>FileService Port    : 33565                                      
       0.Info>>MonitorService Port : 45869                                      
       0.Info>>Setting up parallel environment...                               
       0.Info>>Searching for decomposition plan:                                
       0.Info>>nodes    = 8                                                     
       0.Info>>qvectors = 100                                                   
       0.Info>>frames   = 1                                                     
       0.Info>>atoms   = 1000                                                   
       0.Info>>All interference scattering detected. Applying frame decomposition.
       0.Info>>Automatic decomposition. Searching for best utilization.         
       0.Info>>Final decomposition parameters:                                  
       0.Info>>NN                : 8                                            
       0.Info>>NQ                : 100                                          
       0.Info>>NAF               : 1                                            
       0.Info>>NP                : 8                                            
       0.Info>>NNpP              : 1                                            
       0.Info>>NAFcycles         : 1                                            
       0.Info>>NQcycles          : 13                                           
       0.Info>>CompEl (WASTE/USE): 4/100                                        
       0.Info>>utilization(1=best)    : 0.96153846153846156                     
       0.Info>>Initializing Scatter Device, Vectors (all)                       
       0.Info>>Starting scattering...                                           
       0.Info>>Checking memory requirements for scattering calculation...       
       0.Info>>required limits.computation.memory.result_buffer=16              
       0.Info>>required limits.computation.memory.signal_buffer=16              
       0.Info>>required limits.computation.memory.exchange_buffer=0             
       0.Info>>required limits.computation.memory.alignpad_buffer=32            
       0.Info>>Memory limits ok                                                 
       0.Info>>Staging data...                                                  
       0.Info>>Forcing stager.mode=frames                                       
       0.Info>>Staging first partition.                                         
       0.Info>>Staging remaining partitions.                                    
       0.Info>>background scattering length set to 0                            
       0.Info>>Target initialized.                                              
       0.Info>>Target 'system' produces a background scattering length density of 0.012732395447351837
       0.Info>>Starting computation...                                          
       0.Info>>Orientational averaging includes 100 vectors                     
       0.Info>>Setting progress sampling factor for monitoring to 1             
       0.Info>>Scattering finished...                                           
       0.Info>>.................................................................
       0.Info>>.....................R.U.N...A.N.A.L.Y.S.I.S.....................
       0.Info>>.................................................................
       0.Info>>Aggregating timing information for performance analysis...       
       0.Info>>                                                                 
       0.Info>>                    Performance Analysis                         
       0.Info>>-----------------------------------------------------------------
       0.Info>> mean and total runtimes:                                        
       0.Info>>-----------------------------------------------------------------
       0.Info>>          measure |    total |       count |     mean |   stddev 
       0.Info>>-----------------------------------------------------------------
       0.Info>>   sd:c:b:dspstore| 2.631e-02|        10000| 2.631e-06| 1.675e-06
       0.Info>>    sd:c:b:scatter| 6.137e-01|        10000| 6.137e-05| 2.215e-05
       0.Info>>        sd:c:block| 7.411e-01|          100| 7.411e-03| 4.565e-04
       0.Info>>         sd:c:init| 1.425e-01|          100| 1.425e-03| 3.405e-04
       0.Info>>       sd:c:reduce| 9.500e-05|          100| 9.500e-07| 5.926e-07
       0.Info>>         sd:c:wait| 1.340e-04|          100| 1.340e-06| 5.791e-07
       0.Info>>        sd:compute| 8.858e-01|          100| 8.858e-03| 6.169e-04
       0.Info>>         sd:runner| 8.886e-01|            8| 1.111e-01| 0.000e+00
       0.Info>>          sd:stage| 3.132e-03|            8| 3.915e-04| 0.000e+00
       0.Info>> sd:worker:scatter| 4.318e-01|        10000| 4.318e-05| 6.276e-06
       0.Info>>    sd:worker:wait| 3.822e-01|        10000| 3.822e-05| 1.512e-04
       0.Info>>          sd:write| 7.840e-04|          100| 7.840e-06| 6.106e-06
       0.Info>>           st:fill| 6.310e-04|            8| 7.887e-05| 0.000e+00
       0.Info>>          st:first| 2.260e-04|            1| 2.260e-04| 0.000e+00
       0.Info>>           st:load| 2.030e-04|            1| 2.030e-04| 0.000e+00
       0.Info>>           st:wait| 1.704e-03|            8| 2.130e-04| 0.000e+00
       0.Info>>-----------------------------------------------------------------
       0.Info>>-----------------------------------------------------------------
       0.Info>> watermarks:                                                     
       0.Info>>-----------------------------------------------------------------
       0.Info>>          measure |      min |      max                          
       0.Info>>-----------------------------------------------------------------
       0.Info>>   sd:c:b:dspstore| 1.000e-06| 6.300e-05                         
       0.Info>>    sd:c:b:scatter| 2.400e-05| 1.412e-03                         
       0.Info>>        sd:c:block| 4.933e-03| 9.076e-03                         
       0.Info>>         sd:c:init| 9.080e-04| 2.320e-03                         
       0.Info>>       sd:c:reduce| 0.000e+00| 3.000e-06                         
       0.Info>>         sd:c:wait| 0.000e+00| 3.000e-06                         
       0.Info>>        sd:compute| 6.049e-03| 1.060e-02                         
       0.Info>>         sd:runner| 9.537e-02| 1.173e-01                         
       0.Info>>          sd:stage| 3.870e-04| 3.960e-04                         
       0.Info>> sd:worker:scatter| 1.200e-05| 1.410e-04                         
       0.Info>>    sd:worker:wait| 1.200e-05| 2.353e-03                         
       0.Info>>          sd:write| 4.000e-06| 3.900e-05                         
       0.Info>>           st:fill| 7.600e-05| 8.100e-05                         
       0.Info>>          st:first| 2.260e-04| 2.260e-04                         
       0.Info>>           st:load| 2.030e-04| 2.030e-04                         
       0.Info>>           st:wait| 4.000e-06| 2.450e-04                         
       0.Info>>-----------------------------------------------------------------
       0.Info>>                                                                 
       0.Info>>         Performance Analysis (relative to total time * nodes)   
       0.Info>>-----------------------------------------------------------------
       0.Info>> mean and total runtimes:                                        
       0.Info>>-----------------------------------------------------------------
       0.Info>>          measure |    total |       count |     mean |   stddev 
       0.Info>>-----------------------------------------------------------------
       0.Info>>   sd:c:b:dspstore| 2.075e-02|        10000| 2.075e-06| 1.487e-06
       0.Info>>    sd:c:b:scatter| 4.841e-01|        10000| 4.841e-05| 1.967e-05
       0.Info>>        sd:c:block| 5.846e-01|          100| 5.846e-03| 4.054e-04
       0.Info>>         sd:c:init| 1.124e-01|          100| 1.124e-03| 3.024e-04
       0.Info>>       sd:c:reduce| 7.494e-05|          100| 7.494e-07| 5.263e-07
       0.Info>>         sd:c:wait| 1.057e-04|          100| 1.057e-06| 5.143e-07
       0.Info>>        sd:compute| 6.988e-01|          100| 6.988e-03| 5.479e-04
       0.Info>>         sd:runner| 7.010e-01|            8| 8.762e-02| 0.000e+00
       0.Info>>          sd:stage| 2.471e-03|            8| 3.088e-04| 0.000e+00
       0.Info>> sd:worker:scatter| 3.406e-01|        10000| 3.406e-05| 5.574e-06
       0.Info>>    sd:worker:wait| 3.015e-01|        10000| 3.015e-05| 1.343e-04
       0.Info>>          sd:write| 6.185e-04|          100| 6.185e-06| 5.424e-06
       0.Info>>           st:fill| 4.978e-04|            8| 6.222e-05| 0.000e+00
       0.Info>>          st:first| 1.783e-04|            1| 1.783e-04| 0.000e+00
       0.Info>>           st:load| 1.601e-04|            1| 1.601e-04| 0.000e+00
       0.Info>>           st:wait| 1.344e-03|            8| 1.680e-04| 0.000e+00
       0.Info>>-----------------------------------------------------------------
       0.Info>>-----------------------------------------------------------------
       0.Info>> watermarks:                                                     
       0.Info>>-----------------------------------------------------------------
       0.Info>>          measure |      min |      max                          
       0.Info>>-----------------------------------------------------------------
       0.Info>>   sd:c:b:dspstore| 7.889e-07| 4.970e-05                         
       0.Info>>    sd:c:b:scatter| 1.893e-05| 1.114e-03                         
       0.Info>>        sd:c:block| 3.892e-03| 7.160e-03                         
       0.Info>>         sd:c:init| 7.163e-04| 1.830e-03                         
       0.Info>>       sd:c:reduce| 0.000e+00| 2.367e-06                         
       0.Info>>         sd:c:wait| 0.000e+00| 2.367e-06                         
       0.Info>>        sd:compute| 4.772e-03| 8.359e-03                         
       0.Info>>         sd:runner| 7.524e-02| 9.254e-02                         
       0.Info>>          sd:stage| 3.053e-04| 3.124e-04                         
       0.Info>> sd:worker:scatter| 9.467e-06| 1.112e-04                         
       0.Info>>    sd:worker:wait| 9.467e-06| 1.856e-03                         
       0.Info>>          sd:write| 3.156e-06| 3.077e-05                         
       0.Info>>           st:fill| 5.996e-05| 6.390e-05                         
       0.Info>>          st:first| 1.783e-04| 1.783e-04                         
       0.Info>>           st:load| 1.601e-04| 1.601e-04                         
       0.Info>>           st:wait| 3.156e-06| 1.933e-04                         
       0.Info>>-----------------------------------------------------------------
       0.Info>>Total runtime (s): 0.15845200000000001                           
       0.Info>>Successfully finished... Have a nice day!                        
