       0.Info>>This software is being developed by Benjamin Lindner.                    
       0.Info>>For help, suggestions or correspondense use:                             
       0.Info>>ben@benlabs.net, Benjamin Lindner (Main Developer, Impl. & Maintenance)  
       0.Info>>franc@cmm.ki.si, Franci Merzel (Methodology)                             
       0.Info>>For publications include the following references:                       
       0.Info>>.........................................................................
       0.Info>>1. Sassena - X-ray and Neutron Scattering Calculated                     
       0.Info>>  from Molecular Dynamics Trajectories using Massively Parallel Computers
       0.Info>>  published as a Computer Program in Physics Paper                       
       0.Info>>.........................................................................
       0.Info>>Version Information: 1.4.2                                       
       0.Info>>                                                                 
       0.Info>>.................................................................
       0.Info>>......................D.E.S.C.R.I.P.T.I.O.N......................
       0.Info>>.................................................................
       0.Info>>This binary computes the scattering intensities directly from    
       0.Info>>a molecular dynamics trajectory.                                 
       0.Info>>.................................................................
       0.Info>>.................................................................
       0.Info>>...................I.N.I.T.I.A.L.I.Z.A.T.I.O.N...................
       0.Info>>.................................................................
       0.Info>>No configuration file specified. Will use default                
       0.Info>>Looking for configuration file: scatter.xml                      
       0.Info>>Reading parameters from XML file: scatter.xml                    
       0.Info>>Added frames from /home/amajumda/study/continuum_simulations/gitlab/continuum-to-scattering/data/100_100_100_50_50_50/single_atom_shrink/iteration_005/t003/pdb_dcd/sample.dcd using format: dcd
       0.Info>>Options: first=0, last=0, lastset=0, stride=1                    
       0.Info>>stager.target=system                                             
       0.Info>>scattering.type=all                                              
       0.Info>>scattering.dsp.type=square                                       
       0.Info>>scattering.average.orientation.type=vectors                      
       0.Info>>scattering.average.orientation.vectors.type=sphere               
       0.Info>>scattering.average.orientation.vectors.algorithm=boost_uniform_on_sphere
       0.Info>>scattering.average.orientation.vectors.resolution=100            
       0.Info>>Generating orientations for orientational averaging using sphere,boost_uniform_on_sphere
       0.Info>>Initialized orientational averaging with 100 vectors.            
       0.Info>>scattering.signal.file=signal.h5                                 
       0.Info>>scattering.signal.filepath=/home/amajumda/study/continuum_simulations/gitlab/continuum-to-scattering/data/100_100_100_50_50_50/single_atom_shrink/iteration_005/t003/signal.h5
       0.Info>>scattering.signal.fqt=1                                          
       0.Info>>scattering.signal.fq0=1                                          
       0.Info>>scattering.signal.fq=1                                           
       0.Info>>scattering.signal.fq2=1                                          
       0.Info>>Analyzing command line for parameter overwrites                  
       0.Info>>Reading database from file: /home/amajumda/study/continuum_simulations/gitlab/continuum-to-scattering/data/100_100_100_50_50_50/single_atom_shrink/iteration_005/t003/database/db-neutron-coherent.xml
       0.Info>>Checking database...                                             
       0.Info>>Testing mapping between PDB names and atom labels                
       0.Info>>Testing database completeness for referenced atom labels         
       0.Info>>Check succeeded. Database seems OK.                              
       0.Info>>Initializing sample...                                           
       0.Info>>Reading structure from file: /home/amajumda/study/continuum_simulations/gitlab/continuum-to-scattering/data/100_100_100_50_50_50/single_atom_shrink/iteration_005/t003/pdb_dcd/sample.pdb
       0.Info>>Done. Atoms read: 125000                                         
       0.Info>>Reading frames from: /home/amajumda/study/continuum_simulations/gitlab/continuum-to-scattering/data/100_100_100_50_50_50/single_atom_shrink/iteration_005/t003/pdb_dcd/sample.dcd
       0.Info>>Found 1 frames                                                   
       0.Info>>Total number of coordinate sets found: 1                         
       0.Info>>Exchanging sample, database & params information with compute nodes... 
       0.Info>>params...                                                        
       0.Info>>database...                                                      
       0.Info>>sample...                                                        
       0.Info>>.................................................................
       0.Info>>......................C.O.M.P.U.T.A.T.I.O.N......................
       0.Info>>.................................................................
       0.Info>>Setting up services...                                           
       0.Info>>Initializing data file service...                                
       0.Info>>Initializing monitor service...                                  
       0.Info>>Starting data file service...                                    
       0.Info>>Starting monitor service...                                      
       0.Info>>Services setup and running...                                    
       0.Info>>Checking /home/amajumda/study/continuum_simulations/gitlab/continuum-to-scattering/data/100_100_100_50_50_50/single_atom_shrink/iteration_005/t003/signal.h5 for old results.
       0.Info>>Broadcasting service information                                 
       0.Info>>Server host name    : hzglap02                                   
       0.Info>>FileService Port    : 43167                                      
       0.Info>>MonitorService Port : 35247                                      
       0.Info>>Setting up parallel environment...                               
       0.Info>>Searching for decomposition plan:                                
       0.Info>>nodes    = 8                                                     
       0.Info>>qvectors = 100                                                   
       0.Info>>frames   = 1                                                     
       0.Info>>atoms   = 125000                                                 
       0.Info>>All interference scattering detected. Applying frame decomposition.
       0.Info>>Automatic decomposition. Searching for best utilization.         
       0.Info>>Final decomposition parameters:                                  
       0.Info>>NN                : 8                                            
       0.Info>>NQ                : 100                                          
       0.Info>>NAF               : 1                                            
       0.Info>>NP                : 8                                            
       0.Info>>NNpP              : 1                                            
       0.Info>>NAFcycles         : 1                                            
       0.Info>>NQcycles          : 13                                           
       0.Info>>CompEl (WASTE/USE): 4/100                                        
       0.Info>>utilization(1=best)    : 0.96153846153846156                     
       0.Info>>Initializing Scatter Device, Vectors (all)                       
       0.Info>>Starting scattering...                                           
       0.Info>>Checking memory requirements for scattering calculation...       
       0.Info>>required limits.computation.memory.result_buffer=16              
       0.Info>>required limits.computation.memory.signal_buffer=16              
       0.Info>>required limits.computation.memory.exchange_buffer=0             
       0.Info>>required limits.computation.memory.alignpad_buffer=32            
       0.Info>>Memory limits ok                                                 
       0.Info>>Staging data...                                                  
       0.Info>>Forcing stager.mode=frames                                       
       0.Info>>Staging first partition.                                         
       0.Info>>Staging remaining partitions.                                    
       0.Info>>background scattering length set to 0                            
       0.Info>>Target initialized.                                              
       0.Info>>Target 'system' produces a background scattering length density of 0.001274679154249698
       0.Info>>Starting computation...                                          
       0.Info>>Orientational averaging includes 100 vectors                     
       0.Info>>Setting progress sampling factor for monitoring to 1             
       0.Info>>Progress: 2.510%, ETOTAL: 65.058773946360148 s, ETA: 63.426048946360147 s
       0.Info>>Progress: 5.394%, ETOTAL: 30.417552941176471 s, ETA: 28.776759941176472 s
       0.Info>>Progress: 12.039%, ETOTAL: 13.658909391014975 s, ETA: 12.014477391014974 s
       0.Info>>Progress: 21.321%, ETOTAL: 8.456700901984366 s, ETA: 6.6536889019843661 s
       0.Info>>Progress: 31.080%, ETOTAL: 11.717699412189337 s, ETA: 8.0758234121893366 s
       0.Info>>Progress: 42.955%, ETOTAL: 8.6160399343381577 s, ETA: 4.9150089343381582 s
       0.Info>>Progress: 52.955%, ETOTAL: 10.636150248153976 s, ETA: 5.0037632481539775 s
       0.Info>>Progress: 62.455%, ETOTAL: 9.0608396181874156 s, ETA: 3.401880618187417 s
       0.Info>>Progress: 72.205%, ETOTAL: 7.8832018465909082 s, ETA: 2.1911258465909089 s
       0.Info>>Progress: 81.955%, ETOTAL: 9.3576963003519733 s, ETA: 1.688584300351974 s
       0.Info>>Scattering finished...                                           
       0.Info>>.................................................................
       0.Info>>.....................R.U.N...A.N.A.L.Y.S.I.S.....................
       0.Info>>.................................................................
       0.Info>>Aggregating timing information for performance analysis...       
       0.Info>>                                                                 
       0.Info>>                    Performance Analysis                         
       0.Info>>-----------------------------------------------------------------
       0.Info>> mean and total runtimes:                                        
       0.Info>>-----------------------------------------------------------------
       0.Info>>          measure |    total |       count |     mean |   stddev 
       0.Info>>-----------------------------------------------------------------
       0.Info>>   sd:c:b:dspstore| 3.559e-02|        10000| 3.559e-06| 1.914e-06
       0.Info>>    sd:c:b:scatter| 4.456e+01|        10000| 4.456e-03| 8.431e-04
       0.Info>>        sd:c:block| 4.474e+01|          100| 4.474e-01| 4.568e-02
       0.Info>>         sd:c:init| 1.476e+01|          100| 1.476e-01| 2.913e-02
       0.Info>>       sd:c:reduce| 1.130e-04|          100| 1.130e-06| 4.639e-07
       0.Info>>         sd:c:wait| 1.800e-04|          100| 1.800e-06| 5.268e-07
       0.Info>>        sd:compute| 5.950e+01|          100| 5.950e-01| 6.142e-02
       0.Info>>         sd:runner| 5.950e+01|            8| 7.438e+00| 0.000e+00
       0.Info>>          sd:stage| 2.012e-01|            8| 2.515e-02| 0.000e+00
       0.Info>> sd:worker:scatter| 4.418e+01|        10000| 4.418e-03| 8.141e-04
       0.Info>>    sd:worker:wait| 1.522e+01|        10000| 1.522e-03| 1.500e-02
       0.Info>>          sd:write| 1.004e-03|          100| 1.004e-05| 6.637e-06
       0.Info>>           st:fill| 1.370e-02|            8| 1.713e-03| 0.000e+00
       0.Info>>          st:first| 2.332e-02|            1| 2.332e-02| 0.000e+00
       0.Info>>           st:load| 2.297e-02|            1| 2.297e-02| 0.000e+00
       0.Info>>           st:wait| 1.635e-01|            8| 2.043e-02| 0.000e+00
       0.Info>>-----------------------------------------------------------------
       0.Info>>-----------------------------------------------------------------
       0.Info>> watermarks:                                                     
       0.Info>>-----------------------------------------------------------------
       0.Info>>          measure |      min |      max                          
       0.Info>>-----------------------------------------------------------------
       0.Info>>   sd:c:b:dspstore| 2.000e-06| 7.600e-05                         
       0.Info>>    sd:c:b:scatter| 1.596e-03| 2.069e-02                         
       0.Info>>        sd:c:block| 1.684e-01| 6.049e-01                         
       0.Info>>         sd:c:init| 1.175e-01| 2.449e-01                         
       0.Info>>       sd:c:reduce| 0.000e+00| 2.000e-06                         
       0.Info>>         sd:c:wait| 1.000e-06| 3.000e-06                         
       0.Info>>        sd:compute| 2.867e-01| 8.361e-01                         
       0.Info>>         sd:runner| 6.399e+00| 8.271e+00                         
       0.Info>>          sd:stage| 2.496e-02| 2.526e-02                         
       0.Info>> sd:worker:scatter| 1.542e-03| 1.061e-02                         
       0.Info>>    sd:worker:wait| 2.000e-06| 2.450e-01                         
       0.Info>>          sd:write| 5.000e-06| 4.100e-05                         
       0.Info>>           st:fill| 1.509e-03| 1.814e-03                         
       0.Info>>          st:first| 2.332e-02| 2.332e-02                         
       0.Info>>           st:load| 2.297e-02| 2.297e-02                         
       0.Info>>           st:wait| 1.100e-05| 2.335e-02                         
       0.Info>>-----------------------------------------------------------------
       0.Info>>                                                                 
       0.Info>>         Performance Analysis (relative to total time * nodes)   
       0.Info>>-----------------------------------------------------------------
       0.Info>> mean and total runtimes:                                        
       0.Info>>-----------------------------------------------------------------
       0.Info>>          measure |    total |       count |     mean |   stddev 
       0.Info>>-----------------------------------------------------------------
       0.Info>>   sd:c:b:dspstore| 5.114e-04|        10000| 5.114e-08| 2.295e-07
       0.Info>>    sd:c:b:scatter| 6.403e-01|        10000| 6.403e-05| 1.011e-04
       0.Info>>        sd:c:block| 6.429e-01|          100| 6.429e-03| 5.476e-03
       0.Info>>         sd:c:init| 2.121e-01|          100| 2.121e-03| 3.492e-03
       0.Info>>       sd:c:reduce| 1.624e-06|          100| 1.624e-08| 5.561e-08
       0.Info>>         sd:c:wait| 2.586e-06|          100| 2.586e-08| 6.315e-08
       0.Info>>        sd:compute| 8.550e-01|          100| 8.550e-03| 7.362e-03
       0.Info>>         sd:runner| 8.550e-01|            8| 1.069e-01| 0.000e+00
       0.Info>>          sd:stage| 2.892e-03|            8| 3.615e-04| 0.000e+00
       0.Info>> sd:worker:scatter| 6.349e-01|        10000| 6.349e-05| 9.759e-05
       0.Info>>    sd:worker:wait| 2.187e-01|        10000| 2.187e-05| 1.798e-03
       0.Info>>          sd:write| 1.443e-05|          100| 1.443e-07| 7.955e-07
       0.Info>>           st:fill| 1.969e-04|            8| 2.462e-05| 0.000e+00
       0.Info>>          st:first| 3.351e-04|            1| 3.351e-04| 0.000e+00
       0.Info>>           st:load| 3.300e-04|            1| 3.300e-04| 0.000e+00
       0.Info>>           st:wait| 2.349e-03|            8| 2.936e-04| 0.000e+00
       0.Info>>-----------------------------------------------------------------
       0.Info>>-----------------------------------------------------------------
       0.Info>> watermarks:                                                     
       0.Info>>-----------------------------------------------------------------
       0.Info>>          measure |      min |      max                          
       0.Info>>-----------------------------------------------------------------
       0.Info>>   sd:c:b:dspstore| 2.874e-08| 1.092e-06                         
       0.Info>>    sd:c:b:scatter| 2.293e-05| 2.973e-04                         
       0.Info>>        sd:c:block| 2.420e-03| 8.692e-03                         
       0.Info>>         sd:c:init| 1.689e-03| 3.520e-03                         
       0.Info>>       sd:c:reduce| 0.000e+00| 2.874e-08                         
       0.Info>>         sd:c:wait| 1.437e-08| 4.311e-08                         
       0.Info>>        sd:compute| 4.120e-03| 1.201e-02                         
       0.Info>>         sd:runner| 9.195e-02| 1.188e-01                         
       0.Info>>          sd:stage| 3.587e-04| 3.629e-04                         
       0.Info>> sd:worker:scatter| 2.216e-05| 1.524e-04                         
       0.Info>>    sd:worker:wait| 2.874e-08| 3.521e-03                         
       0.Info>>          sd:write| 7.185e-08| 5.891e-07                         
       0.Info>>           st:fill| 2.168e-05| 2.607e-05                         
       0.Info>>          st:first| 3.351e-04| 3.351e-04                         
       0.Info>>           st:load| 3.300e-04| 3.300e-04                         
       0.Info>>           st:wait| 1.581e-07| 3.356e-04                         
       0.Info>>-----------------------------------------------------------------
       0.Info>>Total runtime (s): 8.6990420000000004                            
       0.Info>>Successfully finished... Have a nice day!                        
