       0.Info>>This software is being developed by Benjamin Lindner.                    
       0.Info>>For help, suggestions or correspondense use:                             
       0.Info>>ben@benlabs.net, Benjamin Lindner (Main Developer, Impl. & Maintenance)  
       0.Info>>franc@cmm.ki.si, Franci Merzel (Methodology)                             
       0.Info>>For publications include the following references:                       
       0.Info>>.........................................................................
       0.Info>>1. Sassena - X-ray and Neutron Scattering Calculated                     
       0.Info>>  from Molecular Dynamics Trajectories using Massively Parallel Computers
       0.Info>>  published as a Computer Program in Physics Paper                       
       0.Info>>.........................................................................
       0.Info>>Version Information: 1.4.2                                       
       0.Info>>                                                                 
       0.Info>>.................................................................
       0.Info>>......................D.E.S.C.R.I.P.T.I.O.N......................
       0.Info>>.................................................................
       0.Info>>This binary computes the scattering intensities directly from    
       0.Info>>a molecular dynamics trajectory.                                 
       0.Info>>.................................................................
       0.Info>>.................................................................
       0.Info>>...................I.N.I.T.I.A.L.I.Z.A.T.I.O.N...................
       0.Info>>.................................................................
       0.Info>>No configuration file specified. Will use default                
       0.Info>>Looking for configuration file: scatter.xml                      
       0.Info>>Reading parameters from XML file: scatter.xml                    
       0.Info>>Added frames from /home/amajumda/study/continuum_simulations/gitlab/continuum-to-scattering/data/100_100_100_10_10_10/single_atom_shrink/iteration_001/t007/pdb_dcd/sample.dcd using format: dcd
       0.Info>>Options: first=0, last=0, lastset=0, stride=1                    
       0.Info>>stager.target=system                                             
       0.Info>>scattering.type=all                                              
       0.Info>>scattering.dsp.type=square                                       
       0.Info>>scattering.average.orientation.type=vectors                      
       0.Info>>scattering.average.orientation.vectors.type=sphere               
       0.Info>>scattering.average.orientation.vectors.algorithm=boost_uniform_on_sphere
       0.Info>>scattering.average.orientation.vectors.resolution=100            
       0.Info>>Generating orientations for orientational averaging using sphere,boost_uniform_on_sphere
       0.Info>>Initialized orientational averaging with 100 vectors.            
       0.Info>>scattering.signal.file=signal.h5                                 
       0.Info>>scattering.signal.filepath=/home/amajumda/study/continuum_simulations/gitlab/continuum-to-scattering/data/100_100_100_10_10_10/single_atom_shrink/iteration_001/t007/signal.h5
       0.Info>>scattering.signal.fqt=1                                          
       0.Info>>scattering.signal.fq0=1                                          
       0.Info>>scattering.signal.fq=1                                           
       0.Info>>scattering.signal.fq2=1                                          
       0.Info>>Analyzing command line for parameter overwrites                  
       0.Info>>Reading database from file: /home/amajumda/study/continuum_simulations/gitlab/continuum-to-scattering/data/100_100_100_10_10_10/single_atom_shrink/iteration_001/t007/database/db-neutron-coherent.xml
       0.Info>>Checking database...                                             
       0.Info>>Testing mapping between PDB names and atom labels                
       0.Info>>Testing database completeness for referenced atom labels         
       0.Info>>Check succeeded. Database seems OK.                              
       0.Info>>Initializing sample...                                           
       0.Info>>Reading structure from file: /home/amajumda/study/continuum_simulations/gitlab/continuum-to-scattering/data/100_100_100_10_10_10/single_atom_shrink/iteration_001/t007/pdb_dcd/sample.pdb
       0.Info>>Done. Atoms read: 1000                                           
       0.Info>>Reading frames from: /home/amajumda/study/continuum_simulations/gitlab/continuum-to-scattering/data/100_100_100_10_10_10/single_atom_shrink/iteration_001/t007/pdb_dcd/sample.dcd
       0.Info>>Found 1 frames                                                   
       0.Info>>Total number of coordinate sets found: 1                         
       0.Info>>Exchanging sample, database & params information with compute nodes... 
       0.Info>>params...                                                        
       0.Info>>database...                                                      
       0.Info>>sample...                                                        
       0.Info>>.................................................................
       0.Info>>......................C.O.M.P.U.T.A.T.I.O.N......................
       0.Info>>.................................................................
       0.Info>>Setting up services...                                           
       0.Info>>Initializing data file service...                                
       0.Info>>Initializing monitor service...                                  
       0.Info>>Starting data file service...                                    
       0.Info>>Starting monitor service...                                      
       0.Info>>Services setup and running...                                    
       0.Info>>Checking /home/amajumda/study/continuum_simulations/gitlab/continuum-to-scattering/data/100_100_100_10_10_10/single_atom_shrink/iteration_001/t007/signal.h5 for old results.
       0.Info>>Broadcasting service information                                 
       0.Info>>Server host name    : hzglap02                                   
       0.Info>>FileService Port    : 38723                                      
       0.Info>>MonitorService Port : 46489                                      
       0.Info>>Setting up parallel environment...                               
       0.Info>>Searching for decomposition plan:                                
       0.Info>>nodes    = 8                                                     
       0.Info>>qvectors = 100                                                   
       0.Info>>frames   = 1                                                     
       0.Info>>atoms   = 1000                                                   
       0.Info>>All interference scattering detected. Applying frame decomposition.
       0.Info>>Automatic decomposition. Searching for best utilization.         
       0.Info>>Final decomposition parameters:                                  
       0.Info>>NN                : 8                                            
       0.Info>>NQ                : 100                                          
       0.Info>>NAF               : 1                                            
       0.Info>>NP                : 8                                            
       0.Info>>NNpP              : 1                                            
       0.Info>>NAFcycles         : 1                                            
       0.Info>>NQcycles          : 13                                           
       0.Info>>CompEl (WASTE/USE): 4/100                                        
       0.Info>>utilization(1=best)    : 0.96153846153846156                     
       0.Info>>Initializing Scatter Device, Vectors (all)                       
       0.Info>>Starting scattering...                                           
       0.Info>>Checking memory requirements for scattering calculation...       
       0.Info>>required limits.computation.memory.result_buffer=16              
       0.Info>>required limits.computation.memory.signal_buffer=16              
       0.Info>>required limits.computation.memory.exchange_buffer=0             
       0.Info>>required limits.computation.memory.alignpad_buffer=32            
       0.Info>>Memory limits ok                                                 
       0.Info>>Staging data...                                                  
       0.Info>>Forcing stager.mode=frames                                       
       0.Info>>Staging first partition.                                         
       0.Info>>Staging remaining partitions.                                    
       0.Info>>background scattering length set to 0                            
       0.Info>>Target initialized.                                              
       0.Info>>Target 'system' produces a background scattering length density of 0.062813150873602369
       0.Info>>Starting computation...                                          
       0.Info>>Orientational averaging includes 100 vectors                     
       0.Info>>Setting progress sampling factor for monitoring to 1             
       0.Info>>Scattering finished...                                           
       0.Info>>.................................................................
       0.Info>>.....................R.U.N...A.N.A.L.Y.S.I.S.....................
       0.Info>>.................................................................
       0.Info>>Aggregating timing information for performance analysis...       
       0.Info>>                                                                 
       0.Info>>                    Performance Analysis                         
       0.Info>>-----------------------------------------------------------------
       0.Info>> mean and total runtimes:                                        
       0.Info>>-----------------------------------------------------------------
       0.Info>>          measure |    total |       count |     mean |   stddev 
       0.Info>>-----------------------------------------------------------------
       0.Info>>   sd:c:b:dspstore| 2.585e-02|        10000| 2.585e-06| 1.622e-06
       0.Info>>    sd:c:b:scatter| 6.075e-01|        10000| 6.075e-05| 1.206e-05
       0.Info>>        sd:c:block| 7.342e-01|          100| 7.342e-03| 4.751e-04
       0.Info>>         sd:c:init| 1.393e-01|          100| 1.393e-03| 3.123e-04
       0.Info>>       sd:c:reduce| 9.500e-05|          100| 9.500e-07| 4.616e-07
       0.Info>>         sd:c:wait| 1.430e-04|          100| 1.430e-06| 5.936e-07
       0.Info>>        sd:compute| 8.756e-01|          100| 8.756e-03| 5.900e-04
       0.Info>>         sd:runner| 8.783e-01|            8| 1.098e-01| 0.000e+00
       0.Info>>          sd:stage| 3.849e-03|            8| 4.811e-04| 0.000e+00
       0.Info>> sd:worker:scatter| 4.297e-01|        10000| 4.297e-05| 6.459e-06
       0.Info>>    sd:worker:wait| 3.744e-01|        10000| 3.744e-05| 1.467e-04
       0.Info>>          sd:write| 7.670e-04|          100| 7.670e-06| 5.522e-06
       0.Info>>           st:fill| 1.342e-03|            8| 1.678e-04| 0.000e+00
       0.Info>>          st:first| 2.300e-04|            1| 2.300e-04| 0.000e+00
       0.Info>>           st:load| 2.070e-04|            1| 2.070e-04| 0.000e+00
       0.Info>>           st:wait| 1.732e-03|            8| 2.165e-04| 0.000e+00
       0.Info>>-----------------------------------------------------------------
       0.Info>>-----------------------------------------------------------------
       0.Info>> watermarks:                                                     
       0.Info>>-----------------------------------------------------------------
       0.Info>>          measure |      min |      max                          
       0.Info>>-----------------------------------------------------------------
       0.Info>>   sd:c:b:dspstore| 1.000e-06| 6.300e-05                         
       0.Info>>    sd:c:b:scatter| 2.500e-05| 5.120e-04                         
       0.Info>>        sd:c:block| 5.373e-03| 8.658e-03                         
       0.Info>>         sd:c:init| 9.350e-04| 2.051e-03                         
       0.Info>>       sd:c:reduce| 0.000e+00| 3.000e-06                         
       0.Info>>         sd:c:wait| 0.000e+00| 3.000e-06                         
       0.Info>>        sd:compute| 6.486e-03| 1.077e-02                         
       0.Info>>         sd:runner| 9.681e-02| 1.146e-01                         
       0.Info>>          sd:stage| 4.760e-04| 4.850e-04                         
       0.Info>> sd:worker:scatter| 1.200e-05| 1.270e-04                         
       0.Info>>    sd:worker:wait| 1.200e-05| 2.088e-03                         
       0.Info>>          sd:write| 4.000e-06| 3.300e-05                         
       0.Info>>           st:fill| 1.630e-04| 1.720e-04                         
       0.Info>>          st:first| 2.300e-04| 2.300e-04                         
       0.Info>>           st:load| 2.070e-04| 2.070e-04                         
       0.Info>>           st:wait| 3.000e-06| 2.490e-04                         
       0.Info>>-----------------------------------------------------------------
       0.Info>>                                                                 
       0.Info>>         Performance Analysis (relative to total time * nodes)   
       0.Info>>-----------------------------------------------------------------
       0.Info>> mean and total runtimes:                                        
       0.Info>>-----------------------------------------------------------------
       0.Info>>          measure |    total |       count |     mean |   stddev 
       0.Info>>-----------------------------------------------------------------
       0.Info>>   sd:c:b:dspstore| 2.053e-02|        10000| 2.053e-06| 1.445e-06
       0.Info>>    sd:c:b:scatter| 4.823e-01|        10000| 4.823e-05| 1.075e-05
       0.Info>>        sd:c:block| 5.829e-01|          100| 5.829e-03| 4.233e-04
       0.Info>>         sd:c:init| 1.106e-01|          100| 1.106e-03| 2.783e-04
       0.Info>>       sd:c:reduce| 7.543e-05|          100| 7.543e-07| 4.113e-07
       0.Info>>         sd:c:wait| 1.135e-04|          100| 1.135e-06| 5.289e-07
       0.Info>>        sd:compute| 6.952e-01|          100| 6.952e-03| 5.257e-04
       0.Info>>         sd:runner| 6.973e-01|            8| 8.717e-02| 0.000e+00
       0.Info>>          sd:stage| 3.056e-03|            8| 3.820e-04| 0.000e+00
       0.Info>> sd:worker:scatter| 3.412e-01|        10000| 3.412e-05| 5.755e-06
       0.Info>>    sd:worker:wait| 2.972e-01|        10000| 2.972e-05| 1.307e-04
       0.Info>>          sd:write| 6.090e-04|          100| 6.090e-06| 4.920e-06
       0.Info>>           st:fill| 1.065e-03|            8| 1.332e-04| 0.000e+00
       0.Info>>          st:first| 1.826e-04|            1| 1.826e-04| 0.000e+00
       0.Info>>           st:load| 1.643e-04|            1| 1.643e-04| 0.000e+00
       0.Info>>           st:wait| 1.375e-03|            8| 1.719e-04| 0.000e+00
       0.Info>>-----------------------------------------------------------------
       0.Info>>-----------------------------------------------------------------
       0.Info>> watermarks:                                                     
       0.Info>>-----------------------------------------------------------------
       0.Info>>          measure |      min |      max                          
       0.Info>>-----------------------------------------------------------------
       0.Info>>   sd:c:b:dspstore| 7.940e-07| 5.002e-05                         
       0.Info>>    sd:c:b:scatter| 1.985e-05| 4.065e-04                         
       0.Info>>        sd:c:block| 4.266e-03| 6.874e-03                         
       0.Info>>         sd:c:init| 7.424e-04| 1.628e-03                         
       0.Info>>       sd:c:reduce| 0.000e+00| 2.382e-06                         
       0.Info>>         sd:c:wait| 0.000e+00| 2.382e-06                         
       0.Info>>        sd:compute| 5.150e-03| 8.549e-03                         
       0.Info>>         sd:runner| 7.686e-02| 9.097e-02                         
       0.Info>>          sd:stage| 3.779e-04| 3.851e-04                         
       0.Info>> sd:worker:scatter| 9.527e-06| 1.008e-04                         
       0.Info>>    sd:worker:wait| 9.527e-06| 1.658e-03                         
       0.Info>>          sd:write| 3.176e-06| 2.620e-05                         
       0.Info>>           st:fill| 1.294e-04| 1.366e-04                         
       0.Info>>          st:first| 1.826e-04| 1.826e-04                         
       0.Info>>           st:load| 1.643e-04| 1.643e-04                         
       0.Info>>           st:wait| 2.382e-06| 1.977e-04                         
       0.Info>>-----------------------------------------------------------------
       0.Info>>Total runtime (s): 0.157439                                      
       0.Info>>Successfully finished... Have a nice day!                        
