       0.Info>>This software is being developed by Benjamin Lindner.                    
       0.Info>>For help, suggestions or correspondense use:                             
       0.Info>>ben@benlabs.net, Benjamin Lindner (Main Developer, Impl. & Maintenance)  
       0.Info>>franc@cmm.ki.si, Franci Merzel (Methodology)                             
       0.Info>>For publications include the following references:                       
       0.Info>>.........................................................................
       0.Info>>1. Sassena - X-ray and Neutron Scattering Calculated                     
       0.Info>>  from Molecular Dynamics Trajectories using Massively Parallel Computers
       0.Info>>  published as a Computer Program in Physics Paper                       
       0.Info>>.........................................................................
       0.Info>>Version Information: 1.4.2                                       
       0.Info>>                                                                 
       0.Info>>.................................................................
       0.Info>>......................D.E.S.C.R.I.P.T.I.O.N......................
       0.Info>>.................................................................
       0.Info>>This binary computes the scattering intensities directly from    
       0.Info>>a molecular dynamics trajectory.                                 
       0.Info>>.................................................................
       0.Info>>.................................................................
       0.Info>>...................I.N.I.T.I.A.L.I.Z.A.T.I.O.N...................
       0.Info>>.................................................................
       0.Info>>No configuration file specified. Will use default                
       0.Info>>Looking for configuration file: scatter.xml                      
       0.Info>>Reading parameters from XML file: scatter.xml                    
       0.Info>>Added frames from /home/amajumda/study/continuum_simulations/gitlab/continuum-to-scattering/data/100_100_100_50_50_50/single_atom_shrink/iteration_014/t010/pdb_dcd/sample.dcd using format: dcd
       0.Info>>Options: first=0, last=0, lastset=0, stride=1                    
       0.Info>>stager.target=system                                             
       0.Info>>scattering.type=all                                              
       0.Info>>scattering.dsp.type=square                                       
       0.Info>>scattering.average.orientation.type=vectors                      
       0.Info>>scattering.average.orientation.vectors.type=sphere               
       0.Info>>scattering.average.orientation.vectors.algorithm=boost_uniform_on_sphere
       0.Info>>scattering.average.orientation.vectors.resolution=100            
       0.Info>>Generating orientations for orientational averaging using sphere,boost_uniform_on_sphere
       0.Info>>Initialized orientational averaging with 100 vectors.            
       0.Info>>scattering.signal.file=signal.h5                                 
       0.Info>>scattering.signal.filepath=/home/amajumda/study/continuum_simulations/gitlab/continuum-to-scattering/data/100_100_100_50_50_50/single_atom_shrink/iteration_014/t010/signal.h5
       0.Info>>scattering.signal.fqt=1                                          
       0.Info>>scattering.signal.fq0=1                                          
       0.Info>>scattering.signal.fq=1                                           
       0.Info>>scattering.signal.fq2=1                                          
       0.Info>>Analyzing command line for parameter overwrites                  
       0.Info>>Reading database from file: /home/amajumda/study/continuum_simulations/gitlab/continuum-to-scattering/data/100_100_100_50_50_50/single_atom_shrink/iteration_014/t010/database/db-neutron-coherent.xml
       0.Info>>Checking database...                                             
       0.Info>>Testing mapping between PDB names and atom labels                
       0.Info>>Testing database completeness for referenced atom labels         
       0.Info>>Check succeeded. Database seems OK.                              
       0.Info>>Initializing sample...                                           
       0.Info>>Reading structure from file: /home/amajumda/study/continuum_simulations/gitlab/continuum-to-scattering/data/100_100_100_50_50_50/single_atom_shrink/iteration_014/t010/pdb_dcd/sample.pdb
       0.Info>>Done. Atoms read: 125000                                         
       0.Info>>Reading frames from: /home/amajumda/study/continuum_simulations/gitlab/continuum-to-scattering/data/100_100_100_50_50_50/single_atom_shrink/iteration_014/t010/pdb_dcd/sample.dcd
       0.Info>>Found 1 frames                                                   
       0.Info>>Total number of coordinate sets found: 1                         
       0.Info>>Exchanging sample, database & params information with compute nodes... 
       0.Info>>params...                                                        
       0.Info>>database...                                                      
       0.Info>>sample...                                                        
       0.Info>>.................................................................
       0.Info>>......................C.O.M.P.U.T.A.T.I.O.N......................
       0.Info>>.................................................................
       0.Info>>Setting up services...                                           
       0.Info>>Initializing data file service...                                
       0.Info>>Initializing monitor service...                                  
       0.Info>>Starting data file service...                                    
       0.Info>>Starting monitor service...                                      
       0.Info>>Services setup and running...                                    
       0.Info>>Checking /home/amajumda/study/continuum_simulations/gitlab/continuum-to-scattering/data/100_100_100_50_50_50/single_atom_shrink/iteration_014/t010/signal.h5 for old results.
       0.Info>>Broadcasting service information                                 
       0.Info>>Server host name    : hzglap02                                   
       0.Info>>FileService Port    : 42263                                      
       0.Info>>MonitorService Port : 41067                                      
       0.Info>>Setting up parallel environment...                               
       0.Info>>Searching for decomposition plan:                                
       0.Info>>nodes    = 8                                                     
       0.Info>>qvectors = 100                                                   
       0.Info>>frames   = 1                                                     
       0.Info>>atoms   = 125000                                                 
       0.Info>>All interference scattering detected. Applying frame decomposition.
       0.Info>>Automatic decomposition. Searching for best utilization.         
       0.Info>>Final decomposition parameters:                                  
       0.Info>>NN                : 8                                            
       0.Info>>NQ                : 100                                          
       0.Info>>NAF               : 1                                            
       0.Info>>NP                : 8                                            
       0.Info>>NNpP              : 1                                            
       0.Info>>NAFcycles         : 1                                            
       0.Info>>NQcycles          : 13                                           
       0.Info>>CompEl (WASTE/USE): 4/100                                        
       0.Info>>utilization(1=best)    : 0.96153846153846156                     
       0.Info>>Initializing Scatter Device, Vectors (all)                       
       0.Info>>Starting scattering...                                           
       0.Info>>Checking memory requirements for scattering calculation...       
       0.Info>>required limits.computation.memory.result_buffer=16              
       0.Info>>required limits.computation.memory.signal_buffer=16              
       0.Info>>required limits.computation.memory.exchange_buffer=0             
       0.Info>>required limits.computation.memory.alignpad_buffer=32            
       0.Info>>Memory limits ok                                                 
       0.Info>>Staging data...                                                  
       0.Info>>Forcing stager.mode=frames                                       
       0.Info>>Staging first partition.                                         
       0.Info>>Staging remaining partitions.                                    
       0.Info>>background scattering length set to 0                            
       0.Info>>Target initialized.                                              
       0.Info>>Target 'system' produces a background scattering length density of 9.9957792525548208e-06
       0.Info>>Starting computation...                                          
       0.Info>>Orientational averaging includes 100 vectors                     
       0.Info>>Setting progress sampling factor for monitoring to 1             
       0.Info>>Progress: 1.500%, ETOTAL: 72.476666666666659 s, ETA: 71.389516666666665 s
       0.Info>>Progress: 3.385%, ETOTAL: 32.567364923076916 s, ETA: 31.464823923076917 s
       0.Info>>Progress: 5.010%, ETOTAL: 22.094150519750521 s, ETA: 20.987141519750519 s
       0.Info>>Progress: 10.885%, ETOTAL: 10.532311578947372 s, ETA: 9.3858255789473723 s
       0.Info>>Progress: 22.156%, ETOTAL: 14.018333427362482 s, ETA: 10.912396427362481 s
       0.Info>>Progress: 31.186%, ETOTAL: 10.01710470709147 s, ETA: 6.893180707091469 s
       0.Info>>Progress: 42.330%, ETOTAL: 12.07852472173847 s, ETA: 6.96566972173847 s
       0.Info>>Progress: 51.580%, ETOTAL: 9.9596185173678009 s, ETA: 4.8224345173677996 s
       0.Info>>Progress: 60.580%, ETOTAL: 8.7651993439500568 s, ETA: 3.4552303439500553 s
       0.Info>>Progress: 72.455%, ETOTAL: 9.8331894187383906 s, ETA: 2.7085394187383889 s
       0.Info>>Progress: 81.455%, ETOTAL: 8.7553959549854454 s, ETA: 1.6236769549854424 s
       0.Info>>Scattering finished...                                           
       0.Info>>.................................................................
       0.Info>>.....................R.U.N...A.N.A.L.Y.S.I.S.....................
       0.Info>>.................................................................
       0.Info>>Aggregating timing information for performance analysis...       
       0.Info>>                                                                 
       0.Info>>                    Performance Analysis                         
       0.Info>>-----------------------------------------------------------------
       0.Info>> mean and total runtimes:                                        
       0.Info>>-----------------------------------------------------------------
       0.Info>>          measure |    total |       count |     mean |   stddev 
       0.Info>>-----------------------------------------------------------------
       0.Info>>   sd:c:b:dspstore| 4.338e-02|        10000| 4.338e-06| 2.410e-06
       0.Info>>    sd:c:b:scatter| 4.964e+01|        10000| 4.964e-03| 1.057e-03
       0.Info>>        sd:c:block| 4.985e+01|          100| 4.985e-01| 5.730e-02
       0.Info>>         sd:c:init| 1.711e+01|          100| 1.711e-01| 4.435e-02
       0.Info>>       sd:c:reduce| 1.180e-04|          100| 1.180e-06| 7.999e-07
       0.Info>>         sd:c:wait| 1.820e-04|          100| 1.820e-06| 6.159e-07
       0.Info>>        sd:compute| 6.696e+01|          100| 6.696e-01| 7.735e-02
       0.Info>>         sd:runner| 6.696e+01|            8| 8.370e+00| 0.000e+00
       0.Info>>          sd:stage| 2.121e-01|            8| 2.651e-02| 0.000e+00
       0.Info>> sd:worker:scatter| 4.919e+01|        10000| 4.919e-03| 1.038e-03
       0.Info>>    sd:worker:wait| 1.767e+01|        10000| 1.767e-03| 1.762e-02
       0.Info>>          sd:write| 1.169e-03|          100| 1.169e-05| 9.924e-06
       0.Info>>           st:fill| 1.346e-02|            8| 1.683e-03| 0.000e+00
       0.Info>>          st:first| 2.469e-02|            1| 2.469e-02| 0.000e+00
       0.Info>>           st:load| 2.431e-02|            1| 2.431e-02| 0.000e+00
       0.Info>>           st:wait| 1.731e-01|            8| 2.164e-02| 0.000e+00
       0.Info>>-----------------------------------------------------------------
       0.Info>>-----------------------------------------------------------------
       0.Info>> watermarks:                                                     
       0.Info>>-----------------------------------------------------------------
       0.Info>>          measure |      min |      max                          
       0.Info>>-----------------------------------------------------------------
       0.Info>>   sd:c:b:dspstore| 2.000e-06| 8.400e-05                         
       0.Info>>    sd:c:b:scatter| 1.590e-03| 1.445e-02                         
       0.Info>>        sd:c:block| 2.405e-01| 6.178e-01                         
       0.Info>>         sd:c:init| 1.199e-01| 2.632e-01                         
       0.Info>>       sd:c:reduce| 0.000e+00| 8.000e-06                         
       0.Info>>         sd:c:wait| 1.000e-06| 4.000e-06                         
       0.Info>>        sd:compute| 3.623e-01| 8.585e-01                         
       0.Info>>         sd:runner| 7.541e+00| 9.076e+00                         
       0.Info>>          sd:stage| 2.636e-02| 2.661e-02                         
       0.Info>> sd:worker:scatter| 1.567e-03| 1.319e-02                         
       0.Info>>    sd:worker:wait| 2.000e-06| 2.633e-01                         
       0.Info>>          sd:write| 5.000e-06| 5.900e-05                         
       0.Info>>           st:fill| 1.523e-03| 1.778e-03                         
       0.Info>>          st:first| 2.469e-02| 2.469e-02                         
       0.Info>>           st:load| 2.431e-02| 2.431e-02                         
       0.Info>>           st:wait| 1.100e-05| 2.474e-02                         
       0.Info>>-----------------------------------------------------------------
       0.Info>>                                                                 
       0.Info>>         Performance Analysis (relative to total time * nodes)   
       0.Info>>-----------------------------------------------------------------
       0.Info>> mean and total runtimes:                                        
       0.Info>>-----------------------------------------------------------------
       0.Info>>          measure |    total |       count |     mean |   stddev 
       0.Info>>-----------------------------------------------------------------
       0.Info>>   sd:c:b:dspstore| 5.664e-04|        10000| 5.664e-08| 2.754e-07
       0.Info>>    sd:c:b:scatter| 6.480e-01|        10000| 6.480e-05| 1.207e-04
       0.Info>>        sd:c:block| 6.507e-01|          100| 6.507e-03| 6.547e-03
       0.Info>>         sd:c:init| 2.234e-01|          100| 2.234e-03| 5.067e-03
       0.Info>>       sd:c:reduce| 1.540e-06|          100| 1.540e-08| 9.139e-08
       0.Info>>         sd:c:wait| 2.376e-06|          100| 2.376e-08| 7.037e-08
       0.Info>>        sd:compute| 8.741e-01|          100| 8.741e-03| 8.838e-03
       0.Info>>         sd:runner| 8.742e-01|            8| 1.093e-01| 0.000e+00
       0.Info>>          sd:stage| 2.769e-03|            8| 3.461e-04| 0.000e+00
       0.Info>> sd:worker:scatter| 6.421e-01|        10000| 6.421e-05| 1.186e-04
       0.Info>>    sd:worker:wait| 2.306e-01|        10000| 2.306e-05| 2.013e-03
       0.Info>>          sd:write| 1.526e-05|          100| 1.526e-07| 1.134e-06
       0.Info>>           st:fill| 1.757e-04|            8| 2.197e-05| 0.000e+00
       0.Info>>          st:first| 3.223e-04|            1| 3.223e-04| 0.000e+00
       0.Info>>           st:load| 3.173e-04|            1| 3.173e-04| 0.000e+00
       0.Info>>           st:wait| 2.260e-03|            8| 2.825e-04| 0.000e+00
       0.Info>>-----------------------------------------------------------------
       0.Info>>-----------------------------------------------------------------
       0.Info>> watermarks:                                                     
       0.Info>>-----------------------------------------------------------------
       0.Info>>          measure |      min |      max                          
       0.Info>>-----------------------------------------------------------------
       0.Info>>   sd:c:b:dspstore| 2.611e-08| 1.097e-06                         
       0.Info>>    sd:c:b:scatter| 2.076e-05| 1.886e-04                         
       0.Info>>        sd:c:block| 3.140e-03| 8.066e-03                         
       0.Info>>         sd:c:init| 1.566e-03| 3.436e-03                         
       0.Info>>       sd:c:reduce| 0.000e+00| 1.044e-07                         
       0.Info>>         sd:c:wait| 1.305e-08| 5.222e-08                         
       0.Info>>        sd:compute| 4.730e-03| 1.121e-02                         
       0.Info>>         sd:runner| 9.845e-02| 1.185e-01                         
       0.Info>>          sd:stage| 3.441e-04| 3.473e-04                         
       0.Info>> sd:worker:scatter| 2.046e-05| 1.722e-04                         
       0.Info>>    sd:worker:wait| 2.611e-08| 3.438e-03                         
       0.Info>>          sd:write| 6.527e-08| 7.702e-07                         
       0.Info>>           st:fill| 1.988e-05| 2.321e-05                         
       0.Info>>          st:first| 3.223e-04| 3.223e-04                         
       0.Info>>           st:load| 3.173e-04| 3.173e-04                         
       0.Info>>           st:wait| 1.436e-07| 3.229e-04                         
       0.Info>>-----------------------------------------------------------------
       0.Info>>Total runtime (s): 9.574897                                      
       0.Info>>Successfully finished... Have a nice day!                        
