       0.Info>>This software is being developed by Benjamin Lindner.                    
       0.Info>>For help, suggestions or correspondense use:                             
       0.Info>>ben@benlabs.net, Benjamin Lindner (Main Developer, Impl. & Maintenance)  
       0.Info>>franc@cmm.ki.si, Franci Merzel (Methodology)                             
       0.Info>>For publications include the following references:                       
       0.Info>>.........................................................................
       0.Info>>1. Sassena - X-ray and Neutron Scattering Calculated                     
       0.Info>>  from Molecular Dynamics Trajectories using Massively Parallel Computers
       0.Info>>  published as a Computer Program in Physics Paper                       
       0.Info>>.........................................................................
       0.Info>>Version Information: 1.4.2                                       
       0.Info>>                                                                 
       0.Info>>.................................................................
       0.Info>>......................D.E.S.C.R.I.P.T.I.O.N......................
       0.Info>>.................................................................
       0.Info>>This binary computes the scattering intensities directly from    
       0.Info>>a molecular dynamics trajectory.                                 
       0.Info>>.................................................................
       0.Info>>.................................................................
       0.Info>>...................I.N.I.T.I.A.L.I.Z.A.T.I.O.N...................
       0.Info>>.................................................................
       0.Info>>No configuration file specified. Will use default                
       0.Info>>Looking for configuration file: scatter.xml                      
       0.Info>>Reading parameters from XML file: scatter.xml                    
       0.Info>>Added frames from /home/amajumda/study/continuum_simulations/gitlab/continuum-to-scattering/data/100_100_100_10_10_10/single_atom_shrink/iteration_000/t003/pdb_dcd/sample.dcd using format: dcd
       0.Info>>Options: first=0, last=0, lastset=0, stride=1                    
       0.Info>>stager.target=system                                             
       0.Info>>scattering.type=all                                              
       0.Info>>scattering.dsp.type=square                                       
       0.Info>>scattering.average.orientation.type=vectors                      
       0.Info>>scattering.average.orientation.vectors.type=sphere               
       0.Info>>scattering.average.orientation.vectors.algorithm=boost_uniform_on_sphere
       0.Info>>scattering.average.orientation.vectors.resolution=100            
       0.Info>>Generating orientations for orientational averaging using sphere,boost_uniform_on_sphere
       0.Info>>Initialized orientational averaging with 100 vectors.            
       0.Info>>scattering.signal.file=signal.h5                                 
       0.Info>>scattering.signal.filepath=/home/amajumda/study/continuum_simulations/gitlab/continuum-to-scattering/data/100_100_100_10_10_10/single_atom_shrink/iteration_000/t003/signal.h5
       0.Info>>scattering.signal.fqt=1                                          
       0.Info>>scattering.signal.fq0=1                                          
       0.Info>>scattering.signal.fq=1                                           
       0.Info>>scattering.signal.fq2=1                                          
       0.Info>>Analyzing command line for parameter overwrites                  
       0.Info>>Reading database from file: /home/amajumda/study/continuum_simulations/gitlab/continuum-to-scattering/data/100_100_100_10_10_10/single_atom_shrink/iteration_000/t003/database/db-neutron-coherent.xml
       0.Info>>Checking database...                                             
       0.Info>>Testing mapping between PDB names and atom labels                
       0.Info>>Testing database completeness for referenced atom labels         
       0.Info>>Check succeeded. Database seems OK.                              
       0.Info>>Initializing sample...                                           
       0.Info>>Reading structure from file: /home/amajumda/study/continuum_simulations/gitlab/continuum-to-scattering/data/100_100_100_10_10_10/single_atom_shrink/iteration_000/t003/pdb_dcd/sample.pdb
       0.Info>>Done. Atoms read: 1000                                           
       0.Info>>Reading frames from: /home/amajumda/study/continuum_simulations/gitlab/continuum-to-scattering/data/100_100_100_10_10_10/single_atom_shrink/iteration_000/t003/pdb_dcd/sample.dcd
       0.Info>>Found 1 frames                                                   
       0.Info>>Total number of coordinate sets found: 1                         
       0.Info>>Exchanging sample, database & params information with compute nodes... 
       0.Info>>params...                                                        
       0.Info>>database...                                                      
       0.Info>>sample...                                                        
       0.Info>>.................................................................
       0.Info>>......................C.O.M.P.U.T.A.T.I.O.N......................
       0.Info>>.................................................................
       0.Info>>Setting up services...                                           
       0.Info>>Initializing data file service...                                
       0.Info>>Initializing monitor service...                                  
       0.Info>>Starting data file service...                                    
       0.Info>>Starting monitor service...                                      
       0.Info>>Services setup and running...                                    
       0.Info>>Checking /home/amajumda/study/continuum_simulations/gitlab/continuum-to-scattering/data/100_100_100_10_10_10/single_atom_shrink/iteration_000/t003/signal.h5 for old results.
       0.Info>>Broadcasting service information                                 
       0.Info>>Server host name    : hzglap02                                   
       0.Info>>FileService Port    : 42977                                      
       0.Info>>MonitorService Port : 37105                                      
       0.Info>>Setting up parallel environment...                               
       0.Info>>Searching for decomposition plan:                                
       0.Info>>nodes    = 8                                                     
       0.Info>>qvectors = 100                                                   
       0.Info>>frames   = 1                                                     
       0.Info>>atoms   = 1000                                                   
       0.Info>>All interference scattering detected. Applying frame decomposition.
       0.Info>>Automatic decomposition. Searching for best utilization.         
       0.Info>>Final decomposition parameters:                                  
       0.Info>>NN                : 8                                            
       0.Info>>NQ                : 100                                          
       0.Info>>NAF               : 1                                            
       0.Info>>NP                : 8                                            
       0.Info>>NNpP              : 1                                            
       0.Info>>NAFcycles         : 1                                            
       0.Info>>NQcycles          : 13                                           
       0.Info>>CompEl (WASTE/USE): 4/100                                        
       0.Info>>utilization(1=best)    : 0.96153846153846156                     
       0.Info>>Initializing Scatter Device, Vectors (all)                       
       0.Info>>Starting scattering...                                           
       0.Info>>Checking memory requirements for scattering calculation...       
       0.Info>>required limits.computation.memory.result_buffer=16              
       0.Info>>required limits.computation.memory.signal_buffer=16              
       0.Info>>required limits.computation.memory.exchange_buffer=0             
       0.Info>>required limits.computation.memory.alignpad_buffer=32            
       0.Info>>Memory limits ok                                                 
       0.Info>>Staging data...                                                  
       0.Info>>Forcing stager.mode=frames                                       
       0.Info>>Staging first partition.                                         
       0.Info>>Staging remaining partitions.                                    
       0.Info>>background scattering length set to 0                            
       0.Info>>Target initialized.                                              
       0.Info>>Target 'system' produces a background scattering length density of 0.16976527263135749
       0.Info>>Starting computation...                                          
       0.Info>>Orientational averaging includes 100 vectors                     
       0.Info>>Setting progress sampling factor for monitoring to 1             
       0.Info>>Scattering finished...                                           
       0.Info>>.................................................................
       0.Info>>.....................R.U.N...A.N.A.L.Y.S.I.S.....................
       0.Info>>.................................................................
       0.Info>>Aggregating timing information for performance analysis...       
       0.Info>>                                                                 
       0.Info>>                    Performance Analysis                         
       0.Info>>-----------------------------------------------------------------
       0.Info>> mean and total runtimes:                                        
       0.Info>>-----------------------------------------------------------------
       0.Info>>          measure |    total |       count |     mean |   stddev 
       0.Info>>-----------------------------------------------------------------
       0.Info>>   sd:c:b:dspstore| 2.706e-02|        10000| 2.706e-06| 2.010e-06
       0.Info>>    sd:c:b:scatter| 6.164e-01|        10000| 6.164e-05| 1.435e-05
       0.Info>>        sd:c:block| 7.470e-01|          100| 7.470e-03| 4.333e-04
       0.Info>>         sd:c:init| 1.407e-01|          100| 1.407e-03| 3.291e-04
       0.Info>>       sd:c:reduce| 1.020e-04|          100| 1.020e-06| 8.047e-07
       0.Info>>         sd:c:wait| 1.330e-04|          100| 1.330e-06| 6.187e-07
       0.Info>>        sd:compute| 8.898e-01|          100| 8.898e-03| 4.998e-04
       0.Info>>         sd:runner| 8.932e-01|            8| 1.116e-01| 0.000e+00
       0.Info>>          sd:stage| 3.804e-03|            8| 4.755e-04| 0.000e+00
       0.Info>> sd:worker:scatter| 4.277e-01|        10000| 4.277e-05| 7.192e-06
       0.Info>>    sd:worker:wait| 3.868e-01|        10000| 3.868e-05| 1.487e-04
       0.Info>>          sd:write| 7.770e-04|          100| 7.770e-06| 5.871e-06
       0.Info>>           st:fill| 6.740e-04|            8| 8.425e-05| 0.000e+00
       0.Info>>          st:first| 2.920e-04|            1| 2.920e-04| 0.000e+00
       0.Info>>           st:load| 2.650e-04|            1| 2.650e-04| 0.000e+00
       0.Info>>           st:wait| 2.243e-03|            8| 2.804e-04| 0.000e+00
       0.Info>>-----------------------------------------------------------------
       0.Info>>-----------------------------------------------------------------
       0.Info>> watermarks:                                                     
       0.Info>>-----------------------------------------------------------------
       0.Info>>          measure |      min |      max                          
       0.Info>>-----------------------------------------------------------------
       0.Info>>   sd:c:b:dspstore| 1.000e-06| 1.010e-04                         
       0.Info>>    sd:c:b:scatter| 2.700e-05| 8.120e-04                         
       0.Info>>        sd:c:block| 5.583e-03| 8.492e-03                         
       0.Info>>         sd:c:init| 9.300e-04| 2.207e-03                         
       0.Info>>       sd:c:reduce| 0.000e+00| 5.000e-06                         
       0.Info>>         sd:c:wait| 0.000e+00| 4.000e-06                         
       0.Info>>        sd:compute| 7.224e-03| 1.019e-02                         
       0.Info>>         sd:runner| 1.016e-01| 1.175e-01                         
       0.Info>>          sd:stage| 4.710e-04| 4.790e-04                         
       0.Info>> sd:worker:scatter| 1.300e-05| 3.600e-04                         
       0.Info>>    sd:worker:wait| 1.200e-05| 2.255e-03                         
       0.Info>>          sd:write| 4.000e-06| 4.000e-05                         
       0.Info>>           st:fill| 7.300e-05| 8.900e-05                         
       0.Info>>          st:first| 2.920e-04| 2.920e-04                         
       0.Info>>           st:load| 2.650e-04| 2.650e-04                         
       0.Info>>           st:wait| 5.000e-06| 3.220e-04                         
       0.Info>>-----------------------------------------------------------------
       0.Info>>                                                                 
       0.Info>>         Performance Analysis (relative to total time * nodes)   
       0.Info>>-----------------------------------------------------------------
       0.Info>> mean and total runtimes:                                        
       0.Info>>-----------------------------------------------------------------
       0.Info>>          measure |    total |       count |     mean |   stddev 
       0.Info>>-----------------------------------------------------------------
       0.Info>>   sd:c:b:dspstore| 2.064e-02|        10000| 2.064e-06| 1.756e-06
       0.Info>>    sd:c:b:scatter| 4.702e-01|        10000| 4.702e-05| 1.254e-05
       0.Info>>        sd:c:block| 5.698e-01|          100| 5.698e-03| 3.784e-04
       0.Info>>         sd:c:init| 1.073e-01|          100| 1.073e-03| 2.874e-04
       0.Info>>       sd:c:reduce| 7.780e-05|          100| 7.780e-07| 7.028e-07
       0.Info>>         sd:c:wait| 1.014e-04|          100| 1.014e-06| 5.403e-07
       0.Info>>        sd:compute| 6.787e-01|          100| 6.787e-03| 4.365e-04
       0.Info>>         sd:runner| 6.813e-01|            8| 8.516e-02| 0.000e+00
       0.Info>>          sd:stage| 2.902e-03|            8| 3.627e-04| 0.000e+00
       0.Info>> sd:worker:scatter| 3.262e-01|        10000| 3.262e-05| 6.281e-06
       0.Info>>    sd:worker:wait| 2.950e-01|        10000| 2.950e-05| 1.299e-04
       0.Info>>          sd:write| 5.927e-04|          100| 5.927e-06| 5.128e-06
       0.Info>>           st:fill| 5.141e-04|            8| 6.426e-05| 0.000e+00
       0.Info>>          st:first| 2.227e-04|            1| 2.227e-04| 0.000e+00
       0.Info>>           st:load| 2.021e-04|            1| 2.021e-04| 0.000e+00
       0.Info>>           st:wait| 1.711e-03|            8| 2.139e-04| 0.000e+00
       0.Info>>-----------------------------------------------------------------
       0.Info>>-----------------------------------------------------------------
       0.Info>> watermarks:                                                     
       0.Info>>-----------------------------------------------------------------
       0.Info>>          measure |      min |      max                          
       0.Info>>-----------------------------------------------------------------
       0.Info>>   sd:c:b:dspstore| 7.628e-07| 7.704e-05                         
       0.Info>>    sd:c:b:scatter| 2.059e-05| 6.194e-04                         
       0.Info>>        sd:c:block| 4.259e-03| 6.477e-03                         
       0.Info>>         sd:c:init| 7.094e-04| 1.683e-03                         
       0.Info>>       sd:c:reduce| 0.000e+00| 3.814e-06                         
       0.Info>>         sd:c:wait| 0.000e+00| 3.051e-06                         
       0.Info>>        sd:compute| 5.510e-03| 7.776e-03                         
       0.Info>>         sd:runner| 7.753e-02| 8.963e-02                         
       0.Info>>          sd:stage| 3.593e-04| 3.654e-04                         
       0.Info>> sd:worker:scatter| 9.916e-06| 2.746e-04                         
       0.Info>>    sd:worker:wait| 9.153e-06| 1.720e-03                         
       0.Info>>          sd:write| 3.051e-06| 3.051e-05                         
       0.Info>>           st:fill| 5.568e-05| 6.789e-05                         
       0.Info>>          st:first| 2.227e-04| 2.227e-04                         
       0.Info>>           st:load| 2.021e-04| 2.021e-04                         
       0.Info>>           st:wait| 3.814e-06| 2.456e-04                         
       0.Info>>-----------------------------------------------------------------
       0.Info>>Total runtime (s): 0.16387699999999999                           
       0.Info>>Successfully finished... Have a nice day!                        
