       0.Info>>This software is being developed by Benjamin Lindner.                    
       0.Info>>For help, suggestions or correspondense use:                             
       0.Info>>ben@benlabs.net, Benjamin Lindner (Main Developer, Impl. & Maintenance)  
       0.Info>>franc@cmm.ki.si, Franci Merzel (Methodology)                             
       0.Info>>For publications include the following references:                       
       0.Info>>.........................................................................
       0.Info>>1. Sassena - X-ray and Neutron Scattering Calculated                     
       0.Info>>  from Molecular Dynamics Trajectories using Massively Parallel Computers
       0.Info>>  published as a Computer Program in Physics Paper                       
       0.Info>>.........................................................................
       0.Info>>Version Information: 1.4.2                                       
       0.Info>>                                                                 
       0.Info>>.................................................................
       0.Info>>......................D.E.S.C.R.I.P.T.I.O.N......................
       0.Info>>.................................................................
       0.Info>>This binary computes the scattering intensities directly from    
       0.Info>>a molecular dynamics trajectory.                                 
       0.Info>>.................................................................
       0.Info>>.................................................................
       0.Info>>...................I.N.I.T.I.A.L.I.Z.A.T.I.O.N...................
       0.Info>>.................................................................
       0.Info>>No configuration file specified. Will use default                
       0.Info>>Looking for configuration file: scatter.xml                      
       0.Info>>Reading parameters from XML file: scatter.xml                    
       0.Info>>Added frames from /home/amajumda/study/continuum_simulations/gitlab/continuum-to-scattering/data/100_100_100_50_50_50/single_atom_shrink/iteration_004/t005/pdb_dcd/sample.dcd using format: dcd
       0.Info>>Options: first=0, last=0, lastset=0, stride=1                    
       0.Info>>stager.target=system                                             
       0.Info>>scattering.type=all                                              
       0.Info>>scattering.dsp.type=square                                       
       0.Info>>scattering.average.orientation.type=vectors                      
       0.Info>>scattering.average.orientation.vectors.type=sphere               
       0.Info>>scattering.average.orientation.vectors.algorithm=boost_uniform_on_sphere
       0.Info>>scattering.average.orientation.vectors.resolution=100            
       0.Info>>Generating orientations for orientational averaging using sphere,boost_uniform_on_sphere
       0.Info>>Initialized orientational averaging with 100 vectors.            
       0.Info>>scattering.signal.file=signal.h5                                 
       0.Info>>scattering.signal.filepath=/home/amajumda/study/continuum_simulations/gitlab/continuum-to-scattering/data/100_100_100_50_50_50/single_atom_shrink/iteration_004/t005/signal.h5
       0.Info>>scattering.signal.fqt=1                                          
       0.Info>>scattering.signal.fq0=1                                          
       0.Info>>scattering.signal.fq=1                                           
       0.Info>>scattering.signal.fq2=1                                          
       0.Info>>Analyzing command line for parameter overwrites                  
       0.Info>>Reading database from file: /home/amajumda/study/continuum_simulations/gitlab/continuum-to-scattering/data/100_100_100_50_50_50/single_atom_shrink/iteration_004/t005/database/db-neutron-coherent.xml
       0.Info>>Checking database...                                             
       0.Info>>Testing mapping between PDB names and atom labels                
       0.Info>>Testing database completeness for referenced atom labels         
       0.Info>>Check succeeded. Database seems OK.                              
       0.Info>>Initializing sample...                                           
       0.Info>>Reading structure from file: /home/amajumda/study/continuum_simulations/gitlab/continuum-to-scattering/data/100_100_100_50_50_50/single_atom_shrink/iteration_004/t005/pdb_dcd/sample.pdb
       0.Info>>Done. Atoms read: 125000                                         
       0.Info>>Reading frames from: /home/amajumda/study/continuum_simulations/gitlab/continuum-to-scattering/data/100_100_100_50_50_50/single_atom_shrink/iteration_004/t005/pdb_dcd/sample.dcd
       0.Info>>Found 1 frames                                                   
       0.Info>>Total number of coordinate sets found: 1                         
       0.Info>>Exchanging sample, database & params information with compute nodes... 
       0.Info>>params...                                                        
       0.Info>>database...                                                      
       0.Info>>sample...                                                        
       0.Info>>.................................................................
       0.Info>>......................C.O.M.P.U.T.A.T.I.O.N......................
       0.Info>>.................................................................
       0.Info>>Setting up services...                                           
       0.Info>>Initializing data file service...                                
       0.Info>>Initializing monitor service...                                  
       0.Info>>Starting data file service...                                    
       0.Info>>Starting monitor service...                                      
       0.Info>>Services setup and running...                                    
       0.Info>>Checking /home/amajumda/study/continuum_simulations/gitlab/continuum-to-scattering/data/100_100_100_50_50_50/single_atom_shrink/iteration_004/t005/signal.h5 for old results.
       0.Info>>Broadcasting service information                                 
       0.Info>>Server host name    : hzglap02                                   
       0.Info>>FileService Port    : 43279                                      
       0.Info>>MonitorService Port : 41249                                      
       0.Info>>Setting up parallel environment...                               
       0.Info>>Searching for decomposition plan:                                
       0.Info>>nodes    = 8                                                     
       0.Info>>qvectors = 100                                                   
       0.Info>>frames   = 1                                                     
       0.Info>>atoms   = 125000                                                 
       0.Info>>All interference scattering detected. Applying frame decomposition.
       0.Info>>Automatic decomposition. Searching for best utilization.         
       0.Info>>Final decomposition parameters:                                  
       0.Info>>NN                : 8                                            
       0.Info>>NQ                : 100                                          
       0.Info>>NAF               : 1                                            
       0.Info>>NP                : 8                                            
       0.Info>>NNpP              : 1                                            
       0.Info>>NAFcycles         : 1                                            
       0.Info>>NQcycles          : 13                                           
       0.Info>>CompEl (WASTE/USE): 4/100                                        
       0.Info>>utilization(1=best)    : 0.96153846153846156                     
       0.Info>>Initializing Scatter Device, Vectors (all)                       
       0.Info>>Starting scattering...                                           
       0.Info>>Checking memory requirements for scattering calculation...       
       0.Info>>required limits.computation.memory.result_buffer=16              
       0.Info>>required limits.computation.memory.signal_buffer=16              
       0.Info>>required limits.computation.memory.exchange_buffer=0             
       0.Info>>required limits.computation.memory.alignpad_buffer=32            
       0.Info>>Memory limits ok                                                 
       0.Info>>Staging data...                                                  
       0.Info>>Forcing stager.mode=frames                                       
       0.Info>>Staging first partition.                                         
       0.Info>>Staging remaining partitions.                                    
       0.Info>>background scattering length set to 0                            
       0.Info>>Target initialized.                                              
       0.Info>>Target 'system' produces a background scattering length density of 0.00073979631446354714
       0.Info>>Starting computation...                                          
       0.Info>>Orientational averaging includes 100 vectors                     
       0.Info>>Setting progress sampling factor for monitoring to 1             
       0.Info>>Progress: 2.885%, ETOTAL: 54.959272202166069 s, ETA: 53.373468202166066 s
       0.Info>>Progress: 5.645%, ETOTAL: 28.109530390347764 s, ETA: 26.522738390347765 s
       0.Info>>Progress: 12.415%, ETOTAL: 12.967101794242934 s, ETA: 11.357227794242934 s
       0.Info>>Progress: 20.195%, ETOTAL: 8.0884096655160107 s, ETA: 6.45497866551601 s
       0.Info>>Progress: 33.080%, ETOTAL: 10.907128224009304 s, ETA: 7.2990362240093027 s
       0.Info>>Progress: 40.955%, ETOTAL: 8.8759409610267674 s, ETA: 5.2407879610267667 s
       0.Info>>Progress: 50.330%, ETOTAL: 7.3969114182003448 s, ETA: 3.6740364182003438 s
       0.Info>>Progress: 63.205%, ETOTAL: 8.9192129817444243 s, ETA: 3.281812981744423 s
       0.Info>>Progress: 72.705%, ETOTAL: 7.9181388467642408 s, ETA: 2.1612458467642401 s
       0.Info>>Progress: 82.205%, ETOTAL: 9.2483500311915154 s, ETA: 1.6457320311915149 s
       0.Info>>Scattering finished...                                           
       0.Info>>.................................................................
       0.Info>>.....................R.U.N...A.N.A.L.Y.S.I.S.....................
       0.Info>>.................................................................
       0.Info>>Aggregating timing information for performance analysis...       
       0.Info>>                                                                 
       0.Info>>                    Performance Analysis                         
       0.Info>>-----------------------------------------------------------------
       0.Info>> mean and total runtimes:                                        
       0.Info>>-----------------------------------------------------------------
       0.Info>>          measure |    total |       count |     mean |   stddev 
       0.Info>>-----------------------------------------------------------------
       0.Info>>   sd:c:b:dspstore| 3.588e-02|        10000| 3.588e-06| 2.046e-06
       0.Info>>    sd:c:b:scatter| 4.446e+01|        10000| 4.446e-03| 8.293e-04
       0.Info>>        sd:c:block| 4.463e+01|          100| 4.463e-01| 4.571e-02
       0.Info>>         sd:c:init| 1.447e+01|          100| 1.447e-01| 2.870e-02
       0.Info>>       sd:c:reduce| 1.060e-04|          100| 1.060e-06| 6.888e-07
       0.Info>>         sd:c:wait| 1.710e-04|          100| 1.710e-06| 1.583e-06
       0.Info>>        sd:compute| 5.911e+01|          100| 5.911e-01| 5.928e-02
       0.Info>>         sd:runner| 5.911e+01|            8| 7.389e+00| 0.000e+00
       0.Info>>          sd:stage| 2.049e-01|            8| 2.561e-02| 0.000e+00
       0.Info>> sd:worker:scatter| 4.409e+01|        10000| 4.409e-03| 8.153e-04
       0.Info>>    sd:worker:wait| 1.492e+01|        10000| 1.492e-03| 1.471e-02
       0.Info>>          sd:write| 1.000e-03|          100| 1.000e-05| 7.434e-06
       0.Info>>           st:fill| 1.355e-02|            8| 1.694e-03| 0.000e+00
       0.Info>>          st:first| 2.378e-02|            1| 2.378e-02| 0.000e+00
       0.Info>>           st:load| 2.339e-02|            1| 2.339e-02| 0.000e+00
       0.Info>>           st:wait| 1.667e-01|            8| 2.084e-02| 0.000e+00
       0.Info>>-----------------------------------------------------------------
       0.Info>>-----------------------------------------------------------------
       0.Info>> watermarks:                                                     
       0.Info>>-----------------------------------------------------------------
       0.Info>>          measure |      min |      max                          
       0.Info>>-----------------------------------------------------------------
       0.Info>>   sd:c:b:dspstore| 2.000e-06| 7.400e-05                         
       0.Info>>    sd:c:b:scatter| 1.560e-03| 1.061e-02                         
       0.Info>>        sd:c:block| 1.647e-01| 6.048e-01                         
       0.Info>>         sd:c:init| 1.161e-01| 2.602e-01                         
       0.Info>>       sd:c:reduce| 0.000e+00| 5.000e-06                         
       0.Info>>         sd:c:wait| 1.000e-06| 1.700e-05                         
       0.Info>>        sd:compute| 2.809e-01| 7.782e-01                         
       0.Info>>         sd:runner| 6.243e+00| 7.969e+00                         
       0.Info>>          sd:stage| 2.543e-02| 2.570e-02                         
       0.Info>> sd:worker:scatter| 1.531e-03| 9.236e-03                         
       0.Info>>    sd:worker:wait| 1.000e-06| 2.603e-01                         
       0.Info>>          sd:write| 5.000e-06| 4.800e-05                         
       0.Info>>           st:fill| 1.522e-03| 1.780e-03                         
       0.Info>>          st:first| 2.378e-02| 2.378e-02                         
       0.Info>>           st:load| 2.339e-02| 2.339e-02                         
       0.Info>>           st:wait| 8.000e-06| 2.382e-02                         
       0.Info>>-----------------------------------------------------------------
       0.Info>>                                                                 
       0.Info>>         Performance Analysis (relative to total time * nodes)   
       0.Info>>-----------------------------------------------------------------
       0.Info>> mean and total runtimes:                                        
       0.Info>>-----------------------------------------------------------------
       0.Info>>          measure |    total |       count |     mean |   stddev 
       0.Info>>-----------------------------------------------------------------
       0.Info>>   sd:c:b:dspstore| 5.350e-04|        10000| 5.350e-08| 2.499e-07
       0.Info>>    sd:c:b:scatter| 6.628e-01|        10000| 6.628e-05| 1.013e-04
       0.Info>>        sd:c:block| 6.655e-01|          100| 6.655e-03| 5.581e-03
       0.Info>>         sd:c:init| 2.157e-01|          100| 2.157e-03| 3.504e-03
       0.Info>>       sd:c:reduce| 1.580e-06|          100| 1.580e-08| 8.411e-08
       0.Info>>         sd:c:wait| 2.550e-06|          100| 2.550e-08| 1.933e-07
       0.Info>>        sd:compute| 8.812e-01|          100| 8.812e-03| 7.238e-03
       0.Info>>         sd:runner| 8.813e-01|            8| 1.102e-01| 0.000e+00
       0.Info>>          sd:stage| 3.054e-03|            8| 3.818e-04| 0.000e+00
       0.Info>> sd:worker:scatter| 6.574e-01|        10000| 6.574e-05| 9.955e-05
       0.Info>>    sd:worker:wait| 2.224e-01|        10000| 2.224e-05| 1.796e-03
       0.Info>>          sd:write| 1.491e-05|          100| 1.491e-07| 9.077e-07
       0.Info>>           st:fill| 2.021e-04|            8| 2.526e-05| 0.000e+00
       0.Info>>          st:first| 3.545e-04|            1| 3.545e-04| 0.000e+00
       0.Info>>           st:load| 3.487e-04|            1| 3.487e-04| 0.000e+00
       0.Info>>           st:wait| 2.486e-03|            8| 3.107e-04| 0.000e+00
       0.Info>>-----------------------------------------------------------------
       0.Info>>-----------------------------------------------------------------
       0.Info>> watermarks:                                                     
       0.Info>>-----------------------------------------------------------------
       0.Info>>          measure |      min |      max                          
       0.Info>>-----------------------------------------------------------------
       0.Info>>   sd:c:b:dspstore| 2.982e-08| 1.103e-06                         
       0.Info>>    sd:c:b:scatter| 2.326e-05| 1.582e-04                         
       0.Info>>        sd:c:block| 2.455e-03| 9.018e-03                         
       0.Info>>         sd:c:init| 1.731e-03| 3.879e-03                         
       0.Info>>       sd:c:reduce| 0.000e+00| 7.455e-08                         
       0.Info>>         sd:c:wait| 1.491e-08| 2.535e-07                         
       0.Info>>        sd:compute| 4.188e-03| 1.160e-02                         
       0.Info>>         sd:runner| 9.308e-02| 1.188e-01                         
       0.Info>>          sd:stage| 3.791e-04| 3.832e-04                         
       0.Info>> sd:worker:scatter| 2.283e-05| 1.377e-04                         
       0.Info>>    sd:worker:wait| 1.491e-08| 3.881e-03                         
       0.Info>>          sd:write| 7.455e-08| 7.157e-07                         
       0.Info>>           st:fill| 2.269e-05| 2.654e-05                         
       0.Info>>          st:first| 3.545e-04| 3.545e-04                         
       0.Info>>           st:load| 3.487e-04| 3.487e-04                         
       0.Info>>           st:wait| 1.193e-07| 3.552e-04                         
       0.Info>>-----------------------------------------------------------------
       0.Info>>Total runtime (s): 8.3839319999999997                            
       0.Info>>Successfully finished... Have a nice day!                        
