       0.Info>>This software is being developed by Benjamin Lindner.                    
       0.Info>>For help, suggestions or correspondense use:                             
       0.Info>>ben@benlabs.net, Benjamin Lindner (Main Developer, Impl. & Maintenance)  
       0.Info>>franc@cmm.ki.si, Franci Merzel (Methodology)                             
       0.Info>>For publications include the following references:                       
       0.Info>>.........................................................................
       0.Info>>1. Sassena - X-ray and Neutron Scattering Calculated                     
       0.Info>>  from Molecular Dynamics Trajectories using Massively Parallel Computers
       0.Info>>  published as a Computer Program in Physics Paper                       
       0.Info>>.........................................................................
       0.Info>>Version Information: 1.4.2                                       
       0.Info>>                                                                 
       0.Info>>.................................................................
       0.Info>>......................D.E.S.C.R.I.P.T.I.O.N......................
       0.Info>>.................................................................
       0.Info>>This binary computes the scattering intensities directly from    
       0.Info>>a molecular dynamics trajectory.                                 
       0.Info>>.................................................................
       0.Info>>.................................................................
       0.Info>>...................I.N.I.T.I.A.L.I.Z.A.T.I.O.N...................
       0.Info>>.................................................................
       0.Info>>No configuration file specified. Will use default                
       0.Info>>Looking for configuration file: scatter.xml                      
       0.Info>>Reading parameters from XML file: scatter.xml                    
       0.Info>>Added frames from /home/amajumda/study/continuum_simulations/gitlab/continuum-to-scattering/data/100_100_100_50_50_50/single_atom_shrink/iteration_002/t009/pdb_dcd/sample.dcd using format: dcd
       0.Info>>Options: first=0, last=0, lastset=0, stride=1                    
       0.Info>>stager.target=system                                             
       0.Info>>scattering.type=all                                              
       0.Info>>scattering.dsp.type=square                                       
       0.Info>>scattering.average.orientation.type=vectors                      
       0.Info>>scattering.average.orientation.vectors.type=sphere               
       0.Info>>scattering.average.orientation.vectors.algorithm=boost_uniform_on_sphere
       0.Info>>scattering.average.orientation.vectors.resolution=100            
       0.Info>>Generating orientations for orientational averaging using sphere,boost_uniform_on_sphere
       0.Info>>Initialized orientational averaging with 100 vectors.            
       0.Info>>scattering.signal.file=signal.h5                                 
       0.Info>>scattering.signal.filepath=/home/amajumda/study/continuum_simulations/gitlab/continuum-to-scattering/data/100_100_100_50_50_50/single_atom_shrink/iteration_002/t009/signal.h5
       0.Info>>scattering.signal.fqt=1                                          
       0.Info>>scattering.signal.fq0=1                                          
       0.Info>>scattering.signal.fq=1                                           
       0.Info>>scattering.signal.fq2=1                                          
       0.Info>>Analyzing command line for parameter overwrites                  
       0.Info>>Reading database from file: /home/amajumda/study/continuum_simulations/gitlab/continuum-to-scattering/data/100_100_100_50_50_50/single_atom_shrink/iteration_002/t009/database/db-neutron-coherent.xml
       0.Info>>Checking database...                                             
       0.Info>>Testing mapping between PDB names and atom labels                
       0.Info>>Testing database completeness for referenced atom labels         
       0.Info>>Check succeeded. Database seems OK.                              
       0.Info>>Initializing sample...                                           
       0.Info>>Reading structure from file: /home/amajumda/study/continuum_simulations/gitlab/continuum-to-scattering/data/100_100_100_50_50_50/single_atom_shrink/iteration_002/t009/pdb_dcd/sample.pdb
       0.Info>>Done. Atoms read: 125000                                         
       0.Info>>Reading frames from: /home/amajumda/study/continuum_simulations/gitlab/continuum-to-scattering/data/100_100_100_50_50_50/single_atom_shrink/iteration_002/t009/pdb_dcd/sample.dcd
       0.Info>>Found 1 frames                                                   
       0.Info>>Total number of coordinate sets found: 1                         
       0.Info>>Exchanging sample, database & params information with compute nodes... 
       0.Info>>params...                                                        
       0.Info>>database...                                                      
       0.Info>>sample...                                                        
       0.Info>>.................................................................
       0.Info>>......................C.O.M.P.U.T.A.T.I.O.N......................
       0.Info>>.................................................................
       0.Info>>Setting up services...                                           
       0.Info>>Initializing data file service...                                
       0.Info>>Initializing monitor service...                                  
       0.Info>>Starting data file service...                                    
       0.Info>>Starting monitor service...                                      
       0.Info>>Services setup and running...                                    
       0.Info>>Checking /home/amajumda/study/continuum_simulations/gitlab/continuum-to-scattering/data/100_100_100_50_50_50/single_atom_shrink/iteration_002/t009/signal.h5 for old results.
       0.Info>>Broadcasting service information                                 
       0.Info>>Server host name    : hzglap02                                   
       0.Info>>FileService Port    : 37035                                      
       0.Info>>MonitorService Port : 43115                                      
       0.Info>>Setting up parallel environment...                               
       0.Info>>Searching for decomposition plan:                                
       0.Info>>nodes    = 8                                                     
       0.Info>>qvectors = 100                                                   
       0.Info>>frames   = 1                                                     
       0.Info>>atoms   = 125000                                                 
       0.Info>>All interference scattering detected. Applying frame decomposition.
       0.Info>>Automatic decomposition. Searching for best utilization.         
       0.Info>>Final decomposition parameters:                                  
       0.Info>>NN                : 8                                            
       0.Info>>NQ                : 100                                          
       0.Info>>NAF               : 1                                            
       0.Info>>NP                : 8                                            
       0.Info>>NNpP              : 1                                            
       0.Info>>NAFcycles         : 1                                            
       0.Info>>NQcycles          : 13                                           
       0.Info>>CompEl (WASTE/USE): 4/100                                        
       0.Info>>utilization(1=best)    : 0.96153846153846156                     
       0.Info>>Initializing Scatter Device, Vectors (all)                       
       0.Info>>Starting scattering...                                           
       0.Info>>Checking memory requirements for scattering calculation...       
       0.Info>>required limits.computation.memory.result_buffer=16              
       0.Info>>required limits.computation.memory.signal_buffer=16              
       0.Info>>required limits.computation.memory.exchange_buffer=0             
       0.Info>>required limits.computation.memory.alignpad_buffer=32            
       0.Info>>Memory limits ok                                                 
       0.Info>>Staging data...                                                  
       0.Info>>Forcing stager.mode=frames                                       
       0.Info>>Staging first partition.                                         
       0.Info>>Staging remaining partitions.                                    
       0.Info>>background scattering length set to 0                            
       0.Info>>Target initialized.                                              
       0.Info>>Target 'system' produces a background scattering length density of 0.000228707775289434
       0.Info>>Starting computation...                                          
       0.Info>>Orientational averaging includes 100 vectors                     
       0.Info>>Setting progress sampling factor for monitoring to 1             
       0.Info>>Progress: 3.010%, ETOTAL: 37.417644290657449 s, ETA: 36.29121729065745 s
       0.Info>>Progress: 4.885%, ETOTAL: 23.331418336886994 s, ETA: 22.191581336886994 s
       0.Info>>Progress: 7.021%, ETOTAL: 17.092629080118698 s, ETA: 15.892584080118699 s
       0.Info>>Progress: 11.166%, ETOTAL: 11.049389881593113 s, ETA: 9.8156298815931127 s
       0.Info>>Progress: 20.196%, ETOTAL: 15.523180955403905 s, ETA: 12.388194955403906 s
       0.Info>>Progress: 32.955%, ETOTAL: 9.5884136160280082 s, ETA: 6.4285396160280088 s
       0.Info>>Progress: 42.080%, ETOTAL: 7.7039879351054896 s, ETA: 4.4621399351054905 s
       0.Info>>Progress: 52.205%, ETOTAL: 9.8587728388998013 s, ETA: 4.7119878388998018 s
       0.Info>>Progress: 62.705%, ETOTAL: 8.2494433040278068 s, ETA: 3.0766193040278074 s
       0.Info>>Progress: 73.205%, ETOTAL: 9.744091943957967 s, ETA: 2.6109169439579674 s
       0.Info>>Progress: 80.080%, ETOTAL: 8.9246760216129672 s, ETA: 1.7777840216129679 s
       0.Info>>Scattering finished...                                           
       0.Info>>.................................................................
       0.Info>>.....................R.U.N...A.N.A.L.Y.S.I.S.....................
       0.Info>>.................................................................
       0.Info>>Aggregating timing information for performance analysis...       
       0.Info>>                                                                 
       0.Info>>                    Performance Analysis                         
       0.Info>>-----------------------------------------------------------------
       0.Info>> mean and total runtimes:                                        
       0.Info>>-----------------------------------------------------------------
       0.Info>>          measure |    total |       count |     mean |   stddev 
       0.Info>>-----------------------------------------------------------------
       0.Info>>   sd:c:b:dspstore| 3.766e-02|        10000| 3.766e-06| 2.995e-06
       0.Info>>    sd:c:b:scatter| 4.401e+01|        10000| 4.401e-03| 8.316e-04
       0.Info>>        sd:c:block| 4.419e+01|          100| 4.419e-01| 4.256e-02
       0.Info>>         sd:c:init| 1.459e+01|          100| 1.459e-01| 2.836e-02
       0.Info>>       sd:c:reduce| 1.060e-04|          100| 1.060e-06| 4.921e-07
       0.Info>>         sd:c:wait| 1.670e-04|          100| 1.670e-06| 5.539e-07
       0.Info>>        sd:compute| 5.879e+01|          100| 5.879e-01| 5.492e-02
       0.Info>>         sd:runner| 5.879e+01|            8| 7.349e+00| 0.000e+00
       0.Info>>          sd:stage| 1.942e-01|            8| 2.428e-02| 0.000e+00
       0.Info>> sd:worker:scatter| 4.358e+01|        10000| 4.358e-03| 7.743e-04
       0.Info>>    sd:worker:wait| 1.510e+01|        10000| 1.510e-03| 1.481e-02
       0.Info>>          sd:write| 1.028e-03|          100| 1.028e-05| 7.184e-06
       0.Info>>           st:fill| 1.201e-02|            8| 1.502e-03| 0.000e+00
       0.Info>>          st:first| 2.266e-02|            1| 2.266e-02| 0.000e+00
       0.Info>>           st:load| 2.231e-02|            1| 2.231e-02| 0.000e+00
       0.Info>>           st:wait| 1.589e-01|            8| 1.986e-02| 0.000e+00
       0.Info>>-----------------------------------------------------------------
       0.Info>>-----------------------------------------------------------------
       0.Info>> watermarks:                                                     
       0.Info>>-----------------------------------------------------------------
       0.Info>>          measure |      min |      max                          
       0.Info>>-----------------------------------------------------------------
       0.Info>>   sd:c:b:dspstore| 2.000e-06| 2.200e-04                         
       0.Info>>    sd:c:b:scatter| 1.544e-03| 2.139e-02                         
       0.Info>>        sd:c:block| 1.633e-01| 5.460e-01                         
       0.Info>>         sd:c:init| 1.159e-01| 2.381e-01                         
       0.Info>>       sd:c:reduce| 0.000e+00| 2.000e-06                         
       0.Info>>         sd:c:wait| 1.000e-06| 3.000e-06                         
       0.Info>>        sd:compute| 2.792e-01| 7.162e-01                         
       0.Info>>         sd:runner| 6.310e+00| 7.742e+00                         
       0.Info>>          sd:stage| 2.413e-02| 2.434e-02                         
       0.Info>> sd:worker:scatter| 1.518e-03| 1.158e-02                         
       0.Info>>    sd:worker:wait| 1.000e-06| 2.382e-01                         
       0.Info>>          sd:write| 5.000e-06| 5.000e-05                         
       0.Info>>           st:fill| 1.353e-03| 1.564e-03                         
       0.Info>>          st:first| 2.266e-02| 2.266e-02                         
       0.Info>>           st:load| 2.231e-02| 2.231e-02                         
       0.Info>>           st:wait| 9.000e-06| 2.270e-02                         
       0.Info>>-----------------------------------------------------------------
       0.Info>>                                                                 
       0.Info>>         Performance Analysis (relative to total time * nodes)   
       0.Info>>-----------------------------------------------------------------
       0.Info>> mean and total runtimes:                                        
       0.Info>>-----------------------------------------------------------------
       0.Info>>          measure |    total |       count |     mean |   stddev 
       0.Info>>-----------------------------------------------------------------
       0.Info>>   sd:c:b:dspstore| 5.776e-04|        10000| 5.776e-08| 3.709e-07
       0.Info>>    sd:c:b:scatter| 6.750e-01|        10000| 6.750e-05| 1.030e-04
       0.Info>>        sd:c:block| 6.778e-01|          100| 6.778e-03| 5.270e-03
       0.Info>>         sd:c:init| 2.238e-01|          100| 2.238e-03| 3.512e-03
       0.Info>>       sd:c:reduce| 1.626e-06|          100| 1.626e-08| 6.094e-08
       0.Info>>         sd:c:wait| 2.561e-06|          100| 2.561e-08| 6.859e-08
       0.Info>>        sd:compute| 9.016e-01|          100| 9.016e-03| 6.802e-03
       0.Info>>         sd:runner| 9.017e-01|            8| 1.127e-01| 0.000e+00
       0.Info>>          sd:stage| 2.979e-03|            8| 3.724e-04| 0.000e+00
       0.Info>> sd:worker:scatter| 6.684e-01|        10000| 6.684e-05| 9.589e-05
       0.Info>>    sd:worker:wait| 2.316e-01|        10000| 2.316e-05| 1.835e-03
       0.Info>>          sd:write| 1.577e-05|          100| 1.577e-07| 8.897e-07
       0.Info>>           st:fill| 1.843e-04|            8| 2.303e-05| 0.000e+00
       0.Info>>          st:first| 3.475e-04|            1| 3.475e-04| 0.000e+00
       0.Info>>           st:load| 3.421e-04|            1| 3.421e-04| 0.000e+00
       0.Info>>           st:wait| 2.436e-03|            8| 3.045e-04| 0.000e+00
       0.Info>>-----------------------------------------------------------------
       0.Info>>-----------------------------------------------------------------
       0.Info>> watermarks:                                                     
       0.Info>>-----------------------------------------------------------------
       0.Info>>          measure |      min |      max                          
       0.Info>>-----------------------------------------------------------------
       0.Info>>   sd:c:b:dspstore| 3.067e-08| 3.374e-06                         
       0.Info>>    sd:c:b:scatter| 2.368e-05| 3.280e-04                         
       0.Info>>        sd:c:block| 2.505e-03| 8.373e-03                         
       0.Info>>         sd:c:init| 1.777e-03| 3.651e-03                         
       0.Info>>       sd:c:reduce| 0.000e+00| 3.067e-08                         
       0.Info>>         sd:c:wait| 1.534e-08| 4.601e-08                         
       0.Info>>        sd:compute| 4.283e-03| 1.098e-02                         
       0.Info>>         sd:runner| 9.677e-02| 1.187e-01                         
       0.Info>>          sd:stage| 3.701e-04| 3.733e-04                         
       0.Info>> sd:worker:scatter| 2.328e-05| 1.776e-04                         
       0.Info>>    sd:worker:wait| 1.534e-08| 3.653e-03                         
       0.Info>>          sd:write| 7.668e-08| 7.668e-07                         
       0.Info>>           st:fill| 2.075e-05| 2.399e-05                         
       0.Info>>          st:first| 3.475e-04| 3.475e-04                         
       0.Info>>           st:load| 3.421e-04| 3.421e-04                         
       0.Info>>           st:wait| 1.380e-07| 3.481e-04                         
       0.Info>>-----------------------------------------------------------------
       0.Info>>Total runtime (s): 8.1503569999999996                            
       0.Info>>Successfully finished... Have a nice day!                        
