       0.Info>>This software is being developed by Benjamin Lindner.                    
       0.Info>>For help, suggestions or correspondense use:                             
       0.Info>>ben@benlabs.net, Benjamin Lindner (Main Developer, Impl. & Maintenance)  
       0.Info>>franc@cmm.ki.si, Franci Merzel (Methodology)                             
       0.Info>>For publications include the following references:                       
       0.Info>>.........................................................................
       0.Info>>1. Sassena - X-ray and Neutron Scattering Calculated                     
       0.Info>>  from Molecular Dynamics Trajectories using Massively Parallel Computers
       0.Info>>  published as a Computer Program in Physics Paper                       
       0.Info>>.........................................................................
       0.Info>>Version Information: 1.4.2                                       
       0.Info>>                                                                 
       0.Info>>.................................................................
       0.Info>>......................D.E.S.C.R.I.P.T.I.O.N......................
       0.Info>>.................................................................
       0.Info>>This binary computes the scattering intensities directly from    
       0.Info>>a molecular dynamics trajectory.                                 
       0.Info>>.................................................................
       0.Info>>.................................................................
       0.Info>>...................I.N.I.T.I.A.L.I.Z.A.T.I.O.N...................
       0.Info>>.................................................................
       0.Info>>No configuration file specified. Will use default                
       0.Info>>Looking for configuration file: scatter.xml                      
       0.Info>>Reading parameters from XML file: scatter.xml                    
       0.Info>>Added frames from /home/amajumda/study/continuum_simulations/gitlab/continuum-to-scattering/data/100_100_100_10_10_10/single_atom_shrink/iteration_010/t004/pdb_dcd/sample.dcd using format: dcd
       0.Info>>Options: first=0, last=0, lastset=0, stride=1                    
       0.Info>>stager.target=system                                             
       0.Info>>scattering.type=all                                              
       0.Info>>scattering.dsp.type=square                                       
       0.Info>>scattering.average.orientation.type=vectors                      
       0.Info>>scattering.average.orientation.vectors.type=sphere               
       0.Info>>scattering.average.orientation.vectors.algorithm=boost_uniform_on_sphere
       0.Info>>scattering.average.orientation.vectors.resolution=100            
       0.Info>>Generating orientations for orientational averaging using sphere,boost_uniform_on_sphere
       0.Info>>Initialized orientational averaging with 100 vectors.            
       0.Info>>scattering.signal.file=signal.h5                                 
       0.Info>>scattering.signal.filepath=/home/amajumda/study/continuum_simulations/gitlab/continuum-to-scattering/data/100_100_100_10_10_10/single_atom_shrink/iteration_010/t004/signal.h5
       0.Info>>scattering.signal.fqt=1                                          
       0.Info>>scattering.signal.fq0=1                                          
       0.Info>>scattering.signal.fq=1                                           
       0.Info>>scattering.signal.fq2=1                                          
       0.Info>>Analyzing command line for parameter overwrites                  
       0.Info>>Reading database from file: /home/amajumda/study/continuum_simulations/gitlab/continuum-to-scattering/data/100_100_100_10_10_10/single_atom_shrink/iteration_010/t004/database/db-neutron-coherent.xml
       0.Info>>Checking database...                                             
       0.Info>>Testing mapping between PDB names and atom labels                
       0.Info>>Testing database completeness for referenced atom labels         
       0.Info>>Check succeeded. Database seems OK.                              
       0.Info>>Initializing sample...                                           
       0.Info>>Reading structure from file: /home/amajumda/study/continuum_simulations/gitlab/continuum-to-scattering/data/100_100_100_10_10_10/single_atom_shrink/iteration_010/t004/pdb_dcd/sample.pdb
       0.Info>>Done. Atoms read: 1000                                           
       0.Info>>Reading frames from: /home/amajumda/study/continuum_simulations/gitlab/continuum-to-scattering/data/100_100_100_10_10_10/single_atom_shrink/iteration_010/t004/pdb_dcd/sample.dcd
       0.Info>>Found 1 frames                                                   
       0.Info>>Total number of coordinate sets found: 1                         
       0.Info>>Exchanging sample, database & params information with compute nodes... 
       0.Info>>params...                                                        
       0.Info>>database...                                                      
       0.Info>>sample...                                                        
       0.Info>>.................................................................
       0.Info>>......................C.O.M.P.U.T.A.T.I.O.N......................
       0.Info>>.................................................................
       0.Info>>Setting up services...                                           
       0.Info>>Initializing data file service...                                
       0.Info>>Initializing monitor service...                                  
       0.Info>>Starting data file service...                                    
       0.Info>>Starting monitor service...                                      
       0.Info>>Services setup and running...                                    
       0.Info>>Checking /home/amajumda/study/continuum_simulations/gitlab/continuum-to-scattering/data/100_100_100_10_10_10/single_atom_shrink/iteration_010/t004/signal.h5 for old results.
       0.Info>>Broadcasting service information                                 
       0.Info>>Server host name    : hzglap02                                   
       0.Info>>FileService Port    : 34183                                      
       0.Info>>MonitorService Port : 40179                                      
       0.Info>>Setting up parallel environment...                               
       0.Info>>Searching for decomposition plan:                                
       0.Info>>nodes    = 8                                                     
       0.Info>>qvectors = 100                                                   
       0.Info>>frames   = 1                                                     
       0.Info>>atoms   = 1000                                                   
       0.Info>>All interference scattering detected. Applying frame decomposition.
       0.Info>>Automatic decomposition. Searching for best utilization.         
       0.Info>>Final decomposition parameters:                                  
       0.Info>>NN                : 8                                            
       0.Info>>NQ                : 100                                          
       0.Info>>NAF               : 1                                            
       0.Info>>NP                : 8                                            
       0.Info>>NNpP              : 1                                            
       0.Info>>NAFcycles         : 1                                            
       0.Info>>NQcycles          : 13                                           
       0.Info>>CompEl (WASTE/USE): 4/100                                        
       0.Info>>utilization(1=best)    : 0.96153846153846156                     
       0.Info>>Initializing Scatter Device, Vectors (all)                       
       0.Info>>Starting scattering...                                           
       0.Info>>Checking memory requirements for scattering calculation...       
       0.Info>>required limits.computation.memory.result_buffer=16              
       0.Info>>required limits.computation.memory.signal_buffer=16              
       0.Info>>required limits.computation.memory.exchange_buffer=0             
       0.Info>>required limits.computation.memory.alignpad_buffer=32            
       0.Info>>Memory limits ok                                                 
       0.Info>>Staging data...                                                  
       0.Info>>Forcing stager.mode=frames                                       
       0.Info>>Staging first partition.                                         
       0.Info>>Staging remaining partitions.                                    
       0.Info>>background scattering length set to 0                            
       0.Info>>Target initialized.                                              
       0.Info>>Target 'system' produces a background scattering length density of 0.062813150873602369
       0.Info>>Starting computation...                                          
       0.Info>>Orientational averaging includes 100 vectors                     
       0.Info>>Setting progress sampling factor for monitoring to 1             
       0.Info>>Scattering finished...                                           
       0.Info>>.................................................................
       0.Info>>.....................R.U.N...A.N.A.L.Y.S.I.S.....................
       0.Info>>.................................................................
       0.Info>>Aggregating timing information for performance analysis...       
       0.Info>>                                                                 
       0.Info>>                    Performance Analysis                         
       0.Info>>-----------------------------------------------------------------
       0.Info>> mean and total runtimes:                                        
       0.Info>>-----------------------------------------------------------------
       0.Info>>          measure |    total |       count |     mean |   stddev 
       0.Info>>-----------------------------------------------------------------
       0.Info>>   sd:c:b:dspstore| 2.873e-02|        10000| 2.873e-06| 1.630e-06
       0.Info>>    sd:c:b:scatter| 6.660e-01|        10000| 6.660e-05| 1.358e-05
       0.Info>>        sd:c:block| 8.060e-01|          100| 8.060e-03| 4.745e-04
       0.Info>>         sd:c:init| 1.464e-01|          100| 1.464e-03| 2.951e-04
       0.Info>>       sd:c:reduce| 1.080e-04|          100| 1.080e-06| 6.193e-07
       0.Info>>         sd:c:wait| 1.500e-04|          100| 1.500e-06| 7.766e-07
       0.Info>>        sd:compute| 9.547e-01|          100| 9.547e-03| 5.901e-04
       0.Info>>         sd:runner| 9.579e-01|            8| 1.197e-01| 0.000e+00
       0.Info>>          sd:stage| 3.398e-03|            8| 4.247e-04| 0.000e+00
       0.Info>> sd:worker:scatter| 4.682e-01|        10000| 4.682e-05| 7.374e-06
       0.Info>>    sd:worker:wait| 4.073e-01|        10000| 4.073e-05| 1.540e-04
       0.Info>>          sd:write| 8.530e-04|          100| 8.530e-06| 6.275e-06
       0.Info>>           st:fill| 6.680e-04|            8| 8.350e-05| 0.000e+00
       0.Info>>          st:first| 2.480e-04|            1| 2.480e-04| 0.000e+00
       0.Info>>           st:load| 2.220e-04|            1| 2.220e-04| 0.000e+00
       0.Info>>           st:wait| 1.870e-03|            8| 2.338e-04| 0.000e+00
       0.Info>>-----------------------------------------------------------------
       0.Info>>-----------------------------------------------------------------
       0.Info>> watermarks:                                                     
       0.Info>>-----------------------------------------------------------------
       0.Info>>          measure |      min |      max                          
       0.Info>>-----------------------------------------------------------------
       0.Info>>   sd:c:b:dspstore| 1.000e-06| 6.100e-05                         
       0.Info>>    sd:c:b:scatter| 2.400e-05| 5.590e-04                         
       0.Info>>        sd:c:block| 5.108e-03| 9.177e-03                         
       0.Info>>         sd:c:init| 9.720e-04| 2.136e-03                         
       0.Info>>       sd:c:reduce| 0.000e+00| 3.000e-06                         
       0.Info>>         sd:c:wait| 1.000e-06| 6.000e-06                         
       0.Info>>        sd:compute| 6.167e-03| 1.102e-02                         
       0.Info>>         sd:runner| 1.046e-01| 1.264e-01                         
       0.Info>>          sd:stage| 4.210e-04| 4.280e-04                         
       0.Info>> sd:worker:scatter| 1.200e-05| 1.570e-04                         
       0.Info>>    sd:worker:wait| 1.300e-05| 2.203e-03                         
       0.Info>>          sd:write| 4.000e-06| 3.600e-05                         
       0.Info>>           st:fill| 7.900e-05| 8.700e-05                         
       0.Info>>          st:first| 2.480e-04| 2.480e-04                         
       0.Info>>           st:load| 2.220e-04| 2.220e-04                         
       0.Info>>           st:wait| 5.000e-06| 2.690e-04                         
       0.Info>>-----------------------------------------------------------------
       0.Info>>                                                                 
       0.Info>>         Performance Analysis (relative to total time * nodes)   
       0.Info>>-----------------------------------------------------------------
       0.Info>> mean and total runtimes:                                        
       0.Info>>-----------------------------------------------------------------
       0.Info>>          measure |    total |       count |     mean |   stddev 
       0.Info>>-----------------------------------------------------------------
       0.Info>>   sd:c:b:dspstore| 2.128e-02|        10000| 2.128e-06| 1.403e-06
       0.Info>>    sd:c:b:scatter| 4.932e-01|        10000| 4.932e-05| 1.169e-05
       0.Info>>        sd:c:block| 5.969e-01|          100| 5.969e-03| 4.083e-04
       0.Info>>         sd:c:init| 1.084e-01|          100| 1.084e-03| 2.540e-04
       0.Info>>       sd:c:reduce| 7.998e-05|          100| 7.998e-07| 5.330e-07
       0.Info>>         sd:c:wait| 1.111e-04|          100| 1.111e-06| 6.683e-07
       0.Info>>        sd:compute| 7.071e-01|          100| 7.071e-03| 5.078e-04
       0.Info>>         sd:runner| 7.095e-01|            8| 8.868e-02| 0.000e+00
       0.Info>>          sd:stage| 2.517e-03|            8| 3.146e-04| 0.000e+00
       0.Info>> sd:worker:scatter| 3.468e-01|        10000| 3.468e-05| 6.346e-06
       0.Info>>    sd:worker:wait| 3.016e-01|        10000| 3.016e-05| 1.325e-04
       0.Info>>          sd:write| 6.317e-04|          100| 6.317e-06| 5.400e-06
       0.Info>>           st:fill| 4.947e-04|            8| 6.184e-05| 0.000e+00
       0.Info>>          st:first| 1.837e-04|            1| 1.837e-04| 0.000e+00
       0.Info>>           st:load| 1.644e-04|            1| 1.644e-04| 0.000e+00
       0.Info>>           st:wait| 1.385e-03|            8| 1.731e-04| 0.000e+00
       0.Info>>-----------------------------------------------------------------
       0.Info>>-----------------------------------------------------------------
       0.Info>> watermarks:                                                     
       0.Info>>-----------------------------------------------------------------
       0.Info>>          measure |      min |      max                          
       0.Info>>-----------------------------------------------------------------
       0.Info>>   sd:c:b:dspstore| 7.406e-07| 4.518e-05                         
       0.Info>>    sd:c:b:scatter| 1.777e-05| 4.140e-04                         
       0.Info>>        sd:c:block| 3.783e-03| 6.796e-03                         
       0.Info>>         sd:c:init| 7.199e-04| 1.582e-03                         
       0.Info>>       sd:c:reduce| 0.000e+00| 2.222e-06                         
       0.Info>>         sd:c:wait| 7.406e-07| 4.444e-06                         
       0.Info>>        sd:compute| 4.567e-03| 8.161e-03                         
       0.Info>>         sd:runner| 7.749e-02| 9.359e-02                         
       0.Info>>          sd:stage| 3.118e-04| 3.170e-04                         
       0.Info>> sd:worker:scatter| 8.887e-06| 1.163e-04                         
       0.Info>>    sd:worker:wait| 9.628e-06| 1.632e-03                         
       0.Info>>          sd:write| 2.962e-06| 2.666e-05                         
       0.Info>>           st:fill| 5.851e-05| 6.443e-05                         
       0.Info>>          st:first| 1.837e-04| 1.837e-04                         
       0.Info>>           st:load| 1.644e-04| 1.644e-04                         
       0.Info>>           st:wait| 3.703e-06| 1.992e-04                         
       0.Info>>-----------------------------------------------------------------
       0.Info>>Total runtime (s): 0.16878299999999999                           
       0.Info>>Successfully finished... Have a nice day!                        
