       0.Info>>This software is being developed by Benjamin Lindner.                    
       0.Info>>For help, suggestions or correspondense use:                             
       0.Info>>ben@benlabs.net, Benjamin Lindner (Main Developer, Impl. & Maintenance)  
       0.Info>>franc@cmm.ki.si, Franci Merzel (Methodology)                             
       0.Info>>For publications include the following references:                       
       0.Info>>.........................................................................
       0.Info>>1. Sassena - X-ray and Neutron Scattering Calculated                     
       0.Info>>  from Molecular Dynamics Trajectories using Massively Parallel Computers
       0.Info>>  published as a Computer Program in Physics Paper                       
       0.Info>>.........................................................................
       0.Info>>Version Information: 1.4.2                                       
       0.Info>>                                                                 
       0.Info>>.................................................................
       0.Info>>......................D.E.S.C.R.I.P.T.I.O.N......................
       0.Info>>.................................................................
       0.Info>>This binary computes the scattering intensities directly from    
       0.Info>>a molecular dynamics trajectory.                                 
       0.Info>>.................................................................
       0.Info>>.................................................................
       0.Info>>...................I.N.I.T.I.A.L.I.Z.A.T.I.O.N...................
       0.Info>>.................................................................
       0.Info>>No configuration file specified. Will use default                
       0.Info>>Looking for configuration file: scatter.xml                      
       0.Info>>Reading parameters from XML file: scatter.xml                    
       0.Info>>Added frames from /home/amajumda/study/continuum_simulations/gitlab/continuum-to-scattering/data/100_100_100_50_50_50/single_atom_shrink/iteration_011/t007/pdb_dcd/sample.dcd using format: dcd
       0.Info>>Options: first=0, last=0, lastset=0, stride=1                    
       0.Info>>stager.target=system                                             
       0.Info>>scattering.type=all                                              
       0.Info>>scattering.dsp.type=square                                       
       0.Info>>scattering.average.orientation.type=vectors                      
       0.Info>>scattering.average.orientation.vectors.type=sphere               
       0.Info>>scattering.average.orientation.vectors.algorithm=boost_uniform_on_sphere
       0.Info>>scattering.average.orientation.vectors.resolution=100            
       0.Info>>Generating orientations for orientational averaging using sphere,boost_uniform_on_sphere
       0.Info>>Initialized orientational averaging with 100 vectors.            
       0.Info>>scattering.signal.file=signal.h5                                 
       0.Info>>scattering.signal.filepath=/home/amajumda/study/continuum_simulations/gitlab/continuum-to-scattering/data/100_100_100_50_50_50/single_atom_shrink/iteration_011/t007/signal.h5
       0.Info>>scattering.signal.fqt=1                                          
       0.Info>>scattering.signal.fq0=1                                          
       0.Info>>scattering.signal.fq=1                                           
       0.Info>>scattering.signal.fq2=1                                          
       0.Info>>Analyzing command line for parameter overwrites                  
       0.Info>>Reading database from file: /home/amajumda/study/continuum_simulations/gitlab/continuum-to-scattering/data/100_100_100_50_50_50/single_atom_shrink/iteration_011/t007/database/db-neutron-coherent.xml
       0.Info>>Checking database...                                             
       0.Info>>Testing mapping between PDB names and atom labels                
       0.Info>>Testing database completeness for referenced atom labels         
       0.Info>>Check succeeded. Database seems OK.                              
       0.Info>>Initializing sample...                                           
       0.Info>>Reading structure from file: /home/amajumda/study/continuum_simulations/gitlab/continuum-to-scattering/data/100_100_100_50_50_50/single_atom_shrink/iteration_011/t007/pdb_dcd/sample.pdb
       0.Info>>Done. Atoms read: 125000                                         
       0.Info>>Reading frames from: /home/amajumda/study/continuum_simulations/gitlab/continuum-to-scattering/data/100_100_100_50_50_50/single_atom_shrink/iteration_011/t007/pdb_dcd/sample.dcd
       0.Info>>Found 1 frames                                                   
       0.Info>>Total number of coordinate sets found: 1                         
       0.Info>>Exchanging sample, database & params information with compute nodes... 
       0.Info>>params...                                                        
       0.Info>>database...                                                      
       0.Info>>sample...                                                        
       0.Info>>.................................................................
       0.Info>>......................C.O.M.P.U.T.A.T.I.O.N......................
       0.Info>>.................................................................
       0.Info>>Setting up services...                                           
       0.Info>>Initializing data file service...                                
       0.Info>>Initializing monitor service...                                  
       0.Info>>Starting data file service...                                    
       0.Info>>Starting monitor service...                                      
       0.Info>>Services setup and running...                                    
       0.Info>>Checking /home/amajumda/study/continuum_simulations/gitlab/continuum-to-scattering/data/100_100_100_50_50_50/single_atom_shrink/iteration_011/t007/signal.h5 for old results.
       0.Info>>Broadcasting service information                                 
       0.Info>>Server host name    : hzglap02                                   
       0.Info>>FileService Port    : 42299                                      
       0.Info>>MonitorService Port : 36085                                      
       0.Info>>Setting up parallel environment...                               
       0.Info>>Searching for decomposition plan:                                
       0.Info>>nodes    = 8                                                     
       0.Info>>qvectors = 100                                                   
       0.Info>>frames   = 1                                                     
       0.Info>>atoms   = 125000                                                 
       0.Info>>All interference scattering detected. Applying frame decomposition.
       0.Info>>Automatic decomposition. Searching for best utilization.         
       0.Info>>Final decomposition parameters:                                  
       0.Info>>NN                : 8                                            
       0.Info>>NQ                : 100                                          
       0.Info>>NAF               : 1                                            
       0.Info>>NP                : 8                                            
       0.Info>>NNpP              : 1                                            
       0.Info>>NAFcycles         : 1                                            
       0.Info>>NQcycles          : 13                                           
       0.Info>>CompEl (WASTE/USE): 4/100                                        
       0.Info>>utilization(1=best)    : 0.96153846153846156                     
       0.Info>>Initializing Scatter Device, Vectors (all)                       
       0.Info>>Starting scattering...                                           
       0.Info>>Checking memory requirements for scattering calculation...       
       0.Info>>required limits.computation.memory.result_buffer=16              
       0.Info>>required limits.computation.memory.signal_buffer=16              
       0.Info>>required limits.computation.memory.exchange_buffer=0             
       0.Info>>required limits.computation.memory.alignpad_buffer=32            
       0.Info>>Memory limits ok                                                 
       0.Info>>Staging data...                                                  
       0.Info>>Forcing stager.mode=frames                                       
       0.Info>>Staging first partition.                                         
       0.Info>>Staging remaining partitions.                                    
       0.Info>>background scattering length set to 0                            
       0.Info>>Target initialized.                                              
       0.Info>>Target 'system' produces a background scattering length density of 0.00017481748714522511
       0.Info>>Starting computation...                                          
       0.Info>>Orientational averaging includes 100 vectors                     
       0.Info>>Setting progress sampling factor for monitoring to 1             
       0.Info>>Progress: 1.260%, ETOTAL: 62.289719008264463 s, ETA: 61.50460900826446 s
       0.Info>>Progress: 2.510%, ETOTAL: 31.291498755186723 s, ETA: 30.505951755186722 s
       0.Info>>Progress: 3.771%, ETOTAL: 21.107005524861883 s, ETA: 20.311095524861884 s
       0.Info>>Progress: 4.896%, ETOTAL: 16.345429787234043 s, ETA: 15.545184787234042 s
       0.Info>>Progress: 6.146%, ETOTAL: 13.045879322033899 s, ETA: 12.244101322033899 s
       0.Info>>Progress: 11.042%, ETOTAL: 7.6144664150943404 s, ETA: 6.7737024150943403 s
       0.Info>>Progress: 21.311%, ETOTAL: 13.108016724319443 s, ETA: 10.314580724319443 s
       0.Info>>Progress: 31.696%, ETOTAL: 9.2146292648397168 s, ETA: 6.2940052648397167 s
       0.Info>>Progress: 42.580%, ETOTAL: 11.239465923974405 s, ETA: 6.4536869239744057 s
       0.Info>>Progress: 51.955%, ETOTAL: 9.2327036150524364 s, ETA: 4.4358406150524363 s
       0.Info>>Progress: 62.205%, ETOTAL: 7.7366579554822756 s, ETA: 2.9240599554822753 s
       0.Info>>Progress: 71.955%, ETOTAL: 9.4505342004454338 s, ETA: 2.6503902004454343 s
       0.Info>>Progress: 81.830%, ETOTAL: 8.3472984215267694 s, ETA: 1.5166934215267709 s
       0.Info>>Scattering finished...                                           
       0.Info>>.................................................................
       0.Info>>.....................R.U.N...A.N.A.L.Y.S.I.S.....................
       0.Info>>.................................................................
       0.Info>>Aggregating timing information for performance analysis...       
       0.Info>>                                                                 
       0.Info>>                    Performance Analysis                         
       0.Info>>-----------------------------------------------------------------
       0.Info>> mean and total runtimes:                                        
       0.Info>>-----------------------------------------------------------------
       0.Info>>          measure |    total |       count |     mean |   stddev 
       0.Info>>-----------------------------------------------------------------
       0.Info>>   sd:c:b:dspstore| 3.707e-02|        10000| 3.707e-06| 2.054e-06
       0.Info>>    sd:c:b:scatter| 4.398e+01|        10000| 4.398e-03| 7.843e-04
       0.Info>>        sd:c:block| 4.417e+01|          100| 4.417e-01| 3.786e-02
       0.Info>>         sd:c:init| 1.446e+01|          100| 1.446e-01| 2.545e-02
       0.Info>>       sd:c:reduce| 1.280e-04|          100| 1.280e-06| 2.188e-06
       0.Info>>         sd:c:wait| 1.660e-04|          100| 1.660e-06| 5.887e-07
       0.Info>>        sd:compute| 5.863e+01|          100| 5.863e-01| 5.236e-02
       0.Info>>         sd:runner| 5.864e+01|            8| 7.330e+00| 0.000e+00
       0.Info>>          sd:stage| 1.934e-01|            8| 2.418e-02| 0.000e+00
       0.Info>> sd:worker:scatter| 4.361e+01|        10000| 4.361e-03| 7.633e-04
       0.Info>>    sd:worker:wait| 1.493e+01|        10000| 1.493e-03| 1.465e-02
       0.Info>>          sd:write| 1.007e-03|          100| 1.007e-05| 7.108e-06
       0.Info>>           st:fill| 1.203e-02|            8| 1.504e-03| 0.000e+00
       0.Info>>          st:first| 2.254e-02|            1| 2.254e-02| 0.000e+00
       0.Info>>           st:load| 2.222e-02|            1| 2.222e-02| 0.000e+00
       0.Info>>           st:wait| 1.581e-01|            8| 1.976e-02| 0.000e+00
       0.Info>>-----------------------------------------------------------------
       0.Info>>-----------------------------------------------------------------
       0.Info>> watermarks:                                                     
       0.Info>>-----------------------------------------------------------------
       0.Info>>          measure |      min |      max                          
       0.Info>>-----------------------------------------------------------------
       0.Info>>   sd:c:b:dspstore| 2.000e-06| 7.200e-05                         
       0.Info>>    sd:c:b:scatter| 1.548e-03| 1.182e-02                         
       0.Info>>        sd:c:block| 1.631e-01| 5.520e-01                         
       0.Info>>         sd:c:init| 1.147e-01| 2.133e-01                         
       0.Info>>       sd:c:reduce| 0.000e+00| 2.300e-05                         
       0.Info>>         sd:c:wait| 1.000e-06| 3.000e-06                         
       0.Info>>        sd:compute| 2.781e-01| 7.427e-01                         
       0.Info>>         sd:runner| 6.227e+00| 7.788e+00                         
       0.Info>>          sd:stage| 2.403e-02| 2.424e-02                         
       0.Info>> sd:worker:scatter| 1.523e-03| 6.923e-03                         
       0.Info>>    sd:worker:wait| 1.000e-06| 2.134e-01                         
       0.Info>>          sd:write| 4.000e-06| 4.100e-05                         
       0.Info>>           st:fill| 1.352e-03| 1.563e-03                         
       0.Info>>          st:first| 2.254e-02| 2.254e-02                         
       0.Info>>           st:load| 2.222e-02| 2.222e-02                         
       0.Info>>           st:wait| 1.000e-05| 2.259e-02                         
       0.Info>>-----------------------------------------------------------------
       0.Info>>                                                                 
       0.Info>>         Performance Analysis (relative to total time * nodes)   
       0.Info>>-----------------------------------------------------------------
       0.Info>> mean and total runtimes:                                        
       0.Info>>-----------------------------------------------------------------
       0.Info>>          measure |    total |       count |     mean |   stddev 
       0.Info>>-----------------------------------------------------------------
       0.Info>>   sd:c:b:dspstore| 5.656e-04|        10000| 5.656e-08| 2.537e-07
       0.Info>>    sd:c:b:scatter| 6.711e-01|        10000| 6.711e-05| 9.688e-05
       0.Info>>        sd:c:block| 6.739e-01|          100| 6.739e-03| 4.677e-03
       0.Info>>         sd:c:init| 2.207e-01|          100| 2.207e-03| 3.144e-03
       0.Info>>       sd:c:reduce| 1.953e-06|          100| 1.953e-08| 2.703e-07
       0.Info>>         sd:c:wait| 2.533e-06|          100| 2.533e-08| 7.272e-08
       0.Info>>        sd:compute| 8.946e-01|          100| 8.946e-03| 6.468e-03
       0.Info>>         sd:runner| 8.947e-01|            8| 1.118e-01| 0.000e+00
       0.Info>>          sd:stage| 2.952e-03|            8| 3.689e-04| 0.000e+00
       0.Info>> sd:worker:scatter| 6.654e-01|        10000| 6.654e-05| 9.428e-05
       0.Info>>    sd:worker:wait| 2.278e-01|        10000| 2.278e-05| 1.810e-03
       0.Info>>          sd:write| 1.536e-05|          100| 1.536e-07| 8.780e-07
       0.Info>>           st:fill| 1.836e-04|            8| 2.294e-05| 0.000e+00
       0.Info>>          st:first| 3.440e-04|            1| 3.440e-04| 0.000e+00
       0.Info>>           st:load| 3.390e-04|            1| 3.390e-04| 0.000e+00
       0.Info>>           st:wait| 2.412e-03|            8| 3.016e-04| 0.000e+00
       0.Info>>-----------------------------------------------------------------
       0.Info>>-----------------------------------------------------------------
       0.Info>> watermarks:                                                     
       0.Info>>-----------------------------------------------------------------
       0.Info>>          measure |      min |      max                          
       0.Info>>-----------------------------------------------------------------
       0.Info>>   sd:c:b:dspstore| 3.052e-08| 1.099e-06                         
       0.Info>>    sd:c:b:scatter| 2.362e-05| 1.804e-04                         
       0.Info>>        sd:c:block| 2.488e-03| 8.422e-03                         
       0.Info>>         sd:c:init| 1.750e-03| 3.254e-03                         
       0.Info>>       sd:c:reduce| 0.000e+00| 3.509e-07                         
       0.Info>>         sd:c:wait| 1.526e-08| 4.577e-08                         
       0.Info>>        sd:compute| 4.244e-03| 1.133e-02                         
       0.Info>>         sd:runner| 9.502e-02| 1.188e-01                         
       0.Info>>          sd:stage| 3.667e-04| 3.698e-04                         
       0.Info>> sd:worker:scatter| 2.324e-05| 1.056e-04                         
       0.Info>>    sd:worker:wait| 1.526e-08| 3.256e-03                         
       0.Info>>          sd:write| 6.103e-08| 6.256e-07                         
       0.Info>>           st:fill| 2.063e-05| 2.385e-05                         
       0.Info>>          st:first| 3.440e-04| 3.440e-04                         
       0.Info>>           st:load| 3.390e-04| 3.390e-04                         
       0.Info>>           st:wait| 1.526e-07| 3.447e-04                         
       0.Info>>-----------------------------------------------------------------
       0.Info>>Total runtime (s): 8.1924209999999995                            
       0.Info>>Successfully finished... Have a nice day!                        
