       0.Info>>This software is being developed by Benjamin Lindner.                    
       0.Info>>For help, suggestions or correspondense use:                             
       0.Info>>ben@benlabs.net, Benjamin Lindner (Main Developer, Impl. & Maintenance)  
       0.Info>>franc@cmm.ki.si, Franci Merzel (Methodology)                             
       0.Info>>For publications include the following references:                       
       0.Info>>.........................................................................
       0.Info>>1. Sassena - X-ray and Neutron Scattering Calculated                     
       0.Info>>  from Molecular Dynamics Trajectories using Massively Parallel Computers
       0.Info>>  published as a Computer Program in Physics Paper                       
       0.Info>>.........................................................................
       0.Info>>Version Information: 1.4.2                                       
       0.Info>>                                                                 
       0.Info>>.................................................................
       0.Info>>......................D.E.S.C.R.I.P.T.I.O.N......................
       0.Info>>.................................................................
       0.Info>>This binary computes the scattering intensities directly from    
       0.Info>>a molecular dynamics trajectory.                                 
       0.Info>>.................................................................
       0.Info>>.................................................................
       0.Info>>...................I.N.I.T.I.A.L.I.Z.A.T.I.O.N...................
       0.Info>>.................................................................
       0.Info>>No configuration file specified. Will use default                
       0.Info>>Looking for configuration file: scatter.xml                      
       0.Info>>Reading parameters from XML file: scatter.xml                    
       0.Info>>Added frames from /home/amajumda/study/continuum_simulations/gitlab/continuum-to-scattering/data/100_100_100_50_50_50/single_atom_shrink/iteration_000/t008/pdb_dcd/sample.dcd using format: dcd
       0.Info>>Options: first=0, last=0, lastset=0, stride=1                    
       0.Info>>stager.target=system                                             
       0.Info>>scattering.type=all                                              
       0.Info>>scattering.dsp.type=square                                       
       0.Info>>scattering.average.orientation.type=vectors                      
       0.Info>>scattering.average.orientation.vectors.type=sphere               
       0.Info>>scattering.average.orientation.vectors.algorithm=boost_uniform_on_sphere
       0.Info>>scattering.average.orientation.vectors.resolution=100            
       0.Info>>Generating orientations for orientational averaging using sphere,boost_uniform_on_sphere
       0.Info>>Initialized orientational averaging with 100 vectors.            
       0.Info>>scattering.signal.file=signal.h5                                 
       0.Info>>scattering.signal.filepath=/home/amajumda/study/continuum_simulations/gitlab/continuum-to-scattering/data/100_100_100_50_50_50/single_atom_shrink/iteration_000/t008/signal.h5
       0.Info>>scattering.signal.fqt=1                                          
       0.Info>>scattering.signal.fq0=1                                          
       0.Info>>scattering.signal.fq=1                                           
       0.Info>>scattering.signal.fq2=1                                          
       0.Info>>Analyzing command line for parameter overwrites                  
       0.Info>>Reading database from file: /home/amajumda/study/continuum_simulations/gitlab/continuum-to-scattering/data/100_100_100_50_50_50/single_atom_shrink/iteration_000/t008/database/db-neutron-coherent.xml
       0.Info>>Checking database...                                             
       0.Info>>Testing mapping between PDB names and atom labels                
       0.Info>>Testing database completeness for referenced atom labels         
       0.Info>>Check succeeded. Database seems OK.                              
       0.Info>>Initializing sample...                                           
       0.Info>>Reading structure from file: /home/amajumda/study/continuum_simulations/gitlab/continuum-to-scattering/data/100_100_100_50_50_50/single_atom_shrink/iteration_000/t008/pdb_dcd/sample.pdb
       0.Info>>Done. Atoms read: 125000                                         
       0.Info>>Reading frames from: /home/amajumda/study/continuum_simulations/gitlab/continuum-to-scattering/data/100_100_100_50_50_50/single_atom_shrink/iteration_000/t008/pdb_dcd/sample.dcd
       0.Info>>Found 1 frames                                                   
       0.Info>>Total number of coordinate sets found: 1                         
       0.Info>>Exchanging sample, database & params information with compute nodes... 
       0.Info>>params...                                                        
       0.Info>>database...                                                      
       0.Info>>sample...                                                        
       0.Info>>.................................................................
       0.Info>>......................C.O.M.P.U.T.A.T.I.O.N......................
       0.Info>>.................................................................
       0.Info>>Setting up services...                                           
       0.Info>>Initializing data file service...                                
       0.Info>>Initializing monitor service...                                  
       0.Info>>Starting data file service...                                    
       0.Info>>Starting monitor service...                                      
       0.Info>>Services setup and running...                                    
       0.Info>>Checking /home/amajumda/study/continuum_simulations/gitlab/continuum-to-scattering/data/100_100_100_50_50_50/single_atom_shrink/iteration_000/t008/signal.h5 for old results.
       0.Info>>Broadcasting service information                                 
       0.Info>>Server host name    : hzglap02                                   
       0.Info>>FileService Port    : 40491                                      
       0.Info>>MonitorService Port : 42967                                      
       0.Info>>Setting up parallel environment...                               
       0.Info>>Searching for decomposition plan:                                
       0.Info>>nodes    = 8                                                     
       0.Info>>qvectors = 100                                                   
       0.Info>>frames   = 1                                                     
       0.Info>>atoms   = 125000                                                 
       0.Info>>All interference scattering detected. Applying frame decomposition.
       0.Info>>Automatic decomposition. Searching for best utilization.         
       0.Info>>Final decomposition parameters:                                  
       0.Info>>NN                : 8                                            
       0.Info>>NQ                : 100                                          
       0.Info>>NAF               : 1                                            
       0.Info>>NP                : 8                                            
       0.Info>>NNpP              : 1                                            
       0.Info>>NAFcycles         : 1                                            
       0.Info>>NQcycles          : 13                                           
       0.Info>>CompEl (WASTE/USE): 4/100                                        
       0.Info>>utilization(1=best)    : 0.96153846153846156                     
       0.Info>>Initializing Scatter Device, Vectors (all)                       
       0.Info>>Starting scattering...                                           
       0.Info>>Checking memory requirements for scattering calculation...       
       0.Info>>required limits.computation.memory.result_buffer=16              
       0.Info>>required limits.computation.memory.signal_buffer=16              
       0.Info>>required limits.computation.memory.exchange_buffer=0             
       0.Info>>required limits.computation.memory.alignpad_buffer=32            
       0.Info>>Memory limits ok                                                 
       0.Info>>Staging data...                                                  
       0.Info>>Forcing stager.mode=frames                                       
       0.Info>>Staging first partition.                                         
       0.Info>>Staging remaining partitions.                                    
       0.Info>>background scattering length set to 0                            
       0.Info>>Target initialized.                                              
       0.Info>>Target 'system' produces a background scattering length density of 0.00045915394697061918
       0.Info>>Starting computation...                                          
       0.Info>>Orientational averaging includes 100 vectors                     
       0.Info>>Setting progress sampling factor for monitoring to 1             
       0.Info>>Progress: 3.385%, ETOTAL: 42.962451692307695 s, ETA: 41.507993692307693 s
       0.Info>>Progress: 5.895%, ETOTAL: 24.726345630012236 s, ETA: 23.268719630012235 s
       0.Info>>Progress: 11.040%, ETOTAL: 13.317975206851504 s, ETA: 11.847662206851503 s
       0.Info>>Progress: 21.705%, ETOTAL: 6.8941818074424086 s, ETA: 5.3977908074424086 s
       0.Info>>Progress: 32.330%, ETOTAL: 10.746984911271932 s, ETA: 7.2724709112719328 s
       0.Info>>Progress: 43.330%, ETOTAL: 8.2523873067534588 s, ETA: 4.6766173067534584 s
       0.Info>>Progress: 50.330%, ETOTAL: 7.2169178373559193 s, ETA: 3.5846338373559186 s
       0.Info>>Progress: 60.080%, ETOTAL: 9.1074223099493228 s, ETA: 3.6356713099493216 s
       0.Info>>Progress: 70.580%, ETOTAL: 7.7841867671767879 s, ETA: 2.2900977671767864 s
       0.Info>>Progress: 80.705%, ETOTAL: 9.2440259571088177 s, ETA: 1.7836229571088156 s
       0.Info>>Scattering finished...                                           
       0.Info>>.................................................................
       0.Info>>.....................R.U.N...A.N.A.L.Y.S.I.S.....................
       0.Info>>.................................................................
       0.Info>>Aggregating timing information for performance analysis...       
       0.Info>>                                                                 
       0.Info>>                    Performance Analysis                         
       0.Info>>-----------------------------------------------------------------
       0.Info>> mean and total runtimes:                                        
       0.Info>>-----------------------------------------------------------------
       0.Info>>          measure |    total |       count |     mean |   stddev 
       0.Info>>-----------------------------------------------------------------
       0.Info>>   sd:c:b:dspstore| 3.503e-02|        10000| 3.503e-06| 2.898e-06
       0.Info>>    sd:c:b:scatter| 4.208e+01|        10000| 4.208e-03| 7.288e-04
       0.Info>>        sd:c:block| 4.225e+01|          100| 4.225e-01| 3.809e-02
       0.Info>>         sd:c:init| 1.427e+01|          100| 1.427e-01| 2.634e-02
       0.Info>>       sd:c:reduce| 1.070e-04|          100| 1.070e-06| 5.672e-07
       0.Info>>         sd:c:wait| 1.660e-04|          100| 1.660e-06| 5.719e-07
       0.Info>>        sd:compute| 5.653e+01|          100| 5.653e-01| 4.918e-02
       0.Info>>         sd:runner| 5.653e+01|            8| 7.066e+00| 0.000e+00
       0.Info>>          sd:stage| 1.950e-01|            8| 2.437e-02| 0.000e+00
       0.Info>> sd:worker:scatter| 4.174e+01|        10000| 4.174e-03| 7.149e-04
       0.Info>>    sd:worker:wait| 1.469e+01|        10000| 1.469e-03| 1.447e-02
       0.Info>>          sd:write| 9.700e-04|          100| 9.700e-06| 6.687e-06
       0.Info>>           st:fill| 1.199e-02|            8| 1.498e-03| 0.000e+00
       0.Info>>          st:first| 2.275e-02|            1| 2.275e-02| 0.000e+00
       0.Info>>           st:load| 2.233e-02|            1| 2.233e-02| 0.000e+00
       0.Info>>           st:wait| 1.595e-01|            8| 1.994e-02| 0.000e+00
       0.Info>>-----------------------------------------------------------------
       0.Info>>-----------------------------------------------------------------
       0.Info>> watermarks:                                                     
       0.Info>>-----------------------------------------------------------------
       0.Info>>          measure |      min |      max                          
       0.Info>>-----------------------------------------------------------------
       0.Info>>   sd:c:b:dspstore| 2.000e-06| 2.030e-04                         
       0.Info>>    sd:c:b:scatter| 1.463e-03| 1.310e-02                         
       0.Info>>        sd:c:block| 1.604e-01| 5.273e-01                         
       0.Info>>         sd:c:init| 1.126e-01| 2.261e-01                         
       0.Info>>       sd:c:reduce| 0.000e+00| 3.000e-06                         
       0.Info>>         sd:c:wait| 1.000e-06| 4.000e-06                         
       0.Info>>        sd:compute| 2.752e-01| 6.877e-01                         
       0.Info>>         sd:runner| 6.173e+00| 7.658e+00                         
       0.Info>>          sd:stage| 2.422e-02| 2.443e-02                         
       0.Info>> sd:worker:scatter| 1.441e-03| 9.940e-03                         
       0.Info>>    sd:worker:wait| 1.000e-06| 2.262e-01                         
       0.Info>>          sd:write| 5.000e-06| 4.600e-05                         
       0.Info>>           st:fill| 1.348e-03| 1.557e-03                         
       0.Info>>          st:first| 2.275e-02| 2.275e-02                         
       0.Info>>           st:load| 2.233e-02| 2.233e-02                         
       0.Info>>           st:wait| 9.000e-06| 2.279e-02                         
       0.Info>>-----------------------------------------------------------------
       0.Info>>                                                                 
       0.Info>>         Performance Analysis (relative to total time * nodes)   
       0.Info>>-----------------------------------------------------------------
       0.Info>> mean and total runtimes:                                        
       0.Info>>-----------------------------------------------------------------
       0.Info>>          measure |    total |       count |     mean |   stddev 
       0.Info>>-----------------------------------------------------------------
       0.Info>>   sd:c:b:dspstore| 5.397e-04|        10000| 5.397e-08| 3.597e-07
       0.Info>>    sd:c:b:scatter| 6.484e-01|        10000| 6.484e-05| 9.047e-05
       0.Info>>        sd:c:block| 6.510e-01|          100| 6.510e-03| 4.728e-03
       0.Info>>         sd:c:init| 2.199e-01|          100| 2.199e-03| 3.269e-03
       0.Info>>       sd:c:reduce| 1.649e-06|          100| 1.649e-08| 7.040e-08
       0.Info>>         sd:c:wait| 2.558e-06|          100| 2.558e-08| 7.099e-08
       0.Info>>        sd:compute| 8.709e-01|          100| 8.709e-03| 6.105e-03
       0.Info>>         sd:runner| 8.710e-01|            8| 1.089e-01| 0.000e+00
       0.Info>>          sd:stage| 3.004e-03|            8| 3.755e-04| 0.000e+00
       0.Info>> sd:worker:scatter| 6.431e-01|        10000| 6.431e-05| 8.874e-05
       0.Info>>    sd:worker:wait| 2.263e-01|        10000| 2.263e-05| 1.796e-03
       0.Info>>          sd:write| 1.495e-05|          100| 1.495e-07| 8.301e-07
       0.Info>>           st:fill| 1.847e-04|            8| 2.309e-05| 0.000e+00
       0.Info>>          st:first| 3.505e-04|            1| 3.505e-04| 0.000e+00
       0.Info>>           st:load| 3.440e-04|            1| 3.440e-04| 0.000e+00
       0.Info>>           st:wait| 2.458e-03|            8| 3.072e-04| 0.000e+00
       0.Info>>-----------------------------------------------------------------
       0.Info>>-----------------------------------------------------------------
       0.Info>> watermarks:                                                     
       0.Info>>-----------------------------------------------------------------
       0.Info>>          measure |      min |      max                          
       0.Info>>-----------------------------------------------------------------
       0.Info>>   sd:c:b:dspstore| 3.081e-08| 3.128e-06                         
       0.Info>>    sd:c:b:scatter| 2.254e-05| 2.018e-04                         
       0.Info>>        sd:c:block| 2.472e-03| 8.124e-03                         
       0.Info>>         sd:c:init| 1.735e-03| 3.484e-03                         
       0.Info>>       sd:c:reduce| 0.000e+00| 4.622e-08                         
       0.Info>>         sd:c:wait| 1.541e-08| 6.163e-08                         
       0.Info>>        sd:compute| 4.240e-03| 1.060e-02                         
       0.Info>>         sd:runner| 9.510e-02| 1.180e-01                         
       0.Info>>          sd:stage| 3.732e-04| 3.764e-04                         
       0.Info>> sd:worker:scatter| 2.220e-05| 1.531e-04                         
       0.Info>>    sd:worker:wait| 1.541e-08| 3.486e-03                         
       0.Info>>          sd:write| 7.704e-08| 7.087e-07                         
       0.Info>>           st:fill| 2.077e-05| 2.399e-05                         
       0.Info>>          st:first| 3.505e-04| 3.505e-04                         
       0.Info>>           st:load| 3.440e-04| 3.440e-04                         
       0.Info>>           st:wait| 1.387e-07| 3.511e-04                         
       0.Info>>-----------------------------------------------------------------
       0.Info>>Total runtime (s): 8.1130479999999991                            
       0.Info>>Successfully finished... Have a nice day!                        
