       0.Info>>This software is being developed by Benjamin Lindner.                    
       0.Info>>For help, suggestions or correspondense use:                             
       0.Info>>ben@benlabs.net, Benjamin Lindner (Main Developer, Impl. & Maintenance)  
       0.Info>>franc@cmm.ki.si, Franci Merzel (Methodology)                             
       0.Info>>For publications include the following references:                       
       0.Info>>.........................................................................
       0.Info>>1. Sassena - X-ray and Neutron Scattering Calculated                     
       0.Info>>  from Molecular Dynamics Trajectories using Massively Parallel Computers
       0.Info>>  published as a Computer Program in Physics Paper                       
       0.Info>>.........................................................................
       0.Info>>Version Information: 1.4.2                                       
       0.Info>>                                                                 
       0.Info>>.................................................................
       0.Info>>......................D.E.S.C.R.I.P.T.I.O.N......................
       0.Info>>.................................................................
       0.Info>>This binary computes the scattering intensities directly from    
       0.Info>>a molecular dynamics trajectory.                                 
       0.Info>>.................................................................
       0.Info>>.................................................................
       0.Info>>...................I.N.I.T.I.A.L.I.Z.A.T.I.O.N...................
       0.Info>>.................................................................
       0.Info>>No configuration file specified. Will use default                
       0.Info>>Looking for configuration file: scatter.xml                      
       0.Info>>Reading parameters from XML file: scatter.xml                    
       0.Info>>Added frames from /home/amajumda/study/continuum_simulations/gitlab/continuum-to-scattering/data/100_100_100_50_50_50/single_atom_shrink/iteration_013/t008/pdb_dcd/sample.dcd using format: dcd
       0.Info>>Options: first=0, last=0, lastset=0, stride=1                    
       0.Info>>stager.target=system                                             
       0.Info>>scattering.type=all                                              
       0.Info>>scattering.dsp.type=square                                       
       0.Info>>scattering.average.orientation.type=vectors                      
       0.Info>>scattering.average.orientation.vectors.type=sphere               
       0.Info>>scattering.average.orientation.vectors.algorithm=boost_uniform_on_sphere
       0.Info>>scattering.average.orientation.vectors.resolution=100            
       0.Info>>Generating orientations for orientational averaging using sphere,boost_uniform_on_sphere
       0.Info>>Initialized orientational averaging with 100 vectors.            
       0.Info>>scattering.signal.file=signal.h5                                 
       0.Info>>scattering.signal.filepath=/home/amajumda/study/continuum_simulations/gitlab/continuum-to-scattering/data/100_100_100_50_50_50/single_atom_shrink/iteration_013/t008/signal.h5
       0.Info>>scattering.signal.fqt=1                                          
       0.Info>>scattering.signal.fq0=1                                          
       0.Info>>scattering.signal.fq=1                                           
       0.Info>>scattering.signal.fq2=1                                          
       0.Info>>Analyzing command line for parameter overwrites                  
       0.Info>>Reading database from file: /home/amajumda/study/continuum_simulations/gitlab/continuum-to-scattering/data/100_100_100_50_50_50/single_atom_shrink/iteration_013/t008/database/db-neutron-coherent.xml
       0.Info>>Checking database...                                             
       0.Info>>Testing mapping between PDB names and atom labels                
       0.Info>>Testing database completeness for referenced atom labels         
       0.Info>>Check succeeded. Database seems OK.                              
       0.Info>>Initializing sample...                                           
       0.Info>>Reading structure from file: /home/amajumda/study/continuum_simulations/gitlab/continuum-to-scattering/data/100_100_100_50_50_50/single_atom_shrink/iteration_013/t008/pdb_dcd/sample.pdb
       0.Info>>Done. Atoms read: 125000                                         
       0.Info>>Reading frames from: /home/amajumda/study/continuum_simulations/gitlab/continuum-to-scattering/data/100_100_100_50_50_50/single_atom_shrink/iteration_013/t008/pdb_dcd/sample.dcd
       0.Info>>Found 1 frames                                                   
       0.Info>>Total number of coordinate sets found: 1                         
       0.Info>>Exchanging sample, database & params information with compute nodes... 
       0.Info>>params...                                                        
       0.Info>>database...                                                      
       0.Info>>sample...                                                        
       0.Info>>.................................................................
       0.Info>>......................C.O.M.P.U.T.A.T.I.O.N......................
       0.Info>>.................................................................
       0.Info>>Setting up services...                                           
       0.Info>>Initializing data file service...                                
       0.Info>>Initializing monitor service...                                  
       0.Info>>Starting data file service...                                    
       0.Info>>Starting monitor service...                                      
       0.Info>>Services setup and running...                                    
       0.Info>>Checking /home/amajumda/study/continuum_simulations/gitlab/continuum-to-scattering/data/100_100_100_50_50_50/single_atom_shrink/iteration_013/t008/signal.h5 for old results.
       0.Info>>Broadcasting service information                                 
       0.Info>>Server host name    : hzglap02                                   
       0.Info>>FileService Port    : 33391                                      
       0.Info>>MonitorService Port : 42475                                      
       0.Info>>Setting up parallel environment...                               
       0.Info>>Searching for decomposition plan:                                
       0.Info>>nodes    = 8                                                     
       0.Info>>qvectors = 100                                                   
       0.Info>>frames   = 1                                                     
       0.Info>>atoms   = 125000                                                 
       0.Info>>All interference scattering detected. Applying frame decomposition.
       0.Info>>Automatic decomposition. Searching for best utilization.         
       0.Info>>Final decomposition parameters:                                  
       0.Info>>NN                : 8                                            
       0.Info>>NQ                : 100                                          
       0.Info>>NAF               : 1                                            
       0.Info>>NP                : 8                                            
       0.Info>>NNpP              : 1                                            
       0.Info>>NAFcycles         : 1                                            
       0.Info>>NQcycles          : 13                                           
       0.Info>>CompEl (WASTE/USE): 4/100                                        
       0.Info>>utilization(1=best)    : 0.96153846153846156                     
       0.Info>>Initializing Scatter Device, Vectors (all)                       
       0.Info>>Starting scattering...                                           
       0.Info>>Checking memory requirements for scattering calculation...       
       0.Info>>required limits.computation.memory.result_buffer=16              
       0.Info>>required limits.computation.memory.signal_buffer=16              
       0.Info>>required limits.computation.memory.exchange_buffer=0             
       0.Info>>required limits.computation.memory.alignpad_buffer=32            
       0.Info>>Memory limits ok                                                 
       0.Info>>Staging data...                                                  
       0.Info>>Forcing stager.mode=frames                                       
       0.Info>>Staging first partition.                                         
       0.Info>>Staging remaining partitions.                                    
       0.Info>>background scattering length set to 0                            
       0.Info>>Target initialized.                                              
       0.Info>>Target 'system' produces a background scattering length density of 7.6054842139003687e-05
       0.Info>>Starting computation...                                          
       0.Info>>Orientational averaging includes 100 vectors                     
       0.Info>>Setting progress sampling factor for monitoring to 1             
       0.Info>>Progress: 1.500%, ETOTAL: 61.094200000000008 s, ETA: 60.177787000000009 s
       0.Info>>Progress: 2.760%, ETOTAL: 33.303124528301886 s, ETA: 32.383819528301885 s
       0.Info>>Progress: 4.260%, ETOTAL: 21.613613691931544 s, ETA: 20.692783691931545 s
       0.Info>>Progress: 5.521%, ETOTAL: 16.706137358490565 s, ETA: 15.783819358490565 s
       0.Info>>Progress: 11.906%, ETOTAL: 7.9883758530183719 s, ETA: 7.0372598530183721 s
       0.Info>>Progress: 22.176%, ETOTAL: 13.108996328949267 s, ETA: 10.201908328949267 s
       0.Info>>Progress: 32.186%, ETOTAL: 9.1027134037044419 s, ETA: 6.1729234037044414 s
       0.Info>>Progress: 41.955%, ETOTAL: 11.680412406417116 s, ETA: 6.7798804064171145 s
       0.Info>>Progress: 51.205%, ETOTAL: 9.6246688032048073 s, ETA: 4.6963448032048074 s
       0.Info>>Progress: 60.955%, ETOTAL: 8.1125167735829216 s, ETA: 3.1675217735829211 s
       0.Info>>Progress: 72.955%, ETOTAL: 9.4895344170108089 s, ETA: 2.5664324170108079 s
       0.Info>>Progress: 82.455%, ETOTAL: 8.4398583223198322 s, ETA: 1.4807623223198316 s
       0.Info>>Scattering finished...                                           
       0.Info>>.................................................................
       0.Info>>.....................R.U.N...A.N.A.L.Y.S.I.S.....................
       0.Info>>.................................................................
       0.Info>>Aggregating timing information for performance analysis...       
       0.Info>>                                                                 
       0.Info>>                    Performance Analysis                         
       0.Info>>-----------------------------------------------------------------
       0.Info>> mean and total runtimes:                                        
       0.Info>>-----------------------------------------------------------------
       0.Info>>          measure |    total |       count |     mean |   stddev 
       0.Info>>-----------------------------------------------------------------
       0.Info>>   sd:c:b:dspstore| 4.139e-02|        10000| 4.139e-06| 2.362e-06
       0.Info>>    sd:c:b:scatter| 4.599e+01|        10000| 4.599e-03| 8.813e-04
       0.Info>>        sd:c:block| 4.619e+01|          100| 4.619e-01| 4.569e-02
       0.Info>>         sd:c:init| 1.561e+01|          100| 1.561e-01| 3.639e-02
       0.Info>>       sd:c:reduce| 1.110e-04|          100| 1.110e-06| 6.324e-07
       0.Info>>         sd:c:wait| 1.660e-04|          100| 1.660e-06| 5.900e-07
       0.Info>>        sd:compute| 6.180e+01|          100| 6.180e-01| 6.113e-02
       0.Info>>         sd:runner| 6.180e+01|            8| 7.725e+00| 0.000e+00
       0.Info>>          sd:stage| 2.004e-01|            8| 2.505e-02| 0.000e+00
       0.Info>> sd:worker:scatter| 4.557e+01|        10000| 4.557e-03| 8.699e-04
       0.Info>>    sd:worker:wait| 1.613e+01|        10000| 1.613e-03| 1.599e-02
       0.Info>>          sd:write| 1.090e-03|          100| 1.090e-05| 8.514e-06
       0.Info>>           st:fill| 1.237e-02|            8| 1.546e-03| 0.000e+00
       0.Info>>          st:first| 2.337e-02|            1| 2.337e-02| 0.000e+00
       0.Info>>           st:load| 2.295e-02|            1| 2.295e-02| 0.000e+00
       0.Info>>           st:wait| 1.639e-01|            8| 2.049e-02| 0.000e+00
       0.Info>>-----------------------------------------------------------------
       0.Info>>-----------------------------------------------------------------
       0.Info>> watermarks:                                                     
       0.Info>>-----------------------------------------------------------------
       0.Info>>          measure |      min |      max                          
       0.Info>>-----------------------------------------------------------------
       0.Info>>   sd:c:b:dspstore| 2.000e-06| 7.200e-05                         
       0.Info>>    sd:c:b:scatter| 1.570e-03| 1.016e-02                         
       0.Info>>        sd:c:block| 1.734e-01| 5.684e-01                         
       0.Info>>         sd:c:init| 1.178e-01| 2.677e-01                         
       0.Info>>       sd:c:reduce| 0.000e+00| 3.000e-06                         
       0.Info>>         sd:c:wait| 1.000e-06| 4.000e-06                         
       0.Info>>        sd:compute| 2.924e-01| 7.675e-01                         
       0.Info>>         sd:runner| 6.551e+00| 8.533e+00                         
       0.Info>>          sd:stage| 2.491e-02| 2.511e-02                         
       0.Info>> sd:worker:scatter| 1.550e-03| 7.590e-03                         
       0.Info>>    sd:worker:wait| 2.000e-06| 2.678e-01                         
       0.Info>>          sd:write| 5.000e-06| 5.000e-05                         
       0.Info>>           st:fill| 1.397e-03| 1.606e-03                         
       0.Info>>          st:first| 2.337e-02| 2.337e-02                         
       0.Info>>           st:load| 2.295e-02| 2.295e-02                         
       0.Info>>           st:wait| 1.100e-05| 2.342e-02                         
       0.Info>>-----------------------------------------------------------------
       0.Info>>                                                                 
       0.Info>>         Performance Analysis (relative to total time * nodes)   
       0.Info>>-----------------------------------------------------------------
       0.Info>> mean and total runtimes:                                        
       0.Info>>-----------------------------------------------------------------
       0.Info>>          measure |    total |       count |     mean |   stddev 
       0.Info>>-----------------------------------------------------------------
       0.Info>>   sd:c:b:dspstore| 5.754e-04|        10000| 5.754e-08| 2.785e-07
       0.Info>>    sd:c:b:scatter| 6.394e-01|        10000| 6.394e-05| 1.039e-04
       0.Info>>        sd:c:block| 6.421e-01|          100| 6.421e-03| 5.387e-03
       0.Info>>         sd:c:init| 2.170e-01|          100| 2.170e-03| 4.291e-03
       0.Info>>       sd:c:reduce| 1.543e-06|          100| 1.543e-08| 7.457e-08
       0.Info>>         sd:c:wait| 2.308e-06|          100| 2.308e-08| 6.957e-08
       0.Info>>        sd:compute| 8.592e-01|          100| 8.592e-03| 7.208e-03
       0.Info>>         sd:runner| 8.592e-01|            8| 1.074e-01| 0.000e+00
       0.Info>>          sd:stage| 2.787e-03|            8| 3.483e-04| 0.000e+00
       0.Info>> sd:worker:scatter| 6.335e-01|        10000| 6.335e-05| 1.026e-04
       0.Info>>    sd:worker:wait| 2.242e-01|        10000| 2.242e-05| 1.885e-03
       0.Info>>          sd:write| 1.515e-05|          100| 1.515e-07| 1.004e-06
       0.Info>>           st:fill| 1.720e-04|            8| 2.150e-05| 0.000e+00
       0.Info>>          st:first| 3.249e-04|            1| 3.249e-04| 0.000e+00
       0.Info>>           st:load| 3.191e-04|            1| 3.191e-04| 0.000e+00
       0.Info>>           st:wait| 2.279e-03|            8| 2.849e-04| 0.000e+00
       0.Info>>-----------------------------------------------------------------
       0.Info>>-----------------------------------------------------------------
       0.Info>> watermarks:                                                     
       0.Info>>-----------------------------------------------------------------
       0.Info>>          measure |      min |      max                          
       0.Info>>-----------------------------------------------------------------
       0.Info>>   sd:c:b:dspstore| 2.781e-08| 1.001e-06                         
       0.Info>>    sd:c:b:scatter| 2.183e-05| 1.412e-04                         
       0.Info>>        sd:c:block| 2.411e-03| 7.902e-03                         
       0.Info>>         sd:c:init| 1.637e-03| 3.722e-03                         
       0.Info>>       sd:c:reduce| 0.000e+00| 4.171e-08                         
       0.Info>>         sd:c:wait| 1.390e-08| 5.561e-08                         
       0.Info>>        sd:compute| 4.065e-03| 1.067e-02                         
       0.Info>>         sd:runner| 9.108e-02| 1.186e-01                         
       0.Info>>          sd:stage| 3.463e-04| 3.492e-04                         
       0.Info>> sd:worker:scatter| 2.155e-05| 1.055e-04                         
       0.Info>>    sd:worker:wait| 2.781e-08| 3.724e-03                         
       0.Info>>          sd:write| 6.952e-08| 6.952e-07                         
       0.Info>>           st:fill| 1.942e-05| 2.233e-05                         
       0.Info>>          st:first| 3.249e-04| 3.249e-04                         
       0.Info>>           st:load| 3.191e-04| 3.191e-04                         
       0.Info>>           st:wait| 1.529e-07| 3.256e-04                         
       0.Info>>-----------------------------------------------------------------
       0.Info>>Total runtime (s): 8.99057                                       
       0.Info>>Successfully finished... Have a nice day!                        
