       0.Info>>This software is being developed by Benjamin Lindner.                    
       0.Info>>For help, suggestions or correspondense use:                             
       0.Info>>ben@benlabs.net, Benjamin Lindner (Main Developer, Impl. & Maintenance)  
       0.Info>>franc@cmm.ki.si, Franci Merzel (Methodology)                             
       0.Info>>For publications include the following references:                       
       0.Info>>.........................................................................
       0.Info>>1. Sassena - X-ray and Neutron Scattering Calculated                     
       0.Info>>  from Molecular Dynamics Trajectories using Massively Parallel Computers
       0.Info>>  published as a Computer Program in Physics Paper                       
       0.Info>>.........................................................................
       0.Info>>Version Information: 1.4.2                                       
       0.Info>>                                                                 
       0.Info>>.................................................................
       0.Info>>......................D.E.S.C.R.I.P.T.I.O.N......................
       0.Info>>.................................................................
       0.Info>>This binary computes the scattering intensities directly from    
       0.Info>>a molecular dynamics trajectory.                                 
       0.Info>>.................................................................
       0.Info>>.................................................................
       0.Info>>...................I.N.I.T.I.A.L.I.Z.A.T.I.O.N...................
       0.Info>>.................................................................
       0.Info>>No configuration file specified. Will use default                
       0.Info>>Looking for configuration file: scatter.xml                      
       0.Info>>Reading parameters from XML file: scatter.xml                    
       0.Info>>Added frames from /home/amajumda/study/continuum_simulations/gitlab/continuum-to-scattering/data/100_100_100_50_50_50/single_atom_shrink/iteration_006/t008/pdb_dcd/sample.dcd using format: dcd
       0.Info>>Options: first=0, last=0, lastset=0, stride=1                    
       0.Info>>stager.target=system                                             
       0.Info>>scattering.type=all                                              
       0.Info>>scattering.dsp.type=square                                       
       0.Info>>scattering.average.orientation.type=vectors                      
       0.Info>>scattering.average.orientation.vectors.type=sphere               
       0.Info>>scattering.average.orientation.vectors.algorithm=boost_uniform_on_sphere
       0.Info>>scattering.average.orientation.vectors.resolution=100            
       0.Info>>Generating orientations for orientational averaging using sphere,boost_uniform_on_sphere
       0.Info>>Initialized orientational averaging with 100 vectors.            
       0.Info>>scattering.signal.file=signal.h5                                 
       0.Info>>scattering.signal.filepath=/home/amajumda/study/continuum_simulations/gitlab/continuum-to-scattering/data/100_100_100_50_50_50/single_atom_shrink/iteration_006/t008/signal.h5
       0.Info>>scattering.signal.fqt=1                                          
       0.Info>>scattering.signal.fq0=1                                          
       0.Info>>scattering.signal.fq=1                                           
       0.Info>>scattering.signal.fq2=1                                          
       0.Info>>Analyzing command line for parameter overwrites                  
       0.Info>>Reading database from file: /home/amajumda/study/continuum_simulations/gitlab/continuum-to-scattering/data/100_100_100_50_50_50/single_atom_shrink/iteration_006/t008/database/db-neutron-coherent.xml
       0.Info>>Checking database...                                             
       0.Info>>Testing mapping between PDB names and atom labels                
       0.Info>>Testing database completeness for referenced atom labels         
       0.Info>>Check succeeded. Database seems OK.                              
       0.Info>>Initializing sample...                                           
       0.Info>>Reading structure from file: /home/amajumda/study/continuum_simulations/gitlab/continuum-to-scattering/data/100_100_100_50_50_50/single_atom_shrink/iteration_006/t008/pdb_dcd/sample.pdb
       0.Info>>Done. Atoms read: 125000                                         
       0.Info>>Reading frames from: /home/amajumda/study/continuum_simulations/gitlab/continuum-to-scattering/data/100_100_100_50_50_50/single_atom_shrink/iteration_006/t008/pdb_dcd/sample.dcd
       0.Info>>Found 1 frames                                                   
       0.Info>>Total number of coordinate sets found: 1                         
       0.Info>>Exchanging sample, database & params information with compute nodes... 
       0.Info>>params...                                                        
       0.Info>>database...                                                      
       0.Info>>sample...                                                        
       0.Info>>.................................................................
       0.Info>>......................C.O.M.P.U.T.A.T.I.O.N......................
       0.Info>>.................................................................
       0.Info>>Setting up services...                                           
       0.Info>>Initializing data file service...                                
       0.Info>>Initializing monitor service...                                  
       0.Info>>Starting data file service...                                    
       0.Info>>Starting monitor service...                                      
       0.Info>>Services setup and running...                                    
       0.Info>>Checking /home/amajumda/study/continuum_simulations/gitlab/continuum-to-scattering/data/100_100_100_50_50_50/single_atom_shrink/iteration_006/t008/signal.h5 for old results.
       0.Info>>Broadcasting service information                                 
       0.Info>>Server host name    : hzglap02                                   
       0.Info>>FileService Port    : 36355                                      
       0.Info>>MonitorService Port : 40541                                      
       0.Info>>Setting up parallel environment...                               
       0.Info>>Searching for decomposition plan:                                
       0.Info>>nodes    = 8                                                     
       0.Info>>qvectors = 100                                                   
       0.Info>>frames   = 1                                                     
       0.Info>>atoms   = 125000                                                 
       0.Info>>All interference scattering detected. Applying frame decomposition.
       0.Info>>Automatic decomposition. Searching for best utilization.         
       0.Info>>Final decomposition parameters:                                  
       0.Info>>NN                : 8                                            
       0.Info>>NQ                : 100                                          
       0.Info>>NAF               : 1                                            
       0.Info>>NP                : 8                                            
       0.Info>>NNpP              : 1                                            
       0.Info>>NAFcycles         : 1                                            
       0.Info>>NQcycles          : 13                                           
       0.Info>>CompEl (WASTE/USE): 4/100                                        
       0.Info>>utilization(1=best)    : 0.96153846153846156                     
       0.Info>>Initializing Scatter Device, Vectors (all)                       
       0.Info>>Starting scattering...                                           
       0.Info>>Checking memory requirements for scattering calculation...       
       0.Info>>required limits.computation.memory.result_buffer=16              
       0.Info>>required limits.computation.memory.signal_buffer=16              
       0.Info>>required limits.computation.memory.exchange_buffer=0             
       0.Info>>required limits.computation.memory.alignpad_buffer=32            
       0.Info>>Memory limits ok                                                 
       0.Info>>Staging data...                                                  
       0.Info>>Forcing stager.mode=frames                                       
       0.Info>>Staging first partition.                                         
       0.Info>>Staging remaining partitions.                                    
       0.Info>>background scattering length set to 0                            
       0.Info>>Target initialized.                                              
       0.Info>>Target 'system' produces a background scattering length density of 7.2252100032053521e-05
       0.Info>>Starting computation...                                          
       0.Info>>Orientational averaging includes 100 vectors                     
       0.Info>>Setting progress sampling factor for monitoring to 1             
       0.Info>>Progress: 1.135%, ETOTAL: 71.917034862385336 s, ETA: 71.100476862385335 s
       0.Info>>Progress: 2.260%, ETOTAL: 36.426204608294931 s, ETA: 35.602820608294934 s
       0.Info>>Progress: 3.510%, ETOTAL: 23.726072403560831 s, ETA: 22.893188403560831 s
       0.Info>>Progress: 4.760%, ETOTAL: 17.613899343544858 s, ETA: 16.775404343544857 s
       0.Info>>Progress: 6.135%, ETOTAL: 13.847747368421052 s, ETA: 12.998130368421052 s
       0.Info>>Progress: 11.156%, ETOTAL: 9.2922352941176474 s, ETA: 8.2555702941176481 s
       0.Info>>Progress: 21.666%, ETOTAL: 13.04856718073893 s, ETA: 10.22148218073893 s
       0.Info>>Progress: 31.435%, ETOTAL: 9.0643018429303339 s, ETA: 6.2149298429303341 s
       0.Info>>Progress: 41.580%, ETOTAL: 11.585620843289908 s, ETA: 6.7683048432899087 s
       0.Info>>Progress: 51.705%, ETOTAL: 9.3835876022811817 s, ETA: 4.5317916022811815 s
       0.Info>>Progress: 61.330%, ETOTAL: 7.9549026600470345 s, ETA: 3.0761506600470341 s
       0.Info>>Progress: 71.330%, ETOTAL: 9.5816552864524827 s, ETA: 2.7470482864524826 s
       0.Info>>Progress: 81.080%, ETOTAL: 8.4464617306399976 s, ETA: 1.5980597306399975 s
       0.Info>>Scattering finished...                                           
       0.Info>>.................................................................
       0.Info>>.....................R.U.N...A.N.A.L.Y.S.I.S.....................
       0.Info>>.................................................................
       0.Info>>Aggregating timing information for performance analysis...       
       0.Info>>                                                                 
       0.Info>>                    Performance Analysis                         
       0.Info>>-----------------------------------------------------------------
       0.Info>> mean and total runtimes:                                        
       0.Info>>-----------------------------------------------------------------
       0.Info>>          measure |    total |       count |     mean |   stddev 
       0.Info>>-----------------------------------------------------------------
       0.Info>>   sd:c:b:dspstore| 3.734e-02|        10000| 3.734e-06| 1.927e-06
       0.Info>>    sd:c:b:scatter| 4.417e+01|        10000| 4.417e-03| 8.083e-04
       0.Info>>        sd:c:block| 4.435e+01|          100| 4.435e-01| 3.474e-02
       0.Info>>         sd:c:init| 1.478e+01|          100| 1.478e-01| 2.892e-02
       0.Info>>       sd:c:reduce| 1.130e-04|          100| 1.130e-06| 5.883e-07
       0.Info>>         sd:c:wait| 1.830e-04|          100| 1.830e-06| 1.728e-06
       0.Info>>        sd:compute| 5.913e+01|          100| 5.913e-01| 4.873e-02
       0.Info>>         sd:runner| 5.913e+01|            8| 7.391e+00| 0.000e+00
       0.Info>>          sd:stage| 1.962e-01|            8| 2.453e-02| 0.000e+00
       0.Info>> sd:worker:scatter| 4.374e+01|        10000| 4.374e-03| 7.767e-04
       0.Info>>    sd:worker:wait| 1.529e+01|        10000| 1.529e-03| 1.501e-02
       0.Info>>          sd:write| 1.025e-03|          100| 1.025e-05| 7.262e-06
       0.Info>>           st:fill| 1.367e-02|            8| 1.709e-03| 0.000e+00
       0.Info>>          st:first| 2.266e-02|            1| 2.266e-02| 0.000e+00
       0.Info>>           st:load| 2.234e-02|            1| 2.234e-02| 0.000e+00
       0.Info>>           st:wait| 1.590e-01|            8| 1.988e-02| 0.000e+00
       0.Info>>-----------------------------------------------------------------
       0.Info>>-----------------------------------------------------------------
       0.Info>> watermarks:                                                     
       0.Info>>-----------------------------------------------------------------
       0.Info>>          measure |      min |      max                          
       0.Info>>-----------------------------------------------------------------
       0.Info>>   sd:c:b:dspstore| 2.000e-06| 7.100e-05                         
       0.Info>>    sd:c:b:scatter| 1.608e-03| 1.545e-02                         
       0.Info>>        sd:c:block| 1.658e-01| 5.471e-01                         
       0.Info>>         sd:c:init| 1.131e-01| 2.531e-01                         
       0.Info>>       sd:c:reduce| 0.000e+00| 3.000e-06                         
       0.Info>>         sd:c:wait| 1.000e-06| 1.800e-05                         
       0.Info>>        sd:compute| 2.852e-01| 7.457e-01                         
       0.Info>>         sd:runner| 6.338e+00| 8.198e+00                         
       0.Info>>          sd:stage| 2.433e-02| 2.463e-02                         
       0.Info>> sd:worker:scatter| 1.583e-03| 9.697e-03                         
       0.Info>>    sd:worker:wait| 2.000e-06| 2.532e-01                         
       0.Info>>          sd:write| 5.000e-06| 5.000e-05                         
       0.Info>>           st:fill| 1.502e-03| 1.813e-03                         
       0.Info>>          st:first| 2.266e-02| 2.266e-02                         
       0.Info>>           st:load| 2.234e-02| 2.234e-02                         
       0.Info>>           st:wait| 1.000e-05| 2.272e-02                         
       0.Info>>-----------------------------------------------------------------
       0.Info>>                                                                 
       0.Info>>         Performance Analysis (relative to total time * nodes)   
       0.Info>>-----------------------------------------------------------------
       0.Info>> mean and total runtimes:                                        
       0.Info>>-----------------------------------------------------------------
       0.Info>>          measure |    total |       count |     mean |   stddev 
       0.Info>>-----------------------------------------------------------------
       0.Info>>   sd:c:b:dspstore| 5.420e-04|        10000| 5.420e-08| 2.322e-07
       0.Info>>    sd:c:b:scatter| 6.412e-01|        10000| 6.412e-05| 9.739e-05
       0.Info>>        sd:c:block| 6.438e-01|          100| 6.438e-03| 4.186e-03
       0.Info>>         sd:c:init| 2.145e-01|          100| 2.145e-03| 3.484e-03
       0.Info>>       sd:c:reduce| 1.640e-06|          100| 1.640e-08| 7.088e-08
       0.Info>>         sd:c:wait| 2.657e-06|          100| 2.657e-08| 2.082e-07
       0.Info>>        sd:compute| 8.584e-01|          100| 8.584e-03| 5.871e-03
       0.Info>>         sd:runner| 8.584e-01|            8| 1.073e-01| 0.000e+00
       0.Info>>          sd:stage| 2.848e-03|            8| 3.560e-04| 0.000e+00
       0.Info>> sd:worker:scatter| 6.350e-01|        10000| 6.350e-05| 9.359e-05
       0.Info>>    sd:worker:wait| 2.219e-01|        10000| 2.219e-05| 1.809e-03
       0.Info>>          sd:write| 1.488e-05|          100| 1.488e-07| 8.750e-07
       0.Info>>           st:fill| 1.985e-04|            8| 2.481e-05| 0.000e+00
       0.Info>>          st:first| 3.290e-04|            1| 3.290e-04| 0.000e+00
       0.Info>>           st:load| 3.244e-04|            1| 3.244e-04| 0.000e+00
       0.Info>>           st:wait| 2.309e-03|            8| 2.886e-04| 0.000e+00
       0.Info>>-----------------------------------------------------------------
       0.Info>>-----------------------------------------------------------------
       0.Info>> watermarks:                                                     
       0.Info>>-----------------------------------------------------------------
       0.Info>>          measure |      min |      max                          
       0.Info>>-----------------------------------------------------------------
       0.Info>>   sd:c:b:dspstore| 2.903e-08| 1.031e-06                         
       0.Info>>    sd:c:b:scatter| 2.334e-05| 2.242e-04                         
       0.Info>>        sd:c:block| 2.407e-03| 7.943e-03                         
       0.Info>>         sd:c:init| 1.642e-03| 3.675e-03                         
       0.Info>>       sd:c:reduce| 0.000e+00| 4.355e-08                         
       0.Info>>         sd:c:wait| 1.452e-08| 2.613e-07                         
       0.Info>>        sd:compute| 4.140e-03| 1.083e-02                         
       0.Info>>         sd:runner| 9.201e-02| 1.190e-01                         
       0.Info>>          sd:stage| 3.532e-04| 3.575e-04                         
       0.Info>> sd:worker:scatter| 2.298e-05| 1.408e-04                         
       0.Info>>    sd:worker:wait| 2.903e-08| 3.676e-03                         
       0.Info>>          sd:write| 7.259e-08| 7.259e-07                         
       0.Info>>           st:fill| 2.180e-05| 2.632e-05                         
       0.Info>>          st:first| 3.290e-04| 3.290e-04                         
       0.Info>>           st:load| 3.244e-04| 3.244e-04                         
       0.Info>>           st:wait| 1.452e-07| 3.299e-04                         
       0.Info>>-----------------------------------------------------------------
       0.Info>>Total runtime (s): 8.6105599999999995                            
       0.Info>>Successfully finished... Have a nice day!                        
