       0.Info>>This software is being developed by Benjamin Lindner.                    
       0.Info>>For help, suggestions or correspondense use:                             
       0.Info>>ben@benlabs.net, Benjamin Lindner (Main Developer, Impl. & Maintenance)  
       0.Info>>franc@cmm.ki.si, Franci Merzel (Methodology)                             
       0.Info>>For publications include the following references:                       
       0.Info>>.........................................................................
       0.Info>>1. Sassena - X-ray and Neutron Scattering Calculated                     
       0.Info>>  from Molecular Dynamics Trajectories using Massively Parallel Computers
       0.Info>>  published as a Computer Program in Physics Paper                       
       0.Info>>.........................................................................
       0.Info>>Version Information: 1.4.2                                       
       0.Info>>                                                                 
       0.Info>>.................................................................
       0.Info>>......................D.E.S.C.R.I.P.T.I.O.N......................
       0.Info>>.................................................................
       0.Info>>This binary computes the scattering intensities directly from    
       0.Info>>a molecular dynamics trajectory.                                 
       0.Info>>.................................................................
       0.Info>>.................................................................
       0.Info>>...................I.N.I.T.I.A.L.I.Z.A.T.I.O.N...................
       0.Info>>.................................................................
       0.Info>>No configuration file specified. Will use default                
       0.Info>>Looking for configuration file: scatter.xml                      
       0.Info>>Reading parameters from XML file: scatter.xml                    
       0.Info>>Added frames from /home/amajumda/study/continuum_simulations/gitlab/continuum-to-scattering/data/100_100_100_10_10_10/single_atom_shrink/iteration_006/t003/pdb_dcd/sample.dcd using format: dcd
       0.Info>>Options: first=0, last=0, lastset=0, stride=1                    
       0.Info>>stager.target=system                                             
       0.Info>>scattering.type=all                                              
       0.Info>>scattering.dsp.type=square                                       
       0.Info>>scattering.average.orientation.type=vectors                      
       0.Info>>scattering.average.orientation.vectors.type=sphere               
       0.Info>>scattering.average.orientation.vectors.algorithm=boost_uniform_on_sphere
       0.Info>>scattering.average.orientation.vectors.resolution=100            
       0.Info>>Generating orientations for orientational averaging using sphere,boost_uniform_on_sphere
       0.Info>>Initialized orientational averaging with 100 vectors.            
       0.Info>>scattering.signal.file=signal.h5                                 
       0.Info>>scattering.signal.filepath=/home/amajumda/study/continuum_simulations/gitlab/continuum-to-scattering/data/100_100_100_10_10_10/single_atom_shrink/iteration_006/t003/signal.h5
       0.Info>>scattering.signal.fqt=1                                          
       0.Info>>scattering.signal.fq0=1                                          
       0.Info>>scattering.signal.fq=1                                           
       0.Info>>scattering.signal.fq2=1                                          
       0.Info>>Analyzing command line for parameter overwrites                  
       0.Info>>Reading database from file: /home/amajumda/study/continuum_simulations/gitlab/continuum-to-scattering/data/100_100_100_10_10_10/single_atom_shrink/iteration_006/t003/database/db-neutron-coherent.xml
       0.Info>>Checking database...                                             
       0.Info>>Testing mapping between PDB names and atom labels                
       0.Info>>Testing database completeness for referenced atom labels         
       0.Info>>Check succeeded. Database seems OK.                              
       0.Info>>Initializing sample...                                           
       0.Info>>Reading structure from file: /home/amajumda/study/continuum_simulations/gitlab/continuum-to-scattering/data/100_100_100_10_10_10/single_atom_shrink/iteration_006/t003/pdb_dcd/sample.pdb
       0.Info>>Done. Atoms read: 1000                                           
       0.Info>>Reading frames from: /home/amajumda/study/continuum_simulations/gitlab/continuum-to-scattering/data/100_100_100_10_10_10/single_atom_shrink/iteration_006/t003/pdb_dcd/sample.dcd
       0.Info>>Found 1 frames                                                   
       0.Info>>Total number of coordinate sets found: 1                         
       0.Info>>Exchanging sample, database & params information with compute nodes... 
       0.Info>>params...                                                        
       0.Info>>database...                                                      
       0.Info>>sample...                                                        
       0.Info>>.................................................................
       0.Info>>......................C.O.M.P.U.T.A.T.I.O.N......................
       0.Info>>.................................................................
       0.Info>>Setting up services...                                           
       0.Info>>Initializing data file service...                                
       0.Info>>Initializing monitor service...                                  
       0.Info>>Starting data file service...                                    
       0.Info>>Starting monitor service...                                      
       0.Info>>Services setup and running...                                    
       0.Info>>Checking /home/amajumda/study/continuum_simulations/gitlab/continuum-to-scattering/data/100_100_100_10_10_10/single_atom_shrink/iteration_006/t003/signal.h5 for old results.
       0.Info>>Broadcasting service information                                 
       0.Info>>Server host name    : hzglap02                                   
       0.Info>>FileService Port    : 33521                                      
       0.Info>>MonitorService Port : 35771                                      
       0.Info>>Setting up parallel environment...                               
       0.Info>>Searching for decomposition plan:                                
       0.Info>>nodes    = 8                                                     
       0.Info>>qvectors = 100                                                   
       0.Info>>frames   = 1                                                     
       0.Info>>atoms   = 1000                                                   
       0.Info>>All interference scattering detected. Applying frame decomposition.
       0.Info>>Automatic decomposition. Searching for best utilization.         
       0.Info>>Final decomposition parameters:                                  
       0.Info>>NN                : 8                                            
       0.Info>>NQ                : 100                                          
       0.Info>>NAF               : 1                                            
       0.Info>>NP                : 8                                            
       0.Info>>NNpP              : 1                                            
       0.Info>>NAFcycles         : 1                                            
       0.Info>>NQcycles          : 13                                           
       0.Info>>CompEl (WASTE/USE): 4/100                                        
       0.Info>>utilization(1=best)    : 0.96153846153846156                     
       0.Info>>Initializing Scatter Device, Vectors (all)                       
       0.Info>>Starting scattering...                                           
       0.Info>>Checking memory requirements for scattering calculation...       
       0.Info>>required limits.computation.memory.result_buffer=16              
       0.Info>>required limits.computation.memory.signal_buffer=16              
       0.Info>>required limits.computation.memory.exchange_buffer=0             
       0.Info>>required limits.computation.memory.alignpad_buffer=32            
       0.Info>>Memory limits ok                                                 
       0.Info>>Staging data...                                                  
       0.Info>>Forcing stager.mode=frames                                       
       0.Info>>Staging first partition.                                         
       0.Info>>Staging remaining partitions.                                    
       0.Info>>background scattering length set to 0                            
       0.Info>>Target initialized.                                              
       0.Info>>Target 'system' produces a background scattering length density of 0.14939343991559464
       0.Info>>Starting computation...                                          
       0.Info>>Orientational averaging includes 100 vectors                     
       0.Info>>Setting progress sampling factor for monitoring to 1             
       0.Info>>Scattering finished...                                           
       0.Info>>.................................................................
       0.Info>>.....................R.U.N...A.N.A.L.Y.S.I.S.....................
       0.Info>>.................................................................
       0.Info>>Aggregating timing information for performance analysis...       
       0.Info>>                                                                 
       0.Info>>                    Performance Analysis                         
       0.Info>>-----------------------------------------------------------------
       0.Info>> mean and total runtimes:                                        
       0.Info>>-----------------------------------------------------------------
       0.Info>>          measure |    total |       count |     mean |   stddev 
       0.Info>>-----------------------------------------------------------------
       0.Info>>   sd:c:b:dspstore| 2.778e-02|        10000| 2.778e-06| 1.520e-06
       0.Info>>    sd:c:b:scatter| 6.559e-01|        10000| 6.559e-05| 2.569e-05
       0.Info>>        sd:c:block| 7.919e-01|          100| 7.919e-03| 6.598e-04
       0.Info>>         sd:c:init| 1.465e-01|          100| 1.465e-03| 3.295e-04
       0.Info>>       sd:c:reduce| 1.050e-04|          100| 1.050e-06| 6.010e-07
       0.Info>>         sd:c:wait| 1.530e-04|          100| 1.530e-06| 8.760e-07
       0.Info>>        sd:compute| 9.406e-01|          100| 9.406e-03| 8.147e-04
       0.Info>>         sd:runner| 9.434e-01|            8| 1.179e-01| 0.000e+00
       0.Info>>          sd:stage| 3.369e-03|            8| 4.211e-04| 0.000e+00
       0.Info>> sd:worker:scatter| 4.566e-01|        10000| 4.566e-05| 7.671e-06
       0.Info>>    sd:worker:wait| 4.057e-01|        10000| 4.057e-05| 1.555e-04
       0.Info>>          sd:write| 8.180e-04|          100| 8.180e-06| 6.188e-06
       0.Info>>           st:fill| 6.900e-04|            8| 8.625e-05| 0.000e+00
       0.Info>>          st:first| 2.360e-04|            1| 2.360e-04| 0.000e+00
       0.Info>>           st:load| 2.110e-04|            1| 2.110e-04| 0.000e+00
       0.Info>>           st:wait| 1.879e-03|            8| 2.349e-04| 0.000e+00
       0.Info>>-----------------------------------------------------------------
       0.Info>>-----------------------------------------------------------------
       0.Info>> watermarks:                                                     
       0.Info>>-----------------------------------------------------------------
       0.Info>>          measure |      min |      max                          
       0.Info>>-----------------------------------------------------------------
       0.Info>>   sd:c:b:dspstore| 1.000e-06| 6.400e-05                         
       0.Info>>    sd:c:b:scatter| 2.200e-05| 1.340e-03                         
       0.Info>>        sd:c:block| 4.799e-03| 9.680e-03                         
       0.Info>>         sd:c:init| 9.170e-04| 2.350e-03                         
       0.Info>>       sd:c:reduce| 0.000e+00| 4.000e-06                         
       0.Info>>         sd:c:wait| 0.000e+00| 8.000e-06                         
       0.Info>>        sd:compute| 5.773e-03| 1.132e-02                         
       0.Info>>         sd:runner| 1.054e-01| 1.258e-01                         
       0.Info>>          sd:stage| 4.160e-04| 4.250e-04                         
       0.Info>> sd:worker:scatter| 1.200e-05| 1.530e-04                         
       0.Info>>    sd:worker:wait| 1.200e-05| 2.416e-03                         
       0.Info>>          sd:write| 4.000e-06| 4.400e-05                         
       0.Info>>           st:fill| 7.900e-05| 9.100e-05                         
       0.Info>>          st:first| 2.360e-04| 2.360e-04                         
       0.Info>>           st:load| 2.110e-04| 2.110e-04                         
       0.Info>>           st:wait| 4.000e-06| 2.700e-04                         
       0.Info>>-----------------------------------------------------------------
       0.Info>>                                                                 
       0.Info>>         Performance Analysis (relative to total time * nodes)   
       0.Info>>-----------------------------------------------------------------
       0.Info>> mean and total runtimes:                                        
       0.Info>>-----------------------------------------------------------------
       0.Info>>          measure |    total |       count |     mean |   stddev 
       0.Info>>-----------------------------------------------------------------
       0.Info>>   sd:c:b:dspstore| 2.061e-02|        10000| 2.061e-06| 1.310e-06
       0.Info>>    sd:c:b:scatter| 4.867e-01|        10000| 4.867e-05| 2.213e-05
       0.Info>>        sd:c:block| 5.876e-01|          100| 5.876e-03| 5.684e-04
       0.Info>>         sd:c:init| 1.087e-01|          100| 1.087e-03| 2.839e-04
       0.Info>>       sd:c:reduce| 7.791e-05|          100| 7.791e-07| 5.177e-07
       0.Info>>         sd:c:wait| 1.135e-04|          100| 1.135e-06| 7.546e-07
       0.Info>>        sd:compute| 6.979e-01|          100| 6.979e-03| 7.018e-04
       0.Info>>         sd:runner| 7.001e-01|            8| 8.751e-02| 0.000e+00
       0.Info>>          sd:stage| 2.500e-03|            8| 3.125e-04| 0.000e+00
       0.Info>> sd:worker:scatter| 3.388e-01|        10000| 3.388e-05| 6.608e-06
       0.Info>>    sd:worker:wait| 3.010e-01|        10000| 3.010e-05| 1.339e-04
       0.Info>>          sd:write| 6.070e-04|          100| 6.070e-06| 5.330e-06
       0.Info>>           st:fill| 5.120e-04|            8| 6.400e-05| 0.000e+00
       0.Info>>          st:first| 1.751e-04|            1| 1.751e-04| 0.000e+00
       0.Info>>           st:load| 1.566e-04|            1| 1.566e-04| 0.000e+00
       0.Info>>           st:wait| 1.394e-03|            8| 1.743e-04| 0.000e+00
       0.Info>>-----------------------------------------------------------------
       0.Info>>-----------------------------------------------------------------
       0.Info>> watermarks:                                                     
       0.Info>>-----------------------------------------------------------------
       0.Info>>          measure |      min |      max                          
       0.Info>>-----------------------------------------------------------------
       0.Info>>   sd:c:b:dspstore| 7.420e-07| 4.749e-05                         
       0.Info>>    sd:c:b:scatter| 1.632e-05| 9.943e-04                         
       0.Info>>        sd:c:block| 3.561e-03| 7.183e-03                         
       0.Info>>         sd:c:init| 6.804e-04| 1.744e-03                         
       0.Info>>       sd:c:reduce| 0.000e+00| 2.968e-06                         
       0.Info>>         sd:c:wait| 0.000e+00| 5.936e-06                         
       0.Info>>        sd:compute| 4.284e-03| 8.402e-03                         
       0.Info>>         sd:runner| 7.822e-02| 9.337e-02                         
       0.Info>>          sd:stage| 3.087e-04| 3.154e-04                         
       0.Info>> sd:worker:scatter| 8.904e-06| 1.135e-04                         
       0.Info>>    sd:worker:wait| 8.904e-06| 1.793e-03                         
       0.Info>>          sd:write| 2.968e-06| 3.265e-05                         
       0.Info>>           st:fill| 5.862e-05| 6.752e-05                         
       0.Info>>          st:first| 1.751e-04| 1.751e-04                         
       0.Info>>           st:load| 1.566e-04| 1.566e-04                         
       0.Info>>           st:wait| 2.968e-06| 2.003e-04                         
       0.Info>>-----------------------------------------------------------------
       0.Info>>Total runtime (s): 0.168459                                      
       0.Info>>Successfully finished... Have a nice day!                        
