       0.Info>>This software is being developed by Benjamin Lindner.                    
       0.Info>>For help, suggestions or correspondense use:                             
       0.Info>>ben@benlabs.net, Benjamin Lindner (Main Developer, Impl. & Maintenance)  
       0.Info>>franc@cmm.ki.si, Franci Merzel (Methodology)                             
       0.Info>>For publications include the following references:                       
       0.Info>>.........................................................................
       0.Info>>1. Sassena - X-ray and Neutron Scattering Calculated                     
       0.Info>>  from Molecular Dynamics Trajectories using Massively Parallel Computers
       0.Info>>  published as a Computer Program in Physics Paper                       
       0.Info>>.........................................................................
       0.Info>>Version Information: 1.4.2                                       
       0.Info>>                                                                 
       0.Info>>.................................................................
       0.Info>>......................D.E.S.C.R.I.P.T.I.O.N......................
       0.Info>>.................................................................
       0.Info>>This binary computes the scattering intensities directly from    
       0.Info>>a molecular dynamics trajectory.                                 
       0.Info>>.................................................................
       0.Info>>.................................................................
       0.Info>>...................I.N.I.T.I.A.L.I.Z.A.T.I.O.N...................
       0.Info>>.................................................................
       0.Info>>No configuration file specified. Will use default                
       0.Info>>Looking for configuration file: scatter.xml                      
       0.Info>>Reading parameters from XML file: scatter.xml                    
       0.Info>>Added frames from /home/amajumda/study/continuum_simulations/gitlab/continuum-to-scattering/data/100_100_100_50_50_50/single_atom_shrink/iteration_009/t004/pdb_dcd/sample.dcd using format: dcd
       0.Info>>Options: first=0, last=0, lastset=0, stride=1                    
       0.Info>>stager.target=system                                             
       0.Info>>scattering.type=all                                              
       0.Info>>scattering.dsp.type=square                                       
       0.Info>>scattering.average.orientation.type=vectors                      
       0.Info>>scattering.average.orientation.vectors.type=sphere               
       0.Info>>scattering.average.orientation.vectors.algorithm=boost_uniform_on_sphere
       0.Info>>scattering.average.orientation.vectors.resolution=100            
       0.Info>>Generating orientations for orientational averaging using sphere,boost_uniform_on_sphere
       0.Info>>Initialized orientational averaging with 100 vectors.            
       0.Info>>scattering.signal.file=signal.h5                                 
       0.Info>>scattering.signal.filepath=/home/amajumda/study/continuum_simulations/gitlab/continuum-to-scattering/data/100_100_100_50_50_50/single_atom_shrink/iteration_009/t004/signal.h5
       0.Info>>scattering.signal.fqt=1                                          
       0.Info>>scattering.signal.fq0=1                                          
       0.Info>>scattering.signal.fq=1                                           
       0.Info>>scattering.signal.fq2=1                                          
       0.Info>>Analyzing command line for parameter overwrites                  
       0.Info>>Reading database from file: /home/amajumda/study/continuum_simulations/gitlab/continuum-to-scattering/data/100_100_100_50_50_50/single_atom_shrink/iteration_009/t004/database/db-neutron-coherent.xml
       0.Info>>Checking database...                                             
       0.Info>>Testing mapping between PDB names and atom labels                
       0.Info>>Testing database completeness for referenced atom labels         
       0.Info>>Check succeeded. Database seems OK.                              
       0.Info>>Initializing sample...                                           
       0.Info>>Reading structure from file: /home/amajumda/study/continuum_simulations/gitlab/continuum-to-scattering/data/100_100_100_50_50_50/single_atom_shrink/iteration_009/t004/pdb_dcd/sample.pdb
       0.Info>>Done. Atoms read: 125000                                         
       0.Info>>Reading frames from: /home/amajumda/study/continuum_simulations/gitlab/continuum-to-scattering/data/100_100_100_50_50_50/single_atom_shrink/iteration_009/t004/pdb_dcd/sample.dcd
       0.Info>>Found 1 frames                                                   
       0.Info>>Total number of coordinate sets found: 1                         
       0.Info>>Exchanging sample, database & params information with compute nodes... 
       0.Info>>params...                                                        
       0.Info>>database...                                                      
       0.Info>>sample...                                                        
       0.Info>>.................................................................
       0.Info>>......................C.O.M.P.U.T.A.T.I.O.N......................
       0.Info>>.................................................................
       0.Info>>Setting up services...                                           
       0.Info>>Initializing data file service...                                
       0.Info>>Initializing monitor service...                                  
       0.Info>>Starting data file service...                                    
       0.Info>>Starting monitor service...                                      
       0.Info>>Services setup and running...                                    
       0.Info>>Checking /home/amajumda/study/continuum_simulations/gitlab/continuum-to-scattering/data/100_100_100_50_50_50/single_atom_shrink/iteration_009/t004/signal.h5 for old results.
       0.Info>>Broadcasting service information                                 
       0.Info>>Server host name    : hzglap02                                   
       0.Info>>FileService Port    : 46787                                      
       0.Info>>MonitorService Port : 33823                                      
       0.Info>>Setting up parallel environment...                               
       0.Info>>Searching for decomposition plan:                                
       0.Info>>nodes    = 8                                                     
       0.Info>>qvectors = 100                                                   
       0.Info>>frames   = 1                                                     
       0.Info>>atoms   = 125000                                                 
       0.Info>>All interference scattering detected. Applying frame decomposition.
       0.Info>>Automatic decomposition. Searching for best utilization.         
       0.Info>>Final decomposition parameters:                                  
       0.Info>>NN                : 8                                            
       0.Info>>NQ                : 100                                          
       0.Info>>NAF               : 1                                            
       0.Info>>NP                : 8                                            
       0.Info>>NNpP              : 1                                            
       0.Info>>NAFcycles         : 1                                            
       0.Info>>NQcycles          : 13                                           
       0.Info>>CompEl (WASTE/USE): 4/100                                        
       0.Info>>utilization(1=best)    : 0.96153846153846156                     
       0.Info>>Initializing Scatter Device, Vectors (all)                       
       0.Info>>Starting scattering...                                           
       0.Info>>Checking memory requirements for scattering calculation...       
       0.Info>>required limits.computation.memory.result_buffer=16              
       0.Info>>required limits.computation.memory.signal_buffer=16              
       0.Info>>required limits.computation.memory.exchange_buffer=0             
       0.Info>>required limits.computation.memory.alignpad_buffer=32            
       0.Info>>Memory limits ok                                                 
       0.Info>>Staging data...                                                  
       0.Info>>Forcing stager.mode=frames                                       
       0.Info>>Staging first partition.                                         
       0.Info>>Staging remaining partitions.                                    
       0.Info>>background scattering length set to 0                            
       0.Info>>Target initialized.                                              
       0.Info>>Target 'system' produces a background scattering length density of 0.0006686307121763354
       0.Info>>Starting computation...                                          
       0.Info>>Orientational averaging includes 100 vectors                     
       0.Info>>Setting progress sampling factor for monitoring to 1             
       0.Info>>Progress: 1.250%, ETOTAL: 62.996800000000007 s, ETA: 62.209340000000005 s
       0.Info>>Progress: 2.500%, ETOTAL: 31.823960000000003 s, ETA: 31.028361000000004 s
       0.Info>>Progress: 3.760%, ETOTAL: 21.20991024930748 s, ETA: 20.412329249307479 s
       0.Info>>Progress: 5.010%, ETOTAL: 15.930152182952185 s, ETA: 15.131985182952185 s
       0.Info>>Progress: 11.167%, ETOTAL: 8.2818268656716452 s, ETA: 7.3570228656716452 s
       0.Info>>Progress: 21.542%, ETOTAL: 13.068812379110252 s, ETA: 10.253572379110253 s
       0.Info>>Progress: 31.936%, ETOTAL: 9.1017420313127264 s, ETA: 6.195019031312726 s
       0.Info>>Progress: 42.205%, ETOTAL: 11.338098481166462 s, ETA: 6.5528394811664619 s
       0.Info>>Progress: 52.080%, ETOTAL: 9.2177096436703803 s, ETA: 4.4171146436703799 s
       0.Info>>Progress: 62.080%, ETOTAL: 7.7776756260003115 s, ETA: 2.9492846260003107 s
       0.Info>>Progress: 71.705%, ETOTAL: 9.4756235294117666 s, ETA: 2.6811155294117652 s
       0.Info>>Progress: 80.955%, ETOTAL: 8.4405696729749025 s, ETA: 1.6074956729749008 s
       0.Info>>Scattering finished...                                           
       0.Info>>.................................................................
       0.Info>>.....................R.U.N...A.N.A.L.Y.S.I.S.....................
       0.Info>>.................................................................
       0.Info>>Aggregating timing information for performance analysis...       
       0.Info>>                                                                 
       0.Info>>                    Performance Analysis                         
       0.Info>>-----------------------------------------------------------------
       0.Info>> mean and total runtimes:                                        
       0.Info>>-----------------------------------------------------------------
       0.Info>>          measure |    total |       count |     mean |   stddev 
       0.Info>>-----------------------------------------------------------------
       0.Info>>   sd:c:b:dspstore| 3.642e-02|        10000| 3.642e-06| 2.045e-06
       0.Info>>    sd:c:b:scatter| 4.466e+01|        10000| 4.466e-03| 8.129e-04
       0.Info>>        sd:c:block| 4.484e+01|          100| 4.484e-01| 4.439e-02
       0.Info>>         sd:c:init| 1.465e+01|          100| 1.465e-01| 3.097e-02
       0.Info>>       sd:c:reduce| 1.050e-04|          100| 1.050e-06| 5.373e-07
       0.Info>>         sd:c:wait| 1.660e-04|          100| 1.660e-06| 5.819e-07
       0.Info>>        sd:compute| 5.949e+01|          100| 5.949e-01| 6.510e-02
       0.Info>>         sd:runner| 5.949e+01|            8| 7.437e+00| 0.000e+00
       0.Info>>          sd:stage| 1.955e-01|            8| 2.444e-02| 0.000e+00
       0.Info>> sd:worker:scatter| 4.429e+01|        10000| 4.429e-03| 8.021e-04
       0.Info>>    sd:worker:wait| 1.510e+01|        10000| 1.510e-03| 1.492e-02
       0.Info>>          sd:write| 1.004e-03|          100| 1.004e-05| 7.194e-06
       0.Info>>           st:fill| 1.184e-02|            8| 1.480e-03| 0.000e+00
       0.Info>>          st:first| 2.283e-02|            1| 2.283e-02| 0.000e+00
       0.Info>>           st:load| 2.251e-02|            1| 2.251e-02| 0.000e+00
       0.Info>>           st:wait| 1.601e-01|            8| 2.001e-02| 0.000e+00
       0.Info>>-----------------------------------------------------------------
       0.Info>>-----------------------------------------------------------------
       0.Info>> watermarks:                                                     
       0.Info>>-----------------------------------------------------------------
       0.Info>>          measure |      min |      max                          
       0.Info>>-----------------------------------------------------------------
       0.Info>>   sd:c:b:dspstore| 2.000e-06| 7.300e-05                         
       0.Info>>    sd:c:b:scatter| 1.572e-03| 1.114e-02                         
       0.Info>>        sd:c:block| 1.610e-01| 5.756e-01                         
       0.Info>>         sd:c:init| 1.161e-01| 2.366e-01                         
       0.Info>>       sd:c:reduce| 0.000e+00| 2.000e-06                         
       0.Info>>         sd:c:wait| 1.000e-06| 4.000e-06                         
       0.Info>>        sd:compute| 2.798e-01| 7.637e-01                         
       0.Info>>         sd:runner| 6.505e+00| 7.857e+00                         
       0.Info>>          sd:stage| 2.428e-02| 2.450e-02                         
       0.Info>> sd:worker:scatter| 1.550e-03| 9.615e-03                         
       0.Info>>    sd:worker:wait| 1.000e-06| 2.367e-01                         
       0.Info>>          sd:write| 5.000e-06| 4.800e-05                         
       0.Info>>           st:fill| 1.322e-03| 1.545e-03                         
       0.Info>>          st:first| 2.283e-02| 2.283e-02                         
       0.Info>>           st:load| 2.251e-02| 2.251e-02                         
       0.Info>>           st:wait| 1.000e-05| 2.287e-02                         
       0.Info>>-----------------------------------------------------------------
       0.Info>>                                                                 
       0.Info>>         Performance Analysis (relative to total time * nodes)   
       0.Info>>-----------------------------------------------------------------
       0.Info>> mean and total runtimes:                                        
       0.Info>>-----------------------------------------------------------------
       0.Info>>          measure |    total |       count |     mean |   stddev 
       0.Info>>-----------------------------------------------------------------
       0.Info>>   sd:c:b:dspstore| 5.473e-04|        10000| 5.473e-08| 2.507e-07
       0.Info>>    sd:c:b:scatter| 6.711e-01|        10000| 6.711e-05| 9.966e-05
       0.Info>>        sd:c:block| 6.738e-01|          100| 6.738e-03| 5.442e-03
       0.Info>>         sd:c:init| 2.201e-01|          100| 2.201e-03| 3.796e-03
       0.Info>>       sd:c:reduce| 1.578e-06|          100| 1.578e-08| 6.586e-08
       0.Info>>         sd:c:wait| 2.495e-06|          100| 2.495e-08| 7.134e-08
       0.Info>>        sd:compute| 8.940e-01|          100| 8.940e-03| 7.980e-03
       0.Info>>         sd:runner| 8.941e-01|            8| 1.118e-01| 0.000e+00
       0.Info>>          sd:stage| 2.938e-03|            8| 3.672e-04| 0.000e+00
       0.Info>> sd:worker:scatter| 6.657e-01|        10000| 6.657e-05| 9.833e-05
       0.Info>>    sd:worker:wait| 2.269e-01|        10000| 2.269e-05| 1.830e-03
       0.Info>>          sd:write| 1.509e-05|          100| 1.509e-07| 8.820e-07
       0.Info>>           st:fill| 1.780e-04|            8| 2.225e-05| 0.000e+00
       0.Info>>          st:first| 3.431e-04|            1| 3.431e-04| 0.000e+00
       0.Info>>           st:load| 3.382e-04|            1| 3.382e-04| 0.000e+00
       0.Info>>           st:wait| 2.405e-03|            8| 3.007e-04| 0.000e+00
       0.Info>>-----------------------------------------------------------------
       0.Info>>-----------------------------------------------------------------
       0.Info>> watermarks:                                                     
       0.Info>>-----------------------------------------------------------------
       0.Info>>          measure |      min |      max                          
       0.Info>>-----------------------------------------------------------------
       0.Info>>   sd:c:b:dspstore| 3.006e-08| 1.097e-06                         
       0.Info>>    sd:c:b:scatter| 2.362e-05| 1.673e-04                         
       0.Info>>        sd:c:block| 2.419e-03| 8.649e-03                         
       0.Info>>         sd:c:init| 1.745e-03| 3.556e-03                         
       0.Info>>       sd:c:reduce| 0.000e+00| 3.006e-08                         
       0.Info>>         sd:c:wait| 1.503e-08| 6.011e-08                         
       0.Info>>        sd:compute| 4.206e-03| 1.148e-02                         
       0.Info>>         sd:runner| 9.775e-02| 1.181e-01                         
       0.Info>>          sd:stage| 3.649e-04| 3.681e-04                         
       0.Info>> sd:worker:scatter| 2.329e-05| 1.445e-04                         
       0.Info>>    sd:worker:wait| 1.503e-08| 3.558e-03                         
       0.Info>>          sd:write| 7.514e-08| 7.213e-07                         
       0.Info>>           st:fill| 1.987e-05| 2.322e-05                         
       0.Info>>          st:first| 3.431e-04| 3.431e-04                         
       0.Info>>           st:load| 3.382e-04| 3.382e-04                         
       0.Info>>           st:wait| 1.503e-07| 3.437e-04                         
       0.Info>>-----------------------------------------------------------------
       0.Info>>Total runtime (s): 8.3177590000000006                            
       0.Info>>Successfully finished... Have a nice day!                        
