       0.Info>>This software is being developed by Benjamin Lindner.                    
       0.Info>>For help, suggestions or correspondense use:                             
       0.Info>>ben@benlabs.net, Benjamin Lindner (Main Developer, Impl. & Maintenance)  
       0.Info>>franc@cmm.ki.si, Franci Merzel (Methodology)                             
       0.Info>>For publications include the following references:                       
       0.Info>>.........................................................................
       0.Info>>1. Sassena - X-ray and Neutron Scattering Calculated                     
       0.Info>>  from Molecular Dynamics Trajectories using Massively Parallel Computers
       0.Info>>  published as a Computer Program in Physics Paper                       
       0.Info>>.........................................................................
       0.Info>>Version Information: 1.4.2                                       
       0.Info>>                                                                 
       0.Info>>.................................................................
       0.Info>>......................D.E.S.C.R.I.P.T.I.O.N......................
       0.Info>>.................................................................
       0.Info>>This binary computes the scattering intensities directly from    
       0.Info>>a molecular dynamics trajectory.                                 
       0.Info>>.................................................................
       0.Info>>.................................................................
       0.Info>>...................I.N.I.T.I.A.L.I.Z.A.T.I.O.N...................
       0.Info>>.................................................................
       0.Info>>No configuration file specified. Will use default                
       0.Info>>Looking for configuration file: scatter.xml                      
       0.Info>>Reading parameters from XML file: scatter.xml                    
       0.Info>>Added frames from /home/amajumda/study/continuum_simulations/gitlab/continuum-to-scattering/data/100_100_100_50_50_50/single_atom_shrink/iteration_005/t010/pdb_dcd/sample.dcd using format: dcd
       0.Info>>Options: first=0, last=0, lastset=0, stride=1                    
       0.Info>>stager.target=system                                             
       0.Info>>scattering.type=all                                              
       0.Info>>scattering.dsp.type=square                                       
       0.Info>>scattering.average.orientation.type=vectors                      
       0.Info>>scattering.average.orientation.vectors.type=sphere               
       0.Info>>scattering.average.orientation.vectors.algorithm=boost_uniform_on_sphere
       0.Info>>scattering.average.orientation.vectors.resolution=100            
       0.Info>>Generating orientations for orientational averaging using sphere,boost_uniform_on_sphere
       0.Info>>Initialized orientational averaging with 100 vectors.            
       0.Info>>scattering.signal.file=signal.h5                                 
       0.Info>>scattering.signal.filepath=/home/amajumda/study/continuum_simulations/gitlab/continuum-to-scattering/data/100_100_100_50_50_50/single_atom_shrink/iteration_005/t010/signal.h5
       0.Info>>scattering.signal.fqt=1                                          
       0.Info>>scattering.signal.fq0=1                                          
       0.Info>>scattering.signal.fq=1                                           
       0.Info>>scattering.signal.fq2=1                                          
       0.Info>>Analyzing command line for parameter overwrites                  
       0.Info>>Reading database from file: /home/amajumda/study/continuum_simulations/gitlab/continuum-to-scattering/data/100_100_100_50_50_50/single_atom_shrink/iteration_005/t010/database/db-neutron-coherent.xml
       0.Info>>Checking database...                                             
       0.Info>>Testing mapping between PDB names and atom labels                
       0.Info>>Testing database completeness for referenced atom labels         
       0.Info>>Check succeeded. Database seems OK.                              
       0.Info>>Initializing sample...                                           
       0.Info>>Reading structure from file: /home/amajumda/study/continuum_simulations/gitlab/continuum-to-scattering/data/100_100_100_50_50_50/single_atom_shrink/iteration_005/t010/pdb_dcd/sample.pdb
       0.Info>>Done. Atoms read: 125000                                         
       0.Info>>Reading frames from: /home/amajumda/study/continuum_simulations/gitlab/continuum-to-scattering/data/100_100_100_50_50_50/single_atom_shrink/iteration_005/t010/pdb_dcd/sample.dcd
       0.Info>>Found 1 frames                                                   
       0.Info>>Total number of coordinate sets found: 1                         
       0.Info>>Exchanging sample, database & params information with compute nodes... 
       0.Info>>params...                                                        
       0.Info>>database...                                                      
       0.Info>>sample...                                                        
       0.Info>>.................................................................
       0.Info>>......................C.O.M.P.U.T.A.T.I.O.N......................
       0.Info>>.................................................................
       0.Info>>Setting up services...                                           
       0.Info>>Initializing data file service...                                
       0.Info>>Initializing monitor service...                                  
       0.Info>>Starting data file service...                                    
       0.Info>>Starting monitor service...                                      
       0.Info>>Services setup and running...                                    
       0.Info>>Checking /home/amajumda/study/continuum_simulations/gitlab/continuum-to-scattering/data/100_100_100_50_50_50/single_atom_shrink/iteration_005/t010/signal.h5 for old results.
       0.Info>>Broadcasting service information                                 
       0.Info>>Server host name    : hzglap02                                   
       0.Info>>FileService Port    : 38253                                      
       0.Info>>MonitorService Port : 38467                                      
       0.Info>>Setting up parallel environment...                               
       0.Info>>Searching for decomposition plan:                                
       0.Info>>nodes    = 8                                                     
       0.Info>>qvectors = 100                                                   
       0.Info>>frames   = 1                                                     
       0.Info>>atoms   = 125000                                                 
       0.Info>>All interference scattering detected. Applying frame decomposition.
       0.Info>>Automatic decomposition. Searching for best utilization.         
       0.Info>>Final decomposition parameters:                                  
       0.Info>>NN                : 8                                            
       0.Info>>NQ                : 100                                          
       0.Info>>NAF               : 1                                            
       0.Info>>NP                : 8                                            
       0.Info>>NNpP              : 1                                            
       0.Info>>NAFcycles         : 1                                            
       0.Info>>NQcycles          : 13                                           
       0.Info>>CompEl (WASTE/USE): 4/100                                        
       0.Info>>utilization(1=best)    : 0.96153846153846156                     
       0.Info>>Initializing Scatter Device, Vectors (all)                       
       0.Info>>Starting scattering...                                           
       0.Info>>Checking memory requirements for scattering calculation...       
       0.Info>>required limits.computation.memory.result_buffer=16              
       0.Info>>required limits.computation.memory.signal_buffer=16              
       0.Info>>required limits.computation.memory.exchange_buffer=0             
       0.Info>>required limits.computation.memory.alignpad_buffer=32            
       0.Info>>Memory limits ok                                                 
       0.Info>>Staging data...                                                  
       0.Info>>Forcing stager.mode=frames                                       
       0.Info>>Staging first partition.                                         
       0.Info>>Staging remaining partitions.                                    
       0.Info>>background scattering length set to 0                            
       0.Info>>Target initialized.                                              
       0.Info>>Target 'system' produces a background scattering length density of 3.1725734149413027e-05
       0.Info>>Starting computation...                                          
       0.Info>>Orientational averaging includes 100 vectors                     
       0.Info>>Setting progress sampling factor for monitoring to 1             
       0.Info>>Progress: 4.260%, ETOTAL: 41.303753545232283 s, ETA: 39.544041545232282 s
       0.Info>>Progress: 6.895%, ETOTAL: 25.587799837303894 s, ETA: 23.823512837303895 s
       0.Info>>Progress: 10.155%, ETOTAL: 17.377252832570619 s, ETA: 15.61251483257062 s
       0.Info>>Progress: 21.820%, ETOTAL: 8.369409452462266 s, ETA: 6.5432284524622659 s
       0.Info>>Progress: 32.330%, ETOTAL: 11.708252364429462 s, ETA: 7.9229593644294631 s
       0.Info>>Progress: 41.705%, ETOTAL: 9.3014628343067933 s, ETA: 5.4222758343067934 s
       0.Info>>Progress: 52.455%, ETOTAL: 7.5223569839911999 s, ETA: 3.5764949839912004 s
       0.Info>>Progress: 61.705%, ETOTAL: 9.3522988572615819 s, ETA: 3.5814508572615829 s
       0.Info>>Progress: 71.455%, ETOTAL: 8.236005095541401 s, ETA: 2.3509570955414025 s
       0.Info>>Progress: 80.705%, ETOTAL: 9.6048307863383613 s, ETA: 1.8532397863383627 s
       0.Info>>Scattering finished...                                           
       0.Info>>.................................................................
       0.Info>>.....................R.U.N...A.N.A.L.Y.S.I.S.....................
       0.Info>>.................................................................
       0.Info>>Aggregating timing information for performance analysis...       
       0.Info>>                                                                 
       0.Info>>                    Performance Analysis                         
       0.Info>>-----------------------------------------------------------------
       0.Info>> mean and total runtimes:                                        
       0.Info>>-----------------------------------------------------------------
       0.Info>>          measure |    total |       count |     mean |   stddev 
       0.Info>>-----------------------------------------------------------------
       0.Info>>   sd:c:b:dspstore| 3.617e-02|        10000| 3.617e-06| 2.050e-06
       0.Info>>    sd:c:b:scatter| 4.423e+01|        10000| 4.423e-03| 8.100e-04
       0.Info>>        sd:c:block| 4.441e+01|          100| 4.441e-01| 4.317e-02
       0.Info>>         sd:c:init| 1.488e+01|          100| 1.488e-01| 3.011e-02
       0.Info>>       sd:c:reduce| 1.020e-04|          100| 1.020e-06| 5.170e-07
       0.Info>>         sd:c:wait| 1.730e-04|          100| 1.730e-06| 7.904e-07
       0.Info>>        sd:compute| 5.929e+01|          100| 5.929e-01| 5.729e-02
       0.Info>>         sd:runner| 5.929e+01|            8| 7.412e+00| 0.000e+00
       0.Info>>          sd:stage| 1.960e-01|            8| 2.450e-02| 0.000e+00
       0.Info>> sd:worker:scatter| 4.385e+01|        10000| 4.385e-03| 7.907e-04
       0.Info>>    sd:worker:wait| 1.535e+01|        10000| 1.535e-03| 1.516e-02
       0.Info>>          sd:write| 1.042e-03|          100| 1.042e-05| 7.927e-06
       0.Info>>           st:fill| 1.207e-02|            8| 1.509e-03| 0.000e+00
       0.Info>>          st:first| 2.287e-02|            1| 2.287e-02| 0.000e+00
       0.Info>>           st:load| 2.255e-02|            1| 2.255e-02| 0.000e+00
       0.Info>>           st:wait| 1.603e-01|            8| 2.004e-02| 0.000e+00
       0.Info>>-----------------------------------------------------------------
       0.Info>>-----------------------------------------------------------------
       0.Info>> watermarks:                                                     
       0.Info>>-----------------------------------------------------------------
       0.Info>>          measure |      min |      max                          
       0.Info>>-----------------------------------------------------------------
       0.Info>>   sd:c:b:dspstore| 2.000e-06| 7.300e-05                         
       0.Info>>    sd:c:b:scatter| 1.540e-03| 1.860e-02                         
       0.Info>>        sd:c:block| 1.638e-01| 5.287e-01                         
       0.Info>>         sd:c:init| 1.173e-01| 2.425e-01                         
       0.Info>>       sd:c:reduce| 0.000e+00| 2.000e-06                         
       0.Info>>         sd:c:wait| 1.000e-06| 6.000e-06                         
       0.Info>>        sd:compute| 2.822e-01| 7.474e-01                         
       0.Info>>         sd:runner| 6.222e+00| 8.088e+00                         
       0.Info>>          sd:stage| 2.434e-02| 2.458e-02                         
       0.Info>> sd:worker:scatter| 1.517e-03| 9.463e-03                         
       0.Info>>    sd:worker:wait| 1.000e-06| 2.426e-01                         
       0.Info>>          sd:write| 5.000e-06| 5.000e-05                         
       0.Info>>           st:fill| 1.349e-03| 1.584e-03                         
       0.Info>>          st:first| 2.287e-02| 2.287e-02                         
       0.Info>>           st:load| 2.255e-02| 2.255e-02                         
       0.Info>>           st:wait| 9.000e-06| 2.291e-02                         
       0.Info>>-----------------------------------------------------------------
       0.Info>>                                                                 
       0.Info>>         Performance Analysis (relative to total time * nodes)   
       0.Info>>-----------------------------------------------------------------
       0.Info>> mean and total runtimes:                                        
       0.Info>>-----------------------------------------------------------------
       0.Info>>          measure |    total |       count |     mean |   stddev 
       0.Info>>-----------------------------------------------------------------
       0.Info>>   sd:c:b:dspstore| 5.296e-04|        10000| 5.296e-08| 2.481e-07
       0.Info>>    sd:c:b:scatter| 6.477e-01|        10000| 6.477e-05| 9.802e-05
       0.Info>>        sd:c:block| 6.503e-01|          100| 6.503e-03| 5.224e-03
       0.Info>>         sd:c:init| 2.179e-01|          100| 2.179e-03| 3.643e-03
       0.Info>>       sd:c:reduce| 1.494e-06|          100| 1.494e-08| 6.256e-08
       0.Info>>         sd:c:wait| 2.533e-06|          100| 2.533e-08| 9.564e-08
       0.Info>>        sd:compute| 8.682e-01|          100| 8.682e-03| 6.932e-03
       0.Info>>         sd:runner| 8.683e-01|            8| 1.085e-01| 0.000e+00
       0.Info>>          sd:stage| 2.870e-03|            8| 3.587e-04| 0.000e+00
       0.Info>> sd:worker:scatter| 6.421e-01|        10000| 6.421e-05| 9.569e-05
       0.Info>>    sd:worker:wait| 2.247e-01|        10000| 2.247e-05| 1.835e-03
       0.Info>>          sd:write| 1.526e-05|          100| 1.526e-07| 9.592e-07
       0.Info>>           st:fill| 1.767e-04|            8| 2.209e-05| 0.000e+00
       0.Info>>          st:first| 3.349e-04|            1| 3.349e-04| 0.000e+00
       0.Info>>           st:load| 3.302e-04|            1| 3.302e-04| 0.000e+00
       0.Info>>           st:wait| 2.348e-03|            8| 2.935e-04| 0.000e+00
       0.Info>>-----------------------------------------------------------------
       0.Info>>-----------------------------------------------------------------
       0.Info>> watermarks:                                                     
       0.Info>>-----------------------------------------------------------------
       0.Info>>          measure |      min |      max                          
       0.Info>>-----------------------------------------------------------------
       0.Info>>   sd:c:b:dspstore| 2.929e-08| 1.069e-06                         
       0.Info>>    sd:c:b:scatter| 2.255e-05| 2.723e-04                         
       0.Info>>        sd:c:block| 2.399e-03| 7.742e-03                         
       0.Info>>         sd:c:init| 1.718e-03| 3.551e-03                         
       0.Info>>       sd:c:reduce| 0.000e+00| 2.929e-08                         
       0.Info>>         sd:c:wait| 1.464e-08| 8.786e-08                         
       0.Info>>        sd:compute| 4.133e-03| 1.094e-02                         
       0.Info>>         sd:runner| 9.110e-02| 1.184e-01                         
       0.Info>>          sd:stage| 3.564e-04| 3.599e-04                         
       0.Info>> sd:worker:scatter| 2.221e-05| 1.386e-04                         
       0.Info>>    sd:worker:wait| 1.464e-08| 3.553e-03                         
       0.Info>>          sd:write| 7.322e-08| 7.322e-07                         
       0.Info>>           st:fill| 1.975e-05| 2.319e-05                         
       0.Info>>          st:first| 3.349e-04| 3.349e-04                         
       0.Info>>           st:load| 3.302e-04| 3.302e-04                         
       0.Info>>           st:wait| 1.318e-07| 3.354e-04                         
       0.Info>>-----------------------------------------------------------------
       0.Info>>Total runtime (s): 8.5364000000000004                            
       0.Info>>Successfully finished... Have a nice day!                        
