       0.Info>>This software is being developed by Benjamin Lindner.                    
       0.Info>>For help, suggestions or correspondense use:                             
       0.Info>>ben@benlabs.net, Benjamin Lindner (Main Developer, Impl. & Maintenance)  
       0.Info>>franc@cmm.ki.si, Franci Merzel (Methodology)                             
       0.Info>>For publications include the following references:                       
       0.Info>>.........................................................................
       0.Info>>1. Sassena - X-ray and Neutron Scattering Calculated                     
       0.Info>>  from Molecular Dynamics Trajectories using Massively Parallel Computers
       0.Info>>  published as a Computer Program in Physics Paper                       
       0.Info>>.........................................................................
       0.Info>>Version Information: 1.4.2                                       
       0.Info>>                                                                 
       0.Info>>.................................................................
       0.Info>>......................D.E.S.C.R.I.P.T.I.O.N......................
       0.Info>>.................................................................
       0.Info>>This binary computes the scattering intensities directly from    
       0.Info>>a molecular dynamics trajectory.                                 
       0.Info>>.................................................................
       0.Info>>.................................................................
       0.Info>>...................I.N.I.T.I.A.L.I.Z.A.T.I.O.N...................
       0.Info>>.................................................................
       0.Info>>No configuration file specified. Will use default                
       0.Info>>Looking for configuration file: scatter.xml                      
       0.Info>>Reading parameters from XML file: scatter.xml                    
       0.Info>>Added frames from /home/amajumda/study/continuum_simulations/gitlab/continuum-to-scattering/data/100_100_100_50_50_50/single_atom_shrink/iteration_003/t009/pdb_dcd/sample.dcd using format: dcd
       0.Info>>Options: first=0, last=0, lastset=0, stride=1                    
       0.Info>>stager.target=system                                             
       0.Info>>scattering.type=all                                              
       0.Info>>scattering.dsp.type=square                                       
       0.Info>>scattering.average.orientation.type=vectors                      
       0.Info>>scattering.average.orientation.vectors.type=sphere               
       0.Info>>scattering.average.orientation.vectors.algorithm=boost_uniform_on_sphere
       0.Info>>scattering.average.orientation.vectors.resolution=100            
       0.Info>>Generating orientations for orientational averaging using sphere,boost_uniform_on_sphere
       0.Info>>Initialized orientational averaging with 100 vectors.            
       0.Info>>scattering.signal.file=signal.h5                                 
       0.Info>>scattering.signal.filepath=/home/amajumda/study/continuum_simulations/gitlab/continuum-to-scattering/data/100_100_100_50_50_50/single_atom_shrink/iteration_003/t009/signal.h5
       0.Info>>scattering.signal.fqt=1                                          
       0.Info>>scattering.signal.fq0=1                                          
       0.Info>>scattering.signal.fq=1                                           
       0.Info>>scattering.signal.fq2=1                                          
       0.Info>>Analyzing command line for parameter overwrites                  
       0.Info>>Reading database from file: /home/amajumda/study/continuum_simulations/gitlab/continuum-to-scattering/data/100_100_100_50_50_50/single_atom_shrink/iteration_003/t009/database/db-neutron-coherent.xml
       0.Info>>Checking database...                                             
       0.Info>>Testing mapping between PDB names and atom labels                
       0.Info>>Testing database completeness for referenced atom labels         
       0.Info>>Check succeeded. Database seems OK.                              
       0.Info>>Initializing sample...                                           
       0.Info>>Reading structure from file: /home/amajumda/study/continuum_simulations/gitlab/continuum-to-scattering/data/100_100_100_50_50_50/single_atom_shrink/iteration_003/t009/pdb_dcd/sample.pdb
       0.Info>>Done. Atoms read: 125000                                         
       0.Info>>Reading frames from: /home/amajumda/study/continuum_simulations/gitlab/continuum-to-scattering/data/100_100_100_50_50_50/single_atom_shrink/iteration_003/t009/pdb_dcd/sample.dcd
       0.Info>>Found 1 frames                                                   
       0.Info>>Total number of coordinate sets found: 1                         
       0.Info>>Exchanging sample, database & params information with compute nodes... 
       0.Info>>params...                                                        
       0.Info>>database...                                                      
       0.Info>>sample...                                                        
       0.Info>>.................................................................
       0.Info>>......................C.O.M.P.U.T.A.T.I.O.N......................
       0.Info>>.................................................................
       0.Info>>Setting up services...                                           
       0.Info>>Initializing data file service...                                
       0.Info>>Initializing monitor service...                                  
       0.Info>>Starting data file service...                                    
       0.Info>>Starting monitor service...                                      
       0.Info>>Services setup and running...                                    
       0.Info>>Checking /home/amajumda/study/continuum_simulations/gitlab/continuum-to-scattering/data/100_100_100_50_50_50/single_atom_shrink/iteration_003/t009/signal.h5 for old results.
       0.Info>>Broadcasting service information                                 
       0.Info>>Server host name    : hzglap02                                   
       0.Info>>FileService Port    : 36317                                      
       0.Info>>MonitorService Port : 39947                                      
       0.Info>>Setting up parallel environment...                               
       0.Info>>Searching for decomposition plan:                                
       0.Info>>nodes    = 8                                                     
       0.Info>>qvectors = 100                                                   
       0.Info>>frames   = 1                                                     
       0.Info>>atoms   = 125000                                                 
       0.Info>>All interference scattering detected. Applying frame decomposition.
       0.Info>>Automatic decomposition. Searching for best utilization.         
       0.Info>>Final decomposition parameters:                                  
       0.Info>>NN                : 8                                            
       0.Info>>NQ                : 100                                          
       0.Info>>NAF               : 1                                            
       0.Info>>NP                : 8                                            
       0.Info>>NNpP              : 1                                            
       0.Info>>NAFcycles         : 1                                            
       0.Info>>NQcycles          : 13                                           
       0.Info>>CompEl (WASTE/USE): 4/100                                        
       0.Info>>utilization(1=best)    : 0.96153846153846156                     
       0.Info>>Initializing Scatter Device, Vectors (all)                       
       0.Info>>Starting scattering...                                           
       0.Info>>Checking memory requirements for scattering calculation...       
       0.Info>>required limits.computation.memory.result_buffer=16              
       0.Info>>required limits.computation.memory.signal_buffer=16              
       0.Info>>required limits.computation.memory.exchange_buffer=0             
       0.Info>>required limits.computation.memory.alignpad_buffer=32            
       0.Info>>Memory limits ok                                                 
       0.Info>>Staging data...                                                  
       0.Info>>Forcing stager.mode=frames                                       
       0.Info>>Staging first partition.                                         
       0.Info>>Staging remaining partitions.                                    
       0.Info>>background scattering length set to 0                            
       0.Info>>Target initialized.                                              
       0.Info>>Target 'system' produces a background scattering length density of 0.00019046305467096308
       0.Info>>Starting computation...                                          
       0.Info>>Orientational averaging includes 100 vectors                     
       0.Info>>Setting progress sampling factor for monitoring to 1             
       0.Info>>Progress: 2.010%, ETOTAL: 59.409477511961725 s, ETA: 58.215575511961724 s
       0.Info>>Progress: 4.145%, ETOTAL: 28.984576841291318 s, ETA: 27.783156841291319 s
       0.Info>>Progress: 6.280%, ETOTAL: 19.619266955856087 s, ETA: 18.387088955856086 s
       0.Info>>Progress: 10.300%, ETOTAL: 11.986732223432396 s, ETA: 10.752137223432396 s
       0.Info>>Progress: 21.205%, ETOTAL: 15.034778234582831 s, ETA: 11.846634234582829 s
       0.Info>>Progress: 31.955%, ETOTAL: 10.039399558676029 s, ETA: 6.8312965586760299 s
       0.Info>>Progress: 41.830%, ETOTAL: 7.7257018772507848 s, ETA: 4.4940308772507844 s
       0.Info>>Progress: 53.205%, ETOTAL: 9.7988919036144573 s, ETA: 4.5853789036144574 s
       0.Info>>Progress: 62.830%, ETOTAL: 8.327753180635618 s, ETA: 3.0954151806356176 s
       0.Info>>Progress: 73.205%, ETOTAL: 7.3305779684763586 s, ETA: 1.9642189684763576 s
       0.Info>>Progress: 82.705%, ETOTAL: 8.7287985118586278 s, ETA: 1.5096345118586276 s
       0.Info>>Scattering finished...                                           
       0.Info>>.................................................................
       0.Info>>.....................R.U.N...A.N.A.L.Y.S.I.S.....................
       0.Info>>.................................................................
       0.Info>>Aggregating timing information for performance analysis...       
       0.Info>>                                                                 
       0.Info>>                    Performance Analysis                         
       0.Info>>-----------------------------------------------------------------
       0.Info>> mean and total runtimes:                                        
       0.Info>>-----------------------------------------------------------------
       0.Info>>          measure |    total |       count |     mean |   stddev 
       0.Info>>-----------------------------------------------------------------
       0.Info>>   sd:c:b:dspstore| 3.520e-02|        10000| 3.520e-06| 1.940e-06
       0.Info>>    sd:c:b:scatter| 4.311e+01|        10000| 4.311e-03| 7.487e-04
       0.Info>>        sd:c:block| 4.329e+01|          100| 4.329e-01| 4.010e-02
       0.Info>>         sd:c:init| 1.381e+01|          100| 1.381e-01| 2.466e-02
       0.Info>>       sd:c:reduce| 9.900e-05|          100| 9.900e-07| 5.592e-07
       0.Info>>         sd:c:wait| 1.640e-04|          100| 1.640e-06| 6.824e-07
       0.Info>>        sd:compute| 5.710e+01|          100| 5.710e-01| 5.428e-02
       0.Info>>         sd:runner| 5.710e+01|            8| 7.138e+00| 0.000e+00
       0.Info>>          sd:stage| 1.958e-01|            8| 2.447e-02| 0.000e+00
       0.Info>> sd:worker:scatter| 4.278e+01|        10000| 4.278e-03| 7.344e-04
       0.Info>>    sd:worker:wait| 1.422e+01|        10000| 1.422e-03| 1.398e-02
       0.Info>>          sd:write| 9.700e-04|          100| 9.700e-06| 6.705e-06
       0.Info>>           st:fill| 1.206e-02|            8| 1.507e-03| 0.000e+00
       0.Info>>          st:first| 2.284e-02|            1| 2.284e-02| 0.000e+00
       0.Info>>           st:load| 2.251e-02|            1| 2.251e-02| 0.000e+00
       0.Info>>           st:wait| 1.601e-01|            8| 2.002e-02| 0.000e+00
       0.Info>>-----------------------------------------------------------------
       0.Info>>-----------------------------------------------------------------
       0.Info>> watermarks:                                                     
       0.Info>>-----------------------------------------------------------------
       0.Info>>          measure |      min |      max                          
       0.Info>>-----------------------------------------------------------------
       0.Info>>   sd:c:b:dspstore| 2.000e-06| 7.000e-05                         
       0.Info>>    sd:c:b:scatter| 1.525e-03| 1.283e-02                         
       0.Info>>        sd:c:block| 1.602e-01| 5.233e-01                         
       0.Info>>         sd:c:init| 1.166e-01| 2.295e-01                         
       0.Info>>       sd:c:reduce| 0.000e+00| 3.000e-06                         
       0.Info>>         sd:c:wait| 1.000e-06| 6.000e-06                         
       0.Info>>        sd:compute| 2.785e-01| 7.360e-01                         
       0.Info>>         sd:runner| 6.030e+00| 7.684e+00                         
       0.Info>>          sd:stage| 2.432e-02| 2.453e-02                         
       0.Info>> sd:worker:scatter| 1.509e-03| 7.698e-03                         
       0.Info>>    sd:worker:wait| 1.000e-06| 2.297e-01                         
       0.Info>>          sd:write| 5.000e-06| 4.000e-05                         
       0.Info>>           st:fill| 1.350e-03| 1.567e-03                         
       0.Info>>          st:first| 2.284e-02| 2.284e-02                         
       0.Info>>           st:load| 2.251e-02| 2.251e-02                         
       0.Info>>           st:wait| 8.000e-06| 2.288e-02                         
       0.Info>>-----------------------------------------------------------------
       0.Info>>                                                                 
       0.Info>>         Performance Analysis (relative to total time * nodes)   
       0.Info>>-----------------------------------------------------------------
       0.Info>> mean and total runtimes:                                        
       0.Info>>-----------------------------------------------------------------
       0.Info>>          measure |    total |       count |     mean |   stddev 
       0.Info>>-----------------------------------------------------------------
       0.Info>>   sd:c:b:dspstore| 5.415e-04|        10000| 5.415e-08| 2.406e-07
       0.Info>>    sd:c:b:scatter| 6.633e-01|        10000| 6.633e-05| 9.287e-05
       0.Info>>        sd:c:block| 6.660e-01|          100| 6.660e-03| 4.974e-03
       0.Info>>         sd:c:init| 2.125e-01|          100| 2.125e-03| 3.059e-03
       0.Info>>       sd:c:reduce| 1.523e-06|          100| 1.523e-08| 6.936e-08
       0.Info>>         sd:c:wait| 2.523e-06|          100| 2.523e-08| 8.465e-08
       0.Info>>        sd:compute| 8.785e-01|          100| 8.785e-03| 6.733e-03
       0.Info>>         sd:runner| 8.785e-01|            8| 1.098e-01| 0.000e+00
       0.Info>>          sd:stage| 3.012e-03|            8| 3.765e-04| 0.000e+00
       0.Info>> sd:worker:scatter| 6.582e-01|        10000| 6.582e-05| 9.109e-05
       0.Info>>    sd:worker:wait| 2.187e-01|        10000| 2.187e-05| 1.734e-03
       0.Info>>          sd:write| 1.492e-05|          100| 1.492e-07| 8.317e-07
       0.Info>>           st:fill| 1.855e-04|            8| 2.319e-05| 0.000e+00
       0.Info>>          st:first| 3.514e-04|            1| 3.514e-04| 0.000e+00
       0.Info>>           st:load| 3.464e-04|            1| 3.464e-04| 0.000e+00
       0.Info>>           st:wait| 2.464e-03|            8| 3.080e-04| 0.000e+00
       0.Info>>-----------------------------------------------------------------
       0.Info>>-----------------------------------------------------------------
       0.Info>> watermarks:                                                     
       0.Info>>-----------------------------------------------------------------
       0.Info>>          measure |      min |      max                          
       0.Info>>-----------------------------------------------------------------
       0.Info>>   sd:c:b:dspstore| 3.077e-08| 1.077e-06                         
       0.Info>>    sd:c:b:scatter| 2.346e-05| 1.974e-04                         
       0.Info>>        sd:c:block| 2.465e-03| 8.051e-03                         
       0.Info>>         sd:c:init| 1.793e-03| 3.531e-03                         
       0.Info>>       sd:c:reduce| 0.000e+00| 4.616e-08                         
       0.Info>>         sd:c:wait| 1.539e-08| 9.231e-08                         
       0.Info>>        sd:compute| 4.285e-03| 1.132e-02                         
       0.Info>>         sd:runner| 9.277e-02| 1.182e-01                         
       0.Info>>          sd:stage| 3.742e-04| 3.774e-04                         
       0.Info>> sd:worker:scatter| 2.322e-05| 1.184e-04                         
       0.Info>>    sd:worker:wait| 1.539e-08| 3.533e-03                         
       0.Info>>          sd:write| 7.693e-08| 6.154e-07                         
       0.Info>>           st:fill| 2.077e-05| 2.411e-05                         
       0.Info>>          st:first| 3.514e-04| 3.514e-04                         
       0.Info>>           st:load| 3.464e-04| 3.464e-04                         
       0.Info>>           st:wait| 1.231e-07| 3.520e-04                         
       0.Info>>-----------------------------------------------------------------
       0.Info>>Total runtime (s): 8.1247019999999992                            
       0.Info>>Successfully finished... Have a nice day!                        
