       0.Info>>This software is being developed by Benjamin Lindner.                    
       0.Info>>For help, suggestions or correspondense use:                             
       0.Info>>ben@benlabs.net, Benjamin Lindner (Main Developer, Impl. & Maintenance)  
       0.Info>>franc@cmm.ki.si, Franci Merzel (Methodology)                             
       0.Info>>For publications include the following references:                       
       0.Info>>.........................................................................
       0.Info>>1. Sassena - X-ray and Neutron Scattering Calculated                     
       0.Info>>  from Molecular Dynamics Trajectories using Massively Parallel Computers
       0.Info>>  published as a Computer Program in Physics Paper                       
       0.Info>>.........................................................................
       0.Info>>Version Information: 1.4.2                                       
       0.Info>>                                                                 
       0.Info>>.................................................................
       0.Info>>......................D.E.S.C.R.I.P.T.I.O.N......................
       0.Info>>.................................................................
       0.Info>>This binary computes the scattering intensities directly from    
       0.Info>>a molecular dynamics trajectory.                                 
       0.Info>>.................................................................
       0.Info>>.................................................................
       0.Info>>...................I.N.I.T.I.A.L.I.Z.A.T.I.O.N...................
       0.Info>>.................................................................
       0.Info>>No configuration file specified. Will use default                
       0.Info>>Looking for configuration file: scatter.xml                      
       0.Info>>Reading parameters from XML file: scatter.xml                    
       0.Info>>Added frames from /home/amajumda/study/continuum_simulations/gitlab/continuum-to-scattering/data/100_100_100_50_50_50/single_atom_shrink/iteration_005/t006/pdb_dcd/sample.dcd using format: dcd
       0.Info>>Options: first=0, last=0, lastset=0, stride=1                    
       0.Info>>stager.target=system                                             
       0.Info>>scattering.type=all                                              
       0.Info>>scattering.dsp.type=square                                       
       0.Info>>scattering.average.orientation.type=vectors                      
       0.Info>>scattering.average.orientation.vectors.type=sphere               
       0.Info>>scattering.average.orientation.vectors.algorithm=boost_uniform_on_sphere
       0.Info>>scattering.average.orientation.vectors.resolution=100            
       0.Info>>Generating orientations for orientational averaging using sphere,boost_uniform_on_sphere
       0.Info>>Initialized orientational averaging with 100 vectors.            
       0.Info>>scattering.signal.file=signal.h5                                 
       0.Info>>scattering.signal.filepath=/home/amajumda/study/continuum_simulations/gitlab/continuum-to-scattering/data/100_100_100_50_50_50/single_atom_shrink/iteration_005/t006/signal.h5
       0.Info>>scattering.signal.fqt=1                                          
       0.Info>>scattering.signal.fq0=1                                          
       0.Info>>scattering.signal.fq=1                                           
       0.Info>>scattering.signal.fq2=1                                          
       0.Info>>Analyzing command line for parameter overwrites                  
       0.Info>>Reading database from file: /home/amajumda/study/continuum_simulations/gitlab/continuum-to-scattering/data/100_100_100_50_50_50/single_atom_shrink/iteration_005/t006/database/db-neutron-coherent.xml
       0.Info>>Checking database...                                             
       0.Info>>Testing mapping between PDB names and atom labels                
       0.Info>>Testing database completeness for referenced atom labels         
       0.Info>>Check succeeded. Database seems OK.                              
       0.Info>>Initializing sample...                                           
       0.Info>>Reading structure from file: /home/amajumda/study/continuum_simulations/gitlab/continuum-to-scattering/data/100_100_100_50_50_50/single_atom_shrink/iteration_005/t006/pdb_dcd/sample.pdb
       0.Info>>Done. Atoms read: 125000                                         
       0.Info>>Reading frames from: /home/amajumda/study/continuum_simulations/gitlab/continuum-to-scattering/data/100_100_100_50_50_50/single_atom_shrink/iteration_005/t006/pdb_dcd/sample.dcd
       0.Info>>Found 1 frames                                                   
       0.Info>>Total number of coordinate sets found: 1                         
       0.Info>>Exchanging sample, database & params information with compute nodes... 
       0.Info>>params...                                                        
       0.Info>>database...                                                      
       0.Info>>sample...                                                        
       0.Info>>.................................................................
       0.Info>>......................C.O.M.P.U.T.A.T.I.O.N......................
       0.Info>>.................................................................
       0.Info>>Setting up services...                                           
       0.Info>>Initializing data file service...                                
       0.Info>>Initializing monitor service...                                  
       0.Info>>Starting data file service...                                    
       0.Info>>Starting monitor service...                                      
       0.Info>>Services setup and running...                                    
       0.Info>>Checking /home/amajumda/study/continuum_simulations/gitlab/continuum-to-scattering/data/100_100_100_50_50_50/single_atom_shrink/iteration_005/t006/signal.h5 for old results.
       0.Info>>Broadcasting service information                                 
       0.Info>>Server host name    : hzglap02                                   
       0.Info>>FileService Port    : 34227                                      
       0.Info>>MonitorService Port : 36913                                      
       0.Info>>Setting up parallel environment...                               
       0.Info>>Searching for decomposition plan:                                
       0.Info>>nodes    = 8                                                     
       0.Info>>qvectors = 100                                                   
       0.Info>>frames   = 1                                                     
       0.Info>>atoms   = 125000                                                 
       0.Info>>All interference scattering detected. Applying frame decomposition.
       0.Info>>Automatic decomposition. Searching for best utilization.         
       0.Info>>Final decomposition parameters:                                  
       0.Info>>NN                : 8                                            
       0.Info>>NQ                : 100                                          
       0.Info>>NAF               : 1                                            
       0.Info>>NP                : 8                                            
       0.Info>>NNpP              : 1                                            
       0.Info>>NAFcycles         : 1                                            
       0.Info>>NQcycles          : 13                                           
       0.Info>>CompEl (WASTE/USE): 4/100                                        
       0.Info>>utilization(1=best)    : 0.96153846153846156                     
       0.Info>>Initializing Scatter Device, Vectors (all)                       
       0.Info>>Starting scattering...                                           
       0.Info>>Checking memory requirements for scattering calculation...       
       0.Info>>required limits.computation.memory.result_buffer=16              
       0.Info>>required limits.computation.memory.signal_buffer=16              
       0.Info>>required limits.computation.memory.exchange_buffer=0             
       0.Info>>required limits.computation.memory.alignpad_buffer=32            
       0.Info>>Memory limits ok                                                 
       0.Info>>Staging data...                                                  
       0.Info>>Forcing stager.mode=frames                                       
       0.Info>>Staging first partition.                                         
       0.Info>>Staging remaining partitions.                                    
       0.Info>>background scattering length set to 0                            
       0.Info>>Target initialized.                                              
       0.Info>>Target 'system' produces a background scattering length density of 0.00043894508891654128
       0.Info>>Starting computation...                                          
       0.Info>>Orientational averaging includes 100 vectors                     
       0.Info>>Setting progress sampling factor for monitoring to 1             
       0.Info>>Progress: 2.885%, ETOTAL: 55.592456317689539 s, ETA: 53.988382317689542 s
       0.Info>>Progress: 5.395%, ETOTAL: 29.770351403534828 s, ETA: 28.164231403534828 s
       0.Info>>Progress: 10.664%, ETOTAL: 15.067680036065822 s, ETA: 13.460823036065822 s
       0.Info>>Progress: 22.330%, ETOTAL: 7.3086055978182847 s, ETA: 5.6765845978182847 s
       0.Info>>Progress: 33.205%, ETOTAL: 10.912374671814671 s, ETA: 7.2889066718146722 s
       0.Info>>Progress: 43.080%, ETOTAL: 8.6295982739379511 s, ETA: 4.9119562739379514 s
       0.Info>>Progress: 50.080%, ETOTAL: 7.5090622464000001 s, ETA: 3.7485142464000001 s
       0.Info>>Progress: 60.580%, ETOTAL: 9.2902774668006991 s, ETA: 3.6622154668006992 s
       0.Info>>Progress: 70.080%, ETOTAL: 8.0644958060827818 s, ETA: 2.4128868060827822 s
       0.Info>>Progress: 80.455%, ETOTAL: 9.4450859373755094 s, ETA: 1.8460299373755094 s
       0.Info>>Scattering finished...                                           
       0.Info>>.................................................................
       0.Info>>.....................R.U.N...A.N.A.L.Y.S.I.S.....................
       0.Info>>.................................................................
       0.Info>>Aggregating timing information for performance analysis...       
       0.Info>>                                                                 
       0.Info>>                    Performance Analysis                         
       0.Info>>-----------------------------------------------------------------
       0.Info>> mean and total runtimes:                                        
       0.Info>>-----------------------------------------------------------------
       0.Info>>          measure |    total |       count |     mean |   stddev 
       0.Info>>-----------------------------------------------------------------
       0.Info>>   sd:c:b:dspstore| 3.756e-02|        10000| 3.756e-06| 1.299e-05
       0.Info>>    sd:c:b:scatter| 4.382e+01|        10000| 4.382e-03| 7.552e-04
       0.Info>>        sd:c:block| 4.400e+01|          100| 4.400e-01| 3.826e-02
       0.Info>>         sd:c:init| 1.440e+01|          100| 1.440e-01| 2.468e-02
       0.Info>>       sd:c:reduce| 1.000e-04|          100| 1.000e-06| 5.921e-07
       0.Info>>         sd:c:wait| 1.660e-04|          100| 1.660e-06| 5.886e-07
       0.Info>>        sd:compute| 5.840e+01|          100| 5.840e-01| 4.897e-02
       0.Info>>         sd:runner| 5.841e+01|            8| 7.301e+00| 0.000e+00
       0.Info>>          sd:stage| 2.026e-01|            8| 2.533e-02| 0.000e+00
       0.Info>> sd:worker:scatter| 4.346e+01|        10000| 4.346e-03| 7.374e-04
       0.Info>>    sd:worker:wait| 1.485e+01|        10000| 1.485e-03| 1.456e-02
       0.Info>>          sd:write| 9.940e-04|          100| 9.940e-06| 6.706e-06
       0.Info>>           st:fill| 1.301e-02|            8| 1.626e-03| 0.000e+00
       0.Info>>          st:first| 2.357e-02|            1| 2.357e-02| 0.000e+00
       0.Info>>           st:load| 2.323e-02|            1| 2.323e-02| 0.000e+00
       0.Info>>           st:wait| 1.652e-01|            8| 2.065e-02| 0.000e+00
       0.Info>>-----------------------------------------------------------------
       0.Info>>-----------------------------------------------------------------
       0.Info>> watermarks:                                                     
       0.Info>>-----------------------------------------------------------------
       0.Info>>          measure |      min |      max                          
       0.Info>>-----------------------------------------------------------------
       0.Info>>   sd:c:b:dspstore| 2.000e-06| 1.287e-03                         
       0.Info>>    sd:c:b:scatter| 1.590e-03| 1.617e-02                         
       0.Info>>        sd:c:block| 1.655e-01| 5.425e-01                         
       0.Info>>         sd:c:init| 1.175e-01| 2.328e-01                         
       0.Info>>       sd:c:reduce| 0.000e+00| 3.000e-06                         
       0.Info>>         sd:c:wait| 1.000e-06| 4.000e-06                         
       0.Info>>        sd:compute| 2.854e-01| 7.079e-01                         
       0.Info>>         sd:runner| 6.151e+00| 7.917e+00                         
       0.Info>>          sd:stage| 2.517e-02| 2.541e-02                         
       0.Info>> sd:worker:scatter| 1.556e-03| 9.634e-03                         
       0.Info>>    sd:worker:wait| 1.000e-06| 2.330e-01                         
       0.Info>>          sd:write| 5.000e-06| 4.000e-05                         
       0.Info>>           st:fill| 1.459e-03| 1.707e-03                         
       0.Info>>          st:first| 2.357e-02| 2.357e-02                         
       0.Info>>           st:load| 2.323e-02| 2.323e-02                         
       0.Info>>           st:wait| 8.000e-06| 2.361e-02                         
       0.Info>>-----------------------------------------------------------------
       0.Info>>                                                                 
       0.Info>>         Performance Analysis (relative to total time * nodes)   
       0.Info>>-----------------------------------------------------------------
       0.Info>> mean and total runtimes:                                        
       0.Info>>-----------------------------------------------------------------
       0.Info>>          measure |    total |       count |     mean |   stddev 
       0.Info>>-----------------------------------------------------------------
       0.Info>>   sd:c:b:dspstore| 5.630e-04|        10000| 5.630e-08| 1.590e-06
       0.Info>>    sd:c:b:scatter| 6.568e-01|        10000| 6.568e-05| 9.246e-05
       0.Info>>        sd:c:block| 6.595e-01|          100| 6.595e-03| 4.685e-03
       0.Info>>         sd:c:init| 2.159e-01|          100| 2.159e-03| 3.022e-03
       0.Info>>       sd:c:reduce| 1.499e-06|          100| 1.499e-08| 7.250e-08
       0.Info>>         sd:c:wait| 2.488e-06|          100| 2.488e-08| 7.207e-08
       0.Info>>        sd:compute| 8.755e-01|          100| 8.755e-03| 5.996e-03
       0.Info>>         sd:runner| 8.755e-01|            8| 1.094e-01| 0.000e+00
       0.Info>>          sd:stage| 3.038e-03|            8| 3.797e-04| 0.000e+00
       0.Info>> sd:worker:scatter| 6.515e-01|        10000| 6.515e-05| 9.029e-05
       0.Info>>    sd:worker:wait| 2.226e-01|        10000| 2.226e-05| 1.783e-03
       0.Info>>          sd:write| 1.490e-05|          100| 1.490e-07| 8.211e-07
       0.Info>>           st:fill| 1.950e-04|            8| 2.438e-05| 0.000e+00
       0.Info>>          st:first| 3.533e-04|            1| 3.533e-04| 0.000e+00
       0.Info>>           st:load| 3.482e-04|            1| 3.482e-04| 0.000e+00
       0.Info>>           st:wait| 2.477e-03|            8| 3.096e-04| 0.000e+00
       0.Info>>-----------------------------------------------------------------
       0.Info>>-----------------------------------------------------------------
       0.Info>> watermarks:                                                     
       0.Info>>-----------------------------------------------------------------
       0.Info>>          measure |      min |      max                          
       0.Info>>-----------------------------------------------------------------
       0.Info>>   sd:c:b:dspstore| 2.998e-08| 1.929e-05                         
       0.Info>>    sd:c:b:scatter| 2.384e-05| 2.424e-04                         
       0.Info>>        sd:c:block| 2.482e-03| 8.133e-03                         
       0.Info>>         sd:c:init| 1.761e-03| 3.490e-03                         
       0.Info>>       sd:c:reduce| 0.000e+00| 4.497e-08                         
       0.Info>>         sd:c:wait| 1.499e-08| 5.996e-08                         
       0.Info>>        sd:compute| 4.278e-03| 1.061e-02                         
       0.Info>>         sd:runner| 9.221e-02| 1.187e-01                         
       0.Info>>          sd:stage| 3.773e-04| 3.809e-04                         
       0.Info>> sd:worker:scatter| 2.333e-05| 1.444e-04                         
       0.Info>>    sd:worker:wait| 1.499e-08| 3.493e-03                         
       0.Info>>          sd:write| 7.495e-08| 5.996e-07                         
       0.Info>>           st:fill| 2.187e-05| 2.559e-05                         
       0.Info>>          st:first| 3.533e-04| 3.533e-04                         
       0.Info>>           st:load| 3.482e-04| 3.482e-04                         
       0.Info>>           st:wait| 1.199e-07| 3.539e-04                         
       0.Info>>-----------------------------------------------------------------
       0.Info>>Total runtime (s): 8.3385379999999998                            
       0.Info>>Successfully finished... Have a nice day!                        
