       0.Info>>This software is being developed by Benjamin Lindner.                    
       0.Info>>For help, suggestions or correspondense use:                             
       0.Info>>ben@benlabs.net, Benjamin Lindner (Main Developer, Impl. & Maintenance)  
       0.Info>>franc@cmm.ki.si, Franci Merzel (Methodology)                             
       0.Info>>For publications include the following references:                       
       0.Info>>.........................................................................
       0.Info>>1. Sassena - X-ray and Neutron Scattering Calculated                     
       0.Info>>  from Molecular Dynamics Trajectories using Massively Parallel Computers
       0.Info>>  published as a Computer Program in Physics Paper                       
       0.Info>>.........................................................................
       0.Info>>Version Information: 1.4.2                                       
       0.Info>>                                                                 
       0.Info>>.................................................................
       0.Info>>......................D.E.S.C.R.I.P.T.I.O.N......................
       0.Info>>.................................................................
       0.Info>>This binary computes the scattering intensities directly from    
       0.Info>>a molecular dynamics trajectory.                                 
       0.Info>>.................................................................
       0.Info>>.................................................................
       0.Info>>...................I.N.I.T.I.A.L.I.Z.A.T.I.O.N...................
       0.Info>>.................................................................
       0.Info>>No configuration file specified. Will use default                
       0.Info>>Looking for configuration file: scatter.xml                      
       0.Info>>Reading parameters from XML file: scatter.xml                    
       0.Info>>Added frames from /home/amajumda/study/continuum_simulations/gitlab/continuum-to-scattering/data/100_100_100_10_10_10/single_atom_shrink/iteration_003/t001/pdb_dcd/sample.dcd using format: dcd
       0.Info>>Options: first=0, last=0, lastset=0, stride=1                    
       0.Info>>stager.target=system                                             
       0.Info>>scattering.type=all                                              
       0.Info>>scattering.dsp.type=square                                       
       0.Info>>scattering.average.orientation.type=vectors                      
       0.Info>>scattering.average.orientation.vectors.type=sphere               
       0.Info>>scattering.average.orientation.vectors.algorithm=boost_uniform_on_sphere
       0.Info>>scattering.average.orientation.vectors.resolution=100            
       0.Info>>Generating orientations for orientational averaging using sphere,boost_uniform_on_sphere
       0.Info>>Initialized orientational averaging with 100 vectors.            
       0.Info>>scattering.signal.file=signal.h5                                 
       0.Info>>scattering.signal.filepath=/home/amajumda/study/continuum_simulations/gitlab/continuum-to-scattering/data/100_100_100_10_10_10/single_atom_shrink/iteration_003/t001/signal.h5
       0.Info>>scattering.signal.fqt=1                                          
       0.Info>>scattering.signal.fq0=1                                          
       0.Info>>scattering.signal.fq=1                                           
       0.Info>>scattering.signal.fq2=1                                          
       0.Info>>Analyzing command line for parameter overwrites                  
       0.Info>>Reading database from file: /home/amajumda/study/continuum_simulations/gitlab/continuum-to-scattering/data/100_100_100_10_10_10/single_atom_shrink/iteration_003/t001/database/db-neutron-coherent.xml
       0.Info>>Checking database...                                             
       0.Info>>Testing mapping between PDB names and atom labels                
       0.Info>>Testing database completeness for referenced atom labels         
       0.Info>>Check succeeded. Database seems OK.                              
       0.Info>>Initializing sample...                                           
       0.Info>>Reading structure from file: /home/amajumda/study/continuum_simulations/gitlab/continuum-to-scattering/data/100_100_100_10_10_10/single_atom_shrink/iteration_003/t001/pdb_dcd/sample.pdb
       0.Info>>Done. Atoms read: 1000                                           
       0.Info>>Reading frames from: /home/amajumda/study/continuum_simulations/gitlab/continuum-to-scattering/data/100_100_100_10_10_10/single_atom_shrink/iteration_003/t001/pdb_dcd/sample.dcd
       0.Info>>Found 1 frames                                                   
       0.Info>>Total number of coordinate sets found: 1                         
       0.Info>>Exchanging sample, database & params information with compute nodes... 
       0.Info>>params...                                                        
       0.Info>>database...                                                      
       0.Info>>sample...                                                        
       0.Info>>.................................................................
       0.Info>>......................C.O.M.P.U.T.A.T.I.O.N......................
       0.Info>>.................................................................
       0.Info>>Setting up services...                                           
       0.Info>>Initializing data file service...                                
       0.Info>>Initializing monitor service...                                  
       0.Info>>Starting data file service...                                    
       0.Info>>Starting monitor service...                                      
       0.Info>>Services setup and running...                                    
       0.Info>>Checking /home/amajumda/study/continuum_simulations/gitlab/continuum-to-scattering/data/100_100_100_10_10_10/single_atom_shrink/iteration_003/t001/signal.h5 for old results.
       0.Info>>Broadcasting service information                                 
       0.Info>>Server host name    : hzglap02                                   
       0.Info>>FileService Port    : 35335                                      
       0.Info>>MonitorService Port : 44513                                      
       0.Info>>Setting up parallel environment...                               
       0.Info>>Searching for decomposition plan:                                
       0.Info>>nodes    = 8                                                     
       0.Info>>qvectors = 100                                                   
       0.Info>>frames   = 1                                                     
       0.Info>>atoms   = 1000                                                   
       0.Info>>All interference scattering detected. Applying frame decomposition.
       0.Info>>Automatic decomposition. Searching for best utilization.         
       0.Info>>Final decomposition parameters:                                  
       0.Info>>NN                : 8                                            
       0.Info>>NQ                : 100                                          
       0.Info>>NAF               : 1                                            
       0.Info>>NP                : 8                                            
       0.Info>>NNpP              : 1                                            
       0.Info>>NAFcycles         : 1                                            
       0.Info>>NQcycles          : 13                                           
       0.Info>>CompEl (WASTE/USE): 4/100                                        
       0.Info>>utilization(1=best)    : 0.96153846153846156                     
       0.Info>>Initializing Scatter Device, Vectors (all)                       
       0.Info>>Starting scattering...                                           
       0.Info>>Checking memory requirements for scattering calculation...       
       0.Info>>required limits.computation.memory.result_buffer=16              
       0.Info>>required limits.computation.memory.signal_buffer=16              
       0.Info>>required limits.computation.memory.exchange_buffer=0             
       0.Info>>required limits.computation.memory.alignpad_buffer=32            
       0.Info>>Memory limits ok                                                 
       0.Info>>Staging data...                                                  
       0.Info>>Forcing stager.mode=frames                                       
       0.Info>>Staging first partition.                                         
       0.Info>>Staging remaining partitions.                                    
       0.Info>>background scattering length set to 0                            
       0.Info>>Target initialized.                                              
       0.Info>>Target 'system' produces a background scattering length density of 0.27841504711542686
       0.Info>>Starting computation...                                          
       0.Info>>Orientational averaging includes 100 vectors                     
       0.Info>>Setting progress sampling factor for monitoring to 1             
       0.Info>>Scattering finished...                                           
       0.Info>>.................................................................
       0.Info>>.....................R.U.N...A.N.A.L.Y.S.I.S.....................
       0.Info>>.................................................................
       0.Info>>Aggregating timing information for performance analysis...       
       0.Info>>                                                                 
       0.Info>>                    Performance Analysis                         
       0.Info>>-----------------------------------------------------------------
       0.Info>> mean and total runtimes:                                        
       0.Info>>-----------------------------------------------------------------
       0.Info>>          measure |    total |       count |     mean |   stddev 
       0.Info>>-----------------------------------------------------------------
       0.Info>>   sd:c:b:dspstore| 2.763e-02|        10000| 2.763e-06| 3.273e-06
       0.Info>>    sd:c:b:scatter| 6.423e-01|        10000| 6.423e-05| 2.452e-05
       0.Info>>        sd:c:block| 7.756e-01|          100| 7.756e-03| 5.660e-04
       0.Info>>         sd:c:init| 1.544e-01|          100| 1.544e-03| 3.349e-04
       0.Info>>       sd:c:reduce| 9.800e-05|          100| 9.800e-07| 4.864e-07
       0.Info>>         sd:c:wait| 1.400e-04|          100| 1.400e-06| 5.821e-07
       0.Info>>        sd:compute| 9.322e-01|          100| 9.322e-03| 6.587e-04
       0.Info>>         sd:runner| 9.350e-01|            8| 1.169e-01| 0.000e+00
       0.Info>>          sd:stage| 3.550e-03|            8| 4.438e-04| 0.000e+00
       0.Info>> sd:worker:scatter| 4.507e-01|        10000| 4.507e-05| 8.412e-06
       0.Info>>    sd:worker:wait| 4.052e-01|        10000| 4.052e-05| 1.631e-04
       0.Info>>          sd:write| 8.100e-04|          100| 8.100e-06| 6.178e-06
       0.Info>>           st:fill| 7.720e-04|            8| 9.650e-05| 0.000e+00
       0.Info>>          st:first| 2.460e-04|            1| 2.460e-04| 0.000e+00
       0.Info>>           st:load| 2.210e-04|            1| 2.210e-04| 0.000e+00
       0.Info>>           st:wait| 1.892e-03|            8| 2.365e-04| 0.000e+00
       0.Info>>-----------------------------------------------------------------
       0.Info>>-----------------------------------------------------------------
       0.Info>> watermarks:                                                     
       0.Info>>-----------------------------------------------------------------
       0.Info>>          measure |      min |      max                          
       0.Info>>-----------------------------------------------------------------
       0.Info>>   sd:c:b:dspstore| 1.000e-06| 2.750e-04                         
       0.Info>>    sd:c:b:scatter| 2.900e-05| 2.019e-03                         
       0.Info>>        sd:c:block| 5.611e-03| 1.025e-02                         
       0.Info>>         sd:c:init| 1.029e-03| 2.255e-03                         
       0.Info>>       sd:c:reduce| 0.000e+00| 3.000e-06                         
       0.Info>>         sd:c:wait| 1.000e-06| 4.000e-06                         
       0.Info>>        sd:compute| 7.545e-03| 1.221e-02                         
       0.Info>>         sd:runner| 1.059e-01| 1.232e-01                         
       0.Info>>          sd:stage| 4.390e-04| 4.460e-04                         
       0.Info>> sd:worker:scatter| 1.300e-05| 3.580e-04                         
       0.Info>>    sd:worker:wait| 1.300e-05| 2.316e-03                         
       0.Info>>          sd:write| 4.000e-06| 3.600e-05                         
       0.Info>>           st:fill| 9.300e-05| 1.010e-04                         
       0.Info>>          st:first| 2.460e-04| 2.460e-04                         
       0.Info>>           st:load| 2.210e-04| 2.210e-04                         
       0.Info>>           st:wait| 4.000e-06| 2.710e-04                         
       0.Info>>-----------------------------------------------------------------
       0.Info>>                                                                 
       0.Info>>         Performance Analysis (relative to total time * nodes)   
       0.Info>>-----------------------------------------------------------------
       0.Info>> mean and total runtimes:                                        
       0.Info>>-----------------------------------------------------------------
       0.Info>>          measure |    total |       count |     mean |   stddev 
       0.Info>>-----------------------------------------------------------------
       0.Info>>   sd:c:b:dspstore| 2.088e-02|        10000| 2.088e-06| 2.845e-06
       0.Info>>    sd:c:b:scatter| 4.853e-01|        10000| 4.853e-05| 2.131e-05
       0.Info>>        sd:c:block| 5.860e-01|          100| 5.860e-03| 4.920e-04
       0.Info>>         sd:c:init| 1.167e-01|          100| 1.167e-03| 2.911e-04
       0.Info>>       sd:c:reduce| 7.405e-05|          100| 7.405e-07| 4.228e-07
       0.Info>>         sd:c:wait| 1.058e-04|          100| 1.058e-06| 5.060e-07
       0.Info>>        sd:compute| 7.044e-01|          100| 7.044e-03| 5.726e-04
       0.Info>>         sd:runner| 7.065e-01|            8| 8.832e-02| 0.000e+00
       0.Info>>          sd:stage| 2.682e-03|            8| 3.353e-04| 0.000e+00
       0.Info>> sd:worker:scatter| 3.406e-01|        10000| 3.406e-05| 7.312e-06
       0.Info>>    sd:worker:wait| 3.062e-01|        10000| 3.062e-05| 1.418e-04
       0.Info>>          sd:write| 6.120e-04|          100| 6.120e-06| 5.370e-06
       0.Info>>           st:fill| 5.833e-04|            8| 7.292e-05| 0.000e+00
       0.Info>>          st:first| 1.859e-04|            1| 1.859e-04| 0.000e+00
       0.Info>>           st:load| 1.670e-04|            1| 1.670e-04| 0.000e+00
       0.Info>>           st:wait| 1.430e-03|            8| 1.787e-04| 0.000e+00
       0.Info>>-----------------------------------------------------------------
       0.Info>>-----------------------------------------------------------------
       0.Info>> watermarks:                                                     
       0.Info>>-----------------------------------------------------------------
       0.Info>>          measure |      min |      max                          
       0.Info>>-----------------------------------------------------------------
       0.Info>>   sd:c:b:dspstore| 7.556e-07| 2.078e-04                         
       0.Info>>    sd:c:b:scatter| 2.191e-05| 1.526e-03                         
       0.Info>>        sd:c:block| 4.240e-03| 7.747e-03                         
       0.Info>>         sd:c:init| 7.775e-04| 1.704e-03                         
       0.Info>>       sd:c:reduce| 0.000e+00| 2.267e-06                         
       0.Info>>         sd:c:wait| 7.556e-07| 3.022e-06                         
       0.Info>>        sd:compute| 5.701e-03| 9.225e-03                         
       0.Info>>         sd:runner| 8.000e-02| 9.308e-02                         
       0.Info>>          sd:stage| 3.317e-04| 3.370e-04                         
       0.Info>> sd:worker:scatter| 9.823e-06| 2.705e-04                         
       0.Info>>    sd:worker:wait| 9.823e-06| 1.750e-03                         
       0.Info>>          sd:write| 3.022e-06| 2.720e-05                         
       0.Info>>           st:fill| 7.027e-05| 7.632e-05                         
       0.Info>>          st:first| 1.859e-04| 1.859e-04                         
       0.Info>>           st:load| 1.670e-04| 1.670e-04                         
       0.Info>>           st:wait| 3.022e-06| 2.048e-04                         
       0.Info>>-----------------------------------------------------------------
       0.Info>>Total runtime (s): 0.16542799999999999                           
       0.Info>>Successfully finished... Have a nice day!                        
