       0.Info>>This software is being developed by Benjamin Lindner.                    
       0.Info>>For help, suggestions or correspondense use:                             
       0.Info>>ben@benlabs.net, Benjamin Lindner (Main Developer, Impl. & Maintenance)  
       0.Info>>franc@cmm.ki.si, Franci Merzel (Methodology)                             
       0.Info>>For publications include the following references:                       
       0.Info>>.........................................................................
       0.Info>>1. Sassena - X-ray and Neutron Scattering Calculated                     
       0.Info>>  from Molecular Dynamics Trajectories using Massively Parallel Computers
       0.Info>>  published as a Computer Program in Physics Paper                       
       0.Info>>.........................................................................
       0.Info>>Version Information: 1.4.2                                       
       0.Info>>                                                                 
       0.Info>>.................................................................
       0.Info>>......................D.E.S.C.R.I.P.T.I.O.N......................
       0.Info>>.................................................................
       0.Info>>This binary computes the scattering intensities directly from    
       0.Info>>a molecular dynamics trajectory.                                 
       0.Info>>.................................................................
       0.Info>>.................................................................
       0.Info>>...................I.N.I.T.I.A.L.I.Z.A.T.I.O.N...................
       0.Info>>.................................................................
       0.Info>>No configuration file specified. Will use default                
       0.Info>>Looking for configuration file: scatter.xml                      
       0.Info>>Reading parameters from XML file: scatter.xml                    
       0.Info>>Added frames from /home/amajumda/study/continuum_simulations/gitlab/continuum-to-scattering/data/100_100_100_10_10_10/single_atom_shrink/iteration_009/t000/pdb_dcd/sample.dcd using format: dcd
       0.Info>>Options: first=0, last=0, lastset=0, stride=1                    
       0.Info>>stager.target=system                                             
       0.Info>>scattering.type=all                                              
       0.Info>>scattering.dsp.type=square                                       
       0.Info>>scattering.average.orientation.type=vectors                      
       0.Info>>scattering.average.orientation.vectors.type=sphere               
       0.Info>>scattering.average.orientation.vectors.algorithm=boost_uniform_on_sphere
       0.Info>>scattering.average.orientation.vectors.resolution=100            
       0.Info>>Generating orientations for orientational averaging using sphere,boost_uniform_on_sphere
       0.Info>>Initialized orientational averaging with 100 vectors.            
       0.Info>>scattering.signal.file=signal.h5                                 
       0.Info>>scattering.signal.filepath=/home/amajumda/study/continuum_simulations/gitlab/continuum-to-scattering/data/100_100_100_10_10_10/single_atom_shrink/iteration_009/t000/signal.h5
       0.Info>>scattering.signal.fqt=1                                          
       0.Info>>scattering.signal.fq0=1                                          
       0.Info>>scattering.signal.fq=1                                           
       0.Info>>scattering.signal.fq2=1                                          
       0.Info>>Analyzing command line for parameter overwrites                  
       0.Info>>Reading database from file: /home/amajumda/study/continuum_simulations/gitlab/continuum-to-scattering/data/100_100_100_10_10_10/single_atom_shrink/iteration_009/t000/database/db-neutron-coherent.xml
       0.Info>>Checking database...                                             
       0.Info>>Testing mapping between PDB names and atom labels                
       0.Info>>Testing database completeness for referenced atom labels         
       0.Info>>Check succeeded. Database seems OK.                              
       0.Info>>Initializing sample...                                           
       0.Info>>Reading structure from file: /home/amajumda/study/continuum_simulations/gitlab/continuum-to-scattering/data/100_100_100_10_10_10/single_atom_shrink/iteration_009/t000/pdb_dcd/sample.pdb
       0.Info>>Done. Atoms read: 1000                                           
       0.Info>>Reading frames from: /home/amajumda/study/continuum_simulations/gitlab/continuum-to-scattering/data/100_100_100_10_10_10/single_atom_shrink/iteration_009/t000/pdb_dcd/sample.dcd
       0.Info>>Found 1 frames                                                   
       0.Info>>Total number of coordinate sets found: 1                         
       0.Info>>Exchanging sample, database & params information with compute nodes... 
       0.Info>>params...                                                        
       0.Info>>database...                                                      
       0.Info>>sample...                                                        
       0.Info>>.................................................................
       0.Info>>......................C.O.M.P.U.T.A.T.I.O.N......................
       0.Info>>.................................................................
       0.Info>>Setting up services...                                           
       0.Info>>Initializing data file service...                                
       0.Info>>Initializing monitor service...                                  
       0.Info>>Starting data file service...                                    
       0.Info>>Starting monitor service...                                      
       0.Info>>Services setup and running...                                    
       0.Info>>Checking /home/amajumda/study/continuum_simulations/gitlab/continuum-to-scattering/data/100_100_100_10_10_10/single_atom_shrink/iteration_009/t000/signal.h5 for old results.
       0.Info>>Broadcasting service information                                 
       0.Info>>Server host name    : hzglap02                                   
       0.Info>>FileService Port    : 37821                                      
       0.Info>>MonitorService Port : 36719                                      
       0.Info>>Setting up parallel environment...                               
       0.Info>>Searching for decomposition plan:                                
       0.Info>>nodes    = 8                                                     
       0.Info>>qvectors = 100                                                   
       0.Info>>frames   = 1                                                     
       0.Info>>atoms   = 1000                                                   
       0.Info>>All interference scattering detected. Applying frame decomposition.
       0.Info>>Automatic decomposition. Searching for best utilization.         
       0.Info>>Final decomposition parameters:                                  
       0.Info>>NN                : 8                                            
       0.Info>>NQ                : 100                                          
       0.Info>>NAF               : 1                                            
       0.Info>>NP                : 8                                            
       0.Info>>NNpP              : 1                                            
       0.Info>>NAFcycles         : 1                                            
       0.Info>>NQcycles          : 13                                           
       0.Info>>CompEl (WASTE/USE): 4/100                                        
       0.Info>>utilization(1=best)    : 0.96153846153846156                     
       0.Info>>Initializing Scatter Device, Vectors (all)                       
       0.Info>>Starting scattering...                                           
       0.Info>>Checking memory requirements for scattering calculation...       
       0.Info>>required limits.computation.memory.result_buffer=16              
       0.Info>>required limits.computation.memory.signal_buffer=16              
       0.Info>>required limits.computation.memory.exchange_buffer=0             
       0.Info>>required limits.computation.memory.alignpad_buffer=32            
       0.Info>>Memory limits ok                                                 
       0.Info>>Staging data...                                                  
       0.Info>>Forcing stager.mode=frames                                       
       0.Info>>Staging first partition.                                         
       0.Info>>Staging remaining partitions.                                    
       0.Info>>background scattering length set to 0                            
       0.Info>>Target initialized.                                              
       0.Info>>Target 'system' produces a background scattering length density of 0.33783289253640164
       0.Info>>Starting computation...                                          
       0.Info>>Orientational averaging includes 100 vectors                     
       0.Info>>Setting progress sampling factor for monitoring to 1             
       0.Info>>Scattering finished...                                           
       0.Info>>.................................................................
       0.Info>>.....................R.U.N...A.N.A.L.Y.S.I.S.....................
       0.Info>>.................................................................
       0.Info>>Aggregating timing information for performance analysis...       
       0.Info>>                                                                 
       0.Info>>                    Performance Analysis                         
       0.Info>>-----------------------------------------------------------------
       0.Info>> mean and total runtimes:                                        
       0.Info>>-----------------------------------------------------------------
       0.Info>>          measure |    total |       count |     mean |   stddev 
       0.Info>>-----------------------------------------------------------------
       0.Info>>   sd:c:b:dspstore| 2.619e-02|        10000| 2.619e-06| 1.647e-06
       0.Info>>    sd:c:b:scatter| 6.192e-01|        10000| 6.192e-05| 3.283e-05
       0.Info>>        sd:c:block| 7.458e-01|          100| 7.458e-03| 5.596e-04
       0.Info>>         sd:c:init| 1.406e-01|          100| 1.406e-03| 2.965e-04
       0.Info>>       sd:c:reduce| 9.500e-05|          100| 9.500e-07| 5.624e-07
       0.Info>>         sd:c:wait| 1.410e-04|          100| 1.410e-06| 6.367e-07
       0.Info>>        sd:compute| 8.885e-01|          100| 8.885e-03| 6.556e-04
       0.Info>>         sd:runner| 8.911e-01|            8| 1.114e-01| 0.000e+00
       0.Info>>          sd:stage| 4.072e-03|            8| 5.090e-04| 0.000e+00
       0.Info>> sd:worker:scatter| 4.328e-01|        10000| 4.328e-05| 7.911e-06
       0.Info>>    sd:worker:wait| 3.833e-01|        10000| 3.833e-05| 1.505e-04
       0.Info>>          sd:write| 7.640e-04|          100| 7.640e-06| 5.977e-06
       0.Info>>           st:fill| 7.180e-04|            8| 8.975e-05| 0.000e+00
       0.Info>>          st:first| 3.210e-04|            1| 3.210e-04| 0.000e+00
       0.Info>>           st:load| 2.940e-04|            1| 2.940e-04| 0.000e+00
       0.Info>>           st:wait| 2.463e-03|            8| 3.079e-04| 0.000e+00
       0.Info>>-----------------------------------------------------------------
       0.Info>>-----------------------------------------------------------------
       0.Info>> watermarks:                                                     
       0.Info>>-----------------------------------------------------------------
       0.Info>>          measure |      min |      max                          
       0.Info>>-----------------------------------------------------------------
       0.Info>>   sd:c:b:dspstore| 1.000e-06| 6.300e-05                         
       0.Info>>    sd:c:b:scatter| 2.800e-05| 1.923e-03                         
       0.Info>>        sd:c:block| 5.434e-03| 9.573e-03                         
       0.Info>>         sd:c:init| 9.490e-04| 2.215e-03                         
       0.Info>>       sd:c:reduce| 0.000e+00| 3.000e-06                         
       0.Info>>         sd:c:wait| 1.000e-06| 4.000e-06                         
       0.Info>>        sd:compute| 6.605e-03| 1.073e-02                         
       0.Info>>         sd:runner| 9.961e-02| 1.188e-01                         
       0.Info>>          sd:stage| 5.070e-04| 5.130e-04                         
       0.Info>> sd:worker:scatter| 1.200e-05| 3.560e-04                         
       0.Info>>    sd:worker:wait| 1.200e-05| 2.478e-03                         
       0.Info>>          sd:write| 4.000e-06| 3.700e-05                         
       0.Info>>           st:fill| 7.900e-05| 9.200e-05                         
       0.Info>>          st:first| 3.210e-04| 3.210e-04                         
       0.Info>>           st:load| 2.940e-04| 2.940e-04                         
       0.Info>>           st:wait| 5.000e-06| 3.530e-04                         
       0.Info>>-----------------------------------------------------------------
       0.Info>>                                                                 
       0.Info>>         Performance Analysis (relative to total time * nodes)   
       0.Info>>-----------------------------------------------------------------
       0.Info>> mean and total runtimes:                                        
       0.Info>>-----------------------------------------------------------------
       0.Info>>          measure |    total |       count |     mean |   stddev 
       0.Info>>-----------------------------------------------------------------
       0.Info>>   sd:c:b:dspstore| 1.974e-02|        10000| 1.974e-06| 1.430e-06
       0.Info>>    sd:c:b:scatter| 4.667e-01|        10000| 4.667e-05| 2.850e-05
       0.Info>>        sd:c:block| 5.621e-01|          100| 5.621e-03| 4.858e-04
       0.Info>>         sd:c:init| 1.060e-01|          100| 1.060e-03| 2.574e-04
       0.Info>>       sd:c:reduce| 7.161e-05|          100| 7.161e-07| 4.883e-07
       0.Info>>         sd:c:wait| 1.063e-04|          100| 1.063e-06| 5.528e-07
       0.Info>>        sd:compute| 6.697e-01|          100| 6.697e-03| 5.692e-04
       0.Info>>         sd:runner| 6.716e-01|            8| 8.396e-02| 0.000e+00
       0.Info>>          sd:stage| 3.069e-03|            8| 3.837e-04| 0.000e+00
       0.Info>> sd:worker:scatter| 3.262e-01|        10000| 3.262e-05| 6.868e-06
       0.Info>>    sd:worker:wait| 2.889e-01|        10000| 2.889e-05| 1.307e-04
       0.Info>>          sd:write| 5.759e-04|          100| 5.759e-06| 5.189e-06
       0.Info>>           st:fill| 5.412e-04|            8| 6.765e-05| 0.000e+00
       0.Info>>          st:first| 2.420e-04|            1| 2.420e-04| 0.000e+00
       0.Info>>           st:load| 2.216e-04|            1| 2.216e-04| 0.000e+00
       0.Info>>           st:wait| 1.856e-03|            8| 2.321e-04| 0.000e+00
       0.Info>>-----------------------------------------------------------------
       0.Info>>-----------------------------------------------------------------
       0.Info>> watermarks:                                                     
       0.Info>>-----------------------------------------------------------------
       0.Info>>          measure |      min |      max                          
       0.Info>>-----------------------------------------------------------------
       0.Info>>   sd:c:b:dspstore| 7.537e-07| 4.749e-05                         
       0.Info>>    sd:c:b:scatter| 2.110e-05| 1.449e-03                         
       0.Info>>        sd:c:block| 4.096e-03| 7.216e-03                         
       0.Info>>         sd:c:init| 7.153e-04| 1.670e-03                         
       0.Info>>       sd:c:reduce| 0.000e+00| 2.261e-06                         
       0.Info>>         sd:c:wait| 7.537e-07| 3.015e-06                         
       0.Info>>        sd:compute| 4.979e-03| 8.088e-03                         
       0.Info>>         sd:runner| 7.508e-02| 8.953e-02                         
       0.Info>>          sd:stage| 3.822e-04| 3.867e-04                         
       0.Info>> sd:worker:scatter| 9.045e-06| 2.683e-04                         
       0.Info>>    sd:worker:wait| 9.045e-06| 1.868e-03                         
       0.Info>>          sd:write| 3.015e-06| 2.789e-05                         
       0.Info>>           st:fill| 5.955e-05| 6.934e-05                         
       0.Info>>          st:first| 2.420e-04| 2.420e-04                         
       0.Info>>           st:load| 2.216e-04| 2.216e-04                         
       0.Info>>           st:wait| 3.769e-06| 2.661e-04                         
       0.Info>>-----------------------------------------------------------------
       0.Info>>Total runtime (s): 0.16583800000000001                           
       0.Info>>Successfully finished... Have a nice day!                        
