       0.Info>>This software is being developed by Benjamin Lindner.                    
       0.Info>>For help, suggestions or correspondense use:                             
       0.Info>>ben@benlabs.net, Benjamin Lindner (Main Developer, Impl. & Maintenance)  
       0.Info>>franc@cmm.ki.si, Franci Merzel (Methodology)                             
       0.Info>>For publications include the following references:                       
       0.Info>>.........................................................................
       0.Info>>1. Sassena - X-ray and Neutron Scattering Calculated                     
       0.Info>>  from Molecular Dynamics Trajectories using Massively Parallel Computers
       0.Info>>  published as a Computer Program in Physics Paper                       
       0.Info>>.........................................................................
       0.Info>>Version Information: 1.4.2                                       
       0.Info>>                                                                 
       0.Info>>.................................................................
       0.Info>>......................D.E.S.C.R.I.P.T.I.O.N......................
       0.Info>>.................................................................
       0.Info>>This binary computes the scattering intensities directly from    
       0.Info>>a molecular dynamics trajectory.                                 
       0.Info>>.................................................................
       0.Info>>.................................................................
       0.Info>>...................I.N.I.T.I.A.L.I.Z.A.T.I.O.N...................
       0.Info>>.................................................................
       0.Info>>No configuration file specified. Will use default                
       0.Info>>Looking for configuration file: scatter.xml                      
       0.Info>>Reading parameters from XML file: scatter.xml                    
       0.Info>>Added frames from /home/amajumda/study/continuum_simulations/gitlab/continuum-to-scattering/data/100_100_100_50_50_50/single_atom_shrink/iteration_000/t009/pdb_dcd/sample.dcd using format: dcd
       0.Info>>Options: first=0, last=0, lastset=0, stride=1                    
       0.Info>>stager.target=system                                             
       0.Info>>scattering.type=all                                              
       0.Info>>scattering.dsp.type=square                                       
       0.Info>>scattering.average.orientation.type=vectors                      
       0.Info>>scattering.average.orientation.vectors.type=sphere               
       0.Info>>scattering.average.orientation.vectors.algorithm=boost_uniform_on_sphere
       0.Info>>scattering.average.orientation.vectors.resolution=100            
       0.Info>>Generating orientations for orientational averaging using sphere,boost_uniform_on_sphere
       0.Info>>Initialized orientational averaging with 100 vectors.            
       0.Info>>scattering.signal.file=signal.h5                                 
       0.Info>>scattering.signal.filepath=/home/amajumda/study/continuum_simulations/gitlab/continuum-to-scattering/data/100_100_100_50_50_50/single_atom_shrink/iteration_000/t009/signal.h5
       0.Info>>scattering.signal.fqt=1                                          
       0.Info>>scattering.signal.fq0=1                                          
       0.Info>>scattering.signal.fq=1                                           
       0.Info>>scattering.signal.fq2=1                                          
       0.Info>>Analyzing command line for parameter overwrites                  
       0.Info>>Reading database from file: /home/amajumda/study/continuum_simulations/gitlab/continuum-to-scattering/data/100_100_100_50_50_50/single_atom_shrink/iteration_000/t009/database/db-neutron-coherent.xml
       0.Info>>Checking database...                                             
       0.Info>>Testing mapping between PDB names and atom labels                
       0.Info>>Testing database completeness for referenced atom labels         
       0.Info>>Check succeeded. Database seems OK.                              
       0.Info>>Initializing sample...                                           
       0.Info>>Reading structure from file: /home/amajumda/study/continuum_simulations/gitlab/continuum-to-scattering/data/100_100_100_50_50_50/single_atom_shrink/iteration_000/t009/pdb_dcd/sample.pdb
       0.Info>>Done. Atoms read: 125000                                         
       0.Info>>Reading frames from: /home/amajumda/study/continuum_simulations/gitlab/continuum-to-scattering/data/100_100_100_50_50_50/single_atom_shrink/iteration_000/t009/pdb_dcd/sample.dcd
       0.Info>>Found 1 frames                                                   
       0.Info>>Total number of coordinate sets found: 1                         
       0.Info>>Exchanging sample, database & params information with compute nodes... 
       0.Info>>params...                                                        
       0.Info>>database...                                                      
       0.Info>>sample...                                                        
       0.Info>>.................................................................
       0.Info>>......................C.O.M.P.U.T.A.T.I.O.N......................
       0.Info>>.................................................................
       0.Info>>Setting up services...                                           
       0.Info>>Initializing data file service...                                
       0.Info>>Initializing monitor service...                                  
       0.Info>>Starting data file service...                                    
       0.Info>>Starting monitor service...                                      
       0.Info>>Services setup and running...                                    
       0.Info>>Checking /home/amajumda/study/continuum_simulations/gitlab/continuum-to-scattering/data/100_100_100_50_50_50/single_atom_shrink/iteration_000/t009/signal.h5 for old results.
       0.Info>>Broadcasting service information                                 
       0.Info>>Server host name    : hzglap02                                   
       0.Info>>FileService Port    : 38347                                      
       0.Info>>MonitorService Port : 45273                                      
       0.Info>>Setting up parallel environment...                               
       0.Info>>Searching for decomposition plan:                                
       0.Info>>nodes    = 8                                                     
       0.Info>>qvectors = 100                                                   
       0.Info>>frames   = 1                                                     
       0.Info>>atoms   = 125000                                                 
       0.Info>>All interference scattering detected. Applying frame decomposition.
       0.Info>>Automatic decomposition. Searching for best utilization.         
       0.Info>>Final decomposition parameters:                                  
       0.Info>>NN                : 8                                            
       0.Info>>NQ                : 100                                          
       0.Info>>NAF               : 1                                            
       0.Info>>NP                : 8                                            
       0.Info>>NNpP              : 1                                            
       0.Info>>NAFcycles         : 1                                            
       0.Info>>NQcycles          : 13                                           
       0.Info>>CompEl (WASTE/USE): 4/100                                        
       0.Info>>utilization(1=best)    : 0.96153846153846156                     
       0.Info>>Initializing Scatter Device, Vectors (all)                       
       0.Info>>Starting scattering...                                           
       0.Info>>Checking memory requirements for scattering calculation...       
       0.Info>>required limits.computation.memory.result_buffer=16              
       0.Info>>required limits.computation.memory.signal_buffer=16              
       0.Info>>required limits.computation.memory.exchange_buffer=0             
       0.Info>>required limits.computation.memory.alignpad_buffer=32            
       0.Info>>Memory limits ok                                                 
       0.Info>>Staging data...                                                  
       0.Info>>Forcing stager.mode=frames                                       
       0.Info>>Staging first partition.                                         
       0.Info>>Staging remaining partitions.                                    
       0.Info>>background scattering length set to 0                            
       0.Info>>Target initialized.                                              
       0.Info>>Target 'system' produces a background scattering length density of 0.00031312865006373041
       0.Info>>Starting computation...                                          
       0.Info>>Orientational averaging includes 100 vectors                     
       0.Info>>Setting progress sampling factor for monitoring to 1             
       0.Info>>Progress: 2.510%, ETOTAL: 55.54121825726142 s, ETA: 54.146902257261416 s
       0.Info>>Progress: 6.146%, ETOTAL: 22.852230508474573 s, ETA: 21.447770508474573 s
       0.Info>>Progress: 11.041%, ETOTAL: 12.853566731983452 s, ETA: 11.434421731983452 s
       0.Info>>Progress: 21.080%, ETOTAL: 6.8122261213319142 s, ETA: 5.3762001213319142 s
       0.Info>>Progress: 31.205%, ETOTAL: 10.930946918652422 s, ETA: 7.5199309186524221 s
       0.Info>>Progress: 41.205%, ETOTAL: 8.3550474175482243 s, ETA: 4.9123394175482247 s
       0.Info>>Progress: 51.580%, ETOTAL: 10.453616901758528 s, ETA: 5.0616279017585279 s
       0.Info>>Progress: 61.330%, ETOTAL: 8.8250280219493078 s, ETA: 3.4126270219493087 s
       0.Info>>Progress: 71.205%, ETOTAL: 7.7569932661145087 s, ETA: 2.2336162661145105 s
       0.Info>>Progress: 80.330%, ETOTAL: 9.1963702350077785 s, ETA: 1.80891423500778 s
       0.Info>>Scattering finished...                                           
       0.Info>>.................................................................
       0.Info>>.....................R.U.N...A.N.A.L.Y.S.I.S.....................
       0.Info>>.................................................................
       0.Info>>Aggregating timing information for performance analysis...       
       0.Info>>                                                                 
       0.Info>>                    Performance Analysis                         
       0.Info>>-----------------------------------------------------------------
       0.Info>> mean and total runtimes:                                        
       0.Info>>-----------------------------------------------------------------
       0.Info>>          measure |    total |       count |     mean |   stddev 
       0.Info>>-----------------------------------------------------------------
       0.Info>>   sd:c:b:dspstore| 3.532e-02|        10000| 3.532e-06| 1.989e-06
       0.Info>>    sd:c:b:scatter| 4.334e+01|        10000| 4.334e-03| 8.161e-04
       0.Info>>        sd:c:block| 4.351e+01|          100| 4.351e-01| 4.192e-02
       0.Info>>         sd:c:init| 1.463e+01|          100| 1.463e-01| 2.741e-02
       0.Info>>       sd:c:reduce| 9.900e-05|          100| 9.900e-07| 4.536e-07
       0.Info>>         sd:c:wait| 1.840e-04|          100| 1.840e-06| 1.563e-06
       0.Info>>        sd:compute| 5.815e+01|          100| 5.815e-01| 5.621e-02
       0.Info>>         sd:runner| 5.815e+01|            8| 7.269e+00| 0.000e+00
       0.Info>>          sd:stage| 1.948e-01|            8| 2.435e-02| 0.000e+00
       0.Info>> sd:worker:scatter| 4.296e+01|        10000| 4.296e-03| 7.861e-04
       0.Info>>    sd:worker:wait| 1.508e+01|        10000| 1.508e-03| 1.485e-02
       0.Info>>          sd:write| 9.900e-04|          100| 9.900e-06| 6.553e-06
       0.Info>>           st:fill| 1.209e-02|            8| 1.511e-03| 0.000e+00
       0.Info>>          st:first| 2.271e-02|            1| 2.271e-02| 0.000e+00
       0.Info>>           st:load| 2.232e-02|            1| 2.232e-02| 0.000e+00
       0.Info>>           st:wait| 1.593e-01|            8| 1.991e-02| 0.000e+00
       0.Info>>-----------------------------------------------------------------
       0.Info>>-----------------------------------------------------------------
       0.Info>> watermarks:                                                     
       0.Info>>-----------------------------------------------------------------
       0.Info>>          measure |      min |      max                          
       0.Info>>-----------------------------------------------------------------
       0.Info>>   sd:c:b:dspstore| 2.000e-06| 7.700e-05                         
       0.Info>>    sd:c:b:scatter| 1.466e-03| 1.788e-02                         
       0.Info>>        sd:c:block| 1.536e-01| 5.568e-01                         
       0.Info>>         sd:c:init| 1.136e-01| 2.277e-01                         
       0.Info>>       sd:c:reduce| 0.000e+00| 2.000e-06                         
       0.Info>>         sd:c:wait| 1.000e-06| 1.700e-05                         
       0.Info>>        sd:compute| 2.691e-01| 7.172e-01                         
       0.Info>>         sd:runner| 6.202e+00| 7.903e+00                         
       0.Info>>          sd:stage| 2.420e-02| 2.442e-02                         
       0.Info>> sd:worker:scatter| 1.443e-03| 1.388e-02                         
       0.Info>>    sd:worker:wait| 1.000e-06| 2.278e-01                         
       0.Info>>          sd:write| 5.000e-06| 4.000e-05                         
       0.Info>>           st:fill| 1.346e-03| 1.582e-03                         
       0.Info>>          st:first| 2.271e-02| 2.271e-02                         
       0.Info>>           st:load| 2.232e-02| 2.232e-02                         
       0.Info>>           st:wait| 1.300e-05| 2.276e-02                         
       0.Info>>-----------------------------------------------------------------
       0.Info>>                                                                 
       0.Info>>         Performance Analysis (relative to total time * nodes)   
       0.Info>>-----------------------------------------------------------------
       0.Info>> mean and total runtimes:                                        
       0.Info>>-----------------------------------------------------------------
       0.Info>>          measure |    total |       count |     mean |   stddev 
       0.Info>>-----------------------------------------------------------------
       0.Info>>   sd:c:b:dspstore| 5.282e-04|        10000| 5.282e-08| 2.432e-07
       0.Info>>    sd:c:b:scatter| 6.480e-01|        10000| 6.480e-05| 9.979e-05
       0.Info>>        sd:c:block| 6.506e-01|          100| 6.506e-03| 5.126e-03
       0.Info>>         sd:c:init| 2.188e-01|          100| 2.188e-03| 3.352e-03
       0.Info>>       sd:c:reduce| 1.480e-06|          100| 1.480e-08| 5.547e-08
       0.Info>>         sd:c:wait| 2.751e-06|          100| 2.751e-08| 1.911e-07
       0.Info>>        sd:compute| 8.695e-01|          100| 8.695e-03| 6.873e-03
       0.Info>>         sd:runner| 8.695e-01|            8| 1.087e-01| 0.000e+00
       0.Info>>          sd:stage| 2.913e-03|            8| 3.641e-04| 0.000e+00
       0.Info>> sd:worker:scatter| 6.423e-01|        10000| 6.423e-05| 9.612e-05
       0.Info>>    sd:worker:wait| 2.255e-01|        10000| 2.255e-05| 1.816e-03
       0.Info>>          sd:write| 1.480e-05|          100| 1.480e-07| 8.013e-07
       0.Info>>           st:fill| 1.808e-04|            8| 2.260e-05| 0.000e+00
       0.Info>>          st:first| 3.396e-04|            1| 3.396e-04| 0.000e+00
       0.Info>>           st:load| 3.337e-04|            1| 3.337e-04| 0.000e+00
       0.Info>>           st:wait| 2.381e-03|            8| 2.977e-04| 0.000e+00
       0.Info>>-----------------------------------------------------------------
       0.Info>>-----------------------------------------------------------------
       0.Info>> watermarks:                                                     
       0.Info>>-----------------------------------------------------------------
       0.Info>>          measure |      min |      max                          
       0.Info>>-----------------------------------------------------------------
       0.Info>>   sd:c:b:dspstore| 2.990e-08| 1.151e-06                         
       0.Info>>    sd:c:b:scatter| 2.192e-05| 2.674e-04                         
       0.Info>>        sd:c:block| 2.296e-03| 8.325e-03                         
       0.Info>>         sd:c:init| 1.699e-03| 3.404e-03                         
       0.Info>>       sd:c:reduce| 0.000e+00| 2.990e-08                         
       0.Info>>         sd:c:wait| 1.495e-08| 2.542e-07                         
       0.Info>>        sd:compute| 4.023e-03| 1.072e-02                         
       0.Info>>         sd:runner| 9.274e-02| 1.182e-01                         
       0.Info>>          sd:stage| 3.618e-04| 3.651e-04                         
       0.Info>> sd:worker:scatter| 2.158e-05| 2.076e-04                         
       0.Info>>    sd:worker:wait| 1.495e-08| 3.406e-03                         
       0.Info>>          sd:write| 7.476e-08| 5.981e-07                         
       0.Info>>           st:fill| 2.013e-05| 2.365e-05                         
       0.Info>>          st:first| 3.396e-04| 3.396e-04                         
       0.Info>>           st:load| 3.337e-04| 3.337e-04                         
       0.Info>>           st:wait| 1.944e-07| 3.402e-04                         
       0.Info>>-----------------------------------------------------------------
       0.Info>>Total runtime (s): 8.3600729999999999                            
       0.Info>>Successfully finished... Have a nice day!                        
