       0.Info>>This software is being developed by Benjamin Lindner.                    
       0.Info>>For help, suggestions or correspondense use:                             
       0.Info>>ben@benlabs.net, Benjamin Lindner (Main Developer, Impl. & Maintenance)  
       0.Info>>franc@cmm.ki.si, Franci Merzel (Methodology)                             
       0.Info>>For publications include the following references:                       
       0.Info>>.........................................................................
       0.Info>>1. Sassena - X-ray and Neutron Scattering Calculated                     
       0.Info>>  from Molecular Dynamics Trajectories using Massively Parallel Computers
       0.Info>>  published as a Computer Program in Physics Paper                       
       0.Info>>.........................................................................
       0.Info>>Version Information: 1.4.2                                       
       0.Info>>                                                                 
       0.Info>>.................................................................
       0.Info>>......................D.E.S.C.R.I.P.T.I.O.N......................
       0.Info>>.................................................................
       0.Info>>This binary computes the scattering intensities directly from    
       0.Info>>a molecular dynamics trajectory.                                 
       0.Info>>.................................................................
       0.Info>>.................................................................
       0.Info>>...................I.N.I.T.I.A.L.I.Z.A.T.I.O.N...................
       0.Info>>.................................................................
       0.Info>>No configuration file specified. Will use default                
       0.Info>>Looking for configuration file: scatter.xml                      
       0.Info>>Reading parameters from XML file: scatter.xml                    
       0.Info>>Added frames from /home/amajumda/study/continuum_simulations/gitlab/continuum-to-scattering/data/100_100_100_50_50_50/single_atom_shrink/iteration_009/t000/pdb_dcd/sample.dcd using format: dcd
       0.Info>>Options: first=0, last=0, lastset=0, stride=1                    
       0.Info>>stager.target=system                                             
       0.Info>>scattering.type=all                                              
       0.Info>>scattering.dsp.type=square                                       
       0.Info>>scattering.average.orientation.type=vectors                      
       0.Info>>scattering.average.orientation.vectors.type=sphere               
       0.Info>>scattering.average.orientation.vectors.algorithm=boost_uniform_on_sphere
       0.Info>>scattering.average.orientation.vectors.resolution=100            
       0.Info>>Generating orientations for orientational averaging using sphere,boost_uniform_on_sphere
       0.Info>>Initialized orientational averaging with 100 vectors.            
       0.Info>>scattering.signal.file=signal.h5                                 
       0.Info>>scattering.signal.filepath=/home/amajumda/study/continuum_simulations/gitlab/continuum-to-scattering/data/100_100_100_50_50_50/single_atom_shrink/iteration_009/t000/signal.h5
       0.Info>>scattering.signal.fqt=1                                          
       0.Info>>scattering.signal.fq0=1                                          
       0.Info>>scattering.signal.fq=1                                           
       0.Info>>scattering.signal.fq2=1                                          
       0.Info>>Analyzing command line for parameter overwrites                  
       0.Info>>Reading database from file: /home/amajumda/study/continuum_simulations/gitlab/continuum-to-scattering/data/100_100_100_50_50_50/single_atom_shrink/iteration_009/t000/database/db-neutron-coherent.xml
       0.Info>>Checking database...                                             
       0.Info>>Testing mapping between PDB names and atom labels                
       0.Info>>Testing database completeness for referenced atom labels         
       0.Info>>Check succeeded. Database seems OK.                              
       0.Info>>Initializing sample...                                           
       0.Info>>Reading structure from file: /home/amajumda/study/continuum_simulations/gitlab/continuum-to-scattering/data/100_100_100_50_50_50/single_atom_shrink/iteration_009/t000/pdb_dcd/sample.pdb
       0.Info>>Done. Atoms read: 125000                                         
       0.Info>>Reading frames from: /home/amajumda/study/continuum_simulations/gitlab/continuum-to-scattering/data/100_100_100_50_50_50/single_atom_shrink/iteration_009/t000/pdb_dcd/sample.dcd
       0.Info>>Found 1 frames                                                   
       0.Info>>Total number of coordinate sets found: 1                         
       0.Info>>Exchanging sample, database & params information with compute nodes... 
       0.Info>>params...                                                        
       0.Info>>database...                                                      
       0.Info>>sample...                                                        
       0.Info>>.................................................................
       0.Info>>......................C.O.M.P.U.T.A.T.I.O.N......................
       0.Info>>.................................................................
       0.Info>>Setting up services...                                           
       0.Info>>Initializing data file service...                                
       0.Info>>Initializing monitor service...                                  
       0.Info>>Starting data file service...                                    
       0.Info>>Starting monitor service...                                      
       0.Info>>Services setup and running...                                    
       0.Info>>Checking /home/amajumda/study/continuum_simulations/gitlab/continuum-to-scattering/data/100_100_100_50_50_50/single_atom_shrink/iteration_009/t000/signal.h5 for old results.
       0.Info>>Broadcasting service information                                 
       0.Info>>Server host name    : hzglap02                                   
       0.Info>>FileService Port    : 36919                                      
       0.Info>>MonitorService Port : 40655                                      
       0.Info>>Setting up parallel environment...                               
       0.Info>>Searching for decomposition plan:                                
       0.Info>>nodes    = 8                                                     
       0.Info>>qvectors = 100                                                   
       0.Info>>frames   = 1                                                     
       0.Info>>atoms   = 125000                                                 
       0.Info>>All interference scattering detected. Applying frame decomposition.
       0.Info>>Automatic decomposition. Searching for best utilization.         
       0.Info>>Final decomposition parameters:                                  
       0.Info>>NN                : 8                                            
       0.Info>>NQ                : 100                                          
       0.Info>>NAF               : 1                                            
       0.Info>>NP                : 8                                            
       0.Info>>NNpP              : 1                                            
       0.Info>>NAFcycles         : 1                                            
       0.Info>>NQcycles          : 13                                           
       0.Info>>CompEl (WASTE/USE): 4/100                                        
       0.Info>>utilization(1=best)    : 0.96153846153846156                     
       0.Info>>Initializing Scatter Device, Vectors (all)                       
       0.Info>>Starting scattering...                                           
       0.Info>>Checking memory requirements for scattering calculation...       
       0.Info>>required limits.computation.memory.result_buffer=16              
       0.Info>>required limits.computation.memory.signal_buffer=16              
       0.Info>>required limits.computation.memory.exchange_buffer=0             
       0.Info>>required limits.computation.memory.alignpad_buffer=32            
       0.Info>>Memory limits ok                                                 
       0.Info>>Staging data...                                                  
       0.Info>>Forcing stager.mode=frames                                       
       0.Info>>Staging first partition.                                         
       0.Info>>Staging remaining partitions.                                    
       0.Info>>background scattering length set to 0                            
       0.Info>>Target initialized.                                              
       0.Info>>Target 'system' produces a background scattering length density of 0.0027742633416818212
       0.Info>>Starting computation...                                          
       0.Info>>Orientational averaging includes 100 vectors                     
       0.Info>>Setting progress sampling factor for monitoring to 1             
       0.Info>>Progress: 1.760%, ETOTAL: 55.736463905325444 s, ETA: 54.755269905325441 s
       0.Info>>Progress: 3.260%, ETOTAL: 30.494998083067088 s, ETA: 29.500734083067087 s
       0.Info>>Progress: 5.521%, ETOTAL: 18.040609811320753 s, ETA: 17.044617811320752 s
       0.Info>>Progress: 11.531%, ETOTAL: 8.926889972899728 s, ETA: 7.8975079728997279 s
       0.Info>>Progress: 23.051%, ETOTAL: 13.045747274749719 s, ETA: 10.038535274749719 s
       0.Info>>Progress: 32.705%, ETOTAL: 9.2547718541748321 s, ETA: 6.2279868541748327 s
       0.Info>>Progress: 40.205%, ETOTAL: 7.7088971938775499 s, ETA: 4.6095251938775501 s
       0.Info>>Progress: 50.455%, ETOTAL: 9.9202165925549473 s, ETA: 4.9149585925549477 s
       0.Info>>Progress: 62.955%, ETOTAL: 8.1985600651664772 s, ETA: 3.0371460651664783 s
       0.Info>>Progress: 72.580%, ETOTAL: 9.6462711945241768 s, ETA: 2.644995194524177 s
       0.Info>>Progress: 81.955%, ETOTAL: 8.6979011028549067 s, ETA: 1.5695251028549064 s
       0.Info>>Scattering finished...                                           
       0.Info>>.................................................................
       0.Info>>.....................R.U.N...A.N.A.L.Y.S.I.S.....................
       0.Info>>.................................................................
       0.Info>>Aggregating timing information for performance analysis...       
       0.Info>>                                                                 
       0.Info>>                    Performance Analysis                         
       0.Info>>-----------------------------------------------------------------
       0.Info>> mean and total runtimes:                                        
       0.Info>>-----------------------------------------------------------------
       0.Info>>          measure |    total |       count |     mean |   stddev 
       0.Info>>-----------------------------------------------------------------
       0.Info>>   sd:c:b:dspstore| 3.715e-02|        10000| 3.715e-06| 2.100e-06
       0.Info>>    sd:c:b:scatter| 4.496e+01|        10000| 4.496e-03| 8.583e-04
       0.Info>>        sd:c:block| 4.514e+01|          100| 4.514e-01| 4.380e-02
       0.Info>>         sd:c:init| 1.541e+01|          100| 1.541e-01| 2.772e-02
       0.Info>>       sd:c:reduce| 1.110e-04|          100| 1.110e-06| 7.809e-07
       0.Info>>         sd:c:wait| 1.680e-04|          100| 1.680e-06| 6.116e-07
       0.Info>>        sd:compute| 6.055e+01|          100| 6.055e-01| 5.716e-02
       0.Info>>         sd:runner| 6.056e+01|            8| 7.569e+00| 0.000e+00
       0.Info>>          sd:stage| 1.935e-01|            8| 2.418e-02| 0.000e+00
       0.Info>> sd:worker:scatter| 4.455e+01|        10000| 4.455e-03| 8.257e-04
       0.Info>>    sd:worker:wait| 1.590e+01|        10000| 1.590e-03| 1.562e-02
       0.Info>>          sd:write| 1.071e-03|          100| 1.071e-05| 9.009e-06
       0.Info>>           st:fill| 1.175e-02|            8| 1.469e-03| 0.000e+00
       0.Info>>          st:first| 2.259e-02|            1| 2.259e-02| 0.000e+00
       0.Info>>           st:load| 2.226e-02|            1| 2.226e-02| 0.000e+00
       0.Info>>           st:wait| 1.584e-01|            8| 1.980e-02| 0.000e+00
       0.Info>>-----------------------------------------------------------------
       0.Info>>-----------------------------------------------------------------
       0.Info>> watermarks:                                                     
       0.Info>>-----------------------------------------------------------------
       0.Info>>          measure |      min |      max                          
       0.Info>>-----------------------------------------------------------------
       0.Info>>   sd:c:b:dspstore| 2.000e-06| 7.600e-05                         
       0.Info>>    sd:c:b:scatter| 1.567e-03| 1.723e-02                         
       0.Info>>        sd:c:block| 1.610e-01| 5.832e-01                         
       0.Info>>         sd:c:init| 1.193e-01| 2.358e-01                         
       0.Info>>       sd:c:reduce| 0.000e+00| 6.000e-06                         
       0.Info>>         sd:c:wait| 1.000e-06| 4.000e-06                         
       0.Info>>        sd:compute| 2.804e-01| 7.526e-01                         
       0.Info>>         sd:runner| 6.548e+00| 8.171e+00                         
       0.Info>>          sd:stage| 2.403e-02| 2.424e-02                         
       0.Info>> sd:worker:scatter| 1.550e-03| 6.923e-03                         
       0.Info>>    sd:worker:wait| 1.000e-06| 2.359e-01                         
       0.Info>>          sd:write| 5.000e-06| 5.500e-05                         
       0.Info>>           st:fill| 1.314e-03| 1.533e-03                         
       0.Info>>          st:first| 2.259e-02| 2.259e-02                         
       0.Info>>           st:load| 2.226e-02| 2.226e-02                         
       0.Info>>           st:wait| 9.000e-06| 2.263e-02                         
       0.Info>>-----------------------------------------------------------------
       0.Info>>                                                                 
       0.Info>>         Performance Analysis (relative to total time * nodes)   
       0.Info>>-----------------------------------------------------------------
       0.Info>> mean and total runtimes:                                        
       0.Info>>-----------------------------------------------------------------
       0.Info>>          measure |    total |       count |     mean |   stddev 
       0.Info>>-----------------------------------------------------------------
       0.Info>>   sd:c:b:dspstore| 5.338e-04|        10000| 5.338e-08| 2.517e-07
       0.Info>>    sd:c:b:scatter| 6.460e-01|        10000| 6.460e-05| 1.029e-04
       0.Info>>        sd:c:block| 6.486e-01|          100| 6.486e-03| 5.251e-03
       0.Info>>         sd:c:init| 2.215e-01|          100| 2.215e-03| 3.323e-03
       0.Info>>       sd:c:reduce| 1.595e-06|          100| 1.595e-08| 9.361e-08
       0.Info>>         sd:c:wait| 2.414e-06|          100| 2.414e-08| 7.331e-08
       0.Info>>        sd:compute| 8.702e-01|          100| 8.702e-03| 6.852e-03
       0.Info>>         sd:runner| 8.702e-01|            8| 1.088e-01| 0.000e+00
       0.Info>>          sd:stage| 2.780e-03|            8| 3.475e-04| 0.000e+00
       0.Info>> sd:worker:scatter| 6.402e-01|        10000| 6.402e-05| 9.898e-05
       0.Info>>    sd:worker:wait| 2.285e-01|        10000| 2.285e-05| 1.872e-03
       0.Info>>          sd:write| 1.539e-05|          100| 1.539e-07| 1.080e-06
       0.Info>>           st:fill| 1.688e-04|            8| 2.110e-05| 0.000e+00
       0.Info>>          st:first| 3.247e-04|            1| 3.247e-04| 0.000e+00
       0.Info>>           st:load| 3.199e-04|            1| 3.199e-04| 0.000e+00
       0.Info>>           st:wait| 2.276e-03|            8| 2.845e-04| 0.000e+00
       0.Info>>-----------------------------------------------------------------
       0.Info>>-----------------------------------------------------------------
       0.Info>> watermarks:                                                     
       0.Info>>-----------------------------------------------------------------
       0.Info>>          measure |      min |      max                          
       0.Info>>-----------------------------------------------------------------
       0.Info>>   sd:c:b:dspstore| 2.874e-08| 1.092e-06                         
       0.Info>>    sd:c:b:scatter| 2.252e-05| 2.476e-04                         
       0.Info>>        sd:c:block| 2.314e-03| 8.381e-03                         
       0.Info>>         sd:c:init| 1.714e-03| 3.388e-03                         
       0.Info>>       sd:c:reduce| 0.000e+00| 8.622e-08                         
       0.Info>>         sd:c:wait| 1.437e-08| 5.748e-08                         
       0.Info>>        sd:compute| 4.029e-03| 1.081e-02                         
       0.Info>>         sd:runner| 9.410e-02| 1.174e-01                         
       0.Info>>          sd:stage| 3.453e-04| 3.484e-04                         
       0.Info>> sd:worker:scatter| 2.227e-05| 9.949e-05                         
       0.Info>>    sd:worker:wait| 1.437e-08| 3.390e-03                         
       0.Info>>          sd:write| 7.185e-08| 7.904e-07                         
       0.Info>>           st:fill| 1.888e-05| 2.203e-05                         
       0.Info>>          st:first| 3.247e-04| 3.247e-04                         
       0.Info>>           st:load| 3.199e-04| 3.199e-04                         
       0.Info>>           st:wait| 1.293e-07| 3.252e-04                         
       0.Info>>-----------------------------------------------------------------
       0.Info>>Total runtime (s): 8.6984499999999993                            
       0.Info>>Successfully finished... Have a nice day!                        
