       0.Info>>This software is being developed by Benjamin Lindner.                    
       0.Info>>For help, suggestions or correspondense use:                             
       0.Info>>ben@benlabs.net, Benjamin Lindner (Main Developer, Impl. & Maintenance)  
       0.Info>>franc@cmm.ki.si, Franci Merzel (Methodology)                             
       0.Info>>For publications include the following references:                       
       0.Info>>.........................................................................
       0.Info>>1. Sassena - X-ray and Neutron Scattering Calculated                     
       0.Info>>  from Molecular Dynamics Trajectories using Massively Parallel Computers
       0.Info>>  published as a Computer Program in Physics Paper                       
       0.Info>>.........................................................................
       0.Info>>Version Information: 1.4.2                                       
       0.Info>>                                                                 
       0.Info>>.................................................................
       0.Info>>......................D.E.S.C.R.I.P.T.I.O.N......................
       0.Info>>.................................................................
       0.Info>>This binary computes the scattering intensities directly from    
       0.Info>>a molecular dynamics trajectory.                                 
       0.Info>>.................................................................
       0.Info>>.................................................................
       0.Info>>...................I.N.I.T.I.A.L.I.Z.A.T.I.O.N...................
       0.Info>>.................................................................
       0.Info>>No configuration file specified. Will use default                
       0.Info>>Looking for configuration file: scatter.xml                      
       0.Info>>Reading parameters from XML file: scatter.xml                    
       0.Info>>Added frames from /home/amajumda/study/continuum_simulations/gitlab/continuum-to-scattering/data/100_100_100_50_50_50/single_atom_shrink/iteration_013/t003/pdb_dcd/sample.dcd using format: dcd
       0.Info>>Options: first=0, last=0, lastset=0, stride=1                    
       0.Info>>stager.target=system                                             
       0.Info>>scattering.type=all                                              
       0.Info>>scattering.dsp.type=square                                       
       0.Info>>scattering.average.orientation.type=vectors                      
       0.Info>>scattering.average.orientation.vectors.type=sphere               
       0.Info>>scattering.average.orientation.vectors.algorithm=boost_uniform_on_sphere
       0.Info>>scattering.average.orientation.vectors.resolution=100            
       0.Info>>Generating orientations for orientational averaging using sphere,boost_uniform_on_sphere
       0.Info>>Initialized orientational averaging with 100 vectors.            
       0.Info>>scattering.signal.file=signal.h5                                 
       0.Info>>scattering.signal.filepath=/home/amajumda/study/continuum_simulations/gitlab/continuum-to-scattering/data/100_100_100_50_50_50/single_atom_shrink/iteration_013/t003/signal.h5
       0.Info>>scattering.signal.fqt=1                                          
       0.Info>>scattering.signal.fq0=1                                          
       0.Info>>scattering.signal.fq=1                                           
       0.Info>>scattering.signal.fq2=1                                          
       0.Info>>Analyzing command line for parameter overwrites                  
       0.Info>>Reading database from file: /home/amajumda/study/continuum_simulations/gitlab/continuum-to-scattering/data/100_100_100_50_50_50/single_atom_shrink/iteration_013/t003/database/db-neutron-coherent.xml
       0.Info>>Checking database...                                             
       0.Info>>Testing mapping between PDB names and atom labels                
       0.Info>>Testing database completeness for referenced atom labels         
       0.Info>>Check succeeded. Database seems OK.                              
       0.Info>>Initializing sample...                                           
       0.Info>>Reading structure from file: /home/amajumda/study/continuum_simulations/gitlab/continuum-to-scattering/data/100_100_100_50_50_50/single_atom_shrink/iteration_013/t003/pdb_dcd/sample.pdb
       0.Info>>Done. Atoms read: 125000                                         
       0.Info>>Reading frames from: /home/amajumda/study/continuum_simulations/gitlab/continuum-to-scattering/data/100_100_100_50_50_50/single_atom_shrink/iteration_013/t003/pdb_dcd/sample.dcd
       0.Info>>Found 1 frames                                                   
       0.Info>>Total number of coordinate sets found: 1                         
       0.Info>>Exchanging sample, database & params information with compute nodes... 
       0.Info>>params...                                                        
       0.Info>>database...                                                      
       0.Info>>sample...                                                        
       0.Info>>.................................................................
       0.Info>>......................C.O.M.P.U.T.A.T.I.O.N......................
       0.Info>>.................................................................
       0.Info>>Setting up services...                                           
       0.Info>>Initializing data file service...                                
       0.Info>>Initializing monitor service...                                  
       0.Info>>Starting data file service...                                    
       0.Info>>Starting monitor service...                                      
       0.Info>>Services setup and running...                                    
       0.Info>>Checking /home/amajumda/study/continuum_simulations/gitlab/continuum-to-scattering/data/100_100_100_50_50_50/single_atom_shrink/iteration_013/t003/signal.h5 for old results.
       0.Info>>Broadcasting service information                                 
       0.Info>>Server host name    : hzglap02                                   
       0.Info>>FileService Port    : 35985                                      
       0.Info>>MonitorService Port : 46611                                      
       0.Info>>Setting up parallel environment...                               
       0.Info>>Searching for decomposition plan:                                
       0.Info>>nodes    = 8                                                     
       0.Info>>qvectors = 100                                                   
       0.Info>>frames   = 1                                                     
       0.Info>>atoms   = 125000                                                 
       0.Info>>All interference scattering detected. Applying frame decomposition.
       0.Info>>Automatic decomposition. Searching for best utilization.         
       0.Info>>Final decomposition parameters:                                  
       0.Info>>NN                : 8                                            
       0.Info>>NQ                : 100                                          
       0.Info>>NAF               : 1                                            
       0.Info>>NP                : 8                                            
       0.Info>>NNpP              : 1                                            
       0.Info>>NAFcycles         : 1                                            
       0.Info>>NQcycles          : 13                                           
       0.Info>>CompEl (WASTE/USE): 4/100                                        
       0.Info>>utilization(1=best)    : 0.96153846153846156                     
       0.Info>>Initializing Scatter Device, Vectors (all)                       
       0.Info>>Starting scattering...                                           
       0.Info>>Checking memory requirements for scattering calculation...       
       0.Info>>required limits.computation.memory.result_buffer=16              
       0.Info>>required limits.computation.memory.signal_buffer=16              
       0.Info>>required limits.computation.memory.exchange_buffer=0             
       0.Info>>required limits.computation.memory.alignpad_buffer=32            
       0.Info>>Memory limits ok                                                 
       0.Info>>Staging data...                                                  
       0.Info>>Forcing stager.mode=frames                                       
       0.Info>>Staging first partition.                                         
       0.Info>>Staging remaining partitions.                                    
       0.Info>>background scattering length set to 0                            
       0.Info>>Target initialized.                                              
       0.Info>>Target 'system' produces a background scattering length density of 0.0011159418337281519
       0.Info>>Starting computation...                                          
       0.Info>>Orientational averaging includes 100 vectors                     
       0.Info>>Setting progress sampling factor for monitoring to 1             
       0.Info>>Progress: 1.750%, ETOTAL: 57.381485714285709 s, ETA: 56.377309714285708 s
       0.Info>>Progress: 4.385%, ETOTAL: 22.91458432304038 s, ETA: 21.909684323040381 s
       0.Info>>Progress: 6.135%, ETOTAL: 16.432918166383701 s, ETA: 15.424690166383701 s
       0.Info>>Progress: 11.656%, ETOTAL: 8.7882466487935655 s, ETA: 7.7638666487935657 s
       0.Info>>Progress: 21.551%, ETOTAL: 14.075171921475309 s, ETA: 11.04179192147531 s
       0.Info>>Progress: 32.176%, ETOTAL: 9.5141414881960351 s, ETA: 6.4528444881960354 s
       0.Info>>Progress: 41.580%, ETOTAL: 7.6312463115701838 s, ETA: 4.4581643115701839 s
       0.Info>>Progress: 51.080%, ETOTAL: 9.8275908389282787 s, ETA: 4.8076448389282787 s
       0.Info>>Progress: 61.205%, ETOTAL: 8.2549210305823237 s, ETA: 3.202486030582322 s
       0.Info>>Progress: 70.830%, ETOTAL: 9.8964722747635676 s, ETA: 2.8867882747635649 s
       0.Info>>Progress: 80.580%, ETOTAL: 8.7130923670498426 s, ETA: 1.6920713670498388 s
       0.Info>>Progress: 90.580%, ETOTAL: 7.9037700010615382 s, ETA: 0.7445250010615343 s
       0.Info>>Scattering finished...                                           
       0.Info>>.................................................................
       0.Info>>.....................R.U.N...A.N.A.L.Y.S.I.S.....................
       0.Info>>.................................................................
       0.Info>>Aggregating timing information for performance analysis...       
       0.Info>>                                                                 
       0.Info>>                    Performance Analysis                         
       0.Info>>-----------------------------------------------------------------
       0.Info>> mean and total runtimes:                                        
       0.Info>>-----------------------------------------------------------------
       0.Info>>          measure |    total |       count |     mean |   stddev 
       0.Info>>-----------------------------------------------------------------
       0.Info>>   sd:c:b:dspstore| 3.704e-02|        10000| 3.704e-06| 1.891e-06
       0.Info>>    sd:c:b:scatter| 4.414e+01|        10000| 4.414e-03| 8.313e-04
       0.Info>>        sd:c:block| 4.432e+01|          100| 4.432e-01| 4.075e-02
       0.Info>>         sd:c:init| 1.501e+01|          100| 1.501e-01| 2.976e-02
       0.Info>>       sd:c:reduce| 1.070e-04|          100| 1.070e-06| 4.729e-07
       0.Info>>         sd:c:wait| 1.660e-04|          100| 1.660e-06| 5.200e-07
       0.Info>>        sd:compute| 5.933e+01|          100| 5.933e-01| 5.544e-02
       0.Info>>         sd:runner| 5.933e+01|            8| 7.417e+00| 0.000e+00
       0.Info>>          sd:stage| 1.937e-01|            8| 2.421e-02| 0.000e+00
       0.Info>> sd:worker:scatter| 4.374e+01|        10000| 4.374e-03| 7.839e-04
       0.Info>>    sd:worker:wait| 1.549e+01|        10000| 1.549e-03| 1.526e-02
       0.Info>>          sd:write| 1.032e-03|          100| 1.032e-05| 7.655e-06
       0.Info>>           st:fill| 1.203e-02|            8| 1.503e-03| 0.000e+00
       0.Info>>          st:first| 2.259e-02|            1| 2.259e-02| 0.000e+00
       0.Info>>           st:load| 2.226e-02|            1| 2.226e-02| 0.000e+00
       0.Info>>           st:wait| 1.584e-01|            8| 1.980e-02| 0.000e+00
       0.Info>>-----------------------------------------------------------------
       0.Info>>-----------------------------------------------------------------
       0.Info>> watermarks:                                                     
       0.Info>>-----------------------------------------------------------------
       0.Info>>          measure |      min |      max                          
       0.Info>>-----------------------------------------------------------------
       0.Info>>   sd:c:b:dspstore| 1.000e-06| 7.000e-05                         
       0.Info>>    sd:c:b:scatter| 1.531e-03| 2.515e-02                         
       0.Info>>        sd:c:block| 1.612e-01| 5.498e-01                         
       0.Info>>         sd:c:init| 1.143e-01| 2.336e-01                         
       0.Info>>       sd:c:reduce| 0.000e+00| 2.000e-06                         
       0.Info>>         sd:c:wait| 1.000e-06| 3.000e-06                         
       0.Info>>        sd:compute| 2.809e-01| 7.447e-01                         
       0.Info>>         sd:runner| 6.314e+00| 8.243e+00                         
       0.Info>>          sd:stage| 2.407e-02| 2.427e-02                         
       0.Info>> sd:worker:scatter| 1.511e-03| 6.791e-03                         
       0.Info>>    sd:worker:wait| 3.000e-06| 2.337e-01                         
       0.Info>>          sd:write| 6.000e-06| 4.900e-05                         
       0.Info>>           st:fill| 1.354e-03| 1.564e-03                         
       0.Info>>          st:first| 2.259e-02| 2.259e-02                         
       0.Info>>           st:load| 2.226e-02| 2.226e-02                         
       0.Info>>           st:wait| 1.100e-05| 2.263e-02                         
       0.Info>>-----------------------------------------------------------------
       0.Info>>                                                                 
       0.Info>>         Performance Analysis (relative to total time * nodes)   
       0.Info>>-----------------------------------------------------------------
       0.Info>> mean and total runtimes:                                        
       0.Info>>-----------------------------------------------------------------
       0.Info>>          measure |    total |       count |     mean |   stddev 
       0.Info>>-----------------------------------------------------------------
       0.Info>>   sd:c:b:dspstore| 5.301e-04|        10000| 5.301e-08| 2.263e-07
       0.Info>>    sd:c:b:scatter| 6.318e-01|        10000| 6.318e-05| 9.946e-05
       0.Info>>        sd:c:block| 6.344e-01|          100| 6.344e-03| 4.875e-03
       0.Info>>         sd:c:init| 2.148e-01|          100| 2.148e-03| 3.560e-03
       0.Info>>       sd:c:reduce| 1.532e-06|          100| 1.532e-08| 5.657e-08
       0.Info>>         sd:c:wait| 2.376e-06|          100| 2.376e-08| 6.221e-08
       0.Info>>        sd:compute| 8.493e-01|          100| 8.493e-03| 6.633e-03
       0.Info>>         sd:runner| 8.493e-01|            8| 1.062e-01| 0.000e+00
       0.Info>>          sd:stage| 2.773e-03|            8| 3.466e-04| 0.000e+00
       0.Info>> sd:worker:scatter| 6.262e-01|        10000| 6.262e-05| 9.378e-05
       0.Info>>    sd:worker:wait| 2.217e-01|        10000| 2.217e-05| 1.826e-03
       0.Info>>          sd:write| 1.477e-05|          100| 1.477e-07| 9.159e-07
       0.Info>>           st:fill| 1.721e-04|            8| 2.152e-05| 0.000e+00
       0.Info>>          st:first| 3.233e-04|            1| 3.233e-04| 0.000e+00
       0.Info>>           st:load| 3.186e-04|            1| 3.186e-04| 0.000e+00
       0.Info>>           st:wait| 2.267e-03|            8| 2.834e-04| 0.000e+00
       0.Info>>-----------------------------------------------------------------
       0.Info>>-----------------------------------------------------------------
       0.Info>> watermarks:                                                     
       0.Info>>-----------------------------------------------------------------
       0.Info>>          measure |      min |      max                          
       0.Info>>-----------------------------------------------------------------
       0.Info>>   sd:c:b:dspstore| 1.431e-08| 1.002e-06                         
       0.Info>>    sd:c:b:scatter| 2.192e-05| 3.601e-04                         
       0.Info>>        sd:c:block| 2.308e-03| 7.871e-03                         
       0.Info>>         sd:c:init| 1.635e-03| 3.343e-03                         
       0.Info>>       sd:c:reduce| 0.000e+00| 2.863e-08                         
       0.Info>>         sd:c:wait| 1.431e-08| 4.294e-08                         
       0.Info>>        sd:compute| 4.021e-03| 1.066e-02                         
       0.Info>>         sd:runner| 9.038e-02| 1.180e-01                         
       0.Info>>          sd:stage| 3.445e-04| 3.475e-04                         
       0.Info>> sd:worker:scatter| 2.163e-05| 9.721e-05                         
       0.Info>>    sd:worker:wait| 4.294e-08| 3.345e-03                         
       0.Info>>          sd:write| 8.589e-08| 7.014e-07                         
       0.Info>>           st:fill| 1.938e-05| 2.239e-05                         
       0.Info>>          st:first| 3.233e-04| 3.233e-04                         
       0.Info>>           st:load| 3.186e-04| 3.186e-04                         
       0.Info>>           st:wait| 1.575e-07| 3.239e-04                         
       0.Info>>-----------------------------------------------------------------
       0.Info>>Total runtime (s): 8.7323740000000001                            
       0.Info>>Successfully finished... Have a nice day!                        
