       0.Info>>This software is being developed by Benjamin Lindner.                    
       0.Info>>For help, suggestions or correspondense use:                             
       0.Info>>ben@benlabs.net, Benjamin Lindner (Main Developer, Impl. & Maintenance)  
       0.Info>>franc@cmm.ki.si, Franci Merzel (Methodology)                             
       0.Info>>For publications include the following references:                       
       0.Info>>.........................................................................
       0.Info>>1. Sassena - X-ray and Neutron Scattering Calculated                     
       0.Info>>  from Molecular Dynamics Trajectories using Massively Parallel Computers
       0.Info>>  published as a Computer Program in Physics Paper                       
       0.Info>>.........................................................................
       0.Info>>Version Information: 1.4.2                                       
       0.Info>>                                                                 
       0.Info>>.................................................................
       0.Info>>......................D.E.S.C.R.I.P.T.I.O.N......................
       0.Info>>.................................................................
       0.Info>>This binary computes the scattering intensities directly from    
       0.Info>>a molecular dynamics trajectory.                                 
       0.Info>>.................................................................
       0.Info>>.................................................................
       0.Info>>...................I.N.I.T.I.A.L.I.Z.A.T.I.O.N...................
       0.Info>>.................................................................
       0.Info>>No configuration file specified. Will use default                
       0.Info>>Looking for configuration file: scatter.xml                      
       0.Info>>Reading parameters from XML file: scatter.xml                    
       0.Info>>Added frames from /home/amajumda/study/continuum_simulations/gitlab/continuum-to-scattering/data/100_100_100_10_10_10/single_atom_shrink/iteration_001/t009/pdb_dcd/sample.dcd using format: dcd
       0.Info>>Options: first=0, last=0, lastset=0, stride=1                    
       0.Info>>stager.target=system                                             
       0.Info>>scattering.type=all                                              
       0.Info>>scattering.dsp.type=square                                       
       0.Info>>scattering.average.orientation.type=vectors                      
       0.Info>>scattering.average.orientation.vectors.type=sphere               
       0.Info>>scattering.average.orientation.vectors.algorithm=boost_uniform_on_sphere
       0.Info>>scattering.average.orientation.vectors.resolution=100            
       0.Info>>Generating orientations for orientational averaging using sphere,boost_uniform_on_sphere
       0.Info>>Initialized orientational averaging with 100 vectors.            
       0.Info>>scattering.signal.file=signal.h5                                 
       0.Info>>scattering.signal.filepath=/home/amajumda/study/continuum_simulations/gitlab/continuum-to-scattering/data/100_100_100_10_10_10/single_atom_shrink/iteration_001/t009/signal.h5
       0.Info>>scattering.signal.fqt=1                                          
       0.Info>>scattering.signal.fq0=1                                          
       0.Info>>scattering.signal.fq=1                                           
       0.Info>>scattering.signal.fq2=1                                          
       0.Info>>Analyzing command line for parameter overwrites                  
       0.Info>>Reading database from file: /home/amajumda/study/continuum_simulations/gitlab/continuum-to-scattering/data/100_100_100_10_10_10/single_atom_shrink/iteration_001/t009/database/db-neutron-coherent.xml
       0.Info>>Checking database...                                             
       0.Info>>Testing mapping between PDB names and atom labels                
       0.Info>>Testing database completeness for referenced atom labels         
       0.Info>>Check succeeded. Database seems OK.                              
       0.Info>>Initializing sample...                                           
       0.Info>>Reading structure from file: /home/amajumda/study/continuum_simulations/gitlab/continuum-to-scattering/data/100_100_100_10_10_10/single_atom_shrink/iteration_001/t009/pdb_dcd/sample.pdb
       0.Info>>Done. Atoms read: 1000                                           
       0.Info>>Reading frames from: /home/amajumda/study/continuum_simulations/gitlab/continuum-to-scattering/data/100_100_100_10_10_10/single_atom_shrink/iteration_001/t009/pdb_dcd/sample.dcd
       0.Info>>Found 1 frames                                                   
       0.Info>>Total number of coordinate sets found: 1                         
       0.Info>>Exchanging sample, database & params information with compute nodes... 
       0.Info>>params...                                                        
       0.Info>>database...                                                      
       0.Info>>sample...                                                        
       0.Info>>.................................................................
       0.Info>>......................C.O.M.P.U.T.A.T.I.O.N......................
       0.Info>>.................................................................
       0.Info>>Setting up services...                                           
       0.Info>>Initializing data file service...                                
       0.Info>>Initializing monitor service...                                  
       0.Info>>Starting data file service...                                    
       0.Info>>Starting monitor service...                                      
       0.Info>>Services setup and running...                                    
       0.Info>>Checking /home/amajumda/study/continuum_simulations/gitlab/continuum-to-scattering/data/100_100_100_10_10_10/single_atom_shrink/iteration_001/t009/signal.h5 for old results.
       0.Info>>Broadcasting service information                                 
       0.Info>>Server host name    : hzglap02                                   
       0.Info>>FileService Port    : 33411                                      
       0.Info>>MonitorService Port : 36469                                      
       0.Info>>Setting up parallel environment...                               
       0.Info>>Searching for decomposition plan:                                
       0.Info>>nodes    = 8                                                     
       0.Info>>qvectors = 100                                                   
       0.Info>>frames   = 1                                                     
       0.Info>>atoms   = 1000                                                   
       0.Info>>All interference scattering detected. Applying frame decomposition.
       0.Info>>Automatic decomposition. Searching for best utilization.         
       0.Info>>Final decomposition parameters:                                  
       0.Info>>NN                : 8                                            
       0.Info>>NQ                : 100                                          
       0.Info>>NAF               : 1                                            
       0.Info>>NP                : 8                                            
       0.Info>>NNpP              : 1                                            
       0.Info>>NAFcycles         : 1                                            
       0.Info>>NQcycles          : 13                                           
       0.Info>>CompEl (WASTE/USE): 4/100                                        
       0.Info>>utilization(1=best)    : 0.96153846153846156                     
       0.Info>>Initializing Scatter Device, Vectors (all)                       
       0.Info>>Starting scattering...                                           
       0.Info>>Checking memory requirements for scattering calculation...       
       0.Info>>required limits.computation.memory.result_buffer=16              
       0.Info>>required limits.computation.memory.signal_buffer=16              
       0.Info>>required limits.computation.memory.exchange_buffer=0             
       0.Info>>required limits.computation.memory.alignpad_buffer=32            
       0.Info>>Memory limits ok                                                 
       0.Info>>Staging data...                                                  
       0.Info>>Forcing stager.mode=frames                                       
       0.Info>>Staging first partition.                                         
       0.Info>>Staging remaining partitions.                                    
       0.Info>>background scattering length set to 0                            
       0.Info>>Target initialized.                                              
       0.Info>>Target 'system' produces a background scattering length density of 0.035650707252585144
       0.Info>>Starting computation...                                          
       0.Info>>Orientational averaging includes 100 vectors                     
       0.Info>>Setting progress sampling factor for monitoring to 1             
       0.Info>>Scattering finished...                                           
       0.Info>>.................................................................
       0.Info>>.....................R.U.N...A.N.A.L.Y.S.I.S.....................
       0.Info>>.................................................................
       0.Info>>Aggregating timing information for performance analysis...       
       0.Info>>                                                                 
       0.Info>>                    Performance Analysis                         
       0.Info>>-----------------------------------------------------------------
       0.Info>> mean and total runtimes:                                        
       0.Info>>-----------------------------------------------------------------
       0.Info>>          measure |    total |       count |     mean |   stddev 
       0.Info>>-----------------------------------------------------------------
       0.Info>>   sd:c:b:dspstore| 2.598e-02|        10000| 2.598e-06| 1.839e-06
       0.Info>>    sd:c:b:scatter| 6.050e-01|        10000| 6.050e-05| 1.483e-05
       0.Info>>        sd:c:block| 7.315e-01|          100| 7.315e-03| 4.392e-04
       0.Info>>         sd:c:init| 1.464e-01|          100| 1.464e-03| 3.807e-04
       0.Info>>       sd:c:reduce| 1.110e-04|          100| 1.110e-06| 1.425e-06
       0.Info>>         sd:c:wait| 1.440e-04|          100| 1.440e-06| 8.619e-07
       0.Info>>        sd:compute| 8.800e-01|          100| 8.800e-03| 6.063e-04
       0.Info>>         sd:runner| 8.834e-01|            8| 1.104e-01| 0.000e+00
       0.Info>>          sd:stage| 4.085e-03|            8| 5.106e-04| 0.000e+00
       0.Info>> sd:worker:scatter| 4.261e-01|        10000| 4.261e-05| 6.296e-06
       0.Info>>    sd:worker:wait| 3.817e-01|        10000| 3.817e-05| 1.557e-04
       0.Info>>          sd:write| 8.110e-04|          100| 8.110e-06| 6.345e-06
       0.Info>>           st:fill| 8.360e-04|            8| 1.045e-04| 0.000e+00
       0.Info>>          st:first| 3.080e-04|            1| 3.080e-04| 0.000e+00
       0.Info>>           st:load| 2.820e-04|            1| 2.820e-04| 0.000e+00
       0.Info>>           st:wait| 2.362e-03|            8| 2.952e-04| 0.000e+00
       0.Info>>-----------------------------------------------------------------
       0.Info>>-----------------------------------------------------------------
       0.Info>> watermarks:                                                     
       0.Info>>-----------------------------------------------------------------
       0.Info>>          measure |      min |      max                          
       0.Info>>-----------------------------------------------------------------
       0.Info>>   sd:c:b:dspstore| 1.000e-06| 9.600e-05                         
       0.Info>>    sd:c:b:scatter| 2.400e-05| 8.680e-04                         
       0.Info>>        sd:c:block| 5.014e-03| 8.629e-03                         
       0.Info>>         sd:c:init| 9.120e-04| 2.638e-03                         
       0.Info>>       sd:c:reduce| 0.000e+00| 1.500e-05                         
       0.Info>>         sd:c:wait| 0.000e+00| 7.000e-06                         
       0.Info>>        sd:compute| 7.501e-03| 1.118e-02                         
       0.Info>>         sd:runner| 1.010e-01| 1.178e-01                         
       0.Info>>          sd:stage| 5.030e-04| 5.150e-04                         
       0.Info>> sd:worker:scatter| 1.200e-05| 1.520e-04                         
       0.Info>>    sd:worker:wait| 1.200e-05| 2.754e-03                         
       0.Info>>          sd:write| 4.000e-06| 4.100e-05                         
       0.Info>>           st:fill| 9.100e-05| 1.090e-04                         
       0.Info>>          st:first| 3.080e-04| 3.080e-04                         
       0.Info>>           st:load| 2.820e-04| 2.820e-04                         
       0.Info>>           st:wait| 4.000e-06| 3.390e-04                         
       0.Info>>-----------------------------------------------------------------
       0.Info>>                                                                 
       0.Info>>         Performance Analysis (relative to total time * nodes)   
       0.Info>>-----------------------------------------------------------------
       0.Info>> mean and total runtimes:                                        
       0.Info>>-----------------------------------------------------------------
       0.Info>>          measure |    total |       count |     mean |   stddev 
       0.Info>>-----------------------------------------------------------------
       0.Info>>   sd:c:b:dspstore| 1.965e-02|        10000| 1.965e-06| 1.600e-06
       0.Info>>    sd:c:b:scatter| 4.576e-01|        10000| 4.576e-05| 1.290e-05
       0.Info>>        sd:c:block| 5.533e-01|          100| 5.533e-03| 3.820e-04
       0.Info>>         sd:c:init| 1.107e-01|          100| 1.107e-03| 3.311e-04
       0.Info>>       sd:c:reduce| 8.396e-05|          100| 8.396e-07| 1.240e-06
       0.Info>>         sd:c:wait| 1.089e-04|          100| 1.089e-06| 7.496e-07
       0.Info>>        sd:compute| 6.657e-01|          100| 6.657e-03| 5.273e-04
       0.Info>>         sd:runner| 6.682e-01|            8| 8.352e-02| 0.000e+00
       0.Info>>          sd:stage| 3.090e-03|            8| 3.862e-04| 0.000e+00
       0.Info>> sd:worker:scatter| 3.223e-01|        10000| 3.223e-05| 5.476e-06
       0.Info>>    sd:worker:wait| 2.888e-01|        10000| 2.888e-05| 1.354e-04
       0.Info>>          sd:write| 6.134e-04|          100| 6.134e-06| 5.518e-06
       0.Info>>           st:fill| 6.323e-04|            8| 7.904e-05| 0.000e+00
       0.Info>>          st:first| 2.330e-04|            1| 2.330e-04| 0.000e+00
       0.Info>>           st:load| 2.133e-04|            1| 2.133e-04| 0.000e+00
       0.Info>>           st:wait| 1.787e-03|            8| 2.233e-04| 0.000e+00
       0.Info>>-----------------------------------------------------------------
       0.Info>>-----------------------------------------------------------------
       0.Info>> watermarks:                                                     
       0.Info>>-----------------------------------------------------------------
       0.Info>>          measure |      min |      max                          
       0.Info>>-----------------------------------------------------------------
       0.Info>>   sd:c:b:dspstore| 7.564e-07| 7.261e-05                         
       0.Info>>    sd:c:b:scatter| 1.815e-05| 6.566e-04                         
       0.Info>>        sd:c:block| 3.793e-03| 6.527e-03                         
       0.Info>>         sd:c:init| 6.898e-04| 1.995e-03                         
       0.Info>>       sd:c:reduce| 0.000e+00| 1.135e-05                         
       0.Info>>         sd:c:wait| 0.000e+00| 5.295e-06                         
       0.Info>>        sd:compute| 5.674e-03| 8.454e-03                         
       0.Info>>         sd:runner| 7.636e-02| 8.910e-02                         
       0.Info>>          sd:stage| 3.805e-04| 3.895e-04                         
       0.Info>> sd:worker:scatter| 9.077e-06| 1.150e-04                         
       0.Info>>    sd:worker:wait| 9.077e-06| 2.083e-03                         
       0.Info>>          sd:write| 3.026e-06| 3.101e-05                         
       0.Info>>           st:fill| 6.883e-05| 8.245e-05                         
       0.Info>>          st:first| 2.330e-04| 2.330e-04                         
       0.Info>>           st:load| 2.133e-04| 2.133e-04                         
       0.Info>>           st:wait| 3.026e-06| 2.564e-04                         
       0.Info>>-----------------------------------------------------------------
       0.Info>>Total runtime (s): 0.16525699999999999                           
       0.Info>>Successfully finished... Have a nice day!                        
