       0.Info>>This software is being developed by Benjamin Lindner.                    
       0.Info>>For help, suggestions or correspondense use:                             
       0.Info>>ben@benlabs.net, Benjamin Lindner (Main Developer, Impl. & Maintenance)  
       0.Info>>franc@cmm.ki.si, Franci Merzel (Methodology)                             
       0.Info>>For publications include the following references:                       
       0.Info>>.........................................................................
       0.Info>>1. Sassena - X-ray and Neutron Scattering Calculated                     
       0.Info>>  from Molecular Dynamics Trajectories using Massively Parallel Computers
       0.Info>>  published as a Computer Program in Physics Paper                       
       0.Info>>.........................................................................
       0.Info>>Version Information: 1.4.2                                       
       0.Info>>                                                                 
       0.Info>>.................................................................
       0.Info>>......................D.E.S.C.R.I.P.T.I.O.N......................
       0.Info>>.................................................................
       0.Info>>This binary computes the scattering intensities directly from    
       0.Info>>a molecular dynamics trajectory.                                 
       0.Info>>.................................................................
       0.Info>>.................................................................
       0.Info>>...................I.N.I.T.I.A.L.I.Z.A.T.I.O.N...................
       0.Info>>.................................................................
       0.Info>>No configuration file specified. Will use default                
       0.Info>>Looking for configuration file: scatter.xml                      
       0.Info>>Reading parameters from XML file: scatter.xml                    
       0.Info>>Added frames from /home/amajumda/study/continuum_simulations/gitlab/continuum-to-scattering/data/100_100_100_50_50_50/single_atom_shrink/iteration_001/t000/pdb_dcd/sample.dcd using format: dcd
       0.Info>>Options: first=0, last=0, lastset=0, stride=1                    
       0.Info>>stager.target=system                                             
       0.Info>>scattering.type=all                                              
       0.Info>>scattering.dsp.type=square                                       
       0.Info>>scattering.average.orientation.type=vectors                      
       0.Info>>scattering.average.orientation.vectors.type=sphere               
       0.Info>>scattering.average.orientation.vectors.algorithm=boost_uniform_on_sphere
       0.Info>>scattering.average.orientation.vectors.resolution=100            
       0.Info>>Generating orientations for orientational averaging using sphere,boost_uniform_on_sphere
       0.Info>>Initialized orientational averaging with 100 vectors.            
       0.Info>>scattering.signal.file=signal.h5                                 
       0.Info>>scattering.signal.filepath=/home/amajumda/study/continuum_simulations/gitlab/continuum-to-scattering/data/100_100_100_50_50_50/single_atom_shrink/iteration_001/t000/signal.h5
       0.Info>>scattering.signal.fqt=1                                          
       0.Info>>scattering.signal.fq0=1                                          
       0.Info>>scattering.signal.fq=1                                           
       0.Info>>scattering.signal.fq2=1                                          
       0.Info>>Analyzing command line for parameter overwrites                  
       0.Info>>Reading database from file: /home/amajumda/study/continuum_simulations/gitlab/continuum-to-scattering/data/100_100_100_50_50_50/single_atom_shrink/iteration_001/t000/database/db-neutron-coherent.xml
       0.Info>>Checking database...                                             
       0.Info>>Testing mapping between PDB names and atom labels                
       0.Info>>Testing database completeness for referenced atom labels         
       0.Info>>Check succeeded. Database seems OK.                              
       0.Info>>Initializing sample...                                           
       0.Info>>Reading structure from file: /home/amajumda/study/continuum_simulations/gitlab/continuum-to-scattering/data/100_100_100_50_50_50/single_atom_shrink/iteration_001/t000/pdb_dcd/sample.pdb
       0.Info>>Done. Atoms read: 125000                                         
       0.Info>>Reading frames from: /home/amajumda/study/continuum_simulations/gitlab/continuum-to-scattering/data/100_100_100_50_50_50/single_atom_shrink/iteration_001/t000/pdb_dcd/sample.dcd
       0.Info>>Found 1 frames                                                   
       0.Info>>Total number of coordinate sets found: 1                         
       0.Info>>Exchanging sample, database & params information with compute nodes... 
       0.Info>>params...                                                        
       0.Info>>database...                                                      
       0.Info>>sample...                                                        
       0.Info>>.................................................................
       0.Info>>......................C.O.M.P.U.T.A.T.I.O.N......................
       0.Info>>.................................................................
       0.Info>>Setting up services...                                           
       0.Info>>Initializing data file service...                                
       0.Info>>Initializing monitor service...                                  
       0.Info>>Starting data file service...                                    
       0.Info>>Starting monitor service...                                      
       0.Info>>Services setup and running...                                    
       0.Info>>Checking /home/amajumda/study/continuum_simulations/gitlab/continuum-to-scattering/data/100_100_100_50_50_50/single_atom_shrink/iteration_001/t000/signal.h5 for old results.
       0.Info>>Broadcasting service information                                 
       0.Info>>Server host name    : hzglap02                                   
       0.Info>>FileService Port    : 38557                                      
       0.Info>>MonitorService Port : 45143                                      
       0.Info>>Setting up parallel environment...                               
       0.Info>>Searching for decomposition plan:                                
       0.Info>>nodes    = 8                                                     
       0.Info>>qvectors = 100                                                   
       0.Info>>frames   = 1                                                     
       0.Info>>atoms   = 125000                                                 
       0.Info>>All interference scattering detected. Applying frame decomposition.
       0.Info>>Automatic decomposition. Searching for best utilization.         
       0.Info>>Final decomposition parameters:                                  
       0.Info>>NN                : 8                                            
       0.Info>>NQ                : 100                                          
       0.Info>>NAF               : 1                                            
       0.Info>>NP                : 8                                            
       0.Info>>NNpP              : 1                                            
       0.Info>>NAFcycles         : 1                                            
       0.Info>>NQcycles          : 13                                           
       0.Info>>CompEl (WASTE/USE): 4/100                                        
       0.Info>>utilization(1=best)    : 0.96153846153846156                     
       0.Info>>Initializing Scatter Device, Vectors (all)                       
       0.Info>>Starting scattering...                                           
       0.Info>>Checking memory requirements for scattering calculation...       
       0.Info>>required limits.computation.memory.result_buffer=16              
       0.Info>>required limits.computation.memory.signal_buffer=16              
       0.Info>>required limits.computation.memory.exchange_buffer=0             
       0.Info>>required limits.computation.memory.alignpad_buffer=32            
       0.Info>>Memory limits ok                                                 
       0.Info>>Staging data...                                                  
       0.Info>>Forcing stager.mode=frames                                       
       0.Info>>Staging first partition.                                         
       0.Info>>Staging remaining partitions.                                    
       0.Info>>background scattering length set to 0                            
       0.Info>>Target initialized.                                              
       0.Info>>Target 'system' produces a background scattering length density of 0.0027742633416818212
       0.Info>>Starting computation...                                          
       0.Info>>Orientational averaging includes 100 vectors                     
       0.Info>>Setting progress sampling factor for monitoring to 1             
       0.Info>>Progress: 2.385%, ETOTAL: 60.841530131004369 s, ETA: 59.390206131004369 s
       0.Info>>Progress: 5.771%, ETOTAL: 25.179673646209388 s, ETA: 23.726596646209387 s
       0.Info>>Progress: 10.666%, ETOTAL: 13.777100563443765 s, ETA: 12.307653563443765 s
       0.Info>>Progress: 20.705%, ETOTAL: 7.2519763467492231 s, ETA: 5.750445346749224 s
       0.Info>>Progress: 31.205%, ETOTAL: 11.121104765817583 s, ETA: 7.6507497658175829 s
       0.Info>>Progress: 40.955%, ETOTAL: 8.7063431522930017 s, ETA: 5.1406491522930029 s
       0.Info>>Progress: 50.830%, ETOTAL: 10.769362961094647 s, ETA: 5.2952819610946475 s
       0.Info>>Progress: 61.080%, ETOTAL: 8.9858881460880511 s, ETA: 3.4972961460880514 s
       0.Info>>Progress: 70.705%, ETOTAL: 7.7842543245693561 s, ETA: 2.2803873245693564 s
       0.Info>>Progress: 82.830%, ETOTAL: 9.1599640908563256 s, ETA: 1.5727540908563258 s
       0.Info>>Scattering finished...                                           
       0.Info>>.................................................................
       0.Info>>.....................R.U.N...A.N.A.L.Y.S.I.S.....................
       0.Info>>.................................................................
       0.Info>>Aggregating timing information for performance analysis...       
       0.Info>>                                                                 
       0.Info>>                    Performance Analysis                         
       0.Info>>-----------------------------------------------------------------
       0.Info>> mean and total runtimes:                                        
       0.Info>>-----------------------------------------------------------------
       0.Info>>          measure |    total |       count |     mean |   stddev 
       0.Info>>-----------------------------------------------------------------
       0.Info>>   sd:c:b:dspstore| 3.641e-02|        10000| 3.641e-06| 1.973e-06
       0.Info>>    sd:c:b:scatter| 4.340e+01|        10000| 4.340e-03| 7.588e-04
       0.Info>>        sd:c:block| 4.358e+01|          100| 4.358e-01| 3.591e-02
       0.Info>>         sd:c:init| 1.548e+01|          100| 1.548e-01| 2.987e-02
       0.Info>>       sd:c:reduce| 1.070e-04|          100| 1.070e-06| 5.417e-07
       0.Info>>         sd:c:wait| 1.620e-04|          100| 1.620e-06| 5.665e-07
       0.Info>>        sd:compute| 5.906e+01|          100| 5.906e-01| 5.268e-02
       0.Info>>         sd:runner| 5.906e+01|            8| 7.382e+00| 0.000e+00
       0.Info>>          sd:stage| 1.990e-01|            8| 2.488e-02| 0.000e+00
       0.Info>> sd:worker:scatter| 4.303e+01|        10000| 4.303e-03| 7.439e-04
       0.Info>>    sd:worker:wait| 1.593e+01|        10000| 1.593e-03| 1.574e-02
       0.Info>>          sd:write| 9.900e-04|          100| 9.900e-06| 6.787e-06
       0.Info>>           st:fill| 1.188e-02|            8| 1.485e-03| 0.000e+00
       0.Info>>          st:first| 2.327e-02|            1| 2.327e-02| 0.000e+00
       0.Info>>           st:load| 2.287e-02|            1| 2.287e-02| 0.000e+00
       0.Info>>           st:wait| 1.631e-01|            8| 2.039e-02| 0.000e+00
       0.Info>>-----------------------------------------------------------------
       0.Info>>-----------------------------------------------------------------
       0.Info>> watermarks:                                                     
       0.Info>>-----------------------------------------------------------------
       0.Info>>          measure |      min |      max                          
       0.Info>>-----------------------------------------------------------------
       0.Info>>   sd:c:b:dspstore| 2.000e-06| 7.300e-05                         
       0.Info>>    sd:c:b:scatter| 1.472e-03| 1.355e-02                         
       0.Info>>        sd:c:block| 1.577e-01| 5.235e-01                         
       0.Info>>         sd:c:init| 1.166e-01| 2.373e-01                         
       0.Info>>       sd:c:reduce| 0.000e+00| 3.000e-06                         
       0.Info>>         sd:c:wait| 1.000e-06| 4.000e-06                         
       0.Info>>        sd:compute| 2.763e-01| 7.269e-01                         
       0.Info>>         sd:runner| 6.359e+00| 7.961e+00                         
       0.Info>>          sd:stage| 2.473e-02| 2.494e-02                         
       0.Info>> sd:worker:scatter| 1.448e-03| 1.175e-02                         
       0.Info>>    sd:worker:wait| 1.000e-06| 2.374e-01                         
       0.Info>>          sd:write| 5.000e-06| 4.600e-05                         
       0.Info>>           st:fill| 1.328e-03| 1.550e-03                         
       0.Info>>          st:first| 2.327e-02| 2.327e-02                         
       0.Info>>           st:load| 2.287e-02| 2.287e-02                         
       0.Info>>           st:wait| 9.000e-06| 2.331e-02                         
       0.Info>>-----------------------------------------------------------------
       0.Info>>                                                                 
       0.Info>>         Performance Analysis (relative to total time * nodes)   
       0.Info>>-----------------------------------------------------------------
       0.Info>> mean and total runtimes:                                        
       0.Info>>-----------------------------------------------------------------
       0.Info>>          measure |    total |       count |     mean |   stddev 
       0.Info>>-----------------------------------------------------------------
       0.Info>>   sd:c:b:dspstore| 5.424e-04|        10000| 5.424e-08| 2.408e-07
       0.Info>>    sd:c:b:scatter| 6.466e-01|        10000| 6.466e-05| 9.261e-05
       0.Info>>        sd:c:block| 6.492e-01|          100| 6.492e-03| 4.383e-03
       0.Info>>         sd:c:init| 2.306e-01|          100| 2.306e-03| 3.645e-03
       0.Info>>       sd:c:reduce| 1.594e-06|          100| 1.594e-08| 6.612e-08
       0.Info>>         sd:c:wait| 2.413e-06|          100| 2.413e-08| 6.915e-08
       0.Info>>        sd:compute| 8.798e-01|          100| 8.798e-03| 6.430e-03
       0.Info>>         sd:runner| 8.799e-01|            8| 1.100e-01| 0.000e+00
       0.Info>>          sd:stage| 2.965e-03|            8| 3.706e-04| 0.000e+00
       0.Info>> sd:worker:scatter| 6.411e-01|        10000| 6.411e-05| 9.080e-05
       0.Info>>    sd:worker:wait| 2.374e-01|        10000| 2.374e-05| 1.921e-03
       0.Info>>          sd:write| 1.475e-05|          100| 1.475e-07| 8.284e-07
       0.Info>>           st:fill| 1.770e-04|            8| 2.213e-05| 0.000e+00
       0.Info>>          st:first| 3.467e-04|            1| 3.467e-04| 0.000e+00
       0.Info>>           st:load| 3.408e-04|            1| 3.408e-04| 0.000e+00
       0.Info>>           st:wait| 2.431e-03|            8| 3.038e-04| 0.000e+00
       0.Info>>-----------------------------------------------------------------
       0.Info>>-----------------------------------------------------------------
       0.Info>> watermarks:                                                     
       0.Info>>-----------------------------------------------------------------
       0.Info>>          measure |      min |      max                          
       0.Info>>-----------------------------------------------------------------
       0.Info>>   sd:c:b:dspstore| 2.980e-08| 1.088e-06                         
       0.Info>>    sd:c:b:scatter| 2.193e-05| 2.019e-04                         
       0.Info>>        sd:c:block| 2.349e-03| 7.799e-03                         
       0.Info>>         sd:c:init| 1.737e-03| 3.536e-03                         
       0.Info>>       sd:c:reduce| 0.000e+00| 4.469e-08                         
       0.Info>>         sd:c:wait| 1.490e-08| 5.959e-08                         
       0.Info>>        sd:compute| 4.116e-03| 1.083e-02                         
       0.Info>>         sd:runner| 9.473e-02| 1.186e-01                         
       0.Info>>          sd:stage| 3.684e-04| 3.716e-04                         
       0.Info>> sd:worker:scatter| 2.157e-05| 1.750e-04                         
       0.Info>>    sd:worker:wait| 1.490e-08| 3.537e-03                         
       0.Info>>          sd:write| 7.449e-08| 6.853e-07                         
       0.Info>>           st:fill| 1.978e-05| 2.309e-05                         
       0.Info>>          st:first| 3.467e-04| 3.467e-04                         
       0.Info>>           st:load| 3.408e-04| 3.408e-04                         
       0.Info>>           st:wait| 1.341e-07| 3.472e-04                         
       0.Info>>-----------------------------------------------------------------
       0.Info>>Total runtime (s): 8.3903730000000003                            
       0.Info>>Successfully finished... Have a nice day!                        
