       0.Info>>This software is being developed by Benjamin Lindner.                    
       0.Info>>For help, suggestions or correspondense use:                             
       0.Info>>ben@benlabs.net, Benjamin Lindner (Main Developer, Impl. & Maintenance)  
       0.Info>>franc@cmm.ki.si, Franci Merzel (Methodology)                             
       0.Info>>For publications include the following references:                       
       0.Info>>.........................................................................
       0.Info>>1. Sassena - X-ray and Neutron Scattering Calculated                     
       0.Info>>  from Molecular Dynamics Trajectories using Massively Parallel Computers
       0.Info>>  published as a Computer Program in Physics Paper                       
       0.Info>>.........................................................................
       0.Info>>Version Information: 1.4.2                                       
       0.Info>>                                                                 
       0.Info>>.................................................................
       0.Info>>......................D.E.S.C.R.I.P.T.I.O.N......................
       0.Info>>.................................................................
       0.Info>>This binary computes the scattering intensities directly from    
       0.Info>>a molecular dynamics trajectory.                                 
       0.Info>>.................................................................
       0.Info>>.................................................................
       0.Info>>...................I.N.I.T.I.A.L.I.Z.A.T.I.O.N...................
       0.Info>>.................................................................
       0.Info>>No configuration file specified. Will use default                
       0.Info>>Looking for configuration file: scatter.xml                      
       0.Info>>Reading parameters from XML file: scatter.xml                    
       0.Info>>Added frames from /home/amajumda/study/continuum_simulations/gitlab/continuum-to-scattering/data/100_100_100_50_50_50/single_atom_shrink/iteration_002/t001/pdb_dcd/sample.dcd using format: dcd
       0.Info>>Options: first=0, last=0, lastset=0, stride=1                    
       0.Info>>stager.target=system                                             
       0.Info>>scattering.type=all                                              
       0.Info>>scattering.dsp.type=square                                       
       0.Info>>scattering.average.orientation.type=vectors                      
       0.Info>>scattering.average.orientation.vectors.type=sphere               
       0.Info>>scattering.average.orientation.vectors.algorithm=boost_uniform_on_sphere
       0.Info>>scattering.average.orientation.vectors.resolution=100            
       0.Info>>Generating orientations for orientational averaging using sphere,boost_uniform_on_sphere
       0.Info>>Initialized orientational averaging with 100 vectors.            
       0.Info>>scattering.signal.file=signal.h5                                 
       0.Info>>scattering.signal.filepath=/home/amajumda/study/continuum_simulations/gitlab/continuum-to-scattering/data/100_100_100_50_50_50/single_atom_shrink/iteration_002/t001/signal.h5
       0.Info>>scattering.signal.fqt=1                                          
       0.Info>>scattering.signal.fq0=1                                          
       0.Info>>scattering.signal.fq=1                                           
       0.Info>>scattering.signal.fq2=1                                          
       0.Info>>Analyzing command line for parameter overwrites                  
       0.Info>>Reading database from file: /home/amajumda/study/continuum_simulations/gitlab/continuum-to-scattering/data/100_100_100_50_50_50/single_atom_shrink/iteration_002/t001/database/db-neutron-coherent.xml
       0.Info>>Checking database...                                             
       0.Info>>Testing mapping between PDB names and atom labels                
       0.Info>>Testing database completeness for referenced atom labels         
       0.Info>>Check succeeded. Database seems OK.                              
       0.Info>>Initializing sample...                                           
       0.Info>>Reading structure from file: /home/amajumda/study/continuum_simulations/gitlab/continuum-to-scattering/data/100_100_100_50_50_50/single_atom_shrink/iteration_002/t001/pdb_dcd/sample.pdb
       0.Info>>Done. Atoms read: 125000                                         
       0.Info>>Reading frames from: /home/amajumda/study/continuum_simulations/gitlab/continuum-to-scattering/data/100_100_100_50_50_50/single_atom_shrink/iteration_002/t001/pdb_dcd/sample.dcd
       0.Info>>Found 1 frames                                                   
       0.Info>>Total number of coordinate sets found: 1                         
       0.Info>>Exchanging sample, database & params information with compute nodes... 
       0.Info>>params...                                                        
       0.Info>>database...                                                      
       0.Info>>sample...                                                        
       0.Info>>.................................................................
       0.Info>>......................C.O.M.P.U.T.A.T.I.O.N......................
       0.Info>>.................................................................
       0.Info>>Setting up services...                                           
       0.Info>>Initializing data file service...                                
       0.Info>>Initializing monitor service...                                  
       0.Info>>Starting data file service...                                    
       0.Info>>Starting monitor service...                                      
       0.Info>>Services setup and running...                                    
       0.Info>>Checking /home/amajumda/study/continuum_simulations/gitlab/continuum-to-scattering/data/100_100_100_50_50_50/single_atom_shrink/iteration_002/t001/signal.h5 for old results.
       0.Info>>Broadcasting service information                                 
       0.Info>>Server host name    : hzglap02                                   
       0.Info>>FileService Port    : 35767                                      
       0.Info>>MonitorService Port : 43945                                      
       0.Info>>Setting up parallel environment...                               
       0.Info>>Searching for decomposition plan:                                
       0.Info>>nodes    = 8                                                     
       0.Info>>qvectors = 100                                                   
       0.Info>>frames   = 1                                                     
       0.Info>>atoms   = 125000                                                 
       0.Info>>All interference scattering detected. Applying frame decomposition.
       0.Info>>Automatic decomposition. Searching for best utilization.         
       0.Info>>Final decomposition parameters:                                  
       0.Info>>NN                : 8                                            
       0.Info>>NQ                : 100                                          
       0.Info>>NAF               : 1                                            
       0.Info>>NP                : 8                                            
       0.Info>>NNpP              : 1                                            
       0.Info>>NAFcycles         : 1                                            
       0.Info>>NQcycles          : 13                                           
       0.Info>>CompEl (WASTE/USE): 4/100                                        
       0.Info>>utilization(1=best)    : 0.96153846153846156                     
       0.Info>>Initializing Scatter Device, Vectors (all)                       
       0.Info>>Starting scattering...                                           
       0.Info>>Checking memory requirements for scattering calculation...       
       0.Info>>required limits.computation.memory.result_buffer=16              
       0.Info>>required limits.computation.memory.signal_buffer=16              
       0.Info>>required limits.computation.memory.exchange_buffer=0             
       0.Info>>required limits.computation.memory.alignpad_buffer=32            
       0.Info>>Memory limits ok                                                 
       0.Info>>Staging data...                                                  
       0.Info>>Forcing stager.mode=frames                                       
       0.Info>>Staging first partition.                                         
       0.Info>>Staging remaining partitions.                                    
       0.Info>>background scattering length set to 0                            
       0.Info>>Target initialized.                                              
       0.Info>>Target 'system' produces a background scattering length density of 0.0023046790163607253
       0.Info>>Starting computation...                                          
       0.Info>>Orientational averaging includes 100 vectors                     
       0.Info>>Setting progress sampling factor for monitoring to 1             
       0.Info>>Progress: 2.760%, ETOTAL: 59.750754006968641 s, ETA: 58.101863006968642 s
       0.Info>>Progress: 5.644%, ETOTAL: 29.325838500851784 s, ETA: 27.670620500851783 s
       0.Info>>Progress: 12.665%, ETOTAL: 13.294066152094141 s, ETA: 11.610364152094141 s
       0.Info>>Progress: 21.820%, ETOTAL: 8.3164115015974414 s, ETA: 6.5017945015974412 s
       0.Info>>Progress: 31.330%, ETOTAL: 11.639735324808182 s, ETA: 7.9929913248081821 s
       0.Info>>Progress: 41.705%, ETOTAL: 8.8556687365508733 s, ETA: 5.1624007365508735 s
       0.Info>>Progress: 51.830%, ETOTAL: 7.1579294292251552 s, ETA: 3.4479654292251554 s
       0.Info>>Progress: 61.580%, ETOTAL: 9.2092338312600823 s, ETA: 3.5381758312600837 s
       0.Info>>Progress: 71.455%, ETOTAL: 7.9392090427917825 s, ETA: 2.2662370427917828 s
       0.Info>>Progress: 80.705%, ETOTAL: 9.523586878474978 s, ETA: 1.8375638784749784 s
       0.Info>>Scattering finished...                                           
       0.Info>>.................................................................
       0.Info>>.....................R.U.N...A.N.A.L.Y.S.I.S.....................
       0.Info>>.................................................................
       0.Info>>Aggregating timing information for performance analysis...       
       0.Info>>                                                                 
       0.Info>>                    Performance Analysis                         
       0.Info>>-----------------------------------------------------------------
       0.Info>> mean and total runtimes:                                        
       0.Info>>-----------------------------------------------------------------
       0.Info>>          measure |    total |       count |     mean |   stddev 
       0.Info>>-----------------------------------------------------------------
       0.Info>>   sd:c:b:dspstore| 3.676e-02|        10000| 3.676e-06| 2.064e-06
       0.Info>>    sd:c:b:scatter| 4.399e+01|        10000| 4.399e-03| 8.378e-04
       0.Info>>        sd:c:block| 4.417e+01|          100| 4.417e-01| 4.625e-02
       0.Info>>         sd:c:init| 1.492e+01|          100| 1.492e-01| 3.001e-02
       0.Info>>       sd:c:reduce| 1.040e-04|          100| 1.040e-06| 5.086e-07
       0.Info>>         sd:c:wait| 1.790e-04|          100| 1.790e-06| 5.807e-07
       0.Info>>        sd:compute| 5.909e+01|          100| 5.909e-01| 6.175e-02
       0.Info>>         sd:runner| 5.910e+01|            8| 7.387e+00| 0.000e+00
       0.Info>>          sd:stage| 1.976e-01|            8| 2.470e-02| 0.000e+00
       0.Info>> sd:worker:scatter| 4.361e+01|        10000| 4.361e-03| 8.168e-04
       0.Info>>    sd:worker:wait| 1.538e+01|        10000| 1.538e-03| 1.519e-02
       0.Info>>          sd:write| 1.014e-03|          100| 1.014e-05| 7.650e-06
       0.Info>>           st:fill| 1.187e-02|            8| 1.484e-03| 0.000e+00
       0.Info>>          st:first| 2.310e-02|            1| 2.310e-02| 0.000e+00
       0.Info>>           st:load| 2.274e-02|            1| 2.274e-02| 0.000e+00
       0.Info>>           st:wait| 1.620e-01|            8| 2.024e-02| 0.000e+00
       0.Info>>-----------------------------------------------------------------
       0.Info>>-----------------------------------------------------------------
       0.Info>> watermarks:                                                     
       0.Info>>-----------------------------------------------------------------
       0.Info>>          measure |      min |      max                          
       0.Info>>-----------------------------------------------------------------
       0.Info>>   sd:c:b:dspstore| 2.000e-06| 7.800e-05                         
       0.Info>>    sd:c:b:scatter| 1.520e-03| 2.349e-02                         
       0.Info>>        sd:c:block| 1.568e-01| 6.055e-01                         
       0.Info>>         sd:c:init| 1.163e-01| 2.541e-01                         
       0.Info>>       sd:c:reduce| 0.000e+00| 2.000e-06                         
       0.Info>>         sd:c:wait| 1.000e-06| 3.000e-06                         
       0.Info>>        sd:compute| 2.760e-01| 7.544e-01                         
       0.Info>>         sd:runner| 6.324e+00| 8.133e+00                         
       0.Info>>          sd:stage| 2.456e-02| 2.476e-02                         
       0.Info>> sd:worker:scatter| 1.499e-03| 1.832e-02                         
       0.Info>>    sd:worker:wait| 2.000e-06| 2.542e-01                         
       0.Info>>          sd:write| 5.000e-06| 4.800e-05                         
       0.Info>>           st:fill| 1.335e-03| 1.544e-03                         
       0.Info>>          st:first| 2.310e-02| 2.310e-02                         
       0.Info>>           st:load| 2.274e-02| 2.274e-02                         
       0.Info>>           st:wait| 9.000e-06| 2.314e-02                         
       0.Info>>-----------------------------------------------------------------
       0.Info>>                                                                 
       0.Info>>         Performance Analysis (relative to total time * nodes)   
       0.Info>>-----------------------------------------------------------------
       0.Info>> mean and total runtimes:                                        
       0.Info>>-----------------------------------------------------------------
       0.Info>>          measure |    total |       count |     mean |   stddev 
       0.Info>>-----------------------------------------------------------------
       0.Info>>   sd:c:b:dspstore| 5.368e-04|        10000| 5.368e-08| 2.494e-07
       0.Info>>    sd:c:b:scatter| 6.424e-01|        10000| 6.424e-05| 1.012e-04
       0.Info>>        sd:c:block| 6.450e-01|          100| 6.450e-03| 5.590e-03
       0.Info>>         sd:c:init| 2.179e-01|          100| 2.179e-03| 3.627e-03
       0.Info>>       sd:c:reduce| 1.519e-06|          100| 1.519e-08| 6.146e-08
       0.Info>>         sd:c:wait| 2.614e-06|          100| 2.614e-08| 7.017e-08
       0.Info>>        sd:compute| 8.629e-01|          100| 8.629e-03| 7.462e-03
       0.Info>>         sd:runner| 8.630e-01|            8| 1.079e-01| 0.000e+00
       0.Info>>          sd:stage| 2.886e-03|            8| 3.607e-04| 0.000e+00
       0.Info>> sd:worker:scatter| 6.369e-01|        10000| 6.369e-05| 9.871e-05
       0.Info>>    sd:worker:wait| 2.246e-01|        10000| 2.246e-05| 1.835e-03
       0.Info>>          sd:write| 1.481e-05|          100| 1.481e-07| 9.244e-07
       0.Info>>           st:fill| 1.733e-04|            8| 2.167e-05| 0.000e+00
       0.Info>>          st:first| 3.373e-04|            1| 3.373e-04| 0.000e+00
       0.Info>>           st:load| 3.320e-04|            1| 3.320e-04| 0.000e+00
       0.Info>>           st:wait| 2.365e-03|            8| 2.956e-04| 0.000e+00
       0.Info>>-----------------------------------------------------------------
       0.Info>>-----------------------------------------------------------------
       0.Info>> watermarks:                                                     
       0.Info>>-----------------------------------------------------------------
       0.Info>>          measure |      min |      max                          
       0.Info>>-----------------------------------------------------------------
       0.Info>>   sd:c:b:dspstore| 2.921e-08| 1.139e-06                         
       0.Info>>    sd:c:b:scatter| 2.220e-05| 3.431e-04                         
       0.Info>>        sd:c:block| 2.289e-03| 8.842e-03                         
       0.Info>>         sd:c:init| 1.699e-03| 3.711e-03                         
       0.Info>>       sd:c:reduce| 0.000e+00| 2.921e-08                         
       0.Info>>         sd:c:wait| 1.460e-08| 4.381e-08                         
       0.Info>>        sd:compute| 4.031e-03| 1.102e-02                         
       0.Info>>         sd:runner| 9.235e-02| 1.188e-01                         
       0.Info>>          sd:stage| 3.586e-04| 3.616e-04                         
       0.Info>> sd:worker:scatter| 2.189e-05| 2.675e-04                         
       0.Info>>    sd:worker:wait| 2.921e-08| 3.712e-03                         
       0.Info>>          sd:write| 7.302e-08| 7.010e-07                         
       0.Info>>           st:fill| 1.950e-05| 2.255e-05                         
       0.Info>>          st:first| 3.373e-04| 3.373e-04                         
       0.Info>>           st:load| 3.320e-04| 3.320e-04                         
       0.Info>>           st:wait| 1.314e-07| 3.379e-04                         
       0.Info>>-----------------------------------------------------------------
       0.Info>>Total runtime (s): 8.5596750000000004                            
       0.Info>>Successfully finished... Have a nice day!                        
