       0.Info>>This software is being developed by Benjamin Lindner.                    
       0.Info>>For help, suggestions or correspondense use:                             
       0.Info>>ben@benlabs.net, Benjamin Lindner (Main Developer, Impl. & Maintenance)  
       0.Info>>franc@cmm.ki.si, Franci Merzel (Methodology)                             
       0.Info>>For publications include the following references:                       
       0.Info>>.........................................................................
       0.Info>>1. Sassena - X-ray and Neutron Scattering Calculated                     
       0.Info>>  from Molecular Dynamics Trajectories using Massively Parallel Computers
       0.Info>>  published as a Computer Program in Physics Paper                       
       0.Info>>.........................................................................
       0.Info>>Version Information: 1.4.2                                       
       0.Info>>                                                                 
       0.Info>>.................................................................
       0.Info>>......................D.E.S.C.R.I.P.T.I.O.N......................
       0.Info>>.................................................................
       0.Info>>This binary computes the scattering intensities directly from    
       0.Info>>a molecular dynamics trajectory.                                 
       0.Info>>.................................................................
       0.Info>>.................................................................
       0.Info>>...................I.N.I.T.I.A.L.I.Z.A.T.I.O.N...................
       0.Info>>.................................................................
       0.Info>>No configuration file specified. Will use default                
       0.Info>>Looking for configuration file: scatter.xml                      
       0.Info>>Reading parameters from XML file: scatter.xml                    
       0.Info>>Added frames from /home/amajumda/study/continuum_simulations/gitlab/continuum-to-scattering/data/100_100_100_50_50_50/single_atom_shrink/iteration_003/t005/pdb_dcd/sample.dcd using format: dcd
       0.Info>>Options: first=0, last=0, lastset=0, stride=1                    
       0.Info>>stager.target=system                                             
       0.Info>>scattering.type=all                                              
       0.Info>>scattering.dsp.type=square                                       
       0.Info>>scattering.average.orientation.type=vectors                      
       0.Info>>scattering.average.orientation.vectors.type=sphere               
       0.Info>>scattering.average.orientation.vectors.algorithm=boost_uniform_on_sphere
       0.Info>>scattering.average.orientation.vectors.resolution=100            
       0.Info>>Generating orientations for orientational averaging using sphere,boost_uniform_on_sphere
       0.Info>>Initialized orientational averaging with 100 vectors.            
       0.Info>>scattering.signal.file=signal.h5                                 
       0.Info>>scattering.signal.filepath=/home/amajumda/study/continuum_simulations/gitlab/continuum-to-scattering/data/100_100_100_50_50_50/single_atom_shrink/iteration_003/t005/signal.h5
       0.Info>>scattering.signal.fqt=1                                          
       0.Info>>scattering.signal.fq0=1                                          
       0.Info>>scattering.signal.fq=1                                           
       0.Info>>scattering.signal.fq2=1                                          
       0.Info>>Analyzing command line for parameter overwrites                  
       0.Info>>Reading database from file: /home/amajumda/study/continuum_simulations/gitlab/continuum-to-scattering/data/100_100_100_50_50_50/single_atom_shrink/iteration_003/t005/database/db-neutron-coherent.xml
       0.Info>>Checking database...                                             
       0.Info>>Testing mapping between PDB names and atom labels                
       0.Info>>Testing database completeness for referenced atom labels         
       0.Info>>Check succeeded. Database seems OK.                              
       0.Info>>Initializing sample...                                           
       0.Info>>Reading structure from file: /home/amajumda/study/continuum_simulations/gitlab/continuum-to-scattering/data/100_100_100_50_50_50/single_atom_shrink/iteration_003/t005/pdb_dcd/sample.pdb
       0.Info>>Done. Atoms read: 125000                                         
       0.Info>>Reading frames from: /home/amajumda/study/continuum_simulations/gitlab/continuum-to-scattering/data/100_100_100_50_50_50/single_atom_shrink/iteration_003/t005/pdb_dcd/sample.dcd
       0.Info>>Found 1 frames                                                   
       0.Info>>Total number of coordinate sets found: 1                         
       0.Info>>Exchanging sample, database & params information with compute nodes... 
       0.Info>>params...                                                        
       0.Info>>database...                                                      
       0.Info>>sample...                                                        
       0.Info>>.................................................................
       0.Info>>......................C.O.M.P.U.T.A.T.I.O.N......................
       0.Info>>.................................................................
       0.Info>>Setting up services...                                           
       0.Info>>Initializing data file service...                                
       0.Info>>Initializing monitor service...                                  
       0.Info>>Starting data file service...                                    
       0.Info>>Starting monitor service...                                      
       0.Info>>Services setup and running...                                    
       0.Info>>Checking /home/amajumda/study/continuum_simulations/gitlab/continuum-to-scattering/data/100_100_100_50_50_50/single_atom_shrink/iteration_003/t005/signal.h5 for old results.
       0.Info>>Broadcasting service information                                 
       0.Info>>Server host name    : hzglap02                                   
       0.Info>>FileService Port    : 45691                                      
       0.Info>>MonitorService Port : 46041                                      
       0.Info>>Setting up parallel environment...                               
       0.Info>>Searching for decomposition plan:                                
       0.Info>>nodes    = 8                                                     
       0.Info>>qvectors = 100                                                   
       0.Info>>frames   = 1                                                     
       0.Info>>atoms   = 125000                                                 
       0.Info>>All interference scattering detected. Applying frame decomposition.
       0.Info>>Automatic decomposition. Searching for best utilization.         
       0.Info>>Final decomposition parameters:                                  
       0.Info>>NN                : 8                                            
       0.Info>>NQ                : 100                                          
       0.Info>>NAF               : 1                                            
       0.Info>>NP                : 8                                            
       0.Info>>NNpP              : 1                                            
       0.Info>>NAFcycles         : 1                                            
       0.Info>>NQcycles          : 13                                           
       0.Info>>CompEl (WASTE/USE): 4/100                                        
       0.Info>>utilization(1=best)    : 0.96153846153846156                     
       0.Info>>Initializing Scatter Device, Vectors (all)                       
       0.Info>>Starting scattering...                                           
       0.Info>>Checking memory requirements for scattering calculation...       
       0.Info>>required limits.computation.memory.result_buffer=16              
       0.Info>>required limits.computation.memory.signal_buffer=16              
       0.Info>>required limits.computation.memory.exchange_buffer=0             
       0.Info>>required limits.computation.memory.alignpad_buffer=32            
       0.Info>>Memory limits ok                                                 
       0.Info>>Staging data...                                                  
       0.Info>>Forcing stager.mode=frames                                       
       0.Info>>Staging first partition.                                         
       0.Info>>Staging remaining partitions.                                    
       0.Info>>background scattering length set to 0                            
       0.Info>>Target initialized.                                              
       0.Info>>Target 'system' produces a background scattering length density of 0.00084996718579061908
       0.Info>>Starting computation...                                          
       0.Info>>Orientational averaging includes 100 vectors                     
       0.Info>>Setting progress sampling factor for monitoring to 1             
       0.Info>>Progress: 1.760%, ETOTAL: 62.687772781065092 s, ETA: 61.584206781065092 s
       0.Info>>Progress: 3.635%, ETOTAL: 30.417503724928359 s, ETA: 29.311700724928357 s
       0.Info>>Progress: 5.510%, ETOTAL: 20.174808317580329 s, ETA: 19.063092317580328 s
       0.Info>>Progress: 10.531%, ETOTAL: 10.625538278931746 s, ETA: 9.5065362789317458 s
       0.Info>>Progress: 23.051%, ETOTAL: 13.476196218020016 s, ETA: 10.369760218020016 s
       0.Info>>Progress: 32.686%, ETOTAL: 9.6166030202000385 s, ETA: 6.4733300202000388 s
       0.Info>>Progress: 42.330%, ETOTAL: 7.6773214204588491 s, ETA: 4.4275014204588494 s
       0.Info>>Progress: 50.080%, ETOTAL: 10.195465113600001 s, ETA: 5.0895631136000006 s
       0.Info>>Progress: 60.455%, ETOTAL: 8.4840048351182276 s, ETA: 3.3549888351182275 s
       0.Info>>Progress: 70.330%, ETOTAL: 7.3900490908262313 s, ETA: 2.1926180908262323 s
       0.Info>>Progress: 80.330%, ETOTAL: 8.8581110960379821 s, ETA: 1.7423790960379835 s
       0.Info>>Scattering finished...                                           
       0.Info>>.................................................................
       0.Info>>.....................R.U.N...A.N.A.L.Y.S.I.S.....................
       0.Info>>.................................................................
       0.Info>>Aggregating timing information for performance analysis...       
       0.Info>>                                                                 
       0.Info>>                    Performance Analysis                         
       0.Info>>-----------------------------------------------------------------
       0.Info>> mean and total runtimes:                                        
       0.Info>>-----------------------------------------------------------------
       0.Info>>          measure |    total |       count |     mean |   stddev 
       0.Info>>-----------------------------------------------------------------
       0.Info>>   sd:c:b:dspstore| 3.553e-02|        10000| 3.553e-06| 2.047e-06
       0.Info>>    sd:c:b:scatter| 4.318e+01|        10000| 4.318e-03| 7.423e-04
       0.Info>>        sd:c:block| 4.335e+01|          100| 4.335e-01| 3.466e-02
       0.Info>>         sd:c:init| 1.436e+01|          100| 1.436e-01| 2.605e-02
       0.Info>>       sd:c:reduce| 1.010e-04|          100| 1.010e-06| 5.760e-07
       0.Info>>         sd:c:wait| 1.630e-04|          100| 1.630e-06| 6.266e-07
       0.Info>>        sd:compute| 5.772e+01|          100| 5.772e-01| 4.769e-02
       0.Info>>         sd:runner| 5.772e+01|            8| 7.215e+00| 0.000e+00
       0.Info>>          sd:stage| 1.950e-01|            8| 2.438e-02| 0.000e+00
       0.Info>> sd:worker:scatter| 4.282e+01|        10000| 4.282e-03| 7.170e-04
       0.Info>>    sd:worker:wait| 1.479e+01|        10000| 1.479e-03| 1.455e-02
       0.Info>>          sd:write| 1.009e-03|          100| 1.009e-05| 7.993e-06
       0.Info>>           st:fill| 1.262e-02|            8| 1.578e-03| 0.000e+00
       0.Info>>          st:first| 2.267e-02|            1| 2.267e-02| 0.000e+00
       0.Info>>           st:load| 2.231e-02|            1| 2.231e-02| 0.000e+00
       0.Info>>           st:wait| 1.590e-01|            8| 1.987e-02| 0.000e+00
       0.Info>>-----------------------------------------------------------------
       0.Info>>-----------------------------------------------------------------
       0.Info>> watermarks:                                                     
       0.Info>>-----------------------------------------------------------------
       0.Info>>          measure |      min |      max                          
       0.Info>>-----------------------------------------------------------------
       0.Info>>   sd:c:b:dspstore| 2.000e-06| 7.600e-05                         
       0.Info>>    sd:c:b:scatter| 1.540e-03| 1.241e-02                         
       0.Info>>        sd:c:block| 1.838e-01| 5.309e-01                         
       0.Info>>         sd:c:init| 1.172e-01| 2.187e-01                         
       0.Info>>       sd:c:reduce| 0.000e+00| 3.000e-06                         
       0.Info>>         sd:c:wait| 1.000e-06| 4.000e-06                         
       0.Info>>        sd:compute| 3.011e-01| 7.264e-01                         
       0.Info>>         sd:runner| 6.223e+00| 7.966e+00                         
       0.Info>>          sd:stage| 2.423e-02| 2.444e-02                         
       0.Info>> sd:worker:scatter| 1.517e-03| 1.124e-02                         
       0.Info>>    sd:worker:wait| 1.000e-06| 2.188e-01                         
       0.Info>>          sd:write| 5.000e-06| 5.500e-05                         
       0.Info>>           st:fill| 1.429e-03| 1.644e-03                         
       0.Info>>          st:first| 2.267e-02| 2.267e-02                         
       0.Info>>           st:load| 2.231e-02| 2.231e-02                         
       0.Info>>           st:wait| 9.000e-06| 2.271e-02                         
       0.Info>>-----------------------------------------------------------------
       0.Info>>                                                                 
       0.Info>>         Performance Analysis (relative to total time * nodes)   
       0.Info>>-----------------------------------------------------------------
       0.Info>> mean and total runtimes:                                        
       0.Info>>-----------------------------------------------------------------
       0.Info>>          measure |    total |       count |     mean |   stddev 
       0.Info>>-----------------------------------------------------------------
       0.Info>>   sd:c:b:dspstore| 5.304e-04|        10000| 5.304e-08| 2.502e-07
       0.Info>>    sd:c:b:scatter| 6.446e-01|        10000| 6.446e-05| 9.069e-05
       0.Info>>        sd:c:block| 6.472e-01|          100| 6.472e-03| 4.235e-03
       0.Info>>         sd:c:init| 2.144e-01|          100| 2.144e-03| 3.183e-03
       0.Info>>       sd:c:reduce| 1.508e-06|          100| 1.508e-08| 7.037e-08
       0.Info>>         sd:c:wait| 2.433e-06|          100| 2.433e-08| 7.656e-08
       0.Info>>        sd:compute| 8.616e-01|          100| 8.616e-03| 5.827e-03
       0.Info>>         sd:runner| 8.617e-01|            8| 1.077e-01| 0.000e+00
       0.Info>>          sd:stage| 2.911e-03|            8| 3.639e-04| 0.000e+00
       0.Info>> sd:worker:scatter| 6.393e-01|        10000| 6.393e-05| 8.760e-05
       0.Info>>    sd:worker:wait| 2.209e-01|        10000| 2.209e-05| 1.778e-03
       0.Info>>          sd:write| 1.506e-05|          100| 1.506e-07| 9.766e-07
       0.Info>>           st:fill| 1.884e-04|            8| 2.355e-05| 0.000e+00
       0.Info>>          st:first| 3.384e-04|            1| 3.384e-04| 0.000e+00
       0.Info>>           st:load| 3.330e-04|            1| 3.330e-04| 0.000e+00
       0.Info>>           st:wait| 2.373e-03|            8| 2.966e-04| 0.000e+00
       0.Info>>-----------------------------------------------------------------
       0.Info>>-----------------------------------------------------------------
       0.Info>> watermarks:                                                     
       0.Info>>-----------------------------------------------------------------
       0.Info>>          measure |      min |      max                          
       0.Info>>-----------------------------------------------------------------
       0.Info>>   sd:c:b:dspstore| 2.986e-08| 1.135e-06                         
       0.Info>>    sd:c:b:scatter| 2.299e-05| 1.853e-04                         
       0.Info>>        sd:c:block| 2.744e-03| 7.926e-03                         
       0.Info>>         sd:c:init| 1.750e-03| 3.264e-03                         
       0.Info>>       sd:c:reduce| 0.000e+00| 4.478e-08                         
       0.Info>>         sd:c:wait| 1.493e-08| 5.971e-08                         
       0.Info>>        sd:compute| 4.495e-03| 1.084e-02                         
       0.Info>>         sd:runner| 9.290e-02| 1.189e-01                         
       0.Info>>          sd:stage| 3.617e-04| 3.649e-04                         
       0.Info>> sd:worker:scatter| 2.265e-05| 1.678e-04                         
       0.Info>>    sd:worker:wait| 1.493e-08| 3.266e-03                         
       0.Info>>          sd:write| 7.464e-08| 8.210e-07                         
       0.Info>>           st:fill| 2.133e-05| 2.454e-05                         
       0.Info>>          st:first| 3.384e-04| 3.384e-04                         
       0.Info>>           st:load| 3.330e-04| 3.330e-04                         
       0.Info>>           st:wait| 1.344e-07| 3.391e-04                         
       0.Info>>-----------------------------------------------------------------
       0.Info>>Total runtime (s): 8.3734699999999993                            
       0.Info>>Successfully finished... Have a nice day!                        
