       0.Info>>This software is being developed by Benjamin Lindner.                    
       0.Info>>For help, suggestions or correspondense use:                             
       0.Info>>ben@benlabs.net, Benjamin Lindner (Main Developer, Impl. & Maintenance)  
       0.Info>>franc@cmm.ki.si, Franci Merzel (Methodology)                             
       0.Info>>For publications include the following references:                       
       0.Info>>.........................................................................
       0.Info>>1. Sassena - X-ray and Neutron Scattering Calculated                     
       0.Info>>  from Molecular Dynamics Trajectories using Massively Parallel Computers
       0.Info>>  published as a Computer Program in Physics Paper                       
       0.Info>>.........................................................................
       0.Info>>Version Information: 1.4.2                                       
       0.Info>>                                                                 
       0.Info>>.................................................................
       0.Info>>......................D.E.S.C.R.I.P.T.I.O.N......................
       0.Info>>.................................................................
       0.Info>>This binary computes the scattering intensities directly from    
       0.Info>>a molecular dynamics trajectory.                                 
       0.Info>>.................................................................
       0.Info>>.................................................................
       0.Info>>...................I.N.I.T.I.A.L.I.Z.A.T.I.O.N...................
       0.Info>>.................................................................
       0.Info>>No configuration file specified. Will use default                
       0.Info>>Looking for configuration file: scatter.xml                      
       0.Info>>Reading parameters from XML file: scatter.xml                    
       0.Info>>Added frames from /home/amajumda/study/continuum_simulations/gitlab/continuum-to-scattering/data/100_100_100_50_50_50/single_atom_shrink/iteration_004/t000/pdb_dcd/sample.dcd using format: dcd
       0.Info>>Options: first=0, last=0, lastset=0, stride=1                    
       0.Info>>stager.target=system                                             
       0.Info>>scattering.type=all                                              
       0.Info>>scattering.dsp.type=square                                       
       0.Info>>scattering.average.orientation.type=vectors                      
       0.Info>>scattering.average.orientation.vectors.type=sphere               
       0.Info>>scattering.average.orientation.vectors.algorithm=boost_uniform_on_sphere
       0.Info>>scattering.average.orientation.vectors.resolution=100            
       0.Info>>Generating orientations for orientational averaging using sphere,boost_uniform_on_sphere
       0.Info>>Initialized orientational averaging with 100 vectors.            
       0.Info>>scattering.signal.file=signal.h5                                 
       0.Info>>scattering.signal.filepath=/home/amajumda/study/continuum_simulations/gitlab/continuum-to-scattering/data/100_100_100_50_50_50/single_atom_shrink/iteration_004/t000/signal.h5
       0.Info>>scattering.signal.fqt=1                                          
       0.Info>>scattering.signal.fq0=1                                          
       0.Info>>scattering.signal.fq=1                                           
       0.Info>>scattering.signal.fq2=1                                          
       0.Info>>Analyzing command line for parameter overwrites                  
       0.Info>>Reading database from file: /home/amajumda/study/continuum_simulations/gitlab/continuum-to-scattering/data/100_100_100_50_50_50/single_atom_shrink/iteration_004/t000/database/db-neutron-coherent.xml
       0.Info>>Checking database...                                             
       0.Info>>Testing mapping between PDB names and atom labels                
       0.Info>>Testing database completeness for referenced atom labels         
       0.Info>>Check succeeded. Database seems OK.                              
       0.Info>>Initializing sample...                                           
       0.Info>>Reading structure from file: /home/amajumda/study/continuum_simulations/gitlab/continuum-to-scattering/data/100_100_100_50_50_50/single_atom_shrink/iteration_004/t000/pdb_dcd/sample.pdb
       0.Info>>Done. Atoms read: 125000                                         
       0.Info>>Reading frames from: /home/amajumda/study/continuum_simulations/gitlab/continuum-to-scattering/data/100_100_100_50_50_50/single_atom_shrink/iteration_004/t000/pdb_dcd/sample.dcd
       0.Info>>Found 1 frames                                                   
       0.Info>>Total number of coordinate sets found: 1                         
       0.Info>>Exchanging sample, database & params information with compute nodes... 
       0.Info>>params...                                                        
       0.Info>>database...                                                      
       0.Info>>sample...                                                        
       0.Info>>.................................................................
       0.Info>>......................C.O.M.P.U.T.A.T.I.O.N......................
       0.Info>>.................................................................
       0.Info>>Setting up services...                                           
       0.Info>>Initializing data file service...                                
       0.Info>>Initializing monitor service...                                  
       0.Info>>Starting data file service...                                    
       0.Info>>Starting monitor service...                                      
       0.Info>>Services setup and running...                                    
       0.Info>>Checking /home/amajumda/study/continuum_simulations/gitlab/continuum-to-scattering/data/100_100_100_50_50_50/single_atom_shrink/iteration_004/t000/signal.h5 for old results.
       0.Info>>Broadcasting service information                                 
       0.Info>>Server host name    : hzglap02                                   
       0.Info>>FileService Port    : 37319                                      
       0.Info>>MonitorService Port : 33261                                      
       0.Info>>Setting up parallel environment...                               
       0.Info>>Searching for decomposition plan:                                
       0.Info>>nodes    = 8                                                     
       0.Info>>qvectors = 100                                                   
       0.Info>>frames   = 1                                                     
       0.Info>>atoms   = 125000                                                 
       0.Info>>All interference scattering detected. Applying frame decomposition.
       0.Info>>Automatic decomposition. Searching for best utilization.         
       0.Info>>Final decomposition parameters:                                  
       0.Info>>NN                : 8                                            
       0.Info>>NQ                : 100                                          
       0.Info>>NAF               : 1                                            
       0.Info>>NP                : 8                                            
       0.Info>>NNpP              : 1                                            
       0.Info>>NAFcycles         : 1                                            
       0.Info>>NQcycles          : 13                                           
       0.Info>>CompEl (WASTE/USE): 4/100                                        
       0.Info>>utilization(1=best)    : 0.96153846153846156                     
       0.Info>>Initializing Scatter Device, Vectors (all)                       
       0.Info>>Starting scattering...                                           
       0.Info>>Checking memory requirements for scattering calculation...       
       0.Info>>required limits.computation.memory.result_buffer=16              
       0.Info>>required limits.computation.memory.signal_buffer=16              
       0.Info>>required limits.computation.memory.exchange_buffer=0             
       0.Info>>required limits.computation.memory.alignpad_buffer=32            
       0.Info>>Memory limits ok                                                 
       0.Info>>Staging data...                                                  
       0.Info>>Forcing stager.mode=frames                                       
       0.Info>>Staging first partition.                                         
       0.Info>>Staging remaining partitions.                                    
       0.Info>>background scattering length set to 0                            
       0.Info>>Target initialized.                                              
       0.Info>>Target 'system' produces a background scattering length density of 0.0027742633416818212
       0.Info>>Starting computation...                                          
       0.Info>>Orientational averaging includes 100 vectors                     
       0.Info>>Setting progress sampling factor for monitoring to 1             
       0.Info>>Progress: 2.135%, ETOTAL: 58.114216216216214 s, ETA: 56.873701216216212 s
       0.Info>>Progress: 4.144%, ETOTAL: 29.937425522041764 s, ETA: 28.696749522041763 s
       0.Info>>Progress: 6.405%, ETOTAL: 19.523432203177784 s, ETA: 18.273025203177784 s
       0.Info>>Progress: 11.675%, ETOTAL: 10.877779040560016 s, ETA: 9.6077460405600164 s
       0.Info>>Progress: 21.580%, ETOTAL: 15.009716203772467 s, ETA: 11.770600203772467 s
       0.Info>>Progress: 31.580%, ETOTAL: 10.348172049122095 s, ETA: 7.0802060491220953 s
       0.Info>>Progress: 42.580%, ETOTAL: 7.7195869025216401 s, ETA: 4.4325769025216406 s
       0.Info>>Progress: 52.455%, ETOTAL: 10.05445069045582 s, ETA: 4.7803756904558208 s
       0.Info>>Progress: 61.955%, ETOTAL: 8.64777485773409 s, ETA: 3.2900348577340921 s
       0.Info>>Progress: 72.455%, ETOTAL: 7.5384215518004032 s, ETA: 2.0764485518004054 s
       0.Info>>Progress: 81.330%, ETOTAL: 9.0207468768472872 s, ETA: 1.6841618768472895 s
       0.Info>>Scattering finished...                                           
       0.Info>>.................................................................
       0.Info>>.....................R.U.N...A.N.A.L.Y.S.I.S.....................
       0.Info>>.................................................................
       0.Info>>Aggregating timing information for performance analysis...       
       0.Info>>                                                                 
       0.Info>>                    Performance Analysis                         
       0.Info>>-----------------------------------------------------------------
       0.Info>> mean and total runtimes:                                        
       0.Info>>-----------------------------------------------------------------
       0.Info>>          measure |    total |       count |     mean |   stddev 
       0.Info>>-----------------------------------------------------------------
       0.Info>>   sd:c:b:dspstore| 3.707e-02|        10000| 3.707e-06| 2.062e-06
       0.Info>>    sd:c:b:scatter| 4.366e+01|        10000| 4.366e-03| 8.157e-04
       0.Info>>        sd:c:block| 4.384e+01|          100| 4.384e-01| 4.210e-02
       0.Info>>         sd:c:init| 1.515e+01|          100| 1.515e-01| 3.138e-02
       0.Info>>       sd:c:reduce| 1.040e-04|          100| 1.040e-06| 5.528e-07
       0.Info>>         sd:c:wait| 1.630e-04|          100| 1.630e-06| 5.746e-07
       0.Info>>        sd:compute| 5.899e+01|          100| 5.899e-01| 6.036e-02
       0.Info>>         sd:runner| 5.900e+01|            8| 7.375e+00| 0.000e+00
       0.Info>>          sd:stage| 1.995e-01|            8| 2.494e-02| 0.000e+00
       0.Info>> sd:worker:scatter| 4.327e+01|        10000| 4.327e-03| 7.797e-04
       0.Info>>    sd:worker:wait| 1.563e+01|        10000| 1.563e-03| 1.541e-02
       0.Info>>          sd:write| 1.003e-03|          100| 1.003e-05| 6.801e-06
       0.Info>>           st:fill| 1.194e-02|            8| 1.492e-03| 0.000e+00
       0.Info>>          st:first| 2.333e-02|            1| 2.333e-02| 0.000e+00
       0.Info>>           st:load| 2.299e-02|            1| 2.299e-02| 0.000e+00
       0.Info>>           st:wait| 1.635e-01|            8| 2.044e-02| 0.000e+00
       0.Info>>-----------------------------------------------------------------
       0.Info>>-----------------------------------------------------------------
       0.Info>> watermarks:                                                     
       0.Info>>-----------------------------------------------------------------
       0.Info>>          measure |      min |      max                          
       0.Info>>-----------------------------------------------------------------
       0.Info>>   sd:c:b:dspstore| 2.000e-06| 7.300e-05                         
       0.Info>>    sd:c:b:scatter| 1.498e-03| 1.987e-02                         
       0.Info>>        sd:c:block| 1.593e-01| 5.661e-01                         
       0.Info>>         sd:c:init| 1.178e-01| 2.327e-01                         
       0.Info>>       sd:c:reduce| 0.000e+00| 2.000e-06                         
       0.Info>>         sd:c:wait| 1.000e-06| 3.000e-06                         
       0.Info>>        sd:compute| 2.786e-01| 7.341e-01                         
       0.Info>>         sd:runner| 6.363e+00| 8.056e+00                         
       0.Info>>          sd:stage| 2.479e-02| 2.500e-02                         
       0.Info>> sd:worker:scatter| 1.482e-03| 8.391e-03                         
       0.Info>>    sd:worker:wait| 2.000e-06| 2.328e-01                         
       0.Info>>          sd:write| 4.000e-06| 4.100e-05                         
       0.Info>>           st:fill| 1.340e-03| 1.557e-03                         
       0.Info>>          st:first| 2.333e-02| 2.333e-02                         
       0.Info>>           st:load| 2.299e-02| 2.299e-02                         
       0.Info>>           st:wait| 8.000e-06| 2.337e-02                         
       0.Info>>-----------------------------------------------------------------
       0.Info>>                                                                 
       0.Info>>         Performance Analysis (relative to total time * nodes)   
       0.Info>>-----------------------------------------------------------------
       0.Info>> mean and total runtimes:                                        
       0.Info>>-----------------------------------------------------------------
       0.Info>>          measure |    total |       count |     mean |   stddev 
       0.Info>>-----------------------------------------------------------------
       0.Info>>   sd:c:b:dspstore| 5.425e-04|        10000| 5.425e-08| 2.495e-07
       0.Info>>    sd:c:b:scatter| 6.390e-01|        10000| 6.390e-05| 9.868e-05
       0.Info>>        sd:c:block| 6.417e-01|          100| 6.417e-03| 5.093e-03
       0.Info>>         sd:c:init| 2.217e-01|          100| 2.217e-03| 3.796e-03
       0.Info>>       sd:c:reduce| 1.522e-06|          100| 1.522e-08| 6.688e-08
       0.Info>>         sd:c:wait| 2.386e-06|          100| 2.386e-08| 6.951e-08
       0.Info>>        sd:compute| 8.634e-01|          100| 8.634e-03| 7.303e-03
       0.Info>>         sd:runner| 8.635e-01|            8| 1.079e-01| 0.000e+00
       0.Info>>          sd:stage| 2.920e-03|            8| 3.650e-04| 0.000e+00
       0.Info>> sd:worker:scatter| 6.333e-01|        10000| 6.333e-05| 9.433e-05
       0.Info>>    sd:worker:wait| 2.287e-01|        10000| 2.287e-05| 1.865e-03
       0.Info>>          sd:write| 1.468e-05|          100| 1.468e-07| 8.227e-07
       0.Info>>           st:fill| 1.747e-04|            8| 2.184e-05| 0.000e+00
       0.Info>>          st:first| 3.414e-04|            1| 3.414e-04| 0.000e+00
       0.Info>>           st:load| 3.365e-04|            1| 3.365e-04| 0.000e+00
       0.Info>>           st:wait| 2.394e-03|            8| 2.992e-04| 0.000e+00
       0.Info>>-----------------------------------------------------------------
       0.Info>>-----------------------------------------------------------------
       0.Info>> watermarks:                                                     
       0.Info>>-----------------------------------------------------------------
       0.Info>>          measure |      min |      max                          
       0.Info>>-----------------------------------------------------------------
       0.Info>>   sd:c:b:dspstore| 2.927e-08| 1.068e-06                         
       0.Info>>    sd:c:b:scatter| 2.192e-05| 2.908e-04                         
       0.Info>>        sd:c:block| 2.331e-03| 8.286e-03                         
       0.Info>>         sd:c:init| 1.724e-03| 3.405e-03                         
       0.Info>>       sd:c:reduce| 0.000e+00| 2.927e-08                         
       0.Info>>         sd:c:wait| 1.464e-08| 4.391e-08                         
       0.Info>>        sd:compute| 4.077e-03| 1.074e-02                         
       0.Info>>         sd:runner| 9.312e-02| 1.179e-01                         
       0.Info>>          sd:stage| 3.629e-04| 3.659e-04                         
       0.Info>> sd:worker:scatter| 2.169e-05| 1.228e-04                         
       0.Info>>    sd:worker:wait| 2.927e-08| 3.407e-03                         
       0.Info>>          sd:write| 5.854e-08| 6.001e-07                         
       0.Info>>           st:fill| 1.961e-05| 2.279e-05                         
       0.Info>>          st:first| 3.414e-04| 3.414e-04                         
       0.Info>>           st:load| 3.365e-04| 3.365e-04                         
       0.Info>>           st:wait| 1.171e-07| 3.420e-04                         
       0.Info>>-----------------------------------------------------------------
       0.Info>>Total runtime (s): 8.5407670000000007                            
       0.Info>>Successfully finished... Have a nice day!                        
