       0.Info>>This software is being developed by Benjamin Lindner.                    
       0.Info>>For help, suggestions or correspondense use:                             
       0.Info>>ben@benlabs.net, Benjamin Lindner (Main Developer, Impl. & Maintenance)  
       0.Info>>franc@cmm.ki.si, Franci Merzel (Methodology)                             
       0.Info>>For publications include the following references:                       
       0.Info>>.........................................................................
       0.Info>>1. Sassena - X-ray and Neutron Scattering Calculated                     
       0.Info>>  from Molecular Dynamics Trajectories using Massively Parallel Computers
       0.Info>>  published as a Computer Program in Physics Paper                       
       0.Info>>.........................................................................
       0.Info>>Version Information: 1.4.2                                       
       0.Info>>                                                                 
       0.Info>>.................................................................
       0.Info>>......................D.E.S.C.R.I.P.T.I.O.N......................
       0.Info>>.................................................................
       0.Info>>This binary computes the scattering intensities directly from    
       0.Info>>a molecular dynamics trajectory.                                 
       0.Info>>.................................................................
       0.Info>>.................................................................
       0.Info>>...................I.N.I.T.I.A.L.I.Z.A.T.I.O.N...................
       0.Info>>.................................................................
       0.Info>>No configuration file specified. Will use default                
       0.Info>>Looking for configuration file: scatter.xml                      
       0.Info>>Reading parameters from XML file: scatter.xml                    
       0.Info>>Added frames from /home/amajumda/study/continuum_simulations/gitlab/continuum-to-scattering/data/100_100_100_10_10_10/single_atom_shrink/iteration_010/t005/pdb_dcd/sample.dcd using format: dcd
       0.Info>>Options: first=0, last=0, lastset=0, stride=1                    
       0.Info>>stager.target=system                                             
       0.Info>>scattering.type=all                                              
       0.Info>>scattering.dsp.type=square                                       
       0.Info>>scattering.average.orientation.type=vectors                      
       0.Info>>scattering.average.orientation.vectors.type=sphere               
       0.Info>>scattering.average.orientation.vectors.algorithm=boost_uniform_on_sphere
       0.Info>>scattering.average.orientation.vectors.resolution=100            
       0.Info>>Generating orientations for orientational averaging using sphere,boost_uniform_on_sphere
       0.Info>>Initialized orientational averaging with 100 vectors.            
       0.Info>>scattering.signal.file=signal.h5                                 
       0.Info>>scattering.signal.filepath=/home/amajumda/study/continuum_simulations/gitlab/continuum-to-scattering/data/100_100_100_10_10_10/single_atom_shrink/iteration_010/t005/signal.h5
       0.Info>>scattering.signal.fqt=1                                          
       0.Info>>scattering.signal.fq0=1                                          
       0.Info>>scattering.signal.fq=1                                           
       0.Info>>scattering.signal.fq2=1                                          
       0.Info>>Analyzing command line for parameter overwrites                  
       0.Info>>Reading database from file: /home/amajumda/study/continuum_simulations/gitlab/continuum-to-scattering/data/100_100_100_10_10_10/single_atom_shrink/iteration_010/t005/database/db-neutron-coherent.xml
       0.Info>>Checking database...                                             
       0.Info>>Testing mapping between PDB names and atom labels                
       0.Info>>Testing database completeness for referenced atom labels         
       0.Info>>Check succeeded. Database seems OK.                              
       0.Info>>Initializing sample...                                           
       0.Info>>Reading structure from file: /home/amajumda/study/continuum_simulations/gitlab/continuum-to-scattering/data/100_100_100_10_10_10/single_atom_shrink/iteration_010/t005/pdb_dcd/sample.pdb
       0.Info>>Done. Atoms read: 1000                                           
       0.Info>>Reading frames from: /home/amajumda/study/continuum_simulations/gitlab/continuum-to-scattering/data/100_100_100_10_10_10/single_atom_shrink/iteration_010/t005/pdb_dcd/sample.dcd
       0.Info>>Found 1 frames                                                   
       0.Info>>Total number of coordinate sets found: 1                         
       0.Info>>Exchanging sample, database & params information with compute nodes... 
       0.Info>>params...                                                        
       0.Info>>database...                                                      
       0.Info>>sample...                                                        
       0.Info>>.................................................................
       0.Info>>......................C.O.M.P.U.T.A.T.I.O.N......................
       0.Info>>.................................................................
       0.Info>>Setting up services...                                           
       0.Info>>Initializing data file service...                                
       0.Info>>Initializing monitor service...                                  
       0.Info>>Starting data file service...                                    
       0.Info>>Starting monitor service...                                      
       0.Info>>Services setup and running...                                    
       0.Info>>Checking /home/amajumda/study/continuum_simulations/gitlab/continuum-to-scattering/data/100_100_100_10_10_10/single_atom_shrink/iteration_010/t005/signal.h5 for old results.
       0.Info>>Broadcasting service information                                 
       0.Info>>Server host name    : hzglap02                                   
       0.Info>>FileService Port    : 44015                                      
       0.Info>>MonitorService Port : 42341                                      
       0.Info>>Setting up parallel environment...                               
       0.Info>>Searching for decomposition plan:                                
       0.Info>>nodes    = 8                                                     
       0.Info>>qvectors = 100                                                   
       0.Info>>frames   = 1                                                     
       0.Info>>atoms   = 1000                                                   
       0.Info>>All interference scattering detected. Applying frame decomposition.
       0.Info>>Automatic decomposition. Searching for best utilization.         
       0.Info>>Final decomposition parameters:                                  
       0.Info>>NN                : 8                                            
       0.Info>>NQ                : 100                                          
       0.Info>>NAF               : 1                                            
       0.Info>>NP                : 8                                            
       0.Info>>NNpP              : 1                                            
       0.Info>>NAFcycles         : 1                                            
       0.Info>>NQcycles          : 13                                           
       0.Info>>CompEl (WASTE/USE): 4/100                                        
       0.Info>>utilization(1=best)    : 0.96153846153846156                     
       0.Info>>Initializing Scatter Device, Vectors (all)                       
       0.Info>>Starting scattering...                                           
       0.Info>>Checking memory requirements for scattering calculation...       
       0.Info>>required limits.computation.memory.result_buffer=16              
       0.Info>>required limits.computation.memory.signal_buffer=16              
       0.Info>>required limits.computation.memory.exchange_buffer=0             
       0.Info>>required limits.computation.memory.alignpad_buffer=32            
       0.Info>>Memory limits ok                                                 
       0.Info>>Staging data...                                                  
       0.Info>>Forcing stager.mode=frames                                       
       0.Info>>Staging first partition.                                         
       0.Info>>Staging remaining partitions.                                    
       0.Info>>background scattering length set to 0                            
       0.Info>>Target initialized.                                              
       0.Info>>Target 'system' produces a background scattering length density of 0.047534276336780194
       0.Info>>Starting computation...                                          
       0.Info>>Orientational averaging includes 100 vectors                     
       0.Info>>Setting progress sampling factor for monitoring to 1             
       0.Info>>Scattering finished...                                           
       0.Info>>.................................................................
       0.Info>>.....................R.U.N...A.N.A.L.Y.S.I.S.....................
       0.Info>>.................................................................
       0.Info>>Aggregating timing information for performance analysis...       
       0.Info>>                                                                 
       0.Info>>                    Performance Analysis                         
       0.Info>>-----------------------------------------------------------------
       0.Info>> mean and total runtimes:                                        
       0.Info>>-----------------------------------------------------------------
       0.Info>>          measure |    total |       count |     mean |   stddev 
       0.Info>>-----------------------------------------------------------------
       0.Info>>   sd:c:b:dspstore| 2.828e-02|        10000| 2.828e-06| 1.834e-06
       0.Info>>    sd:c:b:scatter| 6.675e-01|        10000| 6.675e-05| 2.327e-05
       0.Info>>        sd:c:block| 8.055e-01|          100| 8.055e-03| 4.966e-04
       0.Info>>         sd:c:init| 1.492e-01|          100| 1.492e-03| 3.051e-04
       0.Info>>       sd:c:reduce| 1.050e-04|          100| 1.050e-06| 6.221e-07
       0.Info>>         sd:c:wait| 1.550e-04|          100| 1.550e-06| 6.480e-07
       0.Info>>        sd:compute| 9.569e-01|          100| 9.569e-03| 5.804e-04
       0.Info>>         sd:runner| 9.599e-01|            8| 1.200e-01| 0.000e+00
       0.Info>>          sd:stage| 3.353e-03|            8| 4.191e-04| 0.000e+00
       0.Info>> sd:worker:scatter| 4.687e-01|        10000| 4.687e-05| 1.016e-05
       0.Info>>    sd:worker:wait| 4.090e-01|        10000| 4.090e-05| 1.575e-04
       0.Info>>          sd:write| 8.220e-04|          100| 8.220e-06| 5.989e-06
       0.Info>>           st:fill| 6.660e-04|            8| 8.325e-05| 0.000e+00
       0.Info>>          st:first| 2.440e-04|            1| 2.440e-04| 0.000e+00
       0.Info>>           st:load| 2.200e-04|            1| 2.200e-04| 0.000e+00
       0.Info>>           st:wait| 1.852e-03|            8| 2.315e-04| 0.000e+00
       0.Info>>-----------------------------------------------------------------
       0.Info>>-----------------------------------------------------------------
       0.Info>> watermarks:                                                     
       0.Info>>-----------------------------------------------------------------
       0.Info>>          measure |      min |      max                          
       0.Info>>-----------------------------------------------------------------
       0.Info>>   sd:c:b:dspstore| 1.000e-06| 7.700e-05                         
       0.Info>>    sd:c:b:scatter| 2.500e-05| 1.552e-03                         
       0.Info>>        sd:c:block| 5.617e-03| 9.380e-03                         
       0.Info>>         sd:c:init| 9.910e-04| 2.109e-03                         
       0.Info>>       sd:c:reduce| 0.000e+00| 3.000e-06                         
       0.Info>>         sd:c:wait| 0.000e+00| 4.000e-06                         
       0.Info>>        sd:compute| 7.544e-03| 1.129e-02                         
       0.Info>>         sd:runner| 1.066e-01| 1.301e-01                         
       0.Info>>          sd:stage| 4.150e-04| 4.240e-04                         
       0.Info>> sd:worker:scatter| 1.300e-05| 7.710e-04                         
       0.Info>>    sd:worker:wait| 1.300e-05| 2.195e-03                         
       0.Info>>          sd:write| 4.000e-06| 3.200e-05                         
       0.Info>>           st:fill| 7.700e-05| 8.700e-05                         
       0.Info>>          st:first| 2.440e-04| 2.440e-04                         
       0.Info>>           st:load| 2.200e-04| 2.200e-04                         
       0.Info>>           st:wait| 4.000e-06| 2.660e-04                         
       0.Info>>-----------------------------------------------------------------
       0.Info>>                                                                 
       0.Info>>         Performance Analysis (relative to total time * nodes)   
       0.Info>>-----------------------------------------------------------------
       0.Info>> mean and total runtimes:                                        
       0.Info>>-----------------------------------------------------------------
       0.Info>>          measure |    total |       count |     mean |   stddev 
       0.Info>>-----------------------------------------------------------------
       0.Info>>   sd:c:b:dspstore| 2.054e-02|        10000| 2.054e-06| 1.563e-06
       0.Info>>    sd:c:b:scatter| 4.848e-01|        10000| 4.848e-05| 1.983e-05
       0.Info>>        sd:c:block| 5.850e-01|          100| 5.850e-03| 4.232e-04
       0.Info>>         sd:c:init| 1.083e-01|          100| 1.083e-03| 2.600e-04
       0.Info>>       sd:c:reduce| 7.626e-05|          100| 7.626e-07| 5.302e-07
       0.Info>>         sd:c:wait| 1.126e-04|          100| 1.126e-06| 5.522e-07
       0.Info>>        sd:compute| 6.950e-01|          100| 6.950e-03| 4.946e-04
       0.Info>>         sd:runner| 6.971e-01|            8| 8.714e-02| 0.000e+00
       0.Info>>          sd:stage| 2.435e-03|            8| 3.044e-04| 0.000e+00
       0.Info>> sd:worker:scatter| 3.404e-01|        10000| 3.404e-05| 8.662e-06
       0.Info>>    sd:worker:wait| 2.970e-01|        10000| 2.970e-05| 1.342e-04
       0.Info>>          sd:write| 5.970e-04|          100| 5.970e-06| 5.104e-06
       0.Info>>           st:fill| 4.837e-04|            8| 6.046e-05| 0.000e+00
       0.Info>>          st:first| 1.772e-04|            1| 1.772e-04| 0.000e+00
       0.Info>>           st:load| 1.598e-04|            1| 1.598e-04| 0.000e+00
       0.Info>>           st:wait| 1.345e-03|            8| 1.681e-04| 0.000e+00
       0.Info>>-----------------------------------------------------------------
       0.Info>>-----------------------------------------------------------------
       0.Info>> watermarks:                                                     
       0.Info>>-----------------------------------------------------------------
       0.Info>>          measure |      min |      max                          
       0.Info>>-----------------------------------------------------------------
       0.Info>>   sd:c:b:dspstore| 7.263e-07| 5.592e-05                         
       0.Info>>    sd:c:b:scatter| 1.816e-05| 1.127e-03                         
       0.Info>>        sd:c:block| 4.079e-03| 6.812e-03                         
       0.Info>>         sd:c:init| 7.197e-04| 1.532e-03                         
       0.Info>>       sd:c:reduce| 0.000e+00| 2.179e-06                         
       0.Info>>         sd:c:wait| 0.000e+00| 2.905e-06                         
       0.Info>>        sd:compute| 5.479e-03| 8.203e-03                         
       0.Info>>         sd:runner| 7.744e-02| 9.445e-02                         
       0.Info>>          sd:stage| 3.014e-04| 3.079e-04                         
       0.Info>> sd:worker:scatter| 9.441e-06| 5.599e-04                         
       0.Info>>    sd:worker:wait| 9.441e-06| 1.594e-03                         
       0.Info>>          sd:write| 2.905e-06| 2.324e-05                         
       0.Info>>           st:fill| 5.592e-05| 6.318e-05                         
       0.Info>>          st:first| 1.772e-04| 1.772e-04                         
       0.Info>>           st:load| 1.598e-04| 1.598e-04                         
       0.Info>>           st:wait| 2.905e-06| 1.932e-04                         
       0.Info>>-----------------------------------------------------------------
       0.Info>>Total runtime (s): 0.17211699999999999                           
       0.Info>>Successfully finished... Have a nice day!                        
