       0.Info>>This software is being developed by Benjamin Lindner.                    
       0.Info>>For help, suggestions or correspondense use:                             
       0.Info>>ben@benlabs.net, Benjamin Lindner (Main Developer, Impl. & Maintenance)  
       0.Info>>franc@cmm.ki.si, Franci Merzel (Methodology)                             
       0.Info>>For publications include the following references:                       
       0.Info>>.........................................................................
       0.Info>>1. Sassena - X-ray and Neutron Scattering Calculated                     
       0.Info>>  from Molecular Dynamics Trajectories using Massively Parallel Computers
       0.Info>>  published as a Computer Program in Physics Paper                       
       0.Info>>.........................................................................
       0.Info>>Version Information: 1.4.2                                       
       0.Info>>                                                                 
       0.Info>>.................................................................
       0.Info>>......................D.E.S.C.R.I.P.T.I.O.N......................
       0.Info>>.................................................................
       0.Info>>This binary computes the scattering intensities directly from    
       0.Info>>a molecular dynamics trajectory.                                 
       0.Info>>.................................................................
       0.Info>>.................................................................
       0.Info>>...................I.N.I.T.I.A.L.I.Z.A.T.I.O.N...................
       0.Info>>.................................................................
       0.Info>>No configuration file specified. Will use default                
       0.Info>>Looking for configuration file: scatter.xml                      
       0.Info>>Reading parameters from XML file: scatter.xml                    
       0.Info>>Added frames from /home/amajumda/study/continuum_simulations/gitlab/continuum-to-scattering/data/100_100_100_50_50_50/single_atom_shrink/iteration_007/t002/pdb_dcd/sample.dcd using format: dcd
       0.Info>>Options: first=0, last=0, lastset=0, stride=1                    
       0.Info>>stager.target=system                                             
       0.Info>>scattering.type=all                                              
       0.Info>>scattering.dsp.type=square                                       
       0.Info>>scattering.average.orientation.type=vectors                      
       0.Info>>scattering.average.orientation.vectors.type=sphere               
       0.Info>>scattering.average.orientation.vectors.algorithm=boost_uniform_on_sphere
       0.Info>>scattering.average.orientation.vectors.resolution=100            
       0.Info>>Generating orientations for orientational averaging using sphere,boost_uniform_on_sphere
       0.Info>>Initialized orientational averaging with 100 vectors.            
       0.Info>>scattering.signal.file=signal.h5                                 
       0.Info>>scattering.signal.filepath=/home/amajumda/study/continuum_simulations/gitlab/continuum-to-scattering/data/100_100_100_50_50_50/single_atom_shrink/iteration_007/t002/signal.h5
       0.Info>>scattering.signal.fqt=1                                          
       0.Info>>scattering.signal.fq0=1                                          
       0.Info>>scattering.signal.fq=1                                           
       0.Info>>scattering.signal.fq2=1                                          
       0.Info>>Analyzing command line for parameter overwrites                  
       0.Info>>Reading database from file: /home/amajumda/study/continuum_simulations/gitlab/continuum-to-scattering/data/100_100_100_50_50_50/single_atom_shrink/iteration_007/t002/database/db-neutron-coherent.xml
       0.Info>>Checking database...                                             
       0.Info>>Testing mapping between PDB names and atom labels                
       0.Info>>Testing database completeness for referenced atom labels         
       0.Info>>Check succeeded. Database seems OK.                              
       0.Info>>Initializing sample...                                           
       0.Info>>Reading structure from file: /home/amajumda/study/continuum_simulations/gitlab/continuum-to-scattering/data/100_100_100_50_50_50/single_atom_shrink/iteration_007/t002/pdb_dcd/sample.pdb
       0.Info>>Done. Atoms read: 125000                                         
       0.Info>>Reading frames from: /home/amajumda/study/continuum_simulations/gitlab/continuum-to-scattering/data/100_100_100_50_50_50/single_atom_shrink/iteration_007/t002/pdb_dcd/sample.dcd
       0.Info>>Found 1 frames                                                   
       0.Info>>Total number of coordinate sets found: 1                         
       0.Info>>Exchanging sample, database & params information with compute nodes... 
       0.Info>>params...                                                        
       0.Info>>database...                                                      
       0.Info>>sample...                                                        
       0.Info>>.................................................................
       0.Info>>......................C.O.M.P.U.T.A.T.I.O.N......................
       0.Info>>.................................................................
       0.Info>>Setting up services...                                           
       0.Info>>Initializing data file service...                                
       0.Info>>Initializing monitor service...                                  
       0.Info>>Starting data file service...                                    
       0.Info>>Starting monitor service...                                      
       0.Info>>Services setup and running...                                    
       0.Info>>Checking /home/amajumda/study/continuum_simulations/gitlab/continuum-to-scattering/data/100_100_100_50_50_50/single_atom_shrink/iteration_007/t002/signal.h5 for old results.
       0.Info>>Broadcasting service information                                 
       0.Info>>Server host name    : hzglap02                                   
       0.Info>>FileService Port    : 45585                                      
       0.Info>>MonitorService Port : 38809                                      
       0.Info>>Setting up parallel environment...                               
       0.Info>>Searching for decomposition plan:                                
       0.Info>>nodes    = 8                                                     
       0.Info>>qvectors = 100                                                   
       0.Info>>frames   = 1                                                     
       0.Info>>atoms   = 125000                                                 
       0.Info>>All interference scattering detected. Applying frame decomposition.
       0.Info>>Automatic decomposition. Searching for best utilization.         
       0.Info>>Final decomposition parameters:                                  
       0.Info>>NN                : 8                                            
       0.Info>>NQ                : 100                                          
       0.Info>>NAF               : 1                                            
       0.Info>>NP                : 8                                            
       0.Info>>NNpP              : 1                                            
       0.Info>>NAFcycles         : 1                                            
       0.Info>>NQcycles          : 13                                           
       0.Info>>CompEl (WASTE/USE): 4/100                                        
       0.Info>>utilization(1=best)    : 0.96153846153846156                     
       0.Info>>Initializing Scatter Device, Vectors (all)                       
       0.Info>>Starting scattering...                                           
       0.Info>>Checking memory requirements for scattering calculation...       
       0.Info>>required limits.computation.memory.result_buffer=16              
       0.Info>>required limits.computation.memory.signal_buffer=16              
       0.Info>>required limits.computation.memory.exchange_buffer=0             
       0.Info>>required limits.computation.memory.alignpad_buffer=32            
       0.Info>>Memory limits ok                                                 
       0.Info>>Staging data...                                                  
       0.Info>>Forcing stager.mode=frames                                       
       0.Info>>Staging first partition.                                         
       0.Info>>Staging remaining partitions.                                    
       0.Info>>background scattering length set to 0                            
       0.Info>>Target initialized.                                              
       0.Info>>Target 'system' produces a background scattering length density of 0.001426136939880797
       0.Info>>Starting computation...                                          
       0.Info>>Orientational averaging includes 100 vectors                     
       0.Info>>Setting progress sampling factor for monitoring to 1             
       0.Info>>Progress: 2.385%, ETOTAL: 57.44971179039301 s, ETA: 56.079296790393009 s
       0.Info>>Progress: 4.395%, ETOTAL: 31.462796718322704 s, ETA: 30.079996718322704 s
       0.Info>>Progress: 6.655%, ETOTAL: 20.79626326309452 s, ETA: 19.412345263094519 s
       0.Info>>Progress: 11.300%, ETOTAL: 12.42149806424165 s, ETA: 11.01780906424165 s
       0.Info>>Progress: 22.205%, ETOTAL: 15.2409207852194 s, ETA: 11.8566547852194 s
       0.Info>>Progress: 32.330%, ETOTAL: 10.498956201050859 s, ETA: 7.104630201050858 s
       0.Info>>Progress: 42.580%, ETOTAL: 8.0221834550244644 s, ETA: 4.6063274550244637 s
       0.Info>>Progress: 52.705%, ETOTAL: 10.195138846995865 s, ETA: 4.8217778469958645 s
       0.Info>>Progress: 62.330%, ETOTAL: 8.6605212526353696 s, ETA: 3.2624072526353682 s
       0.Info>>Progress: 72.330%, ETOTAL: 7.7247630256569337 s, ETA: 2.137432025656933 s
       0.Info>>Progress: 82.330%, ETOTAL: 8.9680912212403179 s, ETA: 1.5846502212403175 s
       0.Info>>Scattering finished...                                           
       0.Info>>.................................................................
       0.Info>>.....................R.U.N...A.N.A.L.Y.S.I.S.....................
       0.Info>>.................................................................
       0.Info>>Aggregating timing information for performance analysis...       
       0.Info>>                                                                 
       0.Info>>                    Performance Analysis                         
       0.Info>>-----------------------------------------------------------------
       0.Info>> mean and total runtimes:                                        
       0.Info>>-----------------------------------------------------------------
       0.Info>>          measure |    total |       count |     mean |   stddev 
       0.Info>>-----------------------------------------------------------------
       0.Info>>   sd:c:b:dspstore| 3.592e-02|        10000| 3.592e-06| 1.915e-06
       0.Info>>    sd:c:b:scatter| 4.376e+01|        10000| 4.376e-03| 7.510e-04
       0.Info>>        sd:c:block| 4.393e+01|          100| 4.393e-01| 3.983e-02
       0.Info>>         sd:c:init| 1.506e+01|          100| 1.506e-01| 2.764e-02
       0.Info>>       sd:c:reduce| 9.800e-05|          100| 9.800e-07| 5.541e-07
       0.Info>>         sd:c:wait| 1.690e-04|          100| 1.690e-06| 5.608e-07
       0.Info>>        sd:compute| 5.899e+01|          100| 5.899e-01| 5.147e-02
       0.Info>>         sd:runner| 5.899e+01|            8| 7.374e+00| 0.000e+00
       0.Info>>          sd:stage| 1.968e-01|            8| 2.460e-02| 0.000e+00
       0.Info>> sd:worker:scatter| 4.339e+01|        10000| 4.339e-03| 7.326e-04
       0.Info>>    sd:worker:wait| 1.549e+01|        10000| 1.549e-03| 1.526e-02
       0.Info>>          sd:write| 1.037e-03|          100| 1.037e-05| 7.627e-06
       0.Info>>           st:fill| 1.179e-02|            8| 1.474e-03| 0.000e+00
       0.Info>>          st:first| 2.300e-02|            1| 2.300e-02| 0.000e+00
       0.Info>>           st:load| 2.268e-02|            1| 2.268e-02| 0.000e+00
       0.Info>>           st:wait| 1.613e-01|            8| 2.016e-02| 0.000e+00
       0.Info>>-----------------------------------------------------------------
       0.Info>>-----------------------------------------------------------------
       0.Info>> watermarks:                                                     
       0.Info>>-----------------------------------------------------------------
       0.Info>>          measure |      min |      max                          
       0.Info>>-----------------------------------------------------------------
       0.Info>>   sd:c:b:dspstore| 2.000e-06| 7.300e-05                         
       0.Info>>    sd:c:b:scatter| 1.560e-03| 1.456e-02                         
       0.Info>>        sd:c:block| 1.638e-01| 5.618e-01                         
       0.Info>>         sd:c:init| 1.201e-01| 2.712e-01                         
       0.Info>>       sd:c:reduce| 0.000e+00| 3.000e-06                         
       0.Info>>         sd:c:wait| 1.000e-06| 3.000e-06                         
       0.Info>>        sd:compute| 2.840e-01| 7.302e-01                         
       0.Info>>         sd:runner| 6.493e+00| 8.162e+00                         
       0.Info>>          sd:stage| 2.445e-02| 2.466e-02                         
       0.Info>> sd:worker:scatter| 1.539e-03| 8.694e-03                         
       0.Info>>    sd:worker:wait| 1.000e-06| 2.713e-01                         
       0.Info>>          sd:write| 5.000e-06| 4.800e-05                         
       0.Info>>           st:fill| 1.319e-03| 1.539e-03                         
       0.Info>>          st:first| 2.300e-02| 2.300e-02                         
       0.Info>>           st:load| 2.268e-02| 2.268e-02                         
       0.Info>>           st:wait| 9.000e-06| 2.304e-02                         
       0.Info>>-----------------------------------------------------------------
       0.Info>>                                                                 
       0.Info>>         Performance Analysis (relative to total time * nodes)   
       0.Info>>-----------------------------------------------------------------
       0.Info>> mean and total runtimes:                                        
       0.Info>>-----------------------------------------------------------------
       0.Info>>          measure |    total |       count |     mean |   stddev 
       0.Info>>-----------------------------------------------------------------
       0.Info>>   sd:c:b:dspstore| 5.216e-04|        10000| 5.216e-08| 2.308e-07
       0.Info>>    sd:c:b:scatter| 6.355e-01|        10000| 6.355e-05| 9.050e-05
       0.Info>>        sd:c:block| 6.381e-01|          100| 6.381e-03| 4.800e-03
       0.Info>>         sd:c:init| 2.187e-01|          100| 2.187e-03| 3.331e-03
       0.Info>>       sd:c:reduce| 1.423e-06|          100| 1.423e-08| 6.678e-08
       0.Info>>         sd:c:wait| 2.455e-06|          100| 2.455e-08| 6.759e-08
       0.Info>>        sd:compute| 8.568e-01|          100| 8.568e-03| 6.203e-03
       0.Info>>         sd:runner| 8.568e-01|            8| 1.071e-01| 0.000e+00
       0.Info>>          sd:stage| 2.858e-03|            8| 3.573e-04| 0.000e+00
       0.Info>> sd:worker:scatter| 6.303e-01|        10000| 6.303e-05| 8.829e-05
       0.Info>>    sd:worker:wait| 2.250e-01|        10000| 2.250e-05| 1.839e-03
       0.Info>>          sd:write| 1.506e-05|          100| 1.506e-07| 9.191e-07
       0.Info>>           st:fill| 1.713e-04|            8| 2.141e-05| 0.000e+00
       0.Info>>          st:first| 3.341e-04|            1| 3.341e-04| 0.000e+00
       0.Info>>           st:load| 3.294e-04|            1| 3.294e-04| 0.000e+00
       0.Info>>           st:wait| 2.342e-03|            8| 2.928e-04| 0.000e+00
       0.Info>>-----------------------------------------------------------------
       0.Info>>-----------------------------------------------------------------
       0.Info>> watermarks:                                                     
       0.Info>>-----------------------------------------------------------------
       0.Info>>          measure |      min |      max                          
       0.Info>>-----------------------------------------------------------------
       0.Info>>   sd:c:b:dspstore| 2.905e-08| 1.060e-06                         
       0.Info>>    sd:c:b:scatter| 2.266e-05| 2.114e-04                         
       0.Info>>        sd:c:block| 2.379e-03| 8.160e-03                         
       0.Info>>         sd:c:init| 1.744e-03| 3.939e-03                         
       0.Info>>       sd:c:reduce| 0.000e+00| 4.357e-08                         
       0.Info>>         sd:c:wait| 1.452e-08| 4.357e-08                         
       0.Info>>        sd:compute| 4.125e-03| 1.061e-02                         
       0.Info>>         sd:runner| 9.431e-02| 1.185e-01                         
       0.Info>>          sd:stage| 3.551e-04| 3.582e-04                         
       0.Info>> sd:worker:scatter| 2.235e-05| 1.263e-04                         
       0.Info>>    sd:worker:wait| 1.452e-08| 3.940e-03                         
       0.Info>>          sd:write| 7.262e-08| 6.972e-07                         
       0.Info>>           st:fill| 1.916e-05| 2.235e-05                         
       0.Info>>          st:first| 3.341e-04| 3.341e-04                         
       0.Info>>           st:load| 3.294e-04| 3.294e-04                         
       0.Info>>           st:wait| 1.307e-07| 3.347e-04                         
       0.Info>>-----------------------------------------------------------------
       0.Info>>Total runtime (s): 8.6063320000000001                            
       0.Info>>Successfully finished... Have a nice day!                        
