       0.Info>>This software is being developed by Benjamin Lindner.                    
       0.Info>>For help, suggestions or correspondense use:                             
       0.Info>>ben@benlabs.net, Benjamin Lindner (Main Developer, Impl. & Maintenance)  
       0.Info>>franc@cmm.ki.si, Franci Merzel (Methodology)                             
       0.Info>>For publications include the following references:                       
       0.Info>>.........................................................................
       0.Info>>1. Sassena - X-ray and Neutron Scattering Calculated                     
       0.Info>>  from Molecular Dynamics Trajectories using Massively Parallel Computers
       0.Info>>  published as a Computer Program in Physics Paper                       
       0.Info>>.........................................................................
       0.Info>>Version Information: 1.4.2                                       
       0.Info>>                                                                 
       0.Info>>.................................................................
       0.Info>>......................D.E.S.C.R.I.P.T.I.O.N......................
       0.Info>>.................................................................
       0.Info>>This binary computes the scattering intensities directly from    
       0.Info>>a molecular dynamics trajectory.                                 
       0.Info>>.................................................................
       0.Info>>.................................................................
       0.Info>>...................I.N.I.T.I.A.L.I.Z.A.T.I.O.N...................
       0.Info>>.................................................................
       0.Info>>No configuration file specified. Will use default                
       0.Info>>Looking for configuration file: scatter.xml                      
       0.Info>>Reading parameters from XML file: scatter.xml                    
       0.Info>>Added frames from /home/amajumda/study/continuum_simulations/gitlab/continuum-to-scattering/data/100_100_100_10_10_10/single_atom_shrink/iteration_008/t003/pdb_dcd/sample.dcd using format: dcd
       0.Info>>Options: first=0, last=0, lastset=0, stride=1                    
       0.Info>>stager.target=system                                             
       0.Info>>scattering.type=all                                              
       0.Info>>scattering.dsp.type=square                                       
       0.Info>>scattering.average.orientation.type=vectors                      
       0.Info>>scattering.average.orientation.vectors.type=sphere               
       0.Info>>scattering.average.orientation.vectors.algorithm=boost_uniform_on_sphere
       0.Info>>scattering.average.orientation.vectors.resolution=100            
       0.Info>>Generating orientations for orientational averaging using sphere,boost_uniform_on_sphere
       0.Info>>Initialized orientational averaging with 100 vectors.            
       0.Info>>scattering.signal.file=signal.h5                                 
       0.Info>>scattering.signal.filepath=/home/amajumda/study/continuum_simulations/gitlab/continuum-to-scattering/data/100_100_100_10_10_10/single_atom_shrink/iteration_008/t003/signal.h5
       0.Info>>scattering.signal.fqt=1                                          
       0.Info>>scattering.signal.fq0=1                                          
       0.Info>>scattering.signal.fq=1                                           
       0.Info>>scattering.signal.fq2=1                                          
       0.Info>>Analyzing command line for parameter overwrites                  
       0.Info>>Reading database from file: /home/amajumda/study/continuum_simulations/gitlab/continuum-to-scattering/data/100_100_100_10_10_10/single_atom_shrink/iteration_008/t003/database/db-neutron-coherent.xml
       0.Info>>Checking database...                                             
       0.Info>>Testing mapping between PDB names and atom labels                
       0.Info>>Testing database completeness for referenced atom labels         
       0.Info>>Check succeeded. Database seems OK.                              
       0.Info>>Initializing sample...                                           
       0.Info>>Reading structure from file: /home/amajumda/study/continuum_simulations/gitlab/continuum-to-scattering/data/100_100_100_10_10_10/single_atom_shrink/iteration_008/t003/pdb_dcd/sample.pdb
       0.Info>>Done. Atoms read: 1000                                           
       0.Info>>Reading frames from: /home/amajumda/study/continuum_simulations/gitlab/continuum-to-scattering/data/100_100_100_10_10_10/single_atom_shrink/iteration_008/t003/pdb_dcd/sample.dcd
       0.Info>>Found 1 frames                                                   
       0.Info>>Total number of coordinate sets found: 1                         
       0.Info>>Exchanging sample, database & params information with compute nodes... 
       0.Info>>params...                                                        
       0.Info>>database...                                                      
       0.Info>>sample...                                                        
       0.Info>>.................................................................
       0.Info>>......................C.O.M.P.U.T.A.T.I.O.N......................
       0.Info>>.................................................................
       0.Info>>Setting up services...                                           
       0.Info>>Initializing data file service...                                
       0.Info>>Initializing monitor service...                                  
       0.Info>>Starting data file service...                                    
       0.Info>>Starting monitor service...                                      
       0.Info>>Services setup and running...                                    
       0.Info>>Checking /home/amajumda/study/continuum_simulations/gitlab/continuum-to-scattering/data/100_100_100_10_10_10/single_atom_shrink/iteration_008/t003/signal.h5 for old results.
       0.Info>>Broadcasting service information                                 
       0.Info>>Server host name    : hzglap02                                   
       0.Info>>FileService Port    : 41197                                      
       0.Info>>MonitorService Port : 42479                                      
       0.Info>>Setting up parallel environment...                               
       0.Info>>Searching for decomposition plan:                                
       0.Info>>nodes    = 8                                                     
       0.Info>>qvectors = 100                                                   
       0.Info>>frames   = 1                                                     
       0.Info>>atoms   = 1000                                                   
       0.Info>>All interference scattering detected. Applying frame decomposition.
       0.Info>>Automatic decomposition. Searching for best utilization.         
       0.Info>>Final decomposition parameters:                                  
       0.Info>>NN                : 8                                            
       0.Info>>NQ                : 100                                          
       0.Info>>NAF               : 1                                            
       0.Info>>NP                : 8                                            
       0.Info>>NNpP              : 1                                            
       0.Info>>NAFcycles         : 1                                            
       0.Info>>NQcycles          : 13                                           
       0.Info>>CompEl (WASTE/USE): 4/100                                        
       0.Info>>utilization(1=best)    : 0.96153846153846156                     
       0.Info>>Initializing Scatter Device, Vectors (all)                       
       0.Info>>Starting scattering...                                           
       0.Info>>Checking memory requirements for scattering calculation...       
       0.Info>>required limits.computation.memory.result_buffer=16              
       0.Info>>required limits.computation.memory.signal_buffer=16              
       0.Info>>required limits.computation.memory.exchange_buffer=0             
       0.Info>>required limits.computation.memory.alignpad_buffer=32            
       0.Info>>Memory limits ok                                                 
       0.Info>>Staging data...                                                  
       0.Info>>Forcing stager.mode=frames                                       
       0.Info>>Staging first partition.                                         
       0.Info>>Staging remaining partitions.                                    
       0.Info>>background scattering length set to 0                            
       0.Info>>Target initialized.                                              
       0.Info>>Target 'system' produces a background scattering length density of 0.10355681630512822
       0.Info>>Starting computation...                                          
       0.Info>>Orientational averaging includes 100 vectors                     
       0.Info>>Setting progress sampling factor for monitoring to 1             
       0.Info>>Scattering finished...                                           
       0.Info>>.................................................................
       0.Info>>.....................R.U.N...A.N.A.L.Y.S.I.S.....................
       0.Info>>.................................................................
       0.Info>>Aggregating timing information for performance analysis...       
       0.Info>>                                                                 
       0.Info>>                    Performance Analysis                         
       0.Info>>-----------------------------------------------------------------
       0.Info>> mean and total runtimes:                                        
       0.Info>>-----------------------------------------------------------------
       0.Info>>          measure |    total |       count |     mean |   stddev 
       0.Info>>-----------------------------------------------------------------
       0.Info>>   sd:c:b:dspstore| 2.789e-02|        10000| 2.789e-06| 3.199e-06
       0.Info>>    sd:c:b:scatter| 6.435e-01|        10000| 6.435e-05| 1.480e-05
       0.Info>>        sd:c:block| 7.784e-01|          100| 7.784e-03| 5.136e-04
       0.Info>>         sd:c:init| 1.593e-01|          100| 1.593e-03| 4.179e-04
       0.Info>>       sd:c:reduce| 1.110e-04|          100| 1.110e-06| 6.500e-07
       0.Info>>         sd:c:wait| 1.470e-04|          100| 1.470e-06| 6.604e-07
       0.Info>>        sd:compute| 9.399e-01|          100| 9.399e-03| 7.663e-04
       0.Info>>         sd:runner| 9.433e-01|            8| 1.179e-01| 0.000e+00
       0.Info>>          sd:stage| 3.930e-03|            8| 4.913e-04| 0.000e+00
       0.Info>> sd:worker:scatter| 4.515e-01|        10000| 4.515e-05| 8.227e-06
       0.Info>>    sd:worker:wait| 4.118e-01|        10000| 4.118e-05| 1.688e-04
       0.Info>>          sd:write| 7.900e-04|          100| 7.900e-06| 5.840e-06
       0.Info>>           st:fill| 9.400e-04|            8| 1.175e-04| 0.000e+00
       0.Info>>          st:first| 2.440e-04|            1| 2.440e-04| 0.000e+00
       0.Info>>           st:load| 2.210e-04|            1| 2.210e-04| 0.000e+00
       0.Info>>           st:wait| 1.943e-03|            8| 2.429e-04| 0.000e+00
       0.Info>>-----------------------------------------------------------------
       0.Info>>-----------------------------------------------------------------
       0.Info>> watermarks:                                                     
       0.Info>>-----------------------------------------------------------------
       0.Info>>          measure |      min |      max                          
       0.Info>>-----------------------------------------------------------------
       0.Info>>   sd:c:b:dspstore| 1.000e-06| 2.870e-04                         
       0.Info>>    sd:c:b:scatter| 2.200e-05| 7.870e-04                         
       0.Info>>        sd:c:block| 5.427e-03| 9.337e-03                         
       0.Info>>         sd:c:init| 9.310e-04| 2.693e-03                         
       0.Info>>       sd:c:reduce| 0.000e+00| 5.000e-06                         
       0.Info>>         sd:c:wait| 1.000e-06| 4.000e-06                         
       0.Info>>        sd:compute| 6.578e-03| 1.134e-02                         
       0.Info>>         sd:runner| 1.014e-01| 1.262e-01                         
       0.Info>>          sd:stage| 4.870e-04| 4.940e-04                         
       0.Info>> sd:worker:scatter| 1.200e-05| 3.370e-04                         
       0.Info>>    sd:worker:wait| 1.200e-05| 2.807e-03                         
       0.Info>>          sd:write| 4.000e-06| 3.300e-05                         
       0.Info>>           st:fill| 1.160e-04| 1.180e-04                         
       0.Info>>          st:first| 2.440e-04| 2.440e-04                         
       0.Info>>           st:load| 2.210e-04| 2.210e-04                         
       0.Info>>           st:wait| 4.000e-06| 2.870e-04                         
       0.Info>>-----------------------------------------------------------------
       0.Info>>                                                                 
       0.Info>>         Performance Analysis (relative to total time * nodes)   
       0.Info>>-----------------------------------------------------------------
       0.Info>> mean and total runtimes:                                        
       0.Info>>-----------------------------------------------------------------
       0.Info>>          measure |    total |       count |     mean |   stddev 
       0.Info>>-----------------------------------------------------------------
       0.Info>>   sd:c:b:dspstore| 2.060e-02|        10000| 2.060e-06| 2.750e-06
       0.Info>>    sd:c:b:scatter| 4.754e-01|        10000| 4.754e-05| 1.272e-05
       0.Info>>        sd:c:block| 5.750e-01|          100| 5.750e-03| 4.414e-04
       0.Info>>         sd:c:init| 1.177e-01|          100| 1.177e-03| 3.591e-04
       0.Info>>       sd:c:reduce| 8.200e-05|          100| 8.200e-07| 5.586e-07
       0.Info>>         sd:c:wait| 1.086e-04|          100| 1.086e-06| 5.676e-07
       0.Info>>        sd:compute| 6.943e-01|          100| 6.943e-03| 6.586e-04
       0.Info>>         sd:runner| 6.969e-01|            8| 8.711e-02| 0.000e+00
       0.Info>>          sd:stage| 2.903e-03|            8| 3.629e-04| 0.000e+00
       0.Info>> sd:worker:scatter| 3.335e-01|        10000| 3.335e-05| 7.071e-06
       0.Info>>    sd:worker:wait| 3.042e-01|        10000| 3.042e-05| 1.451e-04
       0.Info>>          sd:write| 5.836e-04|          100| 5.836e-06| 5.020e-06
       0.Info>>           st:fill| 6.944e-04|            8| 8.680e-05| 0.000e+00
       0.Info>>          st:first| 1.803e-04|            1| 1.803e-04| 0.000e+00
       0.Info>>           st:load| 1.633e-04|            1| 1.633e-04| 0.000e+00
       0.Info>>           st:wait| 1.435e-03|            8| 1.794e-04| 0.000e+00
       0.Info>>-----------------------------------------------------------------
       0.Info>>-----------------------------------------------------------------
       0.Info>> watermarks:                                                     
       0.Info>>-----------------------------------------------------------------
       0.Info>>          measure |      min |      max                          
       0.Info>>-----------------------------------------------------------------
       0.Info>>   sd:c:b:dspstore| 7.387e-07| 2.120e-04                         
       0.Info>>    sd:c:b:scatter| 1.625e-05| 5.814e-04                         
       0.Info>>        sd:c:block| 4.009e-03| 6.898e-03                         
       0.Info>>         sd:c:init| 6.878e-04| 1.989e-03                         
       0.Info>>       sd:c:reduce| 0.000e+00| 3.694e-06                         
       0.Info>>         sd:c:wait| 7.387e-07| 2.955e-06                         
       0.Info>>        sd:compute| 4.859e-03| 8.376e-03                         
       0.Info>>         sd:runner| 7.493e-02| 9.320e-02                         
       0.Info>>          sd:stage| 3.598e-04| 3.649e-04                         
       0.Info>> sd:worker:scatter| 8.865e-06| 2.490e-04                         
       0.Info>>    sd:worker:wait| 8.865e-06| 2.074e-03                         
       0.Info>>          sd:write| 2.955e-06| 2.438e-05                         
       0.Info>>           st:fill| 8.569e-05| 8.717e-05                         
       0.Info>>          st:first| 1.803e-04| 1.803e-04                         
       0.Info>>           st:load| 1.633e-04| 1.633e-04                         
       0.Info>>           st:wait| 2.955e-06| 2.120e-04                         
       0.Info>>-----------------------------------------------------------------
       0.Info>>Total runtime (s): 0.169209                                      
       0.Info>>Successfully finished... Have a nice day!                        
