       0.Info>>This software is being developed by Benjamin Lindner.                    
       0.Info>>For help, suggestions or correspondense use:                             
       0.Info>>ben@benlabs.net, Benjamin Lindner (Main Developer, Impl. & Maintenance)  
       0.Info>>franc@cmm.ki.si, Franci Merzel (Methodology)                             
       0.Info>>For publications include the following references:                       
       0.Info>>.........................................................................
       0.Info>>1. Sassena - X-ray and Neutron Scattering Calculated                     
       0.Info>>  from Molecular Dynamics Trajectories using Massively Parallel Computers
       0.Info>>  published as a Computer Program in Physics Paper                       
       0.Info>>.........................................................................
       0.Info>>Version Information: 1.4.2                                       
       0.Info>>                                                                 
       0.Info>>.................................................................
       0.Info>>......................D.E.S.C.R.I.P.T.I.O.N......................
       0.Info>>.................................................................
       0.Info>>This binary computes the scattering intensities directly from    
       0.Info>>a molecular dynamics trajectory.                                 
       0.Info>>.................................................................
       0.Info>>.................................................................
       0.Info>>...................I.N.I.T.I.A.L.I.Z.A.T.I.O.N...................
       0.Info>>.................................................................
       0.Info>>No configuration file specified. Will use default                
       0.Info>>Looking for configuration file: scatter.xml                      
       0.Info>>Reading parameters from XML file: scatter.xml                    
       0.Info>>Added frames from /home/amajumda/study/continuum_simulations/gitlab/continuum-to-scattering/data/100_100_100_10_10_10/single_atom_shrink/iteration_010/t002/pdb_dcd/sample.dcd using format: dcd
       0.Info>>Options: first=0, last=0, lastset=0, stride=1                    
       0.Info>>stager.target=system                                             
       0.Info>>scattering.type=all                                              
       0.Info>>scattering.dsp.type=square                                       
       0.Info>>scattering.average.orientation.type=vectors                      
       0.Info>>scattering.average.orientation.vectors.type=sphere               
       0.Info>>scattering.average.orientation.vectors.algorithm=boost_uniform_on_sphere
       0.Info>>scattering.average.orientation.vectors.resolution=100            
       0.Info>>Generating orientations for orientational averaging using sphere,boost_uniform_on_sphere
       0.Info>>Initialized orientational averaging with 100 vectors.            
       0.Info>>scattering.signal.file=signal.h5                                 
       0.Info>>scattering.signal.filepath=/home/amajumda/study/continuum_simulations/gitlab/continuum-to-scattering/data/100_100_100_10_10_10/single_atom_shrink/iteration_010/t002/signal.h5
       0.Info>>scattering.signal.fqt=1                                          
       0.Info>>scattering.signal.fq0=1                                          
       0.Info>>scattering.signal.fq=1                                           
       0.Info>>scattering.signal.fq2=1                                          
       0.Info>>Analyzing command line for parameter overwrites                  
       0.Info>>Reading database from file: /home/amajumda/study/continuum_simulations/gitlab/continuum-to-scattering/data/100_100_100_10_10_10/single_atom_shrink/iteration_010/t002/database/db-neutron-coherent.xml
       0.Info>>Checking database...                                             
       0.Info>>Testing mapping between PDB names and atom labels                
       0.Info>>Testing database completeness for referenced atom labels         
       0.Info>>Check succeeded. Database seems OK.                              
       0.Info>>Initializing sample...                                           
       0.Info>>Reading structure from file: /home/amajumda/study/continuum_simulations/gitlab/continuum-to-scattering/data/100_100_100_10_10_10/single_atom_shrink/iteration_010/t002/pdb_dcd/sample.pdb
       0.Info>>Done. Atoms read: 1000                                           
       0.Info>>Reading frames from: /home/amajumda/study/continuum_simulations/gitlab/continuum-to-scattering/data/100_100_100_10_10_10/single_atom_shrink/iteration_010/t002/pdb_dcd/sample.dcd
       0.Info>>Found 1 frames                                                   
       0.Info>>Total number of coordinate sets found: 1                         
       0.Info>>Exchanging sample, database & params information with compute nodes... 
       0.Info>>params...                                                        
       0.Info>>database...                                                      
       0.Info>>sample...                                                        
       0.Info>>.................................................................
       0.Info>>......................C.O.M.P.U.T.A.T.I.O.N......................
       0.Info>>.................................................................
       0.Info>>Setting up services...                                           
       0.Info>>Initializing data file service...                                
       0.Info>>Initializing monitor service...                                  
       0.Info>>Starting data file service...                                    
       0.Info>>Starting monitor service...                                      
       0.Info>>Services setup and running...                                    
       0.Info>>Checking /home/amajumda/study/continuum_simulations/gitlab/continuum-to-scattering/data/100_100_100_10_10_10/single_atom_shrink/iteration_010/t002/signal.h5 for old results.
       0.Info>>Broadcasting service information                                 
       0.Info>>Server host name    : hzglap02                                   
       0.Info>>FileService Port    : 44207                                      
       0.Info>>MonitorService Port : 41853                                      
       0.Info>>Setting up parallel environment...                               
       0.Info>>Searching for decomposition plan:                                
       0.Info>>nodes    = 8                                                     
       0.Info>>qvectors = 100                                                   
       0.Info>>frames   = 1                                                     
       0.Info>>atoms   = 1000                                                   
       0.Info>>All interference scattering detected. Applying frame decomposition.
       0.Info>>Automatic decomposition. Searching for best utilization.         
       0.Info>>Final decomposition parameters:                                  
       0.Info>>NN                : 8                                            
       0.Info>>NQ                : 100                                          
       0.Info>>NAF               : 1                                            
       0.Info>>NP                : 8                                            
       0.Info>>NNpP              : 1                                            
       0.Info>>NAFcycles         : 1                                            
       0.Info>>NQcycles          : 13                                           
       0.Info>>CompEl (WASTE/USE): 4/100                                        
       0.Info>>utilization(1=best)    : 0.96153846153846156                     
       0.Info>>Initializing Scatter Device, Vectors (all)                       
       0.Info>>Starting scattering...                                           
       0.Info>>Checking memory requirements for scattering calculation...       
       0.Info>>required limits.computation.memory.result_buffer=16              
       0.Info>>required limits.computation.memory.signal_buffer=16              
       0.Info>>required limits.computation.memory.exchange_buffer=0             
       0.Info>>required limits.computation.memory.alignpad_buffer=32            
       0.Info>>Memory limits ok                                                 
       0.Info>>Staging data...                                                  
       0.Info>>Forcing stager.mode=frames                                       
       0.Info>>Staging first partition.                                         
       0.Info>>Staging remaining partitions.                                    
       0.Info>>background scattering length set to 0                            
       0.Info>>Target initialized.                                              
       0.Info>>Target 'system' produces a background scattering length density of 0.16976527263135749
       0.Info>>Starting computation...                                          
       0.Info>>Orientational averaging includes 100 vectors                     
       0.Info>>Setting progress sampling factor for monitoring to 1             
       0.Info>>Scattering finished...                                           
       0.Info>>.................................................................
       0.Info>>.....................R.U.N...A.N.A.L.Y.S.I.S.....................
       0.Info>>.................................................................
       0.Info>>Aggregating timing information for performance analysis...       
       0.Info>>                                                                 
       0.Info>>                    Performance Analysis                         
       0.Info>>-----------------------------------------------------------------
       0.Info>> mean and total runtimes:                                        
       0.Info>>-----------------------------------------------------------------
       0.Info>>          measure |    total |       count |     mean |   stddev 
       0.Info>>-----------------------------------------------------------------
       0.Info>>   sd:c:b:dspstore| 2.810e-02|        10000| 2.810e-06| 1.826e-06
       0.Info>>    sd:c:b:scatter| 6.616e-01|        10000| 6.616e-05| 2.086e-05
       0.Info>>        sd:c:block| 7.979e-01|          100| 7.979e-03| 5.995e-04
       0.Info>>         sd:c:init| 1.521e-01|          100| 1.521e-03| 2.788e-04
       0.Info>>       sd:c:reduce| 1.130e-04|          100| 1.130e-06| 8.495e-07
       0.Info>>         sd:c:wait| 1.450e-04|          100| 1.450e-06| 6.090e-07
       0.Info>>        sd:compute| 9.523e-01|          100| 9.523e-03| 6.194e-04
       0.Info>>         sd:runner| 9.554e-01|            8| 1.194e-01| 0.000e+00
       0.Info>>          sd:stage| 3.342e-03|            8| 4.178e-04| 0.000e+00
       0.Info>> sd:worker:scatter| 4.662e-01|        10000| 4.662e-05| 8.046e-06
       0.Info>>    sd:worker:wait| 4.094e-01|        10000| 4.094e-05| 1.597e-04
       0.Info>>          sd:write| 8.890e-04|          100| 8.890e-06| 7.113e-06
       0.Info>>           st:fill| 6.430e-04|            8| 8.038e-05| 0.000e+00
       0.Info>>          st:first| 2.460e-04|            1| 2.460e-04| 0.000e+00
       0.Info>>           st:load| 2.220e-04|            1| 2.220e-04| 0.000e+00
       0.Info>>           st:wait| 1.873e-03|            8| 2.341e-04| 0.000e+00
       0.Info>>-----------------------------------------------------------------
       0.Info>>-----------------------------------------------------------------
       0.Info>> watermarks:                                                     
       0.Info>>-----------------------------------------------------------------
       0.Info>>          measure |      min |      max                          
       0.Info>>-----------------------------------------------------------------
       0.Info>>   sd:c:b:dspstore| 1.000e-06| 8.100e-05                         
       0.Info>>    sd:c:b:scatter| 2.400e-05| 8.850e-04                         
       0.Info>>        sd:c:block| 5.381e-03| 9.216e-03                         
       0.Info>>         sd:c:init| 1.039e-03| 2.176e-03                         
       0.Info>>       sd:c:reduce| 0.000e+00| 7.000e-06                         
       0.Info>>         sd:c:wait| 1.000e-06| 4.000e-06                         
       0.Info>>        sd:compute| 6.523e-03| 1.091e-02                         
       0.Info>>         sd:runner| 1.069e-01| 1.280e-01                         
       0.Info>>          sd:stage| 4.140e-04| 4.230e-04                         
       0.Info>> sd:worker:scatter| 1.200e-05| 3.060e-04                         
       0.Info>>    sd:worker:wait| 1.300e-05| 2.244e-03                         
       0.Info>>          sd:write| 4.000e-06| 5.200e-05                         
       0.Info>>           st:fill| 7.700e-05| 8.300e-05                         
       0.Info>>          st:first| 2.460e-04| 2.460e-04                         
       0.Info>>           st:load| 2.220e-04| 2.220e-04                         
       0.Info>>           st:wait| 4.000e-06| 2.700e-04                         
       0.Info>>-----------------------------------------------------------------
       0.Info>>                                                                 
       0.Info>>         Performance Analysis (relative to total time * nodes)   
       0.Info>>-----------------------------------------------------------------
       0.Info>> mean and total runtimes:                                        
       0.Info>>-----------------------------------------------------------------
       0.Info>>          measure |    total |       count |     mean |   stddev 
       0.Info>>-----------------------------------------------------------------
       0.Info>>   sd:c:b:dspstore| 2.063e-02|        10000| 2.063e-06| 1.564e-06
       0.Info>>    sd:c:b:scatter| 4.857e-01|        10000| 4.857e-05| 1.787e-05
       0.Info>>        sd:c:block| 5.858e-01|          100| 5.858e-03| 5.137e-04
       0.Info>>         sd:c:init| 1.117e-01|          100| 1.117e-03| 2.389e-04
       0.Info>>       sd:c:reduce| 8.296e-05|          100| 8.296e-07| 7.279e-07
       0.Info>>         sd:c:wait| 1.065e-04|          100| 1.065e-06| 5.218e-07
       0.Info>>        sd:compute| 6.992e-01|          100| 6.992e-03| 5.307e-04
       0.Info>>         sd:runner| 7.015e-01|            8| 8.769e-02| 0.000e+00
       0.Info>>          sd:stage| 2.454e-03|            8| 3.067e-04| 0.000e+00
       0.Info>> sd:worker:scatter| 3.423e-01|        10000| 3.423e-05| 6.894e-06
       0.Info>>    sd:worker:wait| 3.006e-01|        10000| 3.006e-05| 1.368e-04
       0.Info>>          sd:write| 6.527e-04|          100| 6.527e-06| 6.095e-06
       0.Info>>           st:fill| 4.721e-04|            8| 5.901e-05| 0.000e+00
       0.Info>>          st:first| 1.806e-04|            1| 1.806e-04| 0.000e+00
       0.Info>>           st:load| 1.630e-04|            1| 1.630e-04| 0.000e+00
       0.Info>>           st:wait| 1.375e-03|            8| 1.719e-04| 0.000e+00
       0.Info>>-----------------------------------------------------------------
       0.Info>>-----------------------------------------------------------------
       0.Info>> watermarks:                                                     
       0.Info>>-----------------------------------------------------------------
       0.Info>>          measure |      min |      max                          
       0.Info>>-----------------------------------------------------------------
       0.Info>>   sd:c:b:dspstore| 7.342e-07| 5.947e-05                         
       0.Info>>    sd:c:b:scatter| 1.762e-05| 6.498e-04                         
       0.Info>>        sd:c:block| 3.951e-03| 6.766e-03                         
       0.Info>>         sd:c:init| 7.628e-04| 1.598e-03                         
       0.Info>>       sd:c:reduce| 0.000e+00| 5.139e-06                         
       0.Info>>         sd:c:wait| 7.342e-07| 2.937e-06                         
       0.Info>>        sd:compute| 4.789e-03| 8.012e-03                         
       0.Info>>         sd:runner| 7.848e-02| 9.395e-02                         
       0.Info>>          sd:stage| 3.040e-04| 3.106e-04                         
       0.Info>> sd:worker:scatter| 8.810e-06| 2.247e-04                         
       0.Info>>    sd:worker:wait| 9.545e-06| 1.648e-03                         
       0.Info>>          sd:write| 2.937e-06| 3.818e-05                         
       0.Info>>           st:fill| 5.653e-05| 6.094e-05                         
       0.Info>>          st:first| 1.806e-04| 1.806e-04                         
       0.Info>>           st:load| 1.630e-04| 1.630e-04                         
       0.Info>>           st:wait| 2.937e-06| 1.982e-04                         
       0.Info>>-----------------------------------------------------------------
       0.Info>>Total runtime (s): 0.17025499999999999                           
       0.Info>>Successfully finished... Have a nice day!                        
