       0.Info>>This software is being developed by Benjamin Lindner.                    
       0.Info>>For help, suggestions or correspondense use:                             
       0.Info>>ben@benlabs.net, Benjamin Lindner (Main Developer, Impl. & Maintenance)  
       0.Info>>franc@cmm.ki.si, Franci Merzel (Methodology)                             
       0.Info>>For publications include the following references:                       
       0.Info>>.........................................................................
       0.Info>>1. Sassena - X-ray and Neutron Scattering Calculated                     
       0.Info>>  from Molecular Dynamics Trajectories using Massively Parallel Computers
       0.Info>>  published as a Computer Program in Physics Paper                       
       0.Info>>.........................................................................
       0.Info>>Version Information: 1.4.2                                       
       0.Info>>                                                                 
       0.Info>>.................................................................
       0.Info>>......................D.E.S.C.R.I.P.T.I.O.N......................
       0.Info>>.................................................................
       0.Info>>This binary computes the scattering intensities directly from    
       0.Info>>a molecular dynamics trajectory.                                 
       0.Info>>.................................................................
       0.Info>>.................................................................
       0.Info>>...................I.N.I.T.I.A.L.I.Z.A.T.I.O.N...................
       0.Info>>.................................................................
       0.Info>>No configuration file specified. Will use default                
       0.Info>>Looking for configuration file: scatter.xml                      
       0.Info>>Reading parameters from XML file: scatter.xml                    
       0.Info>>Added frames from /home/amajumda/study/continuum_simulations/gitlab/continuum-to-scattering/data/100_100_100_50_50_50/single_atom_shrink/iteration_004/t002/pdb_dcd/sample.dcd using format: dcd
       0.Info>>Options: first=0, last=0, lastset=0, stride=1                    
       0.Info>>stager.target=system                                             
       0.Info>>scattering.type=all                                              
       0.Info>>scattering.dsp.type=square                                       
       0.Info>>scattering.average.orientation.type=vectors                      
       0.Info>>scattering.average.orientation.vectors.type=sphere               
       0.Info>>scattering.average.orientation.vectors.algorithm=boost_uniform_on_sphere
       0.Info>>scattering.average.orientation.vectors.resolution=100            
       0.Info>>Generating orientations for orientational averaging using sphere,boost_uniform_on_sphere
       0.Info>>Initialized orientational averaging with 100 vectors.            
       0.Info>>scattering.signal.file=signal.h5                                 
       0.Info>>scattering.signal.filepath=/home/amajumda/study/continuum_simulations/gitlab/continuum-to-scattering/data/100_100_100_50_50_50/single_atom_shrink/iteration_004/t002/signal.h5
       0.Info>>scattering.signal.fqt=1                                          
       0.Info>>scattering.signal.fq0=1                                          
       0.Info>>scattering.signal.fq=1                                           
       0.Info>>scattering.signal.fq2=1                                          
       0.Info>>Analyzing command line for parameter overwrites                  
       0.Info>>Reading database from file: /home/amajumda/study/continuum_simulations/gitlab/continuum-to-scattering/data/100_100_100_50_50_50/single_atom_shrink/iteration_004/t002/database/db-neutron-coherent.xml
       0.Info>>Checking database...                                             
       0.Info>>Testing mapping between PDB names and atom labels                
       0.Info>>Testing database completeness for referenced atom labels         
       0.Info>>Check succeeded. Database seems OK.                              
       0.Info>>Initializing sample...                                           
       0.Info>>Reading structure from file: /home/amajumda/study/continuum_simulations/gitlab/continuum-to-scattering/data/100_100_100_50_50_50/single_atom_shrink/iteration_004/t002/pdb_dcd/sample.pdb
       0.Info>>Done. Atoms read: 125000                                         
       0.Info>>Reading frames from: /home/amajumda/study/continuum_simulations/gitlab/continuum-to-scattering/data/100_100_100_50_50_50/single_atom_shrink/iteration_004/t002/pdb_dcd/sample.dcd
       0.Info>>Found 1 frames                                                   
       0.Info>>Total number of coordinate sets found: 1                         
       0.Info>>Exchanging sample, database & params information with compute nodes... 
       0.Info>>params...                                                        
       0.Info>>database...                                                      
       0.Info>>sample...                                                        
       0.Info>>.................................................................
       0.Info>>......................C.O.M.P.U.T.A.T.I.O.N......................
       0.Info>>.................................................................
       0.Info>>Setting up services...                                           
       0.Info>>Initializing data file service...                                
       0.Info>>Initializing monitor service...                                  
       0.Info>>Starting data file service...                                    
       0.Info>>Starting monitor service...                                      
       0.Info>>Services setup and running...                                    
       0.Info>>Checking /home/amajumda/study/continuum_simulations/gitlab/continuum-to-scattering/data/100_100_100_50_50_50/single_atom_shrink/iteration_004/t002/signal.h5 for old results.
       0.Info>>Broadcasting service information                                 
       0.Info>>Server host name    : hzglap02                                   
       0.Info>>FileService Port    : 35773                                      
       0.Info>>MonitorService Port : 37483                                      
       0.Info>>Setting up parallel environment...                               
       0.Info>>Searching for decomposition plan:                                
       0.Info>>nodes    = 8                                                     
       0.Info>>qvectors = 100                                                   
       0.Info>>frames   = 1                                                     
       0.Info>>atoms   = 125000                                                 
       0.Info>>All interference scattering detected. Applying frame decomposition.
       0.Info>>Automatic decomposition. Searching for best utilization.         
       0.Info>>Final decomposition parameters:                                  
       0.Info>>NN                : 8                                            
       0.Info>>NQ                : 100                                          
       0.Info>>NAF               : 1                                            
       0.Info>>NP                : 8                                            
       0.Info>>NNpP              : 1                                            
       0.Info>>NAFcycles         : 1                                            
       0.Info>>NQcycles          : 13                                           
       0.Info>>CompEl (WASTE/USE): 4/100                                        
       0.Info>>utilization(1=best)    : 0.96153846153846156                     
       0.Info>>Initializing Scatter Device, Vectors (all)                       
       0.Info>>Starting scattering...                                           
       0.Info>>Checking memory requirements for scattering calculation...       
       0.Info>>required limits.computation.memory.result_buffer=16              
       0.Info>>required limits.computation.memory.signal_buffer=16              
       0.Info>>required limits.computation.memory.exchange_buffer=0             
       0.Info>>required limits.computation.memory.alignpad_buffer=32            
       0.Info>>Memory limits ok                                                 
       0.Info>>Staging data...                                                  
       0.Info>>Forcing stager.mode=frames                                       
       0.Info>>Staging first partition.                                         
       0.Info>>Staging remaining partitions.                                    
       0.Info>>background scattering length set to 0                            
       0.Info>>Target initialized.                                              
       0.Info>>Target 'system' produces a background scattering length density of 0.0017456759266390868
       0.Info>>Starting computation...                                          
       0.Info>>Orientational averaging includes 100 vectors                     
       0.Info>>Setting progress sampling factor for monitoring to 1             
       0.Info>>Progress: 1.625%, ETOTAL: 61.030953846153842 s, ETA: 60.03920084615384 s
       0.Info>>Progress: 3.510%, ETOTAL: 28.419560830860533 s, ETA: 27.421915830860534 s
       0.Info>>Progress: 5.260%, ETOTAL: 19.162778613861388 s, ETA: 18.154736613861388 s
       0.Info>>Progress: 11.021%, ETOTAL: 9.23546313799622 s, ETA: 8.2176381379962198 s
       0.Info>>Progress: 21.926%, ETOTAL: 13.75444315158602 s, ETA: 10.738605151586022 s
       0.Info>>Progress: 33.061%, ETOTAL: 9.1772826369364964 s, ETA: 6.1431906369364979 s
       0.Info>>Progress: 42.830%, ETOTAL: 7.1472211928459144 s, ETA: 4.0860571928459155 s
       0.Info>>Progress: 50.205%, ETOTAL: 9.9782057711950962 s, ETA: 4.9686347711950969 s
       0.Info>>Progress: 63.080%, ETOTAL: 7.9685427772979018 s, ETA: 2.9419757772979018 s
       0.Info>>Progress: 73.205%, ETOTAL: 9.5927227670753066 s, ETA: 2.5703577670753059 s
       0.Info>>Progress: 80.080%, ETOTAL: 8.7743166219731847 s, ETA: 1.7478326219731839 s
       0.Info>>Scattering finished...                                           
       0.Info>>.................................................................
       0.Info>>.....................R.U.N...A.N.A.L.Y.S.I.S.....................
       0.Info>>.................................................................
       0.Info>>Aggregating timing information for performance analysis...       
       0.Info>>                                                                 
       0.Info>>                    Performance Analysis                         
       0.Info>>-----------------------------------------------------------------
       0.Info>> mean and total runtimes:                                        
       0.Info>>-----------------------------------------------------------------
       0.Info>>          measure |    total |       count |     mean |   stddev 
       0.Info>>-----------------------------------------------------------------
       0.Info>>   sd:c:b:dspstore| 3.524e-02|        10000| 3.524e-06| 2.772e-06
       0.Info>>    sd:c:b:scatter| 4.288e+01|        10000| 4.288e-03| 7.068e-04
       0.Info>>        sd:c:block| 4.305e+01|          100| 4.305e-01| 3.871e-02
       0.Info>>         sd:c:init| 1.454e+01|          100| 1.454e-01| 2.571e-02
       0.Info>>       sd:c:reduce| 9.500e-05|          100| 9.500e-07| 5.194e-07
       0.Info>>         sd:c:wait| 1.580e-04|          100| 1.580e-06| 6.107e-07
       0.Info>>        sd:compute| 5.759e+01|          100| 5.759e-01| 4.960e-02
       0.Info>>         sd:runner| 5.760e+01|            8| 7.200e+00| 0.000e+00
       0.Info>>          sd:stage| 1.946e-01|            8| 2.432e-02| 0.000e+00
       0.Info>> sd:worker:scatter| 4.254e+01|        10000| 4.254e-03| 7.006e-04
       0.Info>>    sd:worker:wait| 1.495e+01|        10000| 1.495e-03| 1.471e-02
       0.Info>>          sd:write| 9.860e-04|          100| 9.860e-06| 6.748e-06
       0.Info>>           st:fill| 1.177e-02|            8| 1.471e-03| 0.000e+00
       0.Info>>          st:first| 2.272e-02|            1| 2.272e-02| 0.000e+00
       0.Info>>           st:load| 2.240e-02|            1| 2.240e-02| 0.000e+00
       0.Info>>           st:wait| 1.594e-01|            8| 1.992e-02| 0.000e+00
       0.Info>>-----------------------------------------------------------------
       0.Info>>-----------------------------------------------------------------
       0.Info>> watermarks:                                                     
       0.Info>>-----------------------------------------------------------------
       0.Info>>          measure |      min |      max                          
       0.Info>>-----------------------------------------------------------------
       0.Info>>   sd:c:b:dspstore| 2.000e-06| 1.930e-04                         
       0.Info>>    sd:c:b:scatter| 1.510e-03| 7.201e-03                         
       0.Info>>        sd:c:block| 1.575e-01| 5.303e-01                         
       0.Info>>         sd:c:init| 1.166e-01| 2.289e-01                         
       0.Info>>       sd:c:reduce| 0.000e+00| 2.000e-06                         
       0.Info>>         sd:c:wait| 1.000e-06| 4.000e-06                         
       0.Info>>        sd:compute| 2.773e-01| 7.034e-01                         
       0.Info>>         sd:runner| 6.271e+00| 7.742e+00                         
       0.Info>>          sd:stage| 2.417e-02| 2.438e-02                         
       0.Info>> sd:worker:scatter| 1.488e-03| 7.025e-03                         
       0.Info>>    sd:worker:wait| 2.000e-06| 2.290e-01                         
       0.Info>>          sd:write| 5.000e-06| 4.100e-05                         
       0.Info>>           st:fill| 1.314e-03| 1.538e-03                         
       0.Info>>          st:first| 2.272e-02| 2.272e-02                         
       0.Info>>           st:load| 2.240e-02| 2.240e-02                         
       0.Info>>           st:wait| 1.100e-05| 2.277e-02                         
       0.Info>>-----------------------------------------------------------------
       0.Info>>                                                                 
       0.Info>>         Performance Analysis (relative to total time * nodes)   
       0.Info>>-----------------------------------------------------------------
       0.Info>> mean and total runtimes:                                        
       0.Info>>-----------------------------------------------------------------
       0.Info>>          measure |    total |       count |     mean |   stddev 
       0.Info>>-----------------------------------------------------------------
       0.Info>>   sd:c:b:dspstore| 5.371e-04|        10000| 5.371e-08| 3.422e-07
       0.Info>>    sd:c:b:scatter| 6.536e-01|        10000| 6.536e-05| 8.727e-05
       0.Info>>        sd:c:block| 6.563e-01|          100| 6.563e-03| 4.780e-03
       0.Info>>         sd:c:init| 2.216e-01|          100| 2.216e-03| 3.174e-03
       0.Info>>       sd:c:reduce| 1.448e-06|          100| 1.448e-08| 6.413e-08
       0.Info>>         sd:c:wait| 2.409e-06|          100| 2.409e-08| 7.540e-08
       0.Info>>        sd:compute| 8.780e-01|          100| 8.780e-03| 6.124e-03
       0.Info>>         sd:runner| 8.780e-01|            8| 1.098e-01| 0.000e+00
       0.Info>>          sd:stage| 2.966e-03|            8| 3.707e-04| 0.000e+00
       0.Info>> sd:worker:scatter| 6.486e-01|        10000| 6.486e-05| 8.650e-05
       0.Info>>    sd:worker:wait| 2.280e-01|        10000| 2.280e-05| 1.816e-03
       0.Info>>          sd:write| 1.503e-05|          100| 1.503e-07| 8.332e-07
       0.Info>>           st:fill| 1.794e-04|            8| 2.243e-05| 0.000e+00
       0.Info>>          st:first| 3.464e-04|            1| 3.464e-04| 0.000e+00
       0.Info>>           st:load| 3.414e-04|            1| 3.414e-04| 0.000e+00
       0.Info>>           st:wait| 2.429e-03|            8| 3.037e-04| 0.000e+00
       0.Info>>-----------------------------------------------------------------
       0.Info>>-----------------------------------------------------------------
       0.Info>> watermarks:                                                     
       0.Info>>-----------------------------------------------------------------
       0.Info>>          measure |      min |      max                          
       0.Info>>-----------------------------------------------------------------
       0.Info>>   sd:c:b:dspstore| 3.049e-08| 2.942e-06                         
       0.Info>>    sd:c:b:scatter| 2.302e-05| 1.098e-04                         
       0.Info>>        sd:c:block| 2.400e-03| 8.083e-03                         
       0.Info>>         sd:c:init| 1.777e-03| 3.490e-03                         
       0.Info>>       sd:c:reduce| 0.000e+00| 3.049e-08                         
       0.Info>>         sd:c:wait| 1.524e-08| 6.098e-08                         
       0.Info>>        sd:compute| 4.227e-03| 1.072e-02                         
       0.Info>>         sd:runner| 9.560e-02| 1.180e-01                         
       0.Info>>          sd:stage| 3.685e-04| 3.717e-04                         
       0.Info>> sd:worker:scatter| 2.268e-05| 1.071e-04                         
       0.Info>>    sd:worker:wait| 3.049e-08| 3.492e-03                         
       0.Info>>          sd:write| 7.622e-08| 6.250e-07                         
       0.Info>>           st:fill| 2.003e-05| 2.345e-05                         
       0.Info>>          st:first| 3.464e-04| 3.464e-04                         
       0.Info>>           st:load| 3.414e-04| 3.414e-04                         
       0.Info>>           st:wait| 1.677e-07| 3.471e-04                         
       0.Info>>-----------------------------------------------------------------
       0.Info>>Total runtime (s): 8.1998270000000009                            
       0.Info>>Successfully finished... Have a nice day!                        
