       0.Info>>This software is being developed by Benjamin Lindner.                    
       0.Info>>For help, suggestions or correspondense use:                             
       0.Info>>ben@benlabs.net, Benjamin Lindner (Main Developer, Impl. & Maintenance)  
       0.Info>>franc@cmm.ki.si, Franci Merzel (Methodology)                             
       0.Info>>For publications include the following references:                       
       0.Info>>.........................................................................
       0.Info>>1. Sassena - X-ray and Neutron Scattering Calculated                     
       0.Info>>  from Molecular Dynamics Trajectories using Massively Parallel Computers
       0.Info>>  published as a Computer Program in Physics Paper                       
       0.Info>>.........................................................................
       0.Info>>Version Information: 1.4.2                                       
       0.Info>>                                                                 
       0.Info>>.................................................................
       0.Info>>......................D.E.S.C.R.I.P.T.I.O.N......................
       0.Info>>.................................................................
       0.Info>>This binary computes the scattering intensities directly from    
       0.Info>>a molecular dynamics trajectory.                                 
       0.Info>>.................................................................
       0.Info>>.................................................................
       0.Info>>...................I.N.I.T.I.A.L.I.Z.A.T.I.O.N...................
       0.Info>>.................................................................
       0.Info>>No configuration file specified. Will use default                
       0.Info>>Looking for configuration file: scatter.xml                      
       0.Info>>Reading parameters from XML file: scatter.xml                    
       0.Info>>Added frames from /home/amajumda/study/continuum_simulations/gitlab/continuum-to-scattering/data/100_100_100_50_50_50/single_atom_shrink/iteration_006/t003/pdb_dcd/sample.dcd using format: dcd
       0.Info>>Options: first=0, last=0, lastset=0, stride=1                    
       0.Info>>stager.target=system                                             
       0.Info>>scattering.type=all                                              
       0.Info>>scattering.dsp.type=square                                       
       0.Info>>scattering.average.orientation.type=vectors                      
       0.Info>>scattering.average.orientation.vectors.type=sphere               
       0.Info>>scattering.average.orientation.vectors.algorithm=boost_uniform_on_sphere
       0.Info>>scattering.average.orientation.vectors.resolution=100            
       0.Info>>Generating orientations for orientational averaging using sphere,boost_uniform_on_sphere
       0.Info>>Initialized orientational averaging with 100 vectors.            
       0.Info>>scattering.signal.file=signal.h5                                 
       0.Info>>scattering.signal.filepath=/home/amajumda/study/continuum_simulations/gitlab/continuum-to-scattering/data/100_100_100_50_50_50/single_atom_shrink/iteration_006/t003/signal.h5
       0.Info>>scattering.signal.fqt=1                                          
       0.Info>>scattering.signal.fq0=1                                          
       0.Info>>scattering.signal.fq=1                                           
       0.Info>>scattering.signal.fq2=1                                          
       0.Info>>Analyzing command line for parameter overwrites                  
       0.Info>>Reading database from file: /home/amajumda/study/continuum_simulations/gitlab/continuum-to-scattering/data/100_100_100_50_50_50/single_atom_shrink/iteration_006/t003/database/db-neutron-coherent.xml
       0.Info>>Checking database...                                             
       0.Info>>Testing mapping between PDB names and atom labels                
       0.Info>>Testing database completeness for referenced atom labels         
       0.Info>>Check succeeded. Database seems OK.                              
       0.Info>>Initializing sample...                                           
       0.Info>>Reading structure from file: /home/amajumda/study/continuum_simulations/gitlab/continuum-to-scattering/data/100_100_100_50_50_50/single_atom_shrink/iteration_006/t003/pdb_dcd/sample.pdb
       0.Info>>Done. Atoms read: 125000                                         
       0.Info>>Reading frames from: /home/amajumda/study/continuum_simulations/gitlab/continuum-to-scattering/data/100_100_100_50_50_50/single_atom_shrink/iteration_006/t003/pdb_dcd/sample.dcd
       0.Info>>Found 1 frames                                                   
       0.Info>>Total number of coordinate sets found: 1                         
       0.Info>>Exchanging sample, database & params information with compute nodes... 
       0.Info>>params...                                                        
       0.Info>>database...                                                      
       0.Info>>sample...                                                        
       0.Info>>.................................................................
       0.Info>>......................C.O.M.P.U.T.A.T.I.O.N......................
       0.Info>>.................................................................
       0.Info>>Setting up services...                                           
       0.Info>>Initializing data file service...                                
       0.Info>>Initializing monitor service...                                  
       0.Info>>Starting data file service...                                    
       0.Info>>Starting monitor service...                                      
       0.Info>>Services setup and running...                                    
       0.Info>>Checking /home/amajumda/study/continuum_simulations/gitlab/continuum-to-scattering/data/100_100_100_50_50_50/single_atom_shrink/iteration_006/t003/signal.h5 for old results.
       0.Info>>Broadcasting service information                                 
       0.Info>>Server host name    : hzglap02                                   
       0.Info>>FileService Port    : 34661                                      
       0.Info>>MonitorService Port : 33119                                      
       0.Info>>Setting up parallel environment...                               
       0.Info>>Searching for decomposition plan:                                
       0.Info>>nodes    = 8                                                     
       0.Info>>qvectors = 100                                                   
       0.Info>>frames   = 1                                                     
       0.Info>>atoms   = 125000                                                 
       0.Info>>All interference scattering detected. Applying frame decomposition.
       0.Info>>Automatic decomposition. Searching for best utilization.         
       0.Info>>Final decomposition parameters:                                  
       0.Info>>NN                : 8                                            
       0.Info>>NQ                : 100                                          
       0.Info>>NAF               : 1                                            
       0.Info>>NP                : 8                                            
       0.Info>>NNpP              : 1                                            
       0.Info>>NAFcycles         : 1                                            
       0.Info>>NQcycles          : 13                                           
       0.Info>>CompEl (WASTE/USE): 4/100                                        
       0.Info>>utilization(1=best)    : 0.96153846153846156                     
       0.Info>>Initializing Scatter Device, Vectors (all)                       
       0.Info>>Starting scattering...                                           
       0.Info>>Checking memory requirements for scattering calculation...       
       0.Info>>required limits.computation.memory.result_buffer=16              
       0.Info>>required limits.computation.memory.signal_buffer=16              
       0.Info>>required limits.computation.memory.exchange_buffer=0             
       0.Info>>required limits.computation.memory.alignpad_buffer=32            
       0.Info>>Memory limits ok                                                 
       0.Info>>Staging data...                                                  
       0.Info>>Forcing stager.mode=frames                                       
       0.Info>>Staging first partition.                                         
       0.Info>>Staging remaining partitions.                                    
       0.Info>>background scattering length set to 0                            
       0.Info>>Target initialized.                                              
       0.Info>>Target 'system' produces a background scattering length density of 0.001109422847259097
       0.Info>>Starting computation...                                          
       0.Info>>Orientational averaging includes 100 vectors                     
       0.Info>>Setting progress sampling factor for monitoring to 1             
       0.Info>>Progress: 1.500%, ETOTAL: 57.916200000000003 s, ETA: 57.047457000000001 s
       0.Info>>Progress: 2.875%, ETOTAL: 30.683756521739131 s, ETA: 29.80159852173913 s
       0.Info>>Progress: 5.010%, ETOTAL: 17.821152598752597 s, ETA: 16.928238598752596 s
       0.Info>>Progress: 11.135%, ETOTAL: 8.1487476145930788 s, ETA: 7.2413506145930784 s
       0.Info>>Progress: 23.291%, ETOTAL: 12.632325812777376 s, ETA: 9.6901478127773757 s
       0.Info>>Progress: 30.800%, ETOTAL: 9.6816735503004736 s, ETA: 6.699671550300474 s
       0.Info>>Progress: 41.455%, ETOTAL: 7.3374275552806552 s, ETA: 4.2956875552806553 s
       0.Info>>Progress: 52.080%, ETOTAL: 9.4246849406117299 s, ETA: 4.5162969406117304 s
       0.Info>>Progress: 61.205%, ETOTAL: 8.0415794302471699 s, ETA: 3.1197204302471713 s
       0.Info>>Progress: 70.080%, ETOTAL: 9.8074064303681663 s, ETA: 2.934363430368168 s
       0.Info>>Progress: 80.205%, ETOTAL: 8.5931039002557537 s, ETA: 1.7009939002557548 s
       0.Info>>Scattering finished...                                           
       0.Info>>.................................................................
       0.Info>>.....................R.U.N...A.N.A.L.Y.S.I.S.....................
       0.Info>>.................................................................
       0.Info>>Aggregating timing information for performance analysis...       
       0.Info>>                                                                 
       0.Info>>                    Performance Analysis                         
       0.Info>>-----------------------------------------------------------------
       0.Info>> mean and total runtimes:                                        
       0.Info>>-----------------------------------------------------------------
       0.Info>>          measure |    total |       count |     mean |   stddev 
       0.Info>>-----------------------------------------------------------------
       0.Info>>   sd:c:b:dspstore| 3.650e-02|        10000| 3.650e-06| 2.016e-06
       0.Info>>    sd:c:b:scatter| 4.400e+01|        10000| 4.400e-03| 8.364e-04
       0.Info>>        sd:c:block| 4.418e+01|          100| 4.418e-01| 4.006e-02
       0.Info>>         sd:c:init| 1.433e+01|          100| 1.433e-01| 2.404e-02
       0.Info>>       sd:c:reduce| 9.900e-05|          100| 9.900e-07| 5.207e-07
       0.Info>>         sd:c:wait| 1.640e-04|          100| 1.640e-06| 5.660e-07
       0.Info>>        sd:compute| 5.851e+01|          100| 5.851e-01| 5.201e-02
       0.Info>>         sd:runner| 5.851e+01|            8| 7.314e+00| 0.000e+00
       0.Info>>          sd:stage| 2.013e-01|            8| 2.516e-02| 0.000e+00
       0.Info>> sd:worker:scatter| 4.359e+01|        10000| 4.359e-03| 7.672e-04
       0.Info>>    sd:worker:wait| 1.482e+01|        10000| 1.482e-03| 1.447e-02
       0.Info>>          sd:write| 9.770e-04|          100| 9.770e-06| 7.134e-06
       0.Info>>           st:fill| 1.231e-02|            8| 1.538e-03| 0.000e+00
       0.Info>>          st:first| 2.350e-02|            1| 2.350e-02| 0.000e+00
       0.Info>>           st:load| 2.316e-02|            1| 2.316e-02| 0.000e+00
       0.Info>>           st:wait| 1.648e-01|            8| 2.060e-02| 0.000e+00
       0.Info>>-----------------------------------------------------------------
       0.Info>>-----------------------------------------------------------------
       0.Info>> watermarks:                                                     
       0.Info>>-----------------------------------------------------------------
       0.Info>>          measure |      min |      max                          
       0.Info>>-----------------------------------------------------------------
       0.Info>>   sd:c:b:dspstore| 2.000e-06| 7.700e-05                         
       0.Info>>    sd:c:b:scatter| 1.606e-03| 2.084e-02                         
       0.Info>>        sd:c:block| 1.674e-01| 5.381e-01                         
       0.Info>>         sd:c:init| 1.176e-01| 2.297e-01                         
       0.Info>>       sd:c:reduce| 0.000e+00| 2.000e-06                         
       0.Info>>         sd:c:wait| 1.000e-06| 3.000e-06                         
       0.Info>>        sd:compute| 2.877e-01| 7.446e-01                         
       0.Info>>         sd:runner| 6.300e+00| 7.848e+00                         
       0.Info>>          sd:stage| 2.501e-02| 2.523e-02                         
       0.Info>> sd:worker:scatter| 1.585e-03| 1.006e-02                         
       0.Info>>    sd:worker:wait| 1.000e-06| 2.298e-01                         
       0.Info>>          sd:write| 5.000e-06| 4.300e-05                         
       0.Info>>           st:fill| 1.376e-03| 1.607e-03                         
       0.Info>>          st:first| 2.350e-02| 2.350e-02                         
       0.Info>>           st:load| 2.316e-02| 2.316e-02                         
       0.Info>>           st:wait| 9.000e-06| 2.354e-02                         
       0.Info>>-----------------------------------------------------------------
       0.Info>>                                                                 
       0.Info>>         Performance Analysis (relative to total time * nodes)   
       0.Info>>-----------------------------------------------------------------
       0.Info>> mean and total runtimes:                                        
       0.Info>>-----------------------------------------------------------------
       0.Info>>          measure |    total |       count |     mean |   stddev 
       0.Info>>-----------------------------------------------------------------
       0.Info>>   sd:c:b:dspstore| 5.497e-04|        10000| 5.497e-08| 2.474e-07
       0.Info>>    sd:c:b:scatter| 6.627e-01|        10000| 6.627e-05| 1.026e-04
       0.Info>>        sd:c:block| 6.653e-01|          100| 6.653e-03| 4.916e-03
       0.Info>>         sd:c:init| 2.158e-01|          100| 2.158e-03| 2.951e-03
       0.Info>>       sd:c:reduce| 1.491e-06|          100| 1.491e-08| 6.390e-08
       0.Info>>         sd:c:wait| 2.470e-06|          100| 2.470e-08| 6.946e-08
       0.Info>>        sd:compute| 8.812e-01|          100| 8.812e-03| 6.382e-03
       0.Info>>         sd:runner| 8.812e-01|            8| 1.102e-01| 0.000e+00
       0.Info>>          sd:stage| 3.032e-03|            8| 3.790e-04| 0.000e+00
       0.Info>> sd:worker:scatter| 6.565e-01|        10000| 6.565e-05| 9.415e-05
       0.Info>>    sd:worker:wait| 2.232e-01|        10000| 2.232e-05| 1.776e-03
       0.Info>>          sd:write| 1.471e-05|          100| 1.471e-07| 8.755e-07
       0.Info>>           st:fill| 1.853e-04|            8| 2.317e-05| 0.000e+00
       0.Info>>          st:first| 3.540e-04|            1| 3.540e-04| 0.000e+00
       0.Info>>           st:load| 3.488e-04|            1| 3.488e-04| 0.000e+00
       0.Info>>           st:wait| 2.482e-03|            8| 3.102e-04| 0.000e+00
       0.Info>>-----------------------------------------------------------------
       0.Info>>-----------------------------------------------------------------
       0.Info>> watermarks:                                                     
       0.Info>>-----------------------------------------------------------------
       0.Info>>          measure |      min |      max                          
       0.Info>>-----------------------------------------------------------------
       0.Info>>   sd:c:b:dspstore| 3.012e-08| 1.160e-06                         
       0.Info>>    sd:c:b:scatter| 2.419e-05| 3.138e-04                         
       0.Info>>        sd:c:block| 2.521e-03| 8.104e-03                         
       0.Info>>         sd:c:init| 1.772e-03| 3.460e-03                         
       0.Info>>       sd:c:reduce| 0.000e+00| 3.012e-08                         
       0.Info>>         sd:c:wait| 1.506e-08| 4.518e-08                         
       0.Info>>        sd:compute| 4.333e-03| 1.121e-02                         
       0.Info>>         sd:runner| 9.488e-02| 1.182e-01                         
       0.Info>>          sd:stage| 3.766e-04| 3.799e-04                         
       0.Info>> sd:worker:scatter| 2.387e-05| 1.516e-04                         
       0.Info>>    sd:worker:wait| 1.506e-08| 3.461e-03                         
       0.Info>>          sd:write| 7.530e-08| 6.476e-07                         
       0.Info>>           st:fill| 2.072e-05| 2.420e-05                         
       0.Info>>          st:first| 3.540e-04| 3.540e-04                         
       0.Info>>           st:load| 3.488e-04| 3.488e-04                         
       0.Info>>           st:wait| 1.355e-07| 3.546e-04                         
       0.Info>>-----------------------------------------------------------------
       0.Info>>Total runtime (s): 8.2997929999999993                            
       0.Info>>Successfully finished... Have a nice day!                        
