       0.Info>>This software is being developed by Benjamin Lindner.                    
       0.Info>>For help, suggestions or correspondense use:                             
       0.Info>>ben@benlabs.net, Benjamin Lindner (Main Developer, Impl. & Maintenance)  
       0.Info>>franc@cmm.ki.si, Franci Merzel (Methodology)                             
       0.Info>>For publications include the following references:                       
       0.Info>>.........................................................................
       0.Info>>1. Sassena - X-ray and Neutron Scattering Calculated                     
       0.Info>>  from Molecular Dynamics Trajectories using Massively Parallel Computers
       0.Info>>  published as a Computer Program in Physics Paper                       
       0.Info>>.........................................................................
       0.Info>>Version Information: 1.4.2                                       
       0.Info>>                                                                 
       0.Info>>.................................................................
       0.Info>>......................D.E.S.C.R.I.P.T.I.O.N......................
       0.Info>>.................................................................
       0.Info>>This binary computes the scattering intensities directly from    
       0.Info>>a molecular dynamics trajectory.                                 
       0.Info>>.................................................................
       0.Info>>.................................................................
       0.Info>>...................I.N.I.T.I.A.L.I.Z.A.T.I.O.N...................
       0.Info>>.................................................................
       0.Info>>No configuration file specified. Will use default                
       0.Info>>Looking for configuration file: scatter.xml                      
       0.Info>>Reading parameters from XML file: scatter.xml                    
       0.Info>>Added frames from /home/amajumda/study/continuum_simulations/gitlab/continuum-to-scattering/data/100_100_100_50_50_50/single_atom_shrink/iteration_008/t003/pdb_dcd/sample.dcd using format: dcd
       0.Info>>Options: first=0, last=0, lastset=0, stride=1                    
       0.Info>>stager.target=system                                             
       0.Info>>scattering.type=all                                              
       0.Info>>scattering.dsp.type=square                                       
       0.Info>>scattering.average.orientation.type=vectors                      
       0.Info>>scattering.average.orientation.vectors.type=sphere               
       0.Info>>scattering.average.orientation.vectors.algorithm=boost_uniform_on_sphere
       0.Info>>scattering.average.orientation.vectors.resolution=100            
       0.Info>>Generating orientations for orientational averaging using sphere,boost_uniform_on_sphere
       0.Info>>Initialized orientational averaging with 100 vectors.            
       0.Info>>scattering.signal.file=signal.h5                                 
       0.Info>>scattering.signal.filepath=/home/amajumda/study/continuum_simulations/gitlab/continuum-to-scattering/data/100_100_100_50_50_50/single_atom_shrink/iteration_008/t003/signal.h5
       0.Info>>scattering.signal.fqt=1                                          
       0.Info>>scattering.signal.fq0=1                                          
       0.Info>>scattering.signal.fq=1                                           
       0.Info>>scattering.signal.fq2=1                                          
       0.Info>>Analyzing command line for parameter overwrites                  
       0.Info>>Reading database from file: /home/amajumda/study/continuum_simulations/gitlab/continuum-to-scattering/data/100_100_100_50_50_50/single_atom_shrink/iteration_008/t003/database/db-neutron-coherent.xml
       0.Info>>Checking database...                                             
       0.Info>>Testing mapping between PDB names and atom labels                
       0.Info>>Testing database completeness for referenced atom labels         
       0.Info>>Check succeeded. Database seems OK.                              
       0.Info>>Initializing sample...                                           
       0.Info>>Reading structure from file: /home/amajumda/study/continuum_simulations/gitlab/continuum-to-scattering/data/100_100_100_50_50_50/single_atom_shrink/iteration_008/t003/pdb_dcd/sample.pdb
       0.Info>>Done. Atoms read: 125000                                         
       0.Info>>Reading frames from: /home/amajumda/study/continuum_simulations/gitlab/continuum-to-scattering/data/100_100_100_50_50_50/single_atom_shrink/iteration_008/t003/pdb_dcd/sample.dcd
       0.Info>>Found 1 frames                                                   
       0.Info>>Total number of coordinate sets found: 1                         
       0.Info>>Exchanging sample, database & params information with compute nodes... 
       0.Info>>params...                                                        
       0.Info>>database...                                                      
       0.Info>>sample...                                                        
       0.Info>>.................................................................
       0.Info>>......................C.O.M.P.U.T.A.T.I.O.N......................
       0.Info>>.................................................................
       0.Info>>Setting up services...                                           
       0.Info>>Initializing data file service...                                
       0.Info>>Initializing monitor service...                                  
       0.Info>>Starting data file service...                                    
       0.Info>>Starting monitor service...                                      
       0.Info>>Services setup and running...                                    
       0.Info>>Checking /home/amajumda/study/continuum_simulations/gitlab/continuum-to-scattering/data/100_100_100_50_50_50/single_atom_shrink/iteration_008/t003/signal.h5 for old results.
       0.Info>>Broadcasting service information                                 
       0.Info>>Server host name    : hzglap02                                   
       0.Info>>FileService Port    : 39747                                      
       0.Info>>MonitorService Port : 32921                                      
       0.Info>>Setting up parallel environment...                               
       0.Info>>Searching for decomposition plan:                                
       0.Info>>nodes    = 8                                                     
       0.Info>>qvectors = 100                                                   
       0.Info>>frames   = 1                                                     
       0.Info>>atoms   = 125000                                                 
       0.Info>>All interference scattering detected. Applying frame decomposition.
       0.Info>>Automatic decomposition. Searching for best utilization.         
       0.Info>>Final decomposition parameters:                                  
       0.Info>>NN                : 8                                            
       0.Info>>NQ                : 100                                          
       0.Info>>NAF               : 1                                            
       0.Info>>NP                : 8                                            
       0.Info>>NNpP              : 1                                            
       0.Info>>NAFcycles         : 1                                            
       0.Info>>NQcycles          : 13                                           
       0.Info>>CompEl (WASTE/USE): 4/100                                        
       0.Info>>utilization(1=best)    : 0.96153846153846156                     
       0.Info>>Initializing Scatter Device, Vectors (all)                       
       0.Info>>Starting scattering...                                           
       0.Info>>Checking memory requirements for scattering calculation...       
       0.Info>>required limits.computation.memory.result_buffer=16              
       0.Info>>required limits.computation.memory.signal_buffer=16              
       0.Info>>required limits.computation.memory.exchange_buffer=0             
       0.Info>>required limits.computation.memory.alignpad_buffer=32            
       0.Info>>Memory limits ok                                                 
       0.Info>>Staging data...                                                  
       0.Info>>Forcing stager.mode=frames                                       
       0.Info>>Staging first partition.                                         
       0.Info>>Staging remaining partitions.                                    
       0.Info>>background scattering length set to 0                            
       0.Info>>Target initialized.                                              
       0.Info>>Target 'system' produces a background scattering length density of 0.00095742181275558437
       0.Info>>Starting computation...                                          
       0.Info>>Orientational averaging includes 100 vectors                     
       0.Info>>Setting progress sampling factor for monitoring to 1             
       0.Info>>Progress: 1.500%, ETOTAL: 70.085599999999999 s, ETA: 69.034316000000004 s
       0.Info>>Progress: 3.375%, ETOTAL: 31.292088888888888 s, ETA: 30.235980888888889 s
       0.Info>>Progress: 5.125%, ETOTAL: 20.722302439024393 s, ETA: 19.660284439024394 s
       0.Info>>Progress: 10.521%, ETOTAL: 10.203098613861387 s, ETA: 9.1296476138613869 s
       0.Info>>Progress: 21.051%, ETOTAL: 14.601504993909867 s, ETA: 11.527700993909868 s
       0.Info>>Progress: 31.196%, ETOTAL: 9.9367560258912988 s, ETA: 6.8369340258912992 s
       0.Info>>Progress: 41.080%, ETOTAL: 7.9636971522197078 s, ETA: 4.6922001522197077 s
       0.Info>>Progress: 50.455%, ETOTAL: 10.098588946766609 s, ETA: 5.0033329467666103 s
       0.Info>>Progress: 62.955%, ETOTAL: 8.2237986763058757 s, ETA: 3.0464956763058755 s
       0.Info>>Progress: 72.205%, ETOTAL: 9.7862453480113629 s, ETA: 2.7200743480113641 s
       0.Info>>Progress: 82.455%, ETOTAL: 8.6000023944647399 s, ETA: 1.5088593944647419 s
       0.Info>>Scattering finished...                                           
       0.Info>>.................................................................
       0.Info>>.....................R.U.N...A.N.A.L.Y.S.I.S.....................
       0.Info>>.................................................................
       0.Info>>Aggregating timing information for performance analysis...       
       0.Info>>                                                                 
       0.Info>>                    Performance Analysis                         
       0.Info>>-----------------------------------------------------------------
       0.Info>> mean and total runtimes:                                        
       0.Info>>-----------------------------------------------------------------
       0.Info>>          measure |    total |       count |     mean |   stddev 
       0.Info>>-----------------------------------------------------------------
       0.Info>>   sd:c:b:dspstore| 3.803e-02|        10000| 3.803e-06| 2.183e-06
       0.Info>>    sd:c:b:scatter| 4.530e+01|        10000| 4.530e-03| 8.647e-04
       0.Info>>        sd:c:block| 4.549e+01|          100| 4.549e-01| 4.334e-02
       0.Info>>         sd:c:init| 1.553e+01|          100| 1.553e-01| 3.114e-02
       0.Info>>       sd:c:reduce| 1.150e-04|          100| 1.150e-06| 5.064e-07
       0.Info>>         sd:c:wait| 1.800e-04|          100| 1.800e-06| 5.774e-07
       0.Info>>        sd:compute| 6.102e+01|          100| 6.102e-01| 5.586e-02
       0.Info>>         sd:runner| 6.102e+01|            8| 7.627e+00| 0.000e+00
       0.Info>>          sd:stage| 1.941e-01|            8| 2.426e-02| 0.000e+00
       0.Info>> sd:worker:scatter| 4.491e+01|        10000| 4.491e-03| 8.506e-04
       0.Info>>    sd:worker:wait| 1.601e+01|        10000| 1.601e-03| 1.578e-02
       0.Info>>          sd:write| 1.103e-03|          100| 1.103e-05| 9.239e-06
       0.Info>>           st:fill| 1.161e-02|            8| 1.451e-03| 0.000e+00
       0.Info>>          st:first| 2.269e-02|            1| 2.269e-02| 0.000e+00
       0.Info>>           st:load| 2.229e-02|            1| 2.229e-02| 0.000e+00
       0.Info>>           st:wait| 1.591e-01|            8| 1.989e-02| 0.000e+00
       0.Info>>-----------------------------------------------------------------
       0.Info>>-----------------------------------------------------------------
       0.Info>> watermarks:                                                     
       0.Info>>-----------------------------------------------------------------
       0.Info>>          measure |      min |      max                          
       0.Info>>-----------------------------------------------------------------
       0.Info>>   sd:c:b:dspstore| 2.000e-06| 8.200e-05                         
       0.Info>>    sd:c:b:scatter| 1.494e-03| 1.210e-02                         
       0.Info>>        sd:c:block| 1.601e-01| 5.692e-01                         
       0.Info>>         sd:c:init| 1.182e-01| 2.602e-01                         
       0.Info>>       sd:c:reduce| 0.000e+00| 2.000e-06                         
       0.Info>>         sd:c:wait| 1.000e-06| 4.000e-06                         
       0.Info>>        sd:compute| 3.342e-01| 7.429e-01                         
       0.Info>>         sd:runner| 6.755e+00| 8.263e+00                         
       0.Info>>          sd:stage| 2.412e-02| 2.432e-02                         
       0.Info>> sd:worker:scatter| 1.476e-03| 7.482e-03                         
       0.Info>>    sd:worker:wait| 2.000e-06| 2.603e-01                         
       0.Info>>          sd:write| 5.000e-06| 5.400e-05                         
       0.Info>>           st:fill| 1.305e-03| 1.510e-03                         
       0.Info>>          st:first| 2.269e-02| 2.269e-02                         
       0.Info>>           st:load| 2.229e-02| 2.229e-02                         
       0.Info>>           st:wait| 9.000e-06| 2.273e-02                         
       0.Info>>-----------------------------------------------------------------
       0.Info>>                                                                 
       0.Info>>         Performance Analysis (relative to total time * nodes)   
       0.Info>>-----------------------------------------------------------------
       0.Info>> mean and total runtimes:                                        
       0.Info>>-----------------------------------------------------------------
       0.Info>>          measure |    total |       count |     mean |   stddev 
       0.Info>>-----------------------------------------------------------------
       0.Info>>   sd:c:b:dspstore| 5.376e-04|        10000| 5.376e-08| 2.596e-07
       0.Info>>    sd:c:b:scatter| 6.404e-01|        10000| 6.404e-05| 1.028e-04
       0.Info>>        sd:c:block| 6.430e-01|          100| 6.430e-03| 5.153e-03
       0.Info>>         sd:c:init| 2.195e-01|          100| 2.195e-03| 3.703e-03
       0.Info>>       sd:c:reduce| 1.626e-06|          100| 1.626e-08| 6.021e-08
       0.Info>>         sd:c:wait| 2.545e-06|          100| 2.545e-08| 6.865e-08
       0.Info>>        sd:compute| 8.626e-01|          100| 8.626e-03| 6.641e-03
       0.Info>>         sd:runner| 8.626e-01|            8| 1.078e-01| 0.000e+00
       0.Info>>          sd:stage| 2.744e-03|            8| 3.430e-04| 0.000e+00
       0.Info>> sd:worker:scatter| 6.349e-01|        10000| 6.349e-05| 1.011e-04
       0.Info>>    sd:worker:wait| 2.263e-01|        10000| 2.263e-05| 1.877e-03
       0.Info>>          sd:write| 1.559e-05|          100| 1.559e-07| 1.098e-06
       0.Info>>           st:fill| 1.641e-04|            8| 2.052e-05| 0.000e+00
       0.Info>>          st:first| 3.207e-04|            1| 3.207e-04| 0.000e+00
       0.Info>>           st:load| 3.152e-04|            1| 3.152e-04| 0.000e+00
       0.Info>>           st:wait| 2.249e-03|            8| 2.811e-04| 0.000e+00
       0.Info>>-----------------------------------------------------------------
       0.Info>>-----------------------------------------------------------------
       0.Info>> watermarks:                                                     
       0.Info>>-----------------------------------------------------------------
       0.Info>>          measure |      min |      max                          
       0.Info>>-----------------------------------------------------------------
       0.Info>>   sd:c:b:dspstore| 2.827e-08| 1.159e-06                         
       0.Info>>    sd:c:b:scatter| 2.112e-05| 1.710e-04                         
       0.Info>>        sd:c:block| 2.263e-03| 8.046e-03                         
       0.Info>>         sd:c:init| 1.671e-03| 3.678e-03                         
       0.Info>>       sd:c:reduce| 0.000e+00| 2.827e-08                         
       0.Info>>         sd:c:wait| 1.414e-08| 5.655e-08                         
       0.Info>>        sd:compute| 4.725e-03| 1.050e-02                         
       0.Info>>         sd:runner| 9.549e-02| 1.168e-01                         
       0.Info>>          sd:stage| 3.409e-04| 3.438e-04                         
       0.Info>> sd:worker:scatter| 2.087e-05| 1.058e-04                         
       0.Info>>    sd:worker:wait| 2.827e-08| 3.680e-03                         
       0.Info>>          sd:write| 7.068e-08| 7.634e-07                         
       0.Info>>           st:fill| 1.845e-05| 2.135e-05                         
       0.Info>>          st:first| 3.207e-04| 3.207e-04                         
       0.Info>>           st:load| 3.152e-04| 3.152e-04                         
       0.Info>>           st:wait| 1.272e-07| 3.213e-04                         
       0.Info>>-----------------------------------------------------------------
       0.Info>>Total runtime (s): 8.8423280000000002                            
       0.Info>>Successfully finished... Have a nice day!                        
