       0.Info>>This software is being developed by Benjamin Lindner.                    
       0.Info>>For help, suggestions or correspondense use:                             
       0.Info>>ben@benlabs.net, Benjamin Lindner (Main Developer, Impl. & Maintenance)  
       0.Info>>franc@cmm.ki.si, Franci Merzel (Methodology)                             
       0.Info>>For publications include the following references:                       
       0.Info>>.........................................................................
       0.Info>>1. Sassena - X-ray and Neutron Scattering Calculated                     
       0.Info>>  from Molecular Dynamics Trajectories using Massively Parallel Computers
       0.Info>>  published as a Computer Program in Physics Paper                       
       0.Info>>.........................................................................
       0.Info>>Version Information: 1.4.2                                       
       0.Info>>                                                                 
       0.Info>>.................................................................
       0.Info>>......................D.E.S.C.R.I.P.T.I.O.N......................
       0.Info>>.................................................................
       0.Info>>This binary computes the scattering intensities directly from    
       0.Info>>a molecular dynamics trajectory.                                 
       0.Info>>.................................................................
       0.Info>>.................................................................
       0.Info>>...................I.N.I.T.I.A.L.I.Z.A.T.I.O.N...................
       0.Info>>.................................................................
       0.Info>>No configuration file specified. Will use default                
       0.Info>>Looking for configuration file: scatter.xml                      
       0.Info>>Reading parameters from XML file: scatter.xml                    
       0.Info>>Added frames from /home/amajumda/study/continuum_simulations/gitlab/continuum-to-scattering/data/100_100_100_50_50_50/single_atom_shrink/iteration_007/t008/pdb_dcd/sample.dcd using format: dcd
       0.Info>>Options: first=0, last=0, lastset=0, stride=1                    
       0.Info>>stager.target=system                                             
       0.Info>>scattering.type=all                                              
       0.Info>>scattering.dsp.type=square                                       
       0.Info>>scattering.average.orientation.type=vectors                      
       0.Info>>scattering.average.orientation.vectors.type=sphere               
       0.Info>>scattering.average.orientation.vectors.algorithm=boost_uniform_on_sphere
       0.Info>>scattering.average.orientation.vectors.resolution=100            
       0.Info>>Generating orientations for orientational averaging using sphere,boost_uniform_on_sphere
       0.Info>>Initialized orientational averaging with 100 vectors.            
       0.Info>>scattering.signal.file=signal.h5                                 
       0.Info>>scattering.signal.filepath=/home/amajumda/study/continuum_simulations/gitlab/continuum-to-scattering/data/100_100_100_50_50_50/single_atom_shrink/iteration_007/t008/signal.h5
       0.Info>>scattering.signal.fqt=1                                          
       0.Info>>scattering.signal.fq0=1                                          
       0.Info>>scattering.signal.fq=1                                           
       0.Info>>scattering.signal.fq2=1                                          
       0.Info>>Analyzing command line for parameter overwrites                  
       0.Info>>Reading database from file: /home/amajumda/study/continuum_simulations/gitlab/continuum-to-scattering/data/100_100_100_50_50_50/single_atom_shrink/iteration_007/t008/database/db-neutron-coherent.xml
       0.Info>>Checking database...                                             
       0.Info>>Testing mapping between PDB names and atom labels                
       0.Info>>Testing database completeness for referenced atom labels         
       0.Info>>Check succeeded. Database seems OK.                              
       0.Info>>Initializing sample...                                           
       0.Info>>Reading structure from file: /home/amajumda/study/continuum_simulations/gitlab/continuum-to-scattering/data/100_100_100_50_50_50/single_atom_shrink/iteration_007/t008/pdb_dcd/sample.pdb
       0.Info>>Done. Atoms read: 125000                                         
       0.Info>>Reading frames from: /home/amajumda/study/continuum_simulations/gitlab/continuum-to-scattering/data/100_100_100_50_50_50/single_atom_shrink/iteration_007/t008/pdb_dcd/sample.dcd
       0.Info>>Found 1 frames                                                   
       0.Info>>Total number of coordinate sets found: 1                         
       0.Info>>Exchanging sample, database & params information with compute nodes... 
       0.Info>>params...                                                        
       0.Info>>database...                                                      
       0.Info>>sample...                                                        
       0.Info>>.................................................................
       0.Info>>......................C.O.M.P.U.T.A.T.I.O.N......................
       0.Info>>.................................................................
       0.Info>>Setting up services...                                           
       0.Info>>Initializing data file service...                                
       0.Info>>Initializing monitor service...                                  
       0.Info>>Starting data file service...                                    
       0.Info>>Starting monitor service...                                      
       0.Info>>Services setup and running...                                    
       0.Info>>Checking /home/amajumda/study/continuum_simulations/gitlab/continuum-to-scattering/data/100_100_100_50_50_50/single_atom_shrink/iteration_007/t008/signal.h5 for old results.
       0.Info>>Broadcasting service information                                 
       0.Info>>Server host name    : hzglap02                                   
       0.Info>>FileService Port    : 44617                                      
       0.Info>>MonitorService Port : 40115                                      
       0.Info>>Setting up parallel environment...                               
       0.Info>>Searching for decomposition plan:                                
       0.Info>>nodes    = 8                                                     
       0.Info>>qvectors = 100                                                   
       0.Info>>frames   = 1                                                     
       0.Info>>atoms   = 125000                                                 
       0.Info>>All interference scattering detected. Applying frame decomposition.
       0.Info>>Automatic decomposition. Searching for best utilization.         
       0.Info>>Final decomposition parameters:                                  
       0.Info>>NN                : 8                                            
       0.Info>>NQ                : 100                                          
       0.Info>>NAF               : 1                                            
       0.Info>>NP                : 8                                            
       0.Info>>NNpP              : 1                                            
       0.Info>>NAFcycles         : 1                                            
       0.Info>>NQcycles          : 13                                           
       0.Info>>CompEl (WASTE/USE): 4/100                                        
       0.Info>>utilization(1=best)    : 0.96153846153846156                     
       0.Info>>Initializing Scatter Device, Vectors (all)                       
       0.Info>>Starting scattering...                                           
       0.Info>>Checking memory requirements for scattering calculation...       
       0.Info>>required limits.computation.memory.result_buffer=16              
       0.Info>>required limits.computation.memory.signal_buffer=16              
       0.Info>>required limits.computation.memory.exchange_buffer=0             
       0.Info>>required limits.computation.memory.alignpad_buffer=32            
       0.Info>>Memory limits ok                                                 
       0.Info>>Staging data...                                                  
       0.Info>>Forcing stager.mode=frames                                       
       0.Info>>Staging first partition.                                         
       0.Info>>Staging remaining partitions.                                    
       0.Info>>background scattering length set to 0                            
       0.Info>>Target initialized.                                              
       0.Info>>Target 'system' produces a background scattering length density of 2.1947254445826867e-05
       0.Info>>Starting computation...                                          
       0.Info>>Orientational averaging includes 100 vectors                     
       0.Info>>Setting progress sampling factor for monitoring to 1             
       0.Info>>Progress: 2.260%, ETOTAL: 41.144936405529954 s, ETA: 40.214889405529952 s
       0.Info>>Progress: 3.760%, ETOTAL: 24.850836565096952 s, ETA: 23.916341565096953 s
       0.Info>>Progress: 5.521%, ETOTAL: 17.36659924528302 s, ETA: 16.407818245283021 s
       0.Info>>Progress: 10.396%, ETOTAL: 9.2598541082164338 s, ETA: 8.2972151082164345 s
       0.Info>>Progress: 20.051%, ETOTAL: 14.75171508951407 s, ETA: 11.793807089514068 s
       0.Info>>Progress: 31.176%, ETOTAL: 9.5667148349953752 s, ETA: 6.5841688349953742 s
       0.Info>>Progress: 41.080%, ETOTAL: 7.3601839432004388 s, ETA: 4.3366109432004372 s
       0.Info>>Progress: 51.080%, ETOTAL: 9.6832176695739491 s, ETA: 4.7370176695739481 s
       0.Info>>Progress: 60.330%, ETOTAL: 8.2367154651224599 s, ETA: 3.267494465122458 s
       0.Info>>Progress: 71.330%, ETOTAL: 9.7221933767692672 s, ETA: 2.7873403767692659 s
       0.Info>>Progress: 81.580%, ETOTAL: 8.5339422150630586 s, ETA: 1.571941215063057 s
       0.Info>>Progress: 91.455%, ETOTAL: 7.6430574612742701 s, ETA: 0.65308946127426903 s
       0.Info>>Scattering finished...                                           
       0.Info>>.................................................................
       0.Info>>.....................R.U.N...A.N.A.L.Y.S.I.S.....................
       0.Info>>.................................................................
       0.Info>>Aggregating timing information for performance analysis...       
       0.Info>>                                                                 
       0.Info>>                    Performance Analysis                         
       0.Info>>-----------------------------------------------------------------
       0.Info>> mean and total runtimes:                                        
       0.Info>>-----------------------------------------------------------------
       0.Info>>          measure |    total |       count |     mean |   stddev 
       0.Info>>-----------------------------------------------------------------
       0.Info>>   sd:c:b:dspstore| 3.470e-02|        10000| 3.470e-06| 2.048e-06
       0.Info>>    sd:c:b:scatter| 4.314e+01|        10000| 4.314e-03| 6.842e-04
       0.Info>>        sd:c:block| 4.331e+01|          100| 4.331e-01| 3.846e-02
       0.Info>>         sd:c:init| 1.457e+01|          100| 1.457e-01| 2.700e-02
       0.Info>>       sd:c:reduce| 1.190e-04|          100| 1.190e-06| 8.889e-07
       0.Info>>         sd:c:wait| 1.650e-04|          100| 1.650e-06| 5.823e-07
       0.Info>>        sd:compute| 5.788e+01|          100| 5.788e-01| 5.563e-02
       0.Info>>         sd:runner| 5.789e+01|            8| 7.236e+00| 0.000e+00
       0.Info>>          sd:stage| 1.934e-01|            8| 2.418e-02| 0.000e+00
       0.Info>> sd:worker:scatter| 4.281e+01|        10000| 4.281e-03| 6.708e-04
       0.Info>>    sd:worker:wait| 1.497e+01|        10000| 1.497e-03| 1.478e-02
       0.Info>>          sd:write| 9.980e-04|          100| 9.980e-06| 7.351e-06
       0.Info>>           st:fill| 1.181e-02|            8| 1.476e-03| 0.000e+00
       0.Info>>          st:first| 2.258e-02|            1| 2.258e-02| 0.000e+00
       0.Info>>           st:load| 2.225e-02|            1| 2.225e-02| 0.000e+00
       0.Info>>           st:wait| 1.583e-01|            8| 1.979e-02| 0.000e+00
       0.Info>>-----------------------------------------------------------------
       0.Info>>-----------------------------------------------------------------
       0.Info>> watermarks:                                                     
       0.Info>>-----------------------------------------------------------------
       0.Info>>          measure |      min |      max                          
       0.Info>>-----------------------------------------------------------------
       0.Info>>   sd:c:b:dspstore| 2.000e-06| 8.400e-05                         
       0.Info>>    sd:c:b:scatter| 1.572e-03| 1.433e-02                         
       0.Info>>        sd:c:block| 1.600e-01| 5.603e-01                         
       0.Info>>         sd:c:init| 1.167e-01| 2.377e-01                         
       0.Info>>       sd:c:reduce| 0.000e+00| 8.000e-06                         
       0.Info>>         sd:c:wait| 1.000e-06| 3.000e-06                         
       0.Info>>        sd:compute| 2.768e-01| 7.842e-01                         
       0.Info>>         sd:runner| 5.826e+00| 7.722e+00                         
       0.Info>>          sd:stage| 2.403e-02| 2.424e-02                         
       0.Info>> sd:worker:scatter| 1.551e-03| 9.872e-03                         
       0.Info>>    sd:worker:wait| 1.000e-06| 2.378e-01                         
       0.Info>>          sd:write| 5.000e-06| 4.500e-05                         
       0.Info>>           st:fill| 1.322e-03| 1.543e-03                         
       0.Info>>          st:first| 2.258e-02| 2.258e-02                         
       0.Info>>           st:load| 2.225e-02| 2.225e-02                         
       0.Info>>           st:wait| 9.000e-06| 2.262e-02                         
       0.Info>>-----------------------------------------------------------------
       0.Info>>                                                                 
       0.Info>>         Performance Analysis (relative to total time * nodes)   
       0.Info>>-----------------------------------------------------------------
       0.Info>> mean and total runtimes:                                        
       0.Info>>-----------------------------------------------------------------
       0.Info>>          measure |    total |       count |     mean |   stddev 
       0.Info>>-----------------------------------------------------------------
       0.Info>>   sd:c:b:dspstore| 5.298e-04|        10000| 5.298e-08| 2.531e-07
       0.Info>>    sd:c:b:scatter| 6.587e-01|        10000| 6.587e-05| 8.453e-05
       0.Info>>        sd:c:block| 6.612e-01|          100| 6.612e-03| 4.753e-03
       0.Info>>         sd:c:init| 2.224e-01|          100| 2.224e-03| 3.336e-03
       0.Info>>       sd:c:reduce| 1.817e-06|          100| 1.817e-08| 1.098e-07
       0.Info>>         sd:c:wait| 2.519e-06|          100| 2.519e-08| 7.195e-08
       0.Info>>        sd:compute| 8.837e-01|          100| 8.837e-03| 6.873e-03
       0.Info>>         sd:runner| 8.838e-01|            8| 1.105e-01| 0.000e+00
       0.Info>>          sd:stage| 2.953e-03|            8| 3.692e-04| 0.000e+00
       0.Info>> sd:worker:scatter| 6.537e-01|        10000| 6.537e-05| 8.288e-05
       0.Info>>    sd:worker:wait| 2.286e-01|        10000| 2.286e-05| 1.826e-03
       0.Info>>          sd:write| 1.524e-05|          100| 1.524e-07| 9.083e-07
       0.Info>>           st:fill| 1.803e-04|            8| 2.254e-05| 0.000e+00
       0.Info>>          st:first| 3.448e-04|            1| 3.448e-04| 0.000e+00
       0.Info>>           st:load| 3.398e-04|            1| 3.398e-04| 0.000e+00
       0.Info>>           st:wait| 2.417e-03|            8| 3.021e-04| 0.000e+00
       0.Info>>-----------------------------------------------------------------
       0.Info>>-----------------------------------------------------------------
       0.Info>> watermarks:                                                     
       0.Info>>-----------------------------------------------------------------
       0.Info>>          measure |      min |      max                          
       0.Info>>-----------------------------------------------------------------
       0.Info>>   sd:c:b:dspstore| 3.053e-08| 1.282e-06                         
       0.Info>>    sd:c:b:scatter| 2.400e-05| 2.188e-04                         
       0.Info>>        sd:c:block| 2.442e-03| 8.554e-03                         
       0.Info>>         sd:c:init| 1.782e-03| 3.630e-03                         
       0.Info>>       sd:c:reduce| 0.000e+00| 1.221e-07                         
       0.Info>>         sd:c:wait| 1.527e-08| 4.580e-08                         
       0.Info>>        sd:compute| 4.226e-03| 1.197e-02                         
       0.Info>>         sd:runner| 8.895e-02| 1.179e-01                         
       0.Info>>          sd:stage| 3.669e-04| 3.701e-04                         
       0.Info>> sd:worker:scatter| 2.368e-05| 1.507e-04                         
       0.Info>>    sd:worker:wait| 1.527e-08| 3.631e-03                         
       0.Info>>          sd:write| 7.633e-08| 6.870e-07                         
       0.Info>>           st:fill| 2.018e-05| 2.356e-05                         
       0.Info>>          st:first| 3.448e-04| 3.448e-04                         
       0.Info>>           st:load| 3.398e-04| 3.398e-04                         
       0.Info>>           st:wait| 1.374e-07| 3.453e-04                         
       0.Info>>-----------------------------------------------------------------
       0.Info>>Total runtime (s): 8.1876010000000008                            
       0.Info>>Successfully finished... Have a nice day!                        
