       0.Info>>This software is being developed by Benjamin Lindner.                    
       0.Info>>For help, suggestions or correspondense use:                             
       0.Info>>ben@benlabs.net, Benjamin Lindner (Main Developer, Impl. & Maintenance)  
       0.Info>>franc@cmm.ki.si, Franci Merzel (Methodology)                             
       0.Info>>For publications include the following references:                       
       0.Info>>.........................................................................
       0.Info>>1. Sassena - X-ray and Neutron Scattering Calculated                     
       0.Info>>  from Molecular Dynamics Trajectories using Massively Parallel Computers
       0.Info>>  published as a Computer Program in Physics Paper                       
       0.Info>>.........................................................................
       0.Info>>Version Information: 1.4.2                                       
       0.Info>>                                                                 
       0.Info>>.................................................................
       0.Info>>......................D.E.S.C.R.I.P.T.I.O.N......................
       0.Info>>.................................................................
       0.Info>>This binary computes the scattering intensities directly from    
       0.Info>>a molecular dynamics trajectory.                                 
       0.Info>>.................................................................
       0.Info>>.................................................................
       0.Info>>...................I.N.I.T.I.A.L.I.Z.A.T.I.O.N...................
       0.Info>>.................................................................
       0.Info>>No configuration file specified. Will use default                
       0.Info>>Looking for configuration file: scatter.xml                      
       0.Info>>Reading parameters from XML file: scatter.xml                    
       0.Info>>Added frames from /home/amajumda/study/continuum_simulations/gitlab/continuum-to-scattering/data/100_100_100_50_50_50/single_atom_shrink/iteration_005/t007/pdb_dcd/sample.dcd using format: dcd
       0.Info>>Options: first=0, last=0, lastset=0, stride=1                    
       0.Info>>stager.target=system                                             
       0.Info>>scattering.type=all                                              
       0.Info>>scattering.dsp.type=square                                       
       0.Info>>scattering.average.orientation.type=vectors                      
       0.Info>>scattering.average.orientation.vectors.type=sphere               
       0.Info>>scattering.average.orientation.vectors.algorithm=boost_uniform_on_sphere
       0.Info>>scattering.average.orientation.vectors.resolution=100            
       0.Info>>Generating orientations for orientational averaging using sphere,boost_uniform_on_sphere
       0.Info>>Initialized orientational averaging with 100 vectors.            
       0.Info>>scattering.signal.file=signal.h5                                 
       0.Info>>scattering.signal.filepath=/home/amajumda/study/continuum_simulations/gitlab/continuum-to-scattering/data/100_100_100_50_50_50/single_atom_shrink/iteration_005/t007/signal.h5
       0.Info>>scattering.signal.fqt=1                                          
       0.Info>>scattering.signal.fq0=1                                          
       0.Info>>scattering.signal.fq=1                                           
       0.Info>>scattering.signal.fq2=1                                          
       0.Info>>Analyzing command line for parameter overwrites                  
       0.Info>>Reading database from file: /home/amajumda/study/continuum_simulations/gitlab/continuum-to-scattering/data/100_100_100_50_50_50/single_atom_shrink/iteration_005/t007/database/db-neutron-coherent.xml
       0.Info>>Checking database...                                             
       0.Info>>Testing mapping between PDB names and atom labels                
       0.Info>>Testing database completeness for referenced atom labels         
       0.Info>>Check succeeded. Database seems OK.                              
       0.Info>>Initializing sample...                                           
       0.Info>>Reading structure from file: /home/amajumda/study/continuum_simulations/gitlab/continuum-to-scattering/data/100_100_100_50_50_50/single_atom_shrink/iteration_005/t007/pdb_dcd/sample.pdb
       0.Info>>Done. Atoms read: 125000                                         
       0.Info>>Reading frames from: /home/amajumda/study/continuum_simulations/gitlab/continuum-to-scattering/data/100_100_100_50_50_50/single_atom_shrink/iteration_005/t007/pdb_dcd/sample.dcd
       0.Info>>Found 1 frames                                                   
       0.Info>>Total number of coordinate sets found: 1                         
       0.Info>>Exchanging sample, database & params information with compute nodes... 
       0.Info>>params...                                                        
       0.Info>>database...                                                      
       0.Info>>sample...                                                        
       0.Info>>.................................................................
       0.Info>>......................C.O.M.P.U.T.A.T.I.O.N......................
       0.Info>>.................................................................
       0.Info>>Setting up services...                                           
       0.Info>>Initializing data file service...                                
       0.Info>>Initializing monitor service...                                  
       0.Info>>Starting data file service...                                    
       0.Info>>Starting monitor service...                                      
       0.Info>>Services setup and running...                                    
       0.Info>>Checking /home/amajumda/study/continuum_simulations/gitlab/continuum-to-scattering/data/100_100_100_50_50_50/single_atom_shrink/iteration_005/t007/signal.h5 for old results.
       0.Info>>Broadcasting service information                                 
       0.Info>>Server host name    : hzglap02                                   
       0.Info>>FileService Port    : 45011                                      
       0.Info>>MonitorService Port : 36189                                      
       0.Info>>Setting up parallel environment...                               
       0.Info>>Searching for decomposition plan:                                
       0.Info>>nodes    = 8                                                     
       0.Info>>qvectors = 100                                                   
       0.Info>>frames   = 1                                                     
       0.Info>>atoms   = 125000                                                 
       0.Info>>All interference scattering detected. Applying frame decomposition.
       0.Info>>Automatic decomposition. Searching for best utilization.         
       0.Info>>Final decomposition parameters:                                  
       0.Info>>NN                : 8                                            
       0.Info>>NQ                : 100                                          
       0.Info>>NAF               : 1                                            
       0.Info>>NP                : 8                                            
       0.Info>>NNpP              : 1                                            
       0.Info>>NAFcycles         : 1                                            
       0.Info>>NQcycles          : 13                                           
       0.Info>>CompEl (WASTE/USE): 4/100                                        
       0.Info>>utilization(1=best)    : 0.96153846153846156                     
       0.Info>>Initializing Scatter Device, Vectors (all)                       
       0.Info>>Starting scattering...                                           
       0.Info>>Checking memory requirements for scattering calculation...       
       0.Info>>required limits.computation.memory.result_buffer=16              
       0.Info>>required limits.computation.memory.signal_buffer=16              
       0.Info>>required limits.computation.memory.exchange_buffer=0             
       0.Info>>required limits.computation.memory.alignpad_buffer=32            
       0.Info>>Memory limits ok                                                 
       0.Info>>Staging data...                                                  
       0.Info>>Forcing stager.mode=frames                                       
       0.Info>>Staging first partition.                                         
       0.Info>>Staging remaining partitions.                                    
       0.Info>>background scattering length set to 0                            
       0.Info>>Target initialized.                                              
       0.Info>>Target 'system' produces a background scattering length density of 0.000270755238014856
       0.Info>>Starting computation...                                          
       0.Info>>Orientational averaging includes 100 vectors                     
       0.Info>>Setting progress sampling factor for monitoring to 1             
       0.Info>>Progress: 2.635%, ETOTAL: 58.587206324110674 s, ETA: 57.043189324110678 s
       0.Info>>Progress: 5.396%, ETOTAL: 28.709578378378382 s, ETA: 27.160457378378382 s
       0.Info>>Progress: 11.667%, ETOTAL: 13.344402857142855 s, ETA: 11.787555857142856 s
       0.Info>>Progress: 21.955%, ETOTAL: 7.1876009343065679 s, ETA: 5.6095539343065681 s
       0.Info>>Progress: 31.455%, ETOTAL: 11.323743386998164 s, ETA: 7.7618453869981643 s
       0.Info>>Progress: 41.830%, ETOTAL: 8.6208724542180644 s, ETA: 5.0147504542180652 s
       0.Info>>Progress: 52.830%, ETOTAL: 10.475738348601586 s, ETA: 4.941392348601588 s
       0.Info>>Progress: 60.080%, ETOTAL: 9.2671240330754845 s, ETA: 3.6994240330754868 s
       0.Info>>Progress: 72.705%, ETOTAL: 7.8245842355845507 s, ETA: 2.1357102355845532 s
       0.Info>>Progress: 81.955%, ETOTAL: 9.2413448259679267 s, ETA: 1.6675888259679299 s
       0.Info>>Scattering finished...                                           
       0.Info>>.................................................................
       0.Info>>.....................R.U.N...A.N.A.L.Y.S.I.S.....................
       0.Info>>.................................................................
       0.Info>>Aggregating timing information for performance analysis...       
       0.Info>>                                                                 
       0.Info>>                    Performance Analysis                         
       0.Info>>-----------------------------------------------------------------
       0.Info>> mean and total runtimes:                                        
       0.Info>>-----------------------------------------------------------------
       0.Info>>          measure |    total |       count |     mean |   stddev 
       0.Info>>-----------------------------------------------------------------
       0.Info>>   sd:c:b:dspstore| 3.743e-02|        10000| 3.743e-06| 2.088e-06
       0.Info>>    sd:c:b:scatter| 4.428e+01|        10000| 4.428e-03| 8.134e-04
       0.Info>>        sd:c:block| 4.446e+01|          100| 4.446e-01| 4.063e-02
       0.Info>>         sd:c:init| 1.479e+01|          100| 1.479e-01| 2.842e-02
       0.Info>>       sd:c:reduce| 1.010e-04|          100| 1.010e-06| 5.455e-07
       0.Info>>         sd:c:wait| 1.750e-04|          100| 1.750e-06| 5.799e-07
       0.Info>>        sd:compute| 5.925e+01|          100| 5.925e-01| 5.239e-02
       0.Info>>         sd:runner| 5.926e+01|            8| 7.407e+00| 0.000e+00
       0.Info>>          sd:stage| 1.941e-01|            8| 2.427e-02| 0.000e+00
       0.Info>> sd:worker:scatter| 4.390e+01|        10000| 4.390e-03| 7.944e-04
       0.Info>>    sd:worker:wait| 1.526e+01|        10000| 1.526e-03| 1.501e-02
       0.Info>>          sd:write| 1.046e-03|          100| 1.046e-05| 8.266e-06
       0.Info>>           st:fill| 1.201e-02|            8| 1.501e-03| 0.000e+00
       0.Info>>          st:first| 2.264e-02|            1| 2.264e-02| 0.000e+00
       0.Info>>           st:load| 2.232e-02|            1| 2.232e-02| 0.000e+00
       0.Info>>           st:wait| 1.588e-01|            8| 1.984e-02| 0.000e+00
       0.Info>>-----------------------------------------------------------------
       0.Info>>-----------------------------------------------------------------
       0.Info>> watermarks:                                                     
       0.Info>>-----------------------------------------------------------------
       0.Info>>          measure |      min |      max                          
       0.Info>>-----------------------------------------------------------------
       0.Info>>   sd:c:b:dspstore| 2.000e-06| 7.500e-05                         
       0.Info>>    sd:c:b:scatter| 1.527e-03| 1.707e-02                         
       0.Info>>        sd:c:block| 1.596e-01| 5.510e-01                         
       0.Info>>         sd:c:init| 1.153e-01| 2.449e-01                         
       0.Info>>       sd:c:reduce| 0.000e+00| 2.000e-06                         
       0.Info>>         sd:c:wait| 1.000e-06| 4.000e-06                         
       0.Info>>        sd:compute| 2.774e-01| 7.257e-01                         
       0.Info>>         sd:runner| 6.278e+00| 8.074e+00                         
       0.Info>>          sd:stage| 2.412e-02| 2.433e-02                         
       0.Info>> sd:worker:scatter| 1.512e-03| 7.809e-03                         
       0.Info>>    sd:worker:wait| 1.000e-06| 2.450e-01                         
       0.Info>>          sd:write| 5.000e-06| 5.300e-05                         
       0.Info>>           st:fill| 1.346e-03| 1.565e-03                         
       0.Info>>          st:first| 2.264e-02| 2.264e-02                         
       0.Info>>           st:load| 2.232e-02| 2.232e-02                         
       0.Info>>           st:wait| 8.000e-06| 2.268e-02                         
       0.Info>>-----------------------------------------------------------------
       0.Info>>                                                                 
       0.Info>>         Performance Analysis (relative to total time * nodes)   
       0.Info>>-----------------------------------------------------------------
       0.Info>> mean and total runtimes:                                        
       0.Info>>-----------------------------------------------------------------
       0.Info>>          measure |    total |       count |     mean |   stddev 
       0.Info>>-----------------------------------------------------------------
       0.Info>>   sd:c:b:dspstore| 5.482e-04|        10000| 5.482e-08| 2.527e-07
       0.Info>>    sd:c:b:scatter| 6.485e-01|        10000| 6.485e-05| 9.844e-05
       0.Info>>        sd:c:block| 6.512e-01|          100| 6.512e-03| 4.917e-03
       0.Info>>         sd:c:init| 2.166e-01|          100| 2.166e-03| 3.440e-03
       0.Info>>       sd:c:reduce| 1.479e-06|          100| 1.479e-08| 6.602e-08
       0.Info>>         sd:c:wait| 2.563e-06|          100| 2.563e-08| 7.018e-08
       0.Info>>        sd:compute| 8.678e-01|          100| 8.678e-03| 6.340e-03
       0.Info>>         sd:runner| 8.679e-01|            8| 1.085e-01| 0.000e+00
       0.Info>>          sd:stage| 2.843e-03|            8| 3.554e-04| 0.000e+00
       0.Info>> sd:worker:scatter| 6.430e-01|        10000| 6.430e-05| 9.613e-05
       0.Info>>    sd:worker:wait| 2.234e-01|        10000| 2.234e-05| 1.817e-03
       0.Info>>          sd:write| 1.532e-05|          100| 1.532e-07| 1.000e-06
       0.Info>>           st:fill| 1.759e-04|            8| 2.199e-05| 0.000e+00
       0.Info>>          st:first| 3.316e-04|            1| 3.316e-04| 0.000e+00
       0.Info>>           st:load| 3.269e-04|            1| 3.269e-04| 0.000e+00
       0.Info>>           st:wait| 2.325e-03|            8| 2.906e-04| 0.000e+00
       0.Info>>-----------------------------------------------------------------
       0.Info>>-----------------------------------------------------------------
       0.Info>> watermarks:                                                     
       0.Info>>-----------------------------------------------------------------
       0.Info>>          measure |      min |      max                          
       0.Info>>-----------------------------------------------------------------
       0.Info>>   sd:c:b:dspstore| 2.929e-08| 1.098e-06                         
       0.Info>>    sd:c:b:scatter| 2.236e-05| 2.499e-04                         
       0.Info>>        sd:c:block| 2.337e-03| 8.069e-03                         
       0.Info>>         sd:c:init| 1.689e-03| 3.587e-03                         
       0.Info>>       sd:c:reduce| 0.000e+00| 2.929e-08                         
       0.Info>>         sd:c:wait| 1.465e-08| 5.858e-08                         
       0.Info>>        sd:compute| 4.063e-03| 1.063e-02                         
       0.Info>>         sd:runner| 9.195e-02| 1.183e-01                         
       0.Info>>          sd:stage| 3.532e-04| 3.563e-04                         
       0.Info>> sd:worker:scatter| 2.214e-05| 1.144e-04                         
       0.Info>>    sd:worker:wait| 1.465e-08| 3.588e-03                         
       0.Info>>          sd:write| 7.323e-08| 7.762e-07                         
       0.Info>>           st:fill| 1.971e-05| 2.292e-05                         
       0.Info>>          st:first| 3.316e-04| 3.316e-04                         
       0.Info>>           st:load| 3.269e-04| 3.269e-04                         
       0.Info>>           st:wait| 1.172e-07| 3.322e-04                         
       0.Info>>-----------------------------------------------------------------
       0.Info>>Total runtime (s): 8.5349009999999996                            
       0.Info>>Successfully finished... Have a nice day!                        
