       0.Info>>This software is being developed by Benjamin Lindner.                    
       0.Info>>For help, suggestions or correspondense use:                             
       0.Info>>ben@benlabs.net, Benjamin Lindner (Main Developer, Impl. & Maintenance)  
       0.Info>>franc@cmm.ki.si, Franci Merzel (Methodology)                             
       0.Info>>For publications include the following references:                       
       0.Info>>.........................................................................
       0.Info>>1. Sassena - X-ray and Neutron Scattering Calculated                     
       0.Info>>  from Molecular Dynamics Trajectories using Massively Parallel Computers
       0.Info>>  published as a Computer Program in Physics Paper                       
       0.Info>>.........................................................................
       0.Info>>Version Information: 1.4.2                                       
       0.Info>>                                                                 
       0.Info>>.................................................................
       0.Info>>......................D.E.S.C.R.I.P.T.I.O.N......................
       0.Info>>.................................................................
       0.Info>>This binary computes the scattering intensities directly from    
       0.Info>>a molecular dynamics trajectory.                                 
       0.Info>>.................................................................
       0.Info>>.................................................................
       0.Info>>...................I.N.I.T.I.A.L.I.Z.A.T.I.O.N...................
       0.Info>>.................................................................
       0.Info>>No configuration file specified. Will use default                
       0.Info>>Looking for configuration file: scatter.xml                      
       0.Info>>Reading parameters from XML file: scatter.xml                    
       0.Info>>Added frames from /home/amajumda/study/continuum_simulations/gitlab/continuum-to-scattering/data/100_100_100_50_50_50/single_atom_shrink/iteration_009/t006/pdb_dcd/sample.dcd using format: dcd
       0.Info>>Options: first=0, last=0, lastset=0, stride=1                    
       0.Info>>stager.target=system                                             
       0.Info>>scattering.type=all                                              
       0.Info>>scattering.dsp.type=square                                       
       0.Info>>scattering.average.orientation.type=vectors                      
       0.Info>>scattering.average.orientation.vectors.type=sphere               
       0.Info>>scattering.average.orientation.vectors.algorithm=boost_uniform_on_sphere
       0.Info>>scattering.average.orientation.vectors.resolution=100            
       0.Info>>Generating orientations for orientational averaging using sphere,boost_uniform_on_sphere
       0.Info>>Initialized orientational averaging with 100 vectors.            
       0.Info>>scattering.signal.file=signal.h5                                 
       0.Info>>scattering.signal.filepath=/home/amajumda/study/continuum_simulations/gitlab/continuum-to-scattering/data/100_100_100_50_50_50/single_atom_shrink/iteration_009/t006/signal.h5
       0.Info>>scattering.signal.fqt=1                                          
       0.Info>>scattering.signal.fq0=1                                          
       0.Info>>scattering.signal.fq=1                                           
       0.Info>>scattering.signal.fq2=1                                          
       0.Info>>Analyzing command line for parameter overwrites                  
       0.Info>>Reading database from file: /home/amajumda/study/continuum_simulations/gitlab/continuum-to-scattering/data/100_100_100_50_50_50/single_atom_shrink/iteration_009/t006/database/db-neutron-coherent.xml
       0.Info>>Checking database...                                             
       0.Info>>Testing mapping between PDB names and atom labels                
       0.Info>>Testing database completeness for referenced atom labels         
       0.Info>>Check succeeded. Database seems OK.                              
       0.Info>>Initializing sample...                                           
       0.Info>>Reading structure from file: /home/amajumda/study/continuum_simulations/gitlab/continuum-to-scattering/data/100_100_100_50_50_50/single_atom_shrink/iteration_009/t006/pdb_dcd/sample.pdb
       0.Info>>Done. Atoms read: 125000                                         
       0.Info>>Reading frames from: /home/amajumda/study/continuum_simulations/gitlab/continuum-to-scattering/data/100_100_100_50_50_50/single_atom_shrink/iteration_009/t006/pdb_dcd/sample.dcd
       0.Info>>Found 1 frames                                                   
       0.Info>>Total number of coordinate sets found: 1                         
       0.Info>>Exchanging sample, database & params information with compute nodes... 
       0.Info>>params...                                                        
       0.Info>>database...                                                      
       0.Info>>sample...                                                        
       0.Info>>.................................................................
       0.Info>>......................C.O.M.P.U.T.A.T.I.O.N......................
       0.Info>>.................................................................
       0.Info>>Setting up services...                                           
       0.Info>>Initializing data file service...                                
       0.Info>>Initializing monitor service...                                  
       0.Info>>Starting data file service...                                    
       0.Info>>Starting monitor service...                                      
       0.Info>>Services setup and running...                                    
       0.Info>>Checking /home/amajumda/study/continuum_simulations/gitlab/continuum-to-scattering/data/100_100_100_50_50_50/single_atom_shrink/iteration_009/t006/signal.h5 for old results.
       0.Info>>Broadcasting service information                                 
       0.Info>>Server host name    : hzglap02                                   
       0.Info>>FileService Port    : 44597                                      
       0.Info>>MonitorService Port : 40069                                      
       0.Info>>Setting up parallel environment...                               
       0.Info>>Searching for decomposition plan:                                
       0.Info>>nodes    = 8                                                     
       0.Info>>qvectors = 100                                                   
       0.Info>>frames   = 1                                                     
       0.Info>>atoms   = 125000                                                 
       0.Info>>All interference scattering detected. Applying frame decomposition.
       0.Info>>Automatic decomposition. Searching for best utilization.         
       0.Info>>Final decomposition parameters:                                  
       0.Info>>NN                : 8                                            
       0.Info>>NQ                : 100                                          
       0.Info>>NAF               : 1                                            
       0.Info>>NP                : 8                                            
       0.Info>>NNpP              : 1                                            
       0.Info>>NAFcycles         : 1                                            
       0.Info>>NQcycles          : 13                                           
       0.Info>>CompEl (WASTE/USE): 4/100                                        
       0.Info>>utilization(1=best)    : 0.96153846153846156                     
       0.Info>>Initializing Scatter Device, Vectors (all)                       
       0.Info>>Starting scattering...                                           
       0.Info>>Checking memory requirements for scattering calculation...       
       0.Info>>required limits.computation.memory.result_buffer=16              
       0.Info>>required limits.computation.memory.signal_buffer=16              
       0.Info>>required limits.computation.memory.exchange_buffer=0             
       0.Info>>required limits.computation.memory.alignpad_buffer=32            
       0.Info>>Memory limits ok                                                 
       0.Info>>Staging data...                                                  
       0.Info>>Forcing stager.mode=frames                                       
       0.Info>>Staging first partition.                                         
       0.Info>>Staging remaining partitions.                                    
       0.Info>>background scattering length set to 0                            
       0.Info>>Target initialized.                                              
       0.Info>>Target 'system' produces a background scattering length density of 0.000228707775289434
       0.Info>>Starting computation...                                          
       0.Info>>Orientational averaging includes 100 vectors                     
       0.Info>>Setting progress sampling factor for monitoring to 1             
       0.Info>>Progress: 2.510%, ETOTAL: 41.51286970954358 s, ETA: 40.470723709543577 s
       0.Info>>Progress: 4.260%, ETOTAL: 24.520183863080685 s, ETA: 23.475521863080687 s
       0.Info>>Progress: 5.885%, ETOTAL: 17.7567207079646 s, ETA: 16.7116637079646 s
       0.Info>>Progress: 11.531%, ETOTAL: 9.2525008130081314 s, ETA: 8.1855718130081314 s
       0.Info>>Progress: 23.042%, ETOTAL: 13.386492585895118 s, ETA: 10.302021585895117 s
       0.Info>>Progress: 32.436%, ETOTAL: 9.7596867984189704 s, ETA: 6.5940447984189703 s
       0.Info>>Progress: 42.080%, ETOTAL: 7.6701691217914529 s, ETA: 4.4425521217914525 s
       0.Info>>Progress: 51.455%, ETOTAL: 9.8205799426934064 s, ETA: 4.7673879426934072 s
       0.Info>>Progress: 60.830%, ETOTAL: 8.3766747668475663 s, ETA: 3.281132766847568 s
       0.Info>>Progress: 71.205%, ETOTAL: 9.9111934461649245 s, ETA: 2.8539154461649261 s
       0.Info>>Progress: 80.580%, ETOTAL: 8.7683516487013211 s, ETA: 1.702802648701323 s
       0.Info>>Progress: 90.080%, ETOTAL: 7.8667605621775474 s, ETA: 0.7803725621775488 s
       0.Info>>Scattering finished...                                           
       0.Info>>.................................................................
       0.Info>>.....................R.U.N...A.N.A.L.Y.S.I.S.....................
       0.Info>>.................................................................
       0.Info>>Aggregating timing information for performance analysis...       
       0.Info>>                                                                 
       0.Info>>                    Performance Analysis                         
       0.Info>>-----------------------------------------------------------------
       0.Info>> mean and total runtimes:                                        
       0.Info>>-----------------------------------------------------------------
       0.Info>>          measure |    total |       count |     mean |   stddev 
       0.Info>>-----------------------------------------------------------------
       0.Info>>   sd:c:b:dspstore| 3.789e-02|        10000| 3.789e-06| 2.031e-06
       0.Info>>    sd:c:b:scatter| 4.454e+01|        10000| 4.454e-03| 8.056e-04
       0.Info>>        sd:c:block| 4.472e+01|          100| 4.472e-01| 3.341e-02
       0.Info>>         sd:c:init| 1.525e+01|          100| 1.525e-01| 2.979e-02
       0.Info>>       sd:c:reduce| 1.040e-04|          100| 1.040e-06| 4.903e-07
       0.Info>>         sd:c:wait| 1.690e-04|          100| 1.690e-06| 5.727e-07
       0.Info>>        sd:compute| 5.997e+01|          100| 5.997e-01| 4.781e-02
       0.Info>>         sd:runner| 5.997e+01|            8| 7.497e+00| 0.000e+00
       0.Info>>          sd:stage| 1.943e-01|            8| 2.429e-02| 0.000e+00
       0.Info>> sd:worker:scatter| 4.418e+01|        10000| 4.418e-03| 7.921e-04
       0.Info>>    sd:worker:wait| 1.570e+01|        10000| 1.570e-03| 1.548e-02
       0.Info>>          sd:write| 9.710e-04|          100| 9.710e-06| 7.379e-06
       0.Info>>           st:fill| 1.198e-02|            8| 1.497e-03| 0.000e+00
       0.Info>>          st:first| 2.267e-02|            1| 2.267e-02| 0.000e+00
       0.Info>>           st:load| 2.231e-02|            1| 2.231e-02| 0.000e+00
       0.Info>>           st:wait| 1.590e-01|            8| 1.987e-02| 0.000e+00
       0.Info>>-----------------------------------------------------------------
       0.Info>>-----------------------------------------------------------------
       0.Info>> watermarks:                                                     
       0.Info>>-----------------------------------------------------------------
       0.Info>>          measure |      min |      max                          
       0.Info>>-----------------------------------------------------------------
       0.Info>>   sd:c:b:dspstore| 2.000e-06| 7.000e-05                         
       0.Info>>    sd:c:b:scatter| 1.534e-03| 1.201e-02                         
       0.Info>>        sd:c:block| 2.121e-01| 5.481e-01                         
       0.Info>>         sd:c:init| 1.168e-01| 2.455e-01                         
       0.Info>>       sd:c:reduce| 0.000e+00| 2.000e-06                         
       0.Info>>         sd:c:wait| 1.000e-06| 3.000e-06                         
       0.Info>>        sd:compute| 3.301e-01| 7.188e-01                         
       0.Info>>         sd:runner| 6.116e+00| 7.999e+00                         
       0.Info>>          sd:stage| 2.414e-02| 2.435e-02                         
       0.Info>> sd:worker:scatter| 1.512e-03| 1.053e-02                         
       0.Info>>    sd:worker:wait| 1.000e-06| 2.457e-01                         
       0.Info>>          sd:write| 5.000e-06| 5.000e-05                         
       0.Info>>           st:fill| 1.337e-03| 1.560e-03                         
       0.Info>>          st:first| 2.267e-02| 2.267e-02                         
       0.Info>>           st:load| 2.231e-02| 2.231e-02                         
       0.Info>>           st:wait| 9.000e-06| 2.271e-02                         
       0.Info>>-----------------------------------------------------------------
       0.Info>>                                                                 
       0.Info>>         Performance Analysis (relative to total time * nodes)   
       0.Info>>-----------------------------------------------------------------
       0.Info>> mean and total runtimes:                                        
       0.Info>>-----------------------------------------------------------------
       0.Info>>          measure |    total |       count |     mean |   stddev 
       0.Info>>-----------------------------------------------------------------
       0.Info>>   sd:c:b:dspstore| 5.630e-04|        10000| 5.630e-08| 2.476e-07
       0.Info>>    sd:c:b:scatter| 6.619e-01|        10000| 6.619e-05| 9.821e-05
       0.Info>>        sd:c:block| 6.646e-01|          100| 6.646e-03| 4.072e-03
       0.Info>>         sd:c:init| 2.266e-01|          100| 2.266e-03| 3.631e-03
       0.Info>>       sd:c:reduce| 1.546e-06|          100| 1.546e-08| 5.977e-08
       0.Info>>         sd:c:wait| 2.511e-06|          100| 2.511e-08| 6.982e-08
       0.Info>>        sd:compute| 8.912e-01|          100| 8.912e-03| 5.828e-03
       0.Info>>         sd:runner| 8.913e-01|            8| 1.114e-01| 0.000e+00
       0.Info>>          sd:stage| 2.888e-03|            8| 3.610e-04| 0.000e+00
       0.Info>> sd:worker:scatter| 6.565e-01|        10000| 6.565e-05| 9.656e-05
       0.Info>>    sd:worker:wait| 2.333e-01|        10000| 2.333e-05| 1.887e-03
       0.Info>>          sd:write| 1.443e-05|          100| 1.443e-07| 8.995e-07
       0.Info>>           st:fill| 1.780e-04|            8| 2.225e-05| 0.000e+00
       0.Info>>          st:first| 3.369e-04|            1| 3.369e-04| 0.000e+00
       0.Info>>           st:load| 3.316e-04|            1| 3.316e-04| 0.000e+00
       0.Info>>           st:wait| 2.362e-03|            8| 2.953e-04| 0.000e+00
       0.Info>>-----------------------------------------------------------------
       0.Info>>-----------------------------------------------------------------
       0.Info>> watermarks:                                                     
       0.Info>>-----------------------------------------------------------------
       0.Info>>          measure |      min |      max                          
       0.Info>>-----------------------------------------------------------------
       0.Info>>   sd:c:b:dspstore| 2.972e-08| 1.040e-06                         
       0.Info>>    sd:c:b:scatter| 2.280e-05| 1.785e-04                         
       0.Info>>        sd:c:block| 3.152e-03| 8.145e-03                         
       0.Info>>         sd:c:init| 1.735e-03| 3.649e-03                         
       0.Info>>       sd:c:reduce| 0.000e+00| 2.972e-08                         
       0.Info>>         sd:c:wait| 1.486e-08| 4.458e-08                         
       0.Info>>        sd:compute| 4.906e-03| 1.068e-02                         
       0.Info>>         sd:runner| 9.089e-02| 1.189e-01                         
       0.Info>>          sd:stage| 3.587e-04| 3.619e-04                         
       0.Info>> sd:worker:scatter| 2.247e-05| 1.566e-04                         
       0.Info>>    sd:worker:wait| 1.486e-08| 3.651e-03                         
       0.Info>>          sd:write| 7.430e-08| 7.430e-07                         
       0.Info>>           st:fill| 1.987e-05| 2.318e-05                         
       0.Info>>          st:first| 3.369e-04| 3.369e-04                         
       0.Info>>           st:load| 3.316e-04| 3.316e-04                         
       0.Info>>           st:wait| 1.337e-07| 3.375e-04                         
       0.Info>>-----------------------------------------------------------------
       0.Info>>Total runtime (s): 8.4115149999999996                            
       0.Info>>Successfully finished... Have a nice day!                        
