       0.Info>>This software is being developed by Benjamin Lindner.                    
       0.Info>>For help, suggestions or correspondense use:                             
       0.Info>>ben@benlabs.net, Benjamin Lindner (Main Developer, Impl. & Maintenance)  
       0.Info>>franc@cmm.ki.si, Franci Merzel (Methodology)                             
       0.Info>>For publications include the following references:                       
       0.Info>>.........................................................................
       0.Info>>1. Sassena - X-ray and Neutron Scattering Calculated                     
       0.Info>>  from Molecular Dynamics Trajectories using Massively Parallel Computers
       0.Info>>  published as a Computer Program in Physics Paper                       
       0.Info>>.........................................................................
       0.Info>>Version Information: 1.4.2                                       
       0.Info>>                                                                 
       0.Info>>.................................................................
       0.Info>>......................D.E.S.C.R.I.P.T.I.O.N......................
       0.Info>>.................................................................
       0.Info>>This binary computes the scattering intensities directly from    
       0.Info>>a molecular dynamics trajectory.                                 
       0.Info>>.................................................................
       0.Info>>.................................................................
       0.Info>>...................I.N.I.T.I.A.L.I.Z.A.T.I.O.N...................
       0.Info>>.................................................................
       0.Info>>No configuration file specified. Will use default                
       0.Info>>Looking for configuration file: scatter.xml                      
       0.Info>>Reading parameters from XML file: scatter.xml                    
       0.Info>>Added frames from /home/amajumda/study/continuum_simulations/gitlab/continuum-to-scattering/data/100_100_100_50_50_50/single_atom_shrink/iteration_003/t001/pdb_dcd/sample.dcd using format: dcd
       0.Info>>Options: first=0, last=0, lastset=0, stride=1                    
       0.Info>>stager.target=system                                             
       0.Info>>scattering.type=all                                              
       0.Info>>scattering.dsp.type=square                                       
       0.Info>>scattering.average.orientation.type=vectors                      
       0.Info>>scattering.average.orientation.vectors.type=sphere               
       0.Info>>scattering.average.orientation.vectors.algorithm=boost_uniform_on_sphere
       0.Info>>scattering.average.orientation.vectors.resolution=100            
       0.Info>>Generating orientations for orientational averaging using sphere,boost_uniform_on_sphere
       0.Info>>Initialized orientational averaging with 100 vectors.            
       0.Info>>scattering.signal.file=signal.h5                                 
       0.Info>>scattering.signal.filepath=/home/amajumda/study/continuum_simulations/gitlab/continuum-to-scattering/data/100_100_100_50_50_50/single_atom_shrink/iteration_003/t001/signal.h5
       0.Info>>scattering.signal.fqt=1                                          
       0.Info>>scattering.signal.fq0=1                                          
       0.Info>>scattering.signal.fq=1                                           
       0.Info>>scattering.signal.fq2=1                                          
       0.Info>>Analyzing command line for parameter overwrites                  
       0.Info>>Reading database from file: /home/amajumda/study/continuum_simulations/gitlab/continuum-to-scattering/data/100_100_100_50_50_50/single_atom_shrink/iteration_003/t001/database/db-neutron-coherent.xml
       0.Info>>Checking database...                                             
       0.Info>>Testing mapping between PDB names and atom labels                
       0.Info>>Testing database completeness for referenced atom labels         
       0.Info>>Check succeeded. Database seems OK.                              
       0.Info>>Initializing sample...                                           
       0.Info>>Reading structure from file: /home/amajumda/study/continuum_simulations/gitlab/continuum-to-scattering/data/100_100_100_50_50_50/single_atom_shrink/iteration_003/t001/pdb_dcd/sample.pdb
       0.Info>>Done. Atoms read: 125000                                         
       0.Info>>Reading frames from: /home/amajumda/study/continuum_simulations/gitlab/continuum-to-scattering/data/100_100_100_50_50_50/single_atom_shrink/iteration_003/t001/pdb_dcd/sample.dcd
       0.Info>>Found 1 frames                                                   
       0.Info>>Total number of coordinate sets found: 1                         
       0.Info>>Exchanging sample, database & params information with compute nodes... 
       0.Info>>params...                                                        
       0.Info>>database...                                                      
       0.Info>>sample...                                                        
       0.Info>>.................................................................
       0.Info>>......................C.O.M.P.U.T.A.T.I.O.N......................
       0.Info>>.................................................................
       0.Info>>Setting up services...                                           
       0.Info>>Initializing data file service...                                
       0.Info>>Initializing monitor service...                                  
       0.Info>>Starting data file service...                                    
       0.Info>>Starting monitor service...                                      
       0.Info>>Services setup and running...                                    
       0.Info>>Checking /home/amajumda/study/continuum_simulations/gitlab/continuum-to-scattering/data/100_100_100_50_50_50/single_atom_shrink/iteration_003/t001/signal.h5 for old results.
       0.Info>>Broadcasting service information                                 
       0.Info>>Server host name    : hzglap02                                   
       0.Info>>FileService Port    : 44725                                      
       0.Info>>MonitorService Port : 37215                                      
       0.Info>>Setting up parallel environment...                               
       0.Info>>Searching for decomposition plan:                                
       0.Info>>nodes    = 8                                                     
       0.Info>>qvectors = 100                                                   
       0.Info>>frames   = 1                                                     
       0.Info>>atoms   = 125000                                                 
       0.Info>>All interference scattering detected. Applying frame decomposition.
       0.Info>>Automatic decomposition. Searching for best utilization.         
       0.Info>>Final decomposition parameters:                                  
       0.Info>>NN                : 8                                            
       0.Info>>NQ                : 100                                          
       0.Info>>NAF               : 1                                            
       0.Info>>NP                : 8                                            
       0.Info>>NNpP              : 1                                            
       0.Info>>NAFcycles         : 1                                            
       0.Info>>NQcycles          : 13                                           
       0.Info>>CompEl (WASTE/USE): 4/100                                        
       0.Info>>utilization(1=best)    : 0.96153846153846156                     
       0.Info>>Initializing Scatter Device, Vectors (all)                       
       0.Info>>Starting scattering...                                           
       0.Info>>Checking memory requirements for scattering calculation...       
       0.Info>>required limits.computation.memory.result_buffer=16              
       0.Info>>required limits.computation.memory.signal_buffer=16              
       0.Info>>required limits.computation.memory.exchange_buffer=0             
       0.Info>>required limits.computation.memory.alignpad_buffer=32            
       0.Info>>Memory limits ok                                                 
       0.Info>>Staging data...                                                  
       0.Info>>Forcing stager.mode=frames                                       
       0.Info>>Staging first partition.                                         
       0.Info>>Staging remaining partitions.                                    
       0.Info>>background scattering length set to 0                            
       0.Info>>Target initialized.                                              
       0.Info>>Target 'system' produces a background scattering length density of 0.0022486157327268348
       0.Info>>Starting computation...                                          
       0.Info>>Orientational averaging includes 100 vectors                     
       0.Info>>Setting progress sampling factor for monitoring to 1             
       0.Info>>Progress: 2.385%, ETOTAL: 59.895909170305671 s, ETA: 58.467142170305671 s
       0.Info>>Progress: 4.770%, ETOTAL: 29.992062623887115 s, ETA: 28.561431623887117 s
       0.Info>>Progress: 6.905%, ETOTAL: 20.781618380134603 s, ETA: 19.346554380134602 s
       0.Info>>Progress: 11.550%, ETOTAL: 12.447176578326626 s, ETA: 11.009567578326626 s
       0.Info>>Progress: 22.705%, ETOTAL: 15.095567701863352 s, ETA: 11.668099701863351 s
       0.Info>>Progress: 32.705%, ETOTAL: 10.522832928263425 s, ETA: 7.0813269282634241 s
       0.Info>>Progress: 42.455%, ETOTAL: 8.1419092254265415 s, ETA: 4.6852512254265424 s
       0.Info>>Progress: 52.955%, ETOTAL: 10.289509599322114 s, ETA: 4.8406865993221144 s
       0.Info>>Progress: 62.705%, ETOTAL: 8.8180682478020866 s, ETA: 3.2886872478020868 s
       0.Info>>Progress: 72.330%, ETOTAL: 7.6874728940488337 s, ETA: 2.1271138940488337 s
       0.Info>>Progress: 81.955%, ETOTAL: 9.0977711380524084 s, ETA: 1.6416811380524079 s
       0.Info>>Scattering finished...                                           
       0.Info>>.................................................................
       0.Info>>.....................R.U.N...A.N.A.L.Y.S.I.S.....................
       0.Info>>.................................................................
       0.Info>>Aggregating timing information for performance analysis...       
       0.Info>>                                                                 
       0.Info>>                    Performance Analysis                         
       0.Info>>-----------------------------------------------------------------
       0.Info>> mean and total runtimes:                                        
       0.Info>>-----------------------------------------------------------------
       0.Info>>          measure |    total |       count |     mean |   stddev 
       0.Info>>-----------------------------------------------------------------
       0.Info>>   sd:c:b:dspstore| 3.810e-02|        10000| 3.810e-06| 2.074e-06
       0.Info>>    sd:c:b:scatter| 4.493e+01|        10000| 4.493e-03| 8.947e-04
       0.Info>>        sd:c:block| 4.511e+01|          100| 4.511e-01| 4.163e-02
       0.Info>>         sd:c:init| 1.499e+01|          100| 1.499e-01| 3.076e-02
       0.Info>>       sd:c:reduce| 1.000e-04|          100| 1.000e-06| 5.349e-07
       0.Info>>         sd:c:wait| 1.760e-04|          100| 1.760e-06| 5.314e-07
       0.Info>>        sd:compute| 6.011e+01|          100| 6.011e-01| 5.503e-02
       0.Info>>         sd:runner| 6.011e+01|            8| 7.514e+00| 0.000e+00
       0.Info>>          sd:stage| 1.974e-01|            8| 2.468e-02| 0.000e+00
       0.Info>> sd:worker:scatter| 4.452e+01|        10000| 4.452e-03| 8.495e-04
       0.Info>>    sd:worker:wait| 1.550e+01|        10000| 1.550e-03| 1.527e-02
       0.Info>>          sd:write| 1.004e-03|          100| 1.004e-05| 6.942e-06
       0.Info>>           st:fill| 1.185e-02|            8| 1.481e-03| 0.000e+00
       0.Info>>          st:first| 2.307e-02|            1| 2.307e-02| 0.000e+00
       0.Info>>           st:load| 2.273e-02|            1| 2.273e-02| 0.000e+00
       0.Info>>           st:wait| 1.618e-01|            8| 2.022e-02| 0.000e+00
       0.Info>>-----------------------------------------------------------------
       0.Info>>-----------------------------------------------------------------
       0.Info>> watermarks:                                                     
       0.Info>>-----------------------------------------------------------------
       0.Info>>          measure |      min |      max                          
       0.Info>>-----------------------------------------------------------------
       0.Info>>   sd:c:b:dspstore| 2.000e-06| 7.000e-05                         
       0.Info>>    sd:c:b:scatter| 1.503e-03| 2.790e-02                         
       0.Info>>        sd:c:block| 2.104e-01| 5.781e-01                         
       0.Info>>         sd:c:init| 1.158e-01| 2.526e-01                         
       0.Info>>       sd:c:reduce| 0.000e+00| 3.000e-06                         
       0.Info>>         sd:c:wait| 1.000e-06| 3.000e-06                         
       0.Info>>        sd:compute| 3.276e-01| 7.238e-01                         
       0.Info>>         sd:runner| 6.741e+00| 7.867e+00                         
       0.Info>>          sd:stage| 2.452e-02| 2.475e-02                         
       0.Info>> sd:worker:scatter| 1.480e-03| 1.542e-02                         
       0.Info>>    sd:worker:wait| 2.000e-06| 2.527e-01                         
       0.Info>>          sd:write| 5.000e-06| 4.900e-05                         
       0.Info>>           st:fill| 1.324e-03| 1.553e-03                         
       0.Info>>          st:first| 2.307e-02| 2.307e-02                         
       0.Info>>           st:load| 2.273e-02| 2.273e-02                         
       0.Info>>           st:wait| 9.000e-06| 2.311e-02                         
       0.Info>>-----------------------------------------------------------------
       0.Info>>                                                                 
       0.Info>>         Performance Analysis (relative to total time * nodes)   
       0.Info>>-----------------------------------------------------------------
       0.Info>> mean and total runtimes:                                        
       0.Info>>-----------------------------------------------------------------
       0.Info>>          measure |    total |       count |     mean |   stddev 
       0.Info>>-----------------------------------------------------------------
       0.Info>>   sd:c:b:dspstore| 5.754e-04|        10000| 5.754e-08| 2.549e-07
       0.Info>>    sd:c:b:scatter| 6.786e-01|        10000| 6.786e-05| 1.100e-04
       0.Info>>        sd:c:block| 6.814e-01|          100| 6.814e-03| 5.116e-03
       0.Info>>         sd:c:init| 2.264e-01|          100| 2.264e-03| 3.780e-03
       0.Info>>       sd:c:reduce| 1.510e-06|          100| 1.510e-08| 6.573e-08
       0.Info>>         sd:c:wait| 2.658e-06|          100| 2.658e-08| 6.530e-08
       0.Info>>        sd:compute| 9.079e-01|          100| 9.079e-03| 6.763e-03
       0.Info>>         sd:runner| 9.079e-01|            8| 1.135e-01| 0.000e+00
       0.Info>>          sd:stage| 2.981e-03|            8| 3.727e-04| 0.000e+00
       0.Info>> sd:worker:scatter| 6.724e-01|        10000| 6.724e-05| 1.044e-04
       0.Info>>    sd:worker:wait| 2.340e-01|        10000| 2.340e-05| 1.877e-03
       0.Info>>          sd:write| 1.516e-05|          100| 1.516e-07| 8.532e-07
       0.Info>>           st:fill| 1.790e-04|            8| 2.237e-05| 0.000e+00
       0.Info>>          st:first| 3.485e-04|            1| 3.485e-04| 0.000e+00
       0.Info>>           st:load| 3.432e-04|            1| 3.432e-04| 0.000e+00
       0.Info>>           st:wait| 2.443e-03|            8| 3.054e-04| 0.000e+00
       0.Info>>-----------------------------------------------------------------
       0.Info>>-----------------------------------------------------------------
       0.Info>> watermarks:                                                     
       0.Info>>-----------------------------------------------------------------
       0.Info>>          measure |      min |      max                          
       0.Info>>-----------------------------------------------------------------
       0.Info>>   sd:c:b:dspstore| 3.021e-08| 1.057e-06                         
       0.Info>>    sd:c:b:scatter| 2.270e-05| 4.213e-04                         
       0.Info>>        sd:c:block| 3.177e-03| 8.732e-03                         
       0.Info>>         sd:c:init| 1.749e-03| 3.815e-03                         
       0.Info>>       sd:c:reduce| 0.000e+00| 4.531e-08                         
       0.Info>>         sd:c:wait| 1.510e-08| 4.531e-08                         
       0.Info>>        sd:compute| 4.948e-03| 1.093e-02                         
       0.Info>>         sd:runner| 1.018e-01| 1.188e-01                         
       0.Info>>          sd:stage| 3.704e-04| 3.737e-04                         
       0.Info>> sd:worker:scatter| 2.235e-05| 2.330e-04                         
       0.Info>>    sd:worker:wait| 3.021e-08| 3.817e-03                         
       0.Info>>          sd:write| 7.552e-08| 7.401e-07                         
       0.Info>>           st:fill| 2.000e-05| 2.346e-05                         
       0.Info>>          st:first| 3.485e-04| 3.485e-04                         
       0.Info>>           st:load| 3.432e-04| 3.432e-04                         
       0.Info>>           st:wait| 1.359e-07| 3.491e-04                         
       0.Info>>-----------------------------------------------------------------
       0.Info>>Total runtime (s): 8.276389                                      
       0.Info>>Successfully finished... Have a nice day!                        
