       0.Info>>This software is being developed by Benjamin Lindner.                    
       0.Info>>For help, suggestions or correspondense use:                             
       0.Info>>ben@benlabs.net, Benjamin Lindner (Main Developer, Impl. & Maintenance)  
       0.Info>>franc@cmm.ki.si, Franci Merzel (Methodology)                             
       0.Info>>For publications include the following references:                       
       0.Info>>.........................................................................
       0.Info>>1. Sassena - X-ray and Neutron Scattering Calculated                     
       0.Info>>  from Molecular Dynamics Trajectories using Massively Parallel Computers
       0.Info>>  published as a Computer Program in Physics Paper                       
       0.Info>>.........................................................................
       0.Info>>Version Information: 1.4.2                                       
       0.Info>>                                                                 
       0.Info>>.................................................................
       0.Info>>......................D.E.S.C.R.I.P.T.I.O.N......................
       0.Info>>.................................................................
       0.Info>>This binary computes the scattering intensities directly from    
       0.Info>>a molecular dynamics trajectory.                                 
       0.Info>>.................................................................
       0.Info>>.................................................................
       0.Info>>...................I.N.I.T.I.A.L.I.Z.A.T.I.O.N...................
       0.Info>>.................................................................
       0.Info>>No configuration file specified. Will use default                
       0.Info>>Looking for configuration file: scatter.xml                      
       0.Info>>Reading parameters from XML file: scatter.xml                    
       0.Info>>Added frames from /home/amajumda/study/continuum_simulations/gitlab/continuum-to-scattering/data/100_100_100_50_50_50/single_atom_shrink/iteration_012/t001/pdb_dcd/sample.dcd using format: dcd
       0.Info>>Options: first=0, last=0, lastset=0, stride=1                    
       0.Info>>stager.target=system                                             
       0.Info>>scattering.type=all                                              
       0.Info>>scattering.dsp.type=square                                       
       0.Info>>scattering.average.orientation.type=vectors                      
       0.Info>>scattering.average.orientation.vectors.type=sphere               
       0.Info>>scattering.average.orientation.vectors.algorithm=boost_uniform_on_sphere
       0.Info>>scattering.average.orientation.vectors.resolution=100            
       0.Info>>Generating orientations for orientational averaging using sphere,boost_uniform_on_sphere
       0.Info>>Initialized orientational averaging with 100 vectors.            
       0.Info>>scattering.signal.file=signal.h5                                 
       0.Info>>scattering.signal.filepath=/home/amajumda/study/continuum_simulations/gitlab/continuum-to-scattering/data/100_100_100_50_50_50/single_atom_shrink/iteration_012/t001/signal.h5
       0.Info>>scattering.signal.fqt=1                                          
       0.Info>>scattering.signal.fq0=1                                          
       0.Info>>scattering.signal.fq=1                                           
       0.Info>>scattering.signal.fq2=1                                          
       0.Info>>Analyzing command line for parameter overwrites                  
       0.Info>>Reading database from file: /home/amajumda/study/continuum_simulations/gitlab/continuum-to-scattering/data/100_100_100_50_50_50/single_atom_shrink/iteration_012/t001/database/db-neutron-coherent.xml
       0.Info>>Checking database...                                             
       0.Info>>Testing mapping between PDB names and atom labels                
       0.Info>>Testing database completeness for referenced atom labels         
       0.Info>>Check succeeded. Database seems OK.                              
       0.Info>>Initializing sample...                                           
       0.Info>>Reading structure from file: /home/amajumda/study/continuum_simulations/gitlab/continuum-to-scattering/data/100_100_100_50_50_50/single_atom_shrink/iteration_012/t001/pdb_dcd/sample.pdb
       0.Info>>Done. Atoms read: 125000                                         
       0.Info>>Reading frames from: /home/amajumda/study/continuum_simulations/gitlab/continuum-to-scattering/data/100_100_100_50_50_50/single_atom_shrink/iteration_012/t001/pdb_dcd/sample.dcd
       0.Info>>Found 1 frames                                                   
       0.Info>>Total number of coordinate sets found: 1                         
       0.Info>>Exchanging sample, database & params information with compute nodes... 
       0.Info>>params...                                                        
       0.Info>>database...                                                      
       0.Info>>sample...                                                        
       0.Info>>.................................................................
       0.Info>>......................C.O.M.P.U.T.A.T.I.O.N......................
       0.Info>>.................................................................
       0.Info>>Setting up services...                                           
       0.Info>>Initializing data file service...                                
       0.Info>>Initializing monitor service...                                  
       0.Info>>Starting data file service...                                    
       0.Info>>Starting monitor service...                                      
       0.Info>>Services setup and running...                                    
       0.Info>>Checking /home/amajumda/study/continuum_simulations/gitlab/continuum-to-scattering/data/100_100_100_50_50_50/single_atom_shrink/iteration_012/t001/signal.h5 for old results.
       0.Info>>Broadcasting service information                                 
       0.Info>>Server host name    : hzglap02                                   
       0.Info>>FileService Port    : 43859                                      
       0.Info>>MonitorService Port : 44725                                      
       0.Info>>Setting up parallel environment...                               
       0.Info>>Searching for decomposition plan:                                
       0.Info>>nodes    = 8                                                     
       0.Info>>qvectors = 100                                                   
       0.Info>>frames   = 1                                                     
       0.Info>>atoms   = 125000                                                 
       0.Info>>All interference scattering detected. Applying frame decomposition.
       0.Info>>Automatic decomposition. Searching for best utilization.         
       0.Info>>Final decomposition parameters:                                  
       0.Info>>NN                : 8                                            
       0.Info>>NQ                : 100                                          
       0.Info>>NAF               : 1                                            
       0.Info>>NP                : 8                                            
       0.Info>>NNpP              : 1                                            
       0.Info>>NAFcycles         : 1                                            
       0.Info>>NQcycles          : 13                                           
       0.Info>>CompEl (WASTE/USE): 4/100                                        
       0.Info>>utilization(1=best)    : 0.96153846153846156                     
       0.Info>>Initializing Scatter Device, Vectors (all)                       
       0.Info>>Starting scattering...                                           
       0.Info>>Checking memory requirements for scattering calculation...       
       0.Info>>required limits.computation.memory.result_buffer=16              
       0.Info>>required limits.computation.memory.signal_buffer=16              
       0.Info>>required limits.computation.memory.exchange_buffer=0             
       0.Info>>required limits.computation.memory.alignpad_buffer=32            
       0.Info>>Memory limits ok                                                 
       0.Info>>Staging data...                                                  
       0.Info>>Forcing stager.mode=frames                                       
       0.Info>>Staging first partition.                                         
       0.Info>>Staging remaining partitions.                                    
       0.Info>>background scattering length set to 0                            
       0.Info>>Target initialized.                                              
       0.Info>>Target 'system' produces a background scattering length density of 0.0021409438062129061
       0.Info>>Starting computation...                                          
       0.Info>>Orientational averaging includes 100 vectors                     
       0.Info>>Setting progress sampling factor for monitoring to 1             
       0.Info>>Progress: 2.260%, ETOTAL: 60.962675744680851 s, ETA: 59.585153744680852 s
       0.Info>>Progress: 4.645%, ETOTAL: 29.74689915473521 s, ETA: 28.365146154735211 s
       0.Info>>Progress: 7.655%, ETOTAL: 18.095673435210387 s, ETA: 16.710368435210388 s
       0.Info>>Progress: 11.925%, ETOTAL: 11.819716347510585 s, ETA: 10.410158347510585 s
       0.Info>>Progress: 22.705%, ETOTAL: 14.881369395821574 s, ETA: 11.502535395821573 s
       0.Info>>Progress: 32.205%, ETOTAL: 10.599675238853505 s, ETA: 7.1860362388535037 s
       0.Info>>Progress: 42.080%, ETOTAL: 8.1365008759235291 s, ETA: 4.7126508759235275 s
       0.Info>>Progress: 51.955%, ETOTAL: 10.375528241826039 s, ETA: 4.9849092418260375 s
       0.Info>>Progress: 61.830%, ETOTAL: 8.7701742781608019 s, ETA: 3.3475642781608004 s
       0.Info>>Progress: 71.955%, ETOTAL: 7.6718506904231667 s, ETA: 2.1515606904231639 s
       0.Info>>Progress: 81.205%, ETOTAL: 9.2199595832017707 s, ETA: 1.7328795832017692 s
       0.Info>>Scattering finished...                                           
       0.Info>>.................................................................
       0.Info>>.....................R.U.N...A.N.A.L.Y.S.I.S.....................
       0.Info>>.................................................................
       0.Info>>Aggregating timing information for performance analysis...       
       0.Info>>                                                                 
       0.Info>>                    Performance Analysis                         
       0.Info>>-----------------------------------------------------------------
       0.Info>> mean and total runtimes:                                        
       0.Info>>-----------------------------------------------------------------
       0.Info>>          measure |    total |       count |     mean |   stddev 
       0.Info>>-----------------------------------------------------------------
       0.Info>>   sd:c:b:dspstore| 3.767e-02|        10000| 3.767e-06| 2.719e-06
       0.Info>>    sd:c:b:scatter| 4.540e+01|        10000| 4.540e-03| 8.635e-04
       0.Info>>        sd:c:block| 4.558e+01|          100| 4.558e-01| 3.993e-02
       0.Info>>         sd:c:init| 1.456e+01|          100| 1.456e-01| 2.656e-02
       0.Info>>       sd:c:reduce| 9.800e-05|          100| 9.800e-07| 5.788e-07
       0.Info>>         sd:c:wait| 1.610e-04|          100| 1.610e-06| 5.833e-07
       0.Info>>        sd:compute| 6.015e+01|          100| 6.015e-01| 5.044e-02
       0.Info>>         sd:runner| 6.015e+01|            8| 7.519e+00| 0.000e+00
       0.Info>>          sd:stage| 1.972e-01|            8| 2.465e-02| 0.000e+00
       0.Info>> sd:worker:scatter| 4.501e+01|        10000| 4.501e-03| 8.476e-04
       0.Info>>    sd:worker:wait| 1.504e+01|        10000| 1.504e-03| 1.476e-02
       0.Info>>          sd:write| 1.025e-03|          100| 1.025e-05| 7.323e-06
       0.Info>>           st:fill| 1.187e-02|            8| 1.483e-03| 0.000e+00
       0.Info>>          st:first| 2.305e-02|            1| 2.305e-02| 0.000e+00
       0.Info>>           st:load| 2.272e-02|            1| 2.272e-02| 0.000e+00
       0.Info>>           st:wait| 1.615e-01|            8| 2.019e-02| 0.000e+00
       0.Info>>-----------------------------------------------------------------
       0.Info>>-----------------------------------------------------------------
       0.Info>> watermarks:                                                     
       0.Info>>-----------------------------------------------------------------
       0.Info>>          measure |      min |      max                          
       0.Info>>-----------------------------------------------------------------
       0.Info>>   sd:c:b:dspstore| 2.000e-06| 1.810e-04                         
       0.Info>>    sd:c:b:scatter| 1.537e-03| 1.283e-02                         
       0.Info>>        sd:c:block| 2.181e-01| 5.449e-01                         
       0.Info>>         sd:c:init| 1.172e-01| 2.468e-01                         
       0.Info>>       sd:c:reduce| 0.000e+00| 3.000e-06                         
       0.Info>>         sd:c:wait| 0.000e+00| 3.000e-06                         
       0.Info>>        sd:compute| 3.383e-01| 7.205e-01                         
       0.Info>>         sd:runner| 7.036e+00| 7.933e+00                         
       0.Info>>          sd:stage| 2.450e-02| 2.471e-02                         
       0.Info>> sd:worker:scatter| 1.515e-03| 8.690e-03                         
       0.Info>>    sd:worker:wait| 1.000e-06| 2.469e-01                         
       0.Info>>          sd:write| 5.000e-06| 4.600e-05                         
       0.Info>>           st:fill| 1.332e-03| 1.544e-03                         
       0.Info>>          st:first| 2.305e-02| 2.305e-02                         
       0.Info>>           st:load| 2.272e-02| 2.272e-02                         
       0.Info>>           st:wait| 9.000e-06| 2.308e-02                         
       0.Info>>-----------------------------------------------------------------
       0.Info>>                                                                 
       0.Info>>         Performance Analysis (relative to total time * nodes)   
       0.Info>>-----------------------------------------------------------------
       0.Info>> mean and total runtimes:                                        
       0.Info>>-----------------------------------------------------------------
       0.Info>>          measure |    total |       count |     mean |   stddev 
       0.Info>>-----------------------------------------------------------------
       0.Info>>   sd:c:b:dspstore| 5.580e-04|        10000| 5.580e-08| 3.309e-07
       0.Info>>    sd:c:b:scatter| 6.725e-01|        10000| 6.725e-05| 1.051e-04
       0.Info>>        sd:c:block| 6.752e-01|          100| 6.752e-03| 4.860e-03
       0.Info>>         sd:c:init| 2.157e-01|          100| 2.157e-03| 3.233e-03
       0.Info>>       sd:c:reduce| 1.452e-06|          100| 1.452e-08| 7.045e-08
       0.Info>>         sd:c:wait| 2.385e-06|          100| 2.385e-08| 7.099e-08
       0.Info>>        sd:compute| 8.910e-01|          100| 8.910e-03| 6.138e-03
       0.Info>>         sd:runner| 8.910e-01|            8| 1.114e-01| 0.000e+00
       0.Info>>          sd:stage| 2.921e-03|            8| 3.652e-04| 0.000e+00
       0.Info>> sd:worker:scatter| 6.667e-01|        10000| 6.667e-05| 1.032e-04
       0.Info>>    sd:worker:wait| 2.228e-01|        10000| 2.228e-05| 1.796e-03
       0.Info>>          sd:write| 1.518e-05|          100| 1.518e-07| 8.913e-07
       0.Info>>           st:fill| 1.758e-04|            8| 2.197e-05| 0.000e+00
       0.Info>>          st:first| 3.414e-04|            1| 3.414e-04| 0.000e+00
       0.Info>>           st:load| 3.366e-04|            1| 3.366e-04| 0.000e+00
       0.Info>>           st:wait| 2.393e-03|            8| 2.991e-04| 0.000e+00
       0.Info>>-----------------------------------------------------------------
       0.Info>>-----------------------------------------------------------------
       0.Info>> watermarks:                                                     
       0.Info>>-----------------------------------------------------------------
       0.Info>>          measure |      min |      max                          
       0.Info>>-----------------------------------------------------------------
       0.Info>>   sd:c:b:dspstore| 2.963e-08| 2.681e-06                         
       0.Info>>    sd:c:b:scatter| 2.277e-05| 1.900e-04                         
       0.Info>>        sd:c:block| 3.231e-03| 8.072e-03                         
       0.Info>>         sd:c:init| 1.736e-03| 3.656e-03                         
       0.Info>>       sd:c:reduce| 0.000e+00| 4.444e-08                         
       0.Info>>         sd:c:wait| 0.000e+00| 4.444e-08                         
       0.Info>>        sd:compute| 5.012e-03| 1.067e-02                         
       0.Info>>         sd:runner| 1.042e-01| 1.175e-01                         
       0.Info>>          sd:stage| 3.630e-04| 3.660e-04                         
       0.Info>> sd:worker:scatter| 2.244e-05| 1.287e-04                         
       0.Info>>    sd:worker:wait| 1.481e-08| 3.657e-03                         
       0.Info>>          sd:write| 7.407e-08| 6.814e-07                         
       0.Info>>           st:fill| 1.973e-05| 2.287e-05                         
       0.Info>>          st:first| 3.414e-04| 3.414e-04                         
       0.Info>>           st:load| 3.366e-04| 3.366e-04                         
       0.Info>>           st:wait| 1.333e-07| 3.419e-04                         
       0.Info>>-----------------------------------------------------------------
       0.Info>>Total runtime (s): 8.438402                                      
       0.Info>>Successfully finished... Have a nice day!                        
