       0.Info>>This software is being developed by Benjamin Lindner.                    
       0.Info>>For help, suggestions or correspondense use:                             
       0.Info>>ben@benlabs.net, Benjamin Lindner (Main Developer, Impl. & Maintenance)  
       0.Info>>franc@cmm.ki.si, Franci Merzel (Methodology)                             
       0.Info>>For publications include the following references:                       
       0.Info>>.........................................................................
       0.Info>>1. Sassena - X-ray and Neutron Scattering Calculated                     
       0.Info>>  from Molecular Dynamics Trajectories using Massively Parallel Computers
       0.Info>>  published as a Computer Program in Physics Paper                       
       0.Info>>.........................................................................
       0.Info>>Version Information: 1.4.2                                       
       0.Info>>                                                                 
       0.Info>>.................................................................
       0.Info>>......................D.E.S.C.R.I.P.T.I.O.N......................
       0.Info>>.................................................................
       0.Info>>This binary computes the scattering intensities directly from    
       0.Info>>a molecular dynamics trajectory.                                 
       0.Info>>.................................................................
       0.Info>>.................................................................
       0.Info>>...................I.N.I.T.I.A.L.I.Z.A.T.I.O.N...................
       0.Info>>.................................................................
       0.Info>>No configuration file specified. Will use default                
       0.Info>>Looking for configuration file: scatter.xml                      
       0.Info>>Reading parameters from XML file: scatter.xml                    
       0.Info>>Added frames from /home/amajumda/study/continuum_simulations/gitlab/continuum-to-scattering/data/100_100_100_10_10_10/single_atom_shrink/iteration_009/t008/pdb_dcd/sample.dcd using format: dcd
       0.Info>>Options: first=0, last=0, lastset=0, stride=1                    
       0.Info>>stager.target=system                                             
       0.Info>>scattering.type=all                                              
       0.Info>>scattering.dsp.type=square                                       
       0.Info>>scattering.average.orientation.type=vectors                      
       0.Info>>scattering.average.orientation.vectors.type=sphere               
       0.Info>>scattering.average.orientation.vectors.algorithm=boost_uniform_on_sphere
       0.Info>>scattering.average.orientation.vectors.resolution=100            
       0.Info>>Generating orientations for orientational averaging using sphere,boost_uniform_on_sphere
       0.Info>>Initialized orientational averaging with 100 vectors.            
       0.Info>>scattering.signal.file=signal.h5                                 
       0.Info>>scattering.signal.filepath=/home/amajumda/study/continuum_simulations/gitlab/continuum-to-scattering/data/100_100_100_10_10_10/single_atom_shrink/iteration_009/t008/signal.h5
       0.Info>>scattering.signal.fqt=1                                          
       0.Info>>scattering.signal.fq0=1                                          
       0.Info>>scattering.signal.fq=1                                           
       0.Info>>scattering.signal.fq2=1                                          
       0.Info>>Analyzing command line for parameter overwrites                  
       0.Info>>Reading database from file: /home/amajumda/study/continuum_simulations/gitlab/continuum-to-scattering/data/100_100_100_10_10_10/single_atom_shrink/iteration_009/t008/database/db-neutron-coherent.xml
       0.Info>>Checking database...                                             
       0.Info>>Testing mapping between PDB names and atom labels                
       0.Info>>Testing database completeness for referenced atom labels         
       0.Info>>Check succeeded. Database seems OK.                              
       0.Info>>Initializing sample...                                           
       0.Info>>Reading structure from file: /home/amajumda/study/continuum_simulations/gitlab/continuum-to-scattering/data/100_100_100_10_10_10/single_atom_shrink/iteration_009/t008/pdb_dcd/sample.pdb
       0.Info>>Done. Atoms read: 1000                                           
       0.Info>>Reading frames from: /home/amajumda/study/continuum_simulations/gitlab/continuum-to-scattering/data/100_100_100_10_10_10/single_atom_shrink/iteration_009/t008/pdb_dcd/sample.dcd
       0.Info>>Found 1 frames                                                   
       0.Info>>Total number of coordinate sets found: 1                         
       0.Info>>Exchanging sample, database & params information with compute nodes... 
       0.Info>>params...                                                        
       0.Info>>database...                                                      
       0.Info>>sample...                                                        
       0.Info>>.................................................................
       0.Info>>......................C.O.M.P.U.T.A.T.I.O.N......................
       0.Info>>.................................................................
       0.Info>>Setting up services...                                           
       0.Info>>Initializing data file service...                                
       0.Info>>Initializing monitor service...                                  
       0.Info>>Starting data file service...                                    
       0.Info>>Starting monitor service...                                      
       0.Info>>Services setup and running...                                    
       0.Info>>Checking /home/amajumda/study/continuum_simulations/gitlab/continuum-to-scattering/data/100_100_100_10_10_10/single_atom_shrink/iteration_009/t008/signal.h5 for old results.
       0.Info>>Broadcasting service information                                 
       0.Info>>Server host name    : hzglap02                                   
       0.Info>>FileService Port    : 37621                                      
       0.Info>>MonitorService Port : 34235                                      
       0.Info>>Setting up parallel environment...                               
       0.Info>>Searching for decomposition plan:                                
       0.Info>>nodes    = 8                                                     
       0.Info>>qvectors = 100                                                   
       0.Info>>frames   = 1                                                     
       0.Info>>atoms   = 1000                                                   
       0.Info>>All interference scattering detected. Applying frame decomposition.
       0.Info>>Automatic decomposition. Searching for best utilization.         
       0.Info>>Final decomposition parameters:                                  
       0.Info>>NN                : 8                                            
       0.Info>>NQ                : 100                                          
       0.Info>>NAF               : 1                                            
       0.Info>>NP                : 8                                            
       0.Info>>NNpP              : 1                                            
       0.Info>>NAFcycles         : 1                                            
       0.Info>>NQcycles          : 13                                           
       0.Info>>CompEl (WASTE/USE): 4/100                                        
       0.Info>>utilization(1=best)    : 0.96153846153846156                     
       0.Info>>Initializing Scatter Device, Vectors (all)                       
       0.Info>>Starting scattering...                                           
       0.Info>>Checking memory requirements for scattering calculation...       
       0.Info>>required limits.computation.memory.result_buffer=16              
       0.Info>>required limits.computation.memory.signal_buffer=16              
       0.Info>>required limits.computation.memory.exchange_buffer=0             
       0.Info>>required limits.computation.memory.alignpad_buffer=32            
       0.Info>>Memory limits ok                                                 
       0.Info>>Staging data...                                                  
       0.Info>>Forcing stager.mode=frames                                       
       0.Info>>Staging first partition.                                         
       0.Info>>Staging remaining partitions.                                    
       0.Info>>background scattering length set to 0                            
       0.Info>>Target initialized.                                              
       0.Info>>Target 'system' produces a background scattering length density of 0.0019098593171027747
       0.Info>>Starting computation...                                          
       0.Info>>Orientational averaging includes 100 vectors                     
       0.Info>>Setting progress sampling factor for monitoring to 1             
       0.Info>>Scattering finished...                                           
       0.Info>>.................................................................
       0.Info>>.....................R.U.N...A.N.A.L.Y.S.I.S.....................
       0.Info>>.................................................................
       0.Info>>Aggregating timing information for performance analysis...       
       0.Info>>                                                                 
       0.Info>>                    Performance Analysis                         
       0.Info>>-----------------------------------------------------------------
       0.Info>> mean and total runtimes:                                        
       0.Info>>-----------------------------------------------------------------
       0.Info>>          measure |    total |       count |     mean |   stddev 
       0.Info>>-----------------------------------------------------------------
       0.Info>>   sd:c:b:dspstore| 2.666e-02|        10000| 2.666e-06| 1.756e-06
       0.Info>>    sd:c:b:scatter| 6.181e-01|        10000| 6.181e-05| 1.905e-05
       0.Info>>        sd:c:block| 7.478e-01|          100| 7.478e-03| 4.574e-04
       0.Info>>         sd:c:init| 1.443e-01|          100| 1.443e-03| 3.527e-04
       0.Info>>       sd:c:reduce| 1.040e-04|          100| 1.040e-06| 4.382e-07
       0.Info>>         sd:c:wait| 1.500e-04|          100| 1.500e-06| 5.954e-07
       0.Info>>        sd:compute| 8.942e-01|          100| 8.942e-03| 6.187e-04
       0.Info>>         sd:runner| 8.975e-01|            8| 1.122e-01| 0.000e+00
       0.Info>>          sd:stage| 3.905e-03|            8| 4.881e-04| 0.000e+00
       0.Info>> sd:worker:scatter| 4.327e-01|        10000| 4.327e-05| 7.929e-06
       0.Info>>    sd:worker:wait| 3.879e-01|        10000| 3.879e-05| 1.529e-04
       0.Info>>          sd:write| 7.930e-04|          100| 7.930e-06| 5.684e-06
       0.Info>>           st:fill| 6.870e-04|            8| 8.588e-05| 0.000e+00
       0.Info>>          st:first| 3.000e-04|            1| 3.000e-04| 0.000e+00
       0.Info>>           st:load| 2.740e-04|            1| 2.740e-04| 0.000e+00
       0.Info>>           st:wait| 2.325e-03|            8| 2.906e-04| 0.000e+00
       0.Info>>-----------------------------------------------------------------
       0.Info>>-----------------------------------------------------------------
       0.Info>> watermarks:                                                     
       0.Info>>-----------------------------------------------------------------
       0.Info>>          measure |      min |      max                          
       0.Info>>-----------------------------------------------------------------
       0.Info>>   sd:c:b:dspstore| 1.000e-06| 8.100e-05                         
       0.Info>>    sd:c:b:scatter| 2.400e-05| 1.061e-03                         
       0.Info>>        sd:c:block| 5.443e-03| 8.655e-03                         
       0.Info>>         sd:c:init| 9.080e-04| 2.090e-03                         
       0.Info>>       sd:c:reduce| 0.000e+00| 2.000e-06                         
       0.Info>>         sd:c:wait| 0.000e+00| 4.000e-06                         
       0.Info>>        sd:compute| 6.540e-03| 1.031e-02                         
       0.Info>>         sd:runner| 9.955e-02| 1.176e-01                         
       0.Info>>          sd:stage| 4.840e-04| 4.910e-04                         
       0.Info>> sd:worker:scatter| 1.200e-05| 3.620e-04                         
       0.Info>>    sd:worker:wait| 1.200e-05| 2.174e-03                         
       0.Info>>          sd:write| 4.000e-06| 3.200e-05                         
       0.Info>>           st:fill| 7.600e-05| 8.900e-05                         
       0.Info>>          st:first| 3.000e-04| 3.000e-04                         
       0.Info>>           st:load| 2.740e-04| 2.740e-04                         
       0.Info>>           st:wait| 5.000e-06| 3.330e-04                         
       0.Info>>-----------------------------------------------------------------
       0.Info>>                                                                 
       0.Info>>         Performance Analysis (relative to total time * nodes)   
       0.Info>>-----------------------------------------------------------------
       0.Info>> mean and total runtimes:                                        
       0.Info>>-----------------------------------------------------------------
       0.Info>>          measure |    total |       count |     mean |   stddev 
       0.Info>>-----------------------------------------------------------------
       0.Info>>   sd:c:b:dspstore| 2.027e-02|        10000| 2.027e-06| 1.531e-06
       0.Info>>    sd:c:b:scatter| 4.699e-01|        10000| 4.699e-05| 1.661e-05
       0.Info>>        sd:c:block| 5.685e-01|          100| 5.685e-03| 3.988e-04
       0.Info>>         sd:c:init| 1.097e-01|          100| 1.097e-03| 3.075e-04
       0.Info>>       sd:c:reduce| 7.906e-05|          100| 7.906e-07| 3.820e-07
       0.Info>>         sd:c:wait| 1.140e-04|          100| 1.140e-06| 5.191e-07
       0.Info>>        sd:compute| 6.798e-01|          100| 6.798e-03| 5.395e-04
       0.Info>>         sd:runner| 6.823e-01|            8| 8.529e-02| 0.000e+00
       0.Info>>          sd:stage| 2.969e-03|            8| 3.711e-04| 0.000e+00
       0.Info>> sd:worker:scatter| 3.290e-01|        10000| 3.290e-05| 6.913e-06
       0.Info>>    sd:worker:wait| 2.949e-01|        10000| 2.949e-05| 1.333e-04
       0.Info>>          sd:write| 6.029e-04|          100| 6.029e-06| 4.956e-06
       0.Info>>           st:fill| 5.223e-04|            8| 6.529e-05| 0.000e+00
       0.Info>>          st:first| 2.281e-04|            1| 2.281e-04| 0.000e+00
       0.Info>>           st:load| 2.083e-04|            1| 2.083e-04| 0.000e+00
       0.Info>>           st:wait| 1.768e-03|            8| 2.209e-04| 0.000e+00
       0.Info>>-----------------------------------------------------------------
       0.Info>>-----------------------------------------------------------------
       0.Info>> watermarks:                                                     
       0.Info>>-----------------------------------------------------------------
       0.Info>>          measure |      min |      max                          
       0.Info>>-----------------------------------------------------------------
       0.Info>>   sd:c:b:dspstore| 7.602e-07| 6.158e-05                         
       0.Info>>    sd:c:b:scatter| 1.825e-05| 8.066e-04                         
       0.Info>>        sd:c:block| 4.138e-03| 6.580e-03                         
       0.Info>>         sd:c:init| 6.903e-04| 1.589e-03                         
       0.Info>>       sd:c:reduce| 0.000e+00| 1.520e-06                         
       0.Info>>         sd:c:wait| 0.000e+00| 3.041e-06                         
       0.Info>>        sd:compute| 4.972e-03| 7.839e-03                         
       0.Info>>         sd:runner| 7.568e-02| 8.941e-02                         
       0.Info>>          sd:stage| 3.680e-04| 3.733e-04                         
       0.Info>> sd:worker:scatter| 9.123e-06| 2.752e-04                         
       0.Info>>    sd:worker:wait| 9.123e-06| 1.653e-03                         
       0.Info>>          sd:write| 3.041e-06| 2.433e-05                         
       0.Info>>           st:fill| 5.778e-05| 6.766e-05                         
       0.Info>>          st:first| 2.281e-04| 2.281e-04                         
       0.Info>>           st:load| 2.083e-04| 2.083e-04                         
       0.Info>>           st:wait| 3.801e-06| 2.532e-04                         
       0.Info>>-----------------------------------------------------------------
       0.Info>>Total runtime (s): 0.16442200000000001                           
       0.Info>>Successfully finished... Have a nice day!                        
