       0.Info>>This software is being developed by Benjamin Lindner.                    
       0.Info>>For help, suggestions or correspondense use:                             
       0.Info>>ben@benlabs.net, Benjamin Lindner (Main Developer, Impl. & Maintenance)  
       0.Info>>franc@cmm.ki.si, Franci Merzel (Methodology)                             
       0.Info>>For publications include the following references:                       
       0.Info>>.........................................................................
       0.Info>>1. Sassena - X-ray and Neutron Scattering Calculated                     
       0.Info>>  from Molecular Dynamics Trajectories using Massively Parallel Computers
       0.Info>>  published as a Computer Program in Physics Paper                       
       0.Info>>.........................................................................
       0.Info>>Version Information: 1.4.2                                       
       0.Info>>                                                                 
       0.Info>>.................................................................
       0.Info>>......................D.E.S.C.R.I.P.T.I.O.N......................
       0.Info>>.................................................................
       0.Info>>This binary computes the scattering intensities directly from    
       0.Info>>a molecular dynamics trajectory.                                 
       0.Info>>.................................................................
       0.Info>>.................................................................
       0.Info>>...................I.N.I.T.I.A.L.I.Z.A.T.I.O.N...................
       0.Info>>.................................................................
       0.Info>>No configuration file specified. Will use default                
       0.Info>>Looking for configuration file: scatter.xml                      
       0.Info>>Reading parameters from XML file: scatter.xml                    
       0.Info>>Added frames from /home/amajumda/study/continuum_simulations/gitlab/continuum-to-scattering/data/100_100_100_50_50_50/single_atom_shrink/iteration_002/t003/pdb_dcd/sample.dcd using format: dcd
       0.Info>>Options: first=0, last=0, lastset=0, stride=1                    
       0.Info>>stager.target=system                                             
       0.Info>>scattering.type=all                                              
       0.Info>>scattering.dsp.type=square                                       
       0.Info>>scattering.average.orientation.type=vectors                      
       0.Info>>scattering.average.orientation.vectors.type=sphere               
       0.Info>>scattering.average.orientation.vectors.algorithm=boost_uniform_on_sphere
       0.Info>>scattering.average.orientation.vectors.resolution=100            
       0.Info>>Generating orientations for orientational averaging using sphere,boost_uniform_on_sphere
       0.Info>>Initialized orientational averaging with 100 vectors.            
       0.Info>>scattering.signal.file=signal.h5                                 
       0.Info>>scattering.signal.filepath=/home/amajumda/study/continuum_simulations/gitlab/continuum-to-scattering/data/100_100_100_50_50_50/single_atom_shrink/iteration_002/t003/signal.h5
       0.Info>>scattering.signal.fqt=1                                          
       0.Info>>scattering.signal.fq0=1                                          
       0.Info>>scattering.signal.fq=1                                           
       0.Info>>scattering.signal.fq2=1                                          
       0.Info>>Analyzing command line for parameter overwrites                  
       0.Info>>Reading database from file: /home/amajumda/study/continuum_simulations/gitlab/continuum-to-scattering/data/100_100_100_50_50_50/single_atom_shrink/iteration_002/t003/database/db-neutron-coherent.xml
       0.Info>>Checking database...                                             
       0.Info>>Testing mapping between PDB names and atom labels                
       0.Info>>Testing database completeness for referenced atom labels         
       0.Info>>Check succeeded. Database seems OK.                              
       0.Info>>Initializing sample...                                           
       0.Info>>Reading structure from file: /home/amajumda/study/continuum_simulations/gitlab/continuum-to-scattering/data/100_100_100_50_50_50/single_atom_shrink/iteration_002/t003/pdb_dcd/sample.pdb
       0.Info>>Done. Atoms read: 125000                                         
       0.Info>>Reading frames from: /home/amajumda/study/continuum_simulations/gitlab/continuum-to-scattering/data/100_100_100_50_50_50/single_atom_shrink/iteration_002/t003/pdb_dcd/sample.dcd
       0.Info>>Found 1 frames                                                   
       0.Info>>Total number of coordinate sets found: 1                         
       0.Info>>Exchanging sample, database & params information with compute nodes... 
       0.Info>>params...                                                        
       0.Info>>database...                                                      
       0.Info>>sample...                                                        
       0.Info>>.................................................................
       0.Info>>......................C.O.M.P.U.T.A.T.I.O.N......................
       0.Info>>.................................................................
       0.Info>>Setting up services...                                           
       0.Info>>Initializing data file service...                                
       0.Info>>Initializing monitor service...                                  
       0.Info>>Starting data file service...                                    
       0.Info>>Starting monitor service...                                      
       0.Info>>Services setup and running...                                    
       0.Info>>Checking /home/amajumda/study/continuum_simulations/gitlab/continuum-to-scattering/data/100_100_100_50_50_50/single_atom_shrink/iteration_002/t003/signal.h5 for old results.
       0.Info>>Broadcasting service information                                 
       0.Info>>Server host name    : hzglap02                                   
       0.Info>>FileService Port    : 37949                                      
       0.Info>>MonitorService Port : 38661                                      
       0.Info>>Setting up parallel environment...                               
       0.Info>>Searching for decomposition plan:                                
       0.Info>>nodes    = 8                                                     
       0.Info>>qvectors = 100                                                   
       0.Info>>frames   = 1                                                     
       0.Info>>atoms   = 125000                                                 
       0.Info>>All interference scattering detected. Applying frame decomposition.
       0.Info>>Automatic decomposition. Searching for best utilization.         
       0.Info>>Final decomposition parameters:                                  
       0.Info>>NN                : 8                                            
       0.Info>>NQ                : 100                                          
       0.Info>>NAF               : 1                                            
       0.Info>>NP                : 8                                            
       0.Info>>NNpP              : 1                                            
       0.Info>>NAFcycles         : 1                                            
       0.Info>>NQcycles          : 13                                           
       0.Info>>CompEl (WASTE/USE): 4/100                                        
       0.Info>>utilization(1=best)    : 0.96153846153846156                     
       0.Info>>Initializing Scatter Device, Vectors (all)                       
       0.Info>>Starting scattering...                                           
       0.Info>>Checking memory requirements for scattering calculation...       
       0.Info>>required limits.computation.memory.result_buffer=16              
       0.Info>>required limits.computation.memory.signal_buffer=16              
       0.Info>>required limits.computation.memory.exchange_buffer=0             
       0.Info>>required limits.computation.memory.alignpad_buffer=32            
       0.Info>>Memory limits ok                                                 
       0.Info>>Staging data...                                                  
       0.Info>>Forcing stager.mode=frames                                       
       0.Info>>Staging first partition.                                         
       0.Info>>Staging remaining partitions.                                    
       0.Info>>background scattering length set to 0                            
       0.Info>>Target initialized.                                              
       0.Info>>Target 'system' produces a background scattering length density of 0.0014773109836628967
       0.Info>>Starting computation...                                          
       0.Info>>Orientational averaging includes 100 vectors                     
       0.Info>>Setting progress sampling factor for monitoring to 1             
       0.Info>>Progress: 3.510%, ETOTAL: 39.519724629080123 s, ETA: 38.132417629080123 s
       0.Info>>Progress: 6.021%, ETOTAL: 23.064830449826992 s, ETA: 21.676135449826994 s
       0.Info>>Progress: 10.665%, ETOTAL: 13.272015867768594 s, ETA: 11.856546867768595 s
       0.Info>>Progress: 20.330%, ETOTAL: 7.1295025067002991 s, ETA: 5.6800655067002994 s
       0.Info>>Progress: 30.080%, ETOTAL: 11.305137986148111 s, ETA: 7.9045379861481111 s
       0.Info>>Progress: 43.830%, ETOTAL: 7.9690115978062153 s, ETA: 4.4761835978062159 s
       0.Info>>Progress: 50.455%, ETOTAL: 10.674889137339598 s, ETA: 5.2888601373395989 s
       0.Info>>Progress: 60.580%, ETOTAL: 8.9722342309930667 s, ETA: 3.5368432309930675 s
       0.Info>>Progress: 70.830%, ETOTAL: 7.7971015159056973 s, ETA: 2.2744045159056983 s
       0.Info>>Progress: 80.830%, ETOTAL: 9.1995511638050651 s, ETA: 1.7635421638050666 s
       0.Info>>Scattering finished...                                           
       0.Info>>.................................................................
       0.Info>>.....................R.U.N...A.N.A.L.Y.S.I.S.....................
       0.Info>>.................................................................
       0.Info>>Aggregating timing information for performance analysis...       
       0.Info>>                                                                 
       0.Info>>                    Performance Analysis                         
       0.Info>>-----------------------------------------------------------------
       0.Info>> mean and total runtimes:                                        
       0.Info>>-----------------------------------------------------------------
       0.Info>>          measure |    total |       count |     mean |   stddev 
       0.Info>>-----------------------------------------------------------------
       0.Info>>   sd:c:b:dspstore| 3.682e-02|        10000| 3.682e-06| 2.168e-06
       0.Info>>    sd:c:b:scatter| 4.349e+01|        10000| 4.349e-03| 7.904e-04
       0.Info>>        sd:c:block| 4.367e+01|          100| 4.367e-01| 4.024e-02
       0.Info>>         sd:c:init| 1.475e+01|          100| 1.475e-01| 2.723e-02
       0.Info>>       sd:c:reduce| 1.170e-04|          100| 1.170e-06| 5.384e-07
       0.Info>>         sd:c:wait| 1.750e-04|          100| 1.750e-06| 6.997e-07
       0.Info>>        sd:compute| 5.842e+01|          100| 5.842e-01| 5.425e-02
       0.Info>>         sd:runner| 5.843e+01|            8| 7.303e+00| 0.000e+00
       0.Info>>          sd:stage| 1.945e-01|            8| 2.431e-02| 0.000e+00
       0.Info>> sd:worker:scatter| 4.313e+01|        10000| 4.313e-03| 7.734e-04
       0.Info>>    sd:worker:wait| 1.519e+01|        10000| 1.519e-03| 1.494e-02
       0.Info>>          sd:write| 1.002e-03|          100| 1.002e-05| 7.113e-06
       0.Info>>           st:fill| 1.187e-02|            8| 1.483e-03| 0.000e+00
       0.Info>>          st:first| 2.271e-02|            1| 2.271e-02| 0.000e+00
       0.Info>>           st:load| 2.234e-02|            1| 2.234e-02| 0.000e+00
       0.Info>>           st:wait| 1.592e-01|            8| 1.990e-02| 0.000e+00
       0.Info>>-----------------------------------------------------------------
       0.Info>>-----------------------------------------------------------------
       0.Info>> watermarks:                                                     
       0.Info>>-----------------------------------------------------------------
       0.Info>>          measure |      min |      max                          
       0.Info>>-----------------------------------------------------------------
       0.Info>>   sd:c:b:dspstore| 2.000e-06| 7.800e-05                         
       0.Info>>    sd:c:b:scatter| 1.500e-03| 1.734e-02                         
       0.Info>>        sd:c:block| 1.559e-01| 5.586e-01                         
       0.Info>>         sd:c:init| 1.137e-01| 2.390e-01                         
       0.Info>>       sd:c:reduce| 0.000e+00| 3.000e-06                         
       0.Info>>         sd:c:wait| 1.000e-06| 6.000e-06                         
       0.Info>>        sd:compute| 2.698e-01| 7.400e-01                         
       0.Info>>         sd:runner| 6.083e+00| 7.920e+00                         
       0.Info>>          sd:stage| 2.416e-02| 2.437e-02                         
       0.Info>> sd:worker:scatter| 1.476e-03| 1.037e-02                         
       0.Info>>    sd:worker:wait| 1.000e-06| 2.391e-01                         
       0.Info>>          sd:write| 5.000e-06| 4.800e-05                         
       0.Info>>           st:fill| 1.336e-03| 1.548e-03                         
       0.Info>>          st:first| 2.271e-02| 2.271e-02                         
       0.Info>>           st:load| 2.234e-02| 2.234e-02                         
       0.Info>>           st:wait| 9.000e-06| 2.275e-02                         
       0.Info>>-----------------------------------------------------------------
       0.Info>>                                                                 
       0.Info>>         Performance Analysis (relative to total time * nodes)   
       0.Info>>-----------------------------------------------------------------
       0.Info>> mean and total runtimes:                                        
       0.Info>>-----------------------------------------------------------------
       0.Info>>          measure |    total |       count |     mean |   stddev 
       0.Info>>-----------------------------------------------------------------
       0.Info>>   sd:c:b:dspstore| 5.502e-04|        10000| 5.502e-08| 2.651e-07
       0.Info>>    sd:c:b:scatter| 6.498e-01|        10000| 6.498e-05| 9.662e-05
       0.Info>>        sd:c:block| 6.525e-01|          100| 6.525e-03| 4.919e-03
       0.Info>>         sd:c:init| 2.205e-01|          100| 2.205e-03| 3.329e-03
       0.Info>>       sd:c:reduce| 1.748e-06|          100| 1.748e-08| 6.581e-08
       0.Info>>         sd:c:wait| 2.615e-06|          100| 2.615e-08| 8.553e-08
       0.Info>>        sd:compute| 8.730e-01|          100| 8.730e-03| 6.632e-03
       0.Info>>         sd:runner| 8.730e-01|            8| 1.091e-01| 0.000e+00
       0.Info>>          sd:stage| 2.906e-03|            8| 3.632e-04| 0.000e+00
       0.Info>> sd:worker:scatter| 6.444e-01|        10000| 6.444e-05| 9.454e-05
       0.Info>>    sd:worker:wait| 2.270e-01|        10000| 2.270e-05| 1.826e-03
       0.Info>>          sd:write| 1.497e-05|          100| 1.497e-07| 8.694e-07
       0.Info>>           st:fill| 1.773e-04|            8| 2.216e-05| 0.000e+00
       0.Info>>          st:first| 3.393e-04|            1| 3.393e-04| 0.000e+00
       0.Info>>           st:load| 3.338e-04|            1| 3.338e-04| 0.000e+00
       0.Info>>           st:wait| 2.379e-03|            8| 2.974e-04| 0.000e+00
       0.Info>>-----------------------------------------------------------------
       0.Info>>-----------------------------------------------------------------
       0.Info>> watermarks:                                                     
       0.Info>>-----------------------------------------------------------------
       0.Info>>          measure |      min |      max                          
       0.Info>>-----------------------------------------------------------------
       0.Info>>   sd:c:b:dspstore| 2.988e-08| 1.166e-06                         
       0.Info>>    sd:c:b:scatter| 2.241e-05| 2.591e-04                         
       0.Info>>        sd:c:block| 2.330e-03| 8.347e-03                         
       0.Info>>         sd:c:init| 1.700e-03| 3.572e-03                         
       0.Info>>       sd:c:reduce| 0.000e+00| 4.483e-08                         
       0.Info>>         sd:c:wait| 1.494e-08| 8.965e-08                         
       0.Info>>        sd:compute| 4.031e-03| 1.106e-02                         
       0.Info>>         sd:runner| 9.089e-02| 1.183e-01                         
       0.Info>>          sd:stage| 3.611e-04| 3.642e-04                         
       0.Info>> sd:worker:scatter| 2.205e-05| 1.550e-04                         
       0.Info>>    sd:worker:wait| 1.494e-08| 3.573e-03                         
       0.Info>>          sd:write| 7.471e-08| 7.172e-07                         
       0.Info>>           st:fill| 1.996e-05| 2.313e-05                         
       0.Info>>          st:first| 3.393e-04| 3.393e-04                         
       0.Info>>           st:load| 3.338e-04| 3.338e-04                         
       0.Info>>           st:wait| 1.345e-07| 3.399e-04                         
       0.Info>>-----------------------------------------------------------------
       0.Info>>Total runtime (s): 8.3654609999999998                            
       0.Info>>Successfully finished... Have a nice day!                        
