       0.Info>>This software is being developed by Benjamin Lindner.                    
       0.Info>>For help, suggestions or correspondense use:                             
       0.Info>>ben@benlabs.net, Benjamin Lindner (Main Developer, Impl. & Maintenance)  
       0.Info>>franc@cmm.ki.si, Franci Merzel (Methodology)                             
       0.Info>>For publications include the following references:                       
       0.Info>>.........................................................................
       0.Info>>1. Sassena - X-ray and Neutron Scattering Calculated                     
       0.Info>>  from Molecular Dynamics Trajectories using Massively Parallel Computers
       0.Info>>  published as a Computer Program in Physics Paper                       
       0.Info>>.........................................................................
       0.Info>>Version Information: 1.4.2                                       
       0.Info>>                                                                 
       0.Info>>.................................................................
       0.Info>>......................D.E.S.C.R.I.P.T.I.O.N......................
       0.Info>>.................................................................
       0.Info>>This binary computes the scattering intensities directly from    
       0.Info>>a molecular dynamics trajectory.                                 
       0.Info>>.................................................................
       0.Info>>.................................................................
       0.Info>>...................I.N.I.T.I.A.L.I.Z.A.T.I.O.N...................
       0.Info>>.................................................................
       0.Info>>No configuration file specified. Will use default                
       0.Info>>Looking for configuration file: scatter.xml                      
       0.Info>>Reading parameters from XML file: scatter.xml                    
       0.Info>>Added frames from /home/amajumda/study/continuum_simulations/gitlab/continuum-to-scattering/data/100_100_100_50_50_50/single_atom_shrink/iteration_007/t000/pdb_dcd/sample.dcd using format: dcd
       0.Info>>Options: first=0, last=0, lastset=0, stride=1                    
       0.Info>>stager.target=system                                             
       0.Info>>scattering.type=all                                              
       0.Info>>scattering.dsp.type=square                                       
       0.Info>>scattering.average.orientation.type=vectors                      
       0.Info>>scattering.average.orientation.vectors.type=sphere               
       0.Info>>scattering.average.orientation.vectors.algorithm=boost_uniform_on_sphere
       0.Info>>scattering.average.orientation.vectors.resolution=100            
       0.Info>>Generating orientations for orientational averaging using sphere,boost_uniform_on_sphere
       0.Info>>Initialized orientational averaging with 100 vectors.            
       0.Info>>scattering.signal.file=signal.h5                                 
       0.Info>>scattering.signal.filepath=/home/amajumda/study/continuum_simulations/gitlab/continuum-to-scattering/data/100_100_100_50_50_50/single_atom_shrink/iteration_007/t000/signal.h5
       0.Info>>scattering.signal.fqt=1                                          
       0.Info>>scattering.signal.fq0=1                                          
       0.Info>>scattering.signal.fq=1                                           
       0.Info>>scattering.signal.fq2=1                                          
       0.Info>>Analyzing command line for parameter overwrites                  
       0.Info>>Reading database from file: /home/amajumda/study/continuum_simulations/gitlab/continuum-to-scattering/data/100_100_100_50_50_50/single_atom_shrink/iteration_007/t000/database/db-neutron-coherent.xml
       0.Info>>Checking database...                                             
       0.Info>>Testing mapping between PDB names and atom labels                
       0.Info>>Testing database completeness for referenced atom labels         
       0.Info>>Check succeeded. Database seems OK.                              
       0.Info>>Initializing sample...                                           
       0.Info>>Reading structure from file: /home/amajumda/study/continuum_simulations/gitlab/continuum-to-scattering/data/100_100_100_50_50_50/single_atom_shrink/iteration_007/t000/pdb_dcd/sample.pdb
       0.Info>>Done. Atoms read: 125000                                         
       0.Info>>Reading frames from: /home/amajumda/study/continuum_simulations/gitlab/continuum-to-scattering/data/100_100_100_50_50_50/single_atom_shrink/iteration_007/t000/pdb_dcd/sample.dcd
       0.Info>>Found 1 frames                                                   
       0.Info>>Total number of coordinate sets found: 1                         
       0.Info>>Exchanging sample, database & params information with compute nodes... 
       0.Info>>params...                                                        
       0.Info>>database...                                                      
       0.Info>>sample...                                                        
       0.Info>>.................................................................
       0.Info>>......................C.O.M.P.U.T.A.T.I.O.N......................
       0.Info>>.................................................................
       0.Info>>Setting up services...                                           
       0.Info>>Initializing data file service...                                
       0.Info>>Initializing monitor service...                                  
       0.Info>>Starting data file service...                                    
       0.Info>>Starting monitor service...                                      
       0.Info>>Services setup and running...                                    
       0.Info>>Checking /home/amajumda/study/continuum_simulations/gitlab/continuum-to-scattering/data/100_100_100_50_50_50/single_atom_shrink/iteration_007/t000/signal.h5 for old results.
       0.Info>>Broadcasting service information                                 
       0.Info>>Server host name    : hzglap02                                   
       0.Info>>FileService Port    : 43361                                      
       0.Info>>MonitorService Port : 45705                                      
       0.Info>>Setting up parallel environment...                               
       0.Info>>Searching for decomposition plan:                                
       0.Info>>nodes    = 8                                                     
       0.Info>>qvectors = 100                                                   
       0.Info>>frames   = 1                                                     
       0.Info>>atoms   = 125000                                                 
       0.Info>>All interference scattering detected. Applying frame decomposition.
       0.Info>>Automatic decomposition. Searching for best utilization.         
       0.Info>>Final decomposition parameters:                                  
       0.Info>>NN                : 8                                            
       0.Info>>NQ                : 100                                          
       0.Info>>NAF               : 1                                            
       0.Info>>NP                : 8                                            
       0.Info>>NNpP              : 1                                            
       0.Info>>NAFcycles         : 1                                            
       0.Info>>NQcycles          : 13                                           
       0.Info>>CompEl (WASTE/USE): 4/100                                        
       0.Info>>utilization(1=best)    : 0.96153846153846156                     
       0.Info>>Initializing Scatter Device, Vectors (all)                       
       0.Info>>Starting scattering...                                           
       0.Info>>Checking memory requirements for scattering calculation...       
       0.Info>>required limits.computation.memory.result_buffer=16              
       0.Info>>required limits.computation.memory.signal_buffer=16              
       0.Info>>required limits.computation.memory.exchange_buffer=0             
       0.Info>>required limits.computation.memory.alignpad_buffer=32            
       0.Info>>Memory limits ok                                                 
       0.Info>>Staging data...                                                  
       0.Info>>Forcing stager.mode=frames                                       
       0.Info>>Staging first partition.                                         
       0.Info>>Staging remaining partitions.                                    
       0.Info>>background scattering length set to 0                            
       0.Info>>Target initialized.                                              
       0.Info>>Target 'system' produces a background scattering length density of 0.0027742633416818212
       0.Info>>Starting computation...                                          
       0.Info>>Orientational averaging includes 100 vectors                     
       0.Info>>Setting progress sampling factor for monitoring to 1             
       0.Info>>Progress: 2.885%, ETOTAL: 55.431023826714807 s, ETA: 53.831607826714809 s
       0.Info>>Progress: 5.520%, ETOTAL: 29.228381013209468 s, ETA: 27.614965013209467 s
       0.Info>>Progress: 12.041%, ETOTAL: 13.428029866240763 s, ETA: 11.811178866240763 s
       0.Info>>Progress: 20.446%, ETOTAL: 7.9889607775513376 s, ETA: 6.3555767775513381 s
       0.Info>>Progress: 32.080%, ETOTAL: 11.270145109401536 s, ETA: 7.6546681094015367 s
       0.Info>>Progress: 41.705%, ETOTAL: 8.895673409160775 s, ETA: 5.1857214091607755 s
       0.Info>>Progress: 51.330%, ETOTAL: 10.915452962847329 s, ETA: 5.3125369628473296 s
       0.Info>>Progress: 61.205%, ETOTAL: 9.1815933808127372 s, ETA: 3.5619873808127362 s
       0.Info>>Progress: 70.205%, ETOTAL: 8.0281371804236716 s, ETA: 2.3919731804236699 s
       0.Info>>Progress: 83.080%, ETOTAL: 9.2043129508892427 s, ETA: 1.5573579508892417 s
       0.Info>>Scattering finished...                                           
       0.Info>>.................................................................
       0.Info>>.....................R.U.N...A.N.A.L.Y.S.I.S.....................
       0.Info>>.................................................................
       0.Info>>Aggregating timing information for performance analysis...       
       0.Info>>                                                                 
       0.Info>>                    Performance Analysis                         
       0.Info>>-----------------------------------------------------------------
       0.Info>> mean and total runtimes:                                        
       0.Info>>-----------------------------------------------------------------
       0.Info>>          measure |    total |       count |     mean |   stddev 
       0.Info>>-----------------------------------------------------------------
       0.Info>>   sd:c:b:dspstore| 3.776e-02|        10000| 3.776e-06| 1.997e-06
       0.Info>>    sd:c:b:scatter| 4.525e+01|        10000| 4.525e-03| 8.734e-04
       0.Info>>        sd:c:block| 4.544e+01|          100| 4.544e-01| 4.616e-02
       0.Info>>         sd:c:init| 1.500e+01|          100| 1.500e-01| 2.500e-02
       0.Info>>       sd:c:reduce| 1.130e-04|          100| 1.130e-06| 5.113e-07
       0.Info>>         sd:c:wait| 1.660e-04|          100| 1.660e-06| 5.659e-07
       0.Info>>        sd:compute| 6.045e+01|          100| 6.045e-01| 5.820e-02
       0.Info>>         sd:runner| 6.045e+01|            8| 7.556e+00| 0.000e+00
       0.Info>>          sd:stage| 2.247e-01|            8| 2.808e-02| 0.000e+00
       0.Info>> sd:worker:scatter| 4.487e+01|        10000| 4.487e-03| 8.630e-04
       0.Info>>    sd:worker:wait| 1.548e+01|        10000| 1.548e-03| 1.515e-02
       0.Info>>          sd:write| 1.046e-03|          100| 1.046e-05| 7.040e-06
       0.Info>>           st:fill| 1.280e-02|            8| 1.600e-03| 0.000e+00
       0.Info>>          st:first| 2.632e-02|            1| 2.632e-02| 0.000e+00
       0.Info>>           st:load| 2.599e-02|            1| 2.599e-02| 0.000e+00
       0.Info>>           st:wait| 1.847e-01|            8| 2.309e-02| 0.000e+00
       0.Info>>-----------------------------------------------------------------
       0.Info>>-----------------------------------------------------------------
       0.Info>> watermarks:                                                     
       0.Info>>-----------------------------------------------------------------
       0.Info>>          measure |      min |      max                          
       0.Info>>-----------------------------------------------------------------
       0.Info>>   sd:c:b:dspstore| 2.000e-06| 7.000e-05                         
       0.Info>>    sd:c:b:scatter| 1.591e-03| 1.121e-02                         
       0.Info>>        sd:c:block| 1.663e-01| 5.890e-01                         
       0.Info>>         sd:c:init| 1.223e-01| 2.195e-01                         
       0.Info>>       sd:c:reduce| 0.000e+00| 2.000e-06                         
       0.Info>>         sd:c:wait| 1.000e-06| 3.000e-06                         
       0.Info>>        sd:compute| 2.887e-01| 7.966e-01                         
       0.Info>>         sd:runner| 6.802e+00| 8.254e+00                         
       0.Info>>          sd:stage| 2.788e-02| 2.821e-02                         
       0.Info>> sd:worker:scatter| 1.565e-03| 1.088e-02                         
       0.Info>>    sd:worker:wait| 1.000e-06| 2.196e-01                         
       0.Info>>          sd:write| 5.000e-06| 4.000e-05                         
       0.Info>>           st:fill| 1.396e-03| 1.724e-03                         
       0.Info>>          st:first| 2.632e-02| 2.632e-02                         
       0.Info>>           st:load| 2.599e-02| 2.599e-02                         
       0.Info>>           st:wait| 9.000e-06| 2.639e-02                         
       0.Info>>-----------------------------------------------------------------
       0.Info>>                                                                 
       0.Info>>         Performance Analysis (relative to total time * nodes)   
       0.Info>>-----------------------------------------------------------------
       0.Info>> mean and total runtimes:                                        
       0.Info>>-----------------------------------------------------------------
       0.Info>>          measure |    total |       count |     mean |   stddev 
       0.Info>>-----------------------------------------------------------------
       0.Info>>   sd:c:b:dspstore| 5.349e-04|        10000| 5.349e-08| 2.376e-07
       0.Info>>    sd:c:b:scatter| 6.409e-01|        10000| 6.409e-05| 1.039e-04
       0.Info>>        sd:c:block| 6.437e-01|          100| 6.437e-03| 5.493e-03
       0.Info>>         sd:c:init| 2.125e-01|          100| 2.125e-03| 2.975e-03
       0.Info>>       sd:c:reduce| 1.601e-06|          100| 1.601e-08| 6.085e-08
       0.Info>>         sd:c:wait| 2.352e-06|          100| 2.352e-08| 6.735e-08
       0.Info>>        sd:compute| 8.563e-01|          100| 8.563e-03| 6.927e-03
       0.Info>>         sd:runner| 8.563e-01|            8| 1.070e-01| 0.000e+00
       0.Info>>          sd:stage| 3.183e-03|            8| 3.978e-04| 0.000e+00
       0.Info>> sd:worker:scatter| 6.356e-01|        10000| 6.356e-05| 1.027e-04
       0.Info>>    sd:worker:wait| 2.192e-01|        10000| 2.192e-05| 1.803e-03
       0.Info>>          sd:write| 1.482e-05|          100| 1.482e-07| 8.379e-07
       0.Info>>           st:fill| 1.813e-04|            8| 2.267e-05| 0.000e+00
       0.Info>>          st:first| 3.729e-04|            1| 3.729e-04| 0.000e+00
       0.Info>>           st:load| 3.682e-04|            1| 3.682e-04| 0.000e+00
       0.Info>>           st:wait| 2.616e-03|            8| 3.271e-04| 0.000e+00
       0.Info>>-----------------------------------------------------------------
       0.Info>>-----------------------------------------------------------------
       0.Info>> watermarks:                                                     
       0.Info>>-----------------------------------------------------------------
       0.Info>>          measure |      min |      max                          
       0.Info>>-----------------------------------------------------------------
       0.Info>>   sd:c:b:dspstore| 2.833e-08| 9.916e-07                         
       0.Info>>    sd:c:b:scatter| 2.254e-05| 1.588e-04                         
       0.Info>>        sd:c:block| 2.356e-03| 8.343e-03                         
       0.Info>>         sd:c:init| 1.732e-03| 3.109e-03                         
       0.Info>>       sd:c:reduce| 0.000e+00| 2.833e-08                         
       0.Info>>         sd:c:wait| 1.417e-08| 4.250e-08                         
       0.Info>>        sd:compute| 4.089e-03| 1.128e-02                         
       0.Info>>         sd:runner| 9.635e-02| 1.169e-01                         
       0.Info>>          sd:stage| 3.950e-04| 3.997e-04                         
       0.Info>> sd:worker:scatter| 2.217e-05| 1.541e-04                         
       0.Info>>    sd:worker:wait| 1.417e-08| 3.111e-03                         
       0.Info>>          sd:write| 7.083e-08| 5.666e-07                         
       0.Info>>           st:fill| 1.978e-05| 2.442e-05                         
       0.Info>>          st:first| 3.729e-04| 3.729e-04                         
       0.Info>>           st:load| 3.682e-04| 3.682e-04                         
       0.Info>>           st:wait| 1.275e-07| 3.738e-04                         
       0.Info>>-----------------------------------------------------------------
       0.Info>>Total runtime (s): 8.8241519999999998                            
       0.Info>>Successfully finished... Have a nice day!                        
