       0.Info>>This software is being developed by Benjamin Lindner.                    
       0.Info>>For help, suggestions or correspondense use:                             
       0.Info>>ben@benlabs.net, Benjamin Lindner (Main Developer, Impl. & Maintenance)  
       0.Info>>franc@cmm.ki.si, Franci Merzel (Methodology)                             
       0.Info>>For publications include the following references:                       
       0.Info>>.........................................................................
       0.Info>>1. Sassena - X-ray and Neutron Scattering Calculated                     
       0.Info>>  from Molecular Dynamics Trajectories using Massively Parallel Computers
       0.Info>>  published as a Computer Program in Physics Paper                       
       0.Info>>.........................................................................
       0.Info>>Version Information: 1.4.2                                       
       0.Info>>                                                                 
       0.Info>>.................................................................
       0.Info>>......................D.E.S.C.R.I.P.T.I.O.N......................
       0.Info>>.................................................................
       0.Info>>This binary computes the scattering intensities directly from    
       0.Info>>a molecular dynamics trajectory.                                 
       0.Info>>.................................................................
       0.Info>>.................................................................
       0.Info>>...................I.N.I.T.I.A.L.I.Z.A.T.I.O.N...................
       0.Info>>.................................................................
       0.Info>>No configuration file specified. Will use default                
       0.Info>>Looking for configuration file: scatter.xml                      
       0.Info>>Reading parameters from XML file: scatter.xml                    
       0.Info>>Added frames from /home/amajumda/study/continuum_simulations/gitlab/continuum-to-scattering/data/100_100_100_50_50_50/single_atom_shrink/iteration_003/t003/pdb_dcd/sample.dcd using format: dcd
       0.Info>>Options: first=0, last=0, lastset=0, stride=1                    
       0.Info>>stager.target=system                                             
       0.Info>>scattering.type=all                                              
       0.Info>>scattering.dsp.type=square                                       
       0.Info>>scattering.average.orientation.type=vectors                      
       0.Info>>scattering.average.orientation.vectors.type=sphere               
       0.Info>>scattering.average.orientation.vectors.algorithm=boost_uniform_on_sphere
       0.Info>>scattering.average.orientation.vectors.resolution=100            
       0.Info>>Generating orientations for orientational averaging using sphere,boost_uniform_on_sphere
       0.Info>>Initialized orientational averaging with 100 vectors.            
       0.Info>>scattering.signal.file=signal.h5                                 
       0.Info>>scattering.signal.filepath=/home/amajumda/study/continuum_simulations/gitlab/continuum-to-scattering/data/100_100_100_50_50_50/single_atom_shrink/iteration_003/t003/signal.h5
       0.Info>>scattering.signal.fqt=1                                          
       0.Info>>scattering.signal.fq0=1                                          
       0.Info>>scattering.signal.fq=1                                           
       0.Info>>scattering.signal.fq2=1                                          
       0.Info>>Analyzing command line for parameter overwrites                  
       0.Info>>Reading database from file: /home/amajumda/study/continuum_simulations/gitlab/continuum-to-scattering/data/100_100_100_50_50_50/single_atom_shrink/iteration_003/t003/database/db-neutron-coherent.xml
       0.Info>>Checking database...                                             
       0.Info>>Testing mapping between PDB names and atom labels                
       0.Info>>Testing database completeness for referenced atom labels         
       0.Info>>Check succeeded. Database seems OK.                              
       0.Info>>Initializing sample...                                           
       0.Info>>Reading structure from file: /home/amajumda/study/continuum_simulations/gitlab/continuum-to-scattering/data/100_100_100_50_50_50/single_atom_shrink/iteration_003/t003/pdb_dcd/sample.pdb
       0.Info>>Done. Atoms read: 125000                                         
       0.Info>>Reading frames from: /home/amajumda/study/continuum_simulations/gitlab/continuum-to-scattering/data/100_100_100_50_50_50/single_atom_shrink/iteration_003/t003/pdb_dcd/sample.dcd
       0.Info>>Found 1 frames                                                   
       0.Info>>Total number of coordinate sets found: 1                         
       0.Info>>Exchanging sample, database & params information with compute nodes... 
       0.Info>>params...                                                        
       0.Info>>database...                                                      
       0.Info>>sample...                                                        
       0.Info>>.................................................................
       0.Info>>......................C.O.M.P.U.T.A.T.I.O.N......................
       0.Info>>.................................................................
       0.Info>>Setting up services...                                           
       0.Info>>Initializing data file service...                                
       0.Info>>Initializing monitor service...                                  
       0.Info>>Starting data file service...                                    
       0.Info>>Starting monitor service...                                      
       0.Info>>Services setup and running...                                    
       0.Info>>Checking /home/amajumda/study/continuum_simulations/gitlab/continuum-to-scattering/data/100_100_100_50_50_50/single_atom_shrink/iteration_003/t003/signal.h5 for old results.
       0.Info>>Broadcasting service information                                 
       0.Info>>Server host name    : hzglap02                                   
       0.Info>>FileService Port    : 34697                                      
       0.Info>>MonitorService Port : 42029                                      
       0.Info>>Setting up parallel environment...                               
       0.Info>>Searching for decomposition plan:                                
       0.Info>>nodes    = 8                                                     
       0.Info>>qvectors = 100                                                   
       0.Info>>frames   = 1                                                     
       0.Info>>atoms   = 125000                                                 
       0.Info>>All interference scattering detected. Applying frame decomposition.
       0.Info>>Automatic decomposition. Searching for best utilization.         
       0.Info>>Final decomposition parameters:                                  
       0.Info>>NN                : 8                                            
       0.Info>>NQ                : 100                                          
       0.Info>>NAF               : 1                                            
       0.Info>>NP                : 8                                            
       0.Info>>NNpP              : 1                                            
       0.Info>>NAFcycles         : 1                                            
       0.Info>>NQcycles          : 13                                           
       0.Info>>CompEl (WASTE/USE): 4/100                                        
       0.Info>>utilization(1=best)    : 0.96153846153846156                     
       0.Info>>Initializing Scatter Device, Vectors (all)                       
       0.Info>>Starting scattering...                                           
       0.Info>>Checking memory requirements for scattering calculation...       
       0.Info>>required limits.computation.memory.result_buffer=16              
       0.Info>>required limits.computation.memory.signal_buffer=16              
       0.Info>>required limits.computation.memory.exchange_buffer=0             
       0.Info>>required limits.computation.memory.alignpad_buffer=32            
       0.Info>>Memory limits ok                                                 
       0.Info>>Staging data...                                                  
       0.Info>>Forcing stager.mode=frames                                       
       0.Info>>Staging first partition.                                         
       0.Info>>Staging remaining partitions.                                    
       0.Info>>background scattering length set to 0                            
       0.Info>>Target initialized.                                              
       0.Info>>Target 'system' produces a background scattering length density of 0.0014404787101127258
       0.Info>>Starting computation...                                          
       0.Info>>Orientational averaging includes 100 vectors                     
       0.Info>>Setting progress sampling factor for monitoring to 1             
       0.Info>>Progress: 3.260%, ETOTAL: 44.323200000000007 s, ETA: 42.878079000000007 s
       0.Info>>Progress: 5.770%, ETOTAL: 25.129357811415087 s, ETA: 23.679385811415088 s
       0.Info>>Progress: 10.791%, ETOTAL: 13.499195366451328 s, ETA: 12.042515366451328 s
       0.Info>>Progress: 20.580%, ETOTAL: 7.2162184083476113 s, ETA: 5.7311114083476111 s
       0.Info>>Progress: 30.455%, ETOTAL: 11.340612250052626 s, ETA: 7.886814250052625 s
       0.Info>>Progress: 40.580%, ETOTAL: 8.5905248558565699 s, ETA: 5.104478855856569 s
       0.Info>>Progress: 50.955%, ETOTAL: 10.693871631651783 s, ETA: 5.2447956316517823 s
       0.Info>>Progress: 60.705%, ETOTAL: 9.0202033368532213 s, ETA: 3.5444773368532205 s
       0.Info>>Progress: 70.455%, ETOTAL: 7.9120656537166782 s, ETA: 2.3376096537166777 s
       0.Info>>Progress: 80.205%, ETOTAL: 9.4187730498721223 s, ETA: 1.8644340498721217 s
       0.Info>>Scattering finished...                                           
       0.Info>>.................................................................
       0.Info>>.....................R.U.N...A.N.A.L.Y.S.I.S.....................
       0.Info>>.................................................................
       0.Info>>Aggregating timing information for performance analysis...       
       0.Info>>                                                                 
       0.Info>>                    Performance Analysis                         
       0.Info>>-----------------------------------------------------------------
       0.Info>> mean and total runtimes:                                        
       0.Info>>-----------------------------------------------------------------
       0.Info>>          measure |    total |       count |     mean |   stddev 
       0.Info>>-----------------------------------------------------------------
       0.Info>>   sd:c:b:dspstore| 3.584e-02|        10000| 3.584e-06| 2.070e-06
       0.Info>>    sd:c:b:scatter| 4.391e+01|        10000| 4.391e-03| 7.948e-04
       0.Info>>        sd:c:block| 4.409e+01|          100| 4.409e-01| 4.153e-02
       0.Info>>         sd:c:init| 1.488e+01|          100| 1.488e-01| 2.849e-02
       0.Info>>       sd:c:reduce| 9.500e-05|          100| 9.500e-07| 5.628e-07
       0.Info>>         sd:c:wait| 1.620e-04|          100| 1.620e-06| 5.656e-07
       0.Info>>        sd:compute| 5.897e+01|          100| 5.897e-01| 5.609e-02
       0.Info>>         sd:runner| 5.897e+01|            8| 7.371e+00| 0.000e+00
       0.Info>>          sd:stage| 1.947e-01|            8| 2.434e-02| 0.000e+00
       0.Info>> sd:worker:scatter| 4.355e+01|        10000| 4.355e-03| 7.817e-04
       0.Info>>    sd:worker:wait| 1.532e+01|        10000| 1.532e-03| 1.511e-02
       0.Info>>          sd:write| 9.890e-04|          100| 9.890e-06| 6.929e-06
       0.Info>>           st:fill| 1.194e-02|            8| 1.492e-03| 0.000e+00
       0.Info>>          st:first| 2.273e-02|            1| 2.273e-02| 0.000e+00
       0.Info>>           st:load| 2.239e-02|            1| 2.239e-02| 0.000e+00
       0.Info>>           st:wait| 1.593e-01|            8| 1.992e-02| 0.000e+00
       0.Info>>-----------------------------------------------------------------
       0.Info>>-----------------------------------------------------------------
       0.Info>> watermarks:                                                     
       0.Info>>-----------------------------------------------------------------
       0.Info>>          measure |      min |      max                          
       0.Info>>-----------------------------------------------------------------
       0.Info>>   sd:c:b:dspstore| 2.000e-06| 7.000e-05                         
       0.Info>>    sd:c:b:scatter| 1.498e-03| 1.309e-02                         
       0.Info>>        sd:c:block| 1.583e-01| 5.734e-01                         
       0.Info>>         sd:c:init| 1.153e-01| 2.575e-01                         
       0.Info>>       sd:c:reduce| 0.000e+00| 3.000e-06                         
       0.Info>>         sd:c:wait| 1.000e-06| 4.000e-06                         
       0.Info>>        sd:compute| 2.736e-01| 8.310e-01                         
       0.Info>>         sd:runner| 6.556e+00| 8.005e+00                         
       0.Info>>          sd:stage| 2.419e-02| 2.440e-02                         
       0.Info>> sd:worker:scatter| 1.476e-03| 6.911e-03                         
       0.Info>>    sd:worker:wait| 1.000e-06| 2.576e-01                         
       0.Info>>          sd:write| 5.000e-06| 4.700e-05                         
       0.Info>>           st:fill| 1.338e-03| 1.553e-03                         
       0.Info>>          st:first| 2.273e-02| 2.273e-02                         
       0.Info>>           st:load| 2.239e-02| 2.239e-02                         
       0.Info>>           st:wait| 8.000e-06| 2.277e-02                         
       0.Info>>-----------------------------------------------------------------
       0.Info>>                                                                 
       0.Info>>         Performance Analysis (relative to total time * nodes)   
       0.Info>>-----------------------------------------------------------------
       0.Info>> mean and total runtimes:                                        
       0.Info>>-----------------------------------------------------------------
       0.Info>>          measure |    total |       count |     mean |   stddev 
       0.Info>>-----------------------------------------------------------------
       0.Info>>   sd:c:b:dspstore| 5.295e-04|        10000| 5.295e-08| 2.516e-07
       0.Info>>    sd:c:b:scatter| 6.488e-01|        10000| 6.488e-05| 9.661e-05
       0.Info>>        sd:c:block| 6.514e-01|          100| 6.514e-03| 5.048e-03
       0.Info>>         sd:c:init| 2.198e-01|          100| 2.198e-03| 3.463e-03
       0.Info>>       sd:c:reduce| 1.404e-06|          100| 1.404e-08| 6.841e-08
       0.Info>>         sd:c:wait| 2.393e-06|          100| 2.393e-08| 6.874e-08
       0.Info>>        sd:compute| 8.712e-01|          100| 8.712e-03| 6.817e-03
       0.Info>>         sd:runner| 8.712e-01|            8| 1.089e-01| 0.000e+00
       0.Info>>          sd:stage| 2.877e-03|            8| 3.596e-04| 0.000e+00
       0.Info>> sd:worker:scatter| 6.435e-01|        10000| 6.435e-05| 9.501e-05
       0.Info>>    sd:worker:wait| 2.263e-01|        10000| 2.263e-05| 1.836e-03
       0.Info>>          sd:write| 1.461e-05|          100| 1.461e-07| 8.422e-07
       0.Info>>           st:fill| 1.764e-04|            8| 2.205e-05| 0.000e+00
       0.Info>>          st:first| 3.358e-04|            1| 3.358e-04| 0.000e+00
       0.Info>>           st:load| 3.308e-04|            1| 3.308e-04| 0.000e+00
       0.Info>>           st:wait| 2.354e-03|            8| 2.943e-04| 0.000e+00
       0.Info>>-----------------------------------------------------------------
       0.Info>>-----------------------------------------------------------------
       0.Info>> watermarks:                                                     
       0.Info>>-----------------------------------------------------------------
       0.Info>>          measure |      min |      max                          
       0.Info>>-----------------------------------------------------------------
       0.Info>>   sd:c:b:dspstore| 2.955e-08| 1.034e-06                         
       0.Info>>    sd:c:b:scatter| 2.213e-05| 1.934e-04                         
       0.Info>>        sd:c:block| 2.338e-03| 8.472e-03                         
       0.Info>>         sd:c:init| 1.703e-03| 3.805e-03                         
       0.Info>>       sd:c:reduce| 0.000e+00| 4.432e-08                         
       0.Info>>         sd:c:wait| 1.477e-08| 5.910e-08                         
       0.Info>>        sd:compute| 4.043e-03| 1.228e-02                         
       0.Info>>         sd:runner| 9.686e-02| 1.183e-01                         
       0.Info>>          sd:stage| 3.574e-04| 3.606e-04                         
       0.Info>> sd:worker:scatter| 2.181e-05| 1.021e-04                         
       0.Info>>    sd:worker:wait| 1.477e-08| 3.806e-03                         
       0.Info>>          sd:write| 7.387e-08| 6.944e-07                         
       0.Info>>           st:fill| 1.977e-05| 2.294e-05                         
       0.Info>>          st:first| 3.358e-04| 3.358e-04                         
       0.Info>>           st:load| 3.308e-04| 3.308e-04                         
       0.Info>>           st:wait| 1.182e-07| 3.364e-04                         
       0.Info>>-----------------------------------------------------------------
       0.Info>>Total runtime (s): 8.4606910000000006                            
       0.Info>>Successfully finished... Have a nice day!                        
