       0.Info>>This software is being developed by Benjamin Lindner.                    
       0.Info>>For help, suggestions or correspondense use:                             
       0.Info>>ben@benlabs.net, Benjamin Lindner (Main Developer, Impl. & Maintenance)  
       0.Info>>franc@cmm.ki.si, Franci Merzel (Methodology)                             
       0.Info>>For publications include the following references:                       
       0.Info>>.........................................................................
       0.Info>>1. Sassena - X-ray and Neutron Scattering Calculated                     
       0.Info>>  from Molecular Dynamics Trajectories using Massively Parallel Computers
       0.Info>>  published as a Computer Program in Physics Paper                       
       0.Info>>.........................................................................
       0.Info>>Version Information: 1.4.2                                       
       0.Info>>                                                                 
       0.Info>>.................................................................
       0.Info>>......................D.E.S.C.R.I.P.T.I.O.N......................
       0.Info>>.................................................................
       0.Info>>This binary computes the scattering intensities directly from    
       0.Info>>a molecular dynamics trajectory.                                 
       0.Info>>.................................................................
       0.Info>>.................................................................
       0.Info>>...................I.N.I.T.I.A.L.I.Z.A.T.I.O.N...................
       0.Info>>.................................................................
       0.Info>>No configuration file specified. Will use default                
       0.Info>>Looking for configuration file: scatter.xml                      
       0.Info>>Reading parameters from XML file: scatter.xml                    
       0.Info>>Added frames from /home/amajumda/study/continuum_simulations/gitlab/continuum-to-scattering/data/100_100_100_50_50_50/single_atom_shrink/iteration_002/t008/pdb_dcd/sample.dcd using format: dcd
       0.Info>>Options: first=0, last=0, lastset=0, stride=1                    
       0.Info>>stager.target=system                                             
       0.Info>>scattering.type=all                                              
       0.Info>>scattering.dsp.type=square                                       
       0.Info>>scattering.average.orientation.type=vectors                      
       0.Info>>scattering.average.orientation.vectors.type=sphere               
       0.Info>>scattering.average.orientation.vectors.algorithm=boost_uniform_on_sphere
       0.Info>>scattering.average.orientation.vectors.resolution=100            
       0.Info>>Generating orientations for orientational averaging using sphere,boost_uniform_on_sphere
       0.Info>>Initialized orientational averaging with 100 vectors.            
       0.Info>>scattering.signal.file=signal.h5                                 
       0.Info>>scattering.signal.filepath=/home/amajumda/study/continuum_simulations/gitlab/continuum-to-scattering/data/100_100_100_50_50_50/single_atom_shrink/iteration_002/t008/signal.h5
       0.Info>>scattering.signal.fqt=1                                          
       0.Info>>scattering.signal.fq0=1                                          
       0.Info>>scattering.signal.fq=1                                           
       0.Info>>scattering.signal.fq2=1                                          
       0.Info>>Analyzing command line for parameter overwrites                  
       0.Info>>Reading database from file: /home/amajumda/study/continuum_simulations/gitlab/continuum-to-scattering/data/100_100_100_50_50_50/single_atom_shrink/iteration_002/t008/database/db-neutron-coherent.xml
       0.Info>>Checking database...                                             
       0.Info>>Testing mapping between PDB names and atom labels                
       0.Info>>Testing database completeness for referenced atom labels         
       0.Info>>Check succeeded. Database seems OK.                              
       0.Info>>Initializing sample...                                           
       0.Info>>Reading structure from file: /home/amajumda/study/continuum_simulations/gitlab/continuum-to-scattering/data/100_100_100_50_50_50/single_atom_shrink/iteration_002/t008/pdb_dcd/sample.pdb
       0.Info>>Done. Atoms read: 125000                                         
       0.Info>>Reading frames from: /home/amajumda/study/continuum_simulations/gitlab/continuum-to-scattering/data/100_100_100_50_50_50/single_atom_shrink/iteration_002/t008/pdb_dcd/sample.dcd
       0.Info>>Found 1 frames                                                   
       0.Info>>Total number of coordinate sets found: 1                         
       0.Info>>Exchanging sample, database & params information with compute nodes... 
       0.Info>>params...                                                        
       0.Info>>database...                                                      
       0.Info>>sample...                                                        
       0.Info>>.................................................................
       0.Info>>......................C.O.M.P.U.T.A.T.I.O.N......................
       0.Info>>.................................................................
       0.Info>>Setting up services...                                           
       0.Info>>Initializing data file service...                                
       0.Info>>Initializing monitor service...                                  
       0.Info>>Starting data file service...                                    
       0.Info>>Starting monitor service...                                      
       0.Info>>Services setup and running...                                    
       0.Info>>Checking /home/amajumda/study/continuum_simulations/gitlab/continuum-to-scattering/data/100_100_100_50_50_50/single_atom_shrink/iteration_002/t008/signal.h5 for old results.
       0.Info>>Broadcasting service information                                 
       0.Info>>Server host name    : hzglap02                                   
       0.Info>>FileService Port    : 40217                                      
       0.Info>>MonitorService Port : 44955                                      
       0.Info>>Setting up parallel environment...                               
       0.Info>>Searching for decomposition plan:                                
       0.Info>>nodes    = 8                                                     
       0.Info>>qvectors = 100                                                   
       0.Info>>frames   = 1                                                     
       0.Info>>atoms   = 125000                                                 
       0.Info>>All interference scattering detected. Applying frame decomposition.
       0.Info>>Automatic decomposition. Searching for best utilization.         
       0.Info>>Final decomposition parameters:                                  
       0.Info>>NN                : 8                                            
       0.Info>>NQ                : 100                                          
       0.Info>>NAF               : 1                                            
       0.Info>>NP                : 8                                            
       0.Info>>NNpP              : 1                                            
       0.Info>>NAFcycles         : 1                                            
       0.Info>>NQcycles          : 13                                           
       0.Info>>CompEl (WASTE/USE): 4/100                                        
       0.Info>>utilization(1=best)    : 0.96153846153846156                     
       0.Info>>Initializing Scatter Device, Vectors (all)                       
       0.Info>>Starting scattering...                                           
       0.Info>>Checking memory requirements for scattering calculation...       
       0.Info>>required limits.computation.memory.result_buffer=16              
       0.Info>>required limits.computation.memory.signal_buffer=16              
       0.Info>>required limits.computation.memory.exchange_buffer=0             
       0.Info>>required limits.computation.memory.alignpad_buffer=32            
       0.Info>>Memory limits ok                                                 
       0.Info>>Staging data...                                                  
       0.Info>>Forcing stager.mode=frames                                       
       0.Info>>Staging first partition.                                         
       0.Info>>Staging remaining partitions.                                    
       0.Info>>background scattering length set to 0                            
       0.Info>>Target initialized.                                              
       0.Info>>Target 'system' produces a background scattering length density of 0.00034398518601726972
       0.Info>>Starting computation...                                          
       0.Info>>Orientational averaging includes 100 vectors                     
       0.Info>>Setting progress sampling factor for monitoring to 1             
       0.Info>>Progress: 1.500%, ETOTAL: 62.768000000000008 s, ETA: 61.826480000000011 s
       0.Info>>Progress: 3.250%, ETOTAL: 29.002830769230766 s, ETA: 28.060238769230764 s
       0.Info>>Progress: 5.010%, ETOTAL: 18.814582952182949 s, ETA: 17.871893952182948 s
       0.Info>>Progress: 10.656%, ETOTAL: 9.0921759530791793 s, ETA: 8.123290953079179 s
       0.Info>>Progress: 20.791%, ETOTAL: 14.1670870620881 s, ETA: 11.2216270620881 s
       0.Info>>Progress: 30.821%, ETOTAL: 9.7032486688851947 s, ETA: 6.7126576688851944 s
       0.Info>>Progress: 41.580%, ETOTAL: 7.5624826948277217 s, ETA: 4.4179926948277206 s
       0.Info>>Progress: 52.955%, ETOTAL: 9.3528977605616781 s, ETA: 4.4000587605616763 s
       0.Info>>Progress: 62.455%, ETOTAL: 7.9815623524581776 s, ETA: 2.9966673524581759 s
       0.Info>>Progress: 72.080%, ETOTAL: 9.6458540975588072 s, ETA: 2.6931100975588063 s
       0.Info>>Progress: 81.455%, ETOTAL: 8.5645939718265538 s, ETA: 1.5882929718265526 s
       0.Info>>Scattering finished...                                           
       0.Info>>.................................................................
       0.Info>>.....................R.U.N...A.N.A.L.Y.S.I.S.....................
       0.Info>>.................................................................
       0.Info>>Aggregating timing information for performance analysis...       
       0.Info>>                                                                 
       0.Info>>                    Performance Analysis                         
       0.Info>>-----------------------------------------------------------------
       0.Info>> mean and total runtimes:                                        
       0.Info>>-----------------------------------------------------------------
       0.Info>>          measure |    total |       count |     mean |   stddev 
       0.Info>>-----------------------------------------------------------------
       0.Info>>   sd:c:b:dspstore| 3.610e-02|        10000| 3.610e-06| 2.101e-06
       0.Info>>    sd:c:b:scatter| 4.384e+01|        10000| 4.384e-03| 8.495e-04
       0.Info>>        sd:c:block| 4.402e+01|          100| 4.402e-01| 4.329e-02
       0.Info>>         sd:c:init| 1.442e+01|          100| 1.442e-01| 2.942e-02
       0.Info>>       sd:c:reduce| 1.050e-04|          100| 1.050e-06| 5.120e-07
       0.Info>>         sd:c:wait| 1.670e-04|          100| 1.670e-06| 6.468e-07
       0.Info>>        sd:compute| 5.844e+01|          100| 5.844e-01| 5.723e-02
       0.Info>>         sd:runner| 5.845e+01|            8| 7.306e+00| 0.000e+00
       0.Info>>          sd:stage| 1.941e-01|            8| 2.426e-02| 0.000e+00
       0.Info>> sd:worker:scatter| 4.346e+01|        10000| 4.346e-03| 8.242e-04
       0.Info>>    sd:worker:wait| 1.489e+01|        10000| 1.489e-03| 1.467e-02
       0.Info>>          sd:write| 1.008e-03|          100| 1.008e-05| 7.406e-06
       0.Info>>           st:fill| 1.200e-02|            8| 1.500e-03| 0.000e+00
       0.Info>>          st:first| 2.264e-02|            1| 2.264e-02| 0.000e+00
       0.Info>>           st:load| 2.228e-02|            1| 2.228e-02| 0.000e+00
       0.Info>>           st:wait| 1.588e-01|            8| 1.984e-02| 0.000e+00
       0.Info>>-----------------------------------------------------------------
       0.Info>>-----------------------------------------------------------------
       0.Info>> watermarks:                                                     
       0.Info>>-----------------------------------------------------------------
       0.Info>>          measure |      min |      max                          
       0.Info>>-----------------------------------------------------------------
       0.Info>>   sd:c:b:dspstore| 2.000e-06| 8.100e-05                         
       0.Info>>    sd:c:b:scatter| 1.483e-03| 1.713e-02                         
       0.Info>>        sd:c:block| 1.546e-01| 5.720e-01                         
       0.Info>>         sd:c:init| 1.104e-01| 2.469e-01                         
       0.Info>>       sd:c:reduce| 0.000e+00| 2.000e-06                         
       0.Info>>         sd:c:wait| 1.000e-06| 4.000e-06                         
       0.Info>>        sd:compute| 2.651e-01| 7.463e-01                         
       0.Info>>         sd:runner| 6.201e+00| 7.735e+00                         
       0.Info>>          sd:stage| 2.411e-02| 2.433e-02                         
       0.Info>> sd:worker:scatter| 1.461e-03| 1.534e-02                         
       0.Info>>    sd:worker:wait| 2.000e-06| 2.470e-01                         
       0.Info>>          sd:write| 5.000e-06| 4.600e-05                         
       0.Info>>           st:fill| 1.345e-03| 1.565e-03                         
       0.Info>>          st:first| 2.264e-02| 2.264e-02                         
       0.Info>>           st:load| 2.228e-02| 2.228e-02                         
       0.Info>>           st:wait| 8.000e-06| 2.268e-02                         
       0.Info>>-----------------------------------------------------------------
       0.Info>>                                                                 
       0.Info>>         Performance Analysis (relative to total time * nodes)   
       0.Info>>-----------------------------------------------------------------
       0.Info>> mean and total runtimes:                                        
       0.Info>>-----------------------------------------------------------------
       0.Info>>          measure |    total |       count |     mean |   stddev 
       0.Info>>-----------------------------------------------------------------
       0.Info>>   sd:c:b:dspstore| 5.544e-04|        10000| 5.544e-08| 2.604e-07
       0.Info>>    sd:c:b:scatter| 6.733e-01|        10000| 6.733e-05| 1.053e-04
       0.Info>>        sd:c:block| 6.761e-01|          100| 6.761e-03| 5.365e-03
       0.Info>>         sd:c:init| 2.215e-01|          100| 2.215e-03| 3.646e-03
       0.Info>>       sd:c:reduce| 1.613e-06|          100| 1.613e-08| 6.345e-08
       0.Info>>         sd:c:wait| 2.565e-06|          100| 2.565e-08| 8.016e-08
       0.Info>>        sd:compute| 8.976e-01|          100| 8.976e-03| 7.092e-03
       0.Info>>         sd:runner| 8.976e-01|            8| 1.122e-01| 0.000e+00
       0.Info>>          sd:stage| 2.981e-03|            8| 3.726e-04| 0.000e+00
       0.Info>> sd:worker:scatter| 6.674e-01|        10000| 6.674e-05| 1.021e-04
       0.Info>>    sd:worker:wait| 2.287e-01|        10000| 2.287e-05| 1.818e-03
       0.Info>>          sd:write| 1.548e-05|          100| 1.548e-07| 9.178e-07
       0.Info>>           st:fill| 1.843e-04|            8| 2.304e-05| 0.000e+00
       0.Info>>          st:first| 3.478e-04|            1| 3.478e-04| 0.000e+00
       0.Info>>           st:load| 3.422e-04|            1| 3.422e-04| 0.000e+00
       0.Info>>           st:wait| 2.438e-03|            8| 3.048e-04| 0.000e+00
       0.Info>>-----------------------------------------------------------------
       0.Info>>-----------------------------------------------------------------
       0.Info>> watermarks:                                                     
       0.Info>>-----------------------------------------------------------------
       0.Info>>          measure |      min |      max                          
       0.Info>>-----------------------------------------------------------------
       0.Info>>   sd:c:b:dspstore| 3.072e-08| 1.244e-06                         
       0.Info>>    sd:c:b:scatter| 2.278e-05| 2.630e-04                         
       0.Info>>        sd:c:block| 2.375e-03| 8.785e-03                         
       0.Info>>         sd:c:init| 1.696e-03| 3.791e-03                         
       0.Info>>       sd:c:reduce| 0.000e+00| 3.072e-08                         
       0.Info>>         sd:c:wait| 1.536e-08| 6.143e-08                         
       0.Info>>        sd:compute| 4.072e-03| 1.146e-02                         
       0.Info>>         sd:runner| 9.523e-02| 1.188e-01                         
       0.Info>>          sd:stage| 3.703e-04| 3.736e-04                         
       0.Info>> sd:worker:scatter| 2.244e-05| 2.356e-04                         
       0.Info>>    sd:worker:wait| 3.072e-08| 3.793e-03                         
       0.Info>>          sd:write| 7.679e-08| 7.065e-07                         
       0.Info>>           st:fill| 2.066e-05| 2.404e-05                         
       0.Info>>          st:first| 3.478e-04| 3.478e-04                         
       0.Info>>           st:load| 3.422e-04| 3.422e-04                         
       0.Info>>           st:wait| 1.229e-07| 3.483e-04                         
       0.Info>>-----------------------------------------------------------------
       0.Info>>Total runtime (s): 8.1389910000000008                            
       0.Info>>Successfully finished... Have a nice day!                        
