       0.Info>>This software is being developed by Benjamin Lindner.                    
       0.Info>>For help, suggestions or correspondense use:                             
       0.Info>>ben@benlabs.net, Benjamin Lindner (Main Developer, Impl. & Maintenance)  
       0.Info>>franc@cmm.ki.si, Franci Merzel (Methodology)                             
       0.Info>>For publications include the following references:                       
       0.Info>>.........................................................................
       0.Info>>1. Sassena - X-ray and Neutron Scattering Calculated                     
       0.Info>>  from Molecular Dynamics Trajectories using Massively Parallel Computers
       0.Info>>  published as a Computer Program in Physics Paper                       
       0.Info>>.........................................................................
       0.Info>>Version Information: 1.4.2                                       
       0.Info>>                                                                 
       0.Info>>.................................................................
       0.Info>>......................D.E.S.C.R.I.P.T.I.O.N......................
       0.Info>>.................................................................
       0.Info>>This binary computes the scattering intensities directly from    
       0.Info>>a molecular dynamics trajectory.                                 
       0.Info>>.................................................................
       0.Info>>.................................................................
       0.Info>>...................I.N.I.T.I.A.L.I.Z.A.T.I.O.N...................
       0.Info>>.................................................................
       0.Info>>No configuration file specified. Will use default                
       0.Info>>Looking for configuration file: scatter.xml                      
       0.Info>>Reading parameters from XML file: scatter.xml                    
       0.Info>>Added frames from /home/amajumda/study/continuum_simulations/gitlab/continuum-to-scattering/data/100_100_100_50_50_50/single_atom_shrink/iteration_003/t008/pdb_dcd/sample.dcd using format: dcd
       0.Info>>Options: first=0, last=0, lastset=0, stride=1                    
       0.Info>>stager.target=system                                             
       0.Info>>scattering.type=all                                              
       0.Info>>scattering.dsp.type=square                                       
       0.Info>>scattering.average.orientation.type=vectors                      
       0.Info>>scattering.average.orientation.vectors.type=sphere               
       0.Info>>scattering.average.orientation.vectors.algorithm=boost_uniform_on_sphere
       0.Info>>scattering.average.orientation.vectors.resolution=100            
       0.Info>>Generating orientations for orientational averaging using sphere,boost_uniform_on_sphere
       0.Info>>Initialized orientational averaging with 100 vectors.            
       0.Info>>scattering.signal.file=signal.h5                                 
       0.Info>>scattering.signal.filepath=/home/amajumda/study/continuum_simulations/gitlab/continuum-to-scattering/data/100_100_100_50_50_50/single_atom_shrink/iteration_003/t008/signal.h5
       0.Info>>scattering.signal.fqt=1                                          
       0.Info>>scattering.signal.fq0=1                                          
       0.Info>>scattering.signal.fq=1                                           
       0.Info>>scattering.signal.fq2=1                                          
       0.Info>>Analyzing command line for parameter overwrites                  
       0.Info>>Reading database from file: /home/amajumda/study/continuum_simulations/gitlab/continuum-to-scattering/data/100_100_100_50_50_50/single_atom_shrink/iteration_003/t008/database/db-neutron-coherent.xml
       0.Info>>Checking database...                                             
       0.Info>>Testing mapping between PDB names and atom labels                
       0.Info>>Testing database completeness for referenced atom labels         
       0.Info>>Check succeeded. Database seems OK.                              
       0.Info>>Initializing sample...                                           
       0.Info>>Reading structure from file: /home/amajumda/study/continuum_simulations/gitlab/continuum-to-scattering/data/100_100_100_50_50_50/single_atom_shrink/iteration_003/t008/pdb_dcd/sample.pdb
       0.Info>>Done. Atoms read: 125000                                         
       0.Info>>Reading frames from: /home/amajumda/study/continuum_simulations/gitlab/continuum-to-scattering/data/100_100_100_50_50_50/single_atom_shrink/iteration_003/t008/pdb_dcd/sample.dcd
       0.Info>>Found 1 frames                                                   
       0.Info>>Total number of coordinate sets found: 1                         
       0.Info>>Exchanging sample, database & params information with compute nodes... 
       0.Info>>params...                                                        
       0.Info>>database...                                                      
       0.Info>>sample...                                                        
       0.Info>>.................................................................
       0.Info>>......................C.O.M.P.U.T.A.T.I.O.N......................
       0.Info>>.................................................................
       0.Info>>Setting up services...                                           
       0.Info>>Initializing data file service...                                
       0.Info>>Initializing monitor service...                                  
       0.Info>>Starting data file service...                                    
       0.Info>>Starting monitor service...                                      
       0.Info>>Services setup and running...                                    
       0.Info>>Checking /home/amajumda/study/continuum_simulations/gitlab/continuum-to-scattering/data/100_100_100_50_50_50/single_atom_shrink/iteration_003/t008/signal.h5 for old results.
       0.Info>>Broadcasting service information                                 
       0.Info>>Server host name    : hzglap02                                   
       0.Info>>FileService Port    : 38939                                      
       0.Info>>MonitorService Port : 46015                                      
       0.Info>>Setting up parallel environment...                               
       0.Info>>Searching for decomposition plan:                                
       0.Info>>nodes    = 8                                                     
       0.Info>>qvectors = 100                                                   
       0.Info>>frames   = 1                                                     
       0.Info>>atoms   = 125000                                                 
       0.Info>>All interference scattering detected. Applying frame decomposition.
       0.Info>>Automatic decomposition. Searching for best utilization.         
       0.Info>>Final decomposition parameters:                                  
       0.Info>>NN                : 8                                            
       0.Info>>NQ                : 100                                          
       0.Info>>NAF               : 1                                            
       0.Info>>NP                : 8                                            
       0.Info>>NNpP              : 1                                            
       0.Info>>NAFcycles         : 1                                            
       0.Info>>NQcycles          : 13                                           
       0.Info>>CompEl (WASTE/USE): 4/100                                        
       0.Info>>utilization(1=best)    : 0.96153846153846156                     
       0.Info>>Initializing Scatter Device, Vectors (all)                       
       0.Info>>Starting scattering...                                           
       0.Info>>Checking memory requirements for scattering calculation...       
       0.Info>>required limits.computation.memory.result_buffer=16              
       0.Info>>required limits.computation.memory.signal_buffer=16              
       0.Info>>required limits.computation.memory.exchange_buffer=0             
       0.Info>>required limits.computation.memory.alignpad_buffer=32            
       0.Info>>Memory limits ok                                                 
       0.Info>>Staging data...                                                  
       0.Info>>Forcing stager.mode=frames                                       
       0.Info>>Staging first partition.                                         
       0.Info>>Staging remaining partitions.                                    
       0.Info>>background scattering length set to 0                            
       0.Info>>Target initialized.                                              
       0.Info>>Target 'system' produces a background scattering length density of 0.00030335017036014393
       0.Info>>Starting computation...                                          
       0.Info>>Orientational averaging includes 100 vectors                     
       0.Info>>Setting progress sampling factor for monitoring to 1             
       0.Info>>Progress: 1.750%, ETOTAL: 58.059428571428569 s, ETA: 57.043388571428572 s
       0.Info>>Progress: 4.510%, ETOTAL: 22.708545034642036 s, ETA: 21.684295034642037 s
       0.Info>>Progress: 6.385%, ETOTAL: 16.112214029363784 s, ETA: 15.083382029363785 s
       0.Info>>Progress: 10.271%, ETOTAL: 10.312376470588232 s, ETA: 9.2532094705882315 s
       0.Info>>Progress: 22.686%, ETOTAL: 13.38888183102571 s, ETA: 10.35149383102571 s
       0.Info>>Progress: 33.446%, ETOTAL: 9.1483183900335394 s, ETA: 6.0886163900335397 s
       0.Info>>Progress: 43.205%, ETOTAL: 7.2105537685459931 s, ETA: 4.095224768545993 s
       0.Info>>Progress: 52.955%, ETOTAL: 9.5080460961142723 s, ETA: 4.4730480961142733 s
       0.Info>>Progress: 60.080%, ETOTAL: 8.4198455481461725 s, ETA: 3.3611915481461727 s
       0.Info>>Progress: 70.080%, ETOTAL: 7.5342170958152321 s, ETA: 2.2542280958152316 s
       0.Info>>Progress: 82.830%, ETOTAL: 8.485420887667841 s, ETA: 1.4569358876678402 s
       0.Info>>Progress: 92.830%, ETOTAL: 7.7494496012153444 s, ETA: 0.55562560121534332 s
       0.Info>>Scattering finished...                                           
       0.Info>>.................................................................
       0.Info>>.....................R.U.N...A.N.A.L.Y.S.I.S.....................
       0.Info>>.................................................................
       0.Info>>Aggregating timing information for performance analysis...       
       0.Info>>                                                                 
       0.Info>>                    Performance Analysis                         
       0.Info>>-----------------------------------------------------------------
       0.Info>> mean and total runtimes:                                        
       0.Info>>-----------------------------------------------------------------
       0.Info>>          measure |    total |       count |     mean |   stddev 
       0.Info>>-----------------------------------------------------------------
       0.Info>>   sd:c:b:dspstore| 3.606e-02|        10000| 3.606e-06| 1.953e-06
       0.Info>>    sd:c:b:scatter| 4.326e+01|        10000| 4.326e-03| 7.011e-04
       0.Info>>        sd:c:block| 4.344e+01|          100| 4.344e-01| 3.684e-02
       0.Info>>         sd:c:init| 1.456e+01|          100| 1.456e-01| 2.894e-02
       0.Info>>       sd:c:reduce| 1.060e-04|          100| 1.060e-06| 5.548e-07
       0.Info>>         sd:c:wait| 1.710e-04|          100| 1.710e-06| 1.029e-06
       0.Info>>        sd:compute| 5.801e+01|          100| 5.801e-01| 5.060e-02
       0.Info>>         sd:runner| 5.801e+01|            8| 7.251e+00| 0.000e+00
       0.Info>>          sd:stage| 1.936e-01|            8| 2.420e-02| 0.000e+00
       0.Info>> sd:worker:scatter| 4.293e+01|        10000| 4.293e-03| 6.945e-04
       0.Info>>    sd:worker:wait| 1.498e+01|        10000| 1.498e-03| 1.481e-02
       0.Info>>          sd:write| 9.860e-04|          100| 9.860e-06| 6.395e-06
       0.Info>>           st:fill| 1.171e-02|            8| 1.463e-03| 0.000e+00
       0.Info>>          st:first| 2.262e-02|            1| 2.262e-02| 0.000e+00
       0.Info>>           st:load| 2.227e-02|            1| 2.227e-02| 0.000e+00
       0.Info>>           st:wait| 1.586e-01|            8| 1.982e-02| 0.000e+00
       0.Info>>-----------------------------------------------------------------
       0.Info>>-----------------------------------------------------------------
       0.Info>> watermarks:                                                     
       0.Info>>-----------------------------------------------------------------
       0.Info>>          measure |      min |      max                          
       0.Info>>-----------------------------------------------------------------
       0.Info>>   sd:c:b:dspstore| 2.000e-06| 8.000e-05                         
       0.Info>>    sd:c:b:scatter| 1.527e-03| 1.054e-02                         
       0.Info>>        sd:c:block| 1.580e-01| 5.477e-01                         
       0.Info>>         sd:c:init| 1.148e-01| 2.384e-01                         
       0.Info>>       sd:c:reduce| 0.000e+00| 4.000e-06                         
       0.Info>>         sd:c:wait| 1.000e-06| 1.100e-05                         
       0.Info>>        sd:compute| 2.729e-01| 7.242e-01                         
       0.Info>>         sd:runner| 5.996e+00| 7.685e+00                         
       0.Info>>          sd:stage| 2.405e-02| 2.426e-02                         
       0.Info>> sd:worker:scatter| 1.507e-03| 1.051e-02                         
       0.Info>>    sd:worker:wait| 1.000e-06| 2.385e-01                         
       0.Info>>          sd:write| 5.000e-06| 4.100e-05                         
       0.Info>>           st:fill| 1.317e-03| 1.524e-03                         
       0.Info>>          st:first| 2.262e-02| 2.262e-02                         
       0.Info>>           st:load| 2.227e-02| 2.227e-02                         
       0.Info>>           st:wait| 8.000e-06| 2.266e-02                         
       0.Info>>-----------------------------------------------------------------
       0.Info>>                                                                 
       0.Info>>         Performance Analysis (relative to total time * nodes)   
       0.Info>>-----------------------------------------------------------------
       0.Info>> mean and total runtimes:                                        
       0.Info>>-----------------------------------------------------------------
       0.Info>>          measure |    total |       count |     mean |   stddev 
       0.Info>>-----------------------------------------------------------------
       0.Info>>   sd:c:b:dspstore| 5.535e-04|        10000| 5.535e-08| 2.420e-07
       0.Info>>    sd:c:b:scatter| 6.641e-01|        10000| 6.641e-05| 8.686e-05
       0.Info>>        sd:c:block| 6.668e-01|          100| 6.668e-03| 4.564e-03
       0.Info>>         sd:c:init| 2.236e-01|          100| 2.236e-03| 3.585e-03
       0.Info>>       sd:c:reduce| 1.627e-06|          100| 1.627e-08| 6.874e-08
       0.Info>>         sd:c:wait| 2.625e-06|          100| 2.625e-08| 1.275e-07
       0.Info>>        sd:compute| 8.904e-01|          100| 8.904e-03| 6.269e-03
       0.Info>>         sd:runner| 8.905e-01|            8| 1.113e-01| 0.000e+00
       0.Info>>          sd:stage| 2.972e-03|            8| 3.715e-04| 0.000e+00
       0.Info>> sd:worker:scatter| 6.591e-01|        10000| 6.591e-05| 8.605e-05
       0.Info>>    sd:worker:wait| 2.299e-01|        10000| 2.299e-05| 1.835e-03
       0.Info>>          sd:write| 1.514e-05|          100| 1.514e-07| 7.923e-07
       0.Info>>           st:fill| 1.797e-04|            8| 2.247e-05| 0.000e+00
       0.Info>>          st:first| 3.472e-04|            1| 3.472e-04| 0.000e+00
       0.Info>>           st:load| 3.418e-04|            1| 3.418e-04| 0.000e+00
       0.Info>>           st:wait| 2.434e-03|            8| 3.043e-04| 0.000e+00
       0.Info>>-----------------------------------------------------------------
       0.Info>>-----------------------------------------------------------------
       0.Info>> watermarks:                                                     
       0.Info>>-----------------------------------------------------------------
       0.Info>>          measure |      min |      max                          
       0.Info>>-----------------------------------------------------------------
       0.Info>>   sd:c:b:dspstore| 3.070e-08| 1.228e-06                         
       0.Info>>    sd:c:b:scatter| 2.344e-05| 1.617e-04                         
       0.Info>>        sd:c:block| 2.426e-03| 8.407e-03                         
       0.Info>>         sd:c:init| 1.762e-03| 3.659e-03                         
       0.Info>>       sd:c:reduce| 0.000e+00| 6.140e-08                         
       0.Info>>         sd:c:wait| 1.535e-08| 1.689e-07                         
       0.Info>>        sd:compute| 4.189e-03| 1.112e-02                         
       0.Info>>         sd:runner| 9.203e-02| 1.180e-01                         
       0.Info>>          sd:stage| 3.693e-04| 3.724e-04                         
       0.Info>> sd:worker:scatter| 2.313e-05| 1.613e-04                         
       0.Info>>    sd:worker:wait| 1.535e-08| 3.661e-03                         
       0.Info>>          sd:write| 7.675e-08| 6.294e-07                         
       0.Info>>           st:fill| 2.022e-05| 2.339e-05                         
       0.Info>>          st:first| 3.472e-04| 3.472e-04                         
       0.Info>>           st:load| 3.418e-04| 3.418e-04                         
       0.Info>>           st:wait| 1.228e-07| 3.478e-04                         
       0.Info>>-----------------------------------------------------------------
       0.Info>>Total runtime (s): 8.1430319999999998                            
       0.Info>>Successfully finished... Have a nice day!                        
