       0.Info>>This software is being developed by Benjamin Lindner.                    
       0.Info>>For help, suggestions or correspondense use:                             
       0.Info>>ben@benlabs.net, Benjamin Lindner (Main Developer, Impl. & Maintenance)  
       0.Info>>franc@cmm.ki.si, Franci Merzel (Methodology)                             
       0.Info>>For publications include the following references:                       
       0.Info>>.........................................................................
       0.Info>>1. Sassena - X-ray and Neutron Scattering Calculated                     
       0.Info>>  from Molecular Dynamics Trajectories using Massively Parallel Computers
       0.Info>>  published as a Computer Program in Physics Paper                       
       0.Info>>.........................................................................
       0.Info>>Version Information: 1.4.2                                       
       0.Info>>                                                                 
       0.Info>>.................................................................
       0.Info>>......................D.E.S.C.R.I.P.T.I.O.N......................
       0.Info>>.................................................................
       0.Info>>This binary computes the scattering intensities directly from    
       0.Info>>a molecular dynamics trajectory.                                 
       0.Info>>.................................................................
       0.Info>>.................................................................
       0.Info>>...................I.N.I.T.I.A.L.I.Z.A.T.I.O.N...................
       0.Info>>.................................................................
       0.Info>>No configuration file specified. Will use default                
       0.Info>>Looking for configuration file: scatter.xml                      
       0.Info>>Reading parameters from XML file: scatter.xml                    
       0.Info>>Added frames from /home/amajumda/study/continuum_simulations/gitlab/continuum-to-scattering/data/100_100_100_50_50_50/single_atom_shrink/iteration_010/t005/pdb_dcd/sample.dcd using format: dcd
       0.Info>>Options: first=0, last=0, lastset=0, stride=1                    
       0.Info>>stager.target=system                                             
       0.Info>>scattering.type=all                                              
       0.Info>>scattering.dsp.type=square                                       
       0.Info>>scattering.average.orientation.type=vectors                      
       0.Info>>scattering.average.orientation.vectors.type=sphere               
       0.Info>>scattering.average.orientation.vectors.algorithm=boost_uniform_on_sphere
       0.Info>>scattering.average.orientation.vectors.resolution=100            
       0.Info>>Generating orientations for orientational averaging using sphere,boost_uniform_on_sphere
       0.Info>>Initialized orientational averaging with 100 vectors.            
       0.Info>>scattering.signal.file=signal.h5                                 
       0.Info>>scattering.signal.filepath=/home/amajumda/study/continuum_simulations/gitlab/continuum-to-scattering/data/100_100_100_50_50_50/single_atom_shrink/iteration_010/t005/signal.h5
       0.Info>>scattering.signal.fqt=1                                          
       0.Info>>scattering.signal.fq0=1                                          
       0.Info>>scattering.signal.fq=1                                           
       0.Info>>scattering.signal.fq2=1                                          
       0.Info>>Analyzing command line for parameter overwrites                  
       0.Info>>Reading database from file: /home/amajumda/study/continuum_simulations/gitlab/continuum-to-scattering/data/100_100_100_50_50_50/single_atom_shrink/iteration_010/t005/database/db-neutron-coherent.xml
       0.Info>>Checking database...                                             
       0.Info>>Testing mapping between PDB names and atom labels                
       0.Info>>Testing database completeness for referenced atom labels         
       0.Info>>Check succeeded. Database seems OK.                              
       0.Info>>Initializing sample...                                           
       0.Info>>Reading structure from file: /home/amajumda/study/continuum_simulations/gitlab/continuum-to-scattering/data/100_100_100_50_50_50/single_atom_shrink/iteration_010/t005/pdb_dcd/sample.pdb
       0.Info>>Done. Atoms read: 125000                                         
       0.Info>>Reading frames from: /home/amajumda/study/continuum_simulations/gitlab/continuum-to-scattering/data/100_100_100_50_50_50/single_atom_shrink/iteration_010/t005/pdb_dcd/sample.dcd
       0.Info>>Found 1 frames                                                   
       0.Info>>Total number of coordinate sets found: 1                         
       0.Info>>Exchanging sample, database & params information with compute nodes... 
       0.Info>>params...                                                        
       0.Info>>database...                                                      
       0.Info>>sample...                                                        
       0.Info>>.................................................................
       0.Info>>......................C.O.M.P.U.T.A.T.I.O.N......................
       0.Info>>.................................................................
       0.Info>>Setting up services...                                           
       0.Info>>Initializing data file service...                                
       0.Info>>Initializing monitor service...                                  
       0.Info>>Starting data file service...                                    
       0.Info>>Starting monitor service...                                      
       0.Info>>Services setup and running...                                    
       0.Info>>Checking /home/amajumda/study/continuum_simulations/gitlab/continuum-to-scattering/data/100_100_100_50_50_50/single_atom_shrink/iteration_010/t005/signal.h5 for old results.
       0.Info>>Broadcasting service information                                 
       0.Info>>Server host name    : hzglap02                                   
       0.Info>>FileService Port    : 35037                                      
       0.Info>>MonitorService Port : 41311                                      
       0.Info>>Setting up parallel environment...                               
       0.Info>>Searching for decomposition plan:                                
       0.Info>>nodes    = 8                                                     
       0.Info>>qvectors = 100                                                   
       0.Info>>frames   = 1                                                     
       0.Info>>atoms   = 125000                                                 
       0.Info>>All interference scattering detected. Applying frame decomposition.
       0.Info>>Automatic decomposition. Searching for best utilization.         
       0.Info>>Final decomposition parameters:                                  
       0.Info>>NN                : 8                                            
       0.Info>>NQ                : 100                                          
       0.Info>>NAF               : 1                                            
       0.Info>>NP                : 8                                            
       0.Info>>NNpP              : 1                                            
       0.Info>>NAFcycles         : 1                                            
       0.Info>>NQcycles          : 13                                           
       0.Info>>CompEl (WASTE/USE): 4/100                                        
       0.Info>>utilization(1=best)    : 0.96153846153846156                     
       0.Info>>Initializing Scatter Device, Vectors (all)                       
       0.Info>>Starting scattering...                                           
       0.Info>>Checking memory requirements for scattering calculation...       
       0.Info>>required limits.computation.memory.result_buffer=16              
       0.Info>>required limits.computation.memory.signal_buffer=16              
       0.Info>>required limits.computation.memory.exchange_buffer=0             
       0.Info>>required limits.computation.memory.alignpad_buffer=32            
       0.Info>>Memory limits ok                                                 
       0.Info>>Staging data...                                                  
       0.Info>>Forcing stager.mode=frames                                       
       0.Info>>Staging first partition.                                         
       0.Info>>Staging remaining partitions.                                    
       0.Info>>background scattering length set to 0                            
       0.Info>>Target initialized.                                              
       0.Info>>Target 'system' produces a background scattering length density of 0.00055922038927065415
       0.Info>>Starting computation...                                          
       0.Info>>Orientational averaging includes 100 vectors                     
       0.Info>>Setting progress sampling factor for monitoring to 1             
       0.Info>>Progress: 2.385%, ETOTAL: 63.247851612903233 s, ETA: 61.739633612903233 s
       0.Info>>Progress: 4.644%, ETOTAL: 32.591317598343679 s, ETA: 31.07770159834368 s
       0.Info>>Progress: 7.155%, ETOTAL: 21.176305521334978 s, ETA: 19.661215521334977 s
       0.Info>>Progress: 12.175%, ETOTAL: 12.581842516782942 s, ETA: 11.050043516782942 s
       0.Info>>Progress: 20.830%, ETOTAL: 7.5009619941529477 s, ETA: 5.9385019941529471 s
       0.Info>>Progress: 30.455%, ETOTAL: 11.586909029677962 s, ETA: 8.058101029677962 s
       0.Info>>Progress: 40.580%, ETOTAL: 8.7423848985072272 s, ETA: 5.1947138985072279 s
       0.Info>>Progress: 53.330%, ETOTAL: 10.375630410481399 s, ETA: 4.8422934104813997 s
       0.Info>>Progress: 63.330%, ETOTAL: 8.7638240396781217 s, ETA: 3.2136830396781217 s
       0.Info>>Progress: 73.080%, ETOTAL: 7.7961480636814189 s, ETA: 2.0987130636814175 s
       0.Info>>Progress: 81.955%, ETOTAL: 9.2107036683613615 s, ETA: 1.6620596683613611 s
       0.Info>>Scattering finished...                                           
       0.Info>>.................................................................
       0.Info>>.....................R.U.N...A.N.A.L.Y.S.I.S.....................
       0.Info>>.................................................................
       0.Info>>Aggregating timing information for performance analysis...       
       0.Info>>                                                                 
       0.Info>>                    Performance Analysis                         
       0.Info>>-----------------------------------------------------------------
       0.Info>> mean and total runtimes:                                        
       0.Info>>-----------------------------------------------------------------
       0.Info>>          measure |    total |       count |     mean |   stddev 
       0.Info>>-----------------------------------------------------------------
       0.Info>>   sd:c:b:dspstore| 3.737e-02|        10000| 3.737e-06| 2.004e-06
       0.Info>>    sd:c:b:scatter| 4.497e+01|        10000| 4.497e-03| 8.554e-04
       0.Info>>        sd:c:block| 4.515e+01|          100| 4.515e-01| 4.340e-02
       0.Info>>         sd:c:init| 1.510e+01|          100| 1.510e-01| 3.154e-02
       0.Info>>       sd:c:reduce| 1.070e-04|          100| 1.070e-06| 4.277e-07
       0.Info>>         sd:c:wait| 1.730e-04|          100| 1.730e-06| 5.721e-07
       0.Info>>        sd:compute| 6.025e+01|          100| 6.025e-01| 5.841e-02
       0.Info>>         sd:runner| 6.025e+01|            8| 7.532e+00| 0.000e+00
       0.Info>>          sd:stage| 1.973e-01|            8| 2.466e-02| 0.000e+00
       0.Info>> sd:worker:scatter| 4.459e+01|        10000| 4.459e-03| 8.275e-04
       0.Info>>    sd:worker:wait| 1.557e+01|        10000| 1.557e-03| 1.539e-02
       0.Info>>          sd:write| 1.033e-03|          100| 1.033e-05| 7.461e-06
       0.Info>>           st:fill| 1.343e-02|            8| 1.679e-03| 0.000e+00
       0.Info>>          st:first| 2.286e-02|            1| 2.286e-02| 0.000e+00
       0.Info>>           st:load| 2.254e-02|            1| 2.254e-02| 0.000e+00
       0.Info>>           st:wait| 1.603e-01|            8| 2.003e-02| 0.000e+00
       0.Info>>-----------------------------------------------------------------
       0.Info>>-----------------------------------------------------------------
       0.Info>> watermarks:                                                     
       0.Info>>-----------------------------------------------------------------
       0.Info>>          measure |      min |      max                          
       0.Info>>-----------------------------------------------------------------
       0.Info>>   sd:c:b:dspstore| 2.000e-06| 7.200e-05                         
       0.Info>>    sd:c:b:scatter| 1.539e-03| 1.915e-02                         
       0.Info>>        sd:c:block| 1.643e-01| 5.878e-01                         
       0.Info>>         sd:c:init| 1.158e-01| 2.515e-01                         
       0.Info>>       sd:c:reduce| 0.000e+00| 2.000e-06                         
       0.Info>>         sd:c:wait| 1.000e-06| 4.000e-06                         
       0.Info>>        sd:compute| 2.801e-01| 7.740e-01                         
       0.Info>>         sd:runner| 6.861e+00| 8.360e+00                         
       0.Info>>          sd:stage| 2.449e-02| 2.479e-02                         
       0.Info>> sd:worker:scatter| 1.515e-03| 1.155e-02                         
       0.Info>>    sd:worker:wait| 1.000e-06| 2.516e-01                         
       0.Info>>          sd:write| 5.000e-06| 4.800e-05                         
       0.Info>>           st:fill| 1.502e-03| 1.801e-03                         
       0.Info>>          st:first| 2.286e-02| 2.286e-02                         
       0.Info>>           st:load| 2.254e-02| 2.254e-02                         
       0.Info>>           st:wait| 1.400e-05| 2.290e-02                         
       0.Info>>-----------------------------------------------------------------
       0.Info>>                                                                 
       0.Info>>         Performance Analysis (relative to total time * nodes)   
       0.Info>>-----------------------------------------------------------------
       0.Info>> mean and total runtimes:                                        
       0.Info>>-----------------------------------------------------------------
       0.Info>>          measure |    total |       count |     mean |   stddev 
       0.Info>>-----------------------------------------------------------------
       0.Info>>   sd:c:b:dspstore| 5.299e-04|        10000| 5.299e-08| 2.386e-07
       0.Info>>    sd:c:b:scatter| 6.376e-01|        10000| 6.376e-05| 1.019e-04
       0.Info>>        sd:c:block| 6.402e-01|          100| 6.402e-03| 5.168e-03
       0.Info>>         sd:c:init| 2.140e-01|          100| 2.140e-03| 3.756e-03
       0.Info>>       sd:c:reduce| 1.517e-06|          100| 1.517e-08| 5.092e-08
       0.Info>>         sd:c:wait| 2.453e-06|          100| 2.453e-08| 6.811e-08
       0.Info>>        sd:compute| 8.542e-01|          100| 8.542e-03| 6.955e-03
       0.Info>>         sd:runner| 8.543e-01|            8| 1.068e-01| 0.000e+00
       0.Info>>          sd:stage| 2.798e-03|            8| 3.497e-04| 0.000e+00
       0.Info>> sd:worker:scatter| 6.321e-01|        10000| 6.321e-05| 9.854e-05
       0.Info>>    sd:worker:wait| 2.207e-01|        10000| 2.207e-05| 1.832e-03
       0.Info>>          sd:write| 1.465e-05|          100| 1.465e-07| 8.884e-07
       0.Info>>           st:fill| 1.904e-04|            8| 2.380e-05| 0.000e+00
       0.Info>>          st:first| 3.241e-04|            1| 3.241e-04| 0.000e+00
       0.Info>>           st:load| 3.195e-04|            1| 3.195e-04| 0.000e+00
       0.Info>>           st:wait| 2.272e-03|            8| 2.840e-04| 0.000e+00
       0.Info>>-----------------------------------------------------------------
       0.Info>>-----------------------------------------------------------------
       0.Info>> watermarks:                                                     
       0.Info>>-----------------------------------------------------------------
       0.Info>>          measure |      min |      max                          
       0.Info>>-----------------------------------------------------------------
       0.Info>>   sd:c:b:dspstore| 2.836e-08| 1.021e-06                         
       0.Info>>    sd:c:b:scatter| 2.182e-05| 2.715e-04                         
       0.Info>>        sd:c:block| 2.329e-03| 8.334e-03                         
       0.Info>>         sd:c:init| 1.642e-03| 3.566e-03                         
       0.Info>>       sd:c:reduce| 0.000e+00| 2.836e-08                         
       0.Info>>         sd:c:wait| 1.418e-08| 5.671e-08                         
       0.Info>>        sd:compute| 3.972e-03| 1.097e-02                         
       0.Info>>         sd:runner| 9.728e-02| 1.185e-01                         
       0.Info>>          sd:stage| 3.472e-04| 3.514e-04                         
       0.Info>> sd:worker:scatter| 2.148e-05| 1.637e-04                         
       0.Info>>    sd:worker:wait| 1.418e-08| 3.568e-03                         
       0.Info>>          sd:write| 7.089e-08| 6.805e-07                         
       0.Info>>           st:fill| 2.130e-05| 2.553e-05                         
       0.Info>>          st:first| 3.241e-04| 3.241e-04                         
       0.Info>>           st:load| 3.195e-04| 3.195e-04                         
       0.Info>>           st:wait| 1.985e-07| 3.247e-04                         
       0.Info>>-----------------------------------------------------------------
       0.Info>>Total runtime (s): 8.816592                                      
       0.Info>>Successfully finished... Have a nice day!                        
