       0.Info>>This software is being developed by Benjamin Lindner.                    
       0.Info>>For help, suggestions or correspondense use:                             
       0.Info>>ben@benlabs.net, Benjamin Lindner (Main Developer, Impl. & Maintenance)  
       0.Info>>franc@cmm.ki.si, Franci Merzel (Methodology)                             
       0.Info>>For publications include the following references:                       
       0.Info>>.........................................................................
       0.Info>>1. Sassena - X-ray and Neutron Scattering Calculated                     
       0.Info>>  from Molecular Dynamics Trajectories using Massively Parallel Computers
       0.Info>>  published as a Computer Program in Physics Paper                       
       0.Info>>.........................................................................
       0.Info>>Version Information: 1.4.2                                       
       0.Info>>                                                                 
       0.Info>>.................................................................
       0.Info>>......................D.E.S.C.R.I.P.T.I.O.N......................
       0.Info>>.................................................................
       0.Info>>This binary computes the scattering intensities directly from    
       0.Info>>a molecular dynamics trajectory.                                 
       0.Info>>.................................................................
       0.Info>>.................................................................
       0.Info>>...................I.N.I.T.I.A.L.I.Z.A.T.I.O.N...................
       0.Info>>.................................................................
       0.Info>>No configuration file specified. Will use default                
       0.Info>>Looking for configuration file: scatter.xml                      
       0.Info>>Reading parameters from XML file: scatter.xml                    
       0.Info>>Added frames from /home/amajumda/study/continuum_simulations/gitlab/continuum-to-scattering/data/100_100_100_10_10_10/single_atom_shrink/iteration_001/t003/pdb_dcd/sample.dcd using format: dcd
       0.Info>>Options: first=0, last=0, lastset=0, stride=1                    
       0.Info>>stager.target=system                                             
       0.Info>>scattering.type=all                                              
       0.Info>>scattering.dsp.type=square                                       
       0.Info>>scattering.average.orientation.type=vectors                      
       0.Info>>scattering.average.orientation.vectors.type=sphere               
       0.Info>>scattering.average.orientation.vectors.algorithm=boost_uniform_on_sphere
       0.Info>>scattering.average.orientation.vectors.resolution=100            
       0.Info>>Generating orientations for orientational averaging using sphere,boost_uniform_on_sphere
       0.Info>>Initialized orientational averaging with 100 vectors.            
       0.Info>>scattering.signal.file=signal.h5                                 
       0.Info>>scattering.signal.filepath=/home/amajumda/study/continuum_simulations/gitlab/continuum-to-scattering/data/100_100_100_10_10_10/single_atom_shrink/iteration_001/t003/signal.h5
       0.Info>>scattering.signal.fqt=1                                          
       0.Info>>scattering.signal.fq0=1                                          
       0.Info>>scattering.signal.fq=1                                           
       0.Info>>scattering.signal.fq2=1                                          
       0.Info>>Analyzing command line for parameter overwrites                  
       0.Info>>Reading database from file: /home/amajumda/study/continuum_simulations/gitlab/continuum-to-scattering/data/100_100_100_10_10_10/single_atom_shrink/iteration_001/t003/database/db-neutron-coherent.xml
       0.Info>>Checking database...                                             
       0.Info>>Testing mapping between PDB names and atom labels                
       0.Info>>Testing database completeness for referenced atom labels         
       0.Info>>Check succeeded. Database seems OK.                              
       0.Info>>Initializing sample...                                           
       0.Info>>Reading structure from file: /home/amajumda/study/continuum_simulations/gitlab/continuum-to-scattering/data/100_100_100_10_10_10/single_atom_shrink/iteration_001/t003/pdb_dcd/sample.pdb
       0.Info>>Done. Atoms read: 1000                                           
       0.Info>>Reading frames from: /home/amajumda/study/continuum_simulations/gitlab/continuum-to-scattering/data/100_100_100_10_10_10/single_atom_shrink/iteration_001/t003/pdb_dcd/sample.dcd
       0.Info>>Found 1 frames                                                   
       0.Info>>Total number of coordinate sets found: 1                         
       0.Info>>Exchanging sample, database & params information with compute nodes... 
       0.Info>>params...                                                        
       0.Info>>database...                                                      
       0.Info>>sample...                                                        
       0.Info>>.................................................................
       0.Info>>......................C.O.M.P.U.T.A.T.I.O.N......................
       0.Info>>.................................................................
       0.Info>>Setting up services...                                           
       0.Info>>Initializing data file service...                                
       0.Info>>Initializing monitor service...                                  
       0.Info>>Starting data file service...                                    
       0.Info>>Starting monitor service...                                      
       0.Info>>Services setup and running...                                    
       0.Info>>Checking /home/amajumda/study/continuum_simulations/gitlab/continuum-to-scattering/data/100_100_100_10_10_10/single_atom_shrink/iteration_001/t003/signal.h5 for old results.
       0.Info>>Broadcasting service information                                 
       0.Info>>Server host name    : hzglap02                                   
       0.Info>>FileService Port    : 34715                                      
       0.Info>>MonitorService Port : 45913                                      
       0.Info>>Setting up parallel environment...                               
       0.Info>>Searching for decomposition plan:                                
       0.Info>>nodes    = 8                                                     
       0.Info>>qvectors = 100                                                   
       0.Info>>frames   = 1                                                     
       0.Info>>atoms   = 1000                                                   
       0.Info>>All interference scattering detected. Applying frame decomposition.
       0.Info>>Automatic decomposition. Searching for best utilization.         
       0.Info>>Final decomposition parameters:                                  
       0.Info>>NN                : 8                                            
       0.Info>>NQ                : 100                                          
       0.Info>>NAF               : 1                                            
       0.Info>>NP                : 8                                            
       0.Info>>NNpP              : 1                                            
       0.Info>>NAFcycles         : 1                                            
       0.Info>>NQcycles          : 13                                           
       0.Info>>CompEl (WASTE/USE): 4/100                                        
       0.Info>>utilization(1=best)    : 0.96153846153846156                     
       0.Info>>Initializing Scatter Device, Vectors (all)                       
       0.Info>>Starting scattering...                                           
       0.Info>>Checking memory requirements for scattering calculation...       
       0.Info>>required limits.computation.memory.result_buffer=16              
       0.Info>>required limits.computation.memory.signal_buffer=16              
       0.Info>>required limits.computation.memory.exchange_buffer=0             
       0.Info>>required limits.computation.memory.alignpad_buffer=32            
       0.Info>>Memory limits ok                                                 
       0.Info>>Staging data...                                                  
       0.Info>>Forcing stager.mode=frames                                       
       0.Info>>Staging first partition.                                         
       0.Info>>Staging remaining partitions.                                    
       0.Info>>background scattering length set to 0                            
       0.Info>>Target initialized.                                              
       0.Info>>Target 'system' produces a background scattering length density of 0.16976527263135749
       0.Info>>Starting computation...                                          
       0.Info>>Orientational averaging includes 100 vectors                     
       0.Info>>Setting progress sampling factor for monitoring to 1             
       0.Info>>Scattering finished...                                           
       0.Info>>.................................................................
       0.Info>>.....................R.U.N...A.N.A.L.Y.S.I.S.....................
       0.Info>>.................................................................
       0.Info>>Aggregating timing information for performance analysis...       
       0.Info>>                                                                 
       0.Info>>                    Performance Analysis                         
       0.Info>>-----------------------------------------------------------------
       0.Info>> mean and total runtimes:                                        
       0.Info>>-----------------------------------------------------------------
       0.Info>>          measure |    total |       count |     mean |   stddev 
       0.Info>>-----------------------------------------------------------------
       0.Info>>   sd:c:b:dspstore| 2.618e-02|        10000| 2.618e-06| 1.621e-06
       0.Info>>    sd:c:b:scatter| 6.052e-01|        10000| 6.052e-05| 2.206e-05
       0.Info>>        sd:c:block| 7.330e-01|          100| 7.330e-03| 4.621e-04
       0.Info>>         sd:c:init| 1.390e-01|          100| 1.390e-03| 2.978e-04
       0.Info>>       sd:c:reduce| 9.900e-05|          100| 9.900e-07| 4.538e-07
       0.Info>>         sd:c:wait| 1.450e-04|          100| 1.450e-06| 5.550e-07
       0.Info>>        sd:compute| 8.742e-01|          100| 8.742e-03| 5.602e-04
       0.Info>>         sd:runner| 8.769e-01|            8| 1.096e-01| 0.000e+00
       0.Info>>          sd:stage| 3.151e-03|            8| 3.939e-04| 0.000e+00
       0.Info>> sd:worker:scatter| 4.222e-01|        10000| 4.222e-05| 6.575e-06
       0.Info>>    sd:worker:wait| 3.795e-01|        10000| 3.795e-05| 1.472e-04
       0.Info>>          sd:write| 7.720e-04|          100| 7.720e-06| 5.824e-06
       0.Info>>           st:fill| 6.540e-04|            8| 8.175e-05| 0.000e+00
       0.Info>>          st:first| 2.270e-04|            1| 2.270e-04| 0.000e+00
       0.Info>>           st:load| 2.030e-04|            1| 2.030e-04| 0.000e+00
       0.Info>>           st:wait| 1.711e-03|            8| 2.139e-04| 0.000e+00
       0.Info>>-----------------------------------------------------------------
       0.Info>>-----------------------------------------------------------------
       0.Info>> watermarks:                                                     
       0.Info>>-----------------------------------------------------------------
       0.Info>>          measure |      min |      max                          
       0.Info>>-----------------------------------------------------------------
       0.Info>>   sd:c:b:dspstore| 1.000e-06| 5.500e-05                         
       0.Info>>    sd:c:b:scatter| 2.700e-05| 1.832e-03                         
       0.Info>>        sd:c:block| 5.955e-03| 8.859e-03                         
       0.Info>>         sd:c:init| 9.290e-04| 2.218e-03                         
       0.Info>>       sd:c:reduce| 0.000e+00| 2.000e-06                         
       0.Info>>         sd:c:wait| 1.000e-06| 3.000e-06                         
       0.Info>>        sd:compute| 6.995e-03| 1.083e-02                         
       0.Info>>         sd:runner| 9.846e-02| 1.182e-01                         
       0.Info>>          sd:stage| 3.910e-04| 4.000e-04                         
       0.Info>> sd:worker:scatter| 1.200e-05| 2.070e-04                         
       0.Info>>    sd:worker:wait| 1.200e-05| 2.264e-03                         
       0.Info>>          sd:write| 4.000e-06| 3.500e-05                         
       0.Info>>           st:fill| 7.600e-05| 8.700e-05                         
       0.Info>>          st:first| 2.270e-04| 2.270e-04                         
       0.Info>>           st:load| 2.030e-04| 2.030e-04                         
       0.Info>>           st:wait| 4.000e-06| 2.460e-04                         
       0.Info>>-----------------------------------------------------------------
       0.Info>>                                                                 
       0.Info>>         Performance Analysis (relative to total time * nodes)   
       0.Info>>-----------------------------------------------------------------
       0.Info>> mean and total runtimes:                                        
       0.Info>>-----------------------------------------------------------------
       0.Info>>          measure |    total |       count |     mean |   stddev 
       0.Info>>-----------------------------------------------------------------
       0.Info>>   sd:c:b:dspstore| 2.039e-02|        10000| 2.039e-06| 1.430e-06
       0.Info>>    sd:c:b:scatter| 4.713e-01|        10000| 4.713e-05| 1.947e-05
       0.Info>>        sd:c:block| 5.708e-01|          100| 5.708e-03| 4.078e-04
       0.Info>>         sd:c:init| 1.083e-01|          100| 1.083e-03| 2.628e-04
       0.Info>>       sd:c:reduce| 7.709e-05|          100| 7.709e-07| 4.004e-07
       0.Info>>         sd:c:wait| 1.129e-04|          100| 1.129e-06| 4.898e-07
       0.Info>>        sd:compute| 6.807e-01|          100| 6.807e-03| 4.943e-04
       0.Info>>         sd:runner| 6.828e-01|            8| 8.535e-02| 0.000e+00
       0.Info>>          sd:stage| 2.454e-03|            8| 3.067e-04| 0.000e+00
       0.Info>> sd:worker:scatter| 3.288e-01|        10000| 3.288e-05| 5.802e-06
       0.Info>>    sd:worker:wait| 2.955e-01|        10000| 2.955e-05| 1.299e-04
       0.Info>>          sd:write| 6.012e-04|          100| 6.012e-06| 5.140e-06
       0.Info>>           st:fill| 5.093e-04|            8| 6.366e-05| 0.000e+00
       0.Info>>          st:first| 1.768e-04|            1| 1.768e-04| 0.000e+00
       0.Info>>           st:load| 1.581e-04|            1| 1.581e-04| 0.000e+00
       0.Info>>           st:wait| 1.332e-03|            8| 1.665e-04| 0.000e+00
       0.Info>>-----------------------------------------------------------------
       0.Info>>-----------------------------------------------------------------
       0.Info>> watermarks:                                                     
       0.Info>>-----------------------------------------------------------------
       0.Info>>          measure |      min |      max                          
       0.Info>>-----------------------------------------------------------------
       0.Info>>   sd:c:b:dspstore| 7.787e-07| 4.283e-05                         
       0.Info>>    sd:c:b:scatter| 2.103e-05| 1.427e-03                         
       0.Info>>        sd:c:block| 4.637e-03| 6.899e-03                         
       0.Info>>         sd:c:init| 7.234e-04| 1.727e-03                         
       0.Info>>       sd:c:reduce| 0.000e+00| 1.557e-06                         
       0.Info>>         sd:c:wait| 7.787e-07| 2.336e-06                         
       0.Info>>        sd:compute| 5.447e-03| 8.433e-03                         
       0.Info>>         sd:runner| 7.667e-02| 9.203e-02                         
       0.Info>>          sd:stage| 3.045e-04| 3.115e-04                         
       0.Info>> sd:worker:scatter| 9.345e-06| 1.612e-04                         
       0.Info>>    sd:worker:wait| 9.345e-06| 1.763e-03                         
       0.Info>>          sd:write| 3.115e-06| 2.726e-05                         
       0.Info>>           st:fill| 5.918e-05| 6.775e-05                         
       0.Info>>          st:first| 1.768e-04| 1.768e-04                         
       0.Info>>           st:load| 1.581e-04| 1.581e-04                         
       0.Info>>           st:wait| 3.115e-06| 1.916e-04                         
       0.Info>>-----------------------------------------------------------------
       0.Info>>Total runtime (s): 0.16052                                       
       0.Info>>Successfully finished... Have a nice day!                        
