       0.Info>>This software is being developed by Benjamin Lindner.                    
       0.Info>>For help, suggestions or correspondense use:                             
       0.Info>>ben@benlabs.net, Benjamin Lindner (Main Developer, Impl. & Maintenance)  
       0.Info>>franc@cmm.ki.si, Franci Merzel (Methodology)                             
       0.Info>>For publications include the following references:                       
       0.Info>>.........................................................................
       0.Info>>1. Sassena - X-ray and Neutron Scattering Calculated                     
       0.Info>>  from Molecular Dynamics Trajectories using Massively Parallel Computers
       0.Info>>  published as a Computer Program in Physics Paper                       
       0.Info>>.........................................................................
       0.Info>>Version Information: 1.4.2                                       
       0.Info>>                                                                 
       0.Info>>.................................................................
       0.Info>>......................D.E.S.C.R.I.P.T.I.O.N......................
       0.Info>>.................................................................
       0.Info>>This binary computes the scattering intensities directly from    
       0.Info>>a molecular dynamics trajectory.                                 
       0.Info>>.................................................................
       0.Info>>.................................................................
       0.Info>>...................I.N.I.T.I.A.L.I.Z.A.T.I.O.N...................
       0.Info>>.................................................................
       0.Info>>No configuration file specified. Will use default                
       0.Info>>Looking for configuration file: scatter.xml                      
       0.Info>>Reading parameters from XML file: scatter.xml                    
       0.Info>>Added frames from /home/amajumda/study/continuum_simulations/gitlab/continuum-to-scattering/data/100_100_100_50_50_50/single_atom_shrink/iteration_001/t001/pdb_dcd/sample.dcd using format: dcd
       0.Info>>Options: first=0, last=0, lastset=0, stride=1                    
       0.Info>>stager.target=system                                             
       0.Info>>scattering.type=all                                              
       0.Info>>scattering.dsp.type=square                                       
       0.Info>>scattering.average.orientation.type=vectors                      
       0.Info>>scattering.average.orientation.vectors.type=sphere               
       0.Info>>scattering.average.orientation.vectors.algorithm=boost_uniform_on_sphere
       0.Info>>scattering.average.orientation.vectors.resolution=100            
       0.Info>>Generating orientations for orientational averaging using sphere,boost_uniform_on_sphere
       0.Info>>Initialized orientational averaging with 100 vectors.            
       0.Info>>scattering.signal.file=signal.h5                                 
       0.Info>>scattering.signal.filepath=/home/amajumda/study/continuum_simulations/gitlab/continuum-to-scattering/data/100_100_100_50_50_50/single_atom_shrink/iteration_001/t001/signal.h5
       0.Info>>scattering.signal.fqt=1                                          
       0.Info>>scattering.signal.fq0=1                                          
       0.Info>>scattering.signal.fq=1                                           
       0.Info>>scattering.signal.fq2=1                                          
       0.Info>>Analyzing command line for parameter overwrites                  
       0.Info>>Reading database from file: /home/amajumda/study/continuum_simulations/gitlab/continuum-to-scattering/data/100_100_100_50_50_50/single_atom_shrink/iteration_001/t001/database/db-neutron-coherent.xml
       0.Info>>Checking database...                                             
       0.Info>>Testing mapping between PDB names and atom labels                
       0.Info>>Testing database completeness for referenced atom labels         
       0.Info>>Check succeeded. Database seems OK.                              
       0.Info>>Initializing sample...                                           
       0.Info>>Reading structure from file: /home/amajumda/study/continuum_simulations/gitlab/continuum-to-scattering/data/100_100_100_50_50_50/single_atom_shrink/iteration_001/t001/pdb_dcd/sample.pdb
       0.Info>>Done. Atoms read: 125000                                         
       0.Info>>Reading frames from: /home/amajumda/study/continuum_simulations/gitlab/continuum-to-scattering/data/100_100_100_50_50_50/single_atom_shrink/iteration_001/t001/pdb_dcd/sample.dcd
       0.Info>>Found 1 frames                                                   
       0.Info>>Total number of coordinate sets found: 1                         
       0.Info>>Exchanging sample, database & params information with compute nodes... 
       0.Info>>params...                                                        
       0.Info>>database...                                                      
       0.Info>>sample...                                                        
       0.Info>>.................................................................
       0.Info>>......................C.O.M.P.U.T.A.T.I.O.N......................
       0.Info>>.................................................................
       0.Info>>Setting up services...                                           
       0.Info>>Initializing data file service...                                
       0.Info>>Initializing monitor service...                                  
       0.Info>>Starting data file service...                                    
       0.Info>>Starting monitor service...                                      
       0.Info>>Services setup and running...                                    
       0.Info>>Checking /home/amajumda/study/continuum_simulations/gitlab/continuum-to-scattering/data/100_100_100_50_50_50/single_atom_shrink/iteration_001/t001/signal.h5 for old results.
       0.Info>>Broadcasting service information                                 
       0.Info>>Server host name    : hzglap02                                   
       0.Info>>FileService Port    : 39619                                      
       0.Info>>MonitorService Port : 45537                                      
       0.Info>>Setting up parallel environment...                               
       0.Info>>Searching for decomposition plan:                                
       0.Info>>nodes    = 8                                                     
       0.Info>>qvectors = 100                                                   
       0.Info>>frames   = 1                                                     
       0.Info>>atoms   = 125000                                                 
       0.Info>>All interference scattering detected. Applying frame decomposition.
       0.Info>>Automatic decomposition. Searching for best utilization.         
       0.Info>>Final decomposition parameters:                                  
       0.Info>>NN                : 8                                            
       0.Info>>NQ                : 100                                          
       0.Info>>NAF               : 1                                            
       0.Info>>NP                : 8                                            
       0.Info>>NNpP              : 1                                            
       0.Info>>NAFcycles         : 1                                            
       0.Info>>NQcycles          : 13                                           
       0.Info>>CompEl (WASTE/USE): 4/100                                        
       0.Info>>utilization(1=best)    : 0.96153846153846156                     
       0.Info>>Initializing Scatter Device, Vectors (all)                       
       0.Info>>Starting scattering...                                           
       0.Info>>Checking memory requirements for scattering calculation...       
       0.Info>>required limits.computation.memory.result_buffer=16              
       0.Info>>required limits.computation.memory.signal_buffer=16              
       0.Info>>required limits.computation.memory.exchange_buffer=0             
       0.Info>>required limits.computation.memory.alignpad_buffer=32            
       0.Info>>Memory limits ok                                                 
       0.Info>>Staging data...                                                  
       0.Info>>Forcing stager.mode=frames                                       
       0.Info>>Staging first partition.                                         
       0.Info>>Staging remaining partitions.                                    
       0.Info>>background scattering length set to 0                            
       0.Info>>Target initialized.                                              
       0.Info>>Target 'system' produces a background scattering length density of 0.002310220154859426
       0.Info>>Starting computation...                                          
       0.Info>>Orientational averaging includes 100 vectors                     
       0.Info>>Setting progress sampling factor for monitoring to 1             
       0.Info>>Progress: 2.260%, ETOTAL: 59.282388940092162 s, ETA: 57.94235994009216 s
       0.Info>>Progress: 4.646%, ETOTAL: 28.938339013452918 s, ETA: 27.593912013452918 s
       0.Info>>Progress: 6.655%, ETOTAL: 20.221491548278355 s, ETA: 18.875660548278354 s
       0.Info>>Progress: 11.050%, ETOTAL: 12.239033108549055 s, ETA: 10.886561108549055 s
       0.Info>>Progress: 22.080%, ETOTAL: 15.124119610974015 s, ETA: 11.784694610974014 s
       0.Info>>Progress: 32.705%, ETOTAL: 10.270349588396707 s, ETA: 6.9114185883967068 s
       0.Info>>Progress: 43.080%, ETOTAL: 7.8322283163455113 s, ETA: 4.4580943163455107 s
       0.Info>>Progress: 50.330%, ETOTAL: 10.608288097815704 s, ETA: 5.2691230978157035 s
       0.Info>>Progress: 60.705%, ETOTAL: 8.8610141499472022 s, ETA: 3.4819241499472025 s
       0.Info>>Progress: 70.580%, ETOTAL: 7.7667895190954095 s, ETA: 2.2849795190954092 s
       0.Info>>Progress: 80.205%, ETOTAL: 9.1763259590792856 s, ETA: 1.8164419590792855 s
       0.Info>>Scattering finished...                                           
       0.Info>>.................................................................
       0.Info>>.....................R.U.N...A.N.A.L.Y.S.I.S.....................
       0.Info>>.................................................................
       0.Info>>Aggregating timing information for performance analysis...       
       0.Info>>                                                                 
       0.Info>>                    Performance Analysis                         
       0.Info>>-----------------------------------------------------------------
       0.Info>> mean and total runtimes:                                        
       0.Info>>-----------------------------------------------------------------
       0.Info>>          measure |    total |       count |     mean |   stddev 
       0.Info>>-----------------------------------------------------------------
       0.Info>>   sd:c:b:dspstore| 3.624e-02|        10000| 3.624e-06| 2.884e-06
       0.Info>>    sd:c:b:scatter| 4.309e+01|        10000| 4.309e-03| 7.715e-04
       0.Info>>        sd:c:block| 4.327e+01|          100| 4.327e-01| 4.072e-02
       0.Info>>         sd:c:init| 1.461e+01|          100| 1.461e-01| 2.488e-02
       0.Info>>       sd:c:reduce| 9.600e-05|          100| 9.600e-07| 5.309e-07
       0.Info>>         sd:c:wait| 1.650e-04|          100| 1.650e-06| 5.786e-07
       0.Info>>        sd:compute| 5.788e+01|          100| 5.788e-01| 5.197e-02
       0.Info>>         sd:runner| 5.788e+01|            8| 7.235e+00| 0.000e+00
       0.Info>>          sd:stage| 2.015e-01|            8| 2.519e-02| 0.000e+00
       0.Info>> sd:worker:scatter| 4.274e+01|        10000| 4.274e-03| 7.642e-04
       0.Info>>    sd:worker:wait| 1.505e+01|        10000| 1.505e-03| 1.477e-02
       0.Info>>          sd:write| 9.880e-04|          100| 9.880e-06| 6.834e-06
       0.Info>>           st:fill| 1.356e-02|            8| 1.695e-03| 0.000e+00
       0.Info>>          st:first| 2.336e-02|            1| 2.336e-02| 0.000e+00
       0.Info>>           st:load| 2.296e-02|            1| 2.296e-02| 0.000e+00
       0.Info>>           st:wait| 1.637e-01|            8| 2.047e-02| 0.000e+00
       0.Info>>-----------------------------------------------------------------
       0.Info>>-----------------------------------------------------------------
       0.Info>> watermarks:                                                     
       0.Info>>-----------------------------------------------------------------
       0.Info>>          measure |      min |      max                          
       0.Info>>-----------------------------------------------------------------
       0.Info>>   sd:c:b:dspstore| 1.000e-06| 2.020e-04                         
       0.Info>>    sd:c:b:scatter| 1.557e-03| 1.084e-02                         
       0.Info>>        sd:c:block| 1.620e-01| 5.368e-01                         
       0.Info>>         sd:c:init| 1.165e-01| 2.222e-01                         
       0.Info>>       sd:c:reduce| 0.000e+00| 2.000e-06                         
       0.Info>>         sd:c:wait| 1.000e-06| 4.000e-06                         
       0.Info>>        sd:compute| 2.859e-01| 7.047e-01                         
       0.Info>>         sd:runner| 6.352e+00| 8.000e+00                         
       0.Info>>          sd:stage| 2.508e-02| 2.529e-02                         
       0.Info>> sd:worker:scatter| 1.536e-03| 6.692e-03                         
       0.Info>>    sd:worker:wait| 2.000e-06| 2.223e-01                         
       0.Info>>          sd:write| 5.000e-06| 4.100e-05                         
       0.Info>>           st:fill| 1.583e-03| 1.790e-03                         
       0.Info>>          st:first| 2.336e-02| 2.336e-02                         
       0.Info>>           st:load| 2.296e-02| 2.296e-02                         
       0.Info>>           st:wait| 9.000e-06| 2.339e-02                         
       0.Info>>-----------------------------------------------------------------
       0.Info>>                                                                 
       0.Info>>         Performance Analysis (relative to total time * nodes)   
       0.Info>>-----------------------------------------------------------------
       0.Info>> mean and total runtimes:                                        
       0.Info>>-----------------------------------------------------------------
       0.Info>>          measure |    total |       count |     mean |   stddev 
       0.Info>>-----------------------------------------------------------------
       0.Info>>   sd:c:b:dspstore| 5.374e-04|        10000| 5.374e-08| 3.511e-07
       0.Info>>    sd:c:b:scatter| 6.390e-01|        10000| 6.390e-05| 9.394e-05
       0.Info>>        sd:c:block| 6.416e-01|          100| 6.416e-03| 4.959e-03
       0.Info>>         sd:c:init| 2.166e-01|          100| 2.166e-03| 3.030e-03
       0.Info>>       sd:c:reduce| 1.424e-06|          100| 1.424e-08| 6.465e-08
       0.Info>>         sd:c:wait| 2.447e-06|          100| 2.447e-08| 7.046e-08
       0.Info>>        sd:compute| 8.582e-01|          100| 8.582e-03| 6.329e-03
       0.Info>>         sd:runner| 8.583e-01|            8| 1.073e-01| 0.000e+00
       0.Info>>          sd:stage| 2.988e-03|            8| 3.735e-04| 0.000e+00
       0.Info>> sd:worker:scatter| 6.337e-01|        10000| 6.337e-05| 9.306e-05
       0.Info>>    sd:worker:wait| 2.231e-01|        10000| 2.231e-05| 1.799e-03
       0.Info>>          sd:write| 1.465e-05|          100| 1.465e-07| 8.322e-07
       0.Info>>           st:fill| 2.011e-04|            8| 2.514e-05| 0.000e+00
       0.Info>>          st:first| 3.464e-04|            1| 3.464e-04| 0.000e+00
       0.Info>>           st:load| 3.405e-04|            1| 3.405e-04| 0.000e+00
       0.Info>>           st:wait| 2.428e-03|            8| 3.035e-04| 0.000e+00
       0.Info>>-----------------------------------------------------------------
       0.Info>>-----------------------------------------------------------------
       0.Info>> watermarks:                                                     
       0.Info>>-----------------------------------------------------------------
       0.Info>>          measure |      min |      max                          
       0.Info>>-----------------------------------------------------------------
       0.Info>>   sd:c:b:dspstore| 1.483e-08| 2.995e-06                         
       0.Info>>    sd:c:b:scatter| 2.309e-05| 1.607e-04                         
       0.Info>>        sd:c:block| 2.402e-03| 7.960e-03                         
       0.Info>>         sd:c:init| 1.727e-03| 3.294e-03                         
       0.Info>>       sd:c:reduce| 0.000e+00| 2.966e-08                         
       0.Info>>         sd:c:wait| 1.483e-08| 5.932e-08                         
       0.Info>>        sd:compute| 4.240e-03| 1.045e-02                         
       0.Info>>         sd:runner| 9.419e-02| 1.186e-01                         
       0.Info>>          sd:stage| 3.719e-04| 3.750e-04                         
       0.Info>> sd:worker:scatter| 2.278e-05| 9.924e-05                         
       0.Info>>    sd:worker:wait| 2.966e-08| 3.296e-03                         
       0.Info>>          sd:write| 7.415e-08| 6.080e-07                         
       0.Info>>           st:fill| 2.347e-05| 2.654e-05                         
       0.Info>>          st:first| 3.464e-04| 3.464e-04                         
       0.Info>>           st:load| 3.405e-04| 3.405e-04                         
       0.Info>>           st:wait| 1.335e-07| 3.469e-04                         
       0.Info>>-----------------------------------------------------------------
       0.Info>>Total runtime (s): 8.4293890000000005                            
       0.Info>>Successfully finished... Have a nice day!                        
