       0.Info>>This software is being developed by Benjamin Lindner.                    
       0.Info>>For help, suggestions or correspondense use:                             
       0.Info>>ben@benlabs.net, Benjamin Lindner (Main Developer, Impl. & Maintenance)  
       0.Info>>franc@cmm.ki.si, Franci Merzel (Methodology)                             
       0.Info>>For publications include the following references:                       
       0.Info>>.........................................................................
       0.Info>>1. Sassena - X-ray and Neutron Scattering Calculated                     
       0.Info>>  from Molecular Dynamics Trajectories using Massively Parallel Computers
       0.Info>>  published as a Computer Program in Physics Paper                       
       0.Info>>.........................................................................
       0.Info>>Version Information: 1.4.2                                       
       0.Info>>                                                                 
       0.Info>>.................................................................
       0.Info>>......................D.E.S.C.R.I.P.T.I.O.N......................
       0.Info>>.................................................................
       0.Info>>This binary computes the scattering intensities directly from    
       0.Info>>a molecular dynamics trajectory.                                 
       0.Info>>.................................................................
       0.Info>>.................................................................
       0.Info>>...................I.N.I.T.I.A.L.I.Z.A.T.I.O.N...................
       0.Info>>.................................................................
       0.Info>>No configuration file specified. Will use default                
       0.Info>>Looking for configuration file: scatter.xml                      
       0.Info>>Reading parameters from XML file: scatter.xml                    
       0.Info>>Added frames from /home/amajumda/study/continuum_simulations/gitlab/continuum-to-scattering/data/100_100_100_10_10_10/single_atom_shrink/iteration_006/t002/pdb_dcd/sample.dcd using format: dcd
       0.Info>>Options: first=0, last=0, lastset=0, stride=1                    
       0.Info>>stager.target=system                                             
       0.Info>>scattering.type=all                                              
       0.Info>>scattering.dsp.type=square                                       
       0.Info>>scattering.average.orientation.type=vectors                      
       0.Info>>scattering.average.orientation.vectors.type=sphere               
       0.Info>>scattering.average.orientation.vectors.algorithm=boost_uniform_on_sphere
       0.Info>>scattering.average.orientation.vectors.resolution=100            
       0.Info>>Generating orientations for orientational averaging using sphere,boost_uniform_on_sphere
       0.Info>>Initialized orientational averaging with 100 vectors.            
       0.Info>>scattering.signal.file=signal.h5                                 
       0.Info>>scattering.signal.filepath=/home/amajumda/study/continuum_simulations/gitlab/continuum-to-scattering/data/100_100_100_10_10_10/single_atom_shrink/iteration_006/t002/signal.h5
       0.Info>>scattering.signal.fqt=1                                          
       0.Info>>scattering.signal.fq0=1                                          
       0.Info>>scattering.signal.fq=1                                           
       0.Info>>scattering.signal.fq2=1                                          
       0.Info>>Analyzing command line for parameter overwrites                  
       0.Info>>Reading database from file: /home/amajumda/study/continuum_simulations/gitlab/continuum-to-scattering/data/100_100_100_10_10_10/single_atom_shrink/iteration_006/t002/database/db-neutron-coherent.xml
       0.Info>>Checking database...                                             
       0.Info>>Testing mapping between PDB names and atom labels                
       0.Info>>Testing database completeness for referenced atom labels         
       0.Info>>Check succeeded. Database seems OK.                              
       0.Info>>Initializing sample...                                           
       0.Info>>Reading structure from file: /home/amajumda/study/continuum_simulations/gitlab/continuum-to-scattering/data/100_100_100_10_10_10/single_atom_shrink/iteration_006/t002/pdb_dcd/sample.pdb
       0.Info>>Done. Atoms read: 1000                                           
       0.Info>>Reading frames from: /home/amajumda/study/continuum_simulations/gitlab/continuum-to-scattering/data/100_100_100_10_10_10/single_atom_shrink/iteration_006/t002/pdb_dcd/sample.dcd
       0.Info>>Found 1 frames                                                   
       0.Info>>Total number of coordinate sets found: 1                         
       0.Info>>Exchanging sample, database & params information with compute nodes... 
       0.Info>>params...                                                        
       0.Info>>database...                                                      
       0.Info>>sample...                                                        
       0.Info>>.................................................................
       0.Info>>......................C.O.M.P.U.T.A.T.I.O.N......................
       0.Info>>.................................................................
       0.Info>>Setting up services...                                           
       0.Info>>Initializing data file service...                                
       0.Info>>Initializing monitor service...                                  
       0.Info>>Starting data file service...                                    
       0.Info>>Starting monitor service...                                      
       0.Info>>Services setup and running...                                    
       0.Info>>Checking /home/amajumda/study/continuum_simulations/gitlab/continuum-to-scattering/data/100_100_100_10_10_10/single_atom_shrink/iteration_006/t002/signal.h5 for old results.
       0.Info>>Broadcasting service information                                 
       0.Info>>Server host name    : hzglap02                                   
       0.Info>>FileService Port    : 38537                                      
       0.Info>>MonitorService Port : 42473                                      
       0.Info>>Setting up parallel environment...                               
       0.Info>>Searching for decomposition plan:                                
       0.Info>>nodes    = 8                                                     
       0.Info>>qvectors = 100                                                   
       0.Info>>frames   = 1                                                     
       0.Info>>atoms   = 1000                                                   
       0.Info>>All interference scattering detected. Applying frame decomposition.
       0.Info>>Automatic decomposition. Searching for best utilization.         
       0.Info>>Final decomposition parameters:                                  
       0.Info>>NN                : 8                                            
       0.Info>>NQ                : 100                                          
       0.Info>>NAF               : 1                                            
       0.Info>>NP                : 8                                            
       0.Info>>NNpP              : 1                                            
       0.Info>>NAFcycles         : 1                                            
       0.Info>>NQcycles          : 13                                           
       0.Info>>CompEl (WASTE/USE): 4/100                                        
       0.Info>>utilization(1=best)    : 0.96153846153846156                     
       0.Info>>Initializing Scatter Device, Vectors (all)                       
       0.Info>>Starting scattering...                                           
       0.Info>>Checking memory requirements for scattering calculation...       
       0.Info>>required limits.computation.memory.result_buffer=16              
       0.Info>>required limits.computation.memory.signal_buffer=16              
       0.Info>>required limits.computation.memory.exchange_buffer=0             
       0.Info>>required limits.computation.memory.alignpad_buffer=32            
       0.Info>>Memory limits ok                                                 
       0.Info>>Staging data...                                                  
       0.Info>>Forcing stager.mode=frames                                       
       0.Info>>Staging first partition.                                         
       0.Info>>Staging remaining partitions.                                    
       0.Info>>background scattering length set to 0                            
       0.Info>>Target initialized.                                              
       0.Info>>Target 'system' produces a background scattering length density of 0.16976527263135749
       0.Info>>Starting computation...                                          
       0.Info>>Orientational averaging includes 100 vectors                     
       0.Info>>Setting progress sampling factor for monitoring to 1             
       0.Info>>Scattering finished...                                           
       0.Info>>.................................................................
       0.Info>>.....................R.U.N...A.N.A.L.Y.S.I.S.....................
       0.Info>>.................................................................
       0.Info>>Aggregating timing information for performance analysis...       
       0.Info>>                                                                 
       0.Info>>                    Performance Analysis                         
       0.Info>>-----------------------------------------------------------------
       0.Info>> mean and total runtimes:                                        
       0.Info>>-----------------------------------------------------------------
       0.Info>>          measure |    total |       count |     mean |   stddev 
       0.Info>>-----------------------------------------------------------------
       0.Info>>   sd:c:b:dspstore| 2.788e-02|        10000| 2.788e-06| 1.745e-06
       0.Info>>    sd:c:b:scatter| 6.484e-01|        10000| 6.484e-05| 2.055e-05
       0.Info>>        sd:c:block| 7.842e-01|          100| 7.842e-03| 6.472e-04
       0.Info>>         sd:c:init| 1.498e-01|          100| 1.498e-03| 3.240e-04
       0.Info>>       sd:c:reduce| 1.080e-04|          100| 1.080e-06| 5.881e-07
       0.Info>>         sd:c:wait| 1.460e-04|          100| 1.460e-06| 6.219e-07
       0.Info>>        sd:compute| 9.363e-01|          100| 9.363e-03| 7.687e-04
       0.Info>>         sd:runner| 9.395e-01|            8| 1.174e-01| 0.000e+00
       0.Info>>          sd:stage| 3.946e-03|            8| 4.932e-04| 0.000e+00
       0.Info>> sd:worker:scatter| 4.515e-01|        10000| 4.515e-05| 7.623e-06
       0.Info>>    sd:worker:wait| 4.069e-01|        10000| 4.069e-05| 1.576e-04
       0.Info>>          sd:write| 8.050e-04|          100| 8.050e-06| 5.399e-06
       0.Info>>           st:fill| 9.200e-04|            8| 1.150e-04| 0.000e+00
       0.Info>>          st:first| 2.870e-04|            1| 2.870e-04| 0.000e+00
       0.Info>>           st:load| 2.640e-04|            1| 2.640e-04| 0.000e+00
       0.Info>>           st:wait| 2.109e-03|            8| 2.636e-04| 0.000e+00
       0.Info>>-----------------------------------------------------------------
       0.Info>>-----------------------------------------------------------------
       0.Info>> watermarks:                                                     
       0.Info>>-----------------------------------------------------------------
       0.Info>>          measure |      min |      max                          
       0.Info>>-----------------------------------------------------------------
       0.Info>>   sd:c:b:dspstore| 1.000e-06| 6.800e-05                         
       0.Info>>    sd:c:b:scatter| 2.400e-05| 1.322e-03                         
       0.Info>>        sd:c:block| 5.774e-03| 1.006e-02                         
       0.Info>>         sd:c:init| 9.670e-04| 2.257e-03                         
       0.Info>>       sd:c:reduce| 0.000e+00| 4.000e-06                         
       0.Info>>         sd:c:wait| 1.000e-06| 3.000e-06                         
       0.Info>>        sd:compute| 6.938e-03| 1.165e-02                         
       0.Info>>         sd:runner| 1.032e-01| 1.258e-01                         
       0.Info>>          sd:stage| 4.870e-04| 4.980e-04                         
       0.Info>> sd:worker:scatter| 1.200e-05| 3.360e-04                         
       0.Info>>    sd:worker:wait| 1.200e-05| 2.323e-03                         
       0.Info>>          sd:write| 4.000e-06| 2.900e-05                         
       0.Info>>           st:fill| 9.500e-05| 1.240e-04                         
       0.Info>>          st:first| 2.870e-04| 2.870e-04                         
       0.Info>>           st:load| 2.640e-04| 2.640e-04                         
       0.Info>>           st:wait| 3.000e-06| 3.030e-04                         
       0.Info>>-----------------------------------------------------------------
       0.Info>>                                                                 
       0.Info>>         Performance Analysis (relative to total time * nodes)   
       0.Info>>-----------------------------------------------------------------
       0.Info>> mean and total runtimes:                                        
       0.Info>>-----------------------------------------------------------------
       0.Info>>          measure |    total |       count |     mean |   stddev 
       0.Info>>-----------------------------------------------------------------
       0.Info>>   sd:c:b:dspstore| 2.066e-02|        10000| 2.066e-06| 1.502e-06
       0.Info>>    sd:c:b:scatter| 4.805e-01|        10000| 4.805e-05| 1.769e-05
       0.Info>>        sd:c:block| 5.811e-01|          100| 5.811e-03| 5.571e-04
       0.Info>>         sd:c:init| 1.110e-01|          100| 1.110e-03| 2.789e-04
       0.Info>>       sd:c:reduce| 8.003e-05|          100| 8.003e-07| 5.063e-07
       0.Info>>         sd:c:wait| 1.082e-04|          100| 1.082e-06| 5.353e-07
       0.Info>>        sd:compute| 6.938e-01|          100| 6.938e-03| 6.617e-04
       0.Info>>         sd:runner| 6.962e-01|            8| 8.702e-02| 0.000e+00
       0.Info>>          sd:stage| 2.924e-03|            8| 3.655e-04| 0.000e+00
       0.Info>> sd:worker:scatter| 3.345e-01|        10000| 3.345e-05| 6.561e-06
       0.Info>>    sd:worker:wait| 3.015e-01|        10000| 3.015e-05| 1.357e-04
       0.Info>>          sd:write| 5.965e-04|          100| 5.965e-06| 4.648e-06
       0.Info>>           st:fill| 6.817e-04|            8| 8.521e-05| 0.000e+00
       0.Info>>          st:first| 2.127e-04|            1| 2.127e-04| 0.000e+00
       0.Info>>           st:load| 1.956e-04|            1| 1.956e-04| 0.000e+00
       0.Info>>           st:wait| 1.563e-03|            8| 1.953e-04| 0.000e+00
       0.Info>>-----------------------------------------------------------------
       0.Info>>-----------------------------------------------------------------
       0.Info>> watermarks:                                                     
       0.Info>>-----------------------------------------------------------------
       0.Info>>          measure |      min |      max                          
       0.Info>>-----------------------------------------------------------------
       0.Info>>   sd:c:b:dspstore| 7.410e-07| 5.039e-05                         
       0.Info>>    sd:c:b:scatter| 1.778e-05| 9.796e-04                         
       0.Info>>        sd:c:block| 4.278e-03| 7.456e-03                         
       0.Info>>         sd:c:init| 7.165e-04| 1.672e-03                         
       0.Info>>       sd:c:reduce| 0.000e+00| 2.964e-06                         
       0.Info>>         sd:c:wait| 7.410e-07| 2.223e-06                         
       0.Info>>        sd:compute| 5.141e-03| 8.630e-03                         
       0.Info>>         sd:runner| 7.647e-02| 9.318e-02                         
       0.Info>>          sd:stage| 3.609e-04| 3.690e-04                         
       0.Info>> sd:worker:scatter| 8.892e-06| 2.490e-04                         
       0.Info>>    sd:worker:wait| 8.892e-06| 1.721e-03                         
       0.Info>>          sd:write| 2.964e-06| 2.149e-05                         
       0.Info>>           st:fill| 7.039e-05| 9.188e-05                         
       0.Info>>          st:first| 2.127e-04| 2.127e-04                         
       0.Info>>           st:load| 1.956e-04| 1.956e-04                         
       0.Info>>           st:wait| 2.223e-06| 2.245e-04                         
       0.Info>>-----------------------------------------------------------------
       0.Info>>Total runtime (s): 0.16869700000000001                           
       0.Info>>Successfully finished... Have a nice day!                        
