       0.Info>>This software is being developed by Benjamin Lindner.                    
       0.Info>>For help, suggestions or correspondense use:                             
       0.Info>>ben@benlabs.net, Benjamin Lindner (Main Developer, Impl. & Maintenance)  
       0.Info>>franc@cmm.ki.si, Franci Merzel (Methodology)                             
       0.Info>>For publications include the following references:                       
       0.Info>>.........................................................................
       0.Info>>1. Sassena - X-ray and Neutron Scattering Calculated                     
       0.Info>>  from Molecular Dynamics Trajectories using Massively Parallel Computers
       0.Info>>  published as a Computer Program in Physics Paper                       
       0.Info>>.........................................................................
       0.Info>>Version Information: 1.4.2                                       
       0.Info>>                                                                 
       0.Info>>.................................................................
       0.Info>>......................D.E.S.C.R.I.P.T.I.O.N......................
       0.Info>>.................................................................
       0.Info>>This binary computes the scattering intensities directly from    
       0.Info>>a molecular dynamics trajectory.                                 
       0.Info>>.................................................................
       0.Info>>.................................................................
       0.Info>>...................I.N.I.T.I.A.L.I.Z.A.T.I.O.N...................
       0.Info>>.................................................................
       0.Info>>No configuration file specified. Will use default                
       0.Info>>Looking for configuration file: scatter.xml                      
       0.Info>>Reading parameters from XML file: scatter.xml                    
       0.Info>>Added frames from /home/amajumda/study/continuum_simulations/gitlab/continuum-to-scattering/data/100_100_100_50_50_50/single_atom_shrink/iteration_001/t004/pdb_dcd/sample.dcd using format: dcd
       0.Info>>Options: first=0, last=0, lastset=0, stride=1                    
       0.Info>>stager.target=system                                             
       0.Info>>scattering.type=all                                              
       0.Info>>scattering.dsp.type=square                                       
       0.Info>>scattering.average.orientation.type=vectors                      
       0.Info>>scattering.average.orientation.vectors.type=sphere               
       0.Info>>scattering.average.orientation.vectors.algorithm=boost_uniform_on_sphere
       0.Info>>scattering.average.orientation.vectors.resolution=100            
       0.Info>>Generating orientations for orientational averaging using sphere,boost_uniform_on_sphere
       0.Info>>Initialized orientational averaging with 100 vectors.            
       0.Info>>scattering.signal.file=signal.h5                                 
       0.Info>>scattering.signal.filepath=/home/amajumda/study/continuum_simulations/gitlab/continuum-to-scattering/data/100_100_100_50_50_50/single_atom_shrink/iteration_001/t004/signal.h5
       0.Info>>scattering.signal.fqt=1                                          
       0.Info>>scattering.signal.fq0=1                                          
       0.Info>>scattering.signal.fq=1                                           
       0.Info>>scattering.signal.fq2=1                                          
       0.Info>>Analyzing command line for parameter overwrites                  
       0.Info>>Reading database from file: /home/amajumda/study/continuum_simulations/gitlab/continuum-to-scattering/data/100_100_100_50_50_50/single_atom_shrink/iteration_001/t004/database/db-neutron-coherent.xml
       0.Info>>Checking database...                                             
       0.Info>>Testing mapping between PDB names and atom labels                
       0.Info>>Testing database completeness for referenced atom labels         
       0.Info>>Check succeeded. Database seems OK.                              
       0.Info>>Initializing sample...                                           
       0.Info>>Reading structure from file: /home/amajumda/study/continuum_simulations/gitlab/continuum-to-scattering/data/100_100_100_50_50_50/single_atom_shrink/iteration_001/t004/pdb_dcd/sample.pdb
       0.Info>>Done. Atoms read: 125000                                         
       0.Info>>Reading frames from: /home/amajumda/study/continuum_simulations/gitlab/continuum-to-scattering/data/100_100_100_50_50_50/single_atom_shrink/iteration_001/t004/pdb_dcd/sample.dcd
       0.Info>>Found 1 frames                                                   
       0.Info>>Total number of coordinate sets found: 1                         
       0.Info>>Exchanging sample, database & params information with compute nodes... 
       0.Info>>params...                                                        
       0.Info>>database...                                                      
       0.Info>>sample...                                                        
       0.Info>>.................................................................
       0.Info>>......................C.O.M.P.U.T.A.T.I.O.N......................
       0.Info>>.................................................................
       0.Info>>Setting up services...                                           
       0.Info>>Initializing data file service...                                
       0.Info>>Initializing monitor service...                                  
       0.Info>>Starting data file service...                                    
       0.Info>>Starting monitor service...                                      
       0.Info>>Services setup and running...                                    
       0.Info>>Checking /home/amajumda/study/continuum_simulations/gitlab/continuum-to-scattering/data/100_100_100_50_50_50/single_atom_shrink/iteration_001/t004/signal.h5 for old results.
       0.Info>>Broadcasting service information                                 
       0.Info>>Server host name    : hzglap02                                   
       0.Info>>FileService Port    : 32791                                      
       0.Info>>MonitorService Port : 45901                                      
       0.Info>>Setting up parallel environment...                               
       0.Info>>Searching for decomposition plan:                                
       0.Info>>nodes    = 8                                                     
       0.Info>>qvectors = 100                                                   
       0.Info>>frames   = 1                                                     
       0.Info>>atoms   = 125000                                                 
       0.Info>>All interference scattering detected. Applying frame decomposition.
       0.Info>>Automatic decomposition. Searching for best utilization.         
       0.Info>>Final decomposition parameters:                                  
       0.Info>>NN                : 8                                            
       0.Info>>NQ                : 100                                          
       0.Info>>NAF               : 1                                            
       0.Info>>NP                : 8                                            
       0.Info>>NNpP              : 1                                            
       0.Info>>NAFcycles         : 1                                            
       0.Info>>NQcycles          : 13                                           
       0.Info>>CompEl (WASTE/USE): 4/100                                        
       0.Info>>utilization(1=best)    : 0.96153846153846156                     
       0.Info>>Initializing Scatter Device, Vectors (all)                       
       0.Info>>Starting scattering...                                           
       0.Info>>Checking memory requirements for scattering calculation...       
       0.Info>>required limits.computation.memory.result_buffer=16              
       0.Info>>required limits.computation.memory.signal_buffer=16              
       0.Info>>required limits.computation.memory.exchange_buffer=0             
       0.Info>>required limits.computation.memory.alignpad_buffer=32            
       0.Info>>Memory limits ok                                                 
       0.Info>>Staging data...                                                  
       0.Info>>Forcing stager.mode=frames                                       
       0.Info>>Staging first partition.                                         
       0.Info>>Staging remaining partitions.                                    
       0.Info>>background scattering length set to 0                            
       0.Info>>Target initialized.                                              
       0.Info>>Target 'system' produces a background scattering length density of 0.0012179639719689039
       0.Info>>Starting computation...                                          
       0.Info>>Orientational averaging includes 100 vectors                     
       0.Info>>Setting progress sampling factor for monitoring to 1             
       0.Info>>Progress: 1.010%, ETOTAL: 79.782857142857139 s, ETA: 78.977357142857144 s
       0.Info>>Progress: 2.260%, ETOTAL: 36.160268936170212 s, ETA: 35.343185936170215 s
       0.Info>>Progress: 3.520%, ETOTAL: 23.240328158433872 s, ETA: 22.422261158433873 s
       0.Info>>Progress: 4.905%, ETOTAL: 16.920939300882068 s, ETA: 16.090891300882067 s
       0.Info>>Progress: 6.280%, ETOTAL: 13.332311712171473 s, ETA: 12.494982712171472 s
       0.Info>>Progress: 10.561%, ETOTAL: 8.949570864946887 s, ETA: 8.0044158649468873 s
       0.Info>>Progress: 20.936%, ETOTAL: 13.503194733619106 s, ETA: 10.676179733619106 s
       0.Info>>Progress: 30.830%, ETOTAL: 9.2332246595280161 s, ETA: 6.3866096595280162 s
       0.Info>>Progress: 41.205%, ETOTAL: 11.62631499688861 s, ETA: 6.8356769968886102 s
       0.Info>>Progress: 51.080%, ETOTAL: 9.4365209512455266 s, ETA: 4.6163339512455268 s
       0.Info>>Progress: 60.580%, ETOTAL: 8.014014073329454 s, ETA: 3.1591140733294543 s
       0.Info>>Progress: 70.330%, ETOTAL: 9.682253073873218 s, ETA: 2.8727120738732177 s
       0.Info>>Progress: 83.330%, ETOTAL: 8.3045042040078467 s, ETA: 1.3843502040078457 s
       0.Info>>Scattering finished...                                           
       0.Info>>.................................................................
       0.Info>>.....................R.U.N...A.N.A.L.Y.S.I.S.....................
       0.Info>>.................................................................
       0.Info>>Aggregating timing information for performance analysis...       
       0.Info>>                                                                 
       0.Info>>                    Performance Analysis                         
       0.Info>>-----------------------------------------------------------------
       0.Info>> mean and total runtimes:                                        
       0.Info>>-----------------------------------------------------------------
       0.Info>>          measure |    total |       count |     mean |   stddev 
       0.Info>>-----------------------------------------------------------------
       0.Info>>   sd:c:b:dspstore| 3.757e-02|        10000| 3.757e-06| 2.084e-06
       0.Info>>    sd:c:b:scatter| 4.494e+01|        10000| 4.494e-03| 9.113e-04
       0.Info>>        sd:c:block| 4.513e+01|          100| 4.513e-01| 4.784e-02
       0.Info>>         sd:c:init| 1.483e+01|          100| 1.483e-01| 2.639e-02
       0.Info>>       sd:c:reduce| 1.110e-04|          100| 1.110e-06| 4.544e-07
       0.Info>>         sd:c:wait| 1.670e-04|          100| 1.670e-06| 5.977e-07
       0.Info>>        sd:compute| 5.997e+01|          100| 5.997e-01| 5.577e-02
       0.Info>>         sd:runner| 5.997e+01|            8| 7.496e+00| 0.000e+00
       0.Info>>          sd:stage| 1.945e-01|            8| 2.431e-02| 0.000e+00
       0.Info>> sd:worker:scatter| 4.454e+01|        10000| 4.454e-03| 9.051e-04
       0.Info>>    sd:worker:wait| 1.533e+01|        10000| 1.533e-03| 1.504e-02
       0.Info>>          sd:write| 1.073e-03|          100| 1.073e-05| 8.962e-06
       0.Info>>           st:fill| 1.196e-02|            8| 1.495e-03| 0.000e+00
       0.Info>>          st:first| 2.270e-02|            1| 2.270e-02| 0.000e+00
       0.Info>>           st:load| 2.230e-02|            1| 2.230e-02| 0.000e+00
       0.Info>>           st:wait| 1.591e-01|            8| 1.989e-02| 0.000e+00
       0.Info>>-----------------------------------------------------------------
       0.Info>>-----------------------------------------------------------------
       0.Info>> watermarks:                                                     
       0.Info>>-----------------------------------------------------------------
       0.Info>>          measure |      min |      max                          
       0.Info>>-----------------------------------------------------------------
       0.Info>>   sd:c:b:dspstore| 2.000e-06| 7.100e-05                         
       0.Info>>    sd:c:b:scatter| 1.479e-03| 9.080e-03                         
       0.Info>>        sd:c:block| 1.561e-01| 5.814e-01                         
       0.Info>>         sd:c:init| 1.137e-01| 2.297e-01                         
       0.Info>>       sd:c:reduce| 0.000e+00| 2.000e-06                         
       0.Info>>         sd:c:wait| 1.000e-06| 4.000e-06                         
       0.Info>>        sd:compute| 2.765e-01| 7.348e-01                         
       0.Info>>         sd:runner| 6.371e+00| 8.083e+00                         
       0.Info>>          sd:stage| 2.415e-02| 2.438e-02                         
       0.Info>> sd:worker:scatter| 1.460e-03| 8.087e-03                         
       0.Info>>    sd:worker:wait| 1.000e-06| 2.298e-01                         
       0.Info>>          sd:write| 5.000e-06| 5.000e-05                         
       0.Info>>           st:fill| 1.335e-03| 1.560e-03                         
       0.Info>>          st:first| 2.270e-02| 2.270e-02                         
       0.Info>>           st:load| 2.230e-02| 2.230e-02                         
       0.Info>>           st:wait| 9.000e-06| 2.274e-02                         
       0.Info>>-----------------------------------------------------------------
       0.Info>>                                                                 
       0.Info>>         Performance Analysis (relative to total time * nodes)   
       0.Info>>-----------------------------------------------------------------
       0.Info>> mean and total runtimes:                                        
       0.Info>>-----------------------------------------------------------------
       0.Info>>          measure |    total |       count |     mean |   stddev 
       0.Info>>-----------------------------------------------------------------
       0.Info>>   sd:c:b:dspstore| 5.526e-04|        10000| 5.526e-08| 2.527e-07
       0.Info>>    sd:c:b:scatter| 6.610e-01|        10000| 6.610e-05| 1.105e-04
       0.Info>>        sd:c:block| 6.638e-01|          100| 6.638e-03| 5.802e-03
       0.Info>>         sd:c:init| 2.182e-01|          100| 2.182e-03| 3.201e-03
       0.Info>>       sd:c:reduce| 1.633e-06|          100| 1.633e-08| 5.511e-08
       0.Info>>         sd:c:wait| 2.456e-06|          100| 2.456e-08| 7.249e-08
       0.Info>>        sd:compute| 8.820e-01|          100| 8.820e-03| 6.764e-03
       0.Info>>         sd:runner| 8.821e-01|            8| 1.103e-01| 0.000e+00
       0.Info>>          sd:stage| 2.861e-03|            8| 3.576e-04| 0.000e+00
       0.Info>> sd:worker:scatter| 6.551e-01|        10000| 6.551e-05| 1.098e-04
       0.Info>>    sd:worker:wait| 2.255e-01|        10000| 2.255e-05| 1.824e-03
       0.Info>>          sd:write| 1.578e-05|          100| 1.578e-07| 1.087e-06
       0.Info>>           st:fill| 1.759e-04|            8| 2.199e-05| 0.000e+00
       0.Info>>          st:first| 3.339e-04|            1| 3.339e-04| 0.000e+00
       0.Info>>           st:load| 3.280e-04|            1| 3.280e-04| 0.000e+00
       0.Info>>           st:wait| 2.341e-03|            8| 2.926e-04| 0.000e+00
       0.Info>>-----------------------------------------------------------------
       0.Info>>-----------------------------------------------------------------
       0.Info>> watermarks:                                                     
       0.Info>>-----------------------------------------------------------------
       0.Info>>          measure |      min |      max                          
       0.Info>>-----------------------------------------------------------------
       0.Info>>   sd:c:b:dspstore| 2.942e-08| 1.044e-06                         
       0.Info>>    sd:c:b:scatter| 2.175e-05| 1.336e-04                         
       0.Info>>        sd:c:block| 2.297e-03| 8.551e-03                         
       0.Info>>         sd:c:init| 1.673e-03| 3.378e-03                         
       0.Info>>       sd:c:reduce| 0.000e+00| 2.942e-08                         
       0.Info>>         sd:c:wait| 1.471e-08| 5.883e-08                         
       0.Info>>        sd:compute| 4.067e-03| 1.081e-02                         
       0.Info>>         sd:runner| 9.371e-02| 1.189e-01                         
       0.Info>>          sd:stage| 3.553e-04| 3.585e-04                         
       0.Info>> sd:worker:scatter| 2.147e-05| 1.189e-04                         
       0.Info>>    sd:worker:wait| 1.471e-08| 3.379e-03                         
       0.Info>>          sd:write| 7.354e-08| 7.354e-07                         
       0.Info>>           st:fill| 1.964e-05| 2.295e-05                         
       0.Info>>          st:first| 3.339e-04| 3.339e-04                         
       0.Info>>           st:load| 3.280e-04| 3.280e-04                         
       0.Info>>           st:wait| 1.324e-07| 3.344e-04                         
       0.Info>>-----------------------------------------------------------------
       0.Info>>Total runtime (s): 8.4985579999999992                            
       0.Info>>Successfully finished... Have a nice day!                        
