       0.Info>>This software is being developed by Benjamin Lindner.                    
       0.Info>>For help, suggestions or correspondense use:                             
       0.Info>>ben@benlabs.net, Benjamin Lindner (Main Developer, Impl. & Maintenance)  
       0.Info>>franc@cmm.ki.si, Franci Merzel (Methodology)                             
       0.Info>>For publications include the following references:                       
       0.Info>>.........................................................................
       0.Info>>1. Sassena - X-ray and Neutron Scattering Calculated                     
       0.Info>>  from Molecular Dynamics Trajectories using Massively Parallel Computers
       0.Info>>  published as a Computer Program in Physics Paper                       
       0.Info>>.........................................................................
       0.Info>>Version Information: 1.4.2                                       
       0.Info>>                                                                 
       0.Info>>.................................................................
       0.Info>>......................D.E.S.C.R.I.P.T.I.O.N......................
       0.Info>>.................................................................
       0.Info>>This binary computes the scattering intensities directly from    
       0.Info>>a molecular dynamics trajectory.                                 
       0.Info>>.................................................................
       0.Info>>.................................................................
       0.Info>>...................I.N.I.T.I.A.L.I.Z.A.T.I.O.N...................
       0.Info>>.................................................................
       0.Info>>No configuration file specified. Will use default                
       0.Info>>Looking for configuration file: scatter.xml                      
       0.Info>>Reading parameters from XML file: scatter.xml                    
       0.Info>>Added frames from /home/amajumda/study/continuum_simulations/gitlab/continuum-to-scattering/data/100_100_100_50_50_50/single_atom_shrink/iteration_012/t007/pdb_dcd/sample.dcd using format: dcd
       0.Info>>Options: first=0, last=0, lastset=0, stride=1                    
       0.Info>>stager.target=system                                             
       0.Info>>scattering.type=all                                              
       0.Info>>scattering.dsp.type=square                                       
       0.Info>>scattering.average.orientation.type=vectors                      
       0.Info>>scattering.average.orientation.vectors.type=sphere               
       0.Info>>scattering.average.orientation.vectors.algorithm=boost_uniform_on_sphere
       0.Info>>scattering.average.orientation.vectors.resolution=100            
       0.Info>>Generating orientations for orientational averaging using sphere,boost_uniform_on_sphere
       0.Info>>Initialized orientational averaging with 100 vectors.            
       0.Info>>scattering.signal.file=signal.h5                                 
       0.Info>>scattering.signal.filepath=/home/amajumda/study/continuum_simulations/gitlab/continuum-to-scattering/data/100_100_100_50_50_50/single_atom_shrink/iteration_012/t007/signal.h5
       0.Info>>scattering.signal.fqt=1                                          
       0.Info>>scattering.signal.fq0=1                                          
       0.Info>>scattering.signal.fq=1                                           
       0.Info>>scattering.signal.fq2=1                                          
       0.Info>>Analyzing command line for parameter overwrites                  
       0.Info>>Reading database from file: /home/amajumda/study/continuum_simulations/gitlab/continuum-to-scattering/data/100_100_100_50_50_50/single_atom_shrink/iteration_012/t007/database/db-neutron-coherent.xml
       0.Info>>Checking database...                                             
       0.Info>>Testing mapping between PDB names and atom labels                
       0.Info>>Testing database completeness for referenced atom labels         
       0.Info>>Check succeeded. Database seems OK.                              
       0.Info>>Initializing sample...                                           
       0.Info>>Reading structure from file: /home/amajumda/study/continuum_simulations/gitlab/continuum-to-scattering/data/100_100_100_50_50_50/single_atom_shrink/iteration_012/t007/pdb_dcd/sample.pdb
       0.Info>>Done. Atoms read: 125000                                         
       0.Info>>Reading frames from: /home/amajumda/study/continuum_simulations/gitlab/continuum-to-scattering/data/100_100_100_50_50_50/single_atom_shrink/iteration_012/t007/pdb_dcd/sample.dcd
       0.Info>>Found 1 frames                                                   
       0.Info>>Total number of coordinate sets found: 1                         
       0.Info>>Exchanging sample, database & params information with compute nodes... 
       0.Info>>params...                                                        
       0.Info>>database...                                                      
       0.Info>>sample...                                                        
       0.Info>>.................................................................
       0.Info>>......................C.O.M.P.U.T.A.T.I.O.N......................
       0.Info>>.................................................................
       0.Info>>Setting up services...                                           
       0.Info>>Initializing data file service...                                
       0.Info>>Initializing monitor service...                                  
       0.Info>>Starting data file service...                                    
       0.Info>>Starting monitor service...                                      
       0.Info>>Services setup and running...                                    
       0.Info>>Checking /home/amajumda/study/continuum_simulations/gitlab/continuum-to-scattering/data/100_100_100_50_50_50/single_atom_shrink/iteration_012/t007/signal.h5 for old results.
       0.Info>>Broadcasting service information                                 
       0.Info>>Server host name    : hzglap02                                   
       0.Info>>FileService Port    : 35351                                      
       0.Info>>MonitorService Port : 40291                                      
       0.Info>>Setting up parallel environment...                               
       0.Info>>Searching for decomposition plan:                                
       0.Info>>nodes    = 8                                                     
       0.Info>>qvectors = 100                                                   
       0.Info>>frames   = 1                                                     
       0.Info>>atoms   = 125000                                                 
       0.Info>>All interference scattering detected. Applying frame decomposition.
       0.Info>>Automatic decomposition. Searching for best utilization.         
       0.Info>>Final decomposition parameters:                                  
       0.Info>>NN                : 8                                            
       0.Info>>NQ                : 100                                          
       0.Info>>NAF               : 1                                            
       0.Info>>NP                : 8                                            
       0.Info>>NNpP              : 1                                            
       0.Info>>NAFcycles         : 1                                            
       0.Info>>NQcycles          : 13                                           
       0.Info>>CompEl (WASTE/USE): 4/100                                        
       0.Info>>utilization(1=best)    : 0.96153846153846156                     
       0.Info>>Initializing Scatter Device, Vectors (all)                       
       0.Info>>Starting scattering...                                           
       0.Info>>Checking memory requirements for scattering calculation...       
       0.Info>>required limits.computation.memory.result_buffer=16              
       0.Info>>required limits.computation.memory.signal_buffer=16              
       0.Info>>required limits.computation.memory.exchange_buffer=0             
       0.Info>>required limits.computation.memory.alignpad_buffer=32            
       0.Info>>Memory limits ok                                                 
       0.Info>>Staging data...                                                  
       0.Info>>Forcing stager.mode=frames                                       
       0.Info>>Staging first partition.                                         
       0.Info>>Staging remaining partitions.                                    
       0.Info>>background scattering length set to 0                            
       0.Info>>Target initialized.                                              
       0.Info>>Target 'system' produces a background scattering length density of 0.00021393140595957013
       0.Info>>Starting computation...                                          
       0.Info>>Orientational averaging includes 100 vectors                     
       0.Info>>Setting progress sampling factor for monitoring to 1             
       0.Info>>Progress: 3.885%, ETOTAL: 42.525065951742626 s, ETA: 40.872789951742625 s
       0.Info>>Progress: 6.395%, ETOTAL: 25.881277634381661 s, ETA: 24.226161634381661 s
       0.Info>>Progress: 12.164%, ETOTAL: 13.634389723997101 s, ETA: 11.9758667239971 s
       0.Info>>Progress: 20.070%, ETOTAL: 8.3860398131512746 s, ETA: 6.7029858131512743 s
       0.Info>>Progress: 32.580%, ETOTAL: 11.319534953271026 s, ETA: 7.6316159532710266 s
       0.Info>>Progress: 41.830%, ETOTAL: 9.0226665849360188 s, ETA: 5.2484735849360193 s
       0.Info>>Progress: 51.455%, ETOTAL: 11.008648112619909 s, ETA: 5.3441341126199093 s
       0.Info>>Progress: 61.455%, ETOTAL: 9.2468507770939823 s, ETA: 3.5641867770939824 s
       0.Info>>Progress: 71.455%, ETOTAL: 7.9736838252444624 s, ETA: 2.2760778252444611 s
       0.Info>>Progress: 81.830%, ETOTAL: 9.3695954878383159 s, ETA: 1.7024434878383143 s
       0.Info>>Scattering finished...                                           
       0.Info>>.................................................................
       0.Info>>.....................R.U.N...A.N.A.L.Y.S.I.S.....................
       0.Info>>.................................................................
       0.Info>>Aggregating timing information for performance analysis...       
       0.Info>>                                                                 
       0.Info>>                    Performance Analysis                         
       0.Info>>-----------------------------------------------------------------
       0.Info>> mean and total runtimes:                                        
       0.Info>>-----------------------------------------------------------------
       0.Info>>          measure |    total |       count |     mean |   stddev 
       0.Info>>-----------------------------------------------------------------
       0.Info>>   sd:c:b:dspstore| 3.726e-02|        10000| 3.726e-06| 2.063e-06
       0.Info>>    sd:c:b:scatter| 4.477e+01|        10000| 4.477e-03| 8.115e-04
       0.Info>>        sd:c:block| 4.496e+01|          100| 4.496e-01| 4.540e-02
       0.Info>>         sd:c:init| 1.505e+01|          100| 1.505e-01| 3.053e-02
       0.Info>>       sd:c:reduce| 1.020e-04|          100| 1.020e-06| 5.236e-07
       0.Info>>         sd:c:wait| 1.710e-04|          100| 1.710e-06| 7.057e-07
       0.Info>>        sd:compute| 6.001e+01|          100| 6.001e-01| 5.665e-02
       0.Info>>         sd:runner| 6.001e+01|            8| 7.502e+00| 0.000e+00
       0.Info>>          sd:stage| 1.944e-01|            8| 2.430e-02| 0.000e+00
       0.Info>> sd:worker:scatter| 4.440e+01|        10000| 4.440e-03| 8.017e-04
       0.Info>>    sd:worker:wait| 1.551e+01|        10000| 1.551e-03| 1.532e-02
       0.Info>>          sd:write| 1.052e-03|          100| 1.052e-05| 8.002e-06
       0.Info>>           st:fill| 1.190e-02|            8| 1.488e-03| 0.000e+00
       0.Info>>          st:first| 2.269e-02|            1| 2.269e-02| 0.000e+00
       0.Info>>           st:load| 2.236e-02|            1| 2.236e-02| 0.000e+00
       0.Info>>           st:wait| 1.591e-01|            8| 1.988e-02| 0.000e+00
       0.Info>>-----------------------------------------------------------------
       0.Info>>-----------------------------------------------------------------
       0.Info>> watermarks:                                                     
       0.Info>>-----------------------------------------------------------------
       0.Info>>          measure |      min |      max                          
       0.Info>>-----------------------------------------------------------------
       0.Info>>   sd:c:b:dspstore| 1.000e-06| 7.300e-05                         
       0.Info>>    sd:c:b:scatter| 1.573e-03| 1.114e-02                         
       0.Info>>        sd:c:block| 1.640e-01| 6.179e-01                         
       0.Info>>         sd:c:init| 1.152e-01| 2.458e-01                         
       0.Info>>       sd:c:reduce| 0.000e+00| 2.000e-06                         
       0.Info>>         sd:c:wait| 1.000e-06| 6.000e-06                         
       0.Info>>        sd:compute| 2.828e-01| 7.524e-01                         
       0.Info>>         sd:runner| 6.386e+00| 8.032e+00                         
       0.Info>>          sd:stage| 2.415e-02| 2.437e-02                         
       0.Info>> sd:worker:scatter| 1.552e-03| 1.111e-02                         
       0.Info>>    sd:worker:wait| 1.000e-06| 2.459e-01                         
       0.Info>>          sd:write| 5.000e-06| 4.500e-05                         
       0.Info>>           st:fill| 1.340e-03| 1.545e-03                         
       0.Info>>          st:first| 2.269e-02| 2.269e-02                         
       0.Info>>           st:load| 2.236e-02| 2.236e-02                         
       0.Info>>           st:wait| 9.000e-06| 2.273e-02                         
       0.Info>>-----------------------------------------------------------------
       0.Info>>                                                                 
       0.Info>>         Performance Analysis (relative to total time * nodes)   
       0.Info>>-----------------------------------------------------------------
       0.Info>> mean and total runtimes:                                        
       0.Info>>-----------------------------------------------------------------
       0.Info>>          measure |    total |       count |     mean |   stddev 
       0.Info>>-----------------------------------------------------------------
       0.Info>>   sd:c:b:dspstore| 5.476e-04|        10000| 5.476e-08| 2.501e-07
       0.Info>>    sd:c:b:scatter| 6.580e-01|        10000| 6.580e-05| 9.838e-05
       0.Info>>        sd:c:block| 6.607e-01|          100| 6.607e-03| 5.503e-03
       0.Info>>         sd:c:init| 2.212e-01|          100| 2.212e-03| 3.701e-03
       0.Info>>       sd:c:reduce| 1.499e-06|          100| 1.499e-08| 6.348e-08
       0.Info>>         sd:c:wait| 2.513e-06|          100| 2.513e-08| 8.555e-08
       0.Info>>        sd:compute| 8.820e-01|          100| 8.820e-03| 6.867e-03
       0.Info>>         sd:runner| 8.820e-01|            8| 1.103e-01| 0.000e+00
       0.Info>>          sd:stage| 2.858e-03|            8| 3.572e-04| 0.000e+00
       0.Info>> sd:worker:scatter| 6.526e-01|        10000| 6.526e-05| 9.719e-05
       0.Info>>    sd:worker:wait| 2.279e-01|        10000| 2.279e-05| 1.857e-03
       0.Info>>          sd:write| 1.546e-05|          100| 1.546e-07| 9.701e-07
       0.Info>>           st:fill| 1.749e-04|            8| 2.186e-05| 0.000e+00
       0.Info>>          st:first| 3.334e-04|            1| 3.334e-04| 0.000e+00
       0.Info>>           st:load| 3.286e-04|            1| 3.286e-04| 0.000e+00
       0.Info>>           st:wait| 2.338e-03|            8| 2.922e-04| 0.000e+00
       0.Info>>-----------------------------------------------------------------
       0.Info>>-----------------------------------------------------------------
       0.Info>> watermarks:                                                     
       0.Info>>-----------------------------------------------------------------
       0.Info>>          measure |      min |      max                          
       0.Info>>-----------------------------------------------------------------
       0.Info>>   sd:c:b:dspstore| 1.470e-08| 1.073e-06                         
       0.Info>>    sd:c:b:scatter| 2.312e-05| 1.637e-04                         
       0.Info>>        sd:c:block| 2.410e-03| 9.080e-03                         
       0.Info>>         sd:c:init| 1.693e-03| 3.613e-03                         
       0.Info>>       sd:c:reduce| 0.000e+00| 2.939e-08                         
       0.Info>>         sd:c:wait| 1.470e-08| 8.818e-08                         
       0.Info>>        sd:compute| 4.157e-03| 1.106e-02                         
       0.Info>>         sd:runner| 9.386e-02| 1.180e-01                         
       0.Info>>          sd:stage| 3.550e-04| 3.581e-04                         
       0.Info>> sd:worker:scatter| 2.281e-05| 1.633e-04                         
       0.Info>>    sd:worker:wait| 1.470e-08| 3.614e-03                         
       0.Info>>          sd:write| 7.348e-08| 6.614e-07                         
       0.Info>>           st:fill| 1.969e-05| 2.271e-05                         
       0.Info>>          st:first| 3.334e-04| 3.334e-04                         
       0.Info>>           st:load| 3.286e-04| 3.286e-04                         
       0.Info>>           st:wait| 1.323e-07| 3.340e-04                         
       0.Info>>-----------------------------------------------------------------
       0.Info>>Total runtime (s): 8.5053090000000005                            
       0.Info>>Successfully finished... Have a nice day!                        
