       0.Info>>This software is being developed by Benjamin Lindner.                    
       0.Info>>For help, suggestions or correspondense use:                             
       0.Info>>ben@benlabs.net, Benjamin Lindner (Main Developer, Impl. & Maintenance)  
       0.Info>>franc@cmm.ki.si, Franci Merzel (Methodology)                             
       0.Info>>For publications include the following references:                       
       0.Info>>.........................................................................
       0.Info>>1. Sassena - X-ray and Neutron Scattering Calculated                     
       0.Info>>  from Molecular Dynamics Trajectories using Massively Parallel Computers
       0.Info>>  published as a Computer Program in Physics Paper                       
       0.Info>>.........................................................................
       0.Info>>Version Information: 1.4.2                                       
       0.Info>>                                                                 
       0.Info>>.................................................................
       0.Info>>......................D.E.S.C.R.I.P.T.I.O.N......................
       0.Info>>.................................................................
       0.Info>>This binary computes the scattering intensities directly from    
       0.Info>>a molecular dynamics trajectory.                                 
       0.Info>>.................................................................
       0.Info>>.................................................................
       0.Info>>...................I.N.I.T.I.A.L.I.Z.A.T.I.O.N...................
       0.Info>>.................................................................
       0.Info>>No configuration file specified. Will use default                
       0.Info>>Looking for configuration file: scatter.xml                      
       0.Info>>Reading parameters from XML file: scatter.xml                    
       0.Info>>Added frames from /home/amajumda/study/continuum_simulations/gitlab/continuum-to-scattering/data/100_100_100_50_50_50/single_atom_shrink/iteration_014/t000/pdb_dcd/sample.dcd using format: dcd
       0.Info>>Options: first=0, last=0, lastset=0, stride=1                    
       0.Info>>stager.target=system                                             
       0.Info>>scattering.type=all                                              
       0.Info>>scattering.dsp.type=square                                       
       0.Info>>scattering.average.orientation.type=vectors                      
       0.Info>>scattering.average.orientation.vectors.type=sphere               
       0.Info>>scattering.average.orientation.vectors.algorithm=boost_uniform_on_sphere
       0.Info>>scattering.average.orientation.vectors.resolution=100            
       0.Info>>Generating orientations for orientational averaging using sphere,boost_uniform_on_sphere
       0.Info>>Initialized orientational averaging with 100 vectors.            
       0.Info>>scattering.signal.file=signal.h5                                 
       0.Info>>scattering.signal.filepath=/home/amajumda/study/continuum_simulations/gitlab/continuum-to-scattering/data/100_100_100_50_50_50/single_atom_shrink/iteration_014/t000/signal.h5
       0.Info>>scattering.signal.fqt=1                                          
       0.Info>>scattering.signal.fq0=1                                          
       0.Info>>scattering.signal.fq=1                                           
       0.Info>>scattering.signal.fq2=1                                          
       0.Info>>Analyzing command line for parameter overwrites                  
       0.Info>>Reading database from file: /home/amajumda/study/continuum_simulations/gitlab/continuum-to-scattering/data/100_100_100_50_50_50/single_atom_shrink/iteration_014/t000/database/db-neutron-coherent.xml
       0.Info>>Checking database...                                             
       0.Info>>Testing mapping between PDB names and atom labels                
       0.Info>>Testing database completeness for referenced atom labels         
       0.Info>>Check succeeded. Database seems OK.                              
       0.Info>>Initializing sample...                                           
       0.Info>>Reading structure from file: /home/amajumda/study/continuum_simulations/gitlab/continuum-to-scattering/data/100_100_100_50_50_50/single_atom_shrink/iteration_014/t000/pdb_dcd/sample.pdb
       0.Info>>Done. Atoms read: 125000                                         
       0.Info>>Reading frames from: /home/amajumda/study/continuum_simulations/gitlab/continuum-to-scattering/data/100_100_100_50_50_50/single_atom_shrink/iteration_014/t000/pdb_dcd/sample.dcd
       0.Info>>Found 1 frames                                                   
       0.Info>>Total number of coordinate sets found: 1                         
       0.Info>>Exchanging sample, database & params information with compute nodes... 
       0.Info>>params...                                                        
       0.Info>>database...                                                      
       0.Info>>sample...                                                        
       0.Info>>.................................................................
       0.Info>>......................C.O.M.P.U.T.A.T.I.O.N......................
       0.Info>>.................................................................
       0.Info>>Setting up services...                                           
       0.Info>>Initializing data file service...                                
       0.Info>>Initializing monitor service...                                  
       0.Info>>Starting data file service...                                    
       0.Info>>Starting monitor service...                                      
       0.Info>>Services setup and running...                                    
       0.Info>>Checking /home/amajumda/study/continuum_simulations/gitlab/continuum-to-scattering/data/100_100_100_50_50_50/single_atom_shrink/iteration_014/t000/signal.h5 for old results.
       0.Info>>Broadcasting service information                                 
       0.Info>>Server host name    : hzglap02                                   
       0.Info>>FileService Port    : 44835                                      
       0.Info>>MonitorService Port : 43549                                      
       0.Info>>Setting up parallel environment...                               
       0.Info>>Searching for decomposition plan:                                
       0.Info>>nodes    = 8                                                     
       0.Info>>qvectors = 100                                                   
       0.Info>>frames   = 1                                                     
       0.Info>>atoms   = 125000                                                 
       0.Info>>All interference scattering detected. Applying frame decomposition.
       0.Info>>Automatic decomposition. Searching for best utilization.         
       0.Info>>Final decomposition parameters:                                  
       0.Info>>NN                : 8                                            
       0.Info>>NQ                : 100                                          
       0.Info>>NAF               : 1                                            
       0.Info>>NP                : 8                                            
       0.Info>>NNpP              : 1                                            
       0.Info>>NAFcycles         : 1                                            
       0.Info>>NQcycles          : 13                                           
       0.Info>>CompEl (WASTE/USE): 4/100                                        
       0.Info>>utilization(1=best)    : 0.96153846153846156                     
       0.Info>>Initializing Scatter Device, Vectors (all)                       
       0.Info>>Starting scattering...                                           
       0.Info>>Checking memory requirements for scattering calculation...       
       0.Info>>required limits.computation.memory.result_buffer=16              
       0.Info>>required limits.computation.memory.signal_buffer=16              
       0.Info>>required limits.computation.memory.exchange_buffer=0             
       0.Info>>required limits.computation.memory.alignpad_buffer=32            
       0.Info>>Memory limits ok                                                 
       0.Info>>Staging data...                                                  
       0.Info>>Forcing stager.mode=frames                                       
       0.Info>>Staging first partition.                                         
       0.Info>>Staging remaining partitions.                                    
       0.Info>>background scattering length set to 0                            
       0.Info>>Target initialized.                                              
       0.Info>>Target 'system' produces a background scattering length density of 0.0027742633416818212
       0.Info>>Starting computation...                                          
       0.Info>>Orientational averaging includes 100 vectors                     
       0.Info>>Setting progress sampling factor for monitoring to 1             
       0.Info>>Progress: 2.010%, ETOTAL: 70.343211483253597 s, ETA: 68.929583483253595 s
       0.Info>>Progress: 4.269%, ETOTAL: 33.252992792792796 s, ETA: 31.833345792792795 s
       0.Info>>Progress: 6.655%, ETOTAL: 21.442608549066829 s, ETA: 20.015678549066831 s
       0.Info>>Progress: 11.050%, ETOTAL: 13.508971022480061 s, ETA: 12.01627302248006 s
       0.Info>>Progress: 21.080%, ETOTAL: 16.17397658506918 s, ETA: 12.764481585069181 s
       0.Info>>Progress: 32.705%, ETOTAL: 10.551342218737751 s, ETA: 7.1005122187377516 s
       0.Info>>Progress: 40.955%, ETOTAL: 8.7714729691657531 s, ETA: 5.1791049691657527 s
       0.Info>>Progress: 51.955%, ETOTAL: 10.514711807526218 s, ETA: 5.0517798075262181 s
       0.Info>>Progress: 62.955%, ETOTAL: 8.8751260767742597 s, ETA: 3.2877790767742594 s
       0.Info>>Progress: 72.580%, ETOTAL: 10.225938123206005 s, ETA: 2.8039391232060051 s
       0.Info>>Progress: 81.330%, ETOTAL: 9.2771782935960587 s, ETA: 1.7320372935960586 s
       0.Info>>Scattering finished...                                           
       0.Info>>.................................................................
       0.Info>>.....................R.U.N...A.N.A.L.Y.S.I.S.....................
       0.Info>>.................................................................
       0.Info>>Aggregating timing information for performance analysis...       
       0.Info>>                                                                 
       0.Info>>                    Performance Analysis                         
       0.Info>>-----------------------------------------------------------------
       0.Info>> mean and total runtimes:                                        
       0.Info>>-----------------------------------------------------------------
       0.Info>>          measure |    total |       count |     mean |   stddev 
       0.Info>>-----------------------------------------------------------------
       0.Info>>   sd:c:b:dspstore| 4.980e-02|        10000| 4.980e-06| 2.491e-06
       0.Info>>    sd:c:b:scatter| 4.994e+01|        10000| 4.994e-03| 1.061e-03
       0.Info>>        sd:c:block| 5.017e+01|          100| 5.017e-01| 6.245e-02
       0.Info>>         sd:c:init| 1.710e+01|          100| 1.710e-01| 3.983e-02
       0.Info>>       sd:c:reduce| 1.050e-04|          100| 1.050e-06| 5.888e-07
       0.Info>>         sd:c:wait| 1.800e-04|          100| 1.800e-06| 6.226e-07
       0.Info>>        sd:compute| 6.728e+01|          100| 6.728e-01| 8.094e-02
       0.Info>>         sd:runner| 6.728e+01|            8| 8.410e+00| 0.000e+00
       0.Info>>          sd:stage| 1.968e-01|            8| 2.460e-02| 0.000e+00
       0.Info>> sd:worker:scatter| 4.939e+01|        10000| 4.939e-03| 1.029e-03
       0.Info>>    sd:worker:wait| 1.777e+01|        10000| 1.777e-03| 1.754e-02
       0.Info>>          sd:write| 1.150e-03|          100| 1.150e-05| 9.783e-06
       0.Info>>           st:fill| 1.187e-02|            8| 1.484e-03| 0.000e+00
       0.Info>>          st:first| 2.297e-02|            1| 2.297e-02| 0.000e+00
       0.Info>>           st:load| 2.257e-02|            1| 2.257e-02| 0.000e+00
       0.Info>>           st:wait| 1.612e-01|            8| 2.014e-02| 0.000e+00
       0.Info>>-----------------------------------------------------------------
       0.Info>>-----------------------------------------------------------------
       0.Info>> watermarks:                                                     
       0.Info>>-----------------------------------------------------------------
       0.Info>>          measure |      min |      max                          
       0.Info>>-----------------------------------------------------------------
       0.Info>>   sd:c:b:dspstore| 2.000e-06| 7.500e-05                         
       0.Info>>    sd:c:b:scatter| 1.536e-03| 1.592e-02                         
       0.Info>>        sd:c:block| 1.642e-01| 6.326e-01                         
       0.Info>>         sd:c:init| 1.209e-01| 2.751e-01                         
       0.Info>>       sd:c:reduce| 0.000e+00| 3.000e-06                         
       0.Info>>         sd:c:wait| 1.000e-06| 4.000e-06                         
       0.Info>>        sd:compute| 2.938e-01| 8.597e-01                         
       0.Info>>         sd:runner| 7.462e+00| 9.186e+00                         
       0.Info>>          sd:stage| 2.445e-02| 2.466e-02                         
       0.Info>> sd:worker:scatter| 1.515e-03| 1.249e-02                         
       0.Info>>    sd:worker:wait| 1.000e-06| 2.752e-01                         
       0.Info>>          sd:write| 5.000e-06| 4.900e-05                         
       0.Info>>           st:fill| 1.324e-03| 1.545e-03                         
       0.Info>>          st:first| 2.297e-02| 2.297e-02                         
       0.Info>>           st:load| 2.257e-02| 2.257e-02                         
       0.Info>>           st:wait| 1.500e-05| 2.303e-02                         
       0.Info>>-----------------------------------------------------------------
       0.Info>>                                                                 
       0.Info>>         Performance Analysis (relative to total time * nodes)   
       0.Info>>-----------------------------------------------------------------
       0.Info>> mean and total runtimes:                                        
       0.Info>>-----------------------------------------------------------------
       0.Info>>          measure |    total |       count |     mean |   stddev 
       0.Info>>-----------------------------------------------------------------
       0.Info>>   sd:c:b:dspstore| 6.447e-04|        10000| 6.447e-08| 2.834e-07
       0.Info>>    sd:c:b:scatter| 6.465e-01|        10000| 6.465e-05| 1.207e-04
       0.Info>>        sd:c:block| 6.495e-01|          100| 6.495e-03| 7.106e-03
       0.Info>>         sd:c:init| 2.214e-01|          100| 2.214e-03| 4.532e-03
       0.Info>>       sd:c:reduce| 1.359e-06|          100| 1.359e-08| 6.700e-08
       0.Info>>         sd:c:wait| 2.330e-06|          100| 2.330e-08| 7.084e-08
       0.Info>>        sd:compute| 8.710e-01|          100| 8.710e-03| 9.209e-03
       0.Info>>         sd:runner| 8.710e-01|            8| 1.089e-01| 0.000e+00
       0.Info>>          sd:stage| 2.547e-03|            8| 3.184e-04| 0.000e+00
       0.Info>> sd:worker:scatter| 6.394e-01|        10000| 6.394e-05| 1.171e-04
       0.Info>>    sd:worker:wait| 2.300e-01|        10000| 2.300e-05| 1.995e-03
       0.Info>>          sd:write| 1.489e-05|          100| 1.489e-07| 1.113e-06
       0.Info>>           st:fill| 1.537e-04|            8| 1.921e-05| 0.000e+00
       0.Info>>          st:first| 2.974e-04|            1| 2.974e-04| 0.000e+00
       0.Info>>           st:load| 2.922e-04|            1| 2.922e-04| 0.000e+00
       0.Info>>           st:wait| 2.086e-03|            8| 2.608e-04| 0.000e+00
       0.Info>>-----------------------------------------------------------------
       0.Info>>-----------------------------------------------------------------
       0.Info>> watermarks:                                                     
       0.Info>>-----------------------------------------------------------------
       0.Info>>          measure |      min |      max                          
       0.Info>>-----------------------------------------------------------------
       0.Info>>   sd:c:b:dspstore| 2.589e-08| 9.709e-07                         
       0.Info>>    sd:c:b:scatter| 1.988e-05| 2.061e-04                         
       0.Info>>        sd:c:block| 2.126e-03| 8.189e-03                         
       0.Info>>         sd:c:init| 1.566e-03| 3.561e-03                         
       0.Info>>       sd:c:reduce| 0.000e+00| 3.884e-08                         
       0.Info>>         sd:c:wait| 1.295e-08| 5.178e-08                         
       0.Info>>        sd:compute| 3.803e-03| 1.113e-02                         
       0.Info>>         sd:runner| 9.659e-02| 1.189e-01                         
       0.Info>>          sd:stage| 3.165e-04| 3.192e-04                         
       0.Info>> sd:worker:scatter| 1.961e-05| 1.618e-04                         
       0.Info>>    sd:worker:wait| 1.295e-08| 3.563e-03                         
       0.Info>>          sd:write| 6.473e-08| 6.343e-07                         
       0.Info>>           st:fill| 1.714e-05| 2.000e-05                         
       0.Info>>          st:first| 2.974e-04| 2.974e-04                         
       0.Info>>           st:load| 2.922e-04| 2.922e-04                         
       0.Info>>           st:wait| 1.942e-07| 2.981e-04                         
       0.Info>>-----------------------------------------------------------------
       0.Info>>Total runtime (s): 9.6559760000000008                            
       0.Info>>Successfully finished... Have a nice day!                        
