       0.Info>>This software is being developed by Benjamin Lindner.                    
       0.Info>>For help, suggestions or correspondense use:                             
       0.Info>>ben@benlabs.net, Benjamin Lindner (Main Developer, Impl. & Maintenance)  
       0.Info>>franc@cmm.ki.si, Franci Merzel (Methodology)                             
       0.Info>>For publications include the following references:                       
       0.Info>>.........................................................................
       0.Info>>1. Sassena - X-ray and Neutron Scattering Calculated                     
       0.Info>>  from Molecular Dynamics Trajectories using Massively Parallel Computers
       0.Info>>  published as a Computer Program in Physics Paper                       
       0.Info>>.........................................................................
       0.Info>>Version Information: 1.4.2                                       
       0.Info>>                                                                 
       0.Info>>.................................................................
       0.Info>>......................D.E.S.C.R.I.P.T.I.O.N......................
       0.Info>>.................................................................
       0.Info>>This binary computes the scattering intensities directly from    
       0.Info>>a molecular dynamics trajectory.                                 
       0.Info>>.................................................................
       0.Info>>.................................................................
       0.Info>>...................I.N.I.T.I.A.L.I.Z.A.T.I.O.N...................
       0.Info>>.................................................................
       0.Info>>No configuration file specified. Will use default                
       0.Info>>Looking for configuration file: scatter.xml                      
       0.Info>>Reading parameters from XML file: scatter.xml                    
       0.Info>>Added frames from /home/amajumda/study/continuum_simulations/gitlab/continuum-to-scattering/data/100_100_100_50_50_50/single_atom_shrink/iteration_002/t006/pdb_dcd/sample.dcd using format: dcd
       0.Info>>Options: first=0, last=0, lastset=0, stride=1                    
       0.Info>>stager.target=system                                             
       0.Info>>scattering.type=all                                              
       0.Info>>scattering.dsp.type=square                                       
       0.Info>>scattering.average.orientation.type=vectors                      
       0.Info>>scattering.average.orientation.vectors.type=sphere               
       0.Info>>scattering.average.orientation.vectors.algorithm=boost_uniform_on_sphere
       0.Info>>scattering.average.orientation.vectors.resolution=100            
       0.Info>>Generating orientations for orientational averaging using sphere,boost_uniform_on_sphere
       0.Info>>Initialized orientational averaging with 100 vectors.            
       0.Info>>scattering.signal.file=signal.h5                                 
       0.Info>>scattering.signal.filepath=/home/amajumda/study/continuum_simulations/gitlab/continuum-to-scattering/data/100_100_100_50_50_50/single_atom_shrink/iteration_002/t006/signal.h5
       0.Info>>scattering.signal.fqt=1                                          
       0.Info>>scattering.signal.fq0=1                                          
       0.Info>>scattering.signal.fq=1                                           
       0.Info>>scattering.signal.fq2=1                                          
       0.Info>>Analyzing command line for parameter overwrites                  
       0.Info>>Reading database from file: /home/amajumda/study/continuum_simulations/gitlab/continuum-to-scattering/data/100_100_100_50_50_50/single_atom_shrink/iteration_002/t006/database/db-neutron-coherent.xml
       0.Info>>Checking database...                                             
       0.Info>>Testing mapping between PDB names and atom labels                
       0.Info>>Testing database completeness for referenced atom labels         
       0.Info>>Check succeeded. Database seems OK.                              
       0.Info>>Initializing sample...                                           
       0.Info>>Reading structure from file: /home/amajumda/study/continuum_simulations/gitlab/continuum-to-scattering/data/100_100_100_50_50_50/single_atom_shrink/iteration_002/t006/pdb_dcd/sample.pdb
       0.Info>>Done. Atoms read: 125000                                         
       0.Info>>Reading frames from: /home/amajumda/study/continuum_simulations/gitlab/continuum-to-scattering/data/100_100_100_50_50_50/single_atom_shrink/iteration_002/t006/pdb_dcd/sample.dcd
       0.Info>>Found 1 frames                                                   
       0.Info>>Total number of coordinate sets found: 1                         
       0.Info>>Exchanging sample, database & params information with compute nodes... 
       0.Info>>params...                                                        
       0.Info>>database...                                                      
       0.Info>>sample...                                                        
       0.Info>>.................................................................
       0.Info>>......................C.O.M.P.U.T.A.T.I.O.N......................
       0.Info>>.................................................................
       0.Info>>Setting up services...                                           
       0.Info>>Initializing data file service...                                
       0.Info>>Initializing monitor service...                                  
       0.Info>>Starting data file service...                                    
       0.Info>>Starting monitor service...                                      
       0.Info>>Services setup and running...                                    
       0.Info>>Checking /home/amajumda/study/continuum_simulations/gitlab/continuum-to-scattering/data/100_100_100_50_50_50/single_atom_shrink/iteration_002/t006/signal.h5 for old results.
       0.Info>>Broadcasting service information                                 
       0.Info>>Server host name    : hzglap02                                   
       0.Info>>FileService Port    : 33541                                      
       0.Info>>MonitorService Port : 43045                                      
       0.Info>>Setting up parallel environment...                               
       0.Info>>Searching for decomposition plan:                                
       0.Info>>nodes    = 8                                                     
       0.Info>>qvectors = 100                                                   
       0.Info>>frames   = 1                                                     
       0.Info>>atoms   = 125000                                                 
       0.Info>>All interference scattering detected. Applying frame decomposition.
       0.Info>>Automatic decomposition. Searching for best utilization.         
       0.Info>>Final decomposition parameters:                                  
       0.Info>>NN                : 8                                            
       0.Info>>NQ                : 100                                          
       0.Info>>NAF               : 1                                            
       0.Info>>NP                : 8                                            
       0.Info>>NNpP              : 1                                            
       0.Info>>NAFcycles         : 1                                            
       0.Info>>NQcycles          : 13                                           
       0.Info>>CompEl (WASTE/USE): 4/100                                        
       0.Info>>utilization(1=best)    : 0.96153846153846156                     
       0.Info>>Initializing Scatter Device, Vectors (all)                       
       0.Info>>Starting scattering...                                           
       0.Info>>Checking memory requirements for scattering calculation...       
       0.Info>>required limits.computation.memory.result_buffer=16              
       0.Info>>required limits.computation.memory.signal_buffer=16              
       0.Info>>required limits.computation.memory.exchange_buffer=0             
       0.Info>>required limits.computation.memory.alignpad_buffer=32            
       0.Info>>Memory limits ok                                                 
       0.Info>>Staging data...                                                  
       0.Info>>Forcing stager.mode=frames                                       
       0.Info>>Staging first partition.                                         
       0.Info>>Staging remaining partitions.                                    
       0.Info>>background scattering length set to 0                            
       0.Info>>Target initialized.                                              
       0.Info>>Target 'system' produces a background scattering length density of 0.0006686307121763354
       0.Info>>Starting computation...                                          
       0.Info>>Orientational averaging includes 100 vectors                     
       0.Info>>Setting progress sampling factor for monitoring to 1             
       0.Info>>Progress: 1.385%, ETOTAL: 60.738766917293241 s, ETA: 59.897281917293242 s
       0.Info>>Progress: 2.760%, ETOTAL: 30.529847547169812 s, ETA: 29.687096547169812 s
       0.Info>>Progress: 4.260%, ETOTAL: 19.795387775061126 s, ETA: 18.952021775061127 s
       0.Info>>Progress: 5.760%, ETOTAL: 15.378661844484629 s, ETA: 14.492786844484629 s
       0.Info>>Progress: 10.771%, ETOTAL: 8.3553237911025136 s, ETA: 7.4553857911025139 s
       0.Info>>Progress: 21.926%, ETOTAL: 13.026964595819321 s, ETA: 10.17063559581932 s
       0.Info>>Progress: 32.311%, ETOTAL: 8.9316553516516191 s, ETA: 6.0457573516516199 s
       0.Info>>Progress: 42.080%, ETOTAL: 11.510342783151801 s, ETA: 6.6667757831518006 s
       0.Info>>Progress: 51.830%, ETOTAL: 9.3714682332570671 s, ETA: 4.5142242332570657 s
       0.Info>>Progress: 61.455%, ETOTAL: 7.972781349744448 s, ETA: 3.0730983497444466 s
       0.Info>>Progress: 71.205%, ETOTAL: 9.6242000720201659 s, ETA: 2.7712760720201643 s
       0.Info>>Progress: 81.205%, ETOTAL: 8.4800038522260834 s, ETA: 1.5938058522260823 s
       0.Info>>Scattering finished...                                           
       0.Info>>.................................................................
       0.Info>>.....................R.U.N...A.N.A.L.Y.S.I.S.....................
       0.Info>>.................................................................
       0.Info>>Aggregating timing information for performance analysis...       
       0.Info>>                                                                 
       0.Info>>                    Performance Analysis                         
       0.Info>>-----------------------------------------------------------------
       0.Info>> mean and total runtimes:                                        
       0.Info>>-----------------------------------------------------------------
       0.Info>>          measure |    total |       count |     mean |   stddev 
       0.Info>>-----------------------------------------------------------------
       0.Info>>   sd:c:b:dspstore| 3.750e-02|        10000| 3.750e-06| 2.094e-06
       0.Info>>    sd:c:b:scatter| 4.418e+01|        10000| 4.418e-03| 8.550e-04
       0.Info>>        sd:c:block| 4.436e+01|          100| 4.436e-01| 4.507e-02
       0.Info>>         sd:c:init| 1.507e+01|          100| 1.507e-01| 2.727e-02
       0.Info>>       sd:c:reduce| 1.170e-04|          100| 1.170e-06| 4.876e-07
       0.Info>>         sd:c:wait| 1.720e-04|          100| 1.720e-06| 5.930e-07
       0.Info>>        sd:compute| 5.944e+01|          100| 5.944e-01| 5.734e-02
       0.Info>>         sd:runner| 5.944e+01|            8| 7.430e+00| 0.000e+00
       0.Info>>          sd:stage| 1.962e-01|            8| 2.453e-02| 0.000e+00
       0.Info>> sd:worker:scatter| 4.378e+01|        10000| 4.378e-03| 8.386e-04
       0.Info>>    sd:worker:wait| 1.556e+01|        10000| 1.556e-03| 1.527e-02
       0.Info>>          sd:write| 1.035e-03|          100| 1.035e-05| 7.741e-06
       0.Info>>           st:fill| 1.187e-02|            8| 1.484e-03| 0.000e+00
       0.Info>>          st:first| 2.292e-02|            1| 2.292e-02| 0.000e+00
       0.Info>>           st:load| 2.254e-02|            1| 2.254e-02| 0.000e+00
       0.Info>>           st:wait| 1.607e-01|            8| 2.009e-02| 0.000e+00
       0.Info>>-----------------------------------------------------------------
       0.Info>>-----------------------------------------------------------------
       0.Info>> watermarks:                                                     
       0.Info>>-----------------------------------------------------------------
       0.Info>>          measure |      min |      max                          
       0.Info>>-----------------------------------------------------------------
       0.Info>>   sd:c:b:dspstore| 2.000e-06| 6.800e-05                         
       0.Info>>    sd:c:b:scatter| 1.528e-03| 1.258e-02                         
       0.Info>>        sd:c:block| 1.578e-01| 5.629e-01                         
       0.Info>>         sd:c:init| 1.124e-01| 2.318e-01                         
       0.Info>>       sd:c:reduce| 0.000e+00| 3.000e-06                         
       0.Info>>         sd:c:wait| 1.000e-06| 4.000e-06                         
       0.Info>>        sd:compute| 2.703e-01| 7.744e-01                         
       0.Info>>         sd:runner| 6.346e+00| 7.945e+00                         
       0.Info>>          sd:stage| 2.438e-02| 2.459e-02                         
       0.Info>> sd:worker:scatter| 1.505e-03| 1.108e-02                         
       0.Info>>    sd:worker:wait| 1.000e-06| 2.319e-01                         
       0.Info>>          sd:write| 5.000e-06| 4.800e-05                         
       0.Info>>           st:fill| 1.322e-03| 1.546e-03                         
       0.Info>>          st:first| 2.292e-02| 2.292e-02                         
       0.Info>>           st:load| 2.254e-02| 2.254e-02                         
       0.Info>>           st:wait| 1.400e-05| 2.296e-02                         
       0.Info>>-----------------------------------------------------------------
       0.Info>>                                                                 
       0.Info>>         Performance Analysis (relative to total time * nodes)   
       0.Info>>-----------------------------------------------------------------
       0.Info>> mean and total runtimes:                                        
       0.Info>>-----------------------------------------------------------------
       0.Info>>          measure |    total |       count |     mean |   stddev 
       0.Info>>-----------------------------------------------------------------
       0.Info>>   sd:c:b:dspstore| 5.577e-04|        10000| 5.577e-08| 2.554e-07
       0.Info>>    sd:c:b:scatter| 6.572e-01|        10000| 6.572e-05| 1.043e-04
       0.Info>>        sd:c:block| 6.599e-01|          100| 6.599e-03| 5.497e-03
       0.Info>>         sd:c:init| 2.242e-01|          100| 2.242e-03| 3.325e-03
       0.Info>>       sd:c:reduce| 1.740e-06|          100| 1.740e-08| 5.947e-08
       0.Info>>         sd:c:wait| 2.558e-06|          100| 2.558e-08| 7.232e-08
       0.Info>>        sd:compute| 8.841e-01|          100| 8.841e-03| 6.993e-03
       0.Info>>         sd:runner| 8.842e-01|            8| 1.105e-01| 0.000e+00
       0.Info>>          sd:stage| 2.919e-03|            8| 3.649e-04| 0.000e+00
       0.Info>> sd:worker:scatter| 6.512e-01|        10000| 6.512e-05| 1.023e-04
       0.Info>>    sd:worker:wait| 2.315e-01|        10000| 2.315e-05| 1.862e-03
       0.Info>>          sd:write| 1.540e-05|          100| 1.540e-07| 9.441e-07
       0.Info>>           st:fill| 1.766e-04|            8| 2.207e-05| 0.000e+00
       0.Info>>          st:first| 3.409e-04|            1| 3.409e-04| 0.000e+00
       0.Info>>           st:load| 3.353e-04|            1| 3.353e-04| 0.000e+00
       0.Info>>           st:wait| 2.391e-03|            8| 2.988e-04| 0.000e+00
       0.Info>>-----------------------------------------------------------------
       0.Info>>-----------------------------------------------------------------
       0.Info>> watermarks:                                                     
       0.Info>>-----------------------------------------------------------------
       0.Info>>          measure |      min |      max                          
       0.Info>>-----------------------------------------------------------------
       0.Info>>   sd:c:b:dspstore| 2.975e-08| 1.011e-06                         
       0.Info>>    sd:c:b:scatter| 2.273e-05| 1.872e-04                         
       0.Info>>        sd:c:block| 2.347e-03| 8.373e-03                         
       0.Info>>         sd:c:init| 1.672e-03| 3.448e-03                         
       0.Info>>       sd:c:reduce| 0.000e+00| 4.462e-08                         
       0.Info>>         sd:c:wait| 1.487e-08| 5.950e-08                         
       0.Info>>        sd:compute| 4.020e-03| 1.152e-02                         
       0.Info>>         sd:runner| 9.439e-02| 1.182e-01                         
       0.Info>>          sd:stage| 3.626e-04| 3.658e-04                         
       0.Info>> sd:worker:scatter| 2.239e-05| 1.648e-04                         
       0.Info>>    sd:worker:wait| 1.487e-08| 3.449e-03                         
       0.Info>>          sd:write| 7.437e-08| 7.140e-07                         
       0.Info>>           st:fill| 1.966e-05| 2.300e-05                         
       0.Info>>          st:first| 3.409e-04| 3.409e-04                         
       0.Info>>           st:load| 3.353e-04| 3.353e-04                         
       0.Info>>           st:wait| 2.082e-07| 3.416e-04                         
       0.Info>>-----------------------------------------------------------------
       0.Info>>Total runtime (s): 8.4034169999999992                            
       0.Info>>Successfully finished... Have a nice day!                        
