       0.Info>>This software is being developed by Benjamin Lindner.                    
       0.Info>>For help, suggestions or correspondense use:                             
       0.Info>>ben@benlabs.net, Benjamin Lindner (Main Developer, Impl. & Maintenance)  
       0.Info>>franc@cmm.ki.si, Franci Merzel (Methodology)                             
       0.Info>>For publications include the following references:                       
       0.Info>>.........................................................................
       0.Info>>1. Sassena - X-ray and Neutron Scattering Calculated                     
       0.Info>>  from Molecular Dynamics Trajectories using Massively Parallel Computers
       0.Info>>  published as a Computer Program in Physics Paper                       
       0.Info>>.........................................................................
       0.Info>>Version Information: 1.4.2                                       
       0.Info>>                                                                 
       0.Info>>.................................................................
       0.Info>>......................D.E.S.C.R.I.P.T.I.O.N......................
       0.Info>>.................................................................
       0.Info>>This binary computes the scattering intensities directly from    
       0.Info>>a molecular dynamics trajectory.                                 
       0.Info>>.................................................................
       0.Info>>.................................................................
       0.Info>>...................I.N.I.T.I.A.L.I.Z.A.T.I.O.N...................
       0.Info>>.................................................................
       0.Info>>No configuration file specified. Will use default                
       0.Info>>Looking for configuration file: scatter.xml                      
       0.Info>>Reading parameters from XML file: scatter.xml                    
       0.Info>>Added frames from /home/amajumda/study/continuum_simulations/gitlab/continuum-to-scattering/data/100_100_100_50_50_50/single_atom_shrink/iteration_013/t001/pdb_dcd/sample.dcd using format: dcd
       0.Info>>Options: first=0, last=0, lastset=0, stride=1                    
       0.Info>>stager.target=system                                             
       0.Info>>scattering.type=all                                              
       0.Info>>scattering.dsp.type=square                                       
       0.Info>>scattering.average.orientation.type=vectors                      
       0.Info>>scattering.average.orientation.vectors.type=sphere               
       0.Info>>scattering.average.orientation.vectors.algorithm=boost_uniform_on_sphere
       0.Info>>scattering.average.orientation.vectors.resolution=100            
       0.Info>>Generating orientations for orientational averaging using sphere,boost_uniform_on_sphere
       0.Info>>Initialized orientational averaging with 100 vectors.            
       0.Info>>scattering.signal.file=signal.h5                                 
       0.Info>>scattering.signal.filepath=/home/amajumda/study/continuum_simulations/gitlab/continuum-to-scattering/data/100_100_100_50_50_50/single_atom_shrink/iteration_013/t001/signal.h5
       0.Info>>scattering.signal.fqt=1                                          
       0.Info>>scattering.signal.fq0=1                                          
       0.Info>>scattering.signal.fq=1                                           
       0.Info>>scattering.signal.fq2=1                                          
       0.Info>>Analyzing command line for parameter overwrites                  
       0.Info>>Reading database from file: /home/amajumda/study/continuum_simulations/gitlab/continuum-to-scattering/data/100_100_100_50_50_50/single_atom_shrink/iteration_013/t001/database/db-neutron-coherent.xml
       0.Info>>Checking database...                                             
       0.Info>>Testing mapping between PDB names and atom labels                
       0.Info>>Testing database completeness for referenced atom labels         
       0.Info>>Check succeeded. Database seems OK.                              
       0.Info>>Initializing sample...                                           
       0.Info>>Reading structure from file: /home/amajumda/study/continuum_simulations/gitlab/continuum-to-scattering/data/100_100_100_50_50_50/single_atom_shrink/iteration_013/t001/pdb_dcd/sample.pdb
       0.Info>>Done. Atoms read: 125000                                         
       0.Info>>Reading frames from: /home/amajumda/study/continuum_simulations/gitlab/continuum-to-scattering/data/100_100_100_50_50_50/single_atom_shrink/iteration_013/t001/pdb_dcd/sample.dcd
       0.Info>>Found 1 frames                                                   
       0.Info>>Total number of coordinate sets found: 1                         
       0.Info>>Exchanging sample, database & params information with compute nodes... 
       0.Info>>params...                                                        
       0.Info>>database...                                                      
       0.Info>>sample...                                                        
       0.Info>>.................................................................
       0.Info>>......................C.O.M.P.U.T.A.T.I.O.N......................
       0.Info>>.................................................................
       0.Info>>Setting up services...                                           
       0.Info>>Initializing data file service...                                
       0.Info>>Initializing monitor service...                                  
       0.Info>>Starting data file service...                                    
       0.Info>>Starting monitor service...                                      
       0.Info>>Services setup and running...                                    
       0.Info>>Checking /home/amajumda/study/continuum_simulations/gitlab/continuum-to-scattering/data/100_100_100_50_50_50/single_atom_shrink/iteration_013/t001/signal.h5 for old results.
       0.Info>>Broadcasting service information                                 
       0.Info>>Server host name    : hzglap02                                   
       0.Info>>FileService Port    : 45267                                      
       0.Info>>MonitorService Port : 42915                                      
       0.Info>>Setting up parallel environment...                               
       0.Info>>Searching for decomposition plan:                                
       0.Info>>nodes    = 8                                                     
       0.Info>>qvectors = 100                                                   
       0.Info>>frames   = 1                                                     
       0.Info>>atoms   = 125000                                                 
       0.Info>>All interference scattering detected. Applying frame decomposition.
       0.Info>>Automatic decomposition. Searching for best utilization.         
       0.Info>>Final decomposition parameters:                                  
       0.Info>>NN                : 8                                            
       0.Info>>NQ                : 100                                          
       0.Info>>NAF               : 1                                            
       0.Info>>NP                : 8                                            
       0.Info>>NNpP              : 1                                            
       0.Info>>NAFcycles         : 1                                            
       0.Info>>NQcycles          : 13                                           
       0.Info>>CompEl (WASTE/USE): 4/100                                        
       0.Info>>utilization(1=best)    : 0.96153846153846156                     
       0.Info>>Initializing Scatter Device, Vectors (all)                       
       0.Info>>Starting scattering...                                           
       0.Info>>Checking memory requirements for scattering calculation...       
       0.Info>>required limits.computation.memory.result_buffer=16              
       0.Info>>required limits.computation.memory.signal_buffer=16              
       0.Info>>required limits.computation.memory.exchange_buffer=0             
       0.Info>>required limits.computation.memory.alignpad_buffer=32            
       0.Info>>Memory limits ok                                                 
       0.Info>>Staging data...                                                  
       0.Info>>Forcing stager.mode=frames                                       
       0.Info>>Staging first partition.                                         
       0.Info>>Staging remaining partitions.                                    
       0.Info>>background scattering length set to 0                            
       0.Info>>Target initialized.                                              
       0.Info>>Target 'system' produces a background scattering length density of 0.0020936811543122401
       0.Info>>Starting computation...                                          
       0.Info>>Orientational averaging includes 100 vectors                     
       0.Info>>Setting progress sampling factor for monitoring to 1             
       0.Info>>Progress: 1.885%, ETOTAL: 54.171739226519342 s, ETA: 53.150376226519342 s
       0.Info>>Progress: 3.635%, ETOTAL: 28.147337535816614 s, ETA: 27.124064535816615 s
       0.Info>>Progress: 5.385%, ETOTAL: 19.05741121856866 s, ETA: 18.031090218568661 s
       0.Info>>Progress: 11.656%, ETOTAL: 8.9911935656836413 s, ETA: 7.9431575656836415 s
       0.Info>>Progress: 22.176%, ETOTAL: 13.596413470154646 s, ETA: 10.581234470154646 s
       0.Info>>Progress: 32.561%, ETOTAL: 9.4750183285756471 s, ETA: 6.3898673285756473 s
       0.Info>>Progress: 42.205%, ETOTAL: 7.7040661603888205 s, ETA: 4.4525551603888207 s
       0.Info>>Progress: 51.955%, ETOTAL: 9.7070860456508328 s, ETA: 4.6637570456508328 s
       0.Info>>Progress: 61.830%, ETOTAL: 8.1940926649733026 s, ETA: 3.1276746649733029 s
       0.Info>>Progress: 71.705%, ETOTAL: 9.7869541212229567 s, ETA: 2.7692061212229575 s
       0.Info>>Progress: 81.580%, ETOTAL: 8.6329136211841426 s, ETA: 1.590171621184143 s
       0.Info>>Scattering finished...                                           
       0.Info>>.................................................................
       0.Info>>.....................R.U.N...A.N.A.L.Y.S.I.S.....................
       0.Info>>.................................................................
       0.Info>>Aggregating timing information for performance analysis...       
       0.Info>>                                                                 
       0.Info>>                    Performance Analysis                         
       0.Info>>-----------------------------------------------------------------
       0.Info>> mean and total runtimes:                                        
       0.Info>>-----------------------------------------------------------------
       0.Info>>          measure |    total |       count |     mean |   stddev 
       0.Info>>-----------------------------------------------------------------
       0.Info>>   sd:c:b:dspstore| 3.711e-02|        10000| 3.711e-06| 1.969e-06
       0.Info>>    sd:c:b:scatter| 4.369e+01|        10000| 4.369e-03| 7.643e-04
       0.Info>>        sd:c:block| 4.387e+01|          100| 4.387e-01| 3.854e-02
       0.Info>>         sd:c:init| 1.487e+01|          100| 1.487e-01| 2.929e-02
       0.Info>>       sd:c:reduce| 1.090e-04|          100| 1.090e-06| 5.653e-07
       0.Info>>         sd:c:wait| 1.650e-04|          100| 1.650e-06| 5.847e-07
       0.Info>>        sd:compute| 5.875e+01|          100| 5.875e-01| 5.240e-02
       0.Info>>         sd:runner| 5.875e+01|            8| 7.344e+00| 0.000e+00
       0.Info>>          sd:stage| 1.960e-01|            8| 2.450e-02| 0.000e+00
       0.Info>> sd:worker:scatter| 4.334e+01|        10000| 4.334e-03| 7.544e-04
       0.Info>>    sd:worker:wait| 1.531e+01|        10000| 1.531e-03| 1.512e-02
       0.Info>>          sd:write| 9.760e-04|          100| 9.760e-06| 6.619e-06
       0.Info>>           st:fill| 1.312e-02|            8| 1.640e-03| 0.000e+00
       0.Info>>          st:first| 2.273e-02|            1| 2.273e-02| 0.000e+00
       0.Info>>           st:load| 2.240e-02|            1| 2.240e-02| 0.000e+00
       0.Info>>           st:wait| 1.594e-01|            8| 1.993e-02| 0.000e+00
       0.Info>>-----------------------------------------------------------------
       0.Info>>-----------------------------------------------------------------
       0.Info>> watermarks:                                                     
       0.Info>>-----------------------------------------------------------------
       0.Info>>          measure |      min |      max                          
       0.Info>>-----------------------------------------------------------------
       0.Info>>   sd:c:b:dspstore| 2.000e-06| 7.200e-05                         
       0.Info>>    sd:c:b:scatter| 1.519e-03| 1.003e-02                         
       0.Info>>        sd:c:block| 1.577e-01| 5.386e-01                         
       0.Info>>         sd:c:init| 1.177e-01| 2.520e-01                         
       0.Info>>       sd:c:reduce| 0.000e+00| 2.000e-06                         
       0.Info>>         sd:c:wait| 1.000e-06| 3.000e-06                         
       0.Info>>        sd:compute| 2.810e-01| 7.280e-01                         
       0.Info>>         sd:runner| 6.157e+00| 7.949e+00                         
       0.Info>>          sd:stage| 2.433e-02| 2.464e-02                         
       0.Info>> sd:worker:scatter| 1.498e-03| 1.000e-02                         
       0.Info>>    sd:worker:wait| 1.000e-06| 2.521e-01                         
       0.Info>>          sd:write| 5.000e-06| 4.000e-05                         
       0.Info>>           st:fill| 1.468e-03| 1.769e-03                         
       0.Info>>          st:first| 2.273e-02| 2.273e-02                         
       0.Info>>           st:load| 2.240e-02| 2.240e-02                         
       0.Info>>           st:wait| 8.000e-06| 2.278e-02                         
       0.Info>>-----------------------------------------------------------------
       0.Info>>                                                                 
       0.Info>>         Performance Analysis (relative to total time * nodes)   
       0.Info>>-----------------------------------------------------------------
       0.Info>> mean and total runtimes:                                        
       0.Info>>-----------------------------------------------------------------
       0.Info>>          measure |    total |       count |     mean |   stddev 
       0.Info>>-----------------------------------------------------------------
       0.Info>>   sd:c:b:dspstore| 5.537e-04|        10000| 5.537e-08| 2.405e-07
       0.Info>>    sd:c:b:scatter| 6.518e-01|        10000| 6.518e-05| 9.336e-05
       0.Info>>        sd:c:block| 6.545e-01|          100| 6.545e-03| 4.708e-03
       0.Info>>         sd:c:init| 2.219e-01|          100| 2.219e-03| 3.577e-03
       0.Info>>       sd:c:reduce| 1.626e-06|          100| 1.626e-08| 6.905e-08
       0.Info>>         sd:c:wait| 2.462e-06|          100| 2.462e-08| 7.142e-08
       0.Info>>        sd:compute| 8.765e-01|          100| 8.765e-03| 6.401e-03
       0.Info>>         sd:runner| 8.765e-01|            8| 1.096e-01| 0.000e+00
       0.Info>>          sd:stage| 2.925e-03|            8| 3.656e-04| 0.000e+00
       0.Info>> sd:worker:scatter| 6.466e-01|        10000| 6.466e-05| 9.215e-05
       0.Info>>    sd:worker:wait| 2.284e-01|        10000| 2.284e-05| 1.847e-03
       0.Info>>          sd:write| 1.456e-05|          100| 1.456e-07| 8.085e-07
       0.Info>>           st:fill| 1.957e-04|            8| 2.447e-05| 0.000e+00
       0.Info>>          st:first| 3.391e-04|            1| 3.391e-04| 0.000e+00
       0.Info>>           st:load| 3.342e-04|            1| 3.342e-04| 0.000e+00
       0.Info>>           st:wait| 2.379e-03|            8| 2.973e-04| 0.000e+00
       0.Info>>-----------------------------------------------------------------
       0.Info>>-----------------------------------------------------------------
       0.Info>> watermarks:                                                     
       0.Info>>-----------------------------------------------------------------
       0.Info>>          measure |      min |      max                          
       0.Info>>-----------------------------------------------------------------
       0.Info>>   sd:c:b:dspstore| 2.984e-08| 1.074e-06                         
       0.Info>>    sd:c:b:scatter| 2.266e-05| 1.497e-04                         
       0.Info>>        sd:c:block| 2.352e-03| 8.035e-03                         
       0.Info>>         sd:c:init| 1.756e-03| 3.760e-03                         
       0.Info>>       sd:c:reduce| 0.000e+00| 2.984e-08                         
       0.Info>>         sd:c:wait| 1.492e-08| 4.476e-08                         
       0.Info>>        sd:compute| 4.192e-03| 1.086e-02                         
       0.Info>>         sd:runner| 9.185e-02| 1.186e-01                         
       0.Info>>          sd:stage| 3.630e-04| 3.675e-04                         
       0.Info>> sd:worker:scatter| 2.235e-05| 1.492e-04                         
       0.Info>>    sd:worker:wait| 1.492e-08| 3.762e-03                         
       0.Info>>          sd:write| 7.460e-08| 5.968e-07                         
       0.Info>>           st:fill| 2.190e-05| 2.639e-05                         
       0.Info>>          st:first| 3.391e-04| 3.391e-04                         
       0.Info>>           st:load| 3.342e-04| 3.342e-04                         
       0.Info>>           st:wait| 1.194e-07| 3.398e-04                         
       0.Info>>-----------------------------------------------------------------
       0.Info>>Total runtime (s): 8.3784050000000008                            
       0.Info>>Successfully finished... Have a nice day!                        
