       0.Info>>This software is being developed by Benjamin Lindner.                    
       0.Info>>For help, suggestions or correspondense use:                             
       0.Info>>ben@benlabs.net, Benjamin Lindner (Main Developer, Impl. & Maintenance)  
       0.Info>>franc@cmm.ki.si, Franci Merzel (Methodology)                             
       0.Info>>For publications include the following references:                       
       0.Info>>.........................................................................
       0.Info>>1. Sassena - X-ray and Neutron Scattering Calculated                     
       0.Info>>  from Molecular Dynamics Trajectories using Massively Parallel Computers
       0.Info>>  published as a Computer Program in Physics Paper                       
       0.Info>>.........................................................................
       0.Info>>Version Information: 1.4.2                                       
       0.Info>>                                                                 
       0.Info>>.................................................................
       0.Info>>......................D.E.S.C.R.I.P.T.I.O.N......................
       0.Info>>.................................................................
       0.Info>>This binary computes the scattering intensities directly from    
       0.Info>>a molecular dynamics trajectory.                                 
       0.Info>>.................................................................
       0.Info>>.................................................................
       0.Info>>...................I.N.I.T.I.A.L.I.Z.A.T.I.O.N...................
       0.Info>>.................................................................
       0.Info>>No configuration file specified. Will use default                
       0.Info>>Looking for configuration file: scatter.xml                      
       0.Info>>Reading parameters from XML file: scatter.xml                    
       0.Info>>Added frames from /home/amajumda/study/continuum_simulations/gitlab/continuum-to-scattering/data/100_100_100_10_10_10/single_atom_shrink/iteration_001/t000/pdb_dcd/sample.dcd using format: dcd
       0.Info>>Options: first=0, last=0, lastset=0, stride=1                    
       0.Info>>stager.target=system                                             
       0.Info>>scattering.type=all                                              
       0.Info>>scattering.dsp.type=square                                       
       0.Info>>scattering.average.orientation.type=vectors                      
       0.Info>>scattering.average.orientation.vectors.type=sphere               
       0.Info>>scattering.average.orientation.vectors.algorithm=boost_uniform_on_sphere
       0.Info>>scattering.average.orientation.vectors.resolution=100            
       0.Info>>Generating orientations for orientational averaging using sphere,boost_uniform_on_sphere
       0.Info>>Initialized orientational averaging with 100 vectors.            
       0.Info>>scattering.signal.file=signal.h5                                 
       0.Info>>scattering.signal.filepath=/home/amajumda/study/continuum_simulations/gitlab/continuum-to-scattering/data/100_100_100_10_10_10/single_atom_shrink/iteration_001/t000/signal.h5
       0.Info>>scattering.signal.fqt=1                                          
       0.Info>>scattering.signal.fq0=1                                          
       0.Info>>scattering.signal.fq=1                                           
       0.Info>>scattering.signal.fq2=1                                          
       0.Info>>Analyzing command line for parameter overwrites                  
       0.Info>>Reading database from file: /home/amajumda/study/continuum_simulations/gitlab/continuum-to-scattering/data/100_100_100_10_10_10/single_atom_shrink/iteration_001/t000/database/db-neutron-coherent.xml
       0.Info>>Checking database...                                             
       0.Info>>Testing mapping between PDB names and atom labels                
       0.Info>>Testing database completeness for referenced atom labels         
       0.Info>>Check succeeded. Database seems OK.                              
       0.Info>>Initializing sample...                                           
       0.Info>>Reading structure from file: /home/amajumda/study/continuum_simulations/gitlab/continuum-to-scattering/data/100_100_100_10_10_10/single_atom_shrink/iteration_001/t000/pdb_dcd/sample.pdb
       0.Info>>Done. Atoms read: 1000                                           
       0.Info>>Reading frames from: /home/amajumda/study/continuum_simulations/gitlab/continuum-to-scattering/data/100_100_100_10_10_10/single_atom_shrink/iteration_001/t000/pdb_dcd/sample.dcd
       0.Info>>Found 1 frames                                                   
       0.Info>>Total number of coordinate sets found: 1                         
       0.Info>>Exchanging sample, database & params information with compute nodes... 
       0.Info>>params...                                                        
       0.Info>>database...                                                      
       0.Info>>sample...                                                        
       0.Info>>.................................................................
       0.Info>>......................C.O.M.P.U.T.A.T.I.O.N......................
       0.Info>>.................................................................
       0.Info>>Setting up services...                                           
       0.Info>>Initializing data file service...                                
       0.Info>>Initializing monitor service...                                  
       0.Info>>Starting data file service...                                    
       0.Info>>Starting monitor service...                                      
       0.Info>>Services setup and running...                                    
       0.Info>>Checking /home/amajumda/study/continuum_simulations/gitlab/continuum-to-scattering/data/100_100_100_10_10_10/single_atom_shrink/iteration_001/t000/signal.h5 for old results.
       0.Info>>Broadcasting service information                                 
       0.Info>>Server host name    : hzglap02                                   
       0.Info>>FileService Port    : 34011                                      
       0.Info>>MonitorService Port : 32987                                      
       0.Info>>Setting up parallel environment...                               
       0.Info>>Searching for decomposition plan:                                
       0.Info>>nodes    = 8                                                     
       0.Info>>qvectors = 100                                                   
       0.Info>>frames   = 1                                                     
       0.Info>>atoms   = 1000                                                   
       0.Info>>All interference scattering detected. Applying frame decomposition.
       0.Info>>Automatic decomposition. Searching for best utilization.         
       0.Info>>Final decomposition parameters:                                  
       0.Info>>NN                : 8                                            
       0.Info>>NQ                : 100                                          
       0.Info>>NAF               : 1                                            
       0.Info>>NP                : 8                                            
       0.Info>>NNpP              : 1                                            
       0.Info>>NAFcycles         : 1                                            
       0.Info>>NQcycles          : 13                                           
       0.Info>>CompEl (WASTE/USE): 4/100                                        
       0.Info>>utilization(1=best)    : 0.96153846153846156                     
       0.Info>>Initializing Scatter Device, Vectors (all)                       
       0.Info>>Starting scattering...                                           
       0.Info>>Checking memory requirements for scattering calculation...       
       0.Info>>required limits.computation.memory.result_buffer=16              
       0.Info>>required limits.computation.memory.signal_buffer=16              
       0.Info>>required limits.computation.memory.exchange_buffer=0             
       0.Info>>required limits.computation.memory.alignpad_buffer=32            
       0.Info>>Memory limits ok                                                 
       0.Info>>Staging data...                                                  
       0.Info>>Forcing stager.mode=frames                                       
       0.Info>>Staging first partition.                                         
       0.Info>>Staging remaining partitions.                                    
       0.Info>>background scattering length set to 0                            
       0.Info>>Target initialized.                                              
       0.Info>>Target 'system' produces a background scattering length density of 0.33783289253640164
       0.Info>>Starting computation...                                          
       0.Info>>Orientational averaging includes 100 vectors                     
       0.Info>>Setting progress sampling factor for monitoring to 1             
       0.Info>>Scattering finished...                                           
       0.Info>>.................................................................
       0.Info>>.....................R.U.N...A.N.A.L.Y.S.I.S.....................
       0.Info>>.................................................................
       0.Info>>Aggregating timing information for performance analysis...       
       0.Info>>                                                                 
       0.Info>>                    Performance Analysis                         
       0.Info>>-----------------------------------------------------------------
       0.Info>> mean and total runtimes:                                        
       0.Info>>-----------------------------------------------------------------
       0.Info>>          measure |    total |       count |     mean |   stddev 
       0.Info>>-----------------------------------------------------------------
       0.Info>>   sd:c:b:dspstore| 2.885e-02|        10000| 2.885e-06| 1.715e-06
       0.Info>>    sd:c:b:scatter| 6.746e-01|        10000| 6.746e-05| 3.841e-05
       0.Info>>        sd:c:block| 8.153e-01|          100| 8.153e-03| 6.925e-04
       0.Info>>         sd:c:init| 1.576e-01|          100| 1.576e-03| 3.072e-04
       0.Info>>       sd:c:reduce| 1.100e-04|          100| 1.100e-06| 4.499e-07
       0.Info>>         sd:c:wait| 1.500e-04|          100| 1.500e-06| 7.262e-07
       0.Info>>        sd:compute| 9.751e-01|          100| 9.751e-03| 8.037e-04
       0.Info>>         sd:runner| 9.783e-01|            8| 1.223e-01| 0.000e+00
       0.Info>>          sd:stage| 4.121e-03|            8| 5.151e-04| 0.000e+00
       0.Info>> sd:worker:scatter| 4.649e-01|        10000| 4.649e-05| 8.484e-06
       0.Info>>    sd:worker:wait| 4.301e-01|        10000| 4.301e-05| 1.684e-04
       0.Info>>          sd:write| 8.230e-04|          100| 8.230e-06| 5.964e-06
       0.Info>>           st:fill| 7.740e-04|            8| 9.675e-05| 0.000e+00
       0.Info>>          st:first| 3.150e-04|            1| 3.150e-04| 0.000e+00
       0.Info>>           st:load| 2.870e-04|            1| 2.870e-04| 0.000e+00
       0.Info>>           st:wait| 2.401e-03|            8| 3.001e-04| 0.000e+00
       0.Info>>-----------------------------------------------------------------
       0.Info>>-----------------------------------------------------------------
       0.Info>> watermarks:                                                     
       0.Info>>-----------------------------------------------------------------
       0.Info>>          measure |      min |      max                          
       0.Info>>-----------------------------------------------------------------
       0.Info>>   sd:c:b:dspstore| 1.000e-06| 6.500e-05                         
       0.Info>>    sd:c:b:scatter| 2.600e-05| 3.320e-03                         
       0.Info>>        sd:c:block| 5.701e-03| 1.210e-02                         
       0.Info>>         sd:c:init| 1.040e-03| 2.245e-03                         
       0.Info>>       sd:c:reduce| 0.000e+00| 3.000e-06                         
       0.Info>>         sd:c:wait| 1.000e-06| 6.000e-06                         
       0.Info>>        sd:compute| 7.597e-03| 1.394e-02                         
       0.Info>>         sd:runner| 1.094e-01| 1.294e-01                         
       0.Info>>          sd:stage| 5.120e-04| 5.180e-04                         
       0.Info>> sd:worker:scatter| 1.300e-05| 3.470e-04                         
       0.Info>>    sd:worker:wait| 1.200e-05| 3.279e-03                         
       0.Info>>          sd:write| 4.000e-06| 3.900e-05                         
       0.Info>>           st:fill| 8.400e-05| 1.020e-04                         
       0.Info>>          st:first| 3.150e-04| 3.150e-04                         
       0.Info>>           st:load| 2.870e-04| 2.870e-04                         
       0.Info>>           st:wait| 5.000e-06| 3.440e-04                         
       0.Info>>-----------------------------------------------------------------
       0.Info>>                                                                 
       0.Info>>         Performance Analysis (relative to total time * nodes)   
       0.Info>>-----------------------------------------------------------------
       0.Info>> mean and total runtimes:                                        
       0.Info>>-----------------------------------------------------------------
       0.Info>>          measure |    total |       count |     mean |   stddev 
       0.Info>>-----------------------------------------------------------------
       0.Info>>   sd:c:b:dspstore| 2.035e-02|        10000| 2.035e-06| 1.440e-06
       0.Info>>    sd:c:b:scatter| 4.758e-01|        10000| 4.758e-05| 3.226e-05
       0.Info>>        sd:c:block| 5.750e-01|          100| 5.750e-03| 5.816e-04
       0.Info>>         sd:c:init| 1.111e-01|          100| 1.111e-03| 2.580e-04
       0.Info>>       sd:c:reduce| 7.758e-05|          100| 7.758e-07| 3.778e-07
       0.Info>>         sd:c:wait| 1.058e-04|          100| 1.058e-06| 6.098e-07
       0.Info>>        sd:compute| 6.878e-01|          100| 6.878e-03| 6.750e-04
       0.Info>>         sd:runner| 6.900e-01|            8| 8.625e-02| 0.000e+00
       0.Info>>          sd:stage| 2.907e-03|            8| 3.633e-04| 0.000e+00
       0.Info>> sd:worker:scatter| 3.279e-01|        10000| 3.279e-05| 7.125e-06
       0.Info>>    sd:worker:wait| 3.033e-01|        10000| 3.033e-05| 1.414e-04
       0.Info>>          sd:write| 5.805e-04|          100| 5.805e-06| 5.009e-06
       0.Info>>           st:fill| 5.459e-04|            8| 6.824e-05| 0.000e+00
       0.Info>>          st:first| 2.222e-04|            1| 2.222e-04| 0.000e+00
       0.Info>>           st:load| 2.024e-04|            1| 2.024e-04| 0.000e+00
       0.Info>>           st:wait| 1.693e-03|            8| 2.117e-04| 0.000e+00
       0.Info>>-----------------------------------------------------------------
       0.Info>>-----------------------------------------------------------------
       0.Info>> watermarks:                                                     
       0.Info>>-----------------------------------------------------------------
       0.Info>>          measure |      min |      max                          
       0.Info>>-----------------------------------------------------------------
       0.Info>>   sd:c:b:dspstore| 7.053e-07| 4.584e-05                         
       0.Info>>    sd:c:b:scatter| 1.834e-05| 2.342e-03                         
       0.Info>>        sd:c:block| 4.021e-03| 8.534e-03                         
       0.Info>>         sd:c:init| 7.335e-04| 1.583e-03                         
       0.Info>>       sd:c:reduce| 0.000e+00| 2.116e-06                         
       0.Info>>         sd:c:wait| 7.053e-07| 4.232e-06                         
       0.Info>>        sd:compute| 5.358e-03| 9.835e-03                         
       0.Info>>         sd:runner| 7.719e-02| 9.128e-02                         
       0.Info>>          sd:stage| 3.611e-04| 3.653e-04                         
       0.Info>> sd:worker:scatter| 9.169e-06| 2.447e-04                         
       0.Info>>    sd:worker:wait| 8.464e-06| 2.313e-03                         
       0.Info>>          sd:write| 2.821e-06| 2.751e-05                         
       0.Info>>           st:fill| 5.925e-05| 7.194e-05                         
       0.Info>>          st:first| 2.222e-04| 2.222e-04                         
       0.Info>>           st:load| 2.024e-04| 2.024e-04                         
       0.Info>>           st:wait| 3.527e-06| 2.426e-04                         
       0.Info>>-----------------------------------------------------------------
       0.Info>>Total runtime (s): 0.177229                                      
       0.Info>>Successfully finished... Have a nice day!                        
