       0.Info>>This software is being developed by Benjamin Lindner.                    
       0.Info>>For help, suggestions or correspondense use:                             
       0.Info>>ben@benlabs.net, Benjamin Lindner (Main Developer, Impl. & Maintenance)  
       0.Info>>franc@cmm.ki.si, Franci Merzel (Methodology)                             
       0.Info>>For publications include the following references:                       
       0.Info>>.........................................................................
       0.Info>>1. Sassena - X-ray and Neutron Scattering Calculated                     
       0.Info>>  from Molecular Dynamics Trajectories using Massively Parallel Computers
       0.Info>>  published as a Computer Program in Physics Paper                       
       0.Info>>.........................................................................
       0.Info>>Version Information: 1.4.2                                       
       0.Info>>                                                                 
       0.Info>>.................................................................
       0.Info>>......................D.E.S.C.R.I.P.T.I.O.N......................
       0.Info>>.................................................................
       0.Info>>This binary computes the scattering intensities directly from    
       0.Info>>a molecular dynamics trajectory.                                 
       0.Info>>.................................................................
       0.Info>>.................................................................
       0.Info>>...................I.N.I.T.I.A.L.I.Z.A.T.I.O.N...................
       0.Info>>.................................................................
       0.Info>>No configuration file specified. Will use default                
       0.Info>>Looking for configuration file: scatter.xml                      
       0.Info>>Reading parameters from XML file: scatter.xml                    
       0.Info>>Added frames from /home/amajumda/study/continuum_simulations/gitlab/continuum-to-scattering/data/100_100_100_50_50_50/single_atom_shrink/iteration_009/t007/pdb_dcd/sample.dcd using format: dcd
       0.Info>>Options: first=0, last=0, lastset=0, stride=1                    
       0.Info>>stager.target=system                                             
       0.Info>>scattering.type=all                                              
       0.Info>>scattering.dsp.type=square                                       
       0.Info>>scattering.average.orientation.type=vectors                      
       0.Info>>scattering.average.orientation.vectors.type=sphere               
       0.Info>>scattering.average.orientation.vectors.algorithm=boost_uniform_on_sphere
       0.Info>>scattering.average.orientation.vectors.resolution=100            
       0.Info>>Generating orientations for orientational averaging using sphere,boost_uniform_on_sphere
       0.Info>>Initialized orientational averaging with 100 vectors.            
       0.Info>>scattering.signal.file=signal.h5                                 
       0.Info>>scattering.signal.filepath=/home/amajumda/study/continuum_simulations/gitlab/continuum-to-scattering/data/100_100_100_50_50_50/single_atom_shrink/iteration_009/t007/signal.h5
       0.Info>>scattering.signal.fqt=1                                          
       0.Info>>scattering.signal.fq0=1                                          
       0.Info>>scattering.signal.fq=1                                           
       0.Info>>scattering.signal.fq2=1                                          
       0.Info>>Analyzing command line for parameter overwrites                  
       0.Info>>Reading database from file: /home/amajumda/study/continuum_simulations/gitlab/continuum-to-scattering/data/100_100_100_50_50_50/single_atom_shrink/iteration_009/t007/database/db-neutron-coherent.xml
       0.Info>>Checking database...                                             
       0.Info>>Testing mapping between PDB names and atom labels                
       0.Info>>Testing database completeness for referenced atom labels         
       0.Info>>Check succeeded. Database seems OK.                              
       0.Info>>Initializing sample...                                           
       0.Info>>Reading structure from file: /home/amajumda/study/continuum_simulations/gitlab/continuum-to-scattering/data/100_100_100_50_50_50/single_atom_shrink/iteration_009/t007/pdb_dcd/sample.pdb
       0.Info>>Done. Atoms read: 125000                                         
       0.Info>>Reading frames from: /home/amajumda/study/continuum_simulations/gitlab/continuum-to-scattering/data/100_100_100_50_50_50/single_atom_shrink/iteration_009/t007/pdb_dcd/sample.dcd
       0.Info>>Found 1 frames                                                   
       0.Info>>Total number of coordinate sets found: 1                         
       0.Info>>Exchanging sample, database & params information with compute nodes... 
       0.Info>>params...                                                        
       0.Info>>database...                                                      
       0.Info>>sample...                                                        
       0.Info>>.................................................................
       0.Info>>......................C.O.M.P.U.T.A.T.I.O.N......................
       0.Info>>.................................................................
       0.Info>>Setting up services...                                           
       0.Info>>Initializing data file service...                                
       0.Info>>Initializing monitor service...                                  
       0.Info>>Starting data file service...                                    
       0.Info>>Starting monitor service...                                      
       0.Info>>Services setup and running...                                    
       0.Info>>Checking /home/amajumda/study/continuum_simulations/gitlab/continuum-to-scattering/data/100_100_100_50_50_50/single_atom_shrink/iteration_009/t007/signal.h5 for old results.
       0.Info>>Broadcasting service information                                 
       0.Info>>Server host name    : hzglap02                                   
       0.Info>>FileService Port    : 44335                                      
       0.Info>>MonitorService Port : 33113                                      
       0.Info>>Setting up parallel environment...                               
       0.Info>>Searching for decomposition plan:                                
       0.Info>>nodes    = 8                                                     
       0.Info>>qvectors = 100                                                   
       0.Info>>frames   = 1                                                     
       0.Info>>atoms   = 125000                                                 
       0.Info>>All interference scattering detected. Applying frame decomposition.
       0.Info>>Automatic decomposition. Searching for best utilization.         
       0.Info>>Final decomposition parameters:                                  
       0.Info>>NN                : 8                                            
       0.Info>>NQ                : 100                                          
       0.Info>>NAF               : 1                                            
       0.Info>>NP                : 8                                            
       0.Info>>NNpP              : 1                                            
       0.Info>>NAFcycles         : 1                                            
       0.Info>>NQcycles          : 13                                           
       0.Info>>CompEl (WASTE/USE): 4/100                                        
       0.Info>>utilization(1=best)    : 0.96153846153846156                     
       0.Info>>Initializing Scatter Device, Vectors (all)                       
       0.Info>>Starting scattering...                                           
       0.Info>>Checking memory requirements for scattering calculation...       
       0.Info>>required limits.computation.memory.result_buffer=16              
       0.Info>>required limits.computation.memory.signal_buffer=16              
       0.Info>>required limits.computation.memory.exchange_buffer=0             
       0.Info>>required limits.computation.memory.alignpad_buffer=32            
       0.Info>>Memory limits ok                                                 
       0.Info>>Staging data...                                                  
       0.Info>>Forcing stager.mode=frames                                       
       0.Info>>Staging first partition.                                         
       0.Info>>Staging remaining partitions.                                    
       0.Info>>background scattering length set to 0                            
       0.Info>>Target initialized.                                              
       0.Info>>Target 'system' produces a background scattering length density of 0.00011038817087603965
       0.Info>>Starting computation...                                          
       0.Info>>Orientational averaging includes 100 vectors                     
       0.Info>>Setting progress sampling factor for monitoring to 1             
       0.Info>>Progress: 1.875%, ETOTAL: 55.669173333333333 s, ETA: 54.625376333333335 s
       0.Info>>Progress: 3.625%, ETOTAL: 28.936937931034482 s, ETA: 27.88797393103448 s
       0.Info>>Progress: 5.500%, ETOTAL: 19.386127272727268 s, ETA: 18.319890272727267 s
       0.Info>>Progress: 10.396%, ETOTAL: 10.443626452905811 s, ETA: 9.3579244529058112 s
       0.Info>>Progress: 20.167%, ETOTAL: 15.136938842975201 s, ETA: 12.084322842975201 s
       0.Info>>Progress: 30.186%, ETOTAL: 10.20975774049692 s, ETA: 7.1278507404969194 s
       0.Info>>Progress: 42.955%, ETOTAL: 7.3777454111326675 s, ETA: 4.2086254111326671 s
       0.Info>>Progress: 52.705%, ETOTAL: 9.6036973485769881 s, ETA: 4.5420563485769883 s
       0.Info>>Progress: 63.205%, ETOTAL: 8.0459689655172415 s, ETA: 2.9605039655172414 s
       0.Info>>Progress: 70.455%, ETOTAL: 7.3708885815667387 s, ETA: 2.1777195815667376 s
       0.Info>>Progress: 82.205%, ETOTAL: 8.6601981597005615 s, ETA: 1.54107115970056 s
       0.Info>>Scattering finished...                                           
       0.Info>>.................................................................
       0.Info>>.....................R.U.N...A.N.A.L.Y.S.I.S.....................
       0.Info>>.................................................................
       0.Info>>Aggregating timing information for performance analysis...       
       0.Info>>                                                                 
       0.Info>>                    Performance Analysis                         
       0.Info>>-----------------------------------------------------------------
       0.Info>> mean and total runtimes:                                        
       0.Info>>-----------------------------------------------------------------
       0.Info>>          measure |    total |       count |     mean |   stddev 
       0.Info>>-----------------------------------------------------------------
       0.Info>>   sd:c:b:dspstore| 3.689e-02|        10000| 3.689e-06| 2.144e-06
       0.Info>>    sd:c:b:scatter| 4.368e+01|        10000| 4.368e-03| 7.508e-04
       0.Info>>        sd:c:block| 4.386e+01|          100| 4.386e-01| 4.254e-02
       0.Info>>         sd:c:init| 1.460e+01|          100| 1.460e-01| 3.134e-02
       0.Info>>       sd:c:reduce| 1.070e-04|          100| 1.070e-06| 5.731e-07
       0.Info>>         sd:c:wait| 1.590e-04|          100| 1.590e-06| 5.737e-07
       0.Info>>        sd:compute| 5.846e+01|          100| 5.846e-01| 5.896e-02
       0.Info>>         sd:runner| 5.846e+01|            8| 7.308e+00| 0.000e+00
       0.Info>>          sd:stage| 1.973e-01|            8| 2.466e-02| 0.000e+00
       0.Info>> sd:worker:scatter| 4.332e+01|        10000| 4.332e-03| 7.385e-04
       0.Info>>    sd:worker:wait| 1.504e+01|        10000| 1.504e-03| 1.489e-02
       0.Info>>          sd:write| 9.750e-04|          100| 9.750e-06| 6.603e-06
       0.Info>>           st:fill| 1.250e-02|            8| 1.563e-03| 0.000e+00
       0.Info>>          st:first| 2.298e-02|            1| 2.298e-02| 0.000e+00
       0.Info>>           st:load| 2.266e-02|            1| 2.266e-02| 0.000e+00
       0.Info>>           st:wait| 1.611e-01|            8| 2.014e-02| 0.000e+00
       0.Info>>-----------------------------------------------------------------
       0.Info>>-----------------------------------------------------------------
       0.Info>> watermarks:                                                     
       0.Info>>-----------------------------------------------------------------
       0.Info>>          measure |      min |      max                          
       0.Info>>-----------------------------------------------------------------
       0.Info>>   sd:c:b:dspstore| 2.000e-06| 8.300e-05                         
       0.Info>>    sd:c:b:scatter| 1.529e-03| 1.096e-02                         
       0.Info>>        sd:c:block| 1.618e-01| 5.899e-01                         
       0.Info>>         sd:c:init| 1.167e-01| 2.393e-01                         
       0.Info>>       sd:c:reduce| 0.000e+00| 3.000e-06                         
       0.Info>>         sd:c:wait| 1.000e-06| 3.000e-06                         
       0.Info>>        sd:compute| 2.824e-01| 7.798e-01                         
       0.Info>>         sd:runner| 6.221e+00| 7.863e+00                         
       0.Info>>          sd:stage| 2.450e-02| 2.473e-02                         
       0.Info>> sd:worker:scatter| 1.507e-03| 9.422e-03                         
       0.Info>>    sd:worker:wait| 1.000e-06| 2.394e-01                         
       0.Info>>          sd:write| 5.000e-06| 3.900e-05                         
       0.Info>>           st:fill| 1.388e-03| 1.629e-03                         
       0.Info>>          st:first| 2.298e-02| 2.298e-02                         
       0.Info>>           st:load| 2.266e-02| 2.266e-02                         
       0.Info>>           st:wait| 8.000e-06| 2.302e-02                         
       0.Info>>-----------------------------------------------------------------
       0.Info>>                                                                 
       0.Info>>         Performance Analysis (relative to total time * nodes)   
       0.Info>>-----------------------------------------------------------------
       0.Info>> mean and total runtimes:                                        
       0.Info>>-----------------------------------------------------------------
       0.Info>>          measure |    total |       count |     mean |   stddev 
       0.Info>>-----------------------------------------------------------------
       0.Info>>   sd:c:b:dspstore| 5.543e-04|        10000| 5.543e-08| 2.628e-07
       0.Info>>    sd:c:b:scatter| 6.562e-01|        10000| 6.562e-05| 9.203e-05
       0.Info>>        sd:c:block| 6.589e-01|          100| 6.589e-03| 5.214e-03
       0.Info>>         sd:c:init| 2.194e-01|          100| 2.194e-03| 3.841e-03
       0.Info>>       sd:c:reduce| 1.608e-06|          100| 1.608e-08| 7.025e-08
       0.Info>>         sd:c:wait| 2.389e-06|          100| 2.389e-08| 7.032e-08
       0.Info>>        sd:compute| 8.783e-01|          100| 8.783e-03| 7.227e-03
       0.Info>>         sd:runner| 8.784e-01|            8| 1.098e-01| 0.000e+00
       0.Info>>          sd:stage| 2.965e-03|            8| 3.706e-04| 0.000e+00
       0.Info>> sd:worker:scatter| 6.509e-01|        10000| 6.509e-05| 9.052e-05
       0.Info>>    sd:worker:wait| 2.260e-01|        10000| 2.260e-05| 1.826e-03
       0.Info>>          sd:write| 1.465e-05|          100| 1.465e-07| 8.094e-07
       0.Info>>           st:fill| 1.879e-04|            8| 2.348e-05| 0.000e+00
       0.Info>>          st:first| 3.452e-04|            1| 3.452e-04| 0.000e+00
       0.Info>>           st:load| 3.404e-04|            1| 3.404e-04| 0.000e+00
       0.Info>>           st:wait| 2.420e-03|            8| 3.025e-04| 0.000e+00
       0.Info>>-----------------------------------------------------------------
       0.Info>>-----------------------------------------------------------------
       0.Info>> watermarks:                                                     
       0.Info>>-----------------------------------------------------------------
       0.Info>>          measure |      min |      max                          
       0.Info>>-----------------------------------------------------------------
       0.Info>>   sd:c:b:dspstore| 3.005e-08| 1.247e-06                         
       0.Info>>    sd:c:b:scatter| 2.297e-05| 1.647e-04                         
       0.Info>>        sd:c:block| 2.431e-03| 8.863e-03                         
       0.Info>>         sd:c:init| 1.754e-03| 3.596e-03                         
       0.Info>>       sd:c:reduce| 0.000e+00| 4.507e-08                         
       0.Info>>         sd:c:wait| 1.502e-08| 4.507e-08                         
       0.Info>>        sd:compute| 4.243e-03| 1.172e-02                         
       0.Info>>         sd:runner| 9.346e-02| 1.181e-01                         
       0.Info>>          sd:stage| 3.681e-04| 3.715e-04                         
       0.Info>> sd:worker:scatter| 2.264e-05| 1.416e-04                         
       0.Info>>    sd:worker:wait| 1.502e-08| 3.597e-03                         
       0.Info>>          sd:write| 7.512e-08| 5.859e-07                         
       0.Info>>           st:fill| 2.085e-05| 2.447e-05                         
       0.Info>>          st:first| 3.452e-04| 3.452e-04                         
       0.Info>>           st:load| 3.404e-04| 3.404e-04                         
       0.Info>>           st:wait| 1.202e-07| 3.458e-04                         
       0.Info>>-----------------------------------------------------------------
       0.Info>>Total runtime (s): 8.3199400000000008                            
       0.Info>>Successfully finished... Have a nice day!                        
