       0.Info>>This software is being developed by Benjamin Lindner.                    
       0.Info>>For help, suggestions or correspondense use:                             
       0.Info>>ben@benlabs.net, Benjamin Lindner (Main Developer, Impl. & Maintenance)  
       0.Info>>franc@cmm.ki.si, Franci Merzel (Methodology)                             
       0.Info>>For publications include the following references:                       
       0.Info>>.........................................................................
       0.Info>>1. Sassena - X-ray and Neutron Scattering Calculated                     
       0.Info>>  from Molecular Dynamics Trajectories using Massively Parallel Computers
       0.Info>>  published as a Computer Program in Physics Paper                       
       0.Info>>.........................................................................
       0.Info>>Version Information: 1.4.2                                       
       0.Info>>                                                                 
       0.Info>>.................................................................
       0.Info>>......................D.E.S.C.R.I.P.T.I.O.N......................
       0.Info>>.................................................................
       0.Info>>This binary computes the scattering intensities directly from    
       0.Info>>a molecular dynamics trajectory.                                 
       0.Info>>.................................................................
       0.Info>>.................................................................
       0.Info>>...................I.N.I.T.I.A.L.I.Z.A.T.I.O.N...................
       0.Info>>.................................................................
       0.Info>>No configuration file specified. Will use default                
       0.Info>>Looking for configuration file: scatter.xml                      
       0.Info>>Reading parameters from XML file: scatter.xml                    
       0.Info>>Added frames from /home/amajumda/study/continuum_simulations/gitlab/continuum-to-scattering/data/100_100_100_10_10_10/single_atom_shrink/iteration_000/t004/pdb_dcd/sample.dcd using format: dcd
       0.Info>>Options: first=0, last=0, lastset=0, stride=1                    
       0.Info>>stager.target=system                                             
       0.Info>>scattering.type=all                                              
       0.Info>>scattering.dsp.type=square                                       
       0.Info>>scattering.average.orientation.type=vectors                      
       0.Info>>scattering.average.orientation.vectors.type=sphere               
       0.Info>>scattering.average.orientation.vectors.algorithm=boost_uniform_on_sphere
       0.Info>>scattering.average.orientation.vectors.resolution=100            
       0.Info>>Generating orientations for orientational averaging using sphere,boost_uniform_on_sphere
       0.Info>>Initialized orientational averaging with 100 vectors.            
       0.Info>>scattering.signal.file=signal.h5                                 
       0.Info>>scattering.signal.filepath=/home/amajumda/study/continuum_simulations/gitlab/continuum-to-scattering/data/100_100_100_10_10_10/single_atom_shrink/iteration_000/t004/signal.h5
       0.Info>>scattering.signal.fqt=1                                          
       0.Info>>scattering.signal.fq0=1                                          
       0.Info>>scattering.signal.fq=1                                           
       0.Info>>scattering.signal.fq2=1                                          
       0.Info>>Analyzing command line for parameter overwrites                  
       0.Info>>Reading database from file: /home/amajumda/study/continuum_simulations/gitlab/continuum-to-scattering/data/100_100_100_10_10_10/single_atom_shrink/iteration_000/t004/database/db-neutron-coherent.xml
       0.Info>>Checking database...                                             
       0.Info>>Testing mapping between PDB names and atom labels                
       0.Info>>Testing database completeness for referenced atom labels         
       0.Info>>Check succeeded. Database seems OK.                              
       0.Info>>Initializing sample...                                           
       0.Info>>Reading structure from file: /home/amajumda/study/continuum_simulations/gitlab/continuum-to-scattering/data/100_100_100_10_10_10/single_atom_shrink/iteration_000/t004/pdb_dcd/sample.pdb
       0.Info>>Done. Atoms read: 1000                                           
       0.Info>>Reading frames from: /home/amajumda/study/continuum_simulations/gitlab/continuum-to-scattering/data/100_100_100_10_10_10/single_atom_shrink/iteration_000/t004/pdb_dcd/sample.dcd
       0.Info>>Found 1 frames                                                   
       0.Info>>Total number of coordinate sets found: 1                         
       0.Info>>Exchanging sample, database & params information with compute nodes... 
       0.Info>>params...                                                        
       0.Info>>database...                                                      
       0.Info>>sample...                                                        
       0.Info>>.................................................................
       0.Info>>......................C.O.M.P.U.T.A.T.I.O.N......................
       0.Info>>.................................................................
       0.Info>>Setting up services...                                           
       0.Info>>Initializing data file service...                                
       0.Info>>Initializing monitor service...                                  
       0.Info>>Starting data file service...                                    
       0.Info>>Starting monitor service...                                      
       0.Info>>Services setup and running...                                    
       0.Info>>Checking /home/amajumda/study/continuum_simulations/gitlab/continuum-to-scattering/data/100_100_100_10_10_10/single_atom_shrink/iteration_000/t004/signal.h5 for old results.
       0.Info>>Broadcasting service information                                 
       0.Info>>Server host name    : hzglap02                                   
       0.Info>>FileService Port    : 42677                                      
       0.Info>>MonitorService Port : 36691                                      
       0.Info>>Setting up parallel environment...                               
       0.Info>>Searching for decomposition plan:                                
       0.Info>>nodes    = 8                                                     
       0.Info>>qvectors = 100                                                   
       0.Info>>frames   = 1                                                     
       0.Info>>atoms   = 1000                                                   
       0.Info>>All interference scattering detected. Applying frame decomposition.
       0.Info>>Automatic decomposition. Searching for best utilization.         
       0.Info>>Final decomposition parameters:                                  
       0.Info>>NN                : 8                                            
       0.Info>>NQ                : 100                                          
       0.Info>>NAF               : 1                                            
       0.Info>>NP                : 8                                            
       0.Info>>NNpP              : 1                                            
       0.Info>>NAFcycles         : 1                                            
       0.Info>>NQcycles          : 13                                           
       0.Info>>CompEl (WASTE/USE): 4/100                                        
       0.Info>>utilization(1=best)    : 0.96153846153846156                     
       0.Info>>Initializing Scatter Device, Vectors (all)                       
       0.Info>>Starting scattering...                                           
       0.Info>>Checking memory requirements for scattering calculation...       
       0.Info>>required limits.computation.memory.result_buffer=16              
       0.Info>>required limits.computation.memory.signal_buffer=16              
       0.Info>>required limits.computation.memory.exchange_buffer=0             
       0.Info>>required limits.computation.memory.alignpad_buffer=32            
       0.Info>>Memory limits ok                                                 
       0.Info>>Staging data...                                                  
       0.Info>>Forcing stager.mode=frames                                       
       0.Info>>Staging first partition.                                         
       0.Info>>Staging remaining partitions.                                    
       0.Info>>background scattering length set to 0                            
       0.Info>>Target initialized.                                              
       0.Info>>Target 'system' produces a background scattering length density of 0.14939343991559464
       0.Info>>Starting computation...                                          
       0.Info>>Orientational averaging includes 100 vectors                     
       0.Info>>Setting progress sampling factor for monitoring to 1             
       0.Info>>Scattering finished...                                           
       0.Info>>.................................................................
       0.Info>>.....................R.U.N...A.N.A.L.Y.S.I.S.....................
       0.Info>>.................................................................
       0.Info>>Aggregating timing information for performance analysis...       
       0.Info>>                                                                 
       0.Info>>                    Performance Analysis                         
       0.Info>>-----------------------------------------------------------------
       0.Info>> mean and total runtimes:                                        
       0.Info>>-----------------------------------------------------------------
       0.Info>>          measure |    total |       count |     mean |   stddev 
       0.Info>>-----------------------------------------------------------------
       0.Info>>   sd:c:b:dspstore| 2.632e-02|        10000| 2.632e-06| 2.033e-06
       0.Info>>    sd:c:b:scatter| 6.061e-01|        10000| 6.061e-05| 1.469e-05
       0.Info>>        sd:c:block| 7.333e-01|          100| 7.333e-03| 4.626e-04
       0.Info>>         sd:c:init| 1.424e-01|          100| 1.424e-03| 3.269e-04
       0.Info>>       sd:c:reduce| 1.020e-04|          100| 1.020e-06| 5.897e-07
       0.Info>>         sd:c:wait| 1.420e-04|          100| 1.420e-06| 5.777e-07
       0.Info>>        sd:compute| 8.778e-01|          100| 8.778e-03| 5.321e-04
       0.Info>>         sd:runner| 8.807e-01|            8| 1.101e-01| 0.000e+00
       0.Info>>          sd:stage| 3.542e-03|            8| 4.428e-04| 0.000e+00
       0.Info>> sd:worker:scatter| 4.266e-01|        10000| 4.266e-05| 6.123e-06
       0.Info>>    sd:worker:wait| 3.793e-01|        10000| 3.793e-05| 1.503e-04
       0.Info>>          sd:write| 7.600e-04|          100| 7.600e-06| 5.980e-06
       0.Info>>           st:fill| 6.430e-04|            8| 8.037e-05| 0.000e+00
       0.Info>>          st:first| 2.780e-04|            1| 2.780e-04| 0.000e+00
       0.Info>>           st:load| 2.540e-04|            1| 2.540e-04| 0.000e+00
       0.Info>>           st:wait| 2.066e-03|            8| 2.583e-04| 0.000e+00
       0.Info>>-----------------------------------------------------------------
       0.Info>>-----------------------------------------------------------------
       0.Info>> watermarks:                                                     
       0.Info>>-----------------------------------------------------------------
       0.Info>>          measure |      min |      max                          
       0.Info>>-----------------------------------------------------------------
       0.Info>>   sd:c:b:dspstore| 1.000e-06| 1.090e-04                         
       0.Info>>    sd:c:b:scatter| 2.800e-05| 1.122e-03                         
       0.Info>>        sd:c:block| 5.557e-03| 8.469e-03                         
       0.Info>>         sd:c:init| 9.260e-04| 2.156e-03                         
       0.Info>>       sd:c:reduce| 0.000e+00| 3.000e-06                         
       0.Info>>         sd:c:wait| 0.000e+00| 3.000e-06                         
       0.Info>>        sd:compute| 7.062e-03| 1.040e-02                         
       0.Info>>         sd:runner| 9.936e-02| 1.178e-01                         
       0.Info>>          sd:stage| 4.350e-04| 4.480e-04                         
       0.Info>> sd:worker:scatter| 1.300e-05| 1.050e-04                         
       0.Info>>    sd:worker:wait| 1.200e-05| 2.416e-03                         
       0.Info>>          sd:write| 4.000e-06| 3.400e-05                         
       0.Info>>           st:fill| 7.400e-05| 8.400e-05                         
       0.Info>>          st:first| 2.780e-04| 2.780e-04                         
       0.Info>>           st:load| 2.540e-04| 2.540e-04                         
       0.Info>>           st:wait| 4.000e-06| 2.970e-04                         
       0.Info>>-----------------------------------------------------------------
       0.Info>>                                                                 
       0.Info>>         Performance Analysis (relative to total time * nodes)   
       0.Info>>-----------------------------------------------------------------
       0.Info>> mean and total runtimes:                                        
       0.Info>>-----------------------------------------------------------------
       0.Info>>          measure |    total |       count |     mean |   stddev 
       0.Info>>-----------------------------------------------------------------
       0.Info>>   sd:c:b:dspstore| 2.056e-02|        10000| 2.056e-06| 1.797e-06
       0.Info>>    sd:c:b:scatter| 4.734e-01|        10000| 4.734e-05| 1.298e-05
       0.Info>>        sd:c:block| 5.728e-01|          100| 5.728e-03| 4.088e-04
       0.Info>>         sd:c:init| 1.112e-01|          100| 1.112e-03| 2.889e-04
       0.Info>>       sd:c:reduce| 7.967e-05|          100| 7.967e-07| 5.212e-07
       0.Info>>         sd:c:wait| 1.109e-04|          100| 1.109e-06| 5.105e-07
       0.Info>>        sd:compute| 6.856e-01|          100| 6.856e-03| 4.702e-04
       0.Info>>         sd:runner| 6.879e-01|            8| 8.598e-02| 0.000e+00
       0.Info>>          sd:stage| 2.767e-03|            8| 3.458e-04| 0.000e+00
       0.Info>> sd:worker:scatter| 3.332e-01|        10000| 3.332e-05| 5.411e-06
       0.Info>>    sd:worker:wait| 2.962e-01|        10000| 2.962e-05| 1.328e-04
       0.Info>>          sd:write| 5.936e-04|          100| 5.936e-06| 5.285e-06
       0.Info>>           st:fill| 5.022e-04|            8| 6.278e-05| 0.000e+00
       0.Info>>          st:first| 2.171e-04|            1| 2.171e-04| 0.000e+00
       0.Info>>           st:load| 1.984e-04|            1| 1.984e-04| 0.000e+00
       0.Info>>           st:wait| 1.614e-03|            8| 2.017e-04| 0.000e+00
       0.Info>>-----------------------------------------------------------------
       0.Info>>-----------------------------------------------------------------
       0.Info>> watermarks:                                                     
       0.Info>>-----------------------------------------------------------------
       0.Info>>          measure |      min |      max                          
       0.Info>>-----------------------------------------------------------------
       0.Info>>   sd:c:b:dspstore| 7.811e-07| 8.514e-05                         
       0.Info>>    sd:c:b:scatter| 2.187e-05| 8.763e-04                         
       0.Info>>        sd:c:block| 4.340e-03| 6.615e-03                         
       0.Info>>         sd:c:init| 7.233e-04| 1.684e-03                         
       0.Info>>       sd:c:reduce| 0.000e+00| 2.343e-06                         
       0.Info>>         sd:c:wait| 0.000e+00| 2.343e-06                         
       0.Info>>        sd:compute| 5.516e-03| 8.123e-03                         
       0.Info>>         sd:runner| 7.760e-02| 9.203e-02                         
       0.Info>>          sd:stage| 3.398e-04| 3.499e-04                         
       0.Info>> sd:worker:scatter| 1.015e-05| 8.201e-05                         
       0.Info>>    sd:worker:wait| 9.373e-06| 1.887e-03                         
       0.Info>>          sd:write| 3.124e-06| 2.656e-05                         
       0.Info>>           st:fill| 5.780e-05| 6.561e-05                         
       0.Info>>          st:first| 2.171e-04| 2.171e-04                         
       0.Info>>           st:load| 1.984e-04| 1.984e-04                         
       0.Info>>           st:wait| 3.124e-06| 2.320e-04                         
       0.Info>>-----------------------------------------------------------------
       0.Info>>Total runtime (s): 0.16003899999999999                           
       0.Info>>Successfully finished... Have a nice day!                        
