       0.Info>>This software is being developed by Benjamin Lindner.                    
       0.Info>>For help, suggestions or correspondense use:                             
       0.Info>>ben@benlabs.net, Benjamin Lindner (Main Developer, Impl. & Maintenance)  
       0.Info>>franc@cmm.ki.si, Franci Merzel (Methodology)                             
       0.Info>>For publications include the following references:                       
       0.Info>>.........................................................................
       0.Info>>1. Sassena - X-ray and Neutron Scattering Calculated                     
       0.Info>>  from Molecular Dynamics Trajectories using Massively Parallel Computers
       0.Info>>  published as a Computer Program in Physics Paper                       
       0.Info>>.........................................................................
       0.Info>>Version Information: 1.4.2                                       
       0.Info>>                                                                 
       0.Info>>.................................................................
       0.Info>>......................D.E.S.C.R.I.P.T.I.O.N......................
       0.Info>>.................................................................
       0.Info>>This binary computes the scattering intensities directly from    
       0.Info>>a molecular dynamics trajectory.                                 
       0.Info>>.................................................................
       0.Info>>.................................................................
       0.Info>>...................I.N.I.T.I.A.L.I.Z.A.T.I.O.N...................
       0.Info>>.................................................................
       0.Info>>No configuration file specified. Will use default                
       0.Info>>Looking for configuration file: scatter.xml                      
       0.Info>>Reading parameters from XML file: scatter.xml                    
       0.Info>>Added frames from /home/amajumda/study/continuum_simulations/gitlab/continuum-to-scattering/data/100_100_100_50_50_50/single_atom_shrink/iteration_007/t010/pdb_dcd/sample.dcd using format: dcd
       0.Info>>Options: first=0, last=0, lastset=0, stride=1                    
       0.Info>>stager.target=system                                             
       0.Info>>scattering.type=all                                              
       0.Info>>scattering.dsp.type=square                                       
       0.Info>>scattering.average.orientation.type=vectors                      
       0.Info>>scattering.average.orientation.vectors.type=sphere               
       0.Info>>scattering.average.orientation.vectors.algorithm=boost_uniform_on_sphere
       0.Info>>scattering.average.orientation.vectors.resolution=100            
       0.Info>>Generating orientations for orientational averaging using sphere,boost_uniform_on_sphere
       0.Info>>Initialized orientational averaging with 100 vectors.            
       0.Info>>scattering.signal.file=signal.h5                                 
       0.Info>>scattering.signal.filepath=/home/amajumda/study/continuum_simulations/gitlab/continuum-to-scattering/data/100_100_100_50_50_50/single_atom_shrink/iteration_007/t010/signal.h5
       0.Info>>scattering.signal.fqt=1                                          
       0.Info>>scattering.signal.fq0=1                                          
       0.Info>>scattering.signal.fq=1                                           
       0.Info>>scattering.signal.fq2=1                                          
       0.Info>>Analyzing command line for parameter overwrites                  
       0.Info>>Reading database from file: /home/amajumda/study/continuum_simulations/gitlab/continuum-to-scattering/data/100_100_100_50_50_50/single_atom_shrink/iteration_007/t010/database/db-neutron-coherent.xml
       0.Info>>Checking database...                                             
       0.Info>>Testing mapping between PDB names and atom labels                
       0.Info>>Testing database completeness for referenced atom labels         
       0.Info>>Check succeeded. Database seems OK.                              
       0.Info>>Initializing sample...                                           
       0.Info>>Reading structure from file: /home/amajumda/study/continuum_simulations/gitlab/continuum-to-scattering/data/100_100_100_50_50_50/single_atom_shrink/iteration_007/t010/pdb_dcd/sample.pdb
       0.Info>>Done. Atoms read: 125000                                         
       0.Info>>Reading frames from: /home/amajumda/study/continuum_simulations/gitlab/continuum-to-scattering/data/100_100_100_50_50_50/single_atom_shrink/iteration_007/t010/pdb_dcd/sample.dcd
       0.Info>>Found 1 frames                                                   
       0.Info>>Total number of coordinate sets found: 1                         
       0.Info>>Exchanging sample, database & params information with compute nodes... 
       0.Info>>params...                                                        
       0.Info>>database...                                                      
       0.Info>>sample...                                                        
       0.Info>>.................................................................
       0.Info>>......................C.O.M.P.U.T.A.T.I.O.N......................
       0.Info>>.................................................................
       0.Info>>Setting up services...                                           
       0.Info>>Initializing data file service...                                
       0.Info>>Initializing monitor service...                                  
       0.Info>>Starting data file service...                                    
       0.Info>>Starting monitor service...                                      
       0.Info>>Services setup and running...                                    
       0.Info>>Checking /home/amajumda/study/continuum_simulations/gitlab/continuum-to-scattering/data/100_100_100_50_50_50/single_atom_shrink/iteration_007/t010/signal.h5 for old results.
       0.Info>>Broadcasting service information                                 
       0.Info>>Server host name    : hzglap02                                   
       0.Info>>FileService Port    : 34435                                      
       0.Info>>MonitorService Port : 46439                                      
       0.Info>>Setting up parallel environment...                               
       0.Info>>Searching for decomposition plan:                                
       0.Info>>nodes    = 8                                                     
       0.Info>>qvectors = 100                                                   
       0.Info>>frames   = 1                                                     
       0.Info>>atoms   = 125000                                                 
       0.Info>>All interference scattering detected. Applying frame decomposition.
       0.Info>>Automatic decomposition. Searching for best utilization.         
       0.Info>>Final decomposition parameters:                                  
       0.Info>>NN                : 8                                            
       0.Info>>NQ                : 100                                          
       0.Info>>NAF               : 1                                            
       0.Info>>NP                : 8                                            
       0.Info>>NNpP              : 1                                            
       0.Info>>NAFcycles         : 1                                            
       0.Info>>NQcycles          : 13                                           
       0.Info>>CompEl (WASTE/USE): 4/100                                        
       0.Info>>utilization(1=best)    : 0.96153846153846156                     
       0.Info>>Initializing Scatter Device, Vectors (all)                       
       0.Info>>Starting scattering...                                           
       0.Info>>Checking memory requirements for scattering calculation...       
       0.Info>>required limits.computation.memory.result_buffer=16              
       0.Info>>required limits.computation.memory.signal_buffer=16              
       0.Info>>required limits.computation.memory.exchange_buffer=0             
       0.Info>>required limits.computation.memory.alignpad_buffer=32            
       0.Info>>Memory limits ok                                                 
       0.Info>>Staging data...                                                  
       0.Info>>Forcing stager.mode=frames                                       
       0.Info>>Staging first partition.                                         
       0.Info>>Staging remaining partitions.                                    
       0.Info>>background scattering length set to 0                            
       0.Info>>Target initialized.                                              
       0.Info>>Target 'system' produces a background scattering length density of 1.2223099629482781e-07
       0.Info>>Starting computation...                                          
       0.Info>>Orientational averaging includes 100 vectors                     
       0.Info>>Setting progress sampling factor for monitoring to 1             
       0.Info>>Progress: 1.500%, ETOTAL: 66.118933333333331 s, ETA: 65.127149333333335 s
       0.Info>>Progress: 3.125%, ETOTAL: 31.759423999999999 s, ETA: 30.766942 s 
       0.Info>>Progress: 5.760%, ETOTAL: 17.237034358047016 s, ETA: 16.244109358047016 s
       0.Info>>Progress: 11.021%, ETOTAL: 9.1936060491493379 s, ETA: 8.1803940491493385 s
       0.Info>>Progress: 21.417%, ETOTAL: 14.029115953307391 s, ETA: 11.024546953307391 s
       0.Info>>Progress: 31.061%, ETOTAL: 9.7755224435042827 s, ETA: 6.7391574435042827 s
       0.Info>>Progress: 40.955%, ETOTAL: 7.8809715448426978 s, ETA: 4.6533095448426973 s
       0.Info>>Progress: 51.205%, ETOTAL: 9.7498750125187783 s, ETA: 4.7574390125187787 s
       0.Info>>Progress: 61.080%, ETOTAL: 8.2658356299522477 s, ETA: 3.2170526299522484 s
       0.Info>>Progress: 70.205%, ETOTAL: 9.9530307523739943 s, ETA: 2.9654927523739953 s
       0.Info>>Progress: 82.830%, ETOTAL: 8.473445776419144 s, ETA: 1.4548797764191459 s
       0.Info>>Scattering finished...                                           
       0.Info>>.................................................................
       0.Info>>.....................R.U.N...A.N.A.L.Y.S.I.S.....................
       0.Info>>.................................................................
       0.Info>>Aggregating timing information for performance analysis...       
       0.Info>>                                                                 
       0.Info>>                    Performance Analysis                         
       0.Info>>-----------------------------------------------------------------
       0.Info>> mean and total runtimes:                                        
       0.Info>>-----------------------------------------------------------------
       0.Info>>          measure |    total |       count |     mean |   stddev 
       0.Info>>-----------------------------------------------------------------
       0.Info>>   sd:c:b:dspstore| 3.780e-02|        10000| 3.780e-06| 1.821e-06
       0.Info>>    sd:c:b:scatter| 4.459e+01|        10000| 4.459e-03| 8.094e-04
       0.Info>>        sd:c:block| 4.478e+01|          100| 4.478e-01| 4.162e-02
       0.Info>>         sd:c:init| 1.512e+01|          100| 1.512e-01| 3.207e-02
       0.Info>>       sd:c:reduce| 1.130e-04|          100| 1.130e-06| 6.917e-07
       0.Info>>         sd:c:wait| 1.750e-04|          100| 1.750e-06| 6.387e-07
       0.Info>>        sd:compute| 5.989e+01|          100| 5.989e-01| 5.675e-02
       0.Info>>         sd:runner| 5.990e+01|            8| 7.487e+00| 0.000e+00
       0.Info>>          sd:stage| 1.943e-01|            8| 2.428e-02| 0.000e+00
       0.Info>> sd:worker:scatter| 4.420e+01|        10000| 4.420e-03| 7.932e-04
       0.Info>>    sd:worker:wait| 1.559e+01|        10000| 1.559e-03| 1.540e-02
       0.Info>>          sd:write| 1.049e-03|          100| 1.049e-05| 7.899e-06
       0.Info>>           st:fill| 1.188e-02|            8| 1.485e-03| 0.000e+00
       0.Info>>          st:first| 2.267e-02|            1| 2.267e-02| 0.000e+00
       0.Info>>           st:load| 2.233e-02|            1| 2.233e-02| 0.000e+00
       0.Info>>           st:wait| 1.589e-01|            8| 1.987e-02| 0.000e+00
       0.Info>>-----------------------------------------------------------------
       0.Info>>-----------------------------------------------------------------
       0.Info>> watermarks:                                                     
       0.Info>>-----------------------------------------------------------------
       0.Info>>          measure |      min |      max                          
       0.Info>>-----------------------------------------------------------------
       0.Info>>   sd:c:b:dspstore| 2.000e-06| 7.400e-05                         
       0.Info>>    sd:c:b:scatter| 1.537e-03| 1.320e-02                         
       0.Info>>        sd:c:block| 1.590e-01| 5.838e-01                         
       0.Info>>         sd:c:init| 1.151e-01| 2.585e-01                         
       0.Info>>       sd:c:reduce| 0.000e+00| 6.000e-06                         
       0.Info>>         sd:c:wait| 1.000e-06| 4.000e-06                         
       0.Info>>        sd:compute| 2.745e-01| 7.645e-01                         
       0.Info>>         sd:runner| 6.280e+00| 8.221e+00                         
       0.Info>>          sd:stage| 2.412e-02| 2.439e-02                         
       0.Info>> sd:worker:scatter| 1.513e-03| 1.037e-02                         
       0.Info>>    sd:worker:wait| 1.000e-06| 2.586e-01                         
       0.Info>>          sd:write| 5.000e-06| 5.000e-05                         
       0.Info>>           st:fill| 1.319e-03| 1.581e-03                         
       0.Info>>          st:first| 2.267e-02| 2.267e-02                         
       0.Info>>           st:load| 2.233e-02| 2.233e-02                         
       0.Info>>           st:wait| 7.000e-06| 2.271e-02                         
       0.Info>>-----------------------------------------------------------------
       0.Info>>                                                                 
       0.Info>>         Performance Analysis (relative to total time * nodes)   
       0.Info>>-----------------------------------------------------------------
       0.Info>> mean and total runtimes:                                        
       0.Info>>-----------------------------------------------------------------
       0.Info>>          measure |    total |       count |     mean |   stddev 
       0.Info>>-----------------------------------------------------------------
       0.Info>>   sd:c:b:dspstore| 5.439e-04|        10000| 5.439e-08| 2.184e-07
       0.Info>>    sd:c:b:scatter| 6.415e-01|        10000| 6.415e-05| 9.709e-05
       0.Info>>        sd:c:block| 6.442e-01|          100| 6.442e-03| 4.992e-03
       0.Info>>         sd:c:init| 2.175e-01|          100| 2.175e-03| 3.847e-03
       0.Info>>       sd:c:reduce| 1.626e-06|          100| 1.626e-08| 8.296e-08
       0.Info>>         sd:c:wait| 2.518e-06|          100| 2.518e-08| 7.660e-08
       0.Info>>        sd:compute| 8.617e-01|          100| 8.617e-03| 6.807e-03
       0.Info>>         sd:runner| 8.617e-01|            8| 1.077e-01| 0.000e+00
       0.Info>>          sd:stage| 2.795e-03|            8| 3.493e-04| 0.000e+00
       0.Info>> sd:worker:scatter| 6.359e-01|        10000| 6.359e-05| 9.514e-05
       0.Info>>    sd:worker:wait| 2.243e-01|        10000| 2.243e-05| 1.847e-03
       0.Info>>          sd:write| 1.509e-05|          100| 1.509e-07| 9.475e-07
       0.Info>>           st:fill| 1.709e-04|            8| 2.136e-05| 0.000e+00
       0.Info>>          st:first| 3.261e-04|            1| 3.261e-04| 0.000e+00
       0.Info>>           st:load| 3.212e-04|            1| 3.212e-04| 0.000e+00
       0.Info>>           st:wait| 2.287e-03|            8| 2.858e-04| 0.000e+00
       0.Info>>-----------------------------------------------------------------
       0.Info>>-----------------------------------------------------------------
       0.Info>> watermarks:                                                     
       0.Info>>-----------------------------------------------------------------
       0.Info>>          measure |      min |      max                          
       0.Info>>-----------------------------------------------------------------
       0.Info>>   sd:c:b:dspstore| 2.877e-08| 1.065e-06                         
       0.Info>>    sd:c:b:scatter| 2.211e-05| 1.899e-04                         
       0.Info>>        sd:c:block| 2.288e-03| 8.399e-03                         
       0.Info>>         sd:c:init| 1.656e-03| 3.719e-03                         
       0.Info>>       sd:c:reduce| 0.000e+00| 8.632e-08                         
       0.Info>>         sd:c:wait| 1.439e-08| 5.755e-08                         
       0.Info>>        sd:compute| 3.949e-03| 1.100e-02                         
       0.Info>>         sd:runner| 9.035e-02| 1.183e-01                         
       0.Info>>          sd:stage| 3.470e-04| 3.509e-04                         
       0.Info>> sd:worker:scatter| 2.177e-05| 1.492e-04                         
       0.Info>>    sd:worker:wait| 1.439e-08| 3.721e-03                         
       0.Info>>          sd:write| 7.193e-08| 7.193e-07                         
       0.Info>>           st:fill| 1.898e-05| 2.274e-05                         
       0.Info>>          st:first| 3.261e-04| 3.261e-04                         
       0.Info>>           st:load| 3.212e-04| 3.212e-04                         
       0.Info>>           st:wait| 1.007e-07| 3.268e-04                         
       0.Info>>-----------------------------------------------------------------
       0.Info>>Total runtime (s): 8.6888170000000002                            
       0.Info>>Successfully finished... Have a nice day!                        
