       0.Info>>This software is being developed by Benjamin Lindner.                    
       0.Info>>For help, suggestions or correspondense use:                             
       0.Info>>ben@benlabs.net, Benjamin Lindner (Main Developer, Impl. & Maintenance)  
       0.Info>>franc@cmm.ki.si, Franci Merzel (Methodology)                             
       0.Info>>For publications include the following references:                       
       0.Info>>.........................................................................
       0.Info>>1. Sassena - X-ray and Neutron Scattering Calculated                     
       0.Info>>  from Molecular Dynamics Trajectories using Massively Parallel Computers
       0.Info>>  published as a Computer Program in Physics Paper                       
       0.Info>>.........................................................................
       0.Info>>Version Information: 1.4.2                                       
       0.Info>>                                                                 
       0.Info>>.................................................................
       0.Info>>......................D.E.S.C.R.I.P.T.I.O.N......................
       0.Info>>.................................................................
       0.Info>>This binary computes the scattering intensities directly from    
       0.Info>>a molecular dynamics trajectory.                                 
       0.Info>>.................................................................
       0.Info>>.................................................................
       0.Info>>...................I.N.I.T.I.A.L.I.Z.A.T.I.O.N...................
       0.Info>>.................................................................
       0.Info>>No configuration file specified. Will use default                
       0.Info>>Looking for configuration file: scatter.xml                      
       0.Info>>Reading parameters from XML file: scatter.xml                    
       0.Info>>Added frames from /home/amajumda/study/continuum_simulations/gitlab/continuum-to-scattering/data/100_100_100_10_10_10/single_atom_shrink/iteration_006/t000/pdb_dcd/sample.dcd using format: dcd
       0.Info>>Options: first=0, last=0, lastset=0, stride=1                    
       0.Info>>stager.target=system                                             
       0.Info>>scattering.type=all                                              
       0.Info>>scattering.dsp.type=square                                       
       0.Info>>scattering.average.orientation.type=vectors                      
       0.Info>>scattering.average.orientation.vectors.type=sphere               
       0.Info>>scattering.average.orientation.vectors.algorithm=boost_uniform_on_sphere
       0.Info>>scattering.average.orientation.vectors.resolution=100            
       0.Info>>Generating orientations for orientational averaging using sphere,boost_uniform_on_sphere
       0.Info>>Initialized orientational averaging with 100 vectors.            
       0.Info>>scattering.signal.file=signal.h5                                 
       0.Info>>scattering.signal.filepath=/home/amajumda/study/continuum_simulations/gitlab/continuum-to-scattering/data/100_100_100_10_10_10/single_atom_shrink/iteration_006/t000/signal.h5
       0.Info>>scattering.signal.fqt=1                                          
       0.Info>>scattering.signal.fq0=1                                          
       0.Info>>scattering.signal.fq=1                                           
       0.Info>>scattering.signal.fq2=1                                          
       0.Info>>Analyzing command line for parameter overwrites                  
       0.Info>>Reading database from file: /home/amajumda/study/continuum_simulations/gitlab/continuum-to-scattering/data/100_100_100_10_10_10/single_atom_shrink/iteration_006/t000/database/db-neutron-coherent.xml
       0.Info>>Checking database...                                             
       0.Info>>Testing mapping between PDB names and atom labels                
       0.Info>>Testing database completeness for referenced atom labels         
       0.Info>>Check succeeded. Database seems OK.                              
       0.Info>>Initializing sample...                                           
       0.Info>>Reading structure from file: /home/amajumda/study/continuum_simulations/gitlab/continuum-to-scattering/data/100_100_100_10_10_10/single_atom_shrink/iteration_006/t000/pdb_dcd/sample.pdb
       0.Info>>Done. Atoms read: 1000                                           
       0.Info>>Reading frames from: /home/amajumda/study/continuum_simulations/gitlab/continuum-to-scattering/data/100_100_100_10_10_10/single_atom_shrink/iteration_006/t000/pdb_dcd/sample.dcd
       0.Info>>Found 1 frames                                                   
       0.Info>>Total number of coordinate sets found: 1                         
       0.Info>>Exchanging sample, database & params information with compute nodes... 
       0.Info>>params...                                                        
       0.Info>>database...                                                      
       0.Info>>sample...                                                        
       0.Info>>.................................................................
       0.Info>>......................C.O.M.P.U.T.A.T.I.O.N......................
       0.Info>>.................................................................
       0.Info>>Setting up services...                                           
       0.Info>>Initializing data file service...                                
       0.Info>>Initializing monitor service...                                  
       0.Info>>Starting data file service...                                    
       0.Info>>Starting monitor service...                                      
       0.Info>>Services setup and running...                                    
       0.Info>>Checking /home/amajumda/study/continuum_simulations/gitlab/continuum-to-scattering/data/100_100_100_10_10_10/single_atom_shrink/iteration_006/t000/signal.h5 for old results.
       0.Info>>Broadcasting service information                                 
       0.Info>>Server host name    : hzglap02                                   
       0.Info>>FileService Port    : 45851                                      
       0.Info>>MonitorService Port : 40517                                      
       0.Info>>Setting up parallel environment...                               
       0.Info>>Searching for decomposition plan:                                
       0.Info>>nodes    = 8                                                     
       0.Info>>qvectors = 100                                                   
       0.Info>>frames   = 1                                                     
       0.Info>>atoms   = 1000                                                   
       0.Info>>All interference scattering detected. Applying frame decomposition.
       0.Info>>Automatic decomposition. Searching for best utilization.         
       0.Info>>Final decomposition parameters:                                  
       0.Info>>NN                : 8                                            
       0.Info>>NQ                : 100                                          
       0.Info>>NAF               : 1                                            
       0.Info>>NP                : 8                                            
       0.Info>>NNpP              : 1                                            
       0.Info>>NAFcycles         : 1                                            
       0.Info>>NQcycles          : 13                                           
       0.Info>>CompEl (WASTE/USE): 4/100                                        
       0.Info>>utilization(1=best)    : 0.96153846153846156                     
       0.Info>>Initializing Scatter Device, Vectors (all)                       
       0.Info>>Starting scattering...                                           
       0.Info>>Checking memory requirements for scattering calculation...       
       0.Info>>required limits.computation.memory.result_buffer=16              
       0.Info>>required limits.computation.memory.signal_buffer=16              
       0.Info>>required limits.computation.memory.exchange_buffer=0             
       0.Info>>required limits.computation.memory.alignpad_buffer=32            
       0.Info>>Memory limits ok                                                 
       0.Info>>Staging data...                                                  
       0.Info>>Forcing stager.mode=frames                                       
       0.Info>>Staging first partition.                                         
       0.Info>>Staging remaining partitions.                                    
       0.Info>>background scattering length set to 0                            
       0.Info>>Target initialized.                                              
       0.Info>>Target 'system' produces a background scattering length density of 0.33783289253640164
       0.Info>>Starting computation...                                          
       0.Info>>Orientational averaging includes 100 vectors                     
       0.Info>>Setting progress sampling factor for monitoring to 1             
       0.Info>>Scattering finished...                                           
       0.Info>>.................................................................
       0.Info>>.....................R.U.N...A.N.A.L.Y.S.I.S.....................
       0.Info>>.................................................................
       0.Info>>Aggregating timing information for performance analysis...       
       0.Info>>                                                                 
       0.Info>>                    Performance Analysis                         
       0.Info>>-----------------------------------------------------------------
       0.Info>> mean and total runtimes:                                        
       0.Info>>-----------------------------------------------------------------
       0.Info>>          measure |    total |       count |     mean |   stddev 
       0.Info>>-----------------------------------------------------------------
       0.Info>>   sd:c:b:dspstore| 2.631e-02|        10000| 2.631e-06| 1.617e-06
       0.Info>>    sd:c:b:scatter| 6.192e-01|        10000| 6.192e-05| 1.443e-05
       0.Info>>        sd:c:block| 7.477e-01|          100| 7.477e-03| 5.167e-04
       0.Info>>         sd:c:init| 1.458e-01|          100| 1.458e-03| 3.681e-04
       0.Info>>       sd:c:reduce| 9.200e-05|          100| 9.200e-07| 5.132e-07
       0.Info>>         sd:c:wait| 1.380e-04|          100| 1.380e-06| 5.488e-07
       0.Info>>        sd:compute| 8.957e-01|          100| 8.957e-03| 6.581e-04
       0.Info>>         sd:runner| 8.992e-01|            8| 1.124e-01| 0.000e+00
       0.Info>>          sd:stage| 4.136e-03|            8| 5.170e-04| 0.000e+00
       0.Info>> sd:worker:scatter| 4.328e-01|        10000| 4.328e-05| 6.656e-06
       0.Info>>    sd:worker:wait| 3.896e-01|        10000| 3.896e-05| 1.551e-04
       0.Info>>          sd:write| 7.850e-04|          100| 7.850e-06| 5.624e-06
       0.Info>>           st:fill| 6.720e-04|            8| 8.400e-05| 0.000e+00
       0.Info>>          st:first| 3.360e-04|            1| 3.360e-04| 0.000e+00
       0.Info>>           st:load| 3.110e-04|            1| 3.110e-04| 0.000e+00
       0.Info>>           st:wait| 2.542e-03|            8| 3.177e-04| 0.000e+00
       0.Info>>-----------------------------------------------------------------
       0.Info>>-----------------------------------------------------------------
       0.Info>> watermarks:                                                     
       0.Info>>-----------------------------------------------------------------
       0.Info>>          measure |      min |      max                          
       0.Info>>-----------------------------------------------------------------
       0.Info>>   sd:c:b:dspstore| 1.000e-06| 6.200e-05                         
       0.Info>>    sd:c:b:scatter| 2.300e-05| 6.620e-04                         
       0.Info>>        sd:c:block| 5.122e-03| 8.785e-03                         
       0.Info>>         sd:c:init| 9.570e-04| 2.863e-03                         
       0.Info>>       sd:c:reduce| 0.000e+00| 3.000e-06                         
       0.Info>>         sd:c:wait| 1.000e-06| 3.000e-06                         
       0.Info>>        sd:compute| 7.183e-03| 1.078e-02                         
       0.Info>>         sd:runner| 1.006e-01| 1.195e-01                         
       0.Info>>          sd:stage| 5.120e-04| 5.210e-04                         
       0.Info>> sd:worker:scatter| 1.200e-05| 1.480e-04                         
       0.Info>>    sd:worker:wait| 1.200e-05| 2.979e-03                         
       0.Info>>          sd:write| 4.000e-06| 3.400e-05                         
       0.Info>>           st:fill| 7.300e-05| 8.800e-05                         
       0.Info>>          st:first| 3.360e-04| 3.360e-04                         
       0.Info>>           st:load| 3.110e-04| 3.110e-04                         
       0.Info>>           st:wait| 5.000e-06| 3.660e-04                         
       0.Info>>-----------------------------------------------------------------
       0.Info>>                                                                 
       0.Info>>         Performance Analysis (relative to total time * nodes)   
       0.Info>>-----------------------------------------------------------------
       0.Info>> mean and total runtimes:                                        
       0.Info>>-----------------------------------------------------------------
       0.Info>>          measure |    total |       count |     mean |   stddev 
       0.Info>>-----------------------------------------------------------------
       0.Info>>   sd:c:b:dspstore| 1.958e-02|        10000| 1.958e-06| 1.394e-06
       0.Info>>    sd:c:b:scatter| 4.607e-01|        10000| 4.607e-05| 1.245e-05
       0.Info>>        sd:c:block| 5.563e-01|          100| 5.563e-03| 4.457e-04
       0.Info>>         sd:c:init| 1.085e-01|          100| 1.085e-03| 3.175e-04
       0.Info>>       sd:c:reduce| 6.845e-05|          100| 6.845e-07| 4.426e-07
       0.Info>>         sd:c:wait| 1.027e-04|          100| 1.027e-06| 4.733e-07
       0.Info>>        sd:compute| 6.664e-01|          100| 6.664e-03| 5.677e-04
       0.Info>>         sd:runner| 6.690e-01|            8| 8.362e-02| 0.000e+00
       0.Info>>          sd:stage| 3.077e-03|            8| 3.846e-04| 0.000e+00
       0.Info>> sd:worker:scatter| 3.220e-01|        10000| 3.220e-05| 5.741e-06
       0.Info>>    sd:worker:wait| 2.899e-01|        10000| 2.899e-05| 1.338e-04
       0.Info>>          sd:write| 5.840e-04|          100| 5.840e-06| 4.851e-06
       0.Info>>           st:fill| 5.000e-04|            8| 6.250e-05| 0.000e+00
       0.Info>>          st:first| 2.500e-04|            1| 2.500e-04| 0.000e+00
       0.Info>>           st:load| 2.314e-04|            1| 2.314e-04| 0.000e+00
       0.Info>>           st:wait| 1.891e-03|            8| 2.364e-04| 0.000e+00
       0.Info>>-----------------------------------------------------------------
       0.Info>>-----------------------------------------------------------------
       0.Info>> watermarks:                                                     
       0.Info>>-----------------------------------------------------------------
       0.Info>>          measure |      min |      max                          
       0.Info>>-----------------------------------------------------------------
       0.Info>>   sd:c:b:dspstore| 7.440e-07| 4.613e-05                         
       0.Info>>    sd:c:b:scatter| 1.711e-05| 4.925e-04                         
       0.Info>>        sd:c:block| 3.811e-03| 6.536e-03                         
       0.Info>>         sd:c:init| 7.120e-04| 2.130e-03                         
       0.Info>>       sd:c:reduce| 0.000e+00| 2.232e-06                         
       0.Info>>         sd:c:wait| 7.440e-07| 2.232e-06                         
       0.Info>>        sd:compute| 5.344e-03| 8.018e-03                         
       0.Info>>         sd:runner| 7.482e-02| 8.893e-02                         
       0.Info>>          sd:stage| 3.809e-04| 3.876e-04                         
       0.Info>> sd:worker:scatter| 8.928e-06| 1.101e-04                         
       0.Info>>    sd:worker:wait| 8.928e-06| 2.216e-03                         
       0.Info>>          sd:write| 2.976e-06| 2.530e-05                         
       0.Info>>           st:fill| 5.431e-05| 6.547e-05                         
       0.Info>>          st:first| 2.500e-04| 2.500e-04                         
       0.Info>>           st:load| 2.314e-04| 2.314e-04                         
       0.Info>>           st:wait| 3.720e-06| 2.723e-04                         
       0.Info>>-----------------------------------------------------------------
       0.Info>>Total runtime (s): 0.16801099999999999                           
       0.Info>>Successfully finished... Have a nice day!                        
