       0.Info>>This software is being developed by Benjamin Lindner.                    
       0.Info>>For help, suggestions or correspondense use:                             
       0.Info>>ben@benlabs.net, Benjamin Lindner (Main Developer, Impl. & Maintenance)  
       0.Info>>franc@cmm.ki.si, Franci Merzel (Methodology)                             
       0.Info>>For publications include the following references:                       
       0.Info>>.........................................................................
       0.Info>>1. Sassena - X-ray and Neutron Scattering Calculated                     
       0.Info>>  from Molecular Dynamics Trajectories using Massively Parallel Computers
       0.Info>>  published as a Computer Program in Physics Paper                       
       0.Info>>.........................................................................
       0.Info>>Version Information: 1.4.2                                       
       0.Info>>                                                                 
       0.Info>>.................................................................
       0.Info>>......................D.E.S.C.R.I.P.T.I.O.N......................
       0.Info>>.................................................................
       0.Info>>This binary computes the scattering intensities directly from    
       0.Info>>a molecular dynamics trajectory.                                 
       0.Info>>.................................................................
       0.Info>>.................................................................
       0.Info>>...................I.N.I.T.I.A.L.I.Z.A.T.I.O.N...................
       0.Info>>.................................................................
       0.Info>>No configuration file specified. Will use default                
       0.Info>>Looking for configuration file: scatter.xml                      
       0.Info>>Reading parameters from XML file: scatter.xml                    
       0.Info>>Added frames from /home/amajumda/study/continuum_simulations/gitlab/continuum-to-scattering/data/100_100_100_50_50_50/single_atom_shrink/iteration_007/t001/pdb_dcd/sample.dcd using format: dcd
       0.Info>>Options: first=0, last=0, lastset=0, stride=1                    
       0.Info>>stager.target=system                                             
       0.Info>>scattering.type=all                                              
       0.Info>>scattering.dsp.type=square                                       
       0.Info>>scattering.average.orientation.type=vectors                      
       0.Info>>scattering.average.orientation.vectors.type=sphere               
       0.Info>>scattering.average.orientation.vectors.algorithm=boost_uniform_on_sphere
       0.Info>>scattering.average.orientation.vectors.resolution=100            
       0.Info>>Generating orientations for orientational averaging using sphere,boost_uniform_on_sphere
       0.Info>>Initialized orientational averaging with 100 vectors.            
       0.Info>>scattering.signal.file=signal.h5                                 
       0.Info>>scattering.signal.filepath=/home/amajumda/study/continuum_simulations/gitlab/continuum-to-scattering/data/100_100_100_50_50_50/single_atom_shrink/iteration_007/t001/signal.h5
       0.Info>>scattering.signal.fqt=1                                          
       0.Info>>scattering.signal.fq0=1                                          
       0.Info>>scattering.signal.fq=1                                           
       0.Info>>scattering.signal.fq2=1                                          
       0.Info>>Analyzing command line for parameter overwrites                  
       0.Info>>Reading database from file: /home/amajumda/study/continuum_simulations/gitlab/continuum-to-scattering/data/100_100_100_50_50_50/single_atom_shrink/iteration_007/t001/database/db-neutron-coherent.xml
       0.Info>>Checking database...                                             
       0.Info>>Testing mapping between PDB names and atom labels                
       0.Info>>Testing database completeness for referenced atom labels         
       0.Info>>Check succeeded. Database seems OK.                              
       0.Info>>Initializing sample...                                           
       0.Info>>Reading structure from file: /home/amajumda/study/continuum_simulations/gitlab/continuum-to-scattering/data/100_100_100_50_50_50/single_atom_shrink/iteration_007/t001/pdb_dcd/sample.pdb
       0.Info>>Done. Atoms read: 125000                                         
       0.Info>>Reading frames from: /home/amajumda/study/continuum_simulations/gitlab/continuum-to-scattering/data/100_100_100_50_50_50/single_atom_shrink/iteration_007/t001/pdb_dcd/sample.dcd
       0.Info>>Found 1 frames                                                   
       0.Info>>Total number of coordinate sets found: 1                         
       0.Info>>Exchanging sample, database & params information with compute nodes... 
       0.Info>>params...                                                        
       0.Info>>database...                                                      
       0.Info>>sample...                                                        
       0.Info>>.................................................................
       0.Info>>......................C.O.M.P.U.T.A.T.I.O.N......................
       0.Info>>.................................................................
       0.Info>>Setting up services...                                           
       0.Info>>Initializing data file service...                                
       0.Info>>Initializing monitor service...                                  
       0.Info>>Starting data file service...                                    
       0.Info>>Starting monitor service...                                      
       0.Info>>Services setup and running...                                    
       0.Info>>Checking /home/amajumda/study/continuum_simulations/gitlab/continuum-to-scattering/data/100_100_100_50_50_50/single_atom_shrink/iteration_007/t001/signal.h5 for old results.
       0.Info>>Broadcasting service information                                 
       0.Info>>Server host name    : hzglap02                                   
       0.Info>>FileService Port    : 36115                                      
       0.Info>>MonitorService Port : 40493                                      
       0.Info>>Setting up parallel environment...                               
       0.Info>>Searching for decomposition plan:                                
       0.Info>>nodes    = 8                                                     
       0.Info>>qvectors = 100                                                   
       0.Info>>frames   = 1                                                     
       0.Info>>atoms   = 125000                                                 
       0.Info>>All interference scattering detected. Applying frame decomposition.
       0.Info>>Automatic decomposition. Searching for best utilization.         
       0.Info>>Final decomposition parameters:                                  
       0.Info>>NN                : 8                                            
       0.Info>>NQ                : 100                                          
       0.Info>>NAF               : 1                                            
       0.Info>>NP                : 8                                            
       0.Info>>NNpP              : 1                                            
       0.Info>>NAFcycles         : 1                                            
       0.Info>>NQcycles          : 13                                           
       0.Info>>CompEl (WASTE/USE): 4/100                                        
       0.Info>>utilization(1=best)    : 0.96153846153846156                     
       0.Info>>Initializing Scatter Device, Vectors (all)                       
       0.Info>>Starting scattering...                                           
       0.Info>>Checking memory requirements for scattering calculation...       
       0.Info>>required limits.computation.memory.result_buffer=16              
       0.Info>>required limits.computation.memory.signal_buffer=16              
       0.Info>>required limits.computation.memory.exchange_buffer=0             
       0.Info>>required limits.computation.memory.alignpad_buffer=32            
       0.Info>>Memory limits ok                                                 
       0.Info>>Staging data...                                                  
       0.Info>>Forcing stager.mode=frames                                       
       0.Info>>Staging first partition.                                         
       0.Info>>Staging remaining partitions.                                    
       0.Info>>background scattering length set to 0                            
       0.Info>>Target initialized.                                              
       0.Info>>Target 'system' produces a background scattering length density of 0.0020252317963871417
       0.Info>>Starting computation...                                          
       0.Info>>Orientational averaging includes 100 vectors                     
       0.Info>>Setting progress sampling factor for monitoring to 1             
       0.Info>>Progress: 2.385%, ETOTAL: 55.956639301310034 s, ETA: 54.621840301310037 s
       0.Info>>Progress: 4.771%, ETOTAL: 27.995717030567679 s, ETA: 26.660088030567678 s
       0.Info>>Progress: 6.905%, ETOTAL: 19.367271478301227 s, ETA: 18.029874478301227 s
       0.Info>>Progress: 11.300%, ETOTAL: 11.903948262657778 s, ETA: 10.558840262657778 s
       0.Info>>Progress: 22.205%, ETOTAL: 14.987754041570437 s, ETA: 11.659704041570437 s
       0.Info>>Progress: 32.455%, ETOTAL: 10.31549152676279 s, ETA: 6.9675855267627895 s
       0.Info>>Progress: 43.080%, ETOTAL: 7.8164066364109832 s, ETA: 4.4490886364109823 s
       0.Info>>Progress: 50.080%, ETOTAL: 10.661522227200003 s, ETA: 5.3222182272000023 s
       0.Info>>Progress: 60.080%, ETOTAL: 8.9159912936783154 s, ETA: 3.5592522936783153 s
       0.Info>>Progress: 73.330%, ETOTAL: 7.5529173827527432 s, ETA: 2.0143533827527431 s
       0.Info>>Progress: 82.705%, ETOTAL: 8.9049411564098584 s, ETA: 1.5400981564098588 s
       0.Info>>Scattering finished...                                           
       0.Info>>.................................................................
       0.Info>>.....................R.U.N...A.N.A.L.Y.S.I.S.....................
       0.Info>>.................................................................
       0.Info>>Aggregating timing information for performance analysis...       
       0.Info>>                                                                 
       0.Info>>                    Performance Analysis                         
       0.Info>>-----------------------------------------------------------------
       0.Info>> mean and total runtimes:                                        
       0.Info>>-----------------------------------------------------------------
       0.Info>>          measure |    total |       count |     mean |   stddev 
       0.Info>>-----------------------------------------------------------------
       0.Info>>   sd:c:b:dspstore| 3.692e-02|        10000| 3.692e-06| 2.065e-06
       0.Info>>    sd:c:b:scatter| 4.386e+01|        10000| 4.386e-03| 7.988e-04
       0.Info>>        sd:c:block| 4.404e+01|          100| 4.404e-01| 4.315e-02
       0.Info>>         sd:c:init| 1.443e+01|          100| 1.443e-01| 2.412e-02
       0.Info>>       sd:c:reduce| 9.800e-05|          100| 9.800e-07| 5.522e-07
       0.Info>>         sd:c:wait| 1.640e-04|          100| 1.640e-06| 5.779e-07
       0.Info>>        sd:compute| 5.847e+01|          100| 5.847e-01| 5.484e-02
       0.Info>>         sd:runner| 5.847e+01|            8| 7.309e+00| 0.000e+00
       0.Info>>          sd:stage| 1.937e-01|            8| 2.421e-02| 0.000e+00
       0.Info>> sd:worker:scatter| 4.352e+01|        10000| 4.352e-03| 7.900e-04
       0.Info>>    sd:worker:wait| 1.486e+01|        10000| 1.486e-03| 1.458e-02
       0.Info>>          sd:write| 9.510e-04|          100| 9.510e-06| 6.887e-06
       0.Info>>           st:fill| 1.188e-02|            8| 1.486e-03| 0.000e+00
       0.Info>>          st:first| 2.260e-02|            1| 2.260e-02| 0.000e+00
       0.Info>>           st:load| 2.227e-02|            1| 2.227e-02| 0.000e+00
       0.Info>>           st:wait| 1.585e-01|            8| 1.981e-02| 0.000e+00
       0.Info>>-----------------------------------------------------------------
       0.Info>>-----------------------------------------------------------------
       0.Info>> watermarks:                                                     
       0.Info>>-----------------------------------------------------------------
       0.Info>>          measure |      min |      max                          
       0.Info>>-----------------------------------------------------------------
       0.Info>>   sd:c:b:dspstore| 1.000e-06| 7.700e-05                         
       0.Info>>    sd:c:b:scatter| 1.524e-03| 1.065e-02                         
       0.Info>>        sd:c:block| 1.633e-01| 5.289e-01                         
       0.Info>>         sd:c:init| 1.165e-01| 2.075e-01                         
       0.Info>>       sd:c:reduce| 0.000e+00| 2.000e-06                         
       0.Info>>         sd:c:wait| 1.000e-06| 3.000e-06                         
       0.Info>>        sd:compute| 2.799e-01| 7.127e-01                         
       0.Info>>         sd:runner| 6.395e+00| 7.912e+00                         
       0.Info>>          sd:stage| 2.406e-02| 2.428e-02                         
       0.Info>> sd:worker:scatter| 1.500e-03| 7.908e-03                         
       0.Info>>    sd:worker:wait| 2.000e-06| 2.076e-01                         
       0.Info>>          sd:write| 5.000e-06| 4.100e-05                         
       0.Info>>           st:fill| 1.331e-03| 1.553e-03                         
       0.Info>>          st:first| 2.260e-02| 2.260e-02                         
       0.Info>>           st:load| 2.227e-02| 2.227e-02                         
       0.Info>>           st:wait| 7.000e-06| 2.264e-02                         
       0.Info>>-----------------------------------------------------------------
       0.Info>>                                                                 
       0.Info>>         Performance Analysis (relative to total time * nodes)   
       0.Info>>-----------------------------------------------------------------
       0.Info>> mean and total runtimes:                                        
       0.Info>>-----------------------------------------------------------------
       0.Info>>          measure |    total |       count |     mean |   stddev 
       0.Info>>-----------------------------------------------------------------
       0.Info>>   sd:c:b:dspstore| 5.519e-04|        10000| 5.519e-08| 2.525e-07
       0.Info>>    sd:c:b:scatter| 6.558e-01|        10000| 6.558e-05| 9.767e-05
       0.Info>>        sd:c:block| 6.585e-01|          100| 6.585e-03| 5.276e-03
       0.Info>>         sd:c:init| 2.157e-01|          100| 2.157e-03| 2.950e-03
       0.Info>>       sd:c:reduce| 1.465e-06|          100| 1.465e-08| 6.751e-08
       0.Info>>         sd:c:wait| 2.452e-06|          100| 2.452e-08| 7.066e-08
       0.Info>>        sd:compute| 8.742e-01|          100| 8.742e-03| 6.705e-03
       0.Info>>         sd:runner| 8.743e-01|            8| 1.093e-01| 0.000e+00
       0.Info>>          sd:stage| 2.896e-03|            8| 3.620e-04| 0.000e+00
       0.Info>> sd:worker:scatter| 6.506e-01|        10000| 6.506e-05| 9.660e-05
       0.Info>>    sd:worker:wait| 2.222e-01|        10000| 2.222e-05| 1.783e-03
       0.Info>>          sd:write| 1.422e-05|          100| 1.422e-07| 8.422e-07
       0.Info>>           st:fill| 1.777e-04|            8| 2.221e-05| 0.000e+00
       0.Info>>          st:first| 3.379e-04|            1| 3.379e-04| 0.000e+00
       0.Info>>           st:load| 3.329e-04|            1| 3.329e-04| 0.000e+00
       0.Info>>           st:wait| 2.369e-03|            8| 2.961e-04| 0.000e+00
       0.Info>>-----------------------------------------------------------------
       0.Info>>-----------------------------------------------------------------
       0.Info>> watermarks:                                                     
       0.Info>>-----------------------------------------------------------------
       0.Info>>          measure |      min |      max                          
       0.Info>>-----------------------------------------------------------------
       0.Info>>   sd:c:b:dspstore| 1.495e-08| 1.151e-06                         
       0.Info>>    sd:c:b:scatter| 2.279e-05| 1.592e-04                         
       0.Info>>        sd:c:block| 2.442e-03| 7.907e-03                         
       0.Info>>         sd:c:init| 1.742e-03| 3.103e-03                         
       0.Info>>       sd:c:reduce| 0.000e+00| 2.990e-08                         
       0.Info>>         sd:c:wait| 1.495e-08| 4.485e-08                         
       0.Info>>        sd:compute| 4.185e-03| 1.066e-02                         
       0.Info>>         sd:runner| 9.561e-02| 1.183e-01                         
       0.Info>>          sd:stage| 3.597e-04| 3.629e-04                         
       0.Info>> sd:worker:scatter| 2.243e-05| 1.182e-04                         
       0.Info>>    sd:worker:wait| 2.990e-08| 3.104e-03                         
       0.Info>>          sd:write| 7.476e-08| 6.130e-07                         
       0.Info>>           st:fill| 1.990e-05| 2.322e-05                         
       0.Info>>          st:first| 3.379e-04| 3.379e-04                         
       0.Info>>           st:load| 3.329e-04| 3.329e-04                         
       0.Info>>           st:wait| 1.047e-07| 3.385e-04                         
       0.Info>>-----------------------------------------------------------------
       0.Info>>Total runtime (s): 8.3606099999999994                            
       0.Info>>Successfully finished... Have a nice day!                        
