       0.Info>>This software is being developed by Benjamin Lindner.                    
       0.Info>>For help, suggestions or correspondense use:                             
       0.Info>>ben@benlabs.net, Benjamin Lindner (Main Developer, Impl. & Maintenance)  
       0.Info>>franc@cmm.ki.si, Franci Merzel (Methodology)                             
       0.Info>>For publications include the following references:                       
       0.Info>>.........................................................................
       0.Info>>1. Sassena - X-ray and Neutron Scattering Calculated                     
       0.Info>>  from Molecular Dynamics Trajectories using Massively Parallel Computers
       0.Info>>  published as a Computer Program in Physics Paper                       
       0.Info>>.........................................................................
       0.Info>>Version Information: 1.4.2                                       
       0.Info>>                                                                 
       0.Info>>.................................................................
       0.Info>>......................D.E.S.C.R.I.P.T.I.O.N......................
       0.Info>>.................................................................
       0.Info>>This binary computes the scattering intensities directly from    
       0.Info>>a molecular dynamics trajectory.                                 
       0.Info>>.................................................................
       0.Info>>.................................................................
       0.Info>>...................I.N.I.T.I.A.L.I.Z.A.T.I.O.N...................
       0.Info>>.................................................................
       0.Info>>No configuration file specified. Will use default                
       0.Info>>Looking for configuration file: scatter.xml                      
       0.Info>>Reading parameters from XML file: scatter.xml                    
       0.Info>>Added frames from /home/amajumda/study/continuum_simulations/gitlab/continuum-to-scattering/data/100_100_100_10_10_10/single_atom_shrink/iteration_003/t006/pdb_dcd/sample.dcd using format: dcd
       0.Info>>Options: first=0, last=0, lastset=0, stride=1                    
       0.Info>>stager.target=system                                             
       0.Info>>scattering.type=all                                              
       0.Info>>scattering.dsp.type=square                                       
       0.Info>>scattering.average.orientation.type=vectors                      
       0.Info>>scattering.average.orientation.vectors.type=sphere               
       0.Info>>scattering.average.orientation.vectors.algorithm=boost_uniform_on_sphere
       0.Info>>scattering.average.orientation.vectors.resolution=100            
       0.Info>>Generating orientations for orientational averaging using sphere,boost_uniform_on_sphere
       0.Info>>Initialized orientational averaging with 100 vectors.            
       0.Info>>scattering.signal.file=signal.h5                                 
       0.Info>>scattering.signal.filepath=/home/amajumda/study/continuum_simulations/gitlab/continuum-to-scattering/data/100_100_100_10_10_10/single_atom_shrink/iteration_003/t006/signal.h5
       0.Info>>scattering.signal.fqt=1                                          
       0.Info>>scattering.signal.fq0=1                                          
       0.Info>>scattering.signal.fq=1                                           
       0.Info>>scattering.signal.fq2=1                                          
       0.Info>>Analyzing command line for parameter overwrites                  
       0.Info>>Reading database from file: /home/amajumda/study/continuum_simulations/gitlab/continuum-to-scattering/data/100_100_100_10_10_10/single_atom_shrink/iteration_003/t006/database/db-neutron-coherent.xml
       0.Info>>Checking database...                                             
       0.Info>>Testing mapping between PDB names and atom labels                
       0.Info>>Testing database completeness for referenced atom labels         
       0.Info>>Check succeeded. Database seems OK.                              
       0.Info>>Initializing sample...                                           
       0.Info>>Reading structure from file: /home/amajumda/study/continuum_simulations/gitlab/continuum-to-scattering/data/100_100_100_10_10_10/single_atom_shrink/iteration_003/t006/pdb_dcd/sample.pdb
       0.Info>>Done. Atoms read: 1000                                           
       0.Info>>Reading frames from: /home/amajumda/study/continuum_simulations/gitlab/continuum-to-scattering/data/100_100_100_10_10_10/single_atom_shrink/iteration_003/t006/pdb_dcd/sample.dcd
       0.Info>>Found 1 frames                                                   
       0.Info>>Total number of coordinate sets found: 1                         
       0.Info>>Exchanging sample, database & params information with compute nodes... 
       0.Info>>params...                                                        
       0.Info>>database...                                                      
       0.Info>>sample...                                                        
       0.Info>>.................................................................
       0.Info>>......................C.O.M.P.U.T.A.T.I.O.N......................
       0.Info>>.................................................................
       0.Info>>Setting up services...                                           
       0.Info>>Initializing data file service...                                
       0.Info>>Initializing monitor service...                                  
       0.Info>>Starting data file service...                                    
       0.Info>>Starting monitor service...                                      
       0.Info>>Services setup and running...                                    
       0.Info>>Checking /home/amajumda/study/continuum_simulations/gitlab/continuum-to-scattering/data/100_100_100_10_10_10/single_atom_shrink/iteration_003/t006/signal.h5 for old results.
       0.Info>>Broadcasting service information                                 
       0.Info>>Server host name    : hzglap02                                   
       0.Info>>FileService Port    : 35621                                      
       0.Info>>MonitorService Port : 37615                                      
       0.Info>>Setting up parallel environment...                               
       0.Info>>Searching for decomposition plan:                                
       0.Info>>nodes    = 8                                                     
       0.Info>>qvectors = 100                                                   
       0.Info>>frames   = 1                                                     
       0.Info>>atoms   = 1000                                                   
       0.Info>>All interference scattering detected. Applying frame decomposition.
       0.Info>>Automatic decomposition. Searching for best utilization.         
       0.Info>>Final decomposition parameters:                                  
       0.Info>>NN                : 8                                            
       0.Info>>NQ                : 100                                          
       0.Info>>NAF               : 1                                            
       0.Info>>NP                : 8                                            
       0.Info>>NNpP              : 1                                            
       0.Info>>NAFcycles         : 1                                            
       0.Info>>NQcycles          : 13                                           
       0.Info>>CompEl (WASTE/USE): 4/100                                        
       0.Info>>utilization(1=best)    : 0.96153846153846156                     
       0.Info>>Initializing Scatter Device, Vectors (all)                       
       0.Info>>Starting scattering...                                           
       0.Info>>Checking memory requirements for scattering calculation...       
       0.Info>>required limits.computation.memory.result_buffer=16              
       0.Info>>required limits.computation.memory.signal_buffer=16              
       0.Info>>required limits.computation.memory.exchange_buffer=0             
       0.Info>>required limits.computation.memory.alignpad_buffer=32            
       0.Info>>Memory limits ok                                                 
       0.Info>>Staging data...                                                  
       0.Info>>Forcing stager.mode=frames                                       
       0.Info>>Staging first partition.                                         
       0.Info>>Staging remaining partitions.                                    
       0.Info>>background scattering length set to 0                            
       0.Info>>Target initialized.                                              
       0.Info>>Target 'system' produces a background scattering length density of 0.062813150873602369
       0.Info>>Starting computation...                                          
       0.Info>>Orientational averaging includes 100 vectors                     
       0.Info>>Setting progress sampling factor for monitoring to 1             
       0.Info>>Scattering finished...                                           
       0.Info>>.................................................................
       0.Info>>.....................R.U.N...A.N.A.L.Y.S.I.S.....................
       0.Info>>.................................................................
       0.Info>>Aggregating timing information for performance analysis...       
       0.Info>>                                                                 
       0.Info>>                    Performance Analysis                         
       0.Info>>-----------------------------------------------------------------
       0.Info>> mean and total runtimes:                                        
       0.Info>>-----------------------------------------------------------------
       0.Info>>          measure |    total |       count |     mean |   stddev 
       0.Info>>-----------------------------------------------------------------
       0.Info>>   sd:c:b:dspstore| 2.820e-02|        10000| 2.820e-06| 1.972e-06
       0.Info>>    sd:c:b:scatter| 6.547e-01|        10000| 6.547e-05| 1.812e-05
       0.Info>>        sd:c:block| 7.911e-01|          100| 7.911e-03| 4.883e-04
       0.Info>>         sd:c:init| 1.463e-01|          100| 1.463e-03| 3.252e-04
       0.Info>>       sd:c:reduce| 1.000e-04|          100| 1.000e-06| 5.279e-07
       0.Info>>         sd:c:wait| 1.440e-04|          100| 1.440e-06| 6.263e-07
       0.Info>>        sd:compute| 9.397e-01|          100| 9.397e-03| 6.193e-04
       0.Info>>         sd:runner| 9.434e-01|            8| 1.179e-01| 0.000e+00
       0.Info>>          sd:stage| 3.219e-03|            8| 4.024e-04| 0.000e+00
       0.Info>> sd:worker:scatter| 4.610e-01|        10000| 4.610e-05| 7.235e-06
       0.Info>>    sd:worker:wait| 4.009e-01|        10000| 4.009e-05| 1.543e-04
       0.Info>>          sd:write| 8.120e-04|          100| 8.120e-06| 5.787e-06
       0.Info>>           st:fill| 6.320e-04|            8| 7.900e-05| 0.000e+00
       0.Info>>          st:first| 2.350e-04|            1| 2.350e-04| 0.000e+00
       0.Info>>           st:load| 2.110e-04|            1| 2.110e-04| 0.000e+00
       0.Info>>           st:wait| 1.779e-03|            8| 2.224e-04| 0.000e+00
       0.Info>>-----------------------------------------------------------------
       0.Info>>-----------------------------------------------------------------
       0.Info>> watermarks:                                                     
       0.Info>>-----------------------------------------------------------------
       0.Info>>          measure |      min |      max                          
       0.Info>>-----------------------------------------------------------------
       0.Info>>   sd:c:b:dspstore| 1.000e-06| 8.800e-05                         
       0.Info>>    sd:c:b:scatter| 2.400e-05| 1.163e-03                         
       0.Info>>        sd:c:block| 5.707e-03| 9.527e-03                         
       0.Info>>         sd:c:init| 9.410e-04| 2.127e-03                         
       0.Info>>       sd:c:reduce| 0.000e+00| 2.000e-06                         
       0.Info>>         sd:c:wait| 0.000e+00| 4.000e-06                         
       0.Info>>        sd:compute| 6.724e-03| 1.129e-02                         
       0.Info>>         sd:runner| 1.048e-01| 1.252e-01                         
       0.Info>>          sd:stage| 3.950e-04| 4.080e-04                         
       0.Info>> sd:worker:scatter| 1.200e-05| 1.620e-04                         
       0.Info>>    sd:worker:wait| 1.300e-05| 2.283e-03                         
       0.Info>>          sd:write| 5.000e-06| 3.500e-05                         
       0.Info>>           st:fill| 7.300e-05| 8.300e-05                         
       0.Info>>          st:first| 2.350e-04| 2.350e-04                         
       0.Info>>           st:load| 2.110e-04| 2.110e-04                         
       0.Info>>           st:wait| 4.000e-06| 2.560e-04                         
       0.Info>>-----------------------------------------------------------------
       0.Info>>                                                                 
       0.Info>>         Performance Analysis (relative to total time * nodes)   
       0.Info>>-----------------------------------------------------------------
       0.Info>> mean and total runtimes:                                        
       0.Info>>-----------------------------------------------------------------
       0.Info>>          measure |    total |       count |     mean |   stddev 
       0.Info>>-----------------------------------------------------------------
       0.Info>>   sd:c:b:dspstore| 2.109e-02|        10000| 2.109e-06| 1.705e-06
       0.Info>>    sd:c:b:scatter| 4.896e-01|        10000| 4.896e-05| 1.567e-05
       0.Info>>        sd:c:block| 5.916e-01|          100| 5.916e-03| 4.222e-04
       0.Info>>         sd:c:init| 1.094e-01|          100| 1.094e-03| 2.812e-04
       0.Info>>       sd:c:reduce| 7.478e-05|          100| 7.478e-07| 4.565e-07
       0.Info>>         sd:c:wait| 1.077e-04|          100| 1.077e-06| 5.416e-07
       0.Info>>        sd:compute| 7.027e-01|          100| 7.027e-03| 5.355e-04
       0.Info>>         sd:runner| 7.055e-01|            8| 8.819e-02| 0.000e+00
       0.Info>>          sd:stage| 2.407e-03|            8| 3.009e-04| 0.000e+00
       0.Info>> sd:worker:scatter| 3.447e-01|        10000| 3.447e-05| 6.257e-06
       0.Info>>    sd:worker:wait| 2.998e-01|        10000| 2.998e-05| 1.334e-04
       0.Info>>          sd:write| 6.072e-04|          100| 6.072e-06| 5.005e-06
       0.Info>>           st:fill| 4.726e-04|            8| 5.908e-05| 0.000e+00
       0.Info>>          st:first| 1.757e-04|            1| 1.757e-04| 0.000e+00
       0.Info>>           st:load| 1.578e-04|            1| 1.578e-04| 0.000e+00
       0.Info>>           st:wait| 1.330e-03|            8| 1.663e-04| 0.000e+00
       0.Info>>-----------------------------------------------------------------
       0.Info>>-----------------------------------------------------------------
       0.Info>> watermarks:                                                     
       0.Info>>-----------------------------------------------------------------
       0.Info>>          measure |      min |      max                          
       0.Info>>-----------------------------------------------------------------
       0.Info>>   sd:c:b:dspstore| 7.478e-07| 6.581e-05                         
       0.Info>>    sd:c:b:scatter| 1.795e-05| 8.697e-04                         
       0.Info>>        sd:c:block| 4.268e-03| 7.125e-03                         
       0.Info>>         sd:c:init| 7.037e-04| 1.591e-03                         
       0.Info>>       sd:c:reduce| 0.000e+00| 1.496e-06                         
       0.Info>>         sd:c:wait| 0.000e+00| 2.991e-06                         
       0.Info>>        sd:compute| 5.028e-03| 8.446e-03                         
       0.Info>>         sd:runner| 7.836e-02| 9.364e-02                         
       0.Info>>          sd:stage| 2.954e-04| 3.051e-04                         
       0.Info>> sd:worker:scatter| 8.974e-06| 1.211e-04                         
       0.Info>>    sd:worker:wait| 9.722e-06| 1.707e-03                         
       0.Info>>          sd:write| 3.739e-06| 2.617e-05                         
       0.Info>>           st:fill| 5.459e-05| 6.207e-05                         
       0.Info>>          st:first| 1.757e-04| 1.757e-04                         
       0.Info>>           st:load| 1.578e-04| 1.578e-04                         
       0.Info>>           st:wait| 2.991e-06| 1.914e-04                         
       0.Info>>-----------------------------------------------------------------
       0.Info>>Total runtime (s): 0.16715099999999999                           
       0.Info>>Successfully finished... Have a nice day!                        
