       0.Info>>This software is being developed by Benjamin Lindner.                    
       0.Info>>For help, suggestions or correspondense use:                             
       0.Info>>ben@benlabs.net, Benjamin Lindner (Main Developer, Impl. & Maintenance)  
       0.Info>>franc@cmm.ki.si, Franci Merzel (Methodology)                             
       0.Info>>For publications include the following references:                       
       0.Info>>.........................................................................
       0.Info>>1. Sassena - X-ray and Neutron Scattering Calculated                     
       0.Info>>  from Molecular Dynamics Trajectories using Massively Parallel Computers
       0.Info>>  published as a Computer Program in Physics Paper                       
       0.Info>>.........................................................................
       0.Info>>Version Information: 1.4.2                                       
       0.Info>>                                                                 
       0.Info>>.................................................................
       0.Info>>......................D.E.S.C.R.I.P.T.I.O.N......................
       0.Info>>.................................................................
       0.Info>>This binary computes the scattering intensities directly from    
       0.Info>>a molecular dynamics trajectory.                                 
       0.Info>>.................................................................
       0.Info>>.................................................................
       0.Info>>...................I.N.I.T.I.A.L.I.Z.A.T.I.O.N...................
       0.Info>>.................................................................
       0.Info>>No configuration file specified. Will use default                
       0.Info>>Looking for configuration file: scatter.xml                      
       0.Info>>Reading parameters from XML file: scatter.xml                    
       0.Info>>Added frames from /home/amajumda/study/continuum_simulations/gitlab/continuum-to-scattering/data/100_100_100_50_50_50/single_atom_shrink/iteration_008/t006/pdb_dcd/sample.dcd using format: dcd
       0.Info>>Options: first=0, last=0, lastset=0, stride=1                    
       0.Info>>stager.target=system                                             
       0.Info>>scattering.type=all                                              
       0.Info>>scattering.dsp.type=square                                       
       0.Info>>scattering.average.orientation.type=vectors                      
       0.Info>>scattering.average.orientation.vectors.type=sphere               
       0.Info>>scattering.average.orientation.vectors.algorithm=boost_uniform_on_sphere
       0.Info>>scattering.average.orientation.vectors.resolution=100            
       0.Info>>Generating orientations for orientational averaging using sphere,boost_uniform_on_sphere
       0.Info>>Initialized orientational averaging with 100 vectors.            
       0.Info>>scattering.signal.file=signal.h5                                 
       0.Info>>scattering.signal.filepath=/home/amajumda/study/continuum_simulations/gitlab/continuum-to-scattering/data/100_100_100_50_50_50/single_atom_shrink/iteration_008/t006/signal.h5
       0.Info>>scattering.signal.fqt=1                                          
       0.Info>>scattering.signal.fq0=1                                          
       0.Info>>scattering.signal.fq=1                                           
       0.Info>>scattering.signal.fq2=1                                          
       0.Info>>Analyzing command line for parameter overwrites                  
       0.Info>>Reading database from file: /home/amajumda/study/continuum_simulations/gitlab/continuum-to-scattering/data/100_100_100_50_50_50/single_atom_shrink/iteration_008/t006/database/db-neutron-coherent.xml
       0.Info>>Checking database...                                             
       0.Info>>Testing mapping between PDB names and atom labels                
       0.Info>>Testing database completeness for referenced atom labels         
       0.Info>>Check succeeded. Database seems OK.                              
       0.Info>>Initializing sample...                                           
       0.Info>>Reading structure from file: /home/amajumda/study/continuum_simulations/gitlab/continuum-to-scattering/data/100_100_100_50_50_50/single_atom_shrink/iteration_008/t006/pdb_dcd/sample.pdb
       0.Info>>Done. Atoms read: 125000                                         
       0.Info>>Reading frames from: /home/amajumda/study/continuum_simulations/gitlab/continuum-to-scattering/data/100_100_100_50_50_50/single_atom_shrink/iteration_008/t006/pdb_dcd/sample.dcd
       0.Info>>Found 1 frames                                                   
       0.Info>>Total number of coordinate sets found: 1                         
       0.Info>>Exchanging sample, database & params information with compute nodes... 
       0.Info>>params...                                                        
       0.Info>>database...                                                      
       0.Info>>sample...                                                        
       0.Info>>.................................................................
       0.Info>>......................C.O.M.P.U.T.A.T.I.O.N......................
       0.Info>>.................................................................
       0.Info>>Setting up services...                                           
       0.Info>>Initializing data file service...                                
       0.Info>>Initializing monitor service...                                  
       0.Info>>Starting data file service...                                    
       0.Info>>Starting monitor service...                                      
       0.Info>>Services setup and running...                                    
       0.Info>>Checking /home/amajumda/study/continuum_simulations/gitlab/continuum-to-scattering/data/100_100_100_50_50_50/single_atom_shrink/iteration_008/t006/signal.h5 for old results.
       0.Info>>Broadcasting service information                                 
       0.Info>>Server host name    : hzglap02                                   
       0.Info>>FileService Port    : 37479                                      
       0.Info>>MonitorService Port : 36487                                      
       0.Info>>Setting up parallel environment...                               
       0.Info>>Searching for decomposition plan:                                
       0.Info>>nodes    = 8                                                     
       0.Info>>qvectors = 100                                                   
       0.Info>>frames   = 1                                                     
       0.Info>>atoms   = 125000                                                 
       0.Info>>All interference scattering detected. Applying frame decomposition.
       0.Info>>Automatic decomposition. Searching for best utilization.         
       0.Info>>Final decomposition parameters:                                  
       0.Info>>NN                : 8                                            
       0.Info>>NQ                : 100                                          
       0.Info>>NAF               : 1                                            
       0.Info>>NP                : 8                                            
       0.Info>>NNpP              : 1                                            
       0.Info>>NAFcycles         : 1                                            
       0.Info>>NQcycles          : 13                                           
       0.Info>>CompEl (WASTE/USE): 4/100                                        
       0.Info>>utilization(1=best)    : 0.96153846153846156                     
       0.Info>>Initializing Scatter Device, Vectors (all)                       
       0.Info>>Starting scattering...                                           
       0.Info>>Checking memory requirements for scattering calculation...       
       0.Info>>required limits.computation.memory.result_buffer=16              
       0.Info>>required limits.computation.memory.signal_buffer=16              
       0.Info>>required limits.computation.memory.exchange_buffer=0             
       0.Info>>required limits.computation.memory.alignpad_buffer=32            
       0.Info>>Memory limits ok                                                 
       0.Info>>Staging data...                                                  
       0.Info>>Forcing stager.mode=frames                                       
       0.Info>>Staging first partition.                                         
       0.Info>>Staging remaining partitions.                                    
       0.Info>>background scattering length set to 0                            
       0.Info>>Target initialized.                                              
       0.Info>>Target 'system' produces a background scattering length density of 0.00017481748714522511
       0.Info>>Starting computation...                                          
       0.Info>>Orientational averaging includes 100 vectors                     
       0.Info>>Setting progress sampling factor for monitoring to 1             
       0.Info>>Progress: 1.625%, ETOTAL: 55.570953846153834 s, ETA: 54.667925846153835 s
       0.Info>>Progress: 3.250%, ETOTAL: 27.867876923076917 s, ETA: 26.962170923076918 s
       0.Info>>Progress: 4.750%, ETOTAL: 19.46562105263158 s, ETA: 18.541004052631578 s
       0.Info>>Progress: 6.125%, ETOTAL: 15.138595918367345 s, ETA: 14.211356918367345 s
       0.Info>>Progress: 10.625%, ETOTAL: 8.8582494117647048 s, ETA: 7.9170604117647052 s
       0.Info>>Progress: 22.915%, ETOTAL: 12.740357115882226 s, ETA: 9.8208961158822259 s
       0.Info>>Progress: 30.175%, ETOTAL: 9.6892595039566629 s, ETA: 6.7655565039566632 s
       0.Info>>Progress: 40.955%, ETOTAL: 7.6091447800907801 s, ETA: 4.4928097800907807 s
       0.Info>>Progress: 50.705%, ETOTAL: 9.7068110745891261 s, ETA: 4.7849600745891259 s
       0.Info>>Progress: 60.080%, ETOTAL: 8.2243266577754071 s, ETA: 3.283140657775407 s
       0.Info>>Progress: 72.705%, ETOTAL: 9.5019060835831421 s, ETA: 2.5935330835831421 s
       0.Info>>Progress: 82.955%, ETOTAL: 8.3474984004327357 s, ETA: 1.4228204004327338 s
       0.Info>>Scattering finished...                                           
       0.Info>>.................................................................
       0.Info>>.....................R.U.N...A.N.A.L.Y.S.I.S.....................
       0.Info>>.................................................................
       0.Info>>Aggregating timing information for performance analysis...       
       0.Info>>                                                                 
       0.Info>>                    Performance Analysis                         
       0.Info>>-----------------------------------------------------------------
       0.Info>> mean and total runtimes:                                        
       0.Info>>-----------------------------------------------------------------
       0.Info>>          measure |    total |       count |     mean |   stddev 
       0.Info>>-----------------------------------------------------------------
       0.Info>>   sd:c:b:dspstore| 3.700e-02|        10000| 3.700e-06| 1.918e-06
       0.Info>>    sd:c:b:scatter| 4.444e+01|        10000| 4.444e-03| 8.094e-04
       0.Info>>        sd:c:block| 4.462e+01|          100| 4.462e-01| 3.858e-02
       0.Info>>         sd:c:init| 1.434e+01|          100| 1.434e-01| 2.415e-02
       0.Info>>       sd:c:reduce| 1.040e-04|          100| 1.040e-06| 5.198e-07
       0.Info>>         sd:c:wait| 1.710e-04|          100| 1.710e-06| 6.372e-07
       0.Info>>        sd:compute| 5.897e+01|          100| 5.897e-01| 5.063e-02
       0.Info>>         sd:runner| 5.897e+01|            8| 7.371e+00| 0.000e+00
       0.Info>>          sd:stage| 1.996e-01|            8| 2.495e-02| 0.000e+00
       0.Info>> sd:worker:scatter| 4.407e+01|        10000| 4.407e-03| 7.929e-04
       0.Info>>    sd:worker:wait| 1.480e+01|        10000| 1.480e-03| 1.449e-02
       0.Info>>          sd:write| 1.051e-03|          100| 1.051e-05| 8.403e-06
       0.Info>>           st:fill| 1.320e-02|            8| 1.650e-03| 0.000e+00
       0.Info>>          st:first| 2.317e-02|            1| 2.317e-02| 0.000e+00
       0.Info>>           st:load| 2.284e-02|            1| 2.284e-02| 0.000e+00
       0.Info>>           st:wait| 1.624e-01|            8| 2.030e-02| 0.000e+00
       0.Info>>-----------------------------------------------------------------
       0.Info>>-----------------------------------------------------------------
       0.Info>> watermarks:                                                     
       0.Info>>-----------------------------------------------------------------
       0.Info>>          measure |      min |      max                          
       0.Info>>-----------------------------------------------------------------
       0.Info>>   sd:c:b:dspstore| 1.000e-06| 7.400e-05                         
       0.Info>>    sd:c:b:scatter| 1.529e-03| 1.171e-02                         
       0.Info>>        sd:c:block| 2.093e-01| 5.365e-01                         
       0.Info>>         sd:c:init| 1.147e-01| 2.183e-01                         
       0.Info>>       sd:c:reduce| 0.000e+00| 2.000e-06                         
       0.Info>>         sd:c:wait| 1.000e-06| 4.000e-06                         
       0.Info>>        sd:compute| 3.305e-01| 7.301e-01                         
       0.Info>>         sd:runner| 6.539e+00| 7.975e+00                         
       0.Info>>          sd:stage| 2.476e-02| 2.505e-02                         
       0.Info>> sd:worker:scatter| 1.513e-03| 1.087e-02                         
       0.Info>>    sd:worker:wait| 1.000e-06| 2.184e-01                         
       0.Info>>          sd:write| 5.000e-06| 4.900e-05                         
       0.Info>>           st:fill| 1.458e-03| 1.751e-03                         
       0.Info>>          st:first| 2.317e-02| 2.317e-02                         
       0.Info>>           st:load| 2.284e-02| 2.284e-02                         
       0.Info>>           st:wait| 1.100e-05| 2.321e-02                         
       0.Info>>-----------------------------------------------------------------
       0.Info>>                                                                 
       0.Info>>         Performance Analysis (relative to total time * nodes)   
       0.Info>>-----------------------------------------------------------------
       0.Info>> mean and total runtimes:                                        
       0.Info>>-----------------------------------------------------------------
       0.Info>>          measure |    total |       count |     mean |   stddev 
       0.Info>>-----------------------------------------------------------------
       0.Info>>   sd:c:b:dspstore| 5.489e-04|        10000| 5.489e-08| 2.336e-07
       0.Info>>    sd:c:b:scatter| 6.593e-01|        10000| 6.593e-05| 9.858e-05
       0.Info>>        sd:c:block| 6.620e-01|          100| 6.620e-03| 4.699e-03
       0.Info>>         sd:c:init| 2.127e-01|          100| 2.127e-03| 2.942e-03
       0.Info>>       sd:c:reduce| 1.543e-06|          100| 1.543e-08| 6.331e-08
       0.Info>>         sd:c:wait| 2.537e-06|          100| 2.537e-08| 7.760e-08
       0.Info>>        sd:compute| 8.748e-01|          100| 8.748e-03| 6.167e-03
       0.Info>>         sd:runner| 8.748e-01|            8| 1.094e-01| 0.000e+00
       0.Info>>          sd:stage| 2.961e-03|            8| 3.701e-04| 0.000e+00
       0.Info>> sd:worker:scatter| 6.538e-01|        10000| 6.538e-05| 9.657e-05
       0.Info>>    sd:worker:wait| 2.195e-01|        10000| 2.195e-05| 1.765e-03
       0.Info>>          sd:write| 1.559e-05|          100| 1.559e-07| 1.024e-06
       0.Info>>           st:fill| 1.959e-04|            8| 2.448e-05| 0.000e+00
       0.Info>>          st:first| 3.436e-04|            1| 3.436e-04| 0.000e+00
       0.Info>>           st:load| 3.388e-04|            1| 3.388e-04| 0.000e+00
       0.Info>>           st:wait| 2.409e-03|            8| 3.012e-04| 0.000e+00
       0.Info>>-----------------------------------------------------------------
       0.Info>>-----------------------------------------------------------------
       0.Info>> watermarks:                                                     
       0.Info>>-----------------------------------------------------------------
       0.Info>>          measure |      min |      max                          
       0.Info>>-----------------------------------------------------------------
       0.Info>>   sd:c:b:dspstore| 1.483e-08| 1.098e-06                         
       0.Info>>    sd:c:b:scatter| 2.268e-05| 1.738e-04                         
       0.Info>>        sd:c:block| 3.105e-03| 7.959e-03                         
       0.Info>>         sd:c:init| 1.702e-03| 3.239e-03                         
       0.Info>>       sd:c:reduce| 0.000e+00| 2.967e-08                         
       0.Info>>         sd:c:wait| 1.483e-08| 5.934e-08                         
       0.Info>>        sd:compute| 4.903e-03| 1.083e-02                         
       0.Info>>         sd:runner| 9.701e-02| 1.183e-01                         
       0.Info>>          sd:stage| 3.673e-04| 3.717e-04                         
       0.Info>> sd:worker:scatter| 2.244e-05| 1.612e-04                         
       0.Info>>    sd:worker:wait| 1.483e-08| 3.240e-03                         
       0.Info>>          sd:write| 7.417e-08| 7.269e-07                         
       0.Info>>           st:fill| 2.163e-05| 2.598e-05                         
       0.Info>>          st:first| 3.436e-04| 3.436e-04                         
       0.Info>>           st:load| 3.388e-04| 3.388e-04                         
       0.Info>>           st:wait| 1.632e-07| 3.443e-04                         
       0.Info>>-----------------------------------------------------------------
       0.Info>>Total runtime (s): 8.4262029999999992                            
       0.Info>>Successfully finished... Have a nice day!                        
