       0.Info>>This software is being developed by Benjamin Lindner.                    
       0.Info>>For help, suggestions or correspondense use:                             
       0.Info>>ben@benlabs.net, Benjamin Lindner (Main Developer, Impl. & Maintenance)  
       0.Info>>franc@cmm.ki.si, Franci Merzel (Methodology)                             
       0.Info>>For publications include the following references:                       
       0.Info>>.........................................................................
       0.Info>>1. Sassena - X-ray and Neutron Scattering Calculated                     
       0.Info>>  from Molecular Dynamics Trajectories using Massively Parallel Computers
       0.Info>>  published as a Computer Program in Physics Paper                       
       0.Info>>.........................................................................
       0.Info>>Version Information: 1.4.2                                       
       0.Info>>                                                                 
       0.Info>>.................................................................
       0.Info>>......................D.E.S.C.R.I.P.T.I.O.N......................
       0.Info>>.................................................................
       0.Info>>This binary computes the scattering intensities directly from    
       0.Info>>a molecular dynamics trajectory.                                 
       0.Info>>.................................................................
       0.Info>>.................................................................
       0.Info>>...................I.N.I.T.I.A.L.I.Z.A.T.I.O.N...................
       0.Info>>.................................................................
       0.Info>>No configuration file specified. Will use default                
       0.Info>>Looking for configuration file: scatter.xml                      
       0.Info>>Reading parameters from XML file: scatter.xml                    
       0.Info>>Added frames from /home/amajumda/study/continuum_simulations/gitlab/continuum-to-scattering/data/100_100_100_50_50_50/single_atom_shrink/iteration_003/t006/pdb_dcd/sample.dcd using format: dcd
       0.Info>>Options: first=0, last=0, lastset=0, stride=1                    
       0.Info>>stager.target=system                                             
       0.Info>>scattering.type=all                                              
       0.Info>>scattering.dsp.type=square                                       
       0.Info>>scattering.average.orientation.type=vectors                      
       0.Info>>scattering.average.orientation.vectors.type=sphere               
       0.Info>>scattering.average.orientation.vectors.algorithm=boost_uniform_on_sphere
       0.Info>>scattering.average.orientation.vectors.resolution=100            
       0.Info>>Generating orientations for orientational averaging using sphere,boost_uniform_on_sphere
       0.Info>>Initialized orientational averaging with 100 vectors.            
       0.Info>>scattering.signal.file=signal.h5                                 
       0.Info>>scattering.signal.filepath=/home/amajumda/study/continuum_simulations/gitlab/continuum-to-scattering/data/100_100_100_50_50_50/single_atom_shrink/iteration_003/t006/signal.h5
       0.Info>>scattering.signal.fqt=1                                          
       0.Info>>scattering.signal.fq0=1                                          
       0.Info>>scattering.signal.fq=1                                           
       0.Info>>scattering.signal.fq2=1                                          
       0.Info>>Analyzing command line for parameter overwrites                  
       0.Info>>Reading database from file: /home/amajumda/study/continuum_simulations/gitlab/continuum-to-scattering/data/100_100_100_50_50_50/single_atom_shrink/iteration_003/t006/database/db-neutron-coherent.xml
       0.Info>>Checking database...                                             
       0.Info>>Testing mapping between PDB names and atom labels                
       0.Info>>Testing database completeness for referenced atom labels         
       0.Info>>Check succeeded. Database seems OK.                              
       0.Info>>Initializing sample...                                           
       0.Info>>Reading structure from file: /home/amajumda/study/continuum_simulations/gitlab/continuum-to-scattering/data/100_100_100_50_50_50/single_atom_shrink/iteration_003/t006/pdb_dcd/sample.pdb
       0.Info>>Done. Atoms read: 125000                                         
       0.Info>>Reading frames from: /home/amajumda/study/continuum_simulations/gitlab/continuum-to-scattering/data/100_100_100_50_50_50/single_atom_shrink/iteration_003/t006/pdb_dcd/sample.dcd
       0.Info>>Found 1 frames                                                   
       0.Info>>Total number of coordinate sets found: 1                         
       0.Info>>Exchanging sample, database & params information with compute nodes... 
       0.Info>>params...                                                        
       0.Info>>database...                                                      
       0.Info>>sample...                                                        
       0.Info>>.................................................................
       0.Info>>......................C.O.M.P.U.T.A.T.I.O.N......................
       0.Info>>.................................................................
       0.Info>>Setting up services...                                           
       0.Info>>Initializing data file service...                                
       0.Info>>Initializing monitor service...                                  
       0.Info>>Starting data file service...                                    
       0.Info>>Starting monitor service...                                      
       0.Info>>Services setup and running...                                    
       0.Info>>Checking /home/amajumda/study/continuum_simulations/gitlab/continuum-to-scattering/data/100_100_100_50_50_50/single_atom_shrink/iteration_003/t006/signal.h5 for old results.
       0.Info>>Broadcasting service information                                 
       0.Info>>Server host name    : hzglap02                                   
       0.Info>>FileService Port    : 45337                                      
       0.Info>>MonitorService Port : 35933                                      
       0.Info>>Setting up parallel environment...                               
       0.Info>>Searching for decomposition plan:                                
       0.Info>>nodes    = 8                                                     
       0.Info>>qvectors = 100                                                   
       0.Info>>frames   = 1                                                     
       0.Info>>atoms   = 125000                                                 
       0.Info>>All interference scattering detected. Applying frame decomposition.
       0.Info>>Automatic decomposition. Searching for best utilization.         
       0.Info>>Final decomposition parameters:                                  
       0.Info>>NN                : 8                                            
       0.Info>>NQ                : 100                                          
       0.Info>>NAF               : 1                                            
       0.Info>>NP                : 8                                            
       0.Info>>NNpP              : 1                                            
       0.Info>>NAFcycles         : 1                                            
       0.Info>>NQcycles          : 13                                           
       0.Info>>CompEl (WASTE/USE): 4/100                                        
       0.Info>>utilization(1=best)    : 0.96153846153846156                     
       0.Info>>Initializing Scatter Device, Vectors (all)                       
       0.Info>>Starting scattering...                                           
       0.Info>>Checking memory requirements for scattering calculation...       
       0.Info>>required limits.computation.memory.result_buffer=16              
       0.Info>>required limits.computation.memory.signal_buffer=16              
       0.Info>>required limits.computation.memory.exchange_buffer=0             
       0.Info>>required limits.computation.memory.alignpad_buffer=32            
       0.Info>>Memory limits ok                                                 
       0.Info>>Staging data...                                                  
       0.Info>>Forcing stager.mode=frames                                       
       0.Info>>Staging first partition.                                         
       0.Info>>Staging remaining partitions.                                    
       0.Info>>background scattering length set to 0                            
       0.Info>>Target initialized.                                              
       0.Info>>Target 'system' produces a background scattering length density of 0.00061843451636459264
       0.Info>>Starting computation...                                          
       0.Info>>Orientational averaging includes 100 vectors                     
       0.Info>>Setting progress sampling factor for monitoring to 1             
       0.Info>>Progress: 1.260%, ETOTAL: 60.322115702479344 s, ETA: 59.561805702479347 s
       0.Info>>Progress: 2.521%, ETOTAL: 30.244244628099178 s, ETA: 29.481837628099179 s
       0.Info>>Progress: 3.771%, ETOTAL: 20.940861878453042 s, ETA: 20.151216878453042 s
       0.Info>>Progress: 5.021%, ETOTAL: 15.860833195020749 s, ETA: 15.06448719502075 s
       0.Info>>Progress: 10.551%, ETOTAL: 8.3473837181044956 s, ETA: 7.4666277181044958 s
       0.Info>>Progress: 20.936%, ETOTAL: 13.20926417636252 s, ETA: 10.44378617636252 s
       0.Info>>Progress: 30.705%, ETOTAL: 9.0925528183716064 s, ETA: 6.3006728183716065 s
       0.Info>>Progress: 40.330%, ETOTAL: 11.794485194309781 s, ETA: 7.0377541943097812 s
       0.Info>>Progress: 53.205%, ETOTAL: 9.1165159518072247 s, ETA: 4.2660619518072256 s
       0.Info>>Progress: 60.455%, ETOTAL: 8.1397809352136541 s, ETA: 3.218865935213655 s
       0.Info>>Progress: 73.580%, ETOTAL: 9.2172073703009971 s, ETA: 2.4351743703009978 s
       0.Info>>Progress: 82.705%, ETOTAL: 8.2222543481630765 s, ETA: 1.4220283481630762 s
       0.Info>>Scattering finished...                                           
       0.Info>>.................................................................
       0.Info>>.....................R.U.N...A.N.A.L.Y.S.I.S.....................
       0.Info>>.................................................................
       0.Info>>Aggregating timing information for performance analysis...       
       0.Info>>                                                                 
       0.Info>>                    Performance Analysis                         
       0.Info>>-----------------------------------------------------------------
       0.Info>> mean and total runtimes:                                        
       0.Info>>-----------------------------------------------------------------
       0.Info>>          measure |    total |       count |     mean |   stddev 
       0.Info>>-----------------------------------------------------------------
       0.Info>>   sd:c:b:dspstore| 3.688e-02|        10000| 3.688e-06| 2.086e-06
       0.Info>>    sd:c:b:scatter| 4.479e+01|        10000| 4.479e-03| 8.638e-04
       0.Info>>        sd:c:block| 4.497e+01|          100| 4.497e-01| 4.938e-02
       0.Info>>         sd:c:init| 1.502e+01|          100| 1.502e-01| 3.001e-02
       0.Info>>       sd:c:reduce| 1.020e-04|          100| 1.020e-06| 6.022e-07
       0.Info>>         sd:c:wait| 1.670e-04|          100| 1.670e-06| 6.401e-07
       0.Info>>        sd:compute| 5.999e+01|          100| 5.999e-01| 6.085e-02
       0.Info>>         sd:runner| 6.000e+01|            8| 7.500e+00| 0.000e+00
       0.Info>>          sd:stage| 1.943e-01|            8| 2.429e-02| 0.000e+00
       0.Info>> sd:worker:scatter| 4.441e+01|        10000| 4.441e-03| 8.312e-04
       0.Info>>    sd:worker:wait| 1.549e+01|        10000| 1.549e-03| 1.527e-02
       0.Info>>          sd:write| 1.023e-03|          100| 1.023e-05| 7.587e-06
       0.Info>>           st:fill| 1.179e-02|            8| 1.473e-03| 0.000e+00
       0.Info>>          st:first| 2.269e-02|            1| 2.269e-02| 0.000e+00
       0.Info>>           st:load| 2.236e-02|            1| 2.236e-02| 0.000e+00
       0.Info>>           st:wait| 1.591e-01|            8| 1.989e-02| 0.000e+00
       0.Info>>-----------------------------------------------------------------
       0.Info>>-----------------------------------------------------------------
       0.Info>> watermarks:                                                     
       0.Info>>-----------------------------------------------------------------
       0.Info>>          measure |      min |      max                          
       0.Info>>-----------------------------------------------------------------
       0.Info>>   sd:c:b:dspstore| 1.000e-06| 8.500e-05                         
       0.Info>>    sd:c:b:scatter| 1.534e-03| 1.699e-02                         
       0.Info>>        sd:c:block| 1.590e-01| 6.524e-01                         
       0.Info>>         sd:c:init| 1.166e-01| 2.519e-01                         
       0.Info>>       sd:c:reduce| 0.000e+00| 3.000e-06                         
       0.Info>>         sd:c:wait| 1.000e-06| 4.000e-06                         
       0.Info>>        sd:compute| 2.777e-01| 8.143e-01                         
       0.Info>>         sd:runner| 6.410e+00| 8.218e+00                         
       0.Info>>          sd:stage| 2.414e-02| 2.435e-02                         
       0.Info>> sd:worker:scatter| 1.511e-03| 6.914e-03                         
       0.Info>>    sd:worker:wait| 1.000e-06| 2.519e-01                         
       0.Info>>          sd:write| 5.000e-06| 5.000e-05                         
       0.Info>>           st:fill| 1.319e-03| 1.535e-03                         
       0.Info>>          st:first| 2.269e-02| 2.269e-02                         
       0.Info>>           st:load| 2.236e-02| 2.236e-02                         
       0.Info>>           st:wait| 9.000e-06| 2.273e-02                         
       0.Info>>-----------------------------------------------------------------
       0.Info>>                                                                 
       0.Info>>         Performance Analysis (relative to total time * nodes)   
       0.Info>>-----------------------------------------------------------------
       0.Info>> mean and total runtimes:                                        
       0.Info>>-----------------------------------------------------------------
       0.Info>>          measure |    total |       count |     mean |   stddev 
       0.Info>>-----------------------------------------------------------------
       0.Info>>   sd:c:b:dspstore| 5.305e-04|        10000| 5.305e-08| 2.501e-07
       0.Info>>    sd:c:b:scatter| 6.442e-01|        10000| 6.442e-05| 1.036e-04
       0.Info>>        sd:c:block| 6.468e-01|          100| 6.468e-03| 5.922e-03
       0.Info>>         sd:c:init| 2.160e-01|          100| 2.160e-03| 3.599e-03
       0.Info>>       sd:c:reduce| 1.467e-06|          100| 1.467e-08| 7.223e-08
       0.Info>>         sd:c:wait| 2.402e-06|          100| 2.402e-08| 7.676e-08
       0.Info>>        sd:compute| 8.629e-01|          100| 8.629e-03| 7.298e-03
       0.Info>>         sd:runner| 8.629e-01|            8| 1.079e-01| 0.000e+00
       0.Info>>          sd:stage| 2.795e-03|            8| 3.494e-04| 0.000e+00
       0.Info>> sd:worker:scatter| 6.387e-01|        10000| 6.387e-05| 9.969e-05
       0.Info>>    sd:worker:wait| 2.228e-01|        10000| 2.228e-05| 1.832e-03
       0.Info>>          sd:write| 1.471e-05|          100| 1.471e-07| 9.099e-07
       0.Info>>           st:fill| 1.695e-04|            8| 2.119e-05| 0.000e+00
       0.Info>>          st:first| 3.264e-04|            1| 3.264e-04| 0.000e+00
       0.Info>>           st:load| 3.216e-04|            1| 3.216e-04| 0.000e+00
       0.Info>>           st:wait| 2.289e-03|            8| 2.861e-04| 0.000e+00
       0.Info>>-----------------------------------------------------------------
       0.Info>>-----------------------------------------------------------------
       0.Info>> watermarks:                                                     
       0.Info>>-----------------------------------------------------------------
       0.Info>>          measure |      min |      max                          
       0.Info>>-----------------------------------------------------------------
       0.Info>>   sd:c:b:dspstore| 1.438e-08| 1.223e-06                         
       0.Info>>    sd:c:b:scatter| 2.206e-05| 2.444e-04                         
       0.Info>>        sd:c:block| 2.287e-03| 9.383e-03                         
       0.Info>>         sd:c:init| 1.678e-03| 3.622e-03                         
       0.Info>>       sd:c:reduce| 0.000e+00| 4.315e-08                         
       0.Info>>         sd:c:wait| 1.438e-08| 5.753e-08                         
       0.Info>>        sd:compute| 3.994e-03| 1.171e-02                         
       0.Info>>         sd:runner| 9.219e-02| 1.182e-01                         
       0.Info>>          sd:stage| 3.472e-04| 3.502e-04                         
       0.Info>> sd:worker:scatter| 2.173e-05| 9.944e-05                         
       0.Info>>    sd:worker:wait| 1.438e-08| 3.624e-03                         
       0.Info>>          sd:write| 7.191e-08| 7.191e-07                         
       0.Info>>           st:fill| 1.897e-05| 2.208e-05                         
       0.Info>>          st:first| 3.264e-04| 3.264e-04                         
       0.Info>>           st:load| 3.216e-04| 3.216e-04                         
       0.Info>>           st:wait| 1.294e-07| 3.270e-04                         
       0.Info>>-----------------------------------------------------------------
       0.Info>>Total runtime (s): 8.6909360000000007                            
       0.Info>>Successfully finished... Have a nice day!                        
