       0.Info>>This software is being developed by Benjamin Lindner.                    
       0.Info>>For help, suggestions or correspondense use:                             
       0.Info>>ben@benlabs.net, Benjamin Lindner (Main Developer, Impl. & Maintenance)  
       0.Info>>franc@cmm.ki.si, Franci Merzel (Methodology)                             
       0.Info>>For publications include the following references:                       
       0.Info>>.........................................................................
       0.Info>>1. Sassena - X-ray and Neutron Scattering Calculated                     
       0.Info>>  from Molecular Dynamics Trajectories using Massively Parallel Computers
       0.Info>>  published as a Computer Program in Physics Paper                       
       0.Info>>.........................................................................
       0.Info>>Version Information: 1.4.2                                       
       0.Info>>                                                                 
       0.Info>>.................................................................
       0.Info>>......................D.E.S.C.R.I.P.T.I.O.N......................
       0.Info>>.................................................................
       0.Info>>This binary computes the scattering intensities directly from    
       0.Info>>a molecular dynamics trajectory.                                 
       0.Info>>.................................................................
       0.Info>>.................................................................
       0.Info>>...................I.N.I.T.I.A.L.I.Z.A.T.I.O.N...................
       0.Info>>.................................................................
       0.Info>>No configuration file specified. Will use default                
       0.Info>>Looking for configuration file: scatter.xml                      
       0.Info>>Reading parameters from XML file: scatter.xml                    
       0.Info>>Added frames from /home/amajumda/study/continuum_simulations/gitlab/continuum-to-scattering/data/100_100_100_50_50_50/single_atom_shrink/iteration_014/t002/pdb_dcd/sample.dcd using format: dcd
       0.Info>>Options: first=0, last=0, lastset=0, stride=1                    
       0.Info>>stager.target=system                                             
       0.Info>>scattering.type=all                                              
       0.Info>>scattering.dsp.type=square                                       
       0.Info>>scattering.average.orientation.type=vectors                      
       0.Info>>scattering.average.orientation.vectors.type=sphere               
       0.Info>>scattering.average.orientation.vectors.algorithm=boost_uniform_on_sphere
       0.Info>>scattering.average.orientation.vectors.resolution=100            
       0.Info>>Generating orientations for orientational averaging using sphere,boost_uniform_on_sphere
       0.Info>>Initialized orientational averaging with 100 vectors.            
       0.Info>>scattering.signal.file=signal.h5                                 
       0.Info>>scattering.signal.filepath=/home/amajumda/study/continuum_simulations/gitlab/continuum-to-scattering/data/100_100_100_50_50_50/single_atom_shrink/iteration_014/t002/signal.h5
       0.Info>>scattering.signal.fqt=1                                          
       0.Info>>scattering.signal.fq0=1                                          
       0.Info>>scattering.signal.fq=1                                           
       0.Info>>scattering.signal.fq2=1                                          
       0.Info>>Analyzing command line for parameter overwrites                  
       0.Info>>Reading database from file: /home/amajumda/study/continuum_simulations/gitlab/continuum-to-scattering/data/100_100_100_50_50_50/single_atom_shrink/iteration_014/t002/database/db-neutron-coherent.xml
       0.Info>>Checking database...                                             
       0.Info>>Testing mapping between PDB names and atom labels                
       0.Info>>Testing database completeness for referenced atom labels         
       0.Info>>Check succeeded. Database seems OK.                              
       0.Info>>Initializing sample...                                           
       0.Info>>Reading structure from file: /home/amajumda/study/continuum_simulations/gitlab/continuum-to-scattering/data/100_100_100_50_50_50/single_atom_shrink/iteration_014/t002/pdb_dcd/sample.pdb
       0.Info>>Done. Atoms read: 125000                                         
       0.Info>>Reading frames from: /home/amajumda/study/continuum_simulations/gitlab/continuum-to-scattering/data/100_100_100_50_50_50/single_atom_shrink/iteration_014/t002/pdb_dcd/sample.dcd
       0.Info>>Found 1 frames                                                   
       0.Info>>Total number of coordinate sets found: 1                         
       0.Info>>Exchanging sample, database & params information with compute nodes... 
       0.Info>>params...                                                        
       0.Info>>database...                                                      
       0.Info>>sample...                                                        
       0.Info>>.................................................................
       0.Info>>......................C.O.M.P.U.T.A.T.I.O.N......................
       0.Info>>.................................................................
       0.Info>>Setting up services...                                           
       0.Info>>Initializing data file service...                                
       0.Info>>Initializing monitor service...                                  
       0.Info>>Starting data file service...                                    
       0.Info>>Starting monitor service...                                      
       0.Info>>Services setup and running...                                    
       0.Info>>Checking /home/amajumda/study/continuum_simulations/gitlab/continuum-to-scattering/data/100_100_100_50_50_50/single_atom_shrink/iteration_014/t002/signal.h5 for old results.
       0.Info>>Broadcasting service information                                 
       0.Info>>Server host name    : hzglap02                                   
       0.Info>>FileService Port    : 41823                                      
       0.Info>>MonitorService Port : 44573                                      
       0.Info>>Setting up parallel environment...                               
       0.Info>>Searching for decomposition plan:                                
       0.Info>>nodes    = 8                                                     
       0.Info>>qvectors = 100                                                   
       0.Info>>frames   = 1                                                     
       0.Info>>atoms   = 125000                                                 
       0.Info>>All interference scattering detected. Applying frame decomposition.
       0.Info>>Automatic decomposition. Searching for best utilization.         
       0.Info>>Final decomposition parameters:                                  
       0.Info>>NN                : 8                                            
       0.Info>>NQ                : 100                                          
       0.Info>>NAF               : 1                                            
       0.Info>>NP                : 8                                            
       0.Info>>NNpP              : 1                                            
       0.Info>>NAFcycles         : 1                                            
       0.Info>>NQcycles          : 13                                           
       0.Info>>CompEl (WASTE/USE): 4/100                                        
       0.Info>>utilization(1=best)    : 0.96153846153846156                     
       0.Info>>Initializing Scatter Device, Vectors (all)                       
       0.Info>>Starting scattering...                                           
       0.Info>>Checking memory requirements for scattering calculation...       
       0.Info>>required limits.computation.memory.result_buffer=16              
       0.Info>>required limits.computation.memory.signal_buffer=16              
       0.Info>>required limits.computation.memory.exchange_buffer=0             
       0.Info>>required limits.computation.memory.alignpad_buffer=32            
       0.Info>>Memory limits ok                                                 
       0.Info>>Staging data...                                                  
       0.Info>>Forcing stager.mode=frames                                       
       0.Info>>Staging first partition.                                         
       0.Info>>Staging remaining partitions.                                    
       0.Info>>background scattering length set to 0                            
       0.Info>>Target initialized.                                              
       0.Info>>Target 'system' produces a background scattering length density of 0.0015895462007051639
       0.Info>>Starting computation...                                          
       0.Info>>Orientational averaging includes 100 vectors                     
       0.Info>>Setting progress sampling factor for monitoring to 1             
       0.Info>>Progress: 2.885%, ETOTAL: 59.099352000000003 s, ETA: 57.394563000000005 s
       0.Info>>Progress: 6.770%, ETOTAL: 25.209260267487277 s, ETA: 23.502585267487277 s
       0.Info>>Progress: 12.539%, ETOTAL: 14.275807323151636 s, ETA: 12.485726323151635 s
       0.Info>>Progress: 21.820%, ETOTAL: 8.4768306709265175 s, ETA: 6.6272106709265177 s
       0.Info>>Progress: 31.205%, ETOTAL: 11.861255546425637 s, ETA: 8.1599355464256362 s
       0.Info>>Progress: 40.830%, ETOTAL: 9.1425723212183065 s, ETA: 5.409648321218306 s
       0.Info>>Progress: 50.830%, ETOTAL: 7.4941164512264358 s, ETA: 3.6848474512264349 s
       0.Info>>Progress: 60.330%, ETOTAL: 9.4524463475535256 s, ETA: 3.7497733475535249 s
       0.Info>>Progress: 70.330%, ETOTAL: 8.1275836485439559 s, ETA: 2.4114436485439548 s
       0.Info>>Progress: 82.580%, ETOTAL: 9.3359675839316925 s, ETA: 1.6263135839316911 s
       0.Info>>Scattering finished...                                           
       0.Info>>.................................................................
       0.Info>>.....................R.U.N...A.N.A.L.Y.S.I.S.....................
       0.Info>>.................................................................
       0.Info>>Aggregating timing information for performance analysis...       
       0.Info>>                                                                 
       0.Info>>                    Performance Analysis                         
       0.Info>>-----------------------------------------------------------------
       0.Info>> mean and total runtimes:                                        
       0.Info>>-----------------------------------------------------------------
       0.Info>>          measure |    total |       count |     mean |   stddev 
       0.Info>>-----------------------------------------------------------------
       0.Info>>   sd:c:b:dspstore| 3.710e-02|        10000| 3.710e-06| 2.282e-06
       0.Info>>    sd:c:b:scatter| 4.445e+01|        10000| 4.445e-03| 8.141e-04
       0.Info>>        sd:c:block| 4.463e+01|          100| 4.463e-01| 4.304e-02
       0.Info>>         sd:c:init| 1.500e+01|          100| 1.500e-01| 3.400e-02
       0.Info>>       sd:c:reduce| 1.010e-04|          100| 1.010e-06| 5.431e-07
       0.Info>>         sd:c:wait| 1.750e-04|          100| 1.750e-06| 5.913e-07
       0.Info>>        sd:compute| 5.963e+01|          100| 5.963e-01| 6.328e-02
       0.Info>>         sd:runner| 5.963e+01|            8| 7.454e+00| 0.000e+00
       0.Info>>          sd:stage| 2.027e-01|            8| 2.533e-02| 0.000e+00
       0.Info>> sd:worker:scatter| 4.409e+01|        10000| 4.409e-03| 8.074e-04
       0.Info>>    sd:worker:wait| 1.544e+01|        10000| 1.544e-03| 1.536e-02
       0.Info>>          sd:write| 1.017e-03|          100| 1.017e-05| 6.869e-06
       0.Info>>           st:fill| 1.300e-02|            8| 1.625e-03| 0.000e+00
       0.Info>>          st:first| 2.357e-02|            1| 2.357e-02| 0.000e+00
       0.Info>>           st:load| 2.312e-02|            1| 2.312e-02| 0.000e+00
       0.Info>>           st:wait| 1.653e-01|            8| 2.066e-02| 0.000e+00
       0.Info>>-----------------------------------------------------------------
       0.Info>>-----------------------------------------------------------------
       0.Info>> watermarks:                                                     
       0.Info>>-----------------------------------------------------------------
       0.Info>>          measure |      min |      max                          
       0.Info>>-----------------------------------------------------------------
       0.Info>>   sd:c:b:dspstore| 2.000e-06| 9.100e-05                         
       0.Info>>    sd:c:b:scatter| 1.572e-03| 8.943e-03                         
       0.Info>>        sd:c:block| 1.644e-01| 5.544e-01                         
       0.Info>>         sd:c:init| 1.171e-01| 2.655e-01                         
       0.Info>>       sd:c:reduce| 0.000e+00| 3.000e-06                         
       0.Info>>         sd:c:wait| 1.000e-06| 3.000e-06                         
       0.Info>>        sd:compute| 2.816e-01| 7.837e-01                         
       0.Info>>         sd:runner| 6.743e+00| 8.369e+00                         
       0.Info>>          sd:stage| 2.518e-02| 2.540e-02                         
       0.Info>> sd:worker:scatter| 1.538e-03| 8.918e-03                         
       0.Info>>    sd:worker:wait| 1.700e-05| 2.656e-01                         
       0.Info>>          sd:write| 6.000e-06| 4.000e-05                         
       0.Info>>           st:fill| 1.457e-03| 1.692e-03                         
       0.Info>>          st:first| 2.357e-02| 2.357e-02                         
       0.Info>>           st:load| 2.312e-02| 2.312e-02                         
       0.Info>>           st:wait| 8.000e-06| 2.362e-02                         
       0.Info>>-----------------------------------------------------------------
       0.Info>>                                                                 
       0.Info>>         Performance Analysis (relative to total time * nodes)   
       0.Info>>-----------------------------------------------------------------
       0.Info>> mean and total runtimes:                                        
       0.Info>>-----------------------------------------------------------------
       0.Info>>          measure |    total |       count |     mean |   stddev 
       0.Info>>-----------------------------------------------------------------
       0.Info>>   sd:c:b:dspstore| 5.246e-04|        10000| 5.246e-08| 2.714e-07
       0.Info>>    sd:c:b:scatter| 6.286e-01|        10000| 6.286e-05| 9.681e-05
       0.Info>>        sd:c:block| 6.311e-01|          100| 6.311e-03| 5.119e-03
       0.Info>>         sd:c:init| 2.121e-01|          100| 2.121e-03| 4.043e-03
       0.Info>>       sd:c:reduce| 1.428e-06|          100| 1.428e-08| 6.459e-08
       0.Info>>         sd:c:wait| 2.475e-06|          100| 2.475e-08| 7.032e-08
       0.Info>>        sd:compute| 8.432e-01|          100| 8.432e-03| 7.526e-03
       0.Info>>         sd:runner| 8.433e-01|            8| 1.054e-01| 0.000e+00
       0.Info>>          sd:stage| 2.866e-03|            8| 3.583e-04| 0.000e+00
       0.Info>> sd:worker:scatter| 6.235e-01|        10000| 6.235e-05| 9.601e-05
       0.Info>>    sd:worker:wait| 2.183e-01|        10000| 2.183e-05| 1.827e-03
       0.Info>>          sd:write| 1.438e-05|          100| 1.438e-07| 8.169e-07
       0.Info>>           st:fill| 1.838e-04|            8| 2.298e-05| 0.000e+00
       0.Info>>          st:first| 3.334e-04|            1| 3.334e-04| 0.000e+00
       0.Info>>           st:load| 3.269e-04|            1| 3.269e-04| 0.000e+00
       0.Info>>           st:wait| 2.337e-03|            8| 2.922e-04| 0.000e+00
       0.Info>>-----------------------------------------------------------------
       0.Info>>-----------------------------------------------------------------
       0.Info>> watermarks:                                                     
       0.Info>>-----------------------------------------------------------------
       0.Info>>          measure |      min |      max                          
       0.Info>>-----------------------------------------------------------------
       0.Info>>   sd:c:b:dspstore| 2.828e-08| 1.287e-06                         
       0.Info>>    sd:c:b:scatter| 2.223e-05| 1.265e-04                         
       0.Info>>        sd:c:block| 2.325e-03| 7.840e-03                         
       0.Info>>         sd:c:init| 1.657e-03| 3.755e-03                         
       0.Info>>       sd:c:reduce| 0.000e+00| 4.242e-08                         
       0.Info>>         sd:c:wait| 1.414e-08| 4.242e-08                         
       0.Info>>        sd:compute| 3.982e-03| 1.108e-02                         
       0.Info>>         sd:runner| 9.536e-02| 1.183e-01                         
       0.Info>>          sd:stage| 3.561e-04| 3.592e-04                         
       0.Info>> sd:worker:scatter| 2.175e-05| 1.261e-04                         
       0.Info>>    sd:worker:wait| 2.404e-07| 3.756e-03                         
       0.Info>>          sd:write| 8.484e-08| 5.656e-07                         
       0.Info>>           st:fill| 2.060e-05| 2.393e-05                         
       0.Info>>          st:first| 3.334e-04| 3.334e-04                         
       0.Info>>           st:load| 3.269e-04| 3.269e-04                         
       0.Info>>           st:wait| 1.131e-07| 3.340e-04                         
       0.Info>>-----------------------------------------------------------------
       0.Info>>Total runtime (s): 8.8397070000000006                            
       0.Info>>Successfully finished... Have a nice day!                        
