       0.Info>>This software is being developed by Benjamin Lindner.                    
       0.Info>>For help, suggestions or correspondense use:                             
       0.Info>>ben@benlabs.net, Benjamin Lindner (Main Developer, Impl. & Maintenance)  
       0.Info>>franc@cmm.ki.si, Franci Merzel (Methodology)                             
       0.Info>>For publications include the following references:                       
       0.Info>>.........................................................................
       0.Info>>1. Sassena - X-ray and Neutron Scattering Calculated                     
       0.Info>>  from Molecular Dynamics Trajectories using Massively Parallel Computers
       0.Info>>  published as a Computer Program in Physics Paper                       
       0.Info>>.........................................................................
       0.Info>>Version Information: 1.4.2                                       
       0.Info>>                                                                 
       0.Info>>.................................................................
       0.Info>>......................D.E.S.C.R.I.P.T.I.O.N......................
       0.Info>>.................................................................
       0.Info>>This binary computes the scattering intensities directly from    
       0.Info>>a molecular dynamics trajectory.                                 
       0.Info>>.................................................................
       0.Info>>.................................................................
       0.Info>>...................I.N.I.T.I.A.L.I.Z.A.T.I.O.N...................
       0.Info>>.................................................................
       0.Info>>No configuration file specified. Will use default                
       0.Info>>Looking for configuration file: scatter.xml                      
       0.Info>>Reading parameters from XML file: scatter.xml                    
       0.Info>>Added frames from /home/amajumda/study/continuum_simulations/gitlab/continuum-to-scattering/data/100_100_100_50_50_50/single_atom_shrink/iteration_013/t005/pdb_dcd/sample.dcd using format: dcd
       0.Info>>Options: first=0, last=0, lastset=0, stride=1                    
       0.Info>>stager.target=system                                             
       0.Info>>scattering.type=all                                              
       0.Info>>scattering.dsp.type=square                                       
       0.Info>>scattering.average.orientation.type=vectors                      
       0.Info>>scattering.average.orientation.vectors.type=sphere               
       0.Info>>scattering.average.orientation.vectors.algorithm=boost_uniform_on_sphere
       0.Info>>scattering.average.orientation.vectors.resolution=100            
       0.Info>>Generating orientations for orientational averaging using sphere,boost_uniform_on_sphere
       0.Info>>Initialized orientational averaging with 100 vectors.            
       0.Info>>scattering.signal.file=signal.h5                                 
       0.Info>>scattering.signal.filepath=/home/amajumda/study/continuum_simulations/gitlab/continuum-to-scattering/data/100_100_100_50_50_50/single_atom_shrink/iteration_013/t005/signal.h5
       0.Info>>scattering.signal.fqt=1                                          
       0.Info>>scattering.signal.fq0=1                                          
       0.Info>>scattering.signal.fq=1                                           
       0.Info>>scattering.signal.fq2=1                                          
       0.Info>>Analyzing command line for parameter overwrites                  
       0.Info>>Reading database from file: /home/amajumda/study/continuum_simulations/gitlab/continuum-to-scattering/data/100_100_100_50_50_50/single_atom_shrink/iteration_013/t005/database/db-neutron-coherent.xml
       0.Info>>Checking database...                                             
       0.Info>>Testing mapping between PDB names and atom labels                
       0.Info>>Testing database completeness for referenced atom labels         
       0.Info>>Check succeeded. Database seems OK.                              
       0.Info>>Initializing sample...                                           
       0.Info>>Reading structure from file: /home/amajumda/study/continuum_simulations/gitlab/continuum-to-scattering/data/100_100_100_50_50_50/single_atom_shrink/iteration_013/t005/pdb_dcd/sample.pdb
       0.Info>>Done. Atoms read: 125000                                         
       0.Info>>Reading frames from: /home/amajumda/study/continuum_simulations/gitlab/continuum-to-scattering/data/100_100_100_50_50_50/single_atom_shrink/iteration_013/t005/pdb_dcd/sample.dcd
       0.Info>>Found 1 frames                                                   
       0.Info>>Total number of coordinate sets found: 1                         
       0.Info>>Exchanging sample, database & params information with compute nodes... 
       0.Info>>params...                                                        
       0.Info>>database...                                                      
       0.Info>>sample...                                                        
       0.Info>>.................................................................
       0.Info>>......................C.O.M.P.U.T.A.T.I.O.N......................
       0.Info>>.................................................................
       0.Info>>Setting up services...                                           
       0.Info>>Initializing data file service...                                
       0.Info>>Initializing monitor service...                                  
       0.Info>>Starting data file service...                                    
       0.Info>>Starting monitor service...                                      
       0.Info>>Services setup and running...                                    
       0.Info>>Checking /home/amajumda/study/continuum_simulations/gitlab/continuum-to-scattering/data/100_100_100_50_50_50/single_atom_shrink/iteration_013/t005/signal.h5 for old results.
       0.Info>>Broadcasting service information                                 
       0.Info>>Server host name    : hzglap02                                   
       0.Info>>FileService Port    : 42817                                      
       0.Info>>MonitorService Port : 33883                                      
       0.Info>>Setting up parallel environment...                               
       0.Info>>Searching for decomposition plan:                                
       0.Info>>nodes    = 8                                                     
       0.Info>>qvectors = 100                                                   
       0.Info>>frames   = 1                                                     
       0.Info>>atoms   = 125000                                                 
       0.Info>>All interference scattering detected. Applying frame decomposition.
       0.Info>>Automatic decomposition. Searching for best utilization.         
       0.Info>>Final decomposition parameters:                                  
       0.Info>>NN                : 8                                            
       0.Info>>NQ                : 100                                          
       0.Info>>NAF               : 1                                            
       0.Info>>NP                : 8                                            
       0.Info>>NNpP              : 1                                            
       0.Info>>NAFcycles         : 1                                            
       0.Info>>NQcycles          : 13                                           
       0.Info>>CompEl (WASTE/USE): 4/100                                        
       0.Info>>utilization(1=best)    : 0.96153846153846156                     
       0.Info>>Initializing Scatter Device, Vectors (all)                       
       0.Info>>Starting scattering...                                           
       0.Info>>Checking memory requirements for scattering calculation...       
       0.Info>>required limits.computation.memory.result_buffer=16              
       0.Info>>required limits.computation.memory.signal_buffer=16              
       0.Info>>required limits.computation.memory.exchange_buffer=0             
       0.Info>>required limits.computation.memory.alignpad_buffer=32            
       0.Info>>Memory limits ok                                                 
       0.Info>>Staging data...                                                  
       0.Info>>Forcing stager.mode=frames                                       
       0.Info>>Staging first partition.                                         
       0.Info>>Staging remaining partitions.                                    
       0.Info>>background scattering length set to 0                            
       0.Info>>Target initialized.                                              
       0.Info>>Target 'system' produces a background scattering length density of 0.00049924571375532356
       0.Info>>Starting computation...                                          
       0.Info>>Orientational averaging includes 100 vectors                     
       0.Info>>Setting progress sampling factor for monitoring to 1             
       0.Info>>Progress: 2.135%, ETOTAL: 65.522482882882883 s, ETA: 64.123829882882887 s
       0.Info>>Progress: 4.520%, ETOTAL: 31.401635738344272 s, ETA: 29.98227173834427 s
       0.Info>>Progress: 6.530%, ETOTAL: 21.742169296846242 s, ETA: 20.322482296846243 s
       0.Info>>Progress: 11.550%, ETOTAL: 12.37062899958374 s, ETA: 10.94186099958374 s
       0.Info>>Progress: 21.205%, ETOTAL: 16.029872430471585 s, ETA: 12.630717430471584 s
       0.Info>>Progress: 30.830%, ETOTAL: 11.085399896039087 s, ETA: 7.6677568960390872 s
       0.Info>>Progress: 43.080%, ETOTAL: 8.30492885945986 s, ETA: 4.7271548594598602 s
       0.Info>>Progress: 52.830%, ETOTAL: 10.26247746162713 s, ETA: 4.8407974616271296 s
       0.Info>>Progress: 61.705%, ETOTAL: 8.8064819862871406 s, ETA: 3.3724309862871404 s
       0.Info>>Progress: 71.705%, ETOTAL: 10.337794779188272 s, ETA: 2.9250657791882713 s
       0.Info>>Progress: 80.705%, ETOTAL: 9.217636060365372 s, ETA: 1.7785310603653706 s
       0.Info>>Scattering finished...                                           
       0.Info>>.................................................................
       0.Info>>.....................R.U.N...A.N.A.L.Y.S.I.S.....................
       0.Info>>.................................................................
       0.Info>>Aggregating timing information for performance analysis...       
       0.Info>>                                                                 
       0.Info>>                    Performance Analysis                         
       0.Info>>-----------------------------------------------------------------
       0.Info>> mean and total runtimes:                                        
       0.Info>>-----------------------------------------------------------------
       0.Info>>          measure |    total |       count |     mean |   stddev 
       0.Info>>-----------------------------------------------------------------
       0.Info>>   sd:c:b:dspstore| 4.325e-02|        10000| 4.325e-06| 2.225e-06
       0.Info>>    sd:c:b:scatter| 4.725e+01|        10000| 4.725e-03| 9.621e-04
       0.Info>>        sd:c:block| 4.746e+01|          100| 4.746e-01| 4.975e-02
       0.Info>>         sd:c:init| 1.567e+01|          100| 1.567e-01| 3.628e-02
       0.Info>>       sd:c:reduce| 1.010e-04|          100| 1.010e-06| 5.858e-07
       0.Info>>         sd:c:wait| 1.760e-04|          100| 1.760e-06| 5.253e-07
       0.Info>>        sd:compute| 6.313e+01|          100| 6.313e-01| 6.176e-02
       0.Info>>         sd:runner| 6.313e+01|            8| 7.891e+00| 0.000e+00
       0.Info>>          sd:stage| 1.935e-01|            8| 2.419e-02| 0.000e+00
       0.Info>> sd:worker:scatter| 4.682e+01|        10000| 4.682e-03| 9.446e-04
       0.Info>>    sd:worker:wait| 1.620e+01|        10000| 1.620e-03| 1.602e-02
       0.Info>>          sd:write| 1.057e-03|          100| 1.057e-05| 7.804e-06
       0.Info>>           st:fill| 1.188e-02|            8| 1.485e-03| 0.000e+00
       0.Info>>          st:first| 2.258e-02|            1| 2.258e-02| 0.000e+00
       0.Info>>           st:load| 2.225e-02|            1| 2.225e-02| 0.000e+00
       0.Info>>           st:wait| 1.584e-01|            8| 1.980e-02| 0.000e+00
       0.Info>>-----------------------------------------------------------------
       0.Info>>-----------------------------------------------------------------
       0.Info>> watermarks:                                                     
       0.Info>>-----------------------------------------------------------------
       0.Info>>          measure |      min |      max                          
       0.Info>>-----------------------------------------------------------------
       0.Info>>   sd:c:b:dspstore| 2.000e-06| 7.400e-05                         
       0.Info>>    sd:c:b:scatter| 1.549e-03| 1.941e-02                         
       0.Info>>        sd:c:block| 2.164e-01| 6.234e-01                         
       0.Info>>         sd:c:init| 1.167e-01| 2.729e-01                         
       0.Info>>       sd:c:reduce| 0.000e+00| 3.000e-06                         
       0.Info>>         sd:c:wait| 1.000e-06| 3.000e-06                         
       0.Info>>        sd:compute| 3.331e-01| 7.897e-01                         
       0.Info>>         sd:runner| 6.825e+00| 8.497e+00                         
       0.Info>>          sd:stage| 2.404e-02| 2.425e-02                         
       0.Info>> sd:worker:scatter| 1.525e-03| 1.075e-02                         
       0.Info>>    sd:worker:wait| 1.000e-06| 2.731e-01                         
       0.Info>>          sd:write| 5.000e-06| 4.700e-05                         
       0.Info>>           st:fill| 1.332e-03| 1.543e-03                         
       0.Info>>          st:first| 2.258e-02| 2.258e-02                         
       0.Info>>           st:load| 2.225e-02| 2.225e-02                         
       0.Info>>           st:wait| 9.000e-06| 2.263e-02                         
       0.Info>>-----------------------------------------------------------------
       0.Info>>                                                                 
       0.Info>>         Performance Analysis (relative to total time * nodes)   
       0.Info>>-----------------------------------------------------------------
       0.Info>> mean and total runtimes:                                        
       0.Info>>-----------------------------------------------------------------
       0.Info>>          measure |    total |       count |     mean |   stddev 
       0.Info>>-----------------------------------------------------------------
       0.Info>>   sd:c:b:dspstore| 6.070e-04|        10000| 6.070e-08| 2.636e-07
       0.Info>>    sd:c:b:scatter| 6.632e-01|        10000| 6.632e-05| 1.140e-04
       0.Info>>        sd:c:block| 6.661e-01|          100| 6.661e-03| 5.894e-03
       0.Info>>         sd:c:init| 2.199e-01|          100| 2.199e-03| 4.299e-03
       0.Info>>       sd:c:reduce| 1.418e-06|          100| 1.418e-08| 6.940e-08
       0.Info>>         sd:c:wait| 2.470e-06|          100| 2.470e-08| 6.223e-08
       0.Info>>        sd:compute| 8.861e-01|          100| 8.861e-03| 7.317e-03
       0.Info>>         sd:runner| 8.861e-01|            8| 1.108e-01| 0.000e+00
       0.Info>>          sd:stage| 2.716e-03|            8| 3.395e-04| 0.000e+00
       0.Info>> sd:worker:scatter| 6.572e-01|        10000| 6.572e-05| 1.119e-04
       0.Info>>    sd:worker:wait| 2.274e-01|        10000| 2.274e-05| 1.898e-03
       0.Info>>          sd:write| 1.484e-05|          100| 1.484e-07| 9.245e-07
       0.Info>>           st:fill| 1.667e-04|            8| 2.084e-05| 0.000e+00
       0.Info>>          st:first| 3.170e-04|            1| 3.170e-04| 0.000e+00
       0.Info>>           st:load| 3.123e-04|            1| 3.123e-04| 0.000e+00
       0.Info>>           st:wait| 2.223e-03|            8| 2.779e-04| 0.000e+00
       0.Info>>-----------------------------------------------------------------
       0.Info>>-----------------------------------------------------------------
       0.Info>> watermarks:                                                     
       0.Info>>-----------------------------------------------------------------
       0.Info>>          measure |      min |      max                          
       0.Info>>-----------------------------------------------------------------
       0.Info>>   sd:c:b:dspstore| 2.807e-08| 1.039e-06                         
       0.Info>>    sd:c:b:scatter| 2.174e-05| 2.725e-04                         
       0.Info>>        sd:c:block| 3.037e-03| 8.750e-03                         
       0.Info>>         sd:c:init| 1.637e-03| 3.830e-03                         
       0.Info>>       sd:c:reduce| 0.000e+00| 4.211e-08                         
       0.Info>>         sd:c:wait| 1.404e-08| 4.211e-08                         
       0.Info>>        sd:compute| 4.676e-03| 1.108e-02                         
       0.Info>>         sd:runner| 9.580e-02| 1.193e-01                         
       0.Info>>          sd:stage| 3.374e-04| 3.404e-04                         
       0.Info>> sd:worker:scatter| 2.140e-05| 1.509e-04                         
       0.Info>>    sd:worker:wait| 1.404e-08| 3.833e-03                         
       0.Info>>          sd:write| 7.018e-08| 6.597e-07                         
       0.Info>>           st:fill| 1.870e-05| 2.166e-05                         
       0.Info>>          st:first| 3.170e-04| 3.170e-04                         
       0.Info>>           st:load| 3.123e-04| 3.123e-04                         
       0.Info>>           st:wait| 1.263e-07| 3.176e-04                         
       0.Info>>-----------------------------------------------------------------
       0.Info>>Total runtime (s): 8.9057049999999993                            
       0.Info>>Successfully finished... Have a nice day!                        
