       0.Info>>This software is being developed by Benjamin Lindner.                    
       0.Info>>For help, suggestions or correspondense use:                             
       0.Info>>ben@benlabs.net, Benjamin Lindner (Main Developer, Impl. & Maintenance)  
       0.Info>>franc@cmm.ki.si, Franci Merzel (Methodology)                             
       0.Info>>For publications include the following references:                       
       0.Info>>.........................................................................
       0.Info>>1. Sassena - X-ray and Neutron Scattering Calculated                     
       0.Info>>  from Molecular Dynamics Trajectories using Massively Parallel Computers
       0.Info>>  published as a Computer Program in Physics Paper                       
       0.Info>>.........................................................................
       0.Info>>Version Information: 1.4.2                                       
       0.Info>>                                                                 
       0.Info>>.................................................................
       0.Info>>......................D.E.S.C.R.I.P.T.I.O.N......................
       0.Info>>.................................................................
       0.Info>>This binary computes the scattering intensities directly from    
       0.Info>>a molecular dynamics trajectory.                                 
       0.Info>>.................................................................
       0.Info>>.................................................................
       0.Info>>...................I.N.I.T.I.A.L.I.Z.A.T.I.O.N...................
       0.Info>>.................................................................
       0.Info>>No configuration file specified. Will use default                
       0.Info>>Looking for configuration file: scatter.xml                      
       0.Info>>Reading parameters from XML file: scatter.xml                    
       0.Info>>Added frames from /home/amajumda/study/continuum_simulations/gitlab/continuum-to-scattering/data/100_100_100_50_50_50/single_atom_shrink/iteration_005/t001/pdb_dcd/sample.dcd using format: dcd
       0.Info>>Options: first=0, last=0, lastset=0, stride=1                    
       0.Info>>stager.target=system                                             
       0.Info>>scattering.type=all                                              
       0.Info>>scattering.dsp.type=square                                       
       0.Info>>scattering.average.orientation.type=vectors                      
       0.Info>>scattering.average.orientation.vectors.type=sphere               
       0.Info>>scattering.average.orientation.vectors.algorithm=boost_uniform_on_sphere
       0.Info>>scattering.average.orientation.vectors.resolution=100            
       0.Info>>Generating orientations for orientational averaging using sphere,boost_uniform_on_sphere
       0.Info>>Initialized orientational averaging with 100 vectors.            
       0.Info>>scattering.signal.file=signal.h5                                 
       0.Info>>scattering.signal.filepath=/home/amajumda/study/continuum_simulations/gitlab/continuum-to-scattering/data/100_100_100_50_50_50/single_atom_shrink/iteration_005/t001/signal.h5
       0.Info>>scattering.signal.fqt=1                                          
       0.Info>>scattering.signal.fq0=1                                          
       0.Info>>scattering.signal.fq=1                                           
       0.Info>>scattering.signal.fq2=1                                          
       0.Info>>Analyzing command line for parameter overwrites                  
       0.Info>>Reading database from file: /home/amajumda/study/continuum_simulations/gitlab/continuum-to-scattering/data/100_100_100_50_50_50/single_atom_shrink/iteration_005/t001/database/db-neutron-coherent.xml
       0.Info>>Checking database...                                             
       0.Info>>Testing mapping between PDB names and atom labels                
       0.Info>>Testing database completeness for referenced atom labels         
       0.Info>>Check succeeded. Database seems OK.                              
       0.Info>>Initializing sample...                                           
       0.Info>>Reading structure from file: /home/amajumda/study/continuum_simulations/gitlab/continuum-to-scattering/data/100_100_100_50_50_50/single_atom_shrink/iteration_005/t001/pdb_dcd/sample.pdb
       0.Info>>Done. Atoms read: 125000                                         
       0.Info>>Reading frames from: /home/amajumda/study/continuum_simulations/gitlab/continuum-to-scattering/data/100_100_100_50_50_50/single_atom_shrink/iteration_005/t001/pdb_dcd/sample.dcd
       0.Info>>Found 1 frames                                                   
       0.Info>>Total number of coordinate sets found: 1                         
       0.Info>>Exchanging sample, database & params information with compute nodes... 
       0.Info>>params...                                                        
       0.Info>>database...                                                      
       0.Info>>sample...                                                        
       0.Info>>.................................................................
       0.Info>>......................C.O.M.P.U.T.A.T.I.O.N......................
       0.Info>>.................................................................
       0.Info>>Setting up services...                                           
       0.Info>>Initializing data file service...                                
       0.Info>>Initializing monitor service...                                  
       0.Info>>Starting data file service...                                    
       0.Info>>Starting monitor service...                                      
       0.Info>>Services setup and running...                                    
       0.Info>>Checking /home/amajumda/study/continuum_simulations/gitlab/continuum-to-scattering/data/100_100_100_50_50_50/single_atom_shrink/iteration_005/t001/signal.h5 for old results.
       0.Info>>Broadcasting service information                                 
       0.Info>>Server host name    : hzglap02                                   
       0.Info>>FileService Port    : 34123                                      
       0.Info>>MonitorService Port : 44133                                      
       0.Info>>Setting up parallel environment...                               
       0.Info>>Searching for decomposition plan:                                
       0.Info>>nodes    = 8                                                     
       0.Info>>qvectors = 100                                                   
       0.Info>>frames   = 1                                                     
       0.Info>>atoms   = 125000                                                 
       0.Info>>All interference scattering detected. Applying frame decomposition.
       0.Info>>Automatic decomposition. Searching for best utilization.         
       0.Info>>Final decomposition parameters:                                  
       0.Info>>NN                : 8                                            
       0.Info>>NQ                : 100                                          
       0.Info>>NAF               : 1                                            
       0.Info>>NP                : 8                                            
       0.Info>>NNpP              : 1                                            
       0.Info>>NAFcycles         : 1                                            
       0.Info>>NQcycles          : 13                                           
       0.Info>>CompEl (WASTE/USE): 4/100                                        
       0.Info>>utilization(1=best)    : 0.96153846153846156                     
       0.Info>>Initializing Scatter Device, Vectors (all)                       
       0.Info>>Starting scattering...                                           
       0.Info>>Checking memory requirements for scattering calculation...       
       0.Info>>required limits.computation.memory.result_buffer=16              
       0.Info>>required limits.computation.memory.signal_buffer=16              
       0.Info>>required limits.computation.memory.exchange_buffer=0             
       0.Info>>required limits.computation.memory.alignpad_buffer=32            
       0.Info>>Memory limits ok                                                 
       0.Info>>Staging data...                                                  
       0.Info>>Forcing stager.mode=frames                                       
       0.Info>>Staging first partition.                                         
       0.Info>>Staging remaining partitions.                                    
       0.Info>>background scattering length set to 0                            
       0.Info>>Target initialized.                                              
       0.Info>>Target 'system' produces a background scattering length density of 0.0021866853612707987
       0.Info>>Starting computation...                                          
       0.Info>>Orientational averaging includes 100 vectors                     
       0.Info>>Setting progress sampling factor for monitoring to 1             
       0.Info>>Progress: 3.635%, ETOTAL: 45.169182808022917 s, ETA: 43.527094808022916 s
       0.Info>>Progress: 6.521%, ETOTAL: 25.238522683706066 s, ETA: 23.592760683706064 s
       0.Info>>Progress: 12.165%, ETOTAL: 13.596607350810171 s, ETA: 11.942571350810171 s
       0.Info>>Progress: 20.195%, ETOTAL: 8.2529973098440639 s, ETA: 6.5863283098440641 s
       0.Info>>Progress: 32.955%, ETOTAL: 11.146917642482006 s, ETA: 7.4734366424820067 s
       0.Info>>Progress: 43.205%, ETOTAL: 8.6669642136498517 s, ETA: 4.9223912136498527 s
       0.Info>>Progress: 53.080%, ETOTAL: 10.633553819213816 s, ETA: 4.9892498192138168 s
       0.Info>>Progress: 62.705%, ETOTAL: 9.0338544264976477 s, ETA: 3.3691644264976484 s
       0.Info>>Progress: 72.705%, ETOTAL: 7.8182738141421257 s, ETA: 2.1339878141421265 s
       0.Info>>Progress: 82.205%, ETOTAL: 9.3062722083593243 s, ETA: 1.6560392083593252 s
       0.Info>>Scattering finished...                                           
       0.Info>>.................................................................
       0.Info>>.....................R.U.N...A.N.A.L.Y.S.I.S.....................
       0.Info>>.................................................................
       0.Info>>Aggregating timing information for performance analysis...       
       0.Info>>                                                                 
       0.Info>>                    Performance Analysis                         
       0.Info>>-----------------------------------------------------------------
       0.Info>> mean and total runtimes:                                        
       0.Info>>-----------------------------------------------------------------
       0.Info>>          measure |    total |       count |     mean |   stddev 
       0.Info>>-----------------------------------------------------------------
       0.Info>>   sd:c:b:dspstore| 3.616e-02|        10000| 3.616e-06| 2.040e-06
       0.Info>>    sd:c:b:scatter| 4.411e+01|        10000| 4.411e-03| 7.826e-04
       0.Info>>        sd:c:block| 4.429e+01|          100| 4.429e-01| 4.155e-02
       0.Info>>         sd:c:init| 1.504e+01|          100| 1.504e-01| 3.055e-02
       0.Info>>       sd:c:reduce| 1.010e-04|          100| 1.010e-06| 5.059e-07
       0.Info>>         sd:c:wait| 1.650e-04|          100| 1.650e-06| 5.039e-07
       0.Info>>        sd:compute| 5.933e+01|          100| 5.933e-01| 5.576e-02
       0.Info>>         sd:runner| 5.933e+01|            8| 7.417e+00| 0.000e+00
       0.Info>>          sd:stage| 2.047e-01|            8| 2.558e-02| 0.000e+00
       0.Info>> sd:worker:scatter| 4.376e+01|        10000| 4.376e-03| 7.751e-04
       0.Info>>    sd:worker:wait| 1.547e+01|        10000| 1.547e-03| 1.530e-02
       0.Info>>          sd:write| 1.011e-03|          100| 1.011e-05| 7.169e-06
       0.Info>>           st:fill| 1.289e-02|            8| 1.611e-03| 0.000e+00
       0.Info>>          st:first| 2.384e-02|            1| 2.384e-02| 0.000e+00
       0.Info>>           st:load| 2.350e-02|            1| 2.350e-02| 0.000e+00
       0.Info>>           st:wait| 1.672e-01|            8| 2.090e-02| 0.000e+00
       0.Info>>-----------------------------------------------------------------
       0.Info>>-----------------------------------------------------------------
       0.Info>> watermarks:                                                     
       0.Info>>-----------------------------------------------------------------
       0.Info>>          measure |      min |      max                          
       0.Info>>-----------------------------------------------------------------
       0.Info>>   sd:c:b:dspstore| 2.000e-06| 7.300e-05                         
       0.Info>>    sd:c:b:scatter| 1.576e-03| 9.399e-03                         
       0.Info>>        sd:c:block| 1.672e-01| 5.446e-01                         
       0.Info>>         sd:c:init| 1.190e-01| 2.407e-01                         
       0.Info>>       sd:c:reduce| 0.000e+00| 2.000e-06                         
       0.Info>>         sd:c:wait| 1.000e-06| 3.000e-06                         
       0.Info>>        sd:compute| 2.864e-01| 7.420e-01                         
       0.Info>>         sd:runner| 6.433e+00| 7.803e+00                         
       0.Info>>          sd:stage| 2.543e-02| 2.564e-02                         
       0.Info>> sd:worker:scatter| 1.549e-03| 9.199e-03                         
       0.Info>>    sd:worker:wait| 2.000e-06| 2.408e-01                         
       0.Info>>          sd:write| 5.000e-06| 4.900e-05                         
       0.Info>>           st:fill| 1.450e-03| 1.675e-03                         
       0.Info>>          st:first| 2.384e-02| 2.384e-02                         
       0.Info>>           st:load| 2.350e-02| 2.350e-02                         
       0.Info>>           st:wait| 1.200e-05| 2.389e-02                         
       0.Info>>-----------------------------------------------------------------
       0.Info>>                                                                 
       0.Info>>         Performance Analysis (relative to total time * nodes)   
       0.Info>>-----------------------------------------------------------------
       0.Info>> mean and total runtimes:                                        
       0.Info>>-----------------------------------------------------------------
       0.Info>>          measure |    total |       count |     mean |   stddev 
       0.Info>>-----------------------------------------------------------------
       0.Info>>   sd:c:b:dspstore| 5.459e-04|        10000| 5.459e-08| 2.506e-07
       0.Info>>    sd:c:b:scatter| 6.660e-01|        10000| 6.660e-05| 9.616e-05
       0.Info>>        sd:c:block| 6.687e-01|          100| 6.687e-03| 5.106e-03
       0.Info>>         sd:c:init| 2.270e-01|          100| 2.270e-03| 3.754e-03
       0.Info>>       sd:c:reduce| 1.525e-06|          100| 1.525e-08| 6.216e-08
       0.Info>>         sd:c:wait| 2.491e-06|          100| 2.491e-08| 6.191e-08
       0.Info>>        sd:compute| 8.958e-01|          100| 8.958e-03| 6.851e-03
       0.Info>>         sd:runner| 8.958e-01|            8| 1.120e-01| 0.000e+00
       0.Info>>          sd:stage| 3.090e-03|            8| 3.862e-04| 0.000e+00
       0.Info>> sd:worker:scatter| 6.607e-01|        10000| 6.607e-05| 9.524e-05
       0.Info>>    sd:worker:wait| 2.335e-01|        10000| 2.335e-05| 1.880e-03
       0.Info>>          sd:write| 1.526e-05|          100| 1.526e-07| 8.809e-07
       0.Info>>           st:fill| 1.946e-04|            8| 2.432e-05| 0.000e+00
       0.Info>>          st:first| 3.600e-04|            1| 3.600e-04| 0.000e+00
       0.Info>>           st:load| 3.547e-04|            1| 3.547e-04| 0.000e+00
       0.Info>>           st:wait| 2.524e-03|            8| 3.155e-04| 0.000e+00
       0.Info>>-----------------------------------------------------------------
       0.Info>>-----------------------------------------------------------------
       0.Info>> watermarks:                                                     
       0.Info>>-----------------------------------------------------------------
       0.Info>>          measure |      min |      max                          
       0.Info>>-----------------------------------------------------------------
       0.Info>>   sd:c:b:dspstore| 3.020e-08| 1.102e-06                         
       0.Info>>    sd:c:b:scatter| 2.379e-05| 1.419e-04                         
       0.Info>>        sd:c:block| 2.525e-03| 8.223e-03                         
       0.Info>>         sd:c:init| 1.797e-03| 3.634e-03                         
       0.Info>>       sd:c:reduce| 0.000e+00| 3.020e-08                         
       0.Info>>         sd:c:wait| 1.510e-08| 4.529e-08                         
       0.Info>>        sd:compute| 4.323e-03| 1.120e-02                         
       0.Info>>         sd:runner| 9.712e-02| 1.178e-01                         
       0.Info>>          sd:stage| 3.839e-04| 3.872e-04                         
       0.Info>> sd:worker:scatter| 2.339e-05| 1.389e-04                         
       0.Info>>    sd:worker:wait| 3.020e-08| 3.635e-03                         
       0.Info>>          sd:write| 7.549e-08| 7.398e-07                         
       0.Info>>           st:fill| 2.189e-05| 2.529e-05                         
       0.Info>>          st:first| 3.600e-04| 3.600e-04                         
       0.Info>>           st:load| 3.547e-04| 3.547e-04                         
       0.Info>>           st:wait| 1.812e-07| 3.606e-04                         
       0.Info>>-----------------------------------------------------------------
       0.Info>>Total runtime (s): 8.2794679999999996                            
       0.Info>>Successfully finished... Have a nice day!                        
