       0.Info>>This software is being developed by Benjamin Lindner.                    
       0.Info>>For help, suggestions or correspondense use:                             
       0.Info>>ben@benlabs.net, Benjamin Lindner (Main Developer, Impl. & Maintenance)  
       0.Info>>franc@cmm.ki.si, Franci Merzel (Methodology)                             
       0.Info>>For publications include the following references:                       
       0.Info>>.........................................................................
       0.Info>>1. Sassena - X-ray and Neutron Scattering Calculated                     
       0.Info>>  from Molecular Dynamics Trajectories using Massively Parallel Computers
       0.Info>>  published as a Computer Program in Physics Paper                       
       0.Info>>.........................................................................
       0.Info>>Version Information: 1.4.2                                       
       0.Info>>                                                                 
       0.Info>>.................................................................
       0.Info>>......................D.E.S.C.R.I.P.T.I.O.N......................
       0.Info>>.................................................................
       0.Info>>This binary computes the scattering intensities directly from    
       0.Info>>a molecular dynamics trajectory.                                 
       0.Info>>.................................................................
       0.Info>>.................................................................
       0.Info>>...................I.N.I.T.I.A.L.I.Z.A.T.I.O.N...................
       0.Info>>.................................................................
       0.Info>>No configuration file specified. Will use default                
       0.Info>>Looking for configuration file: scatter.xml                      
       0.Info>>Reading parameters from XML file: scatter.xml                    
       0.Info>>Added frames from /home/amajumda/study/continuum_simulations/gitlab/continuum-to-scattering/data/100_100_100_50_50_50/single_atom_shrink/iteration_011/t009/pdb_dcd/sample.dcd using format: dcd
       0.Info>>Options: first=0, last=0, lastset=0, stride=1                    
       0.Info>>stager.target=system                                             
       0.Info>>scattering.type=all                                              
       0.Info>>scattering.dsp.type=square                                       
       0.Info>>scattering.average.orientation.type=vectors                      
       0.Info>>scattering.average.orientation.vectors.type=sphere               
       0.Info>>scattering.average.orientation.vectors.algorithm=boost_uniform_on_sphere
       0.Info>>scattering.average.orientation.vectors.resolution=100            
       0.Info>>Generating orientations for orientational averaging using sphere,boost_uniform_on_sphere
       0.Info>>Initialized orientational averaging with 100 vectors.            
       0.Info>>scattering.signal.file=signal.h5                                 
       0.Info>>scattering.signal.filepath=/home/amajumda/study/continuum_simulations/gitlab/continuum-to-scattering/data/100_100_100_50_50_50/single_atom_shrink/iteration_011/t009/signal.h5
       0.Info>>scattering.signal.fqt=1                                          
       0.Info>>scattering.signal.fq0=1                                          
       0.Info>>scattering.signal.fq=1                                           
       0.Info>>scattering.signal.fq2=1                                          
       0.Info>>Analyzing command line for parameter overwrites                  
       0.Info>>Reading database from file: /home/amajumda/study/continuum_simulations/gitlab/continuum-to-scattering/data/100_100_100_50_50_50/single_atom_shrink/iteration_011/t009/database/db-neutron-coherent.xml
       0.Info>>Checking database...                                             
       0.Info>>Testing mapping between PDB names and atom labels                
       0.Info>>Testing database completeness for referenced atom labels         
       0.Info>>Check succeeded. Database seems OK.                              
       0.Info>>Initializing sample...                                           
       0.Info>>Reading structure from file: /home/amajumda/study/continuum_simulations/gitlab/continuum-to-scattering/data/100_100_100_50_50_50/single_atom_shrink/iteration_011/t009/pdb_dcd/sample.pdb
       0.Info>>Done. Atoms read: 125000                                         
       0.Info>>Reading frames from: /home/amajumda/study/continuum_simulations/gitlab/continuum-to-scattering/data/100_100_100_50_50_50/single_atom_shrink/iteration_011/t009/pdb_dcd/sample.dcd
       0.Info>>Found 1 frames                                                   
       0.Info>>Total number of coordinate sets found: 1                         
       0.Info>>Exchanging sample, database & params information with compute nodes... 
       0.Info>>params...                                                        
       0.Info>>database...                                                      
       0.Info>>sample...                                                        
       0.Info>>.................................................................
       0.Info>>......................C.O.M.P.U.T.A.T.I.O.N......................
       0.Info>>.................................................................
       0.Info>>Setting up services...                                           
       0.Info>>Initializing data file service...                                
       0.Info>>Initializing monitor service...                                  
       0.Info>>Starting data file service...                                    
       0.Info>>Starting monitor service...                                      
       0.Info>>Services setup and running...                                    
       0.Info>>Checking /home/amajumda/study/continuum_simulations/gitlab/continuum-to-scattering/data/100_100_100_50_50_50/single_atom_shrink/iteration_011/t009/signal.h5 for old results.
       0.Info>>Broadcasting service information                                 
       0.Info>>Server host name    : hzglap02                                   
       0.Info>>FileService Port    : 41019                                      
       0.Info>>MonitorService Port : 36517                                      
       0.Info>>Setting up parallel environment...                               
       0.Info>>Searching for decomposition plan:                                
       0.Info>>nodes    = 8                                                     
       0.Info>>qvectors = 100                                                   
       0.Info>>frames   = 1                                                     
       0.Info>>atoms   = 125000                                                 
       0.Info>>All interference scattering detected. Applying frame decomposition.
       0.Info>>Automatic decomposition. Searching for best utilization.         
       0.Info>>Final decomposition parameters:                                  
       0.Info>>NN                : 8                                            
       0.Info>>NQ                : 100                                          
       0.Info>>NAF               : 1                                            
       0.Info>>NP                : 8                                            
       0.Info>>NNpP              : 1                                            
       0.Info>>NAFcycles         : 1                                            
       0.Info>>NQcycles          : 13                                           
       0.Info>>CompEl (WASTE/USE): 4/100                                        
       0.Info>>utilization(1=best)    : 0.96153846153846156                     
       0.Info>>Initializing Scatter Device, Vectors (all)                       
       0.Info>>Starting scattering...                                           
       0.Info>>Checking memory requirements for scattering calculation...       
       0.Info>>required limits.computation.memory.result_buffer=16              
       0.Info>>required limits.computation.memory.signal_buffer=16              
       0.Info>>required limits.computation.memory.exchange_buffer=0             
       0.Info>>required limits.computation.memory.alignpad_buffer=32            
       0.Info>>Memory limits ok                                                 
       0.Info>>Staging data...                                                  
       0.Info>>Forcing stager.mode=frames                                       
       0.Info>>Staging first partition.                                         
       0.Info>>Staging remaining partitions.                                    
       0.Info>>background scattering length set to 0                            
       0.Info>>Target initialized.                                              
       0.Info>>Target 'system' produces a background scattering length density of 3.1725734149413027e-05
       0.Info>>Starting computation...                                          
       0.Info>>Orientational averaging includes 100 vectors                     
       0.Info>>Setting progress sampling factor for monitoring to 1             
       0.Info>>Progress: 3.010%, ETOTAL: 58.439518339100353 s, ETA: 56.680245339100352 s
       0.Info>>Progress: 6.146%, ETOTAL: 28.67547661016949 s, ETA: 26.913129610169491 s
       0.Info>>Progress: 12.792%, ETOTAL: 13.977295114006512 s, ETA: 12.189366114006512 s
       0.Info>>Progress: 21.821%, ETOTAL: 8.7748991774383072 s, ETA: 6.860171177438307 s
       0.Info>>Progress: 31.330%, ETOTAL: 12.048709074168798 s, ETA: 8.2738330741687989 s
       0.Info>>Progress: 40.955%, ETOTAL: 9.2459459070277035 s, ETA: 5.4592569070277035 s
       0.Info>>Progress: 51.330%, ETOTAL: 7.5943449516078694 s, ETA: 3.6961579516078689 s
       0.Info>>Progress: 60.955%, ETOTAL: 9.4549436113155974 s, ETA: 3.6916706113155966 s
       0.Info>>Progress: 70.580%, ETOTAL: 8.2354384269560867 s, ETA: 2.4228554269560867 s
       0.Info>>Progress: 80.580%, ETOTAL: 9.6823437412990732 s, ETA: 1.8802987412990735 s
       0.Info>>Scattering finished...                                           
       0.Info>>.................................................................
       0.Info>>.....................R.U.N...A.N.A.L.Y.S.I.S.....................
       0.Info>>.................................................................
       0.Info>>Aggregating timing information for performance analysis...       
       0.Info>>                                                                 
       0.Info>>                    Performance Analysis                         
       0.Info>>-----------------------------------------------------------------
       0.Info>> mean and total runtimes:                                        
       0.Info>>-----------------------------------------------------------------
       0.Info>>          measure |    total |       count |     mean |   stddev 
       0.Info>>-----------------------------------------------------------------
       0.Info>>   sd:c:b:dspstore| 3.793e-02|        10000| 3.793e-06| 2.056e-06
       0.Info>>    sd:c:b:scatter| 4.411e+01|        10000| 4.411e-03| 7.791e-04
       0.Info>>        sd:c:block| 4.429e+01|          100| 4.429e-01| 3.801e-02
       0.Info>>         sd:c:init| 1.508e+01|          100| 1.508e-01| 2.874e-02
       0.Info>>       sd:c:reduce| 1.070e-04|          100| 1.070e-06| 6.243e-07
       0.Info>>         sd:c:wait| 1.750e-04|          100| 1.750e-06| 6.312e-07
       0.Info>>        sd:compute| 5.937e+01|          100| 5.937e-01| 5.002e-02
       0.Info>>         sd:runner| 5.937e+01|            8| 7.422e+00| 0.000e+00
       0.Info>>          sd:stage| 1.935e-01|            8| 2.419e-02| 0.000e+00
       0.Info>> sd:worker:scatter| 4.375e+01|        10000| 4.375e-03| 7.745e-04
       0.Info>>    sd:worker:wait| 1.553e+01|        10000| 1.553e-03| 1.532e-02
       0.Info>>          sd:write| 1.038e-03|          100| 1.038e-05| 7.326e-06
       0.Info>>           st:fill| 1.183e-02|            8| 1.479e-03| 0.000e+00
       0.Info>>          st:first| 2.259e-02|            1| 2.259e-02| 0.000e+00
       0.Info>>           st:load| 2.227e-02|            1| 2.227e-02| 0.000e+00
       0.Info>>           st:wait| 1.584e-01|            8| 1.980e-02| 0.000e+00
       0.Info>>-----------------------------------------------------------------
       0.Info>>-----------------------------------------------------------------
       0.Info>> watermarks:                                                     
       0.Info>>-----------------------------------------------------------------
       0.Info>>          measure |      min |      max                          
       0.Info>>-----------------------------------------------------------------
       0.Info>>   sd:c:b:dspstore| 2.000e-06| 7.500e-05                         
       0.Info>>    sd:c:b:scatter| 1.568e-03| 6.891e-03                         
       0.Info>>        sd:c:block| 1.691e-01| 5.384e-01                         
       0.Info>>         sd:c:init| 1.179e-01| 2.476e-01                         
       0.Info>>       sd:c:reduce| 0.000e+00| 3.000e-06                         
       0.Info>>         sd:c:wait| 1.000e-06| 4.000e-06                         
       0.Info>>        sd:compute| 3.133e-01| 7.137e-01                         
       0.Info>>         sd:runner| 6.615e+00| 7.930e+00                         
       0.Info>>          sd:stage| 2.404e-02| 2.425e-02                         
       0.Info>> sd:worker:scatter| 1.550e-03| 6.818e-03                         
       0.Info>>    sd:worker:wait| 1.800e-05| 2.477e-01                         
       0.Info>>          sd:write| 5.000e-06| 4.900e-05                         
       0.Info>>           st:fill| 1.321e-03| 1.540e-03                         
       0.Info>>          st:first| 2.259e-02| 2.259e-02                         
       0.Info>>           st:load| 2.227e-02| 2.227e-02                         
       0.Info>>           st:wait| 9.000e-06| 2.263e-02                         
       0.Info>>-----------------------------------------------------------------
       0.Info>>                                                                 
       0.Info>>         Performance Analysis (relative to total time * nodes)   
       0.Info>>-----------------------------------------------------------------
       0.Info>> mean and total runtimes:                                        
       0.Info>>-----------------------------------------------------------------
       0.Info>>          measure |    total |       count |     mean |   stddev 
       0.Info>>-----------------------------------------------------------------
       0.Info>>   sd:c:b:dspstore| 5.675e-04|        10000| 5.675e-08| 2.515e-07
       0.Info>>    sd:c:b:scatter| 6.600e-01|        10000| 6.600e-05| 9.531e-05
       0.Info>>        sd:c:block| 6.628e-01|          100| 6.628e-03| 4.650e-03
       0.Info>>         sd:c:init| 2.256e-01|          100| 2.256e-03| 3.516e-03
       0.Info>>       sd:c:reduce| 1.601e-06|          100| 1.601e-08| 7.637e-08
       0.Info>>         sd:c:wait| 2.619e-06|          100| 2.619e-08| 7.722e-08
       0.Info>>        sd:compute| 8.884e-01|          100| 8.884e-03| 6.119e-03
       0.Info>>         sd:runner| 8.885e-01|            8| 1.111e-01| 0.000e+00
       0.Info>>          sd:stage| 2.896e-03|            8| 3.620e-04| 0.000e+00
       0.Info>> sd:worker:scatter| 6.546e-01|        10000| 6.546e-05| 9.475e-05
       0.Info>>    sd:worker:wait| 2.324e-01|        10000| 2.324e-05| 1.873e-03
       0.Info>>          sd:write| 1.553e-05|          100| 1.553e-07| 8.962e-07
       0.Info>>           st:fill| 1.770e-04|            8| 2.213e-05| 0.000e+00
       0.Info>>          st:first| 3.381e-04|            1| 3.381e-04| 0.000e+00
       0.Info>>           st:load| 3.332e-04|            1| 3.332e-04| 0.000e+00
       0.Info>>           st:wait| 2.370e-03|            8| 2.963e-04| 0.000e+00
       0.Info>>-----------------------------------------------------------------
       0.Info>>-----------------------------------------------------------------
       0.Info>> watermarks:                                                     
       0.Info>>-----------------------------------------------------------------
       0.Info>>          measure |      min |      max                          
       0.Info>>-----------------------------------------------------------------
       0.Info>>   sd:c:b:dspstore| 2.993e-08| 1.122e-06                         
       0.Info>>    sd:c:b:scatter| 2.346e-05| 1.031e-04                         
       0.Info>>        sd:c:block| 2.530e-03| 8.057e-03                         
       0.Info>>         sd:c:init| 1.764e-03| 3.705e-03                         
       0.Info>>       sd:c:reduce| 0.000e+00| 4.489e-08                         
       0.Info>>         sd:c:wait| 1.496e-08| 5.986e-08                         
       0.Info>>        sd:compute| 4.687e-03| 1.068e-02                         
       0.Info>>         sd:runner| 9.899e-02| 1.187e-01                         
       0.Info>>          sd:stage| 3.597e-04| 3.629e-04                         
       0.Info>> sd:worker:scatter| 2.319e-05| 1.020e-04                         
       0.Info>>    sd:worker:wait| 2.693e-07| 3.707e-03                         
       0.Info>>          sd:write| 7.482e-08| 7.332e-07                         
       0.Info>>           st:fill| 1.977e-05| 2.304e-05                         
       0.Info>>          st:first| 3.381e-04| 3.381e-04                         
       0.Info>>           st:load| 3.332e-04| 3.332e-04                         
       0.Info>>           st:wait| 1.347e-07| 3.386e-04                         
       0.Info>>-----------------------------------------------------------------
       0.Info>>Total runtime (s): 8.3534600000000001                            
       0.Info>>Successfully finished... Have a nice day!                        
