       0.Info>>This software is being developed by Benjamin Lindner.                    
       0.Info>>For help, suggestions or correspondense use:                             
       0.Info>>ben@benlabs.net, Benjamin Lindner (Main Developer, Impl. & Maintenance)  
       0.Info>>franc@cmm.ki.si, Franci Merzel (Methodology)                             
       0.Info>>For publications include the following references:                       
       0.Info>>.........................................................................
       0.Info>>1. Sassena - X-ray and Neutron Scattering Calculated                     
       0.Info>>  from Molecular Dynamics Trajectories using Massively Parallel Computers
       0.Info>>  published as a Computer Program in Physics Paper                       
       0.Info>>.........................................................................
       0.Info>>Version Information: 1.4.2                                       
       0.Info>>                                                                 
       0.Info>>.................................................................
       0.Info>>......................D.E.S.C.R.I.P.T.I.O.N......................
       0.Info>>.................................................................
       0.Info>>This binary computes the scattering intensities directly from    
       0.Info>>a molecular dynamics trajectory.                                 
       0.Info>>.................................................................
       0.Info>>.................................................................
       0.Info>>...................I.N.I.T.I.A.L.I.Z.A.T.I.O.N...................
       0.Info>>.................................................................
       0.Info>>No configuration file specified. Will use default                
       0.Info>>Looking for configuration file: scatter.xml                      
       0.Info>>Reading parameters from XML file: scatter.xml                    
       0.Info>>Added frames from /home/amajumda/study/continuum_simulations/gitlab/continuum-to-scattering/data/100_100_100_10_10_10/single_atom_shrink/iteration_008/t000/pdb_dcd/sample.dcd using format: dcd
       0.Info>>Options: first=0, last=0, lastset=0, stride=1                    
       0.Info>>stager.target=system                                             
       0.Info>>scattering.type=all                                              
       0.Info>>scattering.dsp.type=square                                       
       0.Info>>scattering.average.orientation.type=vectors                      
       0.Info>>scattering.average.orientation.vectors.type=sphere               
       0.Info>>scattering.average.orientation.vectors.algorithm=boost_uniform_on_sphere
       0.Info>>scattering.average.orientation.vectors.resolution=100            
       0.Info>>Generating orientations for orientational averaging using sphere,boost_uniform_on_sphere
       0.Info>>Initialized orientational averaging with 100 vectors.            
       0.Info>>scattering.signal.file=signal.h5                                 
       0.Info>>scattering.signal.filepath=/home/amajumda/study/continuum_simulations/gitlab/continuum-to-scattering/data/100_100_100_10_10_10/single_atom_shrink/iteration_008/t000/signal.h5
       0.Info>>scattering.signal.fqt=1                                          
       0.Info>>scattering.signal.fq0=1                                          
       0.Info>>scattering.signal.fq=1                                           
       0.Info>>scattering.signal.fq2=1                                          
       0.Info>>Analyzing command line for parameter overwrites                  
       0.Info>>Reading database from file: /home/amajumda/study/continuum_simulations/gitlab/continuum-to-scattering/data/100_100_100_10_10_10/single_atom_shrink/iteration_008/t000/database/db-neutron-coherent.xml
       0.Info>>Checking database...                                             
       0.Info>>Testing mapping between PDB names and atom labels                
       0.Info>>Testing database completeness for referenced atom labels         
       0.Info>>Check succeeded. Database seems OK.                              
       0.Info>>Initializing sample...                                           
       0.Info>>Reading structure from file: /home/amajumda/study/continuum_simulations/gitlab/continuum-to-scattering/data/100_100_100_10_10_10/single_atom_shrink/iteration_008/t000/pdb_dcd/sample.pdb
       0.Info>>Done. Atoms read: 1000                                           
       0.Info>>Reading frames from: /home/amajumda/study/continuum_simulations/gitlab/continuum-to-scattering/data/100_100_100_10_10_10/single_atom_shrink/iteration_008/t000/pdb_dcd/sample.dcd
       0.Info>>Found 1 frames                                                   
       0.Info>>Total number of coordinate sets found: 1                         
       0.Info>>Exchanging sample, database & params information with compute nodes... 
       0.Info>>params...                                                        
       0.Info>>database...                                                      
       0.Info>>sample...                                                        
       0.Info>>.................................................................
       0.Info>>......................C.O.M.P.U.T.A.T.I.O.N......................
       0.Info>>.................................................................
       0.Info>>Setting up services...                                           
       0.Info>>Initializing data file service...                                
       0.Info>>Initializing monitor service...                                  
       0.Info>>Starting data file service...                                    
       0.Info>>Starting monitor service...                                      
       0.Info>>Services setup and running...                                    
       0.Info>>Checking /home/amajumda/study/continuum_simulations/gitlab/continuum-to-scattering/data/100_100_100_10_10_10/single_atom_shrink/iteration_008/t000/signal.h5 for old results.
       0.Info>>Broadcasting service information                                 
       0.Info>>Server host name    : hzglap02                                   
       0.Info>>FileService Port    : 42583                                      
       0.Info>>MonitorService Port : 33281                                      
       0.Info>>Setting up parallel environment...                               
       0.Info>>Searching for decomposition plan:                                
       0.Info>>nodes    = 8                                                     
       0.Info>>qvectors = 100                                                   
       0.Info>>frames   = 1                                                     
       0.Info>>atoms   = 1000                                                   
       0.Info>>All interference scattering detected. Applying frame decomposition.
       0.Info>>Automatic decomposition. Searching for best utilization.         
       0.Info>>Final decomposition parameters:                                  
       0.Info>>NN                : 8                                            
       0.Info>>NQ                : 100                                          
       0.Info>>NAF               : 1                                            
       0.Info>>NP                : 8                                            
       0.Info>>NNpP              : 1                                            
       0.Info>>NAFcycles         : 1                                            
       0.Info>>NQcycles          : 13                                           
       0.Info>>CompEl (WASTE/USE): 4/100                                        
       0.Info>>utilization(1=best)    : 0.96153846153846156                     
       0.Info>>Initializing Scatter Device, Vectors (all)                       
       0.Info>>Starting scattering...                                           
       0.Info>>Checking memory requirements for scattering calculation...       
       0.Info>>required limits.computation.memory.result_buffer=16              
       0.Info>>required limits.computation.memory.signal_buffer=16              
       0.Info>>required limits.computation.memory.exchange_buffer=0             
       0.Info>>required limits.computation.memory.alignpad_buffer=32            
       0.Info>>Memory limits ok                                                 
       0.Info>>Staging data...                                                  
       0.Info>>Forcing stager.mode=frames                                       
       0.Info>>Staging first partition.                                         
       0.Info>>Staging remaining partitions.                                    
       0.Info>>background scattering length set to 0                            
       0.Info>>Target initialized.                                              
       0.Info>>Target 'system' produces a background scattering length density of 0.33783289253640164
       0.Info>>Starting computation...                                          
       0.Info>>Orientational averaging includes 100 vectors                     
       0.Info>>Setting progress sampling factor for monitoring to 1             
       0.Info>>Scattering finished...                                           
       0.Info>>.................................................................
       0.Info>>.....................R.U.N...A.N.A.L.Y.S.I.S.....................
       0.Info>>.................................................................
       0.Info>>Aggregating timing information for performance analysis...       
       0.Info>>                                                                 
       0.Info>>                    Performance Analysis                         
       0.Info>>-----------------------------------------------------------------
       0.Info>> mean and total runtimes:                                        
       0.Info>>-----------------------------------------------------------------
       0.Info>>          measure |    total |       count |     mean |   stddev 
       0.Info>>-----------------------------------------------------------------
       0.Info>>   sd:c:b:dspstore| 2.779e-02|        10000| 2.779e-06| 1.783e-06
       0.Info>>    sd:c:b:scatter| 6.539e-01|        10000| 6.539e-05| 1.678e-05
       0.Info>>        sd:c:block| 7.877e-01|          100| 7.877e-03| 6.292e-04
       0.Info>>         sd:c:init| 1.543e-01|          100| 1.543e-03| 3.436e-04
       0.Info>>       sd:c:reduce| 9.900e-05|          100| 9.900e-07| 4.392e-07
       0.Info>>         sd:c:wait| 1.360e-04|          100| 1.360e-06| 5.968e-07
       0.Info>>        sd:compute| 9.442e-01|          100| 9.442e-03| 7.465e-04
       0.Info>>         sd:runner| 9.472e-01|            8| 1.184e-01| 0.000e+00
       0.Info>>          sd:stage| 5.024e-03|            8| 6.280e-04| 0.000e+00
       0.Info>> sd:worker:scatter| 4.624e-01|        10000| 4.624e-05| 7.689e-06
       0.Info>>    sd:worker:wait| 4.052e-01|        10000| 4.052e-05| 1.624e-04
       0.Info>>          sd:write| 8.010e-04|          100| 8.010e-06| 5.460e-06
       0.Info>>           st:fill| 8.570e-04|            8| 1.071e-04| 0.000e+00
       0.Info>>          st:first| 3.710e-04|            1| 3.710e-04| 0.000e+00
       0.Info>>           st:load| 3.360e-04|            1| 3.360e-04| 0.000e+00
       0.Info>>           st:wait| 2.863e-03|            8| 3.579e-04| 0.000e+00
       0.Info>>-----------------------------------------------------------------
       0.Info>>-----------------------------------------------------------------
       0.Info>> watermarks:                                                     
       0.Info>>-----------------------------------------------------------------
       0.Info>>          measure |      min |      max                          
       0.Info>>-----------------------------------------------------------------
       0.Info>>   sd:c:b:dspstore| 1.000e-06| 7.100e-05                         
       0.Info>>    sd:c:b:scatter| 2.700e-05| 1.014e-03                         
       0.Info>>        sd:c:block| 5.476e-03| 9.495e-03                         
       0.Info>>         sd:c:init| 9.920e-04| 2.473e-03                         
       0.Info>>       sd:c:reduce| 0.000e+00| 2.000e-06                         
       0.Info>>         sd:c:wait| 0.000e+00| 3.000e-06                         
       0.Info>>        sd:compute| 6.648e-03| 1.108e-02                         
       0.Info>>         sd:runner| 1.027e-01| 1.293e-01                         
       0.Info>>          sd:stage| 6.240e-04| 6.330e-04                         
       0.Info>> sd:worker:scatter| 1.300e-05| 1.730e-04                         
       0.Info>>    sd:worker:wait| 1.200e-05| 2.515e-03                         
       0.Info>>          sd:write| 4.000e-06| 3.400e-05                         
       0.Info>>           st:fill| 9.000e-05| 1.120e-04                         
       0.Info>>          st:first| 3.710e-04| 3.710e-04                         
       0.Info>>           st:load| 3.360e-04| 3.360e-04                         
       0.Info>>           st:wait| 6.000e-06| 4.140e-04                         
       0.Info>>-----------------------------------------------------------------
       0.Info>>                                                                 
       0.Info>>         Performance Analysis (relative to total time * nodes)   
       0.Info>>-----------------------------------------------------------------
       0.Info>> mean and total runtimes:                                        
       0.Info>>-----------------------------------------------------------------
       0.Info>>          measure |    total |       count |     mean |   stddev 
       0.Info>>-----------------------------------------------------------------
       0.Info>>   sd:c:b:dspstore| 2.022e-02|        10000| 2.022e-06| 1.521e-06
       0.Info>>    sd:c:b:scatter| 4.756e-01|        10000| 4.756e-05| 1.431e-05
       0.Info>>        sd:c:block| 5.730e-01|          100| 5.730e-03| 5.366e-04
       0.Info>>         sd:c:init| 1.122e-01|          100| 1.122e-03| 2.931e-04
       0.Info>>       sd:c:reduce| 7.201e-05|          100| 7.201e-07| 3.746e-07
       0.Info>>         sd:c:wait| 9.892e-05|          100| 9.892e-07| 5.090e-07
       0.Info>>        sd:compute| 6.868e-01|          100| 6.868e-03| 6.366e-04
       0.Info>>         sd:runner| 6.890e-01|            8| 8.612e-02| 0.000e+00
       0.Info>>          sd:stage| 3.654e-03|            8| 4.568e-04| 0.000e+00
       0.Info>> sd:worker:scatter| 3.363e-01|        10000| 3.363e-05| 6.557e-06
       0.Info>>    sd:worker:wait| 2.947e-01|        10000| 2.947e-05| 1.385e-04
       0.Info>>          sd:write| 5.826e-04|          100| 5.826e-06| 4.656e-06
       0.Info>>           st:fill| 6.234e-04|            8| 7.792e-05| 0.000e+00
       0.Info>>          st:first| 2.699e-04|            1| 2.699e-04| 0.000e+00
       0.Info>>           st:load| 2.444e-04|            1| 2.444e-04| 0.000e+00
       0.Info>>           st:wait| 2.083e-03|            8| 2.603e-04| 0.000e+00
       0.Info>>-----------------------------------------------------------------
       0.Info>>-----------------------------------------------------------------
       0.Info>> watermarks:                                                     
       0.Info>>-----------------------------------------------------------------
       0.Info>>          measure |      min |      max                          
       0.Info>>-----------------------------------------------------------------
       0.Info>>   sd:c:b:dspstore| 7.274e-07| 5.164e-05                         
       0.Info>>    sd:c:b:scatter| 1.964e-05| 7.376e-04                         
       0.Info>>        sd:c:block| 3.983e-03| 6.907e-03                         
       0.Info>>         sd:c:init| 7.216e-04| 1.799e-03                         
       0.Info>>       sd:c:reduce| 0.000e+00| 1.455e-06                         
       0.Info>>         sd:c:wait| 0.000e+00| 2.182e-06                         
       0.Info>>        sd:compute| 4.836e-03| 8.063e-03                         
       0.Info>>         sd:runner| 7.468e-02| 9.408e-02                         
       0.Info>>          sd:stage| 4.539e-04| 4.604e-04                         
       0.Info>> sd:worker:scatter| 9.456e-06| 1.258e-04                         
       0.Info>>    sd:worker:wait| 8.729e-06| 1.829e-03                         
       0.Info>>          sd:write| 2.910e-06| 2.473e-05                         
       0.Info>>           st:fill| 6.546e-05| 8.147e-05                         
       0.Info>>          st:first| 2.699e-04| 2.699e-04                         
       0.Info>>           st:load| 2.444e-04| 2.444e-04                         
       0.Info>>           st:wait| 4.364e-06| 3.011e-04                         
       0.Info>>-----------------------------------------------------------------
       0.Info>>Total runtime (s): 0.171848                                      
       0.Info>>Successfully finished... Have a nice day!                        
