       0.Info>>This software is being developed by Benjamin Lindner.                    
       0.Info>>For help, suggestions or correspondense use:                             
       0.Info>>ben@benlabs.net, Benjamin Lindner (Main Developer, Impl. & Maintenance)  
       0.Info>>franc@cmm.ki.si, Franci Merzel (Methodology)                             
       0.Info>>For publications include the following references:                       
       0.Info>>.........................................................................
       0.Info>>1. Sassena - X-ray and Neutron Scattering Calculated                     
       0.Info>>  from Molecular Dynamics Trajectories using Massively Parallel Computers
       0.Info>>  published as a Computer Program in Physics Paper                       
       0.Info>>.........................................................................
       0.Info>>Version Information: 1.4.2                                       
       0.Info>>                                                                 
       0.Info>>.................................................................
       0.Info>>......................D.E.S.C.R.I.P.T.I.O.N......................
       0.Info>>.................................................................
       0.Info>>This binary computes the scattering intensities directly from    
       0.Info>>a molecular dynamics trajectory.                                 
       0.Info>>.................................................................
       0.Info>>.................................................................
       0.Info>>...................I.N.I.T.I.A.L.I.Z.A.T.I.O.N...................
       0.Info>>.................................................................
       0.Info>>No configuration file specified. Will use default                
       0.Info>>Looking for configuration file: scatter.xml                      
       0.Info>>Reading parameters from XML file: scatter.xml                    
       0.Info>>Added frames from /home/amajumda/study/continuum_simulations/gitlab/continuum-to-scattering/data/100_100_100_50_50_50/single_atom_shrink/iteration_009/t002/pdb_dcd/sample.dcd using format: dcd
       0.Info>>Options: first=0, last=0, lastset=0, stride=1                    
       0.Info>>stager.target=system                                             
       0.Info>>scattering.type=all                                              
       0.Info>>scattering.dsp.type=square                                       
       0.Info>>scattering.average.orientation.type=vectors                      
       0.Info>>scattering.average.orientation.vectors.type=sphere               
       0.Info>>scattering.average.orientation.vectors.algorithm=boost_uniform_on_sphere
       0.Info>>scattering.average.orientation.vectors.resolution=100            
       0.Info>>Generating orientations for orientational averaging using sphere,boost_uniform_on_sphere
       0.Info>>Initialized orientational averaging with 100 vectors.            
       0.Info>>scattering.signal.file=signal.h5                                 
       0.Info>>scattering.signal.filepath=/home/amajumda/study/continuum_simulations/gitlab/continuum-to-scattering/data/100_100_100_50_50_50/single_atom_shrink/iteration_009/t002/signal.h5
       0.Info>>scattering.signal.fqt=1                                          
       0.Info>>scattering.signal.fq0=1                                          
       0.Info>>scattering.signal.fq=1                                           
       0.Info>>scattering.signal.fq2=1                                          
       0.Info>>Analyzing command line for parameter overwrites                  
       0.Info>>Reading database from file: /home/amajumda/study/continuum_simulations/gitlab/continuum-to-scattering/data/100_100_100_50_50_50/single_atom_shrink/iteration_009/t002/database/db-neutron-coherent.xml
       0.Info>>Checking database...                                             
       0.Info>>Testing mapping between PDB names and atom labels                
       0.Info>>Testing database completeness for referenced atom labels         
       0.Info>>Check succeeded. Database seems OK.                              
       0.Info>>Initializing sample...                                           
       0.Info>>Reading structure from file: /home/amajumda/study/continuum_simulations/gitlab/continuum-to-scattering/data/100_100_100_50_50_50/single_atom_shrink/iteration_009/t002/pdb_dcd/sample.pdb
       0.Info>>Done. Atoms read: 125000                                         
       0.Info>>Reading frames from: /home/amajumda/study/continuum_simulations/gitlab/continuum-to-scattering/data/100_100_100_50_50_50/single_atom_shrink/iteration_009/t002/pdb_dcd/sample.dcd
       0.Info>>Found 1 frames                                                   
       0.Info>>Total number of coordinate sets found: 1                         
       0.Info>>Exchanging sample, database & params information with compute nodes... 
       0.Info>>params...                                                        
       0.Info>>database...                                                      
       0.Info>>sample...                                                        
       0.Info>>.................................................................
       0.Info>>......................C.O.M.P.U.T.A.T.I.O.N......................
       0.Info>>.................................................................
       0.Info>>Setting up services...                                           
       0.Info>>Initializing data file service...                                
       0.Info>>Initializing monitor service...                                  
       0.Info>>Starting data file service...                                    
       0.Info>>Starting monitor service...                                      
       0.Info>>Services setup and running...                                    
       0.Info>>Checking /home/amajumda/study/continuum_simulations/gitlab/continuum-to-scattering/data/100_100_100_50_50_50/single_atom_shrink/iteration_009/t002/signal.h5 for old results.
       0.Info>>Broadcasting service information                                 
       0.Info>>Server host name    : hzglap02                                   
       0.Info>>FileService Port    : 37953                                      
       0.Info>>MonitorService Port : 46017                                      
       0.Info>>Setting up parallel environment...                               
       0.Info>>Searching for decomposition plan:                                
       0.Info>>nodes    = 8                                                     
       0.Info>>qvectors = 100                                                   
       0.Info>>frames   = 1                                                     
       0.Info>>atoms   = 125000                                                 
       0.Info>>All interference scattering detected. Applying frame decomposition.
       0.Info>>Automatic decomposition. Searching for best utilization.         
       0.Info>>Final decomposition parameters:                                  
       0.Info>>NN                : 8                                            
       0.Info>>NQ                : 100                                          
       0.Info>>NAF               : 1                                            
       0.Info>>NP                : 8                                            
       0.Info>>NNpP              : 1                                            
       0.Info>>NAFcycles         : 1                                            
       0.Info>>NQcycles          : 13                                           
       0.Info>>CompEl (WASTE/USE): 4/100                                        
       0.Info>>utilization(1=best)    : 0.96153846153846156                     
       0.Info>>Initializing Scatter Device, Vectors (all)                       
       0.Info>>Starting scattering...                                           
       0.Info>>Checking memory requirements for scattering calculation...       
       0.Info>>required limits.computation.memory.result_buffer=16              
       0.Info>>required limits.computation.memory.signal_buffer=16              
       0.Info>>required limits.computation.memory.exchange_buffer=0             
       0.Info>>required limits.computation.memory.alignpad_buffer=32            
       0.Info>>Memory limits ok                                                 
       0.Info>>Staging data...                                                  
       0.Info>>Forcing stager.mode=frames                                       
       0.Info>>Staging first partition.                                         
       0.Info>>Staging remaining partitions.                                    
       0.Info>>background scattering length set to 0                            
       0.Info>>Target initialized.                                              
       0.Info>>Target 'system' produces a background scattering length density of 0.0014773109836628967
       0.Info>>Starting computation...                                          
       0.Info>>Orientational averaging includes 100 vectors                     
       0.Info>>Setting progress sampling factor for monitoring to 1             
       0.Info>>Progress: 1.375%, ETOTAL: 62.558036363636354 s, ETA: 61.697863363636351 s
       0.Info>>Progress: 2.750%, ETOTAL: 31.729454545454537 s, ETA: 30.856894545454537 s
       0.Info>>Progress: 3.875%, ETOTAL: 22.710141935483865 s, ETA: 21.830123935483865 s
       0.Info>>Progress: 5.260%, ETOTAL: 16.818040396039599 s, ETA: 15.9333413960396 s
       0.Info>>Progress: 11.042%, ETOTAL: 9.0277041509433946 s, ETA: 8.0308951509433939 s
       0.Info>>Progress: 21.311%, ETOTAL: 13.399158850955025 s, ETA: 10.543677850955026 s
       0.Info>>Progress: 31.071%, ETOTAL: 9.2592903651743317 s, ETA: 6.3823813651743322 s
       0.Info>>Progress: 41.080%, ETOTAL: 11.794176921276428 s, ETA: 6.949113921276429 s
       0.Info>>Progress: 51.080%, ETOTAL: 9.4975114011419937 s, ETA: 4.6461704011419949 s
       0.Info>>Progress: 61.080%, ETOTAL: 7.9837799023980685 s, ETA: 3.1072769023980689 s
       0.Info>>Progress: 70.580%, ETOTAL: 9.7077891103946214 s, ETA: 2.8560191103946222 s
       0.Info>>Progress: 80.330%, ETOTAL: 8.6628070382635745 s, ETA: 1.7039630382635753 s
       0.Info>>Scattering finished...                                           
       0.Info>>.................................................................
       0.Info>>.....................R.U.N...A.N.A.L.Y.S.I.S.....................
       0.Info>>.................................................................
       0.Info>>Aggregating timing information for performance analysis...       
       0.Info>>                                                                 
       0.Info>>                    Performance Analysis                         
       0.Info>>-----------------------------------------------------------------
       0.Info>> mean and total runtimes:                                        
       0.Info>>-----------------------------------------------------------------
       0.Info>>          measure |    total |       count |     mean |   stddev 
       0.Info>>-----------------------------------------------------------------
       0.Info>>   sd:c:b:dspstore| 3.770e-02|        10000| 3.770e-06| 2.040e-06
       0.Info>>    sd:c:b:scatter| 4.545e+01|        10000| 4.545e-03| 8.702e-04
       0.Info>>        sd:c:block| 4.564e+01|          100| 4.564e-01| 4.867e-02
       0.Info>>         sd:c:init| 1.517e+01|          100| 1.517e-01| 2.754e-02
       0.Info>>       sd:c:reduce| 1.120e-04|          100| 1.120e-06| 5.523e-07
       0.Info>>         sd:c:wait| 1.900e-04|          100| 1.900e-06| 1.573e-06
       0.Info>>        sd:compute| 6.081e+01|          100| 6.081e-01| 5.548e-02
       0.Info>>         sd:runner| 6.082e+01|            8| 7.602e+00| 0.000e+00
       0.Info>>          sd:stage| 1.946e-01|            8| 2.433e-02| 0.000e+00
       0.Info>> sd:worker:scatter| 4.509e+01|        10000| 4.509e-03| 8.636e-04
       0.Info>>    sd:worker:wait| 1.563e+01|        10000| 1.563e-03| 1.538e-02
       0.Info>>          sd:write| 1.094e-03|          100| 1.094e-05| 8.076e-06
       0.Info>>           st:fill| 1.236e-02|            8| 1.545e-03| 0.000e+00
       0.Info>>          st:first| 2.266e-02|            1| 2.266e-02| 0.000e+00
       0.Info>>           st:load| 2.233e-02|            1| 2.233e-02| 0.000e+00
       0.Info>>           st:wait| 1.589e-01|            8| 1.986e-02| 0.000e+00
       0.Info>>-----------------------------------------------------------------
       0.Info>>-----------------------------------------------------------------
       0.Info>> watermarks:                                                     
       0.Info>>-----------------------------------------------------------------
       0.Info>>          measure |      min |      max                          
       0.Info>>-----------------------------------------------------------------
       0.Info>>   sd:c:b:dspstore| 2.000e-06| 7.400e-05                         
       0.Info>>    sd:c:b:scatter| 1.572e-03| 9.824e-03                         
       0.Info>>        sd:c:block| 1.682e-01| 6.437e-01                         
       0.Info>>         sd:c:init| 1.172e-01| 2.608e-01                         
       0.Info>>       sd:c:reduce| 0.000e+00| 4.000e-06                         
       0.Info>>         sd:c:wait| 1.000e-06| 1.700e-05                         
       0.Info>>        sd:compute| 2.930e-01| 7.717e-01                         
       0.Info>>         sd:runner| 6.269e+00| 8.293e+00                         
       0.Info>>          sd:stage| 2.418e-02| 2.438e-02                         
       0.Info>> sd:worker:scatter| 1.549e-03| 9.171e-03                         
       0.Info>>    sd:worker:wait| 2.000e-05| 2.609e-01                         
       0.Info>>          sd:write| 5.000e-06| 4.200e-05                         
       0.Info>>           st:fill| 1.395e-03| 1.605e-03                         
       0.Info>>          st:first| 2.266e-02| 2.266e-02                         
       0.Info>>           st:load| 2.233e-02| 2.233e-02                         
       0.Info>>           st:wait| 9.000e-06| 2.270e-02                         
       0.Info>>-----------------------------------------------------------------
       0.Info>>                                                                 
       0.Info>>         Performance Analysis (relative to total time * nodes)   
       0.Info>>-----------------------------------------------------------------
       0.Info>> mean and total runtimes:                                        
       0.Info>>-----------------------------------------------------------------
       0.Info>>          measure |    total |       count |     mean |   stddev 
       0.Info>>-----------------------------------------------------------------
       0.Info>>   sd:c:b:dspstore| 5.340e-04|        10000| 5.340e-08| 2.428e-07
       0.Info>>    sd:c:b:scatter| 6.439e-01|        10000| 6.439e-05| 1.036e-04
       0.Info>>        sd:c:block| 6.465e-01|          100| 6.465e-03| 5.793e-03
       0.Info>>         sd:c:init| 2.149e-01|          100| 2.149e-03| 3.277e-03
       0.Info>>       sd:c:reduce| 1.587e-06|          100| 1.587e-08| 6.573e-08
       0.Info>>         sd:c:wait| 2.692e-06|          100| 2.692e-08| 1.872e-07
       0.Info>>        sd:compute| 8.615e-01|          100| 8.615e-03| 6.604e-03
       0.Info>>         sd:runner| 8.615e-01|            8| 1.077e-01| 0.000e+00
       0.Info>>          sd:stage| 2.757e-03|            8| 3.446e-04| 0.000e+00
       0.Info>> sd:worker:scatter| 6.387e-01|        10000| 6.387e-05| 1.028e-04
       0.Info>>    sd:worker:wait| 2.214e-01|        10000| 2.214e-05| 1.830e-03
       0.Info>>          sd:write| 1.550e-05|          100| 1.550e-07| 9.612e-07
       0.Info>>           st:fill| 1.751e-04|            8| 2.189e-05| 0.000e+00
       0.Info>>          st:first| 3.210e-04|            1| 3.210e-04| 0.000e+00
       0.Info>>           st:load| 3.163e-04|            1| 3.163e-04| 0.000e+00
       0.Info>>           st:wait| 2.250e-03|            8| 2.813e-04| 0.000e+00
       0.Info>>-----------------------------------------------------------------
       0.Info>>-----------------------------------------------------------------
       0.Info>> watermarks:                                                     
       0.Info>>-----------------------------------------------------------------
       0.Info>>          measure |      min |      max                          
       0.Info>>-----------------------------------------------------------------
       0.Info>>   sd:c:b:dspstore| 2.833e-08| 1.048e-06                         
       0.Info>>    sd:c:b:scatter| 2.227e-05| 1.392e-04                         
       0.Info>>        sd:c:block| 2.382e-03| 9.118e-03                         
       0.Info>>         sd:c:init| 1.660e-03| 3.694e-03                         
       0.Info>>       sd:c:reduce| 0.000e+00| 5.666e-08                         
       0.Info>>         sd:c:wait| 1.417e-08| 2.408e-07                         
       0.Info>>        sd:compute| 4.150e-03| 1.093e-02                         
       0.Info>>         sd:runner| 8.880e-02| 1.175e-01                         
       0.Info>>          sd:stage| 3.425e-04| 3.454e-04                         
       0.Info>> sd:worker:scatter| 2.194e-05| 1.299e-04                         
       0.Info>>    sd:worker:wait| 2.833e-07| 3.696e-03                         
       0.Info>>          sd:write| 7.083e-08| 5.950e-07                         
       0.Info>>           st:fill| 1.976e-05| 2.274e-05                         
       0.Info>>          st:first| 3.210e-04| 3.210e-04                         
       0.Info>>           st:load| 3.163e-04| 3.163e-04                         
       0.Info>>           st:wait| 1.275e-07| 3.215e-04                         
       0.Info>>-----------------------------------------------------------------
       0.Info>>Total runtime (s): 8.8239300000000007                            
       0.Info>>Successfully finished... Have a nice day!                        
