       0.Info>>This software is being developed by Benjamin Lindner.                    
       0.Info>>For help, suggestions or correspondense use:                             
       0.Info>>ben@benlabs.net, Benjamin Lindner (Main Developer, Impl. & Maintenance)  
       0.Info>>franc@cmm.ki.si, Franci Merzel (Methodology)                             
       0.Info>>For publications include the following references:                       
       0.Info>>.........................................................................
       0.Info>>1. Sassena - X-ray and Neutron Scattering Calculated                     
       0.Info>>  from Molecular Dynamics Trajectories using Massively Parallel Computers
       0.Info>>  published as a Computer Program in Physics Paper                       
       0.Info>>.........................................................................
       0.Info>>Version Information: 1.4.2                                       
       0.Info>>                                                                 
       0.Info>>.................................................................
       0.Info>>......................D.E.S.C.R.I.P.T.I.O.N......................
       0.Info>>.................................................................
       0.Info>>This binary computes the scattering intensities directly from    
       0.Info>>a molecular dynamics trajectory.                                 
       0.Info>>.................................................................
       0.Info>>.................................................................
       0.Info>>...................I.N.I.T.I.A.L.I.Z.A.T.I.O.N...................
       0.Info>>.................................................................
       0.Info>>No configuration file specified. Will use default                
       0.Info>>Looking for configuration file: scatter.xml                      
       0.Info>>Reading parameters from XML file: scatter.xml                    
       0.Info>>Added frames from /home/amajumda/study/continuum_simulations/gitlab/continuum-to-scattering/data/100_100_100_50_50_50/single_atom_shrink/iteration_012/t006/pdb_dcd/sample.dcd using format: dcd
       0.Info>>Options: first=0, last=0, lastset=0, stride=1                    
       0.Info>>stager.target=system                                             
       0.Info>>scattering.type=all                                              
       0.Info>>scattering.dsp.type=square                                       
       0.Info>>scattering.average.orientation.type=vectors                      
       0.Info>>scattering.average.orientation.vectors.type=sphere               
       0.Info>>scattering.average.orientation.vectors.algorithm=boost_uniform_on_sphere
       0.Info>>scattering.average.orientation.vectors.resolution=100            
       0.Info>>Generating orientations for orientational averaging using sphere,boost_uniform_on_sphere
       0.Info>>Initialized orientational averaging with 100 vectors.            
       0.Info>>scattering.signal.file=signal.h5                                 
       0.Info>>scattering.signal.filepath=/home/amajumda/study/continuum_simulations/gitlab/continuum-to-scattering/data/100_100_100_50_50_50/single_atom_shrink/iteration_012/t006/signal.h5
       0.Info>>scattering.signal.fqt=1                                          
       0.Info>>scattering.signal.fq0=1                                          
       0.Info>>scattering.signal.fq=1                                           
       0.Info>>scattering.signal.fq2=1                                          
       0.Info>>Analyzing command line for parameter overwrites                  
       0.Info>>Reading database from file: /home/amajumda/study/continuum_simulations/gitlab/continuum-to-scattering/data/100_100_100_50_50_50/single_atom_shrink/iteration_012/t006/database/db-neutron-coherent.xml
       0.Info>>Checking database...                                             
       0.Info>>Testing mapping between PDB names and atom labels                
       0.Info>>Testing database completeness for referenced atom labels         
       0.Info>>Check succeeded. Database seems OK.                              
       0.Info>>Initializing sample...                                           
       0.Info>>Reading structure from file: /home/amajumda/study/continuum_simulations/gitlab/continuum-to-scattering/data/100_100_100_50_50_50/single_atom_shrink/iteration_012/t006/pdb_dcd/sample.pdb
       0.Info>>Done. Atoms read: 125000                                         
       0.Info>>Reading frames from: /home/amajumda/study/continuum_simulations/gitlab/continuum-to-scattering/data/100_100_100_50_50_50/single_atom_shrink/iteration_012/t006/pdb_dcd/sample.dcd
       0.Info>>Found 1 frames                                                   
       0.Info>>Total number of coordinate sets found: 1                         
       0.Info>>Exchanging sample, database & params information with compute nodes... 
       0.Info>>params...                                                        
       0.Info>>database...                                                      
       0.Info>>sample...                                                        
       0.Info>>.................................................................
       0.Info>>......................C.O.M.P.U.T.A.T.I.O.N......................
       0.Info>>.................................................................
       0.Info>>Setting up services...                                           
       0.Info>>Initializing data file service...                                
       0.Info>>Initializing monitor service...                                  
       0.Info>>Starting data file service...                                    
       0.Info>>Starting monitor service...                                      
       0.Info>>Services setup and running...                                    
       0.Info>>Checking /home/amajumda/study/continuum_simulations/gitlab/continuum-to-scattering/data/100_100_100_50_50_50/single_atom_shrink/iteration_012/t006/signal.h5 for old results.
       0.Info>>Broadcasting service information                                 
       0.Info>>Server host name    : hzglap02                                   
       0.Info>>FileService Port    : 44355                                      
       0.Info>>MonitorService Port : 43593                                      
       0.Info>>Setting up parallel environment...                               
       0.Info>>Searching for decomposition plan:                                
       0.Info>>nodes    = 8                                                     
       0.Info>>qvectors = 100                                                   
       0.Info>>frames   = 1                                                     
       0.Info>>atoms   = 125000                                                 
       0.Info>>All interference scattering detected. Applying frame decomposition.
       0.Info>>Automatic decomposition. Searching for best utilization.         
       0.Info>>Final decomposition parameters:                                  
       0.Info>>NN                : 8                                            
       0.Info>>NQ                : 100                                          
       0.Info>>NAF               : 1                                            
       0.Info>>NP                : 8                                            
       0.Info>>NNpP              : 1                                            
       0.Info>>NAFcycles         : 1                                            
       0.Info>>NQcycles          : 13                                           
       0.Info>>CompEl (WASTE/USE): 4/100                                        
       0.Info>>utilization(1=best)    : 0.96153846153846156                     
       0.Info>>Initializing Scatter Device, Vectors (all)                       
       0.Info>>Starting scattering...                                           
       0.Info>>Checking memory requirements for scattering calculation...       
       0.Info>>required limits.computation.memory.result_buffer=16              
       0.Info>>required limits.computation.memory.signal_buffer=16              
       0.Info>>required limits.computation.memory.exchange_buffer=0             
       0.Info>>required limits.computation.memory.alignpad_buffer=32            
       0.Info>>Memory limits ok                                                 
       0.Info>>Staging data...                                                  
       0.Info>>Forcing stager.mode=frames                                       
       0.Info>>Staging first partition.                                         
       0.Info>>Staging remaining partitions.                                    
       0.Info>>background scattering length set to 0                            
       0.Info>>Target initialized.                                              
       0.Info>>Target 'system' produces a background scattering length density of 0.00036191239880717819
       0.Info>>Starting computation...                                          
       0.Info>>Orientational averaging includes 100 vectors                     
       0.Info>>Setting progress sampling factor for monitoring to 1             
       0.Info>>Progress: 2.635%, ETOTAL: 66.165672992700721 s, ETA: 64.422461992700718 s
       0.Info>>Progress: 5.770%, ETOTAL: 30.536884099430633 s, ETA: 28.774896099430634 s
       0.Info>>Progress: 12.666%, ETOTAL: 13.976573619282597 s, ETA: 12.206319619282597 s
       0.Info>>Progress: 21.821%, ETOTAL: 8.421337367802586 s, ETA: 6.5837583678025862 s
       0.Info>>Progress: 31.705%, ETOTAL: 11.810890578245047 s, ETA: 8.0662325782450459 s
       0.Info>>Progress: 42.580%, ETOTAL: 8.8753114640572086 s, ETA: 5.096192464057208 s
       0.Info>>Progress: 52.330%, ETOTAL: 7.4346769890365669 s, ETA: 3.5441009890365662 s
       0.Info>>Progress: 62.080%, ETOTAL: 9.287666064329601 s, ETA: 3.5218710643296003 s
       0.Info>>Progress: 71.955%, ETOTAL: 8.0523378173719387 s, ETA: 2.2582678173719382 s
       0.Info>>Progress: 81.705%, ETOTAL: 9.5226458496783284 s, ETA: 1.7421558496783289 s
       0.Info>>Scattering finished...                                           
       0.Info>>.................................................................
       0.Info>>.....................R.U.N...A.N.A.L.Y.S.I.S.....................
       0.Info>>.................................................................
       0.Info>>Aggregating timing information for performance analysis...       
       0.Info>>                                                                 
       0.Info>>                    Performance Analysis                         
       0.Info>>-----------------------------------------------------------------
       0.Info>> mean and total runtimes:                                        
       0.Info>>-----------------------------------------------------------------
       0.Info>>          measure |    total |       count |     mean |   stddev 
       0.Info>>-----------------------------------------------------------------
       0.Info>>   sd:c:b:dspstore| 3.623e-02|        10000| 3.623e-06| 1.993e-06
       0.Info>>    sd:c:b:scatter| 4.361e+01|        10000| 4.361e-03| 7.412e-04
       0.Info>>        sd:c:block| 4.379e+01|          100| 4.379e-01| 4.023e-02
       0.Info>>         sd:c:init| 1.461e+01|          100| 1.461e-01| 2.871e-02
       0.Info>>       sd:c:reduce| 1.070e-04|          100| 1.070e-06| 5.595e-07
       0.Info>>         sd:c:wait| 1.600e-04|          100| 1.600e-06| 5.542e-07
       0.Info>>        sd:compute| 5.840e+01|          100| 5.840e-01| 5.763e-02
       0.Info>>         sd:runner| 5.841e+01|            8| 7.301e+00| 0.000e+00
       0.Info>>          sd:stage| 1.951e-01|            8| 2.439e-02| 0.000e+00
       0.Info>> sd:worker:scatter| 4.325e+01|        10000| 4.325e-03| 7.250e-04
       0.Info>>    sd:worker:wait| 1.505e+01|        10000| 1.505e-03| 1.484e-02
       0.Info>>          sd:write| 1.012e-03|          100| 1.012e-05| 7.326e-06
       0.Info>>           st:fill| 1.212e-02|            8| 1.516e-03| 0.000e+00
       0.Info>>          st:first| 2.273e-02|            1| 2.273e-02| 0.000e+00
       0.Info>>           st:load| 2.240e-02|            1| 2.240e-02| 0.000e+00
       0.Info>>           st:wait| 1.594e-01|            8| 1.992e-02| 0.000e+00
       0.Info>>-----------------------------------------------------------------
       0.Info>>-----------------------------------------------------------------
       0.Info>> watermarks:                                                     
       0.Info>>-----------------------------------------------------------------
       0.Info>>          measure |      min |      max                          
       0.Info>>-----------------------------------------------------------------
       0.Info>>   sd:c:b:dspstore| 2.000e-06| 7.300e-05                         
       0.Info>>    sd:c:b:scatter| 1.490e-03| 1.101e-02                         
       0.Info>>        sd:c:block| 1.980e-01| 5.601e-01                         
       0.Info>>         sd:c:init| 1.144e-01| 2.624e-01                         
       0.Info>>       sd:c:reduce| 0.000e+00| 3.000e-06                         
       0.Info>>         sd:c:wait| 1.000e-06| 4.000e-06                         
       0.Info>>        sd:compute| 3.195e-01| 7.800e-01                         
       0.Info>>         sd:runner| 6.658e+00| 7.827e+00                         
       0.Info>>          sd:stage| 2.423e-02| 2.445e-02                         
       0.Info>> sd:worker:scatter| 1.472e-03| 6.692e-03                         
       0.Info>>    sd:worker:wait| 1.000e-06| 2.625e-01                         
       0.Info>>          sd:write| 5.000e-06| 4.600e-05                         
       0.Info>>           st:fill| 1.360e-03| 1.579e-03                         
       0.Info>>          st:first| 2.273e-02| 2.273e-02                         
       0.Info>>           st:load| 2.240e-02| 2.240e-02                         
       0.Info>>           st:wait| 1.200e-05| 2.277e-02                         
       0.Info>>-----------------------------------------------------------------
       0.Info>>                                                                 
       0.Info>>         Performance Analysis (relative to total time * nodes)   
       0.Info>>-----------------------------------------------------------------
       0.Info>> mean and total runtimes:                                        
       0.Info>>-----------------------------------------------------------------
       0.Info>>          measure |    total |       count |     mean |   stddev 
       0.Info>>-----------------------------------------------------------------
       0.Info>>   sd:c:b:dspstore| 5.488e-04|        10000| 5.488e-08| 2.453e-07
       0.Info>>    sd:c:b:scatter| 6.606e-01|        10000| 6.606e-05| 9.121e-05
       0.Info>>        sd:c:block| 6.632e-01|          100| 6.632e-03| 4.952e-03
       0.Info>>         sd:c:init| 2.213e-01|          100| 2.213e-03| 3.534e-03
       0.Info>>       sd:c:reduce| 1.621e-06|          100| 1.621e-08| 6.885e-08
       0.Info>>         sd:c:wait| 2.423e-06|          100| 2.423e-08| 6.820e-08
       0.Info>>        sd:compute| 8.846e-01|          100| 8.846e-03| 7.092e-03
       0.Info>>         sd:runner| 8.846e-01|            8| 1.106e-01| 0.000e+00
       0.Info>>          sd:stage| 2.955e-03|            8| 3.694e-04| 0.000e+00
       0.Info>> sd:worker:scatter| 6.551e-01|        10000| 6.551e-05| 8.922e-05
       0.Info>>    sd:worker:wait| 2.280e-01|        10000| 2.280e-05| 1.826e-03
       0.Info>>          sd:write| 1.533e-05|          100| 1.533e-07| 9.016e-07
       0.Info>>           st:fill| 1.836e-04|            8| 2.296e-05| 0.000e+00
       0.Info>>          st:first| 3.442e-04|            1| 3.442e-04| 0.000e+00
       0.Info>>           st:load| 3.393e-04|            1| 3.393e-04| 0.000e+00
       0.Info>>           st:wait| 2.414e-03|            8| 3.017e-04| 0.000e+00
       0.Info>>-----------------------------------------------------------------
       0.Info>>-----------------------------------------------------------------
       0.Info>> watermarks:                                                     
       0.Info>>-----------------------------------------------------------------
       0.Info>>          measure |      min |      max                          
       0.Info>>-----------------------------------------------------------------
       0.Info>>   sd:c:b:dspstore| 3.029e-08| 1.106e-06                         
       0.Info>>    sd:c:b:scatter| 2.257e-05| 1.668e-04                         
       0.Info>>        sd:c:block| 2.999e-03| 8.484e-03                         
       0.Info>>         sd:c:init| 1.732e-03| 3.975e-03                         
       0.Info>>       sd:c:reduce| 0.000e+00| 4.544e-08                         
       0.Info>>         sd:c:wait| 1.515e-08| 6.058e-08                         
       0.Info>>        sd:compute| 4.839e-03| 1.181e-02                         
       0.Info>>         sd:runner| 1.008e-01| 1.185e-01                         
       0.Info>>          sd:stage| 3.671e-04| 3.703e-04                         
       0.Info>> sd:worker:scatter| 2.229e-05| 1.014e-04                         
       0.Info>>    sd:worker:wait| 1.515e-08| 3.976e-03                         
       0.Info>>          sd:write| 7.573e-08| 6.967e-07                         
       0.Info>>           st:fill| 2.060e-05| 2.392e-05                         
       0.Info>>          st:first| 3.442e-04| 3.442e-04                         
       0.Info>>           st:load| 3.393e-04| 3.393e-04                         
       0.Info>>           st:wait| 1.818e-07| 3.449e-04                         
       0.Info>>-----------------------------------------------------------------
       0.Info>>Total runtime (s): 8.2529920000000008                            
       0.Info>>Successfully finished... Have a nice day!                        
