       0.Info>>This software is being developed by Benjamin Lindner.                    
       0.Info>>For help, suggestions or correspondense use:                             
       0.Info>>ben@benlabs.net, Benjamin Lindner (Main Developer, Impl. & Maintenance)  
       0.Info>>franc@cmm.ki.si, Franci Merzel (Methodology)                             
       0.Info>>For publications include the following references:                       
       0.Info>>.........................................................................
       0.Info>>1. Sassena - X-ray and Neutron Scattering Calculated                     
       0.Info>>  from Molecular Dynamics Trajectories using Massively Parallel Computers
       0.Info>>  published as a Computer Program in Physics Paper                       
       0.Info>>.........................................................................
       0.Info>>Version Information: 1.4.2                                       
       0.Info>>                                                                 
       0.Info>>.................................................................
       0.Info>>......................D.E.S.C.R.I.P.T.I.O.N......................
       0.Info>>.................................................................
       0.Info>>This binary computes the scattering intensities directly from    
       0.Info>>a molecular dynamics trajectory.                                 
       0.Info>>.................................................................
       0.Info>>.................................................................
       0.Info>>...................I.N.I.T.I.A.L.I.Z.A.T.I.O.N...................
       0.Info>>.................................................................
       0.Info>>No configuration file specified. Will use default                
       0.Info>>Looking for configuration file: scatter.xml                      
       0.Info>>Reading parameters from XML file: scatter.xml                    
       0.Info>>Added frames from /home/amajumda/study/continuum_simulations/gitlab/continuum-to-scattering/data/100_100_100_50_50_50/single_atom_shrink/iteration_007/t004/pdb_dcd/sample.dcd using format: dcd
       0.Info>>Options: first=0, last=0, lastset=0, stride=1                    
       0.Info>>stager.target=system                                             
       0.Info>>scattering.type=all                                              
       0.Info>>scattering.dsp.type=square                                       
       0.Info>>scattering.average.orientation.type=vectors                      
       0.Info>>scattering.average.orientation.vectors.type=sphere               
       0.Info>>scattering.average.orientation.vectors.algorithm=boost_uniform_on_sphere
       0.Info>>scattering.average.orientation.vectors.resolution=100            
       0.Info>>Generating orientations for orientational averaging using sphere,boost_uniform_on_sphere
       0.Info>>Initialized orientational averaging with 100 vectors.            
       0.Info>>scattering.signal.file=signal.h5                                 
       0.Info>>scattering.signal.filepath=/home/amajumda/study/continuum_simulations/gitlab/continuum-to-scattering/data/100_100_100_50_50_50/single_atom_shrink/iteration_007/t004/signal.h5
       0.Info>>scattering.signal.fqt=1                                          
       0.Info>>scattering.signal.fq0=1                                          
       0.Info>>scattering.signal.fq=1                                           
       0.Info>>scattering.signal.fq2=1                                          
       0.Info>>Analyzing command line for parameter overwrites                  
       0.Info>>Reading database from file: /home/amajumda/study/continuum_simulations/gitlab/continuum-to-scattering/data/100_100_100_50_50_50/single_atom_shrink/iteration_007/t004/database/db-neutron-coherent.xml
       0.Info>>Checking database...                                             
       0.Info>>Testing mapping between PDB names and atom labels                
       0.Info>>Testing database completeness for referenced atom labels         
       0.Info>>Check succeeded. Database seems OK.                              
       0.Info>>Initializing sample...                                           
       0.Info>>Reading structure from file: /home/amajumda/study/continuum_simulations/gitlab/continuum-to-scattering/data/100_100_100_50_50_50/single_atom_shrink/iteration_007/t004/pdb_dcd/sample.pdb
       0.Info>>Done. Atoms read: 125000                                         
       0.Info>>Reading frames from: /home/amajumda/study/continuum_simulations/gitlab/continuum-to-scattering/data/100_100_100_50_50_50/single_atom_shrink/iteration_007/t004/pdb_dcd/sample.dcd
       0.Info>>Found 1 frames                                                   
       0.Info>>Total number of coordinate sets found: 1                         
       0.Info>>Exchanging sample, database & params information with compute nodes... 
       0.Info>>params...                                                        
       0.Info>>database...                                                      
       0.Info>>sample...                                                        
       0.Info>>.................................................................
       0.Info>>......................C.O.M.P.U.T.A.T.I.O.N......................
       0.Info>>.................................................................
       0.Info>>Setting up services...                                           
       0.Info>>Initializing data file service...                                
       0.Info>>Initializing monitor service...                                  
       0.Info>>Starting data file service...                                    
       0.Info>>Starting monitor service...                                      
       0.Info>>Services setup and running...                                    
       0.Info>>Checking /home/amajumda/study/continuum_simulations/gitlab/continuum-to-scattering/data/100_100_100_50_50_50/single_atom_shrink/iteration_007/t004/signal.h5 for old results.
       0.Info>>Broadcasting service information                                 
       0.Info>>Server host name    : hzglap02                                   
       0.Info>>FileService Port    : 39821                                      
       0.Info>>MonitorService Port : 36223                                      
       0.Info>>Setting up parallel environment...                               
       0.Info>>Searching for decomposition plan:                                
       0.Info>>nodes    = 8                                                     
       0.Info>>qvectors = 100                                                   
       0.Info>>frames   = 1                                                     
       0.Info>>atoms   = 125000                                                 
       0.Info>>All interference scattering detected. Applying frame decomposition.
       0.Info>>Automatic decomposition. Searching for best utilization.         
       0.Info>>Final decomposition parameters:                                  
       0.Info>>NN                : 8                                            
       0.Info>>NQ                : 100                                          
       0.Info>>NAF               : 1                                            
       0.Info>>NP                : 8                                            
       0.Info>>NNpP              : 1                                            
       0.Info>>NAFcycles         : 1                                            
       0.Info>>NQcycles          : 13                                           
       0.Info>>CompEl (WASTE/USE): 4/100                                        
       0.Info>>utilization(1=best)    : 0.96153846153846156                     
       0.Info>>Initializing Scatter Device, Vectors (all)                       
       0.Info>>Starting scattering...                                           
       0.Info>>Checking memory requirements for scattering calculation...       
       0.Info>>required limits.computation.memory.result_buffer=16              
       0.Info>>required limits.computation.memory.signal_buffer=16              
       0.Info>>required limits.computation.memory.exchange_buffer=0             
       0.Info>>required limits.computation.memory.alignpad_buffer=32            
       0.Info>>Memory limits ok                                                 
       0.Info>>Staging data...                                                  
       0.Info>>Forcing stager.mode=frames                                       
       0.Info>>Staging first partition.                                         
       0.Info>>Staging remaining partitions.                                    
       0.Info>>background scattering length set to 0                            
       0.Info>>Target initialized.                                              
       0.Info>>Target 'system' produces a background scattering length density of 0.00060637439139683608
       0.Info>>Starting computation...                                          
       0.Info>>Orientational averaging includes 100 vectors                     
       0.Info>>Setting progress sampling factor for monitoring to 1             
       0.Info>>Progress: 1.500%, ETOTAL: 55.633200000000002 s, ETA: 54.798702000000006 s
       0.Info>>Progress: 2.750%, ETOTAL: 30.592036363636364 s, ETA: 29.750755363636365 s
       0.Info>>Progress: 4.125%, ETOTAL: 20.49612121212121 s, ETA: 19.650656212121209 s
       0.Info>>Progress: 5.385%, ETOTAL: 15.746321083172147 s, ETA: 14.898316083172146 s
       0.Info>>Progress: 11.281%, ETOTAL: 7.809373961218836 s, ETA: 6.9283789612188365 s
       0.Info>>Progress: 21.416%, ETOTAL: 13.311449006622514 s, ETA: 10.460687006622514 s
       0.Info>>Progress: 31.811%, ETOTAL: 9.214842196473553 s, ETA: 6.2835181964735529 s
       0.Info>>Progress: 41.830%, ETOTAL: 11.5538541414451 s, ETA: 6.7208621414450995 s
       0.Info>>Progress: 51.705%, ETOTAL: 9.3831118274237575 s, ETA: 4.5315618274237561 s
       0.Info>>Progress: 61.455%, ETOTAL: 7.9396059246896886 s, ETA: 3.060310924689686 s
       0.Info>>Progress: 70.830%, ETOTAL: 9.6673127290827665 s, ETA: 2.8199427290827641 s
       0.Info>>Progress: 80.205%, ETOTAL: 8.601345268542202 s, ETA: 1.7026252685421994 s
       0.Info>>Scattering finished...                                           
       0.Info>>.................................................................
       0.Info>>.....................R.U.N...A.N.A.L.Y.S.I.S.....................
       0.Info>>.................................................................
       0.Info>>Aggregating timing information for performance analysis...       
       0.Info>>                                                                 
       0.Info>>                    Performance Analysis                         
       0.Info>>-----------------------------------------------------------------
       0.Info>> mean and total runtimes:                                        
       0.Info>>-----------------------------------------------------------------
       0.Info>>          measure |    total |       count |     mean |   stddev 
       0.Info>>-----------------------------------------------------------------
       0.Info>>   sd:c:b:dspstore| 3.798e-02|        10000| 3.798e-06| 2.025e-06
       0.Info>>    sd:c:b:scatter| 4.510e+01|        10000| 4.510e-03| 8.305e-04
       0.Info>>        sd:c:block| 4.528e+01|          100| 4.528e-01| 3.764e-02
       0.Info>>         sd:c:init| 1.480e+01|          100| 1.480e-01| 2.732e-02
       0.Info>>       sd:c:reduce| 1.090e-04|          100| 1.090e-06| 6.069e-07
       0.Info>>         sd:c:wait| 1.650e-04|          100| 1.650e-06| 6.016e-07
       0.Info>>        sd:compute| 6.008e+01|          100| 6.008e-01| 5.059e-02
       0.Info>>         sd:runner| 6.009e+01|            8| 7.511e+00| 0.000e+00
       0.Info>>          sd:stage| 1.948e-01|            8| 2.435e-02| 0.000e+00
       0.Info>> sd:worker:scatter| 4.469e+01|        10000| 4.469e-03| 8.121e-04
       0.Info>>    sd:worker:wait| 1.530e+01|        10000| 1.530e-03| 1.500e-02
       0.Info>>          sd:write| 1.055e-03|          100| 1.055e-05| 7.864e-06
       0.Info>>           st:fill| 1.304e-02|            8| 1.630e-03| 0.000e+00
       0.Info>>          st:first| 2.259e-02|            1| 2.259e-02| 0.000e+00
       0.Info>>           st:load| 2.226e-02|            1| 2.226e-02| 0.000e+00
       0.Info>>           st:wait| 1.584e-01|            8| 1.980e-02| 0.000e+00
       0.Info>>-----------------------------------------------------------------
       0.Info>>-----------------------------------------------------------------
       0.Info>> watermarks:                                                     
       0.Info>>-----------------------------------------------------------------
       0.Info>>          measure |      min |      max                          
       0.Info>>-----------------------------------------------------------------
       0.Info>>   sd:c:b:dspstore| 2.000e-06| 7.300e-05                         
       0.Info>>    sd:c:b:scatter| 1.491e-03| 1.567e-02                         
       0.Info>>        sd:c:block| 2.419e-01| 5.579e-01                         
       0.Info>>         sd:c:init| 1.147e-01| 2.369e-01                         
       0.Info>>       sd:c:reduce| 0.000e+00| 3.000e-06                         
       0.Info>>         sd:c:wait| 1.000e-06| 4.000e-06                         
       0.Info>>        sd:compute| 3.567e-01| 7.301e-01                         
       0.Info>>         sd:runner| 6.714e+00| 8.114e+00                         
       0.Info>>          sd:stage| 2.420e-02| 2.443e-02                         
       0.Info>> sd:worker:scatter| 1.468e-03| 8.023e-03                         
       0.Info>>    sd:worker:wait| 2.000e-06| 2.370e-01                         
       0.Info>>          sd:write| 6.000e-06| 4.800e-05                         
       0.Info>>           st:fill| 1.471e-03| 1.707e-03                         
       0.Info>>          st:first| 2.259e-02| 2.259e-02                         
       0.Info>>           st:load| 2.226e-02| 2.226e-02                         
       0.Info>>           st:wait| 9.000e-06| 2.263e-02                         
       0.Info>>-----------------------------------------------------------------
       0.Info>>                                                                 
       0.Info>>         Performance Analysis (relative to total time * nodes)   
       0.Info>>-----------------------------------------------------------------
       0.Info>> mean and total runtimes:                                        
       0.Info>>-----------------------------------------------------------------
       0.Info>>          measure |    total |       count |     mean |   stddev 
       0.Info>>-----------------------------------------------------------------
       0.Info>>   sd:c:b:dspstore| 5.510e-04|        10000| 5.510e-08| 2.439e-07
       0.Info>>    sd:c:b:scatter| 6.543e-01|        10000| 6.543e-05| 1.000e-04
       0.Info>>        sd:c:block| 6.570e-01|          100| 6.570e-03| 4.534e-03
       0.Info>>         sd:c:init| 2.147e-01|          100| 2.147e-03| 3.291e-03
       0.Info>>       sd:c:reduce| 1.581e-06|          100| 1.581e-08| 7.310e-08
       0.Info>>         sd:c:wait| 2.394e-06|          100| 2.394e-08| 7.246e-08
       0.Info>>        sd:compute| 8.717e-01|          100| 8.717e-03| 6.093e-03
       0.Info>>         sd:runner| 8.717e-01|            8| 1.090e-01| 0.000e+00
       0.Info>>          sd:stage| 2.826e-03|            8| 3.533e-04| 0.000e+00
       0.Info>> sd:worker:scatter| 6.484e-01|        10000| 6.484e-05| 9.782e-05
       0.Info>>    sd:worker:wait| 2.219e-01|        10000| 2.219e-05| 1.807e-03
       0.Info>>          sd:write| 1.531e-05|          100| 1.531e-07| 9.472e-07
       0.Info>>           st:fill| 1.892e-04|            8| 2.365e-05| 0.000e+00
       0.Info>>          st:first| 3.278e-04|            1| 3.278e-04| 0.000e+00
       0.Info>>           st:load| 3.229e-04|            1| 3.229e-04| 0.000e+00
       0.Info>>           st:wait| 2.298e-03|            8| 2.873e-04| 0.000e+00
       0.Info>>-----------------------------------------------------------------
       0.Info>>-----------------------------------------------------------------
       0.Info>> watermarks:                                                     
       0.Info>>-----------------------------------------------------------------
       0.Info>>          measure |      min |      max                          
       0.Info>>-----------------------------------------------------------------
       0.Info>>   sd:c:b:dspstore| 2.902e-08| 1.059e-06                         
       0.Info>>    sd:c:b:scatter| 2.163e-05| 2.273e-04                         
       0.Info>>        sd:c:block| 3.509e-03| 8.094e-03                         
       0.Info>>         sd:c:init| 1.664e-03| 3.438e-03                         
       0.Info>>       sd:c:reduce| 0.000e+00| 4.352e-08                         
       0.Info>>         sd:c:wait| 1.451e-08| 5.803e-08                         
       0.Info>>        sd:compute| 5.174e-03| 1.059e-02                         
       0.Info>>         sd:runner| 9.741e-02| 1.177e-01                         
       0.Info>>          sd:stage| 3.510e-04| 3.544e-04                         
       0.Info>> sd:worker:scatter| 2.130e-05| 1.164e-04                         
       0.Info>>    sd:worker:wait| 2.902e-08| 3.439e-03                         
       0.Info>>          sd:write| 8.705e-08| 6.964e-07                         
       0.Info>>           st:fill| 2.134e-05| 2.477e-05                         
       0.Info>>          st:first| 3.278e-04| 3.278e-04                         
       0.Info>>           st:load| 3.229e-04| 3.229e-04                         
       0.Info>>           st:wait| 1.306e-07| 3.284e-04                         
       0.Info>>-----------------------------------------------------------------
       0.Info>>Total runtime (s): 8.615793                                      
       0.Info>>Successfully finished... Have a nice day!                        
