       0.Info>>This software is being developed by Benjamin Lindner.                    
       0.Info>>For help, suggestions or correspondense use:                             
       0.Info>>ben@benlabs.net, Benjamin Lindner (Main Developer, Impl. & Maintenance)  
       0.Info>>franc@cmm.ki.si, Franci Merzel (Methodology)                             
       0.Info>>For publications include the following references:                       
       0.Info>>.........................................................................
       0.Info>>1. Sassena - X-ray and Neutron Scattering Calculated                     
       0.Info>>  from Molecular Dynamics Trajectories using Massively Parallel Computers
       0.Info>>  published as a Computer Program in Physics Paper                       
       0.Info>>.........................................................................
       0.Info>>Version Information: 1.4.2                                       
       0.Info>>                                                                 
       0.Info>>.................................................................
       0.Info>>......................D.E.S.C.R.I.P.T.I.O.N......................
       0.Info>>.................................................................
       0.Info>>This binary computes the scattering intensities directly from    
       0.Info>>a molecular dynamics trajectory.                                 
       0.Info>>.................................................................
       0.Info>>.................................................................
       0.Info>>...................I.N.I.T.I.A.L.I.Z.A.T.I.O.N...................
       0.Info>>.................................................................
       0.Info>>No configuration file specified. Will use default                
       0.Info>>Looking for configuration file: scatter.xml                      
       0.Info>>Reading parameters from XML file: scatter.xml                    
       0.Info>>Added frames from /home/amajumda/study/continuum_simulations/gitlab/continuum-to-scattering/data/100_100_100_50_50_50/single_atom_shrink/iteration_000/t004/pdb_dcd/sample.dcd using format: dcd
       0.Info>>Options: first=0, last=0, lastset=0, stride=1                    
       0.Info>>stager.target=system                                             
       0.Info>>scattering.type=all                                              
       0.Info>>scattering.dsp.type=square                                       
       0.Info>>scattering.average.orientation.type=vectors                      
       0.Info>>scattering.average.orientation.vectors.type=sphere               
       0.Info>>scattering.average.orientation.vectors.algorithm=boost_uniform_on_sphere
       0.Info>>scattering.average.orientation.vectors.resolution=100            
       0.Info>>Generating orientations for orientational averaging using sphere,boost_uniform_on_sphere
       0.Info>>Initialized orientational averaging with 100 vectors.            
       0.Info>>scattering.signal.file=signal.h5                                 
       0.Info>>scattering.signal.filepath=/home/amajumda/study/continuum_simulations/gitlab/continuum-to-scattering/data/100_100_100_50_50_50/single_atom_shrink/iteration_000/t004/signal.h5
       0.Info>>scattering.signal.fqt=1                                          
       0.Info>>scattering.signal.fq0=1                                          
       0.Info>>scattering.signal.fq=1                                           
       0.Info>>scattering.signal.fq2=1                                          
       0.Info>>Analyzing command line for parameter overwrites                  
       0.Info>>Reading database from file: /home/amajumda/study/continuum_simulations/gitlab/continuum-to-scattering/data/100_100_100_50_50_50/single_atom_shrink/iteration_000/t004/database/db-neutron-coherent.xml
       0.Info>>Checking database...                                             
       0.Info>>Testing mapping between PDB names and atom labels                
       0.Info>>Testing database completeness for referenced atom labels         
       0.Info>>Check succeeded. Database seems OK.                              
       0.Info>>Initializing sample...                                           
       0.Info>>Reading structure from file: /home/amajumda/study/continuum_simulations/gitlab/continuum-to-scattering/data/100_100_100_50_50_50/single_atom_shrink/iteration_000/t004/pdb_dcd/sample.pdb
       0.Info>>Done. Atoms read: 125000                                         
       0.Info>>Reading frames from: /home/amajumda/study/continuum_simulations/gitlab/continuum-to-scattering/data/100_100_100_50_50_50/single_atom_shrink/iteration_000/t004/pdb_dcd/sample.dcd
       0.Info>>Found 1 frames                                                   
       0.Info>>Total number of coordinate sets found: 1                         
       0.Info>>Exchanging sample, database & params information with compute nodes... 
       0.Info>>params...                                                        
       0.Info>>database...                                                      
       0.Info>>sample...                                                        
       0.Info>>.................................................................
       0.Info>>......................C.O.M.P.U.T.A.T.I.O.N......................
       0.Info>>.................................................................
       0.Info>>Setting up services...                                           
       0.Info>>Initializing data file service...                                
       0.Info>>Initializing monitor service...                                  
       0.Info>>Starting data file service...                                    
       0.Info>>Starting monitor service...                                      
       0.Info>>Services setup and running...                                    
       0.Info>>Checking /home/amajumda/study/continuum_simulations/gitlab/continuum-to-scattering/data/100_100_100_50_50_50/single_atom_shrink/iteration_000/t004/signal.h5 for old results.
       0.Info>>Broadcasting service information                                 
       0.Info>>Server host name    : hzglap02                                   
       0.Info>>FileService Port    : 40253                                      
       0.Info>>MonitorService Port : 36635                                      
       0.Info>>Setting up parallel environment...                               
       0.Info>>Searching for decomposition plan:                                
       0.Info>>nodes    = 8                                                     
       0.Info>>qvectors = 100                                                   
       0.Info>>frames   = 1                                                     
       0.Info>>atoms   = 125000                                                 
       0.Info>>All interference scattering detected. Applying frame decomposition.
       0.Info>>Automatic decomposition. Searching for best utilization.         
       0.Info>>Final decomposition parameters:                                  
       0.Info>>NN                : 8                                            
       0.Info>>NQ                : 100                                          
       0.Info>>NAF               : 1                                            
       0.Info>>NP                : 8                                            
       0.Info>>NNpP              : 1                                            
       0.Info>>NAFcycles         : 1                                            
       0.Info>>NQcycles          : 13                                           
       0.Info>>CompEl (WASTE/USE): 4/100                                        
       0.Info>>utilization(1=best)    : 0.96153846153846156                     
       0.Info>>Initializing Scatter Device, Vectors (all)                       
       0.Info>>Starting scattering...                                           
       0.Info>>Checking memory requirements for scattering calculation...       
       0.Info>>required limits.computation.memory.result_buffer=16              
       0.Info>>required limits.computation.memory.signal_buffer=16              
       0.Info>>required limits.computation.memory.exchange_buffer=0             
       0.Info>>required limits.computation.memory.alignpad_buffer=32            
       0.Info>>Memory limits ok                                                 
       0.Info>>Staging data...                                                  
       0.Info>>Forcing stager.mode=frames                                       
       0.Info>>Staging first partition.                                         
       0.Info>>Staging remaining partitions.                                    
       0.Info>>background scattering length set to 0                            
       0.Info>>Target initialized.                                              
       0.Info>>Target 'system' produces a background scattering length density of 0.001274679154249698
       0.Info>>Starting computation...                                          
       0.Info>>Orientational averaging includes 100 vectors                     
       0.Info>>Setting progress sampling factor for monitoring to 1             
       0.Info>>Progress: 2.010%, ETOTAL: 65.678886124401913 s, ETA: 64.35899312440192 s
       0.Info>>Progress: 4.270%, ETOTAL: 31.146791968474385 s, ETA: 29.816813968474385 s
       0.Info>>Progress: 6.280%, ETOTAL: 21.413606635192036 s, ETA: 20.068907635192037 s
       0.Info>>Progress: 11.050%, ETOTAL: 12.242028453339135 s, ETA: 10.889225453339135 s
       0.Info>>Progress: 22.330%, ETOTAL: 14.918602210420554 s, ETA: 11.587259210420553 s
       0.Info>>Progress: 32.455%, ETOTAL: 10.314647284218839 s, ETA: 6.9670152842188404 s
       0.Info>>Progress: 42.330%, ETOTAL: 7.9865527068978581 s, ETA: 4.6058347068978582 s
       0.Info>>Progress: 52.830%, ETOTAL: 10.106418782988534 s, ETA: 4.7671847829885339 s
       0.Info>>Progress: 62.830%, ETOTAL: 8.5109264500331587 s, ETA: 3.1635004500331583 s
       0.Info>>Progress: 73.205%, ETOTAL: 7.3253583887915932 s, ETA: 1.9628203887915934 s
       0.Info>>Progress: 80.080%, ETOTAL: 9.1622480688413042 s, ETA: 1.8251080688413044 s
       0.Info>>Scattering finished...                                           
       0.Info>>.................................................................
       0.Info>>.....................R.U.N...A.N.A.L.Y.S.I.S.....................
       0.Info>>.................................................................
       0.Info>>Aggregating timing information for performance analysis...       
       0.Info>>                                                                 
       0.Info>>                    Performance Analysis                         
       0.Info>>-----------------------------------------------------------------
       0.Info>> mean and total runtimes:                                        
       0.Info>>-----------------------------------------------------------------
       0.Info>>          measure |    total |       count |     mean |   stddev 
       0.Info>>-----------------------------------------------------------------
       0.Info>>   sd:c:b:dspstore| 3.647e-02|        10000| 3.647e-06| 2.084e-06
       0.Info>>    sd:c:b:scatter| 4.319e+01|        10000| 4.319e-03| 8.001e-04
       0.Info>>        sd:c:block| 4.337e+01|          100| 4.337e-01| 3.695e-02
       0.Info>>         sd:c:init| 1.462e+01|          100| 1.462e-01| 3.080e-02
       0.Info>>       sd:c:reduce| 1.000e-04|          100| 1.000e-06| 5.667e-07
       0.Info>>         sd:c:wait| 1.730e-04|          100| 1.730e-06| 6.435e-07
       0.Info>>        sd:compute| 5.799e+01|          100| 5.799e-01| 4.903e-02
       0.Info>>         sd:runner| 5.799e+01|            8| 7.249e+00| 0.000e+00
       0.Info>>          sd:stage| 1.945e-01|            8| 2.431e-02| 0.000e+00
       0.Info>> sd:worker:scatter| 4.281e+01|        10000| 4.281e-03| 7.783e-04
       0.Info>>    sd:worker:wait| 1.509e+01|        10000| 1.509e-03| 1.489e-02
       0.Info>>          sd:write| 1.058e-03|          100| 1.058e-05| 8.259e-06
       0.Info>>           st:fill| 1.208e-02|            8| 1.510e-03| 0.000e+00
       0.Info>>          st:first| 2.269e-02|            1| 2.269e-02| 0.000e+00
       0.Info>>           st:load| 2.229e-02|            1| 2.229e-02| 0.000e+00
       0.Info>>           st:wait| 1.591e-01|            8| 1.988e-02| 0.000e+00
       0.Info>>-----------------------------------------------------------------
       0.Info>>-----------------------------------------------------------------
       0.Info>> watermarks:                                                     
       0.Info>>-----------------------------------------------------------------
       0.Info>>          measure |      min |      max                          
       0.Info>>-----------------------------------------------------------------
       0.Info>>   sd:c:b:dspstore| 1.000e-06| 7.400e-05                         
       0.Info>>    sd:c:b:scatter| 1.446e-03| 1.783e-02                         
       0.Info>>        sd:c:block| 1.832e-01| 5.175e-01                         
       0.Info>>         sd:c:init| 1.141e-01| 2.402e-01                         
       0.Info>>       sd:c:reduce| 0.000e+00| 3.000e-06                         
       0.Info>>         sd:c:wait| 1.000e-06| 4.000e-06                         
       0.Info>>        sd:compute| 3.001e-01| 6.915e-01                         
       0.Info>>         sd:runner| 6.148e+00| 7.781e+00                         
       0.Info>>          sd:stage| 2.417e-02| 2.438e-02                         
       0.Info>> sd:worker:scatter| 1.429e-03| 6.628e-03                         
       0.Info>>    sd:worker:wait| 1.000e-06| 2.403e-01                         
       0.Info>>          sd:write| 5.000e-06| 4.700e-05                         
       0.Info>>           st:fill| 1.361e-03| 1.576e-03                         
       0.Info>>          st:first| 2.269e-02| 2.269e-02                         
       0.Info>>           st:load| 2.229e-02| 2.229e-02                         
       0.Info>>           st:wait| 8.000e-06| 2.273e-02                         
       0.Info>>-----------------------------------------------------------------
       0.Info>>                                                                 
       0.Info>>         Performance Analysis (relative to total time * nodes)   
       0.Info>>-----------------------------------------------------------------
       0.Info>> mean and total runtimes:                                        
       0.Info>>-----------------------------------------------------------------
       0.Info>>          measure |    total |       count |     mean |   stddev 
       0.Info>>-----------------------------------------------------------------
       0.Info>>   sd:c:b:dspstore| 5.568e-04|        10000| 5.568e-08| 2.575e-07
       0.Info>>    sd:c:b:scatter| 6.594e-01|        10000| 6.594e-05| 9.886e-05
       0.Info>>        sd:c:block| 6.621e-01|          100| 6.621e-03| 4.566e-03
       0.Info>>         sd:c:init| 2.232e-01|          100| 2.232e-03| 3.806e-03
       0.Info>>       sd:c:reduce| 1.527e-06|          100| 1.527e-08| 7.002e-08
       0.Info>>         sd:c:wait| 2.641e-06|          100| 2.641e-08| 7.951e-08
       0.Info>>        sd:compute| 8.853e-01|          100| 8.853e-03| 6.058e-03
       0.Info>>         sd:runner| 8.854e-01|            8| 1.107e-01| 0.000e+00
       0.Info>>          sd:stage| 2.970e-03|            8| 3.712e-04| 0.000e+00
       0.Info>> sd:worker:scatter| 6.535e-01|        10000| 6.535e-05| 9.616e-05
       0.Info>>    sd:worker:wait| 2.304e-01|        10000| 2.304e-05| 1.840e-03
       0.Info>>          sd:write| 1.615e-05|          100| 1.615e-07| 1.021e-06
       0.Info>>           st:fill| 1.844e-04|            8| 2.305e-05| 0.000e+00
       0.Info>>          st:first| 3.464e-04|            1| 3.464e-04| 0.000e+00
       0.Info>>           st:load| 3.404e-04|            1| 3.404e-04| 0.000e+00
       0.Info>>           st:wait| 2.429e-03|            8| 3.036e-04| 0.000e+00
       0.Info>>-----------------------------------------------------------------
       0.Info>>-----------------------------------------------------------------
       0.Info>> watermarks:                                                     
       0.Info>>-----------------------------------------------------------------
       0.Info>>          measure |      min |      max                          
       0.Info>>-----------------------------------------------------------------
       0.Info>>   sd:c:b:dspstore| 1.527e-08| 1.130e-06                         
       0.Info>>    sd:c:b:scatter| 2.208e-05| 2.723e-04                         
       0.Info>>        sd:c:block| 2.796e-03| 7.902e-03                         
       0.Info>>         sd:c:init| 1.742e-03| 3.667e-03                         
       0.Info>>       sd:c:reduce| 0.000e+00| 4.580e-08                         
       0.Info>>         sd:c:wait| 1.527e-08| 6.107e-08                         
       0.Info>>        sd:compute| 4.582e-03| 1.056e-02                         
       0.Info>>         sd:runner| 9.386e-02| 1.188e-01                         
       0.Info>>          sd:stage| 3.690e-04| 3.722e-04                         
       0.Info>> sd:worker:scatter| 2.182e-05| 1.012e-04                         
       0.Info>>    sd:worker:wait| 1.527e-08| 3.669e-03                         
       0.Info>>          sd:write| 7.634e-08| 7.176e-07                         
       0.Info>>           st:fill| 2.078e-05| 2.406e-05                         
       0.Info>>          st:first| 3.464e-04| 3.464e-04                         
       0.Info>>           st:load| 3.404e-04| 3.404e-04                         
       0.Info>>           st:wait| 1.221e-07| 3.470e-04                         
       0.Info>>-----------------------------------------------------------------
       0.Info>>Total runtime (s): 8.1871510000000001                            
       0.Info>>Successfully finished... Have a nice day!                        
