       0.Info>>This software is being developed by Benjamin Lindner.                    
       0.Info>>For help, suggestions or correspondense use:                             
       0.Info>>ben@benlabs.net, Benjamin Lindner (Main Developer, Impl. & Maintenance)  
       0.Info>>franc@cmm.ki.si, Franci Merzel (Methodology)                             
       0.Info>>For publications include the following references:                       
       0.Info>>.........................................................................
       0.Info>>1. Sassena - X-ray and Neutron Scattering Calculated                     
       0.Info>>  from Molecular Dynamics Trajectories using Massively Parallel Computers
       0.Info>>  published as a Computer Program in Physics Paper                       
       0.Info>>.........................................................................
       0.Info>>Version Information: 1.4.2                                       
       0.Info>>                                                                 
       0.Info>>.................................................................
       0.Info>>......................D.E.S.C.R.I.P.T.I.O.N......................
       0.Info>>.................................................................
       0.Info>>This binary computes the scattering intensities directly from    
       0.Info>>a molecular dynamics trajectory.                                 
       0.Info>>.................................................................
       0.Info>>.................................................................
       0.Info>>...................I.N.I.T.I.A.L.I.Z.A.T.I.O.N...................
       0.Info>>.................................................................
       0.Info>>No configuration file specified. Will use default                
       0.Info>>Looking for configuration file: scatter.xml                      
       0.Info>>Reading parameters from XML file: scatter.xml                    
       0.Info>>Added frames from /home/amajumda/study/continuum_simulations/gitlab/continuum-to-scattering/data/100_100_100_10_10_10/single_atom_shrink/iteration_003/t003/pdb_dcd/sample.dcd using format: dcd
       0.Info>>Options: first=0, last=0, lastset=0, stride=1                    
       0.Info>>stager.target=system                                             
       0.Info>>scattering.type=all                                              
       0.Info>>scattering.dsp.type=square                                       
       0.Info>>scattering.average.orientation.type=vectors                      
       0.Info>>scattering.average.orientation.vectors.type=sphere               
       0.Info>>scattering.average.orientation.vectors.algorithm=boost_uniform_on_sphere
       0.Info>>scattering.average.orientation.vectors.resolution=100            
       0.Info>>Generating orientations for orientational averaging using sphere,boost_uniform_on_sphere
       0.Info>>Initialized orientational averaging with 100 vectors.            
       0.Info>>scattering.signal.file=signal.h5                                 
       0.Info>>scattering.signal.filepath=/home/amajumda/study/continuum_simulations/gitlab/continuum-to-scattering/data/100_100_100_10_10_10/single_atom_shrink/iteration_003/t003/signal.h5
       0.Info>>scattering.signal.fqt=1                                          
       0.Info>>scattering.signal.fq0=1                                          
       0.Info>>scattering.signal.fq=1                                           
       0.Info>>scattering.signal.fq2=1                                          
       0.Info>>Analyzing command line for parameter overwrites                  
       0.Info>>Reading database from file: /home/amajumda/study/continuum_simulations/gitlab/continuum-to-scattering/data/100_100_100_10_10_10/single_atom_shrink/iteration_003/t003/database/db-neutron-coherent.xml
       0.Info>>Checking database...                                             
       0.Info>>Testing mapping between PDB names and atom labels                
       0.Info>>Testing database completeness for referenced atom labels         
       0.Info>>Check succeeded. Database seems OK.                              
       0.Info>>Initializing sample...                                           
       0.Info>>Reading structure from file: /home/amajumda/study/continuum_simulations/gitlab/continuum-to-scattering/data/100_100_100_10_10_10/single_atom_shrink/iteration_003/t003/pdb_dcd/sample.pdb
       0.Info>>Done. Atoms read: 1000                                           
       0.Info>>Reading frames from: /home/amajumda/study/continuum_simulations/gitlab/continuum-to-scattering/data/100_100_100_10_10_10/single_atom_shrink/iteration_003/t003/pdb_dcd/sample.dcd
       0.Info>>Found 1 frames                                                   
       0.Info>>Total number of coordinate sets found: 1                         
       0.Info>>Exchanging sample, database & params information with compute nodes... 
       0.Info>>params...                                                        
       0.Info>>database...                                                      
       0.Info>>sample...                                                        
       0.Info>>.................................................................
       0.Info>>......................C.O.M.P.U.T.A.T.I.O.N......................
       0.Info>>.................................................................
       0.Info>>Setting up services...                                           
       0.Info>>Initializing data file service...                                
       0.Info>>Initializing monitor service...                                  
       0.Info>>Starting data file service...                                    
       0.Info>>Starting monitor service...                                      
       0.Info>>Services setup and running...                                    
       0.Info>>Checking /home/amajumda/study/continuum_simulations/gitlab/continuum-to-scattering/data/100_100_100_10_10_10/single_atom_shrink/iteration_003/t003/signal.h5 for old results.
       0.Info>>Broadcasting service information                                 
       0.Info>>Server host name    : hzglap02                                   
       0.Info>>FileService Port    : 43453                                      
       0.Info>>MonitorService Port : 41345                                      
       0.Info>>Setting up parallel environment...                               
       0.Info>>Searching for decomposition plan:                                
       0.Info>>nodes    = 8                                                     
       0.Info>>qvectors = 100                                                   
       0.Info>>frames   = 1                                                     
       0.Info>>atoms   = 1000                                                   
       0.Info>>All interference scattering detected. Applying frame decomposition.
       0.Info>>Automatic decomposition. Searching for best utilization.         
       0.Info>>Final decomposition parameters:                                  
       0.Info>>NN                : 8                                            
       0.Info>>NQ                : 100                                          
       0.Info>>NAF               : 1                                            
       0.Info>>NP                : 8                                            
       0.Info>>NNpP              : 1                                            
       0.Info>>NAFcycles         : 1                                            
       0.Info>>NQcycles          : 13                                           
       0.Info>>CompEl (WASTE/USE): 4/100                                        
       0.Info>>utilization(1=best)    : 0.96153846153846156                     
       0.Info>>Initializing Scatter Device, Vectors (all)                       
       0.Info>>Starting scattering...                                           
       0.Info>>Checking memory requirements for scattering calculation...       
       0.Info>>required limits.computation.memory.result_buffer=16              
       0.Info>>required limits.computation.memory.signal_buffer=16              
       0.Info>>required limits.computation.memory.exchange_buffer=0             
       0.Info>>required limits.computation.memory.alignpad_buffer=32            
       0.Info>>Memory limits ok                                                 
       0.Info>>Staging data...                                                  
       0.Info>>Forcing stager.mode=frames                                       
       0.Info>>Staging first partition.                                         
       0.Info>>Staging remaining partitions.                                    
       0.Info>>background scattering length set to 0                            
       0.Info>>Target initialized.                                              
       0.Info>>Target 'system' produces a background scattering length density of 0.14939343991559464
       0.Info>>Starting computation...                                          
       0.Info>>Orientational averaging includes 100 vectors                     
       0.Info>>Setting progress sampling factor for monitoring to 1             
       0.Info>>Scattering finished...                                           
       0.Info>>.................................................................
       0.Info>>.....................R.U.N...A.N.A.L.Y.S.I.S.....................
       0.Info>>.................................................................
       0.Info>>Aggregating timing information for performance analysis...       
       0.Info>>                                                                 
       0.Info>>                    Performance Analysis                         
       0.Info>>-----------------------------------------------------------------
       0.Info>> mean and total runtimes:                                        
       0.Info>>-----------------------------------------------------------------
       0.Info>>          measure |    total |       count |     mean |   stddev 
       0.Info>>-----------------------------------------------------------------
       0.Info>>   sd:c:b:dspstore| 2.772e-02|        10000| 2.772e-06| 2.165e-06
       0.Info>>    sd:c:b:scatter| 6.487e-01|        10000| 6.487e-05| 2.212e-05
       0.Info>>        sd:c:block| 7.826e-01|          100| 7.826e-03| 6.702e-04
       0.Info>>         sd:c:init| 1.503e-01|          100| 1.503e-03| 3.279e-04
       0.Info>>       sd:c:reduce| 1.060e-04|          100| 1.060e-06| 5.750e-07
       0.Info>>         sd:c:wait| 1.480e-04|          100| 1.480e-06| 5.256e-07
       0.Info>>        sd:compute| 9.351e-01|          100| 9.351e-03| 7.830e-04
       0.Info>>         sd:runner| 9.377e-01|            8| 1.172e-01| 0.000e+00
       0.Info>>          sd:stage| 3.281e-03|            8| 4.101e-04| 0.000e+00
       0.Info>> sd:worker:scatter| 4.534e-01|        10000| 4.534e-05| 7.800e-06
       0.Info>>    sd:worker:wait| 4.041e-01|        10000| 4.041e-05| 1.587e-04
       0.Info>>          sd:write| 7.780e-04|          100| 7.780e-06| 4.871e-06
       0.Info>>           st:fill| 6.730e-04|            8| 8.412e-05| 0.000e+00
       0.Info>>          st:first| 2.380e-04|            1| 2.380e-04| 0.000e+00
       0.Info>>           st:load| 2.130e-04|            1| 2.130e-04| 0.000e+00
       0.Info>>           st:wait| 1.796e-03|            8| 2.245e-04| 0.000e+00
       0.Info>>-----------------------------------------------------------------
       0.Info>>-----------------------------------------------------------------
       0.Info>> watermarks:                                                     
       0.Info>>-----------------------------------------------------------------
       0.Info>>          measure |      min |      max                          
       0.Info>>-----------------------------------------------------------------
       0.Info>>   sd:c:b:dspstore| 1.000e-06| 1.290e-04                         
       0.Info>>    sd:c:b:scatter| 2.400e-05| 1.478e-03                         
       0.Info>>        sd:c:block| 4.416e-03| 9.777e-03                         
       0.Info>>         sd:c:init| 9.530e-04| 2.202e-03                         
       0.Info>>       sd:c:reduce| 0.000e+00| 4.000e-06                         
       0.Info>>         sd:c:wait| 1.000e-06| 3.000e-06                         
       0.Info>>        sd:compute| 5.428e-03| 1.190e-02                         
       0.Info>>         sd:runner| 1.049e-01| 1.244e-01                         
       0.Info>>          sd:stage| 4.050e-04| 4.170e-04                         
       0.Info>> sd:worker:scatter| 1.200e-05| 1.800e-04                         
       0.Info>>    sd:worker:wait| 1.300e-05| 2.265e-03                         
       0.Info>>          sd:write| 4.000e-06| 2.800e-05                         
       0.Info>>           st:fill| 7.800e-05| 8.700e-05                         
       0.Info>>          st:first| 2.380e-04| 2.380e-04                         
       0.Info>>           st:load| 2.130e-04| 2.130e-04                         
       0.Info>>           st:wait| 4.000e-06| 2.590e-04                         
       0.Info>>-----------------------------------------------------------------
       0.Info>>                                                                 
       0.Info>>         Performance Analysis (relative to total time * nodes)   
       0.Info>>-----------------------------------------------------------------
       0.Info>> mean and total runtimes:                                        
       0.Info>>-----------------------------------------------------------------
       0.Info>>          measure |    total |       count |     mean |   stddev 
       0.Info>>-----------------------------------------------------------------
       0.Info>>   sd:c:b:dspstore| 2.081e-02|        10000| 2.081e-06| 1.876e-06
       0.Info>>    sd:c:b:scatter| 4.871e-01|        10000| 4.871e-05| 1.916e-05
       0.Info>>        sd:c:block| 5.877e-01|          100| 5.877e-03| 5.807e-04
       0.Info>>         sd:c:init| 1.129e-01|          100| 1.129e-03| 2.841e-04
       0.Info>>       sd:c:reduce| 7.959e-05|          100| 7.959e-07| 4.983e-07
       0.Info>>         sd:c:wait| 1.111e-04|          100| 1.111e-06| 4.555e-07
       0.Info>>        sd:compute| 7.021e-01|          100| 7.021e-03| 6.785e-04
       0.Info>>         sd:runner| 7.041e-01|            8| 8.801e-02| 0.000e+00
       0.Info>>          sd:stage| 2.464e-03|            8| 3.080e-04| 0.000e+00
       0.Info>> sd:worker:scatter| 3.404e-01|        10000| 3.404e-05| 6.759e-06
       0.Info>>    sd:worker:wait| 3.035e-01|        10000| 3.035e-05| 1.375e-04
       0.Info>>          sd:write| 5.842e-04|          100| 5.842e-06| 4.221e-06
       0.Info>>           st:fill| 5.053e-04|            8| 6.317e-05| 0.000e+00
       0.Info>>          st:first| 1.787e-04|            1| 1.787e-04| 0.000e+00
       0.Info>>           st:load| 1.599e-04|            1| 1.599e-04| 0.000e+00
       0.Info>>           st:wait| 1.349e-03|            8| 1.686e-04| 0.000e+00
       0.Info>>-----------------------------------------------------------------
       0.Info>>-----------------------------------------------------------------
       0.Info>> watermarks:                                                     
       0.Info>>-----------------------------------------------------------------
       0.Info>>          measure |      min |      max                          
       0.Info>>-----------------------------------------------------------------
       0.Info>>   sd:c:b:dspstore| 7.509e-07| 9.686e-05                         
       0.Info>>    sd:c:b:scatter| 1.802e-05| 1.110e-03                         
       0.Info>>        sd:c:block| 3.316e-03| 7.341e-03                         
       0.Info>>         sd:c:init| 7.156e-04| 1.653e-03                         
       0.Info>>       sd:c:reduce| 0.000e+00| 3.004e-06                         
       0.Info>>         sd:c:wait| 7.509e-07| 2.253e-06                         
       0.Info>>        sd:compute| 4.076e-03| 8.935e-03                         
       0.Info>>         sd:runner| 7.877e-02| 9.343e-02                         
       0.Info>>          sd:stage| 3.041e-04| 3.131e-04                         
       0.Info>> sd:worker:scatter| 9.011e-06| 1.352e-04                         
       0.Info>>    sd:worker:wait| 9.762e-06| 1.701e-03                         
       0.Info>>          sd:write| 3.004e-06| 2.102e-05                         
       0.Info>>           st:fill| 5.857e-05| 6.533e-05                         
       0.Info>>          st:first| 1.787e-04| 1.787e-04                         
       0.Info>>           st:load| 1.599e-04| 1.599e-04                         
       0.Info>>           st:wait| 3.004e-06| 1.945e-04                         
       0.Info>>-----------------------------------------------------------------
       0.Info>>Total runtime (s): 0.16646900000000001                           
       0.Info>>Successfully finished... Have a nice day!                        
