       0.Info>>This software is being developed by Benjamin Lindner.                    
       0.Info>>For help, suggestions or correspondense use:                             
       0.Info>>ben@benlabs.net, Benjamin Lindner (Main Developer, Impl. & Maintenance)  
       0.Info>>franc@cmm.ki.si, Franci Merzel (Methodology)                             
       0.Info>>For publications include the following references:                       
       0.Info>>.........................................................................
       0.Info>>1. Sassena - X-ray and Neutron Scattering Calculated                     
       0.Info>>  from Molecular Dynamics Trajectories using Massively Parallel Computers
       0.Info>>  published as a Computer Program in Physics Paper                       
       0.Info>>.........................................................................
       0.Info>>Version Information: 1.4.2                                       
       0.Info>>                                                                 
       0.Info>>.................................................................
       0.Info>>......................D.E.S.C.R.I.P.T.I.O.N......................
       0.Info>>.................................................................
       0.Info>>This binary computes the scattering intensities directly from    
       0.Info>>a molecular dynamics trajectory.                                 
       0.Info>>.................................................................
       0.Info>>.................................................................
       0.Info>>...................I.N.I.T.I.A.L.I.Z.A.T.I.O.N...................
       0.Info>>.................................................................
       0.Info>>No configuration file specified. Will use default                
       0.Info>>Looking for configuration file: scatter.xml                      
       0.Info>>Reading parameters from XML file: scatter.xml                    
       0.Info>>Added frames from /home/amajumda/study/continuum_simulations/gitlab/continuum-to-scattering/data/100_100_100_10_10_10/single_atom_shrink/iteration_000/t001/pdb_dcd/sample.dcd using format: dcd
       0.Info>>Options: first=0, last=0, lastset=0, stride=1                    
       0.Info>>stager.target=system                                             
       0.Info>>scattering.type=all                                              
       0.Info>>scattering.dsp.type=square                                       
       0.Info>>scattering.average.orientation.type=vectors                      
       0.Info>>scattering.average.orientation.vectors.type=sphere               
       0.Info>>scattering.average.orientation.vectors.algorithm=boost_uniform_on_sphere
       0.Info>>scattering.average.orientation.vectors.resolution=100            
       0.Info>>Generating orientations for orientational averaging using sphere,boost_uniform_on_sphere
       0.Info>>Initialized orientational averaging with 100 vectors.            
       0.Info>>scattering.signal.file=signal.h5                                 
       0.Info>>scattering.signal.filepath=/home/amajumda/study/continuum_simulations/gitlab/continuum-to-scattering/data/100_100_100_10_10_10/single_atom_shrink/iteration_000/t001/signal.h5
       0.Info>>scattering.signal.fqt=1                                          
       0.Info>>scattering.signal.fq0=1                                          
       0.Info>>scattering.signal.fq=1                                           
       0.Info>>scattering.signal.fq2=1                                          
       0.Info>>Analyzing command line for parameter overwrites                  
       0.Info>>Reading database from file: /home/amajumda/study/continuum_simulations/gitlab/continuum-to-scattering/data/100_100_100_10_10_10/single_atom_shrink/iteration_000/t001/database/db-neutron-coherent.xml
       0.Info>>Checking database...                                             
       0.Info>>Testing mapping between PDB names and atom labels                
       0.Info>>Testing database completeness for referenced atom labels         
       0.Info>>Check succeeded. Database seems OK.                              
       0.Info>>Initializing sample...                                           
       0.Info>>Reading structure from file: /home/amajumda/study/continuum_simulations/gitlab/continuum-to-scattering/data/100_100_100_10_10_10/single_atom_shrink/iteration_000/t001/pdb_dcd/sample.pdb
       0.Info>>Done. Atoms read: 1000                                           
       0.Info>>Reading frames from: /home/amajumda/study/continuum_simulations/gitlab/continuum-to-scattering/data/100_100_100_10_10_10/single_atom_shrink/iteration_000/t001/pdb_dcd/sample.dcd
       0.Info>>Found 1 frames                                                   
       0.Info>>Total number of coordinate sets found: 1                         
       0.Info>>Exchanging sample, database & params information with compute nodes... 
       0.Info>>params...                                                        
       0.Info>>database...                                                      
       0.Info>>sample...                                                        
       0.Info>>.................................................................
       0.Info>>......................C.O.M.P.U.T.A.T.I.O.N......................
       0.Info>>.................................................................
       0.Info>>Setting up services...                                           
       0.Info>>Initializing data file service...                                
       0.Info>>Initializing monitor service...                                  
       0.Info>>Starting data file service...                                    
       0.Info>>Starting monitor service...                                      
       0.Info>>Services setup and running...                                    
       0.Info>>Checking /home/amajumda/study/continuum_simulations/gitlab/continuum-to-scattering/data/100_100_100_10_10_10/single_atom_shrink/iteration_000/t001/signal.h5 for old results.
       0.Info>>Broadcasting service information                                 
       0.Info>>Server host name    : hzglap02                                   
       0.Info>>FileService Port    : 35279                                      
       0.Info>>MonitorService Port : 37261                                      
       0.Info>>Setting up parallel environment...                               
       0.Info>>Searching for decomposition plan:                                
       0.Info>>nodes    = 8                                                     
       0.Info>>qvectors = 100                                                   
       0.Info>>frames   = 1                                                     
       0.Info>>atoms   = 1000                                                   
       0.Info>>All interference scattering detected. Applying frame decomposition.
       0.Info>>Automatic decomposition. Searching for best utilization.         
       0.Info>>Final decomposition parameters:                                  
       0.Info>>NN                : 8                                            
       0.Info>>NQ                : 100                                          
       0.Info>>NAF               : 1                                            
       0.Info>>NP                : 8                                            
       0.Info>>NNpP              : 1                                            
       0.Info>>NAFcycles         : 1                                            
       0.Info>>NQcycles          : 13                                           
       0.Info>>CompEl (WASTE/USE): 4/100                                        
       0.Info>>utilization(1=best)    : 0.96153846153846156                     
       0.Info>>Initializing Scatter Device, Vectors (all)                       
       0.Info>>Starting scattering...                                           
       0.Info>>Checking memory requirements for scattering calculation...       
       0.Info>>required limits.computation.memory.result_buffer=16              
       0.Info>>required limits.computation.memory.signal_buffer=16              
       0.Info>>required limits.computation.memory.exchange_buffer=0             
       0.Info>>required limits.computation.memory.alignpad_buffer=32            
       0.Info>>Memory limits ok                                                 
       0.Info>>Staging data...                                                  
       0.Info>>Forcing stager.mode=frames                                       
       0.Info>>Staging first partition.                                         
       0.Info>>Staging remaining partitions.                                    
       0.Info>>background scattering length set to 0                            
       0.Info>>Target initialized.                                              
       0.Info>>Target 'system' produces a background scattering length density of 0.27841504711542686
       0.Info>>Starting computation...                                          
       0.Info>>Orientational averaging includes 100 vectors                     
       0.Info>>Setting progress sampling factor for monitoring to 1             
       0.Info>>Scattering finished...                                           
       0.Info>>.................................................................
       0.Info>>.....................R.U.N...A.N.A.L.Y.S.I.S.....................
       0.Info>>.................................................................
       0.Info>>Aggregating timing information for performance analysis...       
       0.Info>>                                                                 
       0.Info>>                    Performance Analysis                         
       0.Info>>-----------------------------------------------------------------
       0.Info>> mean and total runtimes:                                        
       0.Info>>-----------------------------------------------------------------
       0.Info>>          measure |    total |       count |     mean |   stddev 
       0.Info>>-----------------------------------------------------------------
       0.Info>>   sd:c:b:dspstore| 2.685e-02|        10000| 2.685e-06| 1.585e-06
       0.Info>>    sd:c:b:scatter| 6.297e-01|        10000| 6.297e-05| 1.307e-05
       0.Info>>        sd:c:block| 7.615e-01|          100| 7.615e-03| 5.267e-04
       0.Info>>         sd:c:init| 1.422e-01|          100| 1.422e-03| 3.048e-04
       0.Info>>       sd:c:reduce| 1.010e-04|          100| 1.010e-06| 4.739e-07
       0.Info>>         sd:c:wait| 1.360e-04|          100| 1.360e-06| 6.897e-07
       0.Info>>        sd:compute| 9.059e-01|          100| 9.059e-03| 6.008e-04
       0.Info>>         sd:runner| 9.086e-01|            8| 1.136e-01| 0.000e+00
       0.Info>>          sd:stage| 4.379e-03|            8| 5.474e-04| 0.000e+00
       0.Info>> sd:worker:scatter| 4.441e-01|        10000| 4.441e-05| 7.648e-06
       0.Info>>    sd:worker:wait| 3.875e-01|        10000| 3.875e-05| 1.493e-04
       0.Info>>          sd:write| 7.780e-04|          100| 7.780e-06| 5.787e-06
       0.Info>>           st:fill| 7.070e-04|            8| 8.838e-05| 0.000e+00
       0.Info>>          st:first| 3.410e-04|            1| 3.410e-04| 0.000e+00
       0.Info>>           st:load| 3.120e-04|            1| 3.120e-04| 0.000e+00
       0.Info>>           st:wait| 2.661e-03|            8| 3.326e-04| 0.000e+00
       0.Info>>-----------------------------------------------------------------
       0.Info>>-----------------------------------------------------------------
       0.Info>> watermarks:                                                     
       0.Info>>-----------------------------------------------------------------
       0.Info>>          measure |      min |      max                          
       0.Info>>-----------------------------------------------------------------
       0.Info>>   sd:c:b:dspstore| 1.000e-06| 6.800e-05                         
       0.Info>>    sd:c:b:scatter| 2.500e-05| 6.110e-04                         
       0.Info>>        sd:c:block| 4.975e-03| 9.122e-03                         
       0.Info>>         sd:c:init| 9.700e-04| 2.200e-03                         
       0.Info>>       sd:c:reduce| 0.000e+00| 2.000e-06                         
       0.Info>>         sd:c:wait| 0.000e+00| 6.000e-06                         
       0.Info>>        sd:compute| 6.899e-03| 1.056e-02                         
       0.Info>>         sd:runner| 9.967e-02| 1.236e-01                         
       0.Info>>          sd:stage| 5.450e-04| 5.530e-04                         
       0.Info>> sd:worker:scatter| 1.200e-05| 3.390e-04                         
       0.Info>>    sd:worker:wait| 1.200e-05| 2.262e-03                         
       0.Info>>          sd:write| 4.000e-06| 3.600e-05                         
       0.Info>>           st:fill| 7.900e-05| 9.200e-05                         
       0.Info>>          st:first| 3.410e-04| 3.410e-04                         
       0.Info>>           st:load| 3.120e-04| 3.120e-04                         
       0.Info>>           st:wait| 5.000e-06| 3.830e-04                         
       0.Info>>-----------------------------------------------------------------
       0.Info>>                                                                 
       0.Info>>         Performance Analysis (relative to total time * nodes)   
       0.Info>>-----------------------------------------------------------------
       0.Info>> mean and total runtimes:                                        
       0.Info>>-----------------------------------------------------------------
       0.Info>>          measure |    total |       count |     mean |   stddev 
       0.Info>>-----------------------------------------------------------------
       0.Info>>   sd:c:b:dspstore| 1.956e-02|        10000| 1.956e-06| 1.352e-06
       0.Info>>    sd:c:b:scatter| 4.587e-01|        10000| 4.587e-05| 1.116e-05
       0.Info>>        sd:c:block| 5.546e-01|          100| 5.546e-03| 4.495e-04
       0.Info>>         sd:c:init| 1.036e-01|          100| 1.036e-03| 2.601e-04
       0.Info>>       sd:c:reduce| 7.356e-05|          100| 7.356e-07| 4.044e-07
       0.Info>>         sd:c:wait| 9.906e-05|          100| 9.906e-07| 5.886e-07
       0.Info>>        sd:compute| 6.598e-01|          100| 6.598e-03| 5.127e-04
       0.Info>>         sd:runner| 6.618e-01|            8| 8.272e-02| 0.000e+00
       0.Info>>          sd:stage| 3.190e-03|            8| 3.987e-04| 0.000e+00
       0.Info>> sd:worker:scatter| 3.235e-01|        10000| 3.235e-05| 6.527e-06
       0.Info>>    sd:worker:wait| 2.822e-01|        10000| 2.822e-05| 1.274e-04
       0.Info>>          sd:write| 5.667e-04|          100| 5.667e-06| 4.939e-06
       0.Info>>           st:fill| 5.150e-04|            8| 6.437e-05| 0.000e+00
       0.Info>>          st:first| 2.484e-04|            1| 2.484e-04| 0.000e+00
       0.Info>>           st:load| 2.273e-04|            1| 2.273e-04| 0.000e+00
       0.Info>>           st:wait| 1.938e-03|            8| 2.423e-04| 0.000e+00
       0.Info>>-----------------------------------------------------------------
       0.Info>>-----------------------------------------------------------------
       0.Info>> watermarks:                                                     
       0.Info>>-----------------------------------------------------------------
       0.Info>>          measure |      min |      max                          
       0.Info>>-----------------------------------------------------------------
       0.Info>>   sd:c:b:dspstore| 7.284e-07| 4.953e-05                         
       0.Info>>    sd:c:b:scatter| 1.821e-05| 4.450e-04                         
       0.Info>>        sd:c:block| 3.624e-03| 6.644e-03                         
       0.Info>>         sd:c:init| 7.065e-04| 1.602e-03                         
       0.Info>>       sd:c:reduce| 0.000e+00| 1.457e-06                         
       0.Info>>         sd:c:wait| 0.000e+00| 4.370e-06                         
       0.Info>>        sd:compute| 5.025e-03| 7.695e-03                         
       0.Info>>         sd:runner| 7.259e-02| 9.003e-02                         
       0.Info>>          sd:stage| 3.970e-04| 4.028e-04                         
       0.Info>> sd:worker:scatter| 8.740e-06| 2.469e-04                         
       0.Info>>    sd:worker:wait| 8.740e-06| 1.648e-03                         
       0.Info>>          sd:write| 2.913e-06| 2.622e-05                         
       0.Info>>           st:fill| 5.754e-05| 6.701e-05                         
       0.Info>>          st:first| 2.484e-04| 2.484e-04                         
       0.Info>>           st:load| 2.273e-04| 2.273e-04                         
       0.Info>>           st:wait| 3.642e-06| 2.790e-04                         
       0.Info>>-----------------------------------------------------------------
       0.Info>>Total runtime (s): 0.17161699999999999                           
       0.Info>>Successfully finished... Have a nice day!                        
