       0.Info>>This software is being developed by Benjamin Lindner.                    
       0.Info>>For help, suggestions or correspondense use:                             
       0.Info>>ben@benlabs.net, Benjamin Lindner (Main Developer, Impl. & Maintenance)  
       0.Info>>franc@cmm.ki.si, Franci Merzel (Methodology)                             
       0.Info>>For publications include the following references:                       
       0.Info>>.........................................................................
       0.Info>>1. Sassena - X-ray and Neutron Scattering Calculated                     
       0.Info>>  from Molecular Dynamics Trajectories using Massively Parallel Computers
       0.Info>>  published as a Computer Program in Physics Paper                       
       0.Info>>.........................................................................
       0.Info>>Version Information: 1.4.2                                       
       0.Info>>                                                                 
       0.Info>>.................................................................
       0.Info>>......................D.E.S.C.R.I.P.T.I.O.N......................
       0.Info>>.................................................................
       0.Info>>This binary computes the scattering intensities directly from    
       0.Info>>a molecular dynamics trajectory.                                 
       0.Info>>.................................................................
       0.Info>>.................................................................
       0.Info>>...................I.N.I.T.I.A.L.I.Z.A.T.I.O.N...................
       0.Info>>.................................................................
       0.Info>>No configuration file specified. Will use default                
       0.Info>>Looking for configuration file: scatter.xml                      
       0.Info>>Reading parameters from XML file: scatter.xml                    
       0.Info>>Added frames from /home/amajumda/study/continuum_simulations/gitlab/continuum-to-scattering/data/100_100_100_50_50_50/single_atom_shrink/iteration_011/t005/pdb_dcd/sample.dcd using format: dcd
       0.Info>>Options: first=0, last=0, lastset=0, stride=1                    
       0.Info>>stager.target=system                                             
       0.Info>>scattering.type=all                                              
       0.Info>>scattering.dsp.type=square                                       
       0.Info>>scattering.average.orientation.type=vectors                      
       0.Info>>scattering.average.orientation.vectors.type=sphere               
       0.Info>>scattering.average.orientation.vectors.algorithm=boost_uniform_on_sphere
       0.Info>>scattering.average.orientation.vectors.resolution=100            
       0.Info>>Generating orientations for orientational averaging using sphere,boost_uniform_on_sphere
       0.Info>>Initialized orientational averaging with 100 vectors.            
       0.Info>>scattering.signal.file=signal.h5                                 
       0.Info>>scattering.signal.filepath=/home/amajumda/study/continuum_simulations/gitlab/continuum-to-scattering/data/100_100_100_50_50_50/single_atom_shrink/iteration_011/t005/signal.h5
       0.Info>>scattering.signal.fqt=1                                          
       0.Info>>scattering.signal.fq0=1                                          
       0.Info>>scattering.signal.fq=1                                           
       0.Info>>scattering.signal.fq2=1                                          
       0.Info>>Analyzing command line for parameter overwrites                  
       0.Info>>Reading database from file: /home/amajumda/study/continuum_simulations/gitlab/continuum-to-scattering/data/100_100_100_50_50_50/single_atom_shrink/iteration_011/t005/database/db-neutron-coherent.xml
       0.Info>>Checking database...                                             
       0.Info>>Testing mapping between PDB names and atom labels                
       0.Info>>Testing database completeness for referenced atom labels         
       0.Info>>Check succeeded. Database seems OK.                              
       0.Info>>Initializing sample...                                           
       0.Info>>Reading structure from file: /home/amajumda/study/continuum_simulations/gitlab/continuum-to-scattering/data/100_100_100_50_50_50/single_atom_shrink/iteration_011/t005/pdb_dcd/sample.pdb
       0.Info>>Done. Atoms read: 125000                                         
       0.Info>>Reading frames from: /home/amajumda/study/continuum_simulations/gitlab/continuum-to-scattering/data/100_100_100_50_50_50/single_atom_shrink/iteration_011/t005/pdb_dcd/sample.dcd
       0.Info>>Found 1 frames                                                   
       0.Info>>Total number of coordinate sets found: 1                         
       0.Info>>Exchanging sample, database & params information with compute nodes... 
       0.Info>>params...                                                        
       0.Info>>database...                                                      
       0.Info>>sample...                                                        
       0.Info>>.................................................................
       0.Info>>......................C.O.M.P.U.T.A.T.I.O.N......................
       0.Info>>.................................................................
       0.Info>>Setting up services...                                           
       0.Info>>Initializing data file service...                                
       0.Info>>Initializing monitor service...                                  
       0.Info>>Starting data file service...                                    
       0.Info>>Starting monitor service...                                      
       0.Info>>Services setup and running...                                    
       0.Info>>Checking /home/amajumda/study/continuum_simulations/gitlab/continuum-to-scattering/data/100_100_100_50_50_50/single_atom_shrink/iteration_011/t005/signal.h5 for old results.
       0.Info>>Broadcasting service information                                 
       0.Info>>Server host name    : hzglap02                                   
       0.Info>>FileService Port    : 45357                                      
       0.Info>>MonitorService Port : 34159                                      
       0.Info>>Setting up parallel environment...                               
       0.Info>>Searching for decomposition plan:                                
       0.Info>>nodes    = 8                                                     
       0.Info>>qvectors = 100                                                   
       0.Info>>frames   = 1                                                     
       0.Info>>atoms   = 125000                                                 
       0.Info>>All interference scattering detected. Applying frame decomposition.
       0.Info>>Automatic decomposition. Searching for best utilization.         
       0.Info>>Final decomposition parameters:                                  
       0.Info>>NN                : 8                                            
       0.Info>>NQ                : 100                                          
       0.Info>>NAF               : 1                                            
       0.Info>>NP                : 8                                            
       0.Info>>NNpP              : 1                                            
       0.Info>>NAFcycles         : 1                                            
       0.Info>>NQcycles          : 13                                           
       0.Info>>CompEl (WASTE/USE): 4/100                                        
       0.Info>>utilization(1=best)    : 0.96153846153846156                     
       0.Info>>Initializing Scatter Device, Vectors (all)                       
       0.Info>>Starting scattering...                                           
       0.Info>>Checking memory requirements for scattering calculation...       
       0.Info>>required limits.computation.memory.result_buffer=16              
       0.Info>>required limits.computation.memory.signal_buffer=16              
       0.Info>>required limits.computation.memory.exchange_buffer=0             
       0.Info>>required limits.computation.memory.alignpad_buffer=32            
       0.Info>>Memory limits ok                                                 
       0.Info>>Staging data...                                                  
       0.Info>>Forcing stager.mode=frames                                       
       0.Info>>Staging first partition.                                         
       0.Info>>Staging remaining partitions.                                    
       0.Info>>background scattering length set to 0                            
       0.Info>>Target initialized.                                              
       0.Info>>Target 'system' produces a background scattering length density of 0.00051163178804653322
       0.Info>>Starting computation...                                          
       0.Info>>Orientational averaging includes 100 vectors                     
       0.Info>>Setting progress sampling factor for monitoring to 1             
       0.Info>>Progress: 2.510%, ETOTAL: 47.938854771784243 s, ETA: 46.735389771784241 s
       0.Info>>Progress: 4.385%, ETOTAL: 27.487513539192399 s, ETA: 26.282071539192398 s
       0.Info>>Progress: 6.395%, ETOTAL: 19.79760210499937 s, ETA: 18.531539104999371 s
       0.Info>>Progress: 10.666%, ETOTAL: 12.036847960333562 s, ETA: 10.753013960333561 s
       0.Info>>Progress: 20.196%, ETOTAL: 15.812116425964133 s, ETA: 12.618778425964134 s
       0.Info>>Progress: 33.446%, ETOTAL: 9.6496203162434089 s, ETA: 6.4222553162434091 s
       0.Info>>Progress: 40.446%, ETOTAL: 8.0023017988747132 s, ETA: 4.7657297988747134 s
       0.Info>>Progress: 52.955%, ETOTAL: 9.8239833918411819 s, ETA: 4.6216803918411822 s
       0.Info>>Progress: 62.830%, ETOTAL: 8.3270767535581296 s, ETA: 3.09516375355813 s
       0.Info>>Progress: 72.580%, ETOTAL: 9.9175589489953637 s, ETA: 2.7193819489953635 s
       0.Info>>Progress: 82.455%, ETOTAL: 8.7503556868537693 s, ETA: 1.5352386868537682 s
       0.Info>>Scattering finished...                                           
       0.Info>>.................................................................
       0.Info>>.....................R.U.N...A.N.A.L.Y.S.I.S.....................
       0.Info>>.................................................................
       0.Info>>Aggregating timing information for performance analysis...       
       0.Info>>                                                                 
       0.Info>>                    Performance Analysis                         
       0.Info>>-----------------------------------------------------------------
       0.Info>> mean and total runtimes:                                        
       0.Info>>-----------------------------------------------------------------
       0.Info>>          measure |    total |       count |     mean |   stddev 
       0.Info>>-----------------------------------------------------------------
       0.Info>>   sd:c:b:dspstore| 3.782e-02|        10000| 3.782e-06| 2.103e-06
       0.Info>>    sd:c:b:scatter| 4.440e+01|        10000| 4.440e-03| 8.144e-04
       0.Info>>        sd:c:block| 4.458e+01|          100| 4.458e-01| 4.012e-02
       0.Info>>         sd:c:init| 1.526e+01|          100| 1.526e-01| 2.530e-02
       0.Info>>       sd:c:reduce| 1.120e-04|          100| 1.120e-06| 5.811e-07
       0.Info>>         sd:c:wait| 1.740e-04|          100| 1.740e-06| 5.521e-07
       0.Info>>        sd:compute| 5.985e+01|          100| 5.985e-01| 4.611e-02
       0.Info>>         sd:runner| 5.985e+01|            8| 7.481e+00| 0.000e+00
       0.Info>>          sd:stage| 1.942e-01|            8| 2.428e-02| 0.000e+00
       0.Info>> sd:worker:scatter| 4.402e+01|        10000| 4.402e-03| 8.098e-04
       0.Info>>    sd:worker:wait| 1.573e+01|        10000| 1.573e-03| 1.543e-02
       0.Info>>          sd:write| 1.015e-03|          100| 1.015e-05| 6.901e-06
       0.Info>>           st:fill| 1.178e-02|            8| 1.472e-03| 0.000e+00
       0.Info>>          st:first| 2.268e-02|            1| 2.268e-02| 0.000e+00
       0.Info>>           st:load| 2.235e-02|            1| 2.235e-02| 0.000e+00
       0.Info>>           st:wait| 1.590e-01|            8| 1.988e-02| 0.000e+00
       0.Info>>-----------------------------------------------------------------
       0.Info>>-----------------------------------------------------------------
       0.Info>> watermarks:                                                     
       0.Info>>-----------------------------------------------------------------
       0.Info>>          measure |      min |      max                          
       0.Info>>-----------------------------------------------------------------
       0.Info>>   sd:c:b:dspstore| 2.000e-06| 7.500e-05                         
       0.Info>>    sd:c:b:scatter| 1.520e-03| 8.465e-03                         
       0.Info>>        sd:c:block| 1.895e-01| 5.783e-01                         
       0.Info>>         sd:c:init| 1.191e-01| 2.305e-01                         
       0.Info>>       sd:c:reduce| 0.000e+00| 3.000e-06                         
       0.Info>>         sd:c:wait| 1.000e-06| 3.000e-06                         
       0.Info>>        sd:compute| 3.335e-01| 7.175e-01                         
       0.Info>>         sd:runner| 6.823e+00| 7.830e+00                         
       0.Info>>          sd:stage| 2.412e-02| 2.434e-02                         
       0.Info>> sd:worker:scatter| 1.500e-03| 6.858e-03                         
       0.Info>>    sd:worker:wait| 1.800e-05| 2.306e-01                         
       0.Info>>          sd:write| 5.000e-06| 4.700e-05                         
       0.Info>>           st:fill| 1.313e-03| 1.537e-03                         
       0.Info>>          st:first| 2.268e-02| 2.268e-02                         
       0.Info>>           st:load| 2.235e-02| 2.235e-02                         
       0.Info>>           st:wait| 9.000e-06| 2.272e-02                         
       0.Info>>-----------------------------------------------------------------
       0.Info>>                                                                 
       0.Info>>         Performance Analysis (relative to total time * nodes)   
       0.Info>>-----------------------------------------------------------------
       0.Info>> mean and total runtimes:                                        
       0.Info>>-----------------------------------------------------------------
       0.Info>>          measure |    total |       count |     mean |   stddev 
       0.Info>>-----------------------------------------------------------------
       0.Info>>   sd:c:b:dspstore| 5.739e-04|        10000| 5.739e-08| 2.591e-07
       0.Info>>    sd:c:b:scatter| 6.738e-01|        10000| 6.738e-05| 1.003e-04
       0.Info>>        sd:c:block| 6.766e-01|          100| 6.766e-03| 4.943e-03
       0.Info>>         sd:c:init| 2.316e-01|          100| 2.316e-03| 3.117e-03
       0.Info>>       sd:c:reduce| 1.700e-06|          100| 1.700e-08| 7.158e-08
       0.Info>>         sd:c:wait| 2.641e-06|          100| 2.641e-08| 6.801e-08
       0.Info>>        sd:compute| 9.082e-01|          100| 9.082e-03| 5.680e-03
       0.Info>>         sd:runner| 9.083e-01|            8| 1.135e-01| 0.000e+00
       0.Info>>          sd:stage| 2.948e-03|            8| 3.684e-04| 0.000e+00
       0.Info>> sd:worker:scatter| 6.681e-01|        10000| 6.681e-05| 9.977e-05
       0.Info>>    sd:worker:wait| 2.387e-01|        10000| 2.387e-05| 1.901e-03
       0.Info>>          sd:write| 1.540e-05|          100| 1.540e-07| 8.502e-07
       0.Info>>           st:fill| 1.787e-04|            8| 2.234e-05| 0.000e+00
       0.Info>>          st:first| 3.442e-04|            1| 3.442e-04| 0.000e+00
       0.Info>>           st:load| 3.392e-04|            1| 3.392e-04| 0.000e+00
       0.Info>>           st:wait| 2.413e-03|            8| 3.016e-04| 0.000e+00
       0.Info>>-----------------------------------------------------------------
       0.Info>>-----------------------------------------------------------------
       0.Info>> watermarks:                                                     
       0.Info>>-----------------------------------------------------------------
       0.Info>>          measure |      min |      max                          
       0.Info>>-----------------------------------------------------------------
       0.Info>>   sd:c:b:dspstore| 3.035e-08| 1.138e-06                         
       0.Info>>    sd:c:b:scatter| 2.307e-05| 1.285e-04                         
       0.Info>>        sd:c:block| 2.876e-03| 8.776e-03                         
       0.Info>>         sd:c:init| 1.807e-03| 3.498e-03                         
       0.Info>>       sd:c:reduce| 0.000e+00| 4.553e-08                         
       0.Info>>         sd:c:wait| 1.518e-08| 4.553e-08                         
       0.Info>>        sd:compute| 5.061e-03| 1.089e-02                         
       0.Info>>         sd:runner| 1.035e-01| 1.188e-01                         
       0.Info>>          sd:stage| 3.661e-04| 3.694e-04                         
       0.Info>> sd:worker:scatter| 2.276e-05| 1.041e-04                         
       0.Info>>    sd:worker:wait| 2.732e-07| 3.500e-03                         
       0.Info>>          sd:write| 7.588e-08| 7.133e-07                         
       0.Info>>           st:fill| 1.993e-05| 2.333e-05                         
       0.Info>>          st:first| 3.442e-04| 3.442e-04                         
       0.Info>>           st:load| 3.392e-04| 3.392e-04                         
       0.Info>>           st:wait| 1.366e-07| 3.448e-04                         
       0.Info>>-----------------------------------------------------------------
       0.Info>>Total runtime (s): 8.2365899999999996                            
       0.Info>>Successfully finished... Have a nice day!                        
