       0.Info>>This software is being developed by Benjamin Lindner.                    
       0.Info>>For help, suggestions or correspondense use:                             
       0.Info>>ben@benlabs.net, Benjamin Lindner (Main Developer, Impl. & Maintenance)  
       0.Info>>franc@cmm.ki.si, Franci Merzel (Methodology)                             
       0.Info>>For publications include the following references:                       
       0.Info>>.........................................................................
       0.Info>>1. Sassena - X-ray and Neutron Scattering Calculated                     
       0.Info>>  from Molecular Dynamics Trajectories using Massively Parallel Computers
       0.Info>>  published as a Computer Program in Physics Paper                       
       0.Info>>.........................................................................
       0.Info>>Version Information: 1.4.2                                       
       0.Info>>                                                                 
       0.Info>>.................................................................
       0.Info>>......................D.E.S.C.R.I.P.T.I.O.N......................
       0.Info>>.................................................................
       0.Info>>This binary computes the scattering intensities directly from    
       0.Info>>a molecular dynamics trajectory.                                 
       0.Info>>.................................................................
       0.Info>>.................................................................
       0.Info>>...................I.N.I.T.I.A.L.I.Z.A.T.I.O.N...................
       0.Info>>.................................................................
       0.Info>>No configuration file specified. Will use default                
       0.Info>>Looking for configuration file: scatter.xml                      
       0.Info>>Reading parameters from XML file: scatter.xml                    
       0.Info>>Added frames from /home/amajumda/study/continuum_simulations/gitlab/continuum-to-scattering/data/100_100_100_50_50_50/single_atom_shrink/iteration_008/t010/pdb_dcd/sample.dcd using format: dcd
       0.Info>>Options: first=0, last=0, lastset=0, stride=1                    
       0.Info>>stager.target=system                                             
       0.Info>>scattering.type=all                                              
       0.Info>>scattering.dsp.type=square                                       
       0.Info>>scattering.average.orientation.type=vectors                      
       0.Info>>scattering.average.orientation.vectors.type=sphere               
       0.Info>>scattering.average.orientation.vectors.algorithm=boost_uniform_on_sphere
       0.Info>>scattering.average.orientation.vectors.resolution=100            
       0.Info>>Generating orientations for orientational averaging using sphere,boost_uniform_on_sphere
       0.Info>>Initialized orientational averaging with 100 vectors.            
       0.Info>>scattering.signal.file=signal.h5                                 
       0.Info>>scattering.signal.filepath=/home/amajumda/study/continuum_simulations/gitlab/continuum-to-scattering/data/100_100_100_50_50_50/single_atom_shrink/iteration_008/t010/signal.h5
       0.Info>>scattering.signal.fqt=1                                          
       0.Info>>scattering.signal.fq0=1                                          
       0.Info>>scattering.signal.fq=1                                           
       0.Info>>scattering.signal.fq2=1                                          
       0.Info>>Analyzing command line for parameter overwrites                  
       0.Info>>Reading database from file: /home/amajumda/study/continuum_simulations/gitlab/continuum-to-scattering/data/100_100_100_50_50_50/single_atom_shrink/iteration_008/t010/database/db-neutron-coherent.xml
       0.Info>>Checking database...                                             
       0.Info>>Testing mapping between PDB names and atom labels                
       0.Info>>Testing database completeness for referenced atom labels         
       0.Info>>Check succeeded. Database seems OK.                              
       0.Info>>Initializing sample...                                           
       0.Info>>Reading structure from file: /home/amajumda/study/continuum_simulations/gitlab/continuum-to-scattering/data/100_100_100_50_50_50/single_atom_shrink/iteration_008/t010/pdb_dcd/sample.pdb
       0.Info>>Done. Atoms read: 125000                                         
       0.Info>>Reading frames from: /home/amajumda/study/continuum_simulations/gitlab/continuum-to-scattering/data/100_100_100_50_50_50/single_atom_shrink/iteration_008/t010/pdb_dcd/sample.dcd
       0.Info>>Found 1 frames                                                   
       0.Info>>Total number of coordinate sets found: 1                         
       0.Info>>Exchanging sample, database & params information with compute nodes... 
       0.Info>>params...                                                        
       0.Info>>database...                                                      
       0.Info>>sample...                                                        
       0.Info>>.................................................................
       0.Info>>......................C.O.M.P.U.T.A.T.I.O.N......................
       0.Info>>.................................................................
       0.Info>>Setting up services...                                           
       0.Info>>Initializing data file service...                                
       0.Info>>Initializing monitor service...                                  
       0.Info>>Starting data file service...                                    
       0.Info>>Starting monitor service...                                      
       0.Info>>Services setup and running...                                    
       0.Info>>Checking /home/amajumda/study/continuum_simulations/gitlab/continuum-to-scattering/data/100_100_100_50_50_50/single_atom_shrink/iteration_008/t010/signal.h5 for old results.
       0.Info>>Broadcasting service information                                 
       0.Info>>Server host name    : hzglap02                                   
       0.Info>>FileService Port    : 45835                                      
       0.Info>>MonitorService Port : 36489                                      
       0.Info>>Setting up parallel environment...                               
       0.Info>>Searching for decomposition plan:                                
       0.Info>>nodes    = 8                                                     
       0.Info>>qvectors = 100                                                   
       0.Info>>frames   = 1                                                     
       0.Info>>atoms   = 125000                                                 
       0.Info>>All interference scattering detected. Applying frame decomposition.
       0.Info>>Automatic decomposition. Searching for best utilization.         
       0.Info>>Final decomposition parameters:                                  
       0.Info>>NN                : 8                                            
       0.Info>>NQ                : 100                                          
       0.Info>>NAF               : 1                                            
       0.Info>>NP                : 8                                            
       0.Info>>NNpP              : 1                                            
       0.Info>>NAFcycles         : 1                                            
       0.Info>>NQcycles          : 13                                           
       0.Info>>CompEl (WASTE/USE): 4/100                                        
       0.Info>>utilization(1=best)    : 0.96153846153846156                     
       0.Info>>Initializing Scatter Device, Vectors (all)                       
       0.Info>>Starting scattering...                                           
       0.Info>>Checking memory requirements for scattering calculation...       
       0.Info>>required limits.computation.memory.result_buffer=16              
       0.Info>>required limits.computation.memory.signal_buffer=16              
       0.Info>>required limits.computation.memory.exchange_buffer=0             
       0.Info>>required limits.computation.memory.alignpad_buffer=32            
       0.Info>>Memory limits ok                                                 
       0.Info>>Staging data...                                                  
       0.Info>>Forcing stager.mode=frames                                       
       0.Info>>Staging first partition.                                         
       0.Info>>Staging remaining partitions.                                    
       0.Info>>background scattering length set to 0                            
       0.Info>>Target initialized.                                              
       0.Info>>Target 'system' produces a background scattering length density of 1.2223099629482781e-07
       0.Info>>Starting computation...                                          
       0.Info>>Orientational averaging includes 100 vectors                     
       0.Info>>Setting progress sampling factor for monitoring to 1             
       0.Info>>Progress: 1.500%, ETOTAL: 61.931800000000003 s, ETA: 61.002822999999999 s
       0.Info>>Progress: 3.000%, ETOTAL: 31.203099999999999 s, ETA: 30.267007 s 
       0.Info>>Progress: 4.625%, ETOTAL: 20.253254054054054 s, ETA: 19.316541054054053 s
       0.Info>>Progress: 6.250%, ETOTAL: 15.212912000000001 s, ETA: 14.262105000000002 s
       0.Info>>Progress: 11.260%, ETOTAL: 8.6922271970397773 s, ETA: 7.7134461970397776 s
       0.Info>>Progress: 20.656%, ETOTAL: 14.285506807866868 s, ETA: 11.334656807866867 s
       0.Info>>Progress: 30.561%, ETOTAL: 10.115903848977451 s, ETA: 7.0243928489774508 s
       0.Info>>Progress: 40.705%, ETOTAL: 7.7358483779527569 s, ETA: 4.5869613779527567 s
       0.Info>>Progress: 50.455%, ETOTAL: 9.7815527887180824 s, ETA: 4.8462577887180815 s
       0.Info>>Progress: 62.580%, ETOTAL: 7.9500540230473771 s, ETA: 2.9749000230473754 s
       0.Info>>Progress: 72.455%, ETOTAL: 9.592686083340709 s, ETA: 2.6422930833407063 s
       0.Info>>Progress: 82.705%, ETOTAL: 8.4298775073632033 s, ETA: 1.4579365073632005 s
       0.Info>>Scattering finished...                                           
       0.Info>>.................................................................
       0.Info>>.....................R.U.N...A.N.A.L.Y.S.I.S.....................
       0.Info>>.................................................................
       0.Info>>Aggregating timing information for performance analysis...       
       0.Info>>                                                                 
       0.Info>>                    Performance Analysis                         
       0.Info>>-----------------------------------------------------------------
       0.Info>> mean and total runtimes:                                        
       0.Info>>-----------------------------------------------------------------
       0.Info>>          measure |    total |       count |     mean |   stddev 
       0.Info>>-----------------------------------------------------------------
       0.Info>>   sd:c:b:dspstore| 3.678e-02|        10000| 3.678e-06| 1.983e-06
       0.Info>>    sd:c:b:scatter| 4.453e+01|        10000| 4.453e-03| 8.240e-04
       0.Info>>        sd:c:block| 4.471e+01|          100| 4.471e-01| 4.269e-02
       0.Info>>         sd:c:init| 1.468e+01|          100| 1.468e-01| 2.444e-02
       0.Info>>       sd:c:reduce| 1.070e-04|          100| 1.070e-06| 5.060e-07
       0.Info>>         sd:c:wait| 1.770e-04|          100| 1.770e-06| 5.437e-07
       0.Info>>        sd:compute| 5.939e+01|          100| 5.939e-01| 5.251e-02
       0.Info>>         sd:runner| 5.939e+01|            8| 7.424e+00| 0.000e+00
       0.Info>>          sd:stage| 1.965e-01|            8| 2.456e-02| 0.000e+00
       0.Info>> sd:worker:scatter| 4.415e+01|        10000| 4.415e-03| 8.103e-04
       0.Info>>    sd:worker:wait| 1.514e+01|        10000| 1.514e-03| 1.485e-02
       0.Info>>          sd:write| 1.056e-03|          100| 1.056e-05| 8.032e-06
       0.Info>>           st:fill| 1.371e-02|            8| 1.714e-03| 0.000e+00
       0.Info>>          st:first| 2.272e-02|            1| 2.272e-02| 0.000e+00
       0.Info>>           st:load| 2.241e-02|            1| 2.241e-02| 0.000e+00
       0.Info>>           st:wait| 1.593e-01|            8| 1.991e-02| 0.000e+00
       0.Info>>-----------------------------------------------------------------
       0.Info>>-----------------------------------------------------------------
       0.Info>> watermarks:                                                     
       0.Info>>-----------------------------------------------------------------
       0.Info>>          measure |      min |      max                          
       0.Info>>-----------------------------------------------------------------
       0.Info>>   sd:c:b:dspstore| 2.000e-06| 7.000e-05                         
       0.Info>>    sd:c:b:scatter| 1.525e-03| 1.037e-02                         
       0.Info>>        sd:c:block| 1.675e-01| 5.406e-01                         
       0.Info>>         sd:c:init| 1.143e-01| 2.244e-01                         
       0.Info>>       sd:c:reduce| 0.000e+00| 3.000e-06                         
       0.Info>>         sd:c:wait| 1.000e-06| 4.000e-06                         
       0.Info>>        sd:compute| 2.845e-01| 7.227e-01                         
       0.Info>>         sd:runner| 6.711e+00| 7.701e+00                         
       0.Info>>          sd:stage| 2.438e-02| 2.466e-02                         
       0.Info>> sd:worker:scatter| 1.503e-03| 7.507e-03                         
       0.Info>>    sd:worker:wait| 1.000e-06| 2.245e-01                         
       0.Info>>          sd:write| 5.000e-06| 4.700e-05                         
       0.Info>>           st:fill| 1.537e-03| 1.809e-03                         
       0.Info>>          st:first| 2.272e-02| 2.272e-02                         
       0.Info>>           st:load| 2.241e-02| 2.241e-02                         
       0.Info>>           st:wait| 7.000e-06| 2.276e-02                         
       0.Info>>-----------------------------------------------------------------
       0.Info>>                                                                 
       0.Info>>         Performance Analysis (relative to total time * nodes)   
       0.Info>>-----------------------------------------------------------------
       0.Info>> mean and total runtimes:                                        
       0.Info>>-----------------------------------------------------------------
       0.Info>>          measure |    total |       count |     mean |   stddev 
       0.Info>>-----------------------------------------------------------------
       0.Info>>   sd:c:b:dspstore| 5.674e-04|        10000| 5.674e-08| 2.463e-07
       0.Info>>    sd:c:b:scatter| 6.869e-01|        10000| 6.869e-05| 1.023e-04
       0.Info>>        sd:c:block| 6.897e-01|          100| 6.897e-03| 5.302e-03
       0.Info>>         sd:c:init| 2.264e-01|          100| 2.264e-03| 3.036e-03
       0.Info>>       sd:c:reduce| 1.651e-06|          100| 1.651e-08| 6.284e-08
       0.Info>>         sd:c:wait| 2.730e-06|          100| 2.730e-08| 6.753e-08
       0.Info>>        sd:compute| 9.161e-01|          100| 9.161e-03| 6.522e-03
       0.Info>>         sd:runner| 9.162e-01|            8| 1.145e-01| 0.000e+00
       0.Info>>          sd:stage| 3.031e-03|            8| 3.788e-04| 0.000e+00
       0.Info>> sd:worker:scatter| 6.811e-01|        10000| 6.811e-05| 1.006e-04
       0.Info>>    sd:worker:wait| 2.335e-01|        10000| 2.335e-05| 1.844e-03
       0.Info>>          sd:write| 1.629e-05|          100| 1.629e-07| 9.976e-07
       0.Info>>           st:fill| 2.115e-04|            8| 2.644e-05| 0.000e+00
       0.Info>>          st:first| 3.504e-04|            1| 3.504e-04| 0.000e+00
       0.Info>>           st:load| 3.456e-04|            1| 3.456e-04| 0.000e+00
       0.Info>>           st:wait| 2.457e-03|            8| 3.071e-04| 0.000e+00
       0.Info>>-----------------------------------------------------------------
       0.Info>>-----------------------------------------------------------------
       0.Info>> watermarks:                                                     
       0.Info>>-----------------------------------------------------------------
       0.Info>>          measure |      min |      max                          
       0.Info>>-----------------------------------------------------------------
       0.Info>>   sd:c:b:dspstore| 3.085e-08| 1.080e-06                         
       0.Info>>    sd:c:b:scatter| 2.352e-05| 1.599e-04                         
       0.Info>>        sd:c:block| 2.584e-03| 8.340e-03                         
       0.Info>>         sd:c:init| 1.764e-03| 3.461e-03                         
       0.Info>>       sd:c:reduce| 0.000e+00| 4.628e-08                         
       0.Info>>         sd:c:wait| 1.543e-08| 6.170e-08                         
       0.Info>>        sd:compute| 4.389e-03| 1.115e-02                         
       0.Info>>         sd:runner| 1.035e-01| 1.188e-01                         
       0.Info>>          sd:stage| 3.761e-04| 3.803e-04                         
       0.Info>> sd:worker:scatter| 2.319e-05| 1.158e-04                         
       0.Info>>    sd:worker:wait| 1.543e-08| 3.463e-03                         
       0.Info>>          sd:write| 7.713e-08| 7.250e-07                         
       0.Info>>           st:fill| 2.371e-05| 2.791e-05                         
       0.Info>>          st:first| 3.504e-04| 3.504e-04                         
       0.Info>>           st:load| 3.456e-04| 3.456e-04                         
       0.Info>>           st:wait| 1.080e-07| 3.510e-04                         
       0.Info>>-----------------------------------------------------------------
       0.Info>>Total runtime (s): 8.1032759999999993                            
       0.Info>>Successfully finished... Have a nice day!                        
