       0.Info>>This software is being developed by Benjamin Lindner.                    
       0.Info>>For help, suggestions or correspondense use:                             
       0.Info>>ben@benlabs.net, Benjamin Lindner (Main Developer, Impl. & Maintenance)  
       0.Info>>franc@cmm.ki.si, Franci Merzel (Methodology)                             
       0.Info>>For publications include the following references:                       
       0.Info>>.........................................................................
       0.Info>>1. Sassena - X-ray and Neutron Scattering Calculated                     
       0.Info>>  from Molecular Dynamics Trajectories using Massively Parallel Computers
       0.Info>>  published as a Computer Program in Physics Paper                       
       0.Info>>.........................................................................
       0.Info>>Version Information: 1.4.2                                       
       0.Info>>                                                                 
       0.Info>>.................................................................
       0.Info>>......................D.E.S.C.R.I.P.T.I.O.N......................
       0.Info>>.................................................................
       0.Info>>This binary computes the scattering intensities directly from    
       0.Info>>a molecular dynamics trajectory.                                 
       0.Info>>.................................................................
       0.Info>>.................................................................
       0.Info>>...................I.N.I.T.I.A.L.I.Z.A.T.I.O.N...................
       0.Info>>.................................................................
       0.Info>>No configuration file specified. Will use default                
       0.Info>>Looking for configuration file: scatter.xml                      
       0.Info>>Reading parameters from XML file: scatter.xml                    
       0.Info>>Added frames from /home/amajumda/study/continuum_simulations/gitlab/continuum-to-scattering/data/100_100_100_10_10_10/single_atom_shrink/iteration_005/t009/pdb_dcd/sample.dcd using format: dcd
       0.Info>>Options: first=0, last=0, lastset=0, stride=1                    
       0.Info>>stager.target=system                                             
       0.Info>>scattering.type=all                                              
       0.Info>>scattering.dsp.type=square                                       
       0.Info>>scattering.average.orientation.type=vectors                      
       0.Info>>scattering.average.orientation.vectors.type=sphere               
       0.Info>>scattering.average.orientation.vectors.algorithm=boost_uniform_on_sphere
       0.Info>>scattering.average.orientation.vectors.resolution=100            
       0.Info>>Generating orientations for orientational averaging using sphere,boost_uniform_on_sphere
       0.Info>>Initialized orientational averaging with 100 vectors.            
       0.Info>>scattering.signal.file=signal.h5                                 
       0.Info>>scattering.signal.filepath=/home/amajumda/study/continuum_simulations/gitlab/continuum-to-scattering/data/100_100_100_10_10_10/single_atom_shrink/iteration_005/t009/signal.h5
       0.Info>>scattering.signal.fqt=1                                          
       0.Info>>scattering.signal.fq0=1                                          
       0.Info>>scattering.signal.fq=1                                           
       0.Info>>scattering.signal.fq2=1                                          
       0.Info>>Analyzing command line for parameter overwrites                  
       0.Info>>Reading database from file: /home/amajumda/study/continuum_simulations/gitlab/continuum-to-scattering/data/100_100_100_10_10_10/single_atom_shrink/iteration_005/t009/database/db-neutron-coherent.xml
       0.Info>>Checking database...                                             
       0.Info>>Testing mapping between PDB names and atom labels                
       0.Info>>Testing database completeness for referenced atom labels         
       0.Info>>Check succeeded. Database seems OK.                              
       0.Info>>Initializing sample...                                           
       0.Info>>Reading structure from file: /home/amajumda/study/continuum_simulations/gitlab/continuum-to-scattering/data/100_100_100_10_10_10/single_atom_shrink/iteration_005/t009/pdb_dcd/sample.pdb
       0.Info>>Done. Atoms read: 1000                                           
       0.Info>>Reading frames from: /home/amajumda/study/continuum_simulations/gitlab/continuum-to-scattering/data/100_100_100_10_10_10/single_atom_shrink/iteration_005/t009/pdb_dcd/sample.dcd
       0.Info>>Found 1 frames                                                   
       0.Info>>Total number of coordinate sets found: 1                         
       0.Info>>Exchanging sample, database & params information with compute nodes... 
       0.Info>>params...                                                        
       0.Info>>database...                                                      
       0.Info>>sample...                                                        
       0.Info>>.................................................................
       0.Info>>......................C.O.M.P.U.T.A.T.I.O.N......................
       0.Info>>.................................................................
       0.Info>>Setting up services...                                           
       0.Info>>Initializing data file service...                                
       0.Info>>Initializing monitor service...                                  
       0.Info>>Starting data file service...                                    
       0.Info>>Starting monitor service...                                      
       0.Info>>Services setup and running...                                    
       0.Info>>Checking /home/amajumda/study/continuum_simulations/gitlab/continuum-to-scattering/data/100_100_100_10_10_10/single_atom_shrink/iteration_005/t009/signal.h5 for old results.
       0.Info>>Broadcasting service information                                 
       0.Info>>Server host name    : hzglap02                                   
       0.Info>>FileService Port    : 33827                                      
       0.Info>>MonitorService Port : 46569                                      
       0.Info>>Setting up parallel environment...                               
       0.Info>>Searching for decomposition plan:                                
       0.Info>>nodes    = 8                                                     
       0.Info>>qvectors = 100                                                   
       0.Info>>frames   = 1                                                     
       0.Info>>atoms   = 1000                                                   
       0.Info>>All interference scattering detected. Applying frame decomposition.
       0.Info>>Automatic decomposition. Searching for best utilization.         
       0.Info>>Final decomposition parameters:                                  
       0.Info>>NN                : 8                                            
       0.Info>>NQ                : 100                                          
       0.Info>>NAF               : 1                                            
       0.Info>>NP                : 8                                            
       0.Info>>NNpP              : 1                                            
       0.Info>>NAFcycles         : 1                                            
       0.Info>>NQcycles          : 13                                           
       0.Info>>CompEl (WASTE/USE): 4/100                                        
       0.Info>>utilization(1=best)    : 0.96153846153846156                     
       0.Info>>Initializing Scatter Device, Vectors (all)                       
       0.Info>>Starting scattering...                                           
       0.Info>>Checking memory requirements for scattering calculation...       
       0.Info>>required limits.computation.memory.result_buffer=16              
       0.Info>>required limits.computation.memory.signal_buffer=16              
       0.Info>>required limits.computation.memory.exchange_buffer=0             
       0.Info>>required limits.computation.memory.alignpad_buffer=32            
       0.Info>>Memory limits ok                                                 
       0.Info>>Staging data...                                                  
       0.Info>>Forcing stager.mode=frames                                       
       0.Info>>Staging first partition.                                         
       0.Info>>Staging remaining partitions.                                    
       0.Info>>background scattering length set to 0                            
       0.Info>>Target initialized.                                              
       0.Info>>Target 'system' produces a background scattering length density of 0.012732395447351837
       0.Info>>Starting computation...                                          
       0.Info>>Orientational averaging includes 100 vectors                     
       0.Info>>Setting progress sampling factor for monitoring to 1             
       0.Info>>Scattering finished...                                           
       0.Info>>.................................................................
       0.Info>>.....................R.U.N...A.N.A.L.Y.S.I.S.....................
       0.Info>>.................................................................
       0.Info>>Aggregating timing information for performance analysis...       
       0.Info>>                                                                 
       0.Info>>                    Performance Analysis                         
       0.Info>>-----------------------------------------------------------------
       0.Info>> mean and total runtimes:                                        
       0.Info>>-----------------------------------------------------------------
       0.Info>>          measure |    total |       count |     mean |   stddev 
       0.Info>>-----------------------------------------------------------------
       0.Info>>   sd:c:b:dspstore| 2.622e-02|        10000| 2.622e-06| 1.721e-06
       0.Info>>    sd:c:b:scatter| 6.097e-01|        10000| 6.097e-05| 2.395e-05
       0.Info>>        sd:c:block| 7.365e-01|          100| 7.365e-03| 5.397e-04
       0.Info>>         sd:c:init| 1.358e-01|          100| 1.358e-03| 3.341e-04
       0.Info>>       sd:c:reduce| 9.200e-05|          100| 9.200e-07| 5.981e-07
       0.Info>>         sd:c:wait| 1.320e-04|          100| 1.320e-06| 5.877e-07
       0.Info>>        sd:compute| 8.744e-01|          100| 8.744e-03| 6.020e-04
       0.Info>>         sd:runner| 8.774e-01|            8| 1.097e-01| 0.000e+00
       0.Info>>          sd:stage| 4.149e-03|            8| 5.186e-04| 0.000e+00
       0.Info>> sd:worker:scatter| 4.265e-01|        10000| 4.265e-05| 6.885e-06
       0.Info>>    sd:worker:wait| 3.762e-01|        10000| 3.762e-05| 1.453e-04
       0.Info>>          sd:write| 7.540e-04|          100| 7.540e-06| 5.292e-06
       0.Info>>           st:fill| 6.830e-04|            8| 8.538e-05| 0.000e+00
       0.Info>>          st:first| 3.120e-04|            1| 3.120e-04| 0.000e+00
       0.Info>>           st:load| 2.850e-04|            1| 2.850e-04| 0.000e+00
       0.Info>>           st:wait| 2.385e-03|            8| 2.981e-04| 0.000e+00
       0.Info>>-----------------------------------------------------------------
       0.Info>>-----------------------------------------------------------------
       0.Info>> watermarks:                                                     
       0.Info>>-----------------------------------------------------------------
       0.Info>>          measure |      min |      max                          
       0.Info>>-----------------------------------------------------------------
       0.Info>>   sd:c:b:dspstore| 1.000e-06| 5.800e-05                         
       0.Info>>    sd:c:b:scatter| 2.600e-05| 1.770e-03                         
       0.Info>>        sd:c:block| 4.458e-03| 9.047e-03                         
       0.Info>>         sd:c:init| 9.080e-04| 2.486e-03                         
       0.Info>>       sd:c:reduce| 0.000e+00| 3.000e-06                         
       0.Info>>         sd:c:wait| 0.000e+00| 3.000e-06                         
       0.Info>>        sd:compute| 6.510e-03| 1.090e-02                         
       0.Info>>         sd:runner| 9.861e-02| 1.178e-01                         
       0.Info>>          sd:stage| 5.130e-04| 5.260e-04                         
       0.Info>> sd:worker:scatter| 1.200e-05| 1.800e-04                         
       0.Info>>    sd:worker:wait| 1.200e-05| 2.531e-03                         
       0.Info>>          sd:write| 4.000e-06| 2.800e-05                         
       0.Info>>           st:fill| 7.300e-05| 9.100e-05                         
       0.Info>>          st:first| 3.120e-04| 3.120e-04                         
       0.Info>>           st:load| 2.850e-04| 2.850e-04                         
       0.Info>>           st:wait| 5.000e-06| 3.440e-04                         
       0.Info>>-----------------------------------------------------------------
       0.Info>>                                                                 
       0.Info>>         Performance Analysis (relative to total time * nodes)   
       0.Info>>-----------------------------------------------------------------
       0.Info>> mean and total runtimes:                                        
       0.Info>>-----------------------------------------------------------------
       0.Info>>          measure |    total |       count |     mean |   stddev 
       0.Info>>-----------------------------------------------------------------
       0.Info>>   sd:c:b:dspstore| 1.987e-02|        10000| 1.987e-06| 1.498e-06
       0.Info>>    sd:c:b:scatter| 4.619e-01|        10000| 4.619e-05| 2.084e-05
       0.Info>>        sd:c:block| 5.580e-01|          100| 5.580e-03| 4.697e-04
       0.Info>>         sd:c:init| 1.029e-01|          100| 1.029e-03| 2.908e-04
       0.Info>>       sd:c:reduce| 6.970e-05|          100| 6.970e-07| 5.206e-07
       0.Info>>         sd:c:wait| 1.000e-04|          100| 1.000e-06| 5.116e-07
       0.Info>>        sd:compute| 6.624e-01|          100| 6.624e-03| 5.240e-04
       0.Info>>         sd:runner| 6.647e-01|            8| 8.309e-02| 0.000e+00
       0.Info>>          sd:stage| 3.143e-03|            8| 3.929e-04| 0.000e+00
       0.Info>> sd:worker:scatter| 3.231e-01|        10000| 3.231e-05| 5.993e-06
       0.Info>>    sd:worker:wait| 2.850e-01|        10000| 2.850e-05| 1.264e-04
       0.Info>>          sd:write| 5.712e-04|          100| 5.712e-06| 4.606e-06
       0.Info>>           st:fill| 5.174e-04|            8| 6.468e-05| 0.000e+00
       0.Info>>          st:first| 2.364e-04|            1| 2.364e-04| 0.000e+00
       0.Info>>           st:load| 2.159e-04|            1| 2.159e-04| 0.000e+00
       0.Info>>           st:wait| 1.807e-03|            8| 2.259e-04| 0.000e+00
       0.Info>>-----------------------------------------------------------------
       0.Info>>-----------------------------------------------------------------
       0.Info>> watermarks:                                                     
       0.Info>>-----------------------------------------------------------------
       0.Info>>          measure |      min |      max                          
       0.Info>>-----------------------------------------------------------------
       0.Info>>   sd:c:b:dspstore| 7.576e-07| 4.394e-05                         
       0.Info>>    sd:c:b:scatter| 1.970e-05| 1.341e-03                         
       0.Info>>        sd:c:block| 3.377e-03| 6.854e-03                         
       0.Info>>         sd:c:init| 6.879e-04| 1.883e-03                         
       0.Info>>       sd:c:reduce| 0.000e+00| 2.273e-06                         
       0.Info>>         sd:c:wait| 0.000e+00| 2.273e-06                         
       0.Info>>        sd:compute| 4.932e-03| 8.255e-03                         
       0.Info>>         sd:runner| 7.470e-02| 8.926e-02                         
       0.Info>>          sd:stage| 3.886e-04| 3.985e-04                         
       0.Info>> sd:worker:scatter| 9.091e-06| 1.364e-04                         
       0.Info>>    sd:worker:wait| 9.091e-06| 1.917e-03                         
       0.Info>>          sd:write| 3.030e-06| 2.121e-05                         
       0.Info>>           st:fill| 5.530e-05| 6.894e-05                         
       0.Info>>          st:first| 2.364e-04| 2.364e-04                         
       0.Info>>           st:load| 2.159e-04| 2.159e-04                         
       0.Info>>           st:wait| 3.788e-06| 2.606e-04                         
       0.Info>>-----------------------------------------------------------------
       0.Info>>Total runtime (s): 0.16500000000000001                           
       0.Info>>Successfully finished... Have a nice day!                        
