       0.Info>>This software is being developed by Benjamin Lindner.                    
       0.Info>>For help, suggestions or correspondense use:                             
       0.Info>>ben@benlabs.net, Benjamin Lindner (Main Developer, Impl. & Maintenance)  
       0.Info>>franc@cmm.ki.si, Franci Merzel (Methodology)                             
       0.Info>>For publications include the following references:                       
       0.Info>>.........................................................................
       0.Info>>1. Sassena - X-ray and Neutron Scattering Calculated                     
       0.Info>>  from Molecular Dynamics Trajectories using Massively Parallel Computers
       0.Info>>  published as a Computer Program in Physics Paper                       
       0.Info>>.........................................................................
       0.Info>>Version Information: 1.4.2                                       
       0.Info>>                                                                 
       0.Info>>.................................................................
       0.Info>>......................D.E.S.C.R.I.P.T.I.O.N......................
       0.Info>>.................................................................
       0.Info>>This binary computes the scattering intensities directly from    
       0.Info>>a molecular dynamics trajectory.                                 
       0.Info>>.................................................................
       0.Info>>.................................................................
       0.Info>>...................I.N.I.T.I.A.L.I.Z.A.T.I.O.N...................
       0.Info>>.................................................................
       0.Info>>No configuration file specified. Will use default                
       0.Info>>Looking for configuration file: scatter.xml                      
       0.Info>>Reading parameters from XML file: scatter.xml                    
       0.Info>>Added frames from /home/amajumda/study/continuum_simulations/gitlab/continuum-to-scattering/data/100_100_100_10_10_10/single_atom_shrink/iteration_004/t007/pdb_dcd/sample.dcd using format: dcd
       0.Info>>Options: first=0, last=0, lastset=0, stride=1                    
       0.Info>>stager.target=system                                             
       0.Info>>scattering.type=all                                              
       0.Info>>scattering.dsp.type=square                                       
       0.Info>>scattering.average.orientation.type=vectors                      
       0.Info>>scattering.average.orientation.vectors.type=sphere               
       0.Info>>scattering.average.orientation.vectors.algorithm=boost_uniform_on_sphere
       0.Info>>scattering.average.orientation.vectors.resolution=100            
       0.Info>>Generating orientations for orientational averaging using sphere,boost_uniform_on_sphere
       0.Info>>Initialized orientational averaging with 100 vectors.            
       0.Info>>scattering.signal.file=signal.h5                                 
       0.Info>>scattering.signal.filepath=/home/amajumda/study/continuum_simulations/gitlab/continuum-to-scattering/data/100_100_100_10_10_10/single_atom_shrink/iteration_004/t007/signal.h5
       0.Info>>scattering.signal.fqt=1                                          
       0.Info>>scattering.signal.fq0=1                                          
       0.Info>>scattering.signal.fq=1                                           
       0.Info>>scattering.signal.fq2=1                                          
       0.Info>>Analyzing command line for parameter overwrites                  
       0.Info>>Reading database from file: /home/amajumda/study/continuum_simulations/gitlab/continuum-to-scattering/data/100_100_100_10_10_10/single_atom_shrink/iteration_004/t007/database/db-neutron-coherent.xml
       0.Info>>Checking database...                                             
       0.Info>>Testing mapping between PDB names and atom labels                
       0.Info>>Testing database completeness for referenced atom labels         
       0.Info>>Check succeeded. Database seems OK.                              
       0.Info>>Initializing sample...                                           
       0.Info>>Reading structure from file: /home/amajumda/study/continuum_simulations/gitlab/continuum-to-scattering/data/100_100_100_10_10_10/single_atom_shrink/iteration_004/t007/pdb_dcd/sample.pdb
       0.Info>>Done. Atoms read: 1000                                           
       0.Info>>Reading frames from: /home/amajumda/study/continuum_simulations/gitlab/continuum-to-scattering/data/100_100_100_10_10_10/single_atom_shrink/iteration_004/t007/pdb_dcd/sample.dcd
       0.Info>>Found 1 frames                                                   
       0.Info>>Total number of coordinate sets found: 1                         
       0.Info>>Exchanging sample, database & params information with compute nodes... 
       0.Info>>params...                                                        
       0.Info>>database...                                                      
       0.Info>>sample...                                                        
       0.Info>>.................................................................
       0.Info>>......................C.O.M.P.U.T.A.T.I.O.N......................
       0.Info>>.................................................................
       0.Info>>Setting up services...                                           
       0.Info>>Initializing data file service...                                
       0.Info>>Initializing monitor service...                                  
       0.Info>>Starting data file service...                                    
       0.Info>>Starting monitor service...                                      
       0.Info>>Services setup and running...                                    
       0.Info>>Checking /home/amajumda/study/continuum_simulations/gitlab/continuum-to-scattering/data/100_100_100_10_10_10/single_atom_shrink/iteration_004/t007/signal.h5 for old results.
       0.Info>>Broadcasting service information                                 
       0.Info>>Server host name    : hzglap02                                   
       0.Info>>FileService Port    : 34229                                      
       0.Info>>MonitorService Port : 43691                                      
       0.Info>>Setting up parallel environment...                               
       0.Info>>Searching for decomposition plan:                                
       0.Info>>nodes    = 8                                                     
       0.Info>>qvectors = 100                                                   
       0.Info>>frames   = 1                                                     
       0.Info>>atoms   = 1000                                                   
       0.Info>>All interference scattering detected. Applying frame decomposition.
       0.Info>>Automatic decomposition. Searching for best utilization.         
       0.Info>>Final decomposition parameters:                                  
       0.Info>>NN                : 8                                            
       0.Info>>NQ                : 100                                          
       0.Info>>NAF               : 1                                            
       0.Info>>NP                : 8                                            
       0.Info>>NNpP              : 1                                            
       0.Info>>NAFcycles         : 1                                            
       0.Info>>NQcycles          : 13                                           
       0.Info>>CompEl (WASTE/USE): 4/100                                        
       0.Info>>utilization(1=best)    : 0.96153846153846156                     
       0.Info>>Initializing Scatter Device, Vectors (all)                       
       0.Info>>Starting scattering...                                           
       0.Info>>Checking memory requirements for scattering calculation...       
       0.Info>>required limits.computation.memory.result_buffer=16              
       0.Info>>required limits.computation.memory.signal_buffer=16              
       0.Info>>required limits.computation.memory.exchange_buffer=0             
       0.Info>>required limits.computation.memory.alignpad_buffer=32            
       0.Info>>Memory limits ok                                                 
       0.Info>>Staging data...                                                  
       0.Info>>Forcing stager.mode=frames                                       
       0.Info>>Staging first partition.                                         
       0.Info>>Staging remaining partitions.                                    
       0.Info>>background scattering length set to 0                            
       0.Info>>Target initialized.                                              
       0.Info>>Target 'system' produces a background scattering length density of 0.035650707252585144
       0.Info>>Starting computation...                                          
       0.Info>>Orientational averaging includes 100 vectors                     
       0.Info>>Setting progress sampling factor for monitoring to 1             
       0.Info>>Scattering finished...                                           
       0.Info>>.................................................................
       0.Info>>.....................R.U.N...A.N.A.L.Y.S.I.S.....................
       0.Info>>.................................................................
       0.Info>>Aggregating timing information for performance analysis...       
       0.Info>>                                                                 
       0.Info>>                    Performance Analysis                         
       0.Info>>-----------------------------------------------------------------
       0.Info>> mean and total runtimes:                                        
       0.Info>>-----------------------------------------------------------------
       0.Info>>          measure |    total |       count |     mean |   stddev 
       0.Info>>-----------------------------------------------------------------
       0.Info>>   sd:c:b:dspstore| 2.611e-02|        10000| 2.611e-06| 1.867e-06
       0.Info>>    sd:c:b:scatter| 6.066e-01|        10000| 6.066e-05| 1.880e-05
       0.Info>>        sd:c:block| 7.329e-01|          100| 7.329e-03| 4.123e-04
       0.Info>>         sd:c:init| 1.420e-01|          100| 1.420e-03| 3.340e-04
       0.Info>>       sd:c:reduce| 1.000e-04|          100| 1.000e-06| 5.511e-07
       0.Info>>         sd:c:wait| 1.380e-04|          100| 1.380e-06| 5.843e-07
       0.Info>>        sd:compute| 8.770e-01|          100| 8.770e-03| 5.976e-04
       0.Info>>         sd:runner| 8.812e-01|            8| 1.102e-01| 0.000e+00
       0.Info>>          sd:stage| 4.667e-03|            8| 5.834e-04| 0.000e+00
       0.Info>> sd:worker:scatter| 4.285e-01|        10000| 4.285e-05| 6.492e-06
       0.Info>>    sd:worker:wait| 3.785e-01|        10000| 3.785e-05| 1.526e-04
       0.Info>>          sd:write| 7.710e-04|          100| 7.710e-06| 5.604e-06
       0.Info>>           st:fill| 9.630e-04|            8| 1.204e-04| 0.000e+00
       0.Info>>          st:first| 3.210e-04|            1| 3.210e-04| 0.000e+00
       0.Info>>           st:load| 2.960e-04|            1| 2.960e-04| 0.000e+00
       0.Info>>           st:wait| 2.559e-03|            8| 3.199e-04| 0.000e+00
       0.Info>>-----------------------------------------------------------------
       0.Info>>-----------------------------------------------------------------
       0.Info>> watermarks:                                                     
       0.Info>>-----------------------------------------------------------------
       0.Info>>          measure |      min |      max                          
       0.Info>>-----------------------------------------------------------------
       0.Info>>   sd:c:b:dspstore| 1.000e-06| 9.300e-05                         
       0.Info>>    sd:c:b:scatter| 2.400e-05| 1.605e-03                         
       0.Info>>        sd:c:block| 5.487e-03| 9.321e-03                         
       0.Info>>         sd:c:init| 9.320e-04| 2.669e-03                         
       0.Info>>       sd:c:reduce| 0.000e+00| 2.000e-06                         
       0.Info>>         sd:c:wait| 0.000e+00| 4.000e-06                         
       0.Info>>        sd:compute| 6.570e-03| 1.143e-02                         
       0.Info>>         sd:runner| 9.908e-02| 1.200e-01                         
       0.Info>>          sd:stage| 5.780e-04| 5.860e-04                         
       0.Info>> sd:worker:scatter| 1.200e-05| 1.410e-04                         
       0.Info>>    sd:worker:wait| 1.000e-05| 3.232e-03                         
       0.Info>>          sd:write| 4.000e-06| 3.500e-05                         
       0.Info>>           st:fill| 9.100e-05| 1.260e-04                         
       0.Info>>          st:first| 3.210e-04| 3.210e-04                         
       0.Info>>           st:load| 2.960e-04| 2.960e-04                         
       0.Info>>           st:wait| 4.000e-06| 3.740e-04                         
       0.Info>>-----------------------------------------------------------------
       0.Info>>                                                                 
       0.Info>>         Performance Analysis (relative to total time * nodes)   
       0.Info>>-----------------------------------------------------------------
       0.Info>> mean and total runtimes:                                        
       0.Info>>-----------------------------------------------------------------
       0.Info>>          measure |    total |       count |     mean |   stddev 
       0.Info>>-----------------------------------------------------------------
       0.Info>>   sd:c:b:dspstore| 1.943e-02|        10000| 1.943e-06| 1.610e-06
       0.Info>>    sd:c:b:scatter| 4.514e-01|        10000| 4.514e-05| 1.622e-05
       0.Info>>        sd:c:block| 5.454e-01|          100| 5.454e-03| 3.557e-04
       0.Info>>         sd:c:init| 1.057e-01|          100| 1.057e-03| 2.881e-04
       0.Info>>       sd:c:reduce| 7.442e-05|          100| 7.442e-07| 4.754e-07
       0.Info>>         sd:c:wait| 1.027e-04|          100| 1.027e-06| 5.041e-07
       0.Info>>        sd:compute| 6.527e-01|          100| 6.527e-03| 5.156e-04
       0.Info>>         sd:runner| 6.558e-01|            8| 8.197e-02| 0.000e+00
       0.Info>>          sd:stage| 3.473e-03|            8| 4.341e-04| 0.000e+00
       0.Info>> sd:worker:scatter| 3.189e-01|        10000| 3.189e-05| 5.601e-06
       0.Info>>    sd:worker:wait| 2.817e-01|        10000| 2.817e-05| 1.316e-04
       0.Info>>          sd:write| 5.738e-04|          100| 5.738e-06| 4.834e-06
       0.Info>>           st:fill| 7.166e-04|            8| 8.958e-05| 0.000e+00
       0.Info>>          st:first| 2.389e-04|            1| 2.389e-04| 0.000e+00
       0.Info>>           st:load| 2.203e-04|            1| 2.203e-04| 0.000e+00
       0.Info>>           st:wait| 1.904e-03|            8| 2.380e-04| 0.000e+00
       0.Info>>-----------------------------------------------------------------
       0.Info>>-----------------------------------------------------------------
       0.Info>> watermarks:                                                     
       0.Info>>-----------------------------------------------------------------
       0.Info>>          measure |      min |      max                          
       0.Info>>-----------------------------------------------------------------
       0.Info>>   sd:c:b:dspstore| 7.442e-07| 6.921e-05                         
       0.Info>>    sd:c:b:scatter| 1.786e-05| 1.194e-03                         
       0.Info>>        sd:c:block| 4.083e-03| 6.936e-03                         
       0.Info>>         sd:c:init| 6.936e-04| 1.986e-03                         
       0.Info>>       sd:c:reduce| 0.000e+00| 1.488e-06                         
       0.Info>>         sd:c:wait| 0.000e+00| 2.977e-06                         
       0.Info>>        sd:compute| 4.889e-03| 8.506e-03                         
       0.Info>>         sd:runner| 7.373e-02| 8.932e-02                         
       0.Info>>          sd:stage| 4.301e-04| 4.361e-04                         
       0.Info>> sd:worker:scatter| 8.930e-06| 1.049e-04                         
       0.Info>>    sd:worker:wait| 7.442e-06| 2.405e-03                         
       0.Info>>          sd:write| 2.977e-06| 2.605e-05                         
       0.Info>>           st:fill| 6.772e-05| 9.377e-05                         
       0.Info>>          st:first| 2.389e-04| 2.389e-04                         
       0.Info>>           st:load| 2.203e-04| 2.203e-04                         
       0.Info>>           st:wait| 2.977e-06| 2.783e-04                         
       0.Info>>-----------------------------------------------------------------
       0.Info>>Total runtime (s): 0.16797200000000001                           
       0.Info>>Successfully finished... Have a nice day!                        
