       0.Info>>This software is being developed by Benjamin Lindner.                    
       0.Info>>For help, suggestions or correspondense use:                             
       0.Info>>ben@benlabs.net, Benjamin Lindner (Main Developer, Impl. & Maintenance)  
       0.Info>>franc@cmm.ki.si, Franci Merzel (Methodology)                             
       0.Info>>For publications include the following references:                       
       0.Info>>.........................................................................
       0.Info>>1. Sassena - X-ray and Neutron Scattering Calculated                     
       0.Info>>  from Molecular Dynamics Trajectories using Massively Parallel Computers
       0.Info>>  published as a Computer Program in Physics Paper                       
       0.Info>>.........................................................................
       0.Info>>Version Information: 1.4.2                                       
       0.Info>>                                                                 
       0.Info>>.................................................................
       0.Info>>......................D.E.S.C.R.I.P.T.I.O.N......................
       0.Info>>.................................................................
       0.Info>>This binary computes the scattering intensities directly from    
       0.Info>>a molecular dynamics trajectory.                                 
       0.Info>>.................................................................
       0.Info>>.................................................................
       0.Info>>...................I.N.I.T.I.A.L.I.Z.A.T.I.O.N...................
       0.Info>>.................................................................
       0.Info>>No configuration file specified. Will use default                
       0.Info>>Looking for configuration file: scatter.xml                      
       0.Info>>Reading parameters from XML file: scatter.xml                    
       0.Info>>Added frames from /home/amajumda/study/continuum_simulations/gitlab/continuum-to-scattering/data/100_100_100_10_10_10/single_atom_shrink/iteration_004/t003/pdb_dcd/sample.dcd using format: dcd
       0.Info>>Options: first=0, last=0, lastset=0, stride=1                    
       0.Info>>stager.target=system                                             
       0.Info>>scattering.type=all                                              
       0.Info>>scattering.dsp.type=square                                       
       0.Info>>scattering.average.orientation.type=vectors                      
       0.Info>>scattering.average.orientation.vectors.type=sphere               
       0.Info>>scattering.average.orientation.vectors.algorithm=boost_uniform_on_sphere
       0.Info>>scattering.average.orientation.vectors.resolution=100            
       0.Info>>Generating orientations for orientational averaging using sphere,boost_uniform_on_sphere
       0.Info>>Initialized orientational averaging with 100 vectors.            
       0.Info>>scattering.signal.file=signal.h5                                 
       0.Info>>scattering.signal.filepath=/home/amajumda/study/continuum_simulations/gitlab/continuum-to-scattering/data/100_100_100_10_10_10/single_atom_shrink/iteration_004/t003/signal.h5
       0.Info>>scattering.signal.fqt=1                                          
       0.Info>>scattering.signal.fq0=1                                          
       0.Info>>scattering.signal.fq=1                                           
       0.Info>>scattering.signal.fq2=1                                          
       0.Info>>Analyzing command line for parameter overwrites                  
       0.Info>>Reading database from file: /home/amajumda/study/continuum_simulations/gitlab/continuum-to-scattering/data/100_100_100_10_10_10/single_atom_shrink/iteration_004/t003/database/db-neutron-coherent.xml
       0.Info>>Checking database...                                             
       0.Info>>Testing mapping between PDB names and atom labels                
       0.Info>>Testing database completeness for referenced atom labels         
       0.Info>>Check succeeded. Database seems OK.                              
       0.Info>>Initializing sample...                                           
       0.Info>>Reading structure from file: /home/amajumda/study/continuum_simulations/gitlab/continuum-to-scattering/data/100_100_100_10_10_10/single_atom_shrink/iteration_004/t003/pdb_dcd/sample.pdb
       0.Info>>Done. Atoms read: 1000                                           
       0.Info>>Reading frames from: /home/amajumda/study/continuum_simulations/gitlab/continuum-to-scattering/data/100_100_100_10_10_10/single_atom_shrink/iteration_004/t003/pdb_dcd/sample.dcd
       0.Info>>Found 1 frames                                                   
       0.Info>>Total number of coordinate sets found: 1                         
       0.Info>>Exchanging sample, database & params information with compute nodes... 
       0.Info>>params...                                                        
       0.Info>>database...                                                      
       0.Info>>sample...                                                        
       0.Info>>.................................................................
       0.Info>>......................C.O.M.P.U.T.A.T.I.O.N......................
       0.Info>>.................................................................
       0.Info>>Setting up services...                                           
       0.Info>>Initializing data file service...                                
       0.Info>>Initializing monitor service...                                  
       0.Info>>Starting data file service...                                    
       0.Info>>Starting monitor service...                                      
       0.Info>>Services setup and running...                                    
       0.Info>>Checking /home/amajumda/study/continuum_simulations/gitlab/continuum-to-scattering/data/100_100_100_10_10_10/single_atom_shrink/iteration_004/t003/signal.h5 for old results.
       0.Info>>Broadcasting service information                                 
       0.Info>>Server host name    : hzglap02                                   
       0.Info>>FileService Port    : 38373                                      
       0.Info>>MonitorService Port : 33117                                      
       0.Info>>Setting up parallel environment...                               
       0.Info>>Searching for decomposition plan:                                
       0.Info>>nodes    = 8                                                     
       0.Info>>qvectors = 100                                                   
       0.Info>>frames   = 1                                                     
       0.Info>>atoms   = 1000                                                   
       0.Info>>All interference scattering detected. Applying frame decomposition.
       0.Info>>Automatic decomposition. Searching for best utilization.         
       0.Info>>Final decomposition parameters:                                  
       0.Info>>NN                : 8                                            
       0.Info>>NQ                : 100                                          
       0.Info>>NAF               : 1                                            
       0.Info>>NP                : 8                                            
       0.Info>>NNpP              : 1                                            
       0.Info>>NAFcycles         : 1                                            
       0.Info>>NQcycles          : 13                                           
       0.Info>>CompEl (WASTE/USE): 4/100                                        
       0.Info>>utilization(1=best)    : 0.96153846153846156                     
       0.Info>>Initializing Scatter Device, Vectors (all)                       
       0.Info>>Starting scattering...                                           
       0.Info>>Checking memory requirements for scattering calculation...       
       0.Info>>required limits.computation.memory.result_buffer=16              
       0.Info>>required limits.computation.memory.signal_buffer=16              
       0.Info>>required limits.computation.memory.exchange_buffer=0             
       0.Info>>required limits.computation.memory.alignpad_buffer=32            
       0.Info>>Memory limits ok                                                 
       0.Info>>Staging data...                                                  
       0.Info>>Forcing stager.mode=frames                                       
       0.Info>>Staging first partition.                                         
       0.Info>>Staging remaining partitions.                                    
       0.Info>>background scattering length set to 0                            
       0.Info>>Target initialized.                                              
       0.Info>>Target 'system' produces a background scattering length density of 0.14939343991559464
       0.Info>>Starting computation...                                          
       0.Info>>Orientational averaging includes 100 vectors                     
       0.Info>>Setting progress sampling factor for monitoring to 1             
       0.Info>>Scattering finished...                                           
       0.Info>>.................................................................
       0.Info>>.....................R.U.N...A.N.A.L.Y.S.I.S.....................
       0.Info>>.................................................................
       0.Info>>Aggregating timing information for performance analysis...       
       0.Info>>                                                                 
       0.Info>>                    Performance Analysis                         
       0.Info>>-----------------------------------------------------------------
       0.Info>> mean and total runtimes:                                        
       0.Info>>-----------------------------------------------------------------
       0.Info>>          measure |    total |       count |     mean |   stddev 
       0.Info>>-----------------------------------------------------------------
       0.Info>>   sd:c:b:dspstore| 2.695e-02|        10000| 2.695e-06| 1.513e-06
       0.Info>>    sd:c:b:scatter| 6.275e-01|        10000| 6.275e-05| 2.641e-05
       0.Info>>        sd:c:block| 7.590e-01|          100| 7.590e-03| 6.459e-04
       0.Info>>         sd:c:init| 1.420e-01|          100| 1.420e-03| 3.620e-04
       0.Info>>       sd:c:reduce| 1.020e-04|          100| 1.020e-06| 6.028e-07
       0.Info>>         sd:c:wait| 1.410e-04|          100| 1.410e-06| 6.094e-07
       0.Info>>        sd:compute| 9.032e-01|          100| 9.032e-03| 7.870e-04
       0.Info>>         sd:runner| 9.065e-01|            8| 1.133e-01| 0.000e+00
       0.Info>>          sd:stage| 3.941e-03|            8| 4.926e-04| 0.000e+00
       0.Info>> sd:worker:scatter| 4.314e-01|        10000| 4.314e-05| 7.432e-06
       0.Info>>    sd:worker:wait| 3.962e-01|        10000| 3.962e-05| 1.520e-04
       0.Info>>          sd:write| 7.890e-04|          100| 7.890e-06| 5.739e-06
       0.Info>>           st:fill| 7.040e-04|            8| 8.800e-05| 0.000e+00
       0.Info>>          st:first| 3.060e-04|            1| 3.060e-04| 0.000e+00
       0.Info>>           st:load| 2.790e-04|            1| 2.790e-04| 0.000e+00
       0.Info>>           st:wait| 2.339e-03|            8| 2.924e-04| 0.000e+00
       0.Info>>-----------------------------------------------------------------
       0.Info>>-----------------------------------------------------------------
       0.Info>> watermarks:                                                     
       0.Info>>-----------------------------------------------------------------
       0.Info>>          measure |      min |      max                          
       0.Info>>-----------------------------------------------------------------
       0.Info>>   sd:c:b:dspstore| 1.000e-06| 5.200e-05                         
       0.Info>>    sd:c:b:scatter| 2.400e-05| 1.563e-03                         
       0.Info>>        sd:c:block| 5.367e-03| 9.189e-03                         
       0.Info>>         sd:c:init| 9.280e-04| 2.599e-03                         
       0.Info>>       sd:c:reduce| 0.000e+00| 5.000e-06                         
       0.Info>>         sd:c:wait| 0.000e+00| 3.000e-06                         
       0.Info>>        sd:compute| 7.008e-03| 1.123e-02                         
       0.Info>>         sd:runner| 1.023e-01| 1.195e-01                         
       0.Info>>          sd:stage| 4.880e-04| 4.960e-04                         
       0.Info>> sd:worker:scatter| 1.200e-05| 3.260e-04                         
       0.Info>>    sd:worker:wait| 1.200e-05| 2.673e-03                         
       0.Info>>          sd:write| 4.000e-06| 3.500e-05                         
       0.Info>>           st:fill| 7.700e-05| 9.200e-05                         
       0.Info>>          st:first| 3.060e-04| 3.060e-04                         
       0.Info>>           st:load| 2.790e-04| 2.790e-04                         
       0.Info>>           st:wait| 4.000e-06| 3.350e-04                         
       0.Info>>-----------------------------------------------------------------
       0.Info>>                                                                 
       0.Info>>         Performance Analysis (relative to total time * nodes)   
       0.Info>>-----------------------------------------------------------------
       0.Info>> mean and total runtimes:                                        
       0.Info>>-----------------------------------------------------------------
       0.Info>>          measure |    total |       count |     mean |   stddev 
       0.Info>>-----------------------------------------------------------------
       0.Info>>   sd:c:b:dspstore| 2.021e-02|        10000| 2.021e-06| 1.310e-06
       0.Info>>    sd:c:b:scatter| 4.706e-01|        10000| 4.706e-05| 2.287e-05
       0.Info>>        sd:c:block| 5.692e-01|          100| 5.692e-03| 5.593e-04
       0.Info>>         sd:c:init| 1.065e-01|          100| 1.065e-03| 3.135e-04
       0.Info>>       sd:c:reduce| 7.649e-05|          100| 7.649e-07| 5.220e-07
       0.Info>>         sd:c:wait| 1.057e-04|          100| 1.057e-06| 5.277e-07
       0.Info>>        sd:compute| 6.773e-01|          100| 6.773e-03| 6.815e-04
       0.Info>>         sd:runner| 6.798e-01|            8| 8.497e-02| 0.000e+00
       0.Info>>          sd:stage| 2.955e-03|            8| 3.694e-04| 0.000e+00
       0.Info>> sd:worker:scatter| 3.235e-01|        10000| 3.235e-05| 6.436e-06
       0.Info>>    sd:worker:wait| 2.971e-01|        10000| 2.971e-05| 1.316e-04
       0.Info>>          sd:write| 5.917e-04|          100| 5.917e-06| 4.970e-06
       0.Info>>           st:fill| 5.279e-04|            8| 6.599e-05| 0.000e+00
       0.Info>>          st:first| 2.295e-04|            1| 2.295e-04| 0.000e+00
       0.Info>>           st:load| 2.092e-04|            1| 2.092e-04| 0.000e+00
       0.Info>>           st:wait| 1.754e-03|            8| 2.193e-04| 0.000e+00
       0.Info>>-----------------------------------------------------------------
       0.Info>>-----------------------------------------------------------------
       0.Info>> watermarks:                                                     
       0.Info>>-----------------------------------------------------------------
       0.Info>>          measure |      min |      max                          
       0.Info>>-----------------------------------------------------------------
       0.Info>>   sd:c:b:dspstore| 7.499e-07| 3.900e-05                         
       0.Info>>    sd:c:b:scatter| 1.800e-05| 1.172e-03                         
       0.Info>>        sd:c:block| 4.025e-03| 6.891e-03                         
       0.Info>>         sd:c:init| 6.959e-04| 1.949e-03                         
       0.Info>>       sd:c:reduce| 0.000e+00| 3.750e-06                         
       0.Info>>         sd:c:wait| 0.000e+00| 2.250e-06                         
       0.Info>>        sd:compute| 5.255e-03| 8.418e-03                         
       0.Info>>         sd:runner| 7.675e-02| 8.962e-02                         
       0.Info>>          sd:stage| 3.660e-04| 3.720e-04                         
       0.Info>> sd:worker:scatter| 8.999e-06| 2.445e-04                         
       0.Info>>    sd:worker:wait| 8.999e-06| 2.005e-03                         
       0.Info>>          sd:write| 3.000e-06| 2.625e-05                         
       0.Info>>           st:fill| 5.774e-05| 6.899e-05                         
       0.Info>>          st:first| 2.295e-04| 2.295e-04                         
       0.Info>>           st:load| 2.092e-04| 2.092e-04                         
       0.Info>>           st:wait| 3.000e-06| 2.512e-04                         
       0.Info>>-----------------------------------------------------------------
       0.Info>>Total runtime (s): 0.166684                                      
       0.Info>>Successfully finished... Have a nice day!                        
