       0.Info>>This software is being developed by Benjamin Lindner.                    
       0.Info>>For help, suggestions or correspondense use:                             
       0.Info>>ben@benlabs.net, Benjamin Lindner (Main Developer, Impl. & Maintenance)  
       0.Info>>franc@cmm.ki.si, Franci Merzel (Methodology)                             
       0.Info>>For publications include the following references:                       
       0.Info>>.........................................................................
       0.Info>>1. Sassena - X-ray and Neutron Scattering Calculated                     
       0.Info>>  from Molecular Dynamics Trajectories using Massively Parallel Computers
       0.Info>>  published as a Computer Program in Physics Paper                       
       0.Info>>.........................................................................
       0.Info>>Version Information: 1.4.2                                       
       0.Info>>                                                                 
       0.Info>>.................................................................
       0.Info>>......................D.E.S.C.R.I.P.T.I.O.N......................
       0.Info>>.................................................................
       0.Info>>This binary computes the scattering intensities directly from    
       0.Info>>a molecular dynamics trajectory.                                 
       0.Info>>.................................................................
       0.Info>>.................................................................
       0.Info>>...................I.N.I.T.I.A.L.I.Z.A.T.I.O.N...................
       0.Info>>.................................................................
       0.Info>>No configuration file specified. Will use default                
       0.Info>>Looking for configuration file: scatter.xml                      
       0.Info>>Reading parameters from XML file: scatter.xml                    
       0.Info>>Added frames from /home/amajumda/study/continuum_simulations/gitlab/continuum-to-scattering/data/100_100_100_10_10_10/single_atom_shrink/iteration_006/t006/pdb_dcd/sample.dcd using format: dcd
       0.Info>>Options: first=0, last=0, lastset=0, stride=1                    
       0.Info>>stager.target=system                                             
       0.Info>>scattering.type=all                                              
       0.Info>>scattering.dsp.type=square                                       
       0.Info>>scattering.average.orientation.type=vectors                      
       0.Info>>scattering.average.orientation.vectors.type=sphere               
       0.Info>>scattering.average.orientation.vectors.algorithm=boost_uniform_on_sphere
       0.Info>>scattering.average.orientation.vectors.resolution=100            
       0.Info>>Generating orientations for orientational averaging using sphere,boost_uniform_on_sphere
       0.Info>>Initialized orientational averaging with 100 vectors.            
       0.Info>>scattering.signal.file=signal.h5                                 
       0.Info>>scattering.signal.filepath=/home/amajumda/study/continuum_simulations/gitlab/continuum-to-scattering/data/100_100_100_10_10_10/single_atom_shrink/iteration_006/t006/signal.h5
       0.Info>>scattering.signal.fqt=1                                          
       0.Info>>scattering.signal.fq0=1                                          
       0.Info>>scattering.signal.fq=1                                           
       0.Info>>scattering.signal.fq2=1                                          
       0.Info>>Analyzing command line for parameter overwrites                  
       0.Info>>Reading database from file: /home/amajumda/study/continuum_simulations/gitlab/continuum-to-scattering/data/100_100_100_10_10_10/single_atom_shrink/iteration_006/t006/database/db-neutron-coherent.xml
       0.Info>>Checking database...                                             
       0.Info>>Testing mapping between PDB names and atom labels                
       0.Info>>Testing database completeness for referenced atom labels         
       0.Info>>Check succeeded. Database seems OK.                              
       0.Info>>Initializing sample...                                           
       0.Info>>Reading structure from file: /home/amajumda/study/continuum_simulations/gitlab/continuum-to-scattering/data/100_100_100_10_10_10/single_atom_shrink/iteration_006/t006/pdb_dcd/sample.pdb
       0.Info>>Done. Atoms read: 1000                                           
       0.Info>>Reading frames from: /home/amajumda/study/continuum_simulations/gitlab/continuum-to-scattering/data/100_100_100_10_10_10/single_atom_shrink/iteration_006/t006/pdb_dcd/sample.dcd
       0.Info>>Found 1 frames                                                   
       0.Info>>Total number of coordinate sets found: 1                         
       0.Info>>Exchanging sample, database & params information with compute nodes... 
       0.Info>>params...                                                        
       0.Info>>database...                                                      
       0.Info>>sample...                                                        
       0.Info>>.................................................................
       0.Info>>......................C.O.M.P.U.T.A.T.I.O.N......................
       0.Info>>.................................................................
       0.Info>>Setting up services...                                           
       0.Info>>Initializing data file service...                                
       0.Info>>Initializing monitor service...                                  
       0.Info>>Starting data file service...                                    
       0.Info>>Starting monitor service...                                      
       0.Info>>Services setup and running...                                    
       0.Info>>Checking /home/amajumda/study/continuum_simulations/gitlab/continuum-to-scattering/data/100_100_100_10_10_10/single_atom_shrink/iteration_006/t006/signal.h5 for old results.
       0.Info>>Broadcasting service information                                 
       0.Info>>Server host name    : hzglap02                                   
       0.Info>>FileService Port    : 41319                                      
       0.Info>>MonitorService Port : 42029                                      
       0.Info>>Setting up parallel environment...                               
       0.Info>>Searching for decomposition plan:                                
       0.Info>>nodes    = 8                                                     
       0.Info>>qvectors = 100                                                   
       0.Info>>frames   = 1                                                     
       0.Info>>atoms   = 1000                                                   
       0.Info>>All interference scattering detected. Applying frame decomposition.
       0.Info>>Automatic decomposition. Searching for best utilization.         
       0.Info>>Final decomposition parameters:                                  
       0.Info>>NN                : 8                                            
       0.Info>>NQ                : 100                                          
       0.Info>>NAF               : 1                                            
       0.Info>>NP                : 8                                            
       0.Info>>NNpP              : 1                                            
       0.Info>>NAFcycles         : 1                                            
       0.Info>>NQcycles          : 13                                           
       0.Info>>CompEl (WASTE/USE): 4/100                                        
       0.Info>>utilization(1=best)    : 0.96153846153846156                     
       0.Info>>Initializing Scatter Device, Vectors (all)                       
       0.Info>>Starting scattering...                                           
       0.Info>>Checking memory requirements for scattering calculation...       
       0.Info>>required limits.computation.memory.result_buffer=16              
       0.Info>>required limits.computation.memory.signal_buffer=16              
       0.Info>>required limits.computation.memory.exchange_buffer=0             
       0.Info>>required limits.computation.memory.alignpad_buffer=32            
       0.Info>>Memory limits ok                                                 
       0.Info>>Staging data...                                                  
       0.Info>>Forcing stager.mode=frames                                       
       0.Info>>Staging first partition.                                         
       0.Info>>Staging remaining partitions.                                    
       0.Info>>background scattering length set to 0                            
       0.Info>>Target initialized.                                              
       0.Info>>Target 'system' produces a background scattering length density of 0.035650707252585144
       0.Info>>Starting computation...                                          
       0.Info>>Orientational averaging includes 100 vectors                     
       0.Info>>Setting progress sampling factor for monitoring to 1             
       0.Info>>Scattering finished...                                           
       0.Info>>.................................................................
       0.Info>>.....................R.U.N...A.N.A.L.Y.S.I.S.....................
       0.Info>>.................................................................
       0.Info>>Aggregating timing information for performance analysis...       
       0.Info>>                                                                 
       0.Info>>                    Performance Analysis                         
       0.Info>>-----------------------------------------------------------------
       0.Info>> mean and total runtimes:                                        
       0.Info>>-----------------------------------------------------------------
       0.Info>>          measure |    total |       count |     mean |   stddev 
       0.Info>>-----------------------------------------------------------------
       0.Info>>   sd:c:b:dspstore| 2.803e-02|        10000| 2.803e-06| 1.645e-06
       0.Info>>    sd:c:b:scatter| 6.479e-01|        10000| 6.479e-05| 1.341e-05
       0.Info>>        sd:c:block| 7.830e-01|          100| 7.830e-03| 5.883e-04
       0.Info>>         sd:c:init| 1.428e-01|          100| 1.428e-03| 3.139e-04
       0.Info>>       sd:c:reduce| 1.070e-04|          100| 1.070e-06| 4.374e-07
       0.Info>>         sd:c:wait| 1.490e-04|          100| 1.490e-06| 6.475e-07
       0.Info>>        sd:compute| 9.279e-01|          100| 9.279e-03| 6.490e-04
       0.Info>>         sd:runner| 9.314e-01|            8| 1.164e-01| 0.000e+00
       0.Info>>          sd:stage| 4.904e-03|            8| 6.130e-04| 0.000e+00
       0.Info>> sd:worker:scatter| 4.574e-01|        10000| 4.574e-05| 7.229e-06
       0.Info>>    sd:worker:wait| 3.949e-01|        10000| 3.949e-05| 1.506e-04
       0.Info>>          sd:write| 8.160e-04|          100| 8.160e-06| 5.362e-06
       0.Info>>           st:fill| 1.181e-03|            8| 1.476e-04| 0.000e+00
       0.Info>>          st:first| 3.530e-04|            1| 3.530e-04| 0.000e+00
       0.Info>>           st:load| 3.220e-04|            1| 3.220e-04| 0.000e+00
       0.Info>>           st:wait| 2.709e-03|            8| 3.386e-04| 0.000e+00
       0.Info>>-----------------------------------------------------------------
       0.Info>>-----------------------------------------------------------------
       0.Info>> watermarks:                                                     
       0.Info>>-----------------------------------------------------------------
       0.Info>>          measure |      min |      max                          
       0.Info>>-----------------------------------------------------------------
       0.Info>>   sd:c:b:dspstore| 1.000e-06| 6.100e-05                         
       0.Info>>    sd:c:b:scatter| 2.500e-05| 6.080e-04                         
       0.Info>>        sd:c:block| 5.368e-03| 9.307e-03                         
       0.Info>>         sd:c:init| 9.330e-04| 2.197e-03                         
       0.Info>>       sd:c:reduce| 0.000e+00| 2.000e-06                         
       0.Info>>         sd:c:wait| 1.000e-06| 5.000e-06                         
       0.Info>>        sd:compute| 7.584e-03| 1.117e-02                         
       0.Info>>         sd:runner| 1.019e-01| 1.247e-01                         
       0.Info>>          sd:stage| 6.090e-04| 6.160e-04                         
       0.Info>> sd:worker:scatter| 1.200e-05| 1.650e-04                         
       0.Info>>    sd:worker:wait| 1.300e-05| 2.520e-03                         
       0.Info>>          sd:write| 4.000e-06| 3.000e-05                         
       0.Info>>           st:fill| 1.240e-04| 1.550e-04                         
       0.Info>>          st:first| 3.530e-04| 3.530e-04                         
       0.Info>>           st:load| 3.220e-04| 3.220e-04                         
       0.Info>>           st:wait| 6.000e-06| 3.890e-04                         
       0.Info>>-----------------------------------------------------------------
       0.Info>>                                                                 
       0.Info>>         Performance Analysis (relative to total time * nodes)   
       0.Info>>-----------------------------------------------------------------
       0.Info>> mean and total runtimes:                                        
       0.Info>>-----------------------------------------------------------------
       0.Info>>          measure |    total |       count |     mean |   stddev 
       0.Info>>-----------------------------------------------------------------
       0.Info>>   sd:c:b:dspstore| 2.021e-02|        10000| 2.021e-06| 1.397e-06
       0.Info>>    sd:c:b:scatter| 4.671e-01|        10000| 4.671e-05| 1.139e-05
       0.Info>>        sd:c:block| 5.645e-01|          100| 5.645e-03| 4.995e-04
       0.Info>>         sd:c:init| 1.029e-01|          100| 1.029e-03| 2.665e-04
       0.Info>>       sd:c:reduce| 7.714e-05|          100| 7.714e-07| 3.714e-07
       0.Info>>         sd:c:wait| 1.074e-04|          100| 1.074e-06| 5.498e-07
       0.Info>>        sd:compute| 6.690e-01|          100| 6.690e-03| 5.510e-04
       0.Info>>         sd:runner| 6.715e-01|            8| 8.393e-02| 0.000e+00
       0.Info>>          sd:stage| 3.536e-03|            8| 4.420e-04| 0.000e+00
       0.Info>> sd:worker:scatter| 3.298e-01|        10000| 3.298e-05| 6.138e-06
       0.Info>>    sd:worker:wait| 2.847e-01|        10000| 2.847e-05| 1.279e-04
       0.Info>>          sd:write| 5.883e-04|          100| 5.883e-06| 4.553e-06
       0.Info>>           st:fill| 8.515e-04|            8| 1.064e-04| 0.000e+00
       0.Info>>          st:first| 2.545e-04|            1| 2.545e-04| 0.000e+00
       0.Info>>           st:load| 2.322e-04|            1| 2.322e-04| 0.000e+00
       0.Info>>           st:wait| 1.953e-03|            8| 2.441e-04| 0.000e+00
       0.Info>>-----------------------------------------------------------------
       0.Info>>-----------------------------------------------------------------
       0.Info>> watermarks:                                                     
       0.Info>>-----------------------------------------------------------------
       0.Info>>          measure |      min |      max                          
       0.Info>>-----------------------------------------------------------------
       0.Info>>   sd:c:b:dspstore| 7.210e-07| 4.398e-05                         
       0.Info>>    sd:c:b:scatter| 1.802e-05| 4.383e-04                         
       0.Info>>        sd:c:block| 3.870e-03| 6.710e-03                         
       0.Info>>         sd:c:init| 6.727e-04| 1.584e-03                         
       0.Info>>       sd:c:reduce| 0.000e+00| 1.442e-06                         
       0.Info>>         sd:c:wait| 7.210e-07| 3.605e-06                         
       0.Info>>        sd:compute| 5.468e-03| 8.051e-03                         
       0.Info>>         sd:runner| 7.349e-02| 8.987e-02                         
       0.Info>>          sd:stage| 4.391e-04| 4.441e-04                         
       0.Info>> sd:worker:scatter| 8.652e-06| 1.190e-04                         
       0.Info>>    sd:worker:wait| 9.373e-06| 1.817e-03                         
       0.Info>>          sd:write| 2.884e-06| 2.163e-05                         
       0.Info>>           st:fill| 8.940e-05| 1.117e-04                         
       0.Info>>          st:first| 2.545e-04| 2.545e-04                         
       0.Info>>           st:load| 2.322e-04| 2.322e-04                         
       0.Info>>           st:wait| 4.326e-06| 2.805e-04                         
       0.Info>>-----------------------------------------------------------------
       0.Info>>Total runtime (s): 0.17337900000000001                           
       0.Info>>Successfully finished... Have a nice day!                        
