       0.Info>>This software is being developed by Benjamin Lindner.                    
       0.Info>>For help, suggestions or correspondense use:                             
       0.Info>>ben@benlabs.net, Benjamin Lindner (Main Developer, Impl. & Maintenance)  
       0.Info>>franc@cmm.ki.si, Franci Merzel (Methodology)                             
       0.Info>>For publications include the following references:                       
       0.Info>>.........................................................................
       0.Info>>1. Sassena - X-ray and Neutron Scattering Calculated                     
       0.Info>>  from Molecular Dynamics Trajectories using Massively Parallel Computers
       0.Info>>  published as a Computer Program in Physics Paper                       
       0.Info>>.........................................................................
       0.Info>>Version Information: 1.4.2                                       
       0.Info>>                                                                 
       0.Info>>.................................................................
       0.Info>>......................D.E.S.C.R.I.P.T.I.O.N......................
       0.Info>>.................................................................
       0.Info>>This binary computes the scattering intensities directly from    
       0.Info>>a molecular dynamics trajectory.                                 
       0.Info>>.................................................................
       0.Info>>.................................................................
       0.Info>>...................I.N.I.T.I.A.L.I.Z.A.T.I.O.N...................
       0.Info>>.................................................................
       0.Info>>No configuration file specified. Will use default                
       0.Info>>Looking for configuration file: scatter.xml                      
       0.Info>>Reading parameters from XML file: scatter.xml                    
       0.Info>>Added frames from /home/amajumda/study/continuum_simulations/gitlab/continuum-to-scattering/data/100_100_100_50_50_50/single_atom_shrink/iteration_009/t005/pdb_dcd/sample.dcd using format: dcd
       0.Info>>Options: first=0, last=0, lastset=0, stride=1                    
       0.Info>>stager.target=system                                             
       0.Info>>scattering.type=all                                              
       0.Info>>scattering.dsp.type=square                                       
       0.Info>>scattering.average.orientation.type=vectors                      
       0.Info>>scattering.average.orientation.vectors.type=sphere               
       0.Info>>scattering.average.orientation.vectors.algorithm=boost_uniform_on_sphere
       0.Info>>scattering.average.orientation.vectors.resolution=100            
       0.Info>>Generating orientations for orientational averaging using sphere,boost_uniform_on_sphere
       0.Info>>Initialized orientational averaging with 100 vectors.            
       0.Info>>scattering.signal.file=signal.h5                                 
       0.Info>>scattering.signal.filepath=/home/amajumda/study/continuum_simulations/gitlab/continuum-to-scattering/data/100_100_100_50_50_50/single_atom_shrink/iteration_009/t005/signal.h5
       0.Info>>scattering.signal.fqt=1                                          
       0.Info>>scattering.signal.fq0=1                                          
       0.Info>>scattering.signal.fq=1                                           
       0.Info>>scattering.signal.fq2=1                                          
       0.Info>>Analyzing command line for parameter overwrites                  
       0.Info>>Reading database from file: /home/amajumda/study/continuum_simulations/gitlab/continuum-to-scattering/data/100_100_100_50_50_50/single_atom_shrink/iteration_009/t005/database/db-neutron-coherent.xml
       0.Info>>Checking database...                                             
       0.Info>>Testing mapping between PDB names and atom labels                
       0.Info>>Testing database completeness for referenced atom labels         
       0.Info>>Check succeeded. Database seems OK.                              
       0.Info>>Initializing sample...                                           
       0.Info>>Reading structure from file: /home/amajumda/study/continuum_simulations/gitlab/continuum-to-scattering/data/100_100_100_50_50_50/single_atom_shrink/iteration_009/t005/pdb_dcd/sample.pdb
       0.Info>>Done. Atoms read: 125000                                         
       0.Info>>Reading frames from: /home/amajumda/study/continuum_simulations/gitlab/continuum-to-scattering/data/100_100_100_50_50_50/single_atom_shrink/iteration_009/t005/pdb_dcd/sample.dcd
       0.Info>>Found 1 frames                                                   
       0.Info>>Total number of coordinate sets found: 1                         
       0.Info>>Exchanging sample, database & params information with compute nodes... 
       0.Info>>params...                                                        
       0.Info>>database...                                                      
       0.Info>>sample...                                                        
       0.Info>>.................................................................
       0.Info>>......................C.O.M.P.U.T.A.T.I.O.N......................
       0.Info>>.................................................................
       0.Info>>Setting up services...                                           
       0.Info>>Initializing data file service...                                
       0.Info>>Initializing monitor service...                                  
       0.Info>>Starting data file service...                                    
       0.Info>>Starting monitor service...                                      
       0.Info>>Services setup and running...                                    
       0.Info>>Checking /home/amajumda/study/continuum_simulations/gitlab/continuum-to-scattering/data/100_100_100_50_50_50/single_atom_shrink/iteration_009/t005/signal.h5 for old results.
       0.Info>>Broadcasting service information                                 
       0.Info>>Server host name    : hzglap02                                   
       0.Info>>FileService Port    : 42029                                      
       0.Info>>MonitorService Port : 43837                                      
       0.Info>>Setting up parallel environment...                               
       0.Info>>Searching for decomposition plan:                                
       0.Info>>nodes    = 8                                                     
       0.Info>>qvectors = 100                                                   
       0.Info>>frames   = 1                                                     
       0.Info>>atoms   = 125000                                                 
       0.Info>>All interference scattering detected. Applying frame decomposition.
       0.Info>>Automatic decomposition. Searching for best utilization.         
       0.Info>>Final decomposition parameters:                                  
       0.Info>>NN                : 8                                            
       0.Info>>NQ                : 100                                          
       0.Info>>NAF               : 1                                            
       0.Info>>NP                : 8                                            
       0.Info>>NNpP              : 1                                            
       0.Info>>NAFcycles         : 1                                            
       0.Info>>NQcycles          : 13                                           
       0.Info>>CompEl (WASTE/USE): 4/100                                        
       0.Info>>utilization(1=best)    : 0.96153846153846156                     
       0.Info>>Initializing Scatter Device, Vectors (all)                       
       0.Info>>Starting scattering...                                           
       0.Info>>Checking memory requirements for scattering calculation...       
       0.Info>>required limits.computation.memory.result_buffer=16              
       0.Info>>required limits.computation.memory.signal_buffer=16              
       0.Info>>required limits.computation.memory.exchange_buffer=0             
       0.Info>>required limits.computation.memory.alignpad_buffer=32            
       0.Info>>Memory limits ok                                                 
       0.Info>>Staging data...                                                  
       0.Info>>Forcing stager.mode=frames                                       
       0.Info>>Staging first partition.                                         
       0.Info>>Staging remaining partitions.                                    
       0.Info>>background scattering length set to 0                            
       0.Info>>Target initialized.                                              
       0.Info>>Target 'system' produces a background scattering length density of 0.00041808433221555676
       0.Info>>Starting computation...                                          
       0.Info>>Orientational averaging includes 100 vectors                     
       0.Info>>Setting progress sampling factor for monitoring to 1             
       0.Info>>Progress: 2.885%, ETOTAL: 56.972707581227439 s, ETA: 55.328807581227437 s
       0.Info>>Progress: 5.395%, ETOTAL: 30.482469508391496 s, ETA: 28.837930508391498 s
       0.Info>>Progress: 11.916%, ETOTAL: 13.892679604599556 s, ETA: 12.237246604599555 s
       0.Info>>Progress: 20.071%, ETOTAL: 8.3225825614819549 s, ETA: 6.6521975614819553 s
       0.Info>>Progress: 32.080%, ETOTAL: 11.453588889999002 s, ETA: 7.7792628899990026 s
       0.Info>>Progress: 42.580%, ETOTAL: 8.9430989537071888 s, ETA: 5.1351159537071887 s
       0.Info>>Progress: 52.330%, ETOTAL: 10.812448190114537 s, ETA: 5.1542801901145365 s
       0.Info>>Progress: 62.080%, ETOTAL: 9.136699881253552 s, ETA: 3.4646248812535507 s
       0.Info>>Progress: 71.205%, ETOTAL: 7.9847198415556386 s, ETA: 2.2991898415556369 s
       0.Info>>Progress: 82.580%, ETOTAL: 9.3360111779545925 s, ETA: 1.6263211779545905 s
       0.Info>>Scattering finished...                                           
       0.Info>>.................................................................
       0.Info>>.....................R.U.N...A.N.A.L.Y.S.I.S.....................
       0.Info>>.................................................................
       0.Info>>Aggregating timing information for performance analysis...       
       0.Info>>                                                                 
       0.Info>>                    Performance Analysis                         
       0.Info>>-----------------------------------------------------------------
       0.Info>> mean and total runtimes:                                        
       0.Info>>-----------------------------------------------------------------
       0.Info>>          measure |    total |       count |     mean |   stddev 
       0.Info>>-----------------------------------------------------------------
       0.Info>>   sd:c:b:dspstore| 3.856e-02|        10000| 3.856e-06| 2.141e-06
       0.Info>>    sd:c:b:scatter| 4.527e+01|        10000| 4.527e-03| 8.982e-04
       0.Info>>        sd:c:block| 4.546e+01|          100| 4.546e-01| 4.359e-02
       0.Info>>         sd:c:init| 1.557e+01|          100| 1.557e-01| 3.255e-02
       0.Info>>       sd:c:reduce| 1.080e-04|          100| 1.080e-06| 6.128e-07
       0.Info>>         sd:c:wait| 1.700e-04|          100| 1.700e-06| 6.453e-07
       0.Info>>        sd:compute| 6.103e+01|          100| 6.103e-01| 5.883e-02
       0.Info>>         sd:runner| 6.103e+01|            8| 7.629e+00| 0.000e+00
       0.Info>>          sd:stage| 1.978e-01|            8| 2.472e-02| 0.000e+00
       0.Info>> sd:worker:scatter| 4.484e+01|        10000| 4.484e-03| 8.774e-04
       0.Info>>    sd:worker:wait| 1.609e+01|        10000| 1.609e-03| 1.587e-02
       0.Info>>          sd:write| 1.085e-03|          100| 1.085e-05| 8.710e-06
       0.Info>>           st:fill| 1.284e-02|            8| 1.605e-03| 0.000e+00
       0.Info>>          st:first| 2.298e-02|            1| 2.298e-02| 0.000e+00
       0.Info>>           st:load| 2.263e-02|            1| 2.263e-02| 0.000e+00
       0.Info>>           st:wait| 1.611e-01|            8| 2.014e-02| 0.000e+00
       0.Info>>-----------------------------------------------------------------
       0.Info>>-----------------------------------------------------------------
       0.Info>> watermarks:                                                     
       0.Info>>-----------------------------------------------------------------
       0.Info>>          measure |      min |      max                          
       0.Info>>-----------------------------------------------------------------
       0.Info>>   sd:c:b:dspstore| 2.000e-06| 7.800e-05                         
       0.Info>>    sd:c:b:scatter| 1.485e-03| 1.403e-02                         
       0.Info>>        sd:c:block| 1.852e-01| 5.672e-01                         
       0.Info>>         sd:c:init| 1.153e-01| 2.506e-01                         
       0.Info>>       sd:c:reduce| 0.000e+00| 3.000e-06                         
       0.Info>>         sd:c:wait| 1.000e-06| 4.000e-06                         
       0.Info>>        sd:compute| 3.011e-01| 7.828e-01                         
       0.Info>>         sd:runner| 6.614e+00| 8.341e+00                         
       0.Info>>          sd:stage| 2.457e-02| 2.482e-02                         
       0.Info>> sd:worker:scatter| 1.465e-03| 1.216e-02                         
       0.Info>>    sd:worker:wait| 1.000e-06| 2.507e-01                         
       0.Info>>          sd:write| 5.000e-06| 4.900e-05                         
       0.Info>>           st:fill| 1.445e-03| 1.701e-03                         
       0.Info>>          st:first| 2.298e-02| 2.298e-02                         
       0.Info>>           st:load| 2.263e-02| 2.263e-02                         
       0.Info>>           st:wait| 1.000e-05| 2.302e-02                         
       0.Info>>-----------------------------------------------------------------
       0.Info>>                                                                 
       0.Info>>         Performance Analysis (relative to total time * nodes)   
       0.Info>>-----------------------------------------------------------------
       0.Info>> mean and total runtimes:                                        
       0.Info>>-----------------------------------------------------------------
       0.Info>>          measure |    total |       count |     mean |   stddev 
       0.Info>>-----------------------------------------------------------------
       0.Info>>   sd:c:b:dspstore| 5.514e-04|        10000| 5.514e-08| 2.560e-07
       0.Info>>    sd:c:b:scatter| 6.474e-01|        10000| 6.474e-05| 1.074e-04
       0.Info>>        sd:c:block| 6.501e-01|          100| 6.501e-03| 5.213e-03
       0.Info>>         sd:c:init| 2.227e-01|          100| 2.227e-03| 3.893e-03
       0.Info>>       sd:c:reduce| 1.545e-06|          100| 1.545e-08| 7.328e-08
       0.Info>>         sd:c:wait| 2.431e-06|          100| 2.431e-08| 7.718e-08
       0.Info>>        sd:compute| 8.728e-01|          100| 8.728e-03| 7.035e-03
       0.Info>>         sd:runner| 8.729e-01|            8| 1.091e-01| 0.000e+00
       0.Info>>          sd:stage| 2.828e-03|            8| 3.535e-04| 0.000e+00
       0.Info>> sd:worker:scatter| 6.413e-01|        10000| 6.413e-05| 1.049e-04
       0.Info>>    sd:worker:wait| 2.301e-01|        10000| 2.301e-05| 1.898e-03
       0.Info>>          sd:write| 1.552e-05|          100| 1.552e-07| 1.042e-06
       0.Info>>           st:fill| 1.836e-04|            8| 2.295e-05| 0.000e+00
       0.Info>>          st:first| 3.287e-04|            1| 3.287e-04| 0.000e+00
       0.Info>>           st:load| 3.236e-04|            1| 3.236e-04| 0.000e+00
       0.Info>>           st:wait| 2.304e-03|            8| 2.880e-04| 0.000e+00
       0.Info>>-----------------------------------------------------------------
       0.Info>>-----------------------------------------------------------------
       0.Info>> watermarks:                                                     
       0.Info>>-----------------------------------------------------------------
       0.Info>>          measure |      min |      max                          
       0.Info>>-----------------------------------------------------------------
       0.Info>>   sd:c:b:dspstore| 2.860e-08| 1.115e-06                         
       0.Info>>    sd:c:b:scatter| 2.124e-05| 2.007e-04                         
       0.Info>>        sd:c:block| 2.649e-03| 8.112e-03                         
       0.Info>>         sd:c:init| 1.649e-03| 3.584e-03                         
       0.Info>>       sd:c:reduce| 0.000e+00| 4.290e-08                         
       0.Info>>         sd:c:wait| 1.430e-08| 5.720e-08                         
       0.Info>>        sd:compute| 4.306e-03| 1.119e-02                         
       0.Info>>         sd:runner| 9.459e-02| 1.193e-01                         
       0.Info>>          sd:stage| 3.514e-04| 3.550e-04                         
       0.Info>> sd:worker:scatter| 2.095e-05| 1.739e-04                         
       0.Info>>    sd:worker:wait| 1.430e-08| 3.586e-03                         
       0.Info>>          sd:write| 7.150e-08| 7.007e-07                         
       0.Info>>           st:fill| 2.066e-05| 2.433e-05                         
       0.Info>>          st:first| 3.287e-04| 3.287e-04                         
       0.Info>>           st:load| 3.236e-04| 3.236e-04                         
       0.Info>>           st:wait| 1.430e-07| 3.292e-04                         
       0.Info>>-----------------------------------------------------------------
       0.Info>>Total runtime (s): 8.7406520000000008                            
       0.Info>>Successfully finished... Have a nice day!                        
