       0.Info>>This software is being developed by Benjamin Lindner.                    
       0.Info>>For help, suggestions or correspondense use:                             
       0.Info>>ben@benlabs.net, Benjamin Lindner (Main Developer, Impl. & Maintenance)  
       0.Info>>franc@cmm.ki.si, Franci Merzel (Methodology)                             
       0.Info>>For publications include the following references:                       
       0.Info>>.........................................................................
       0.Info>>1. Sassena - X-ray and Neutron Scattering Calculated                     
       0.Info>>  from Molecular Dynamics Trajectories using Massively Parallel Computers
       0.Info>>  published as a Computer Program in Physics Paper                       
       0.Info>>.........................................................................
       0.Info>>Version Information: 1.4.2                                       
       0.Info>>                                                                 
       0.Info>>.................................................................
       0.Info>>......................D.E.S.C.R.I.P.T.I.O.N......................
       0.Info>>.................................................................
       0.Info>>This binary computes the scattering intensities directly from    
       0.Info>>a molecular dynamics trajectory.                                 
       0.Info>>.................................................................
       0.Info>>.................................................................
       0.Info>>...................I.N.I.T.I.A.L.I.Z.A.T.I.O.N...................
       0.Info>>.................................................................
       0.Info>>No configuration file specified. Will use default                
       0.Info>>Looking for configuration file: scatter.xml                      
       0.Info>>Reading parameters from XML file: scatter.xml                    
       0.Info>>Added frames from /home/amajumda/study/continuum_simulations/gitlab/continuum-to-scattering/data/100_100_100_50_50_50/single_atom_shrink/iteration_010/t000/pdb_dcd/sample.dcd using format: dcd
       0.Info>>Options: first=0, last=0, lastset=0, stride=1                    
       0.Info>>stager.target=system                                             
       0.Info>>scattering.type=all                                              
       0.Info>>scattering.dsp.type=square                                       
       0.Info>>scattering.average.orientation.type=vectors                      
       0.Info>>scattering.average.orientation.vectors.type=sphere               
       0.Info>>scattering.average.orientation.vectors.algorithm=boost_uniform_on_sphere
       0.Info>>scattering.average.orientation.vectors.resolution=100            
       0.Info>>Generating orientations for orientational averaging using sphere,boost_uniform_on_sphere
       0.Info>>Initialized orientational averaging with 100 vectors.            
       0.Info>>scattering.signal.file=signal.h5                                 
       0.Info>>scattering.signal.filepath=/home/amajumda/study/continuum_simulations/gitlab/continuum-to-scattering/data/100_100_100_50_50_50/single_atom_shrink/iteration_010/t000/signal.h5
       0.Info>>scattering.signal.fqt=1                                          
       0.Info>>scattering.signal.fq0=1                                          
       0.Info>>scattering.signal.fq=1                                           
       0.Info>>scattering.signal.fq2=1                                          
       0.Info>>Analyzing command line for parameter overwrites                  
       0.Info>>Reading database from file: /home/amajumda/study/continuum_simulations/gitlab/continuum-to-scattering/data/100_100_100_50_50_50/single_atom_shrink/iteration_010/t000/database/db-neutron-coherent.xml
       0.Info>>Checking database...                                             
       0.Info>>Testing mapping between PDB names and atom labels                
       0.Info>>Testing database completeness for referenced atom labels         
       0.Info>>Check succeeded. Database seems OK.                              
       0.Info>>Initializing sample...                                           
       0.Info>>Reading structure from file: /home/amajumda/study/continuum_simulations/gitlab/continuum-to-scattering/data/100_100_100_50_50_50/single_atom_shrink/iteration_010/t000/pdb_dcd/sample.pdb
       0.Info>>Done. Atoms read: 125000                                         
       0.Info>>Reading frames from: /home/amajumda/study/continuum_simulations/gitlab/continuum-to-scattering/data/100_100_100_50_50_50/single_atom_shrink/iteration_010/t000/pdb_dcd/sample.dcd
       0.Info>>Found 1 frames                                                   
       0.Info>>Total number of coordinate sets found: 1                         
       0.Info>>Exchanging sample, database & params information with compute nodes... 
       0.Info>>params...                                                        
       0.Info>>database...                                                      
       0.Info>>sample...                                                        
       0.Info>>.................................................................
       0.Info>>......................C.O.M.P.U.T.A.T.I.O.N......................
       0.Info>>.................................................................
       0.Info>>Setting up services...                                           
       0.Info>>Initializing data file service...                                
       0.Info>>Initializing monitor service...                                  
       0.Info>>Starting data file service...                                    
       0.Info>>Starting monitor service...                                      
       0.Info>>Services setup and running...                                    
       0.Info>>Checking /home/amajumda/study/continuum_simulations/gitlab/continuum-to-scattering/data/100_100_100_50_50_50/single_atom_shrink/iteration_010/t000/signal.h5 for old results.
       0.Info>>Broadcasting service information                                 
       0.Info>>Server host name    : hzglap02                                   
       0.Info>>FileService Port    : 42509                                      
       0.Info>>MonitorService Port : 43939                                      
       0.Info>>Setting up parallel environment...                               
       0.Info>>Searching for decomposition plan:                                
       0.Info>>nodes    = 8                                                     
       0.Info>>qvectors = 100                                                   
       0.Info>>frames   = 1                                                     
       0.Info>>atoms   = 125000                                                 
       0.Info>>All interference scattering detected. Applying frame decomposition.
       0.Info>>Automatic decomposition. Searching for best utilization.         
       0.Info>>Final decomposition parameters:                                  
       0.Info>>NN                : 8                                            
       0.Info>>NQ                : 100                                          
       0.Info>>NAF               : 1                                            
       0.Info>>NP                : 8                                            
       0.Info>>NNpP              : 1                                            
       0.Info>>NAFcycles         : 1                                            
       0.Info>>NQcycles          : 13                                           
       0.Info>>CompEl (WASTE/USE): 4/100                                        
       0.Info>>utilization(1=best)    : 0.96153846153846156                     
       0.Info>>Initializing Scatter Device, Vectors (all)                       
       0.Info>>Starting scattering...                                           
       0.Info>>Checking memory requirements for scattering calculation...       
       0.Info>>required limits.computation.memory.result_buffer=16              
       0.Info>>required limits.computation.memory.signal_buffer=16              
       0.Info>>required limits.computation.memory.exchange_buffer=0             
       0.Info>>required limits.computation.memory.alignpad_buffer=32            
       0.Info>>Memory limits ok                                                 
       0.Info>>Staging data...                                                  
       0.Info>>Forcing stager.mode=frames                                       
       0.Info>>Staging first partition.                                         
       0.Info>>Staging remaining partitions.                                    
       0.Info>>background scattering length set to 0                            
       0.Info>>Target initialized.                                              
       0.Info>>Target 'system' produces a background scattering length density of 0.0027742633416818212
       0.Info>>Starting computation...                                          
       0.Info>>Orientational averaging includes 100 vectors                     
       0.Info>>Setting progress sampling factor for monitoring to 1             
       0.Info>>Progress: 2.885%, ETOTAL: 55.000583393501813 s, ETA: 53.413587393501814 s
       0.Info>>Progress: 5.770%, ETOTAL: 27.563417080960978 s, ETA: 25.972999080960978 s
       0.Info>>Progress: 10.914%, ETOTAL: 14.637122325820425 s, ETA: 13.039588325820425 s
       0.Info>>Progress: 20.696%, ETOTAL: 7.8699910175003884 s, ETA: 6.2412560175003886 s
       0.Info>>Progress: 30.330%, ETOTAL: 11.913530254676109 s, ETA: 8.3001412546761095 s
       0.Info>>Progress: 43.455%, ETOTAL: 8.4526824605399025 s, ETA: 4.7795584605399029 s
       0.Info>>Progress: 50.080%, ETOTAL: 7.5032535551999997 s, ETA: 3.7456145551999995 s
       0.Info>>Progress: 62.705%, ETOTAL: 8.9987600081782855 s, ETA: 3.3560760081782863 s
       0.Info>>Progress: 72.330%, ETOTAL: 7.9630067620862315 s, ETA: 2.2033537620862331 s
       0.Info>>Progress: 81.330%, ETOTAL: 9.3495831960591094 s, ETA: 1.7455551960591116 s
       0.Info>>Scattering finished...                                           
       0.Info>>.................................................................
       0.Info>>.....................R.U.N...A.N.A.L.Y.S.I.S.....................
       0.Info>>.................................................................
       0.Info>>Aggregating timing information for performance analysis...       
       0.Info>>                                                                 
       0.Info>>                    Performance Analysis                         
       0.Info>>-----------------------------------------------------------------
       0.Info>> mean and total runtimes:                                        
       0.Info>>-----------------------------------------------------------------
       0.Info>>          measure |    total |       count |     mean |   stddev 
       0.Info>>-----------------------------------------------------------------
       0.Info>>   sd:c:b:dspstore| 3.712e-02|        10000| 3.712e-06| 2.038e-06
       0.Info>>    sd:c:b:scatter| 4.420e+01|        10000| 4.420e-03| 8.040e-04
       0.Info>>        sd:c:block| 4.438e+01|          100| 4.438e-01| 4.463e-02
       0.Info>>         sd:c:init| 1.525e+01|          100| 1.525e-01| 2.937e-02
       0.Info>>       sd:c:reduce| 1.010e-04|          100| 1.010e-06| 6.055e-07
       0.Info>>         sd:c:wait| 1.630e-04|          100| 1.630e-06| 6.001e-07
       0.Info>>        sd:compute| 5.964e+01|          100| 5.964e-01| 6.011e-02
       0.Info>>         sd:runner| 5.964e+01|            8| 7.455e+00| 0.000e+00
       0.Info>>          sd:stage| 1.935e-01|            8| 2.418e-02| 0.000e+00
       0.Info>> sd:worker:scatter| 4.386e+01|        10000| 4.386e-03| 7.955e-04
       0.Info>>    sd:worker:wait| 1.568e+01|        10000| 1.568e-03| 1.547e-02
       0.Info>>          sd:write| 9.740e-04|          100| 9.740e-06| 6.439e-06
       0.Info>>           st:fill| 1.188e-02|            8| 1.485e-03| 0.000e+00
       0.Info>>          st:first| 2.257e-02|            1| 2.257e-02| 0.000e+00
       0.Info>>           st:load| 2.224e-02|            1| 2.224e-02| 0.000e+00
       0.Info>>           st:wait| 1.583e-01|            8| 1.978e-02| 0.000e+00
       0.Info>>-----------------------------------------------------------------
       0.Info>>-----------------------------------------------------------------
       0.Info>> watermarks:                                                     
       0.Info>>-----------------------------------------------------------------
       0.Info>>          measure |      min |      max                          
       0.Info>>-----------------------------------------------------------------
       0.Info>>   sd:c:b:dspstore| 2.000e-06| 7.500e-05                         
       0.Info>>    sd:c:b:scatter| 1.538e-03| 9.370e-03                         
       0.Info>>        sd:c:block| 1.612e-01| 6.169e-01                         
       0.Info>>         sd:c:init| 1.177e-01| 2.334e-01                         
       0.Info>>       sd:c:reduce| 0.000e+00| 3.000e-06                         
       0.Info>>         sd:c:wait| 1.000e-06| 3.000e-06                         
       0.Info>>        sd:compute| 2.842e-01| 8.261e-01                         
       0.Info>>         sd:runner| 6.077e+00| 8.012e+00                         
       0.Info>>          sd:stage| 2.404e-02| 2.424e-02                         
       0.Info>> sd:worker:scatter| 1.515e-03| 7.024e-03                         
       0.Info>>    sd:worker:wait| 1.000e-06| 2.335e-01                         
       0.Info>>          sd:write| 5.000e-06| 4.100e-05                         
       0.Info>>           st:fill| 1.336e-03| 1.548e-03                         
       0.Info>>          st:first| 2.257e-02| 2.257e-02                         
       0.Info>>           st:load| 2.224e-02| 2.224e-02                         
       0.Info>>           st:wait| 9.000e-06| 2.261e-02                         
       0.Info>>-----------------------------------------------------------------
       0.Info>>                                                                 
       0.Info>>         Performance Analysis (relative to total time * nodes)   
       0.Info>>-----------------------------------------------------------------
       0.Info>> mean and total runtimes:                                        
       0.Info>>-----------------------------------------------------------------
       0.Info>>          measure |    total |       count |     mean |   stddev 
       0.Info>>-----------------------------------------------------------------
       0.Info>>   sd:c:b:dspstore| 5.475e-04|        10000| 5.475e-08| 2.475e-07
       0.Info>>    sd:c:b:scatter| 6.520e-01|        10000| 6.520e-05| 9.764e-05
       0.Info>>        sd:c:block| 6.546e-01|          100| 6.546e-03| 5.421e-03
       0.Info>>         sd:c:init| 2.250e-01|          100| 2.250e-03| 3.567e-03
       0.Info>>       sd:c:reduce| 1.490e-06|          100| 1.490e-08| 7.353e-08
       0.Info>>         sd:c:wait| 2.404e-06|          100| 2.404e-08| 7.288e-08
       0.Info>>        sd:compute| 8.796e-01|          100| 8.796e-03| 7.300e-03
       0.Info>>         sd:runner| 8.797e-01|            8| 1.100e-01| 0.000e+00
       0.Info>>          sd:stage| 2.853e-03|            8| 3.567e-04| 0.000e+00
       0.Info>> sd:worker:scatter| 6.469e-01|        10000| 6.469e-05| 9.662e-05
       0.Info>>    sd:worker:wait| 2.313e-01|        10000| 2.313e-05| 1.879e-03
       0.Info>>          sd:write| 1.437e-05|          100| 1.437e-07| 7.820e-07
       0.Info>>           st:fill| 1.752e-04|            8| 2.190e-05| 0.000e+00
       0.Info>>          st:first| 3.329e-04|            1| 3.329e-04| 0.000e+00
       0.Info>>           st:load| 3.280e-04|            1| 3.280e-04| 0.000e+00
       0.Info>>           st:wait| 2.334e-03|            8| 2.918e-04| 0.000e+00
       0.Info>>-----------------------------------------------------------------
       0.Info>>-----------------------------------------------------------------
       0.Info>> watermarks:                                                     
       0.Info>>-----------------------------------------------------------------
       0.Info>>          measure |      min |      max                          
       0.Info>>-----------------------------------------------------------------
       0.Info>>   sd:c:b:dspstore| 2.950e-08| 1.106e-06                         
       0.Info>>    sd:c:b:scatter| 2.269e-05| 1.382e-04                         
       0.Info>>        sd:c:block| 2.378e-03| 9.099e-03                         
       0.Info>>         sd:c:init| 1.736e-03| 3.443e-03                         
       0.Info>>       sd:c:reduce| 0.000e+00| 4.425e-08                         
       0.Info>>         sd:c:wait| 1.475e-08| 4.425e-08                         
       0.Info>>        sd:compute| 4.192e-03| 1.218e-02                         
       0.Info>>         sd:runner| 8.963e-02| 1.182e-01                         
       0.Info>>          sd:stage| 3.545e-04| 3.576e-04                         
       0.Info>> sd:worker:scatter| 2.235e-05| 1.036e-04                         
       0.Info>>    sd:worker:wait| 1.475e-08| 3.444e-03                         
       0.Info>>          sd:write| 7.375e-08| 6.047e-07                         
       0.Info>>           st:fill| 1.971e-05| 2.283e-05                         
       0.Info>>          st:first| 3.329e-04| 3.329e-04                         
       0.Info>>           st:load| 3.280e-04| 3.280e-04                         
       0.Info>>           st:wait| 1.327e-07| 3.335e-04                         
       0.Info>>-----------------------------------------------------------------
       0.Info>>Total runtime (s): 8.4747590000000006                            
       0.Info>>Successfully finished... Have a nice day!                        
