       0.Info>>This software is being developed by Benjamin Lindner.                    
       0.Info>>For help, suggestions or correspondense use:                             
       0.Info>>ben@benlabs.net, Benjamin Lindner (Main Developer, Impl. & Maintenance)  
       0.Info>>franc@cmm.ki.si, Franci Merzel (Methodology)                             
       0.Info>>For publications include the following references:                       
       0.Info>>.........................................................................
       0.Info>>1. Sassena - X-ray and Neutron Scattering Calculated                     
       0.Info>>  from Molecular Dynamics Trajectories using Massively Parallel Computers
       0.Info>>  published as a Computer Program in Physics Paper                       
       0.Info>>.........................................................................
       0.Info>>Version Information: 1.4.2                                       
       0.Info>>                                                                 
       0.Info>>.................................................................
       0.Info>>......................D.E.S.C.R.I.P.T.I.O.N......................
       0.Info>>.................................................................
       0.Info>>This binary computes the scattering intensities directly from    
       0.Info>>a molecular dynamics trajectory.                                 
       0.Info>>.................................................................
       0.Info>>.................................................................
       0.Info>>...................I.N.I.T.I.A.L.I.Z.A.T.I.O.N...................
       0.Info>>.................................................................
       0.Info>>No configuration file specified. Will use default                
       0.Info>>Looking for configuration file: scatter.xml                      
       0.Info>>Reading parameters from XML file: scatter.xml                    
       0.Info>>Added frames from /home/amajumda/study/continuum_simulations/gitlab/continuum-to-scattering/data/100_100_100_50_50_50/single_atom_shrink/iteration_006/t000/pdb_dcd/sample.dcd using format: dcd
       0.Info>>Options: first=0, last=0, lastset=0, stride=1                    
       0.Info>>stager.target=system                                             
       0.Info>>scattering.type=all                                              
       0.Info>>scattering.dsp.type=square                                       
       0.Info>>scattering.average.orientation.type=vectors                      
       0.Info>>scattering.average.orientation.vectors.type=sphere               
       0.Info>>scattering.average.orientation.vectors.algorithm=boost_uniform_on_sphere
       0.Info>>scattering.average.orientation.vectors.resolution=100            
       0.Info>>Generating orientations for orientational averaging using sphere,boost_uniform_on_sphere
       0.Info>>Initialized orientational averaging with 100 vectors.            
       0.Info>>scattering.signal.file=signal.h5                                 
       0.Info>>scattering.signal.filepath=/home/amajumda/study/continuum_simulations/gitlab/continuum-to-scattering/data/100_100_100_50_50_50/single_atom_shrink/iteration_006/t000/signal.h5
       0.Info>>scattering.signal.fqt=1                                          
       0.Info>>scattering.signal.fq0=1                                          
       0.Info>>scattering.signal.fq=1                                           
       0.Info>>scattering.signal.fq2=1                                          
       0.Info>>Analyzing command line for parameter overwrites                  
       0.Info>>Reading database from file: /home/amajumda/study/continuum_simulations/gitlab/continuum-to-scattering/data/100_100_100_50_50_50/single_atom_shrink/iteration_006/t000/database/db-neutron-coherent.xml
       0.Info>>Checking database...                                             
       0.Info>>Testing mapping between PDB names and atom labels                
       0.Info>>Testing database completeness for referenced atom labels         
       0.Info>>Check succeeded. Database seems OK.                              
       0.Info>>Initializing sample...                                           
       0.Info>>Reading structure from file: /home/amajumda/study/continuum_simulations/gitlab/continuum-to-scattering/data/100_100_100_50_50_50/single_atom_shrink/iteration_006/t000/pdb_dcd/sample.pdb
       0.Info>>Done. Atoms read: 125000                                         
       0.Info>>Reading frames from: /home/amajumda/study/continuum_simulations/gitlab/continuum-to-scattering/data/100_100_100_50_50_50/single_atom_shrink/iteration_006/t000/pdb_dcd/sample.dcd
       0.Info>>Found 1 frames                                                   
       0.Info>>Total number of coordinate sets found: 1                         
       0.Info>>Exchanging sample, database & params information with compute nodes... 
       0.Info>>params...                                                        
       0.Info>>database...                                                      
       0.Info>>sample...                                                        
       0.Info>>.................................................................
       0.Info>>......................C.O.M.P.U.T.A.T.I.O.N......................
       0.Info>>.................................................................
       0.Info>>Setting up services...                                           
       0.Info>>Initializing data file service...                                
       0.Info>>Initializing monitor service...                                  
       0.Info>>Starting data file service...                                    
       0.Info>>Starting monitor service...                                      
       0.Info>>Services setup and running...                                    
       0.Info>>Checking /home/amajumda/study/continuum_simulations/gitlab/continuum-to-scattering/data/100_100_100_50_50_50/single_atom_shrink/iteration_006/t000/signal.h5 for old results.
       0.Info>>Broadcasting service information                                 
       0.Info>>Server host name    : hzglap02                                   
       0.Info>>FileService Port    : 42609                                      
       0.Info>>MonitorService Port : 43323                                      
       0.Info>>Setting up parallel environment...                               
       0.Info>>Searching for decomposition plan:                                
       0.Info>>nodes    = 8                                                     
       0.Info>>qvectors = 100                                                   
       0.Info>>frames   = 1                                                     
       0.Info>>atoms   = 125000                                                 
       0.Info>>All interference scattering detected. Applying frame decomposition.
       0.Info>>Automatic decomposition. Searching for best utilization.         
       0.Info>>Final decomposition parameters:                                  
       0.Info>>NN                : 8                                            
       0.Info>>NQ                : 100                                          
       0.Info>>NAF               : 1                                            
       0.Info>>NP                : 8                                            
       0.Info>>NNpP              : 1                                            
       0.Info>>NAFcycles         : 1                                            
       0.Info>>NQcycles          : 13                                           
       0.Info>>CompEl (WASTE/USE): 4/100                                        
       0.Info>>utilization(1=best)    : 0.96153846153846156                     
       0.Info>>Initializing Scatter Device, Vectors (all)                       
       0.Info>>Starting scattering...                                           
       0.Info>>Checking memory requirements for scattering calculation...       
       0.Info>>required limits.computation.memory.result_buffer=16              
       0.Info>>required limits.computation.memory.signal_buffer=16              
       0.Info>>required limits.computation.memory.exchange_buffer=0             
       0.Info>>required limits.computation.memory.alignpad_buffer=32            
       0.Info>>Memory limits ok                                                 
       0.Info>>Staging data...                                                  
       0.Info>>Forcing stager.mode=frames                                       
       0.Info>>Staging first partition.                                         
       0.Info>>Staging remaining partitions.                                    
       0.Info>>background scattering length set to 0                            
       0.Info>>Target initialized.                                              
       0.Info>>Target 'system' produces a background scattering length density of 0.0027742633416818212
       0.Info>>Starting computation...                                          
       0.Info>>Orientational averaging includes 100 vectors                     
       0.Info>>Setting progress sampling factor for monitoring to 1             
       0.Info>>Progress: 3.635%, ETOTAL: 44.667727220630368 s, ETA: 43.04386922063037 s
       0.Info>>Progress: 6.395%, ETOTAL: 25.518746222277912 s, ETA: 23.886814222277913 s
       0.Info>>Progress: 12.166%, ETOTAL: 13.455869749061449 s, ETA: 11.81884674906145 s
       0.Info>>Progress: 20.571%, ETOTAL: 8.6049677781240259 s, ETA: 6.8348817781240259 s
       0.Info>>Progress: 30.080%, ETOTAL: 12.086727075119869 s, ETA: 8.4510240751198697 s
       0.Info>>Progress: 40.080%, ETOTAL: 9.2006018072770885 s, ETA: 5.5129888072770887 s
       0.Info>>Progress: 50.205%, ETOTAL: 7.6918795709908059 s, ETA: 3.8301615709908066 s
       0.Info>>Progress: 62.080%, ETOTAL: 9.0917563529351018 s, ETA: 3.4475823529351022 s
       0.Info>>Progress: 72.080%, ETOTAL: 7.8618728089288092 s, ETA: 2.1950248089288094 s
       0.Info>>Progress: 81.330%, ETOTAL: 9.3704192630541865 s, ETA: 1.749445263054187 s
       0.Info>>Scattering finished...                                           
       0.Info>>.................................................................
       0.Info>>.....................R.U.N...A.N.A.L.Y.S.I.S.....................
       0.Info>>.................................................................
       0.Info>>Aggregating timing information for performance analysis...       
       0.Info>>                                                                 
       0.Info>>                    Performance Analysis                         
       0.Info>>-----------------------------------------------------------------
       0.Info>> mean and total runtimes:                                        
       0.Info>>-----------------------------------------------------------------
       0.Info>>          measure |    total |       count |     mean |   stddev 
       0.Info>>-----------------------------------------------------------------
       0.Info>>   sd:c:b:dspstore| 3.705e-02|        10000| 3.705e-06| 2.002e-06
       0.Info>>    sd:c:b:scatter| 4.407e+01|        10000| 4.407e-03| 8.128e-04
       0.Info>>        sd:c:block| 4.425e+01|          100| 4.425e-01| 4.405e-02
       0.Info>>         sd:c:init| 1.533e+01|          100| 1.533e-01| 2.976e-02
       0.Info>>       sd:c:reduce| 1.170e-04|          100| 1.170e-06| 8.351e-07
       0.Info>>         sd:c:wait| 1.720e-04|          100| 1.720e-06| 6.049e-07
       0.Info>>        sd:compute| 5.958e+01|          100| 5.958e-01| 5.868e-02
       0.Info>>         sd:runner| 5.958e+01|            8| 7.448e+00| 0.000e+00
       0.Info>>          sd:stage| 1.942e-01|            8| 2.427e-02| 0.000e+00
       0.Info>> sd:worker:scatter| 4.370e+01|        10000| 4.370e-03| 7.981e-04
       0.Info>>    sd:worker:wait| 1.578e+01|        10000| 1.578e-03| 1.558e-02
       0.Info>>          sd:write| 1.001e-03|          100| 1.001e-05| 7.316e-06
       0.Info>>           st:fill| 1.185e-02|            8| 1.481e-03| 0.000e+00
       0.Info>>          st:first| 2.267e-02|            1| 2.267e-02| 0.000e+00
       0.Info>>           st:load| 2.235e-02|            1| 2.235e-02| 0.000e+00
       0.Info>>           st:wait| 1.589e-01|            8| 1.987e-02| 0.000e+00
       0.Info>>-----------------------------------------------------------------
       0.Info>>-----------------------------------------------------------------
       0.Info>> watermarks:                                                     
       0.Info>>-----------------------------------------------------------------
       0.Info>>          measure |      min |      max                          
       0.Info>>-----------------------------------------------------------------
       0.Info>>   sd:c:b:dspstore| 2.000e-06| 7.100e-05                         
       0.Info>>    sd:c:b:scatter| 1.529e-03| 1.543e-02                         
       0.Info>>        sd:c:block| 1.671e-01| 6.192e-01                         
       0.Info>>         sd:c:init| 1.200e-01| 2.301e-01                         
       0.Info>>       sd:c:reduce| 0.000e+00| 8.000e-06                         
       0.Info>>         sd:c:wait| 1.000e-06| 4.000e-06                         
       0.Info>>        sd:compute| 2.889e-01| 7.887e-01                         
       0.Info>>         sd:runner| 6.673e+00| 8.032e+00                         
       0.Info>>          sd:stage| 2.413e-02| 2.433e-02                         
       0.Info>> sd:worker:scatter| 1.510e-03| 1.073e-02                         
       0.Info>>    sd:worker:wait| 1.000e-06| 2.303e-01                         
       0.Info>>          sd:write| 5.000e-06| 4.700e-05                         
       0.Info>>           st:fill| 1.328e-03| 1.544e-03                         
       0.Info>>          st:first| 2.267e-02| 2.267e-02                         
       0.Info>>           st:load| 2.235e-02| 2.235e-02                         
       0.Info>>           st:wait| 7.000e-06| 2.271e-02                         
       0.Info>>-----------------------------------------------------------------
       0.Info>>                                                                 
       0.Info>>         Performance Analysis (relative to total time * nodes)   
       0.Info>>-----------------------------------------------------------------
       0.Info>> mean and total runtimes:                                        
       0.Info>>-----------------------------------------------------------------
       0.Info>>          measure |    total |       count |     mean |   stddev 
       0.Info>>-----------------------------------------------------------------
       0.Info>>   sd:c:b:dspstore| 5.473e-04|        10000| 5.473e-08| 2.433e-07
       0.Info>>    sd:c:b:scatter| 6.511e-01|        10000| 6.511e-05| 9.879e-05
       0.Info>>        sd:c:block| 6.538e-01|          100| 6.538e-03| 5.354e-03
       0.Info>>         sd:c:init| 2.265e-01|          100| 2.265e-03| 3.617e-03
       0.Info>>       sd:c:reduce| 1.729e-06|          100| 1.729e-08| 1.015e-07
       0.Info>>         sd:c:wait| 2.541e-06|          100| 2.541e-08| 7.353e-08
       0.Info>>        sd:compute| 8.803e-01|          100| 8.803e-03| 7.133e-03
       0.Info>>         sd:runner| 8.803e-01|            8| 1.100e-01| 0.000e+00
       0.Info>>          sd:stage| 2.869e-03|            8| 3.587e-04| 0.000e+00
       0.Info>> sd:worker:scatter| 6.457e-01|        10000| 6.457e-05| 9.701e-05
       0.Info>>    sd:worker:wait| 2.332e-01|        10000| 2.332e-05| 1.893e-03
       0.Info>>          sd:write| 1.479e-05|          100| 1.479e-07| 8.893e-07
       0.Info>>           st:fill| 1.751e-04|            8| 2.188e-05| 0.000e+00
       0.Info>>          st:first| 3.349e-04|            1| 3.349e-04| 0.000e+00
       0.Info>>           st:load| 3.302e-04|            1| 3.302e-04| 0.000e+00
       0.Info>>           st:wait| 2.348e-03|            8| 2.935e-04| 0.000e+00
       0.Info>>-----------------------------------------------------------------
       0.Info>>-----------------------------------------------------------------
       0.Info>> watermarks:                                                     
       0.Info>>-----------------------------------------------------------------
       0.Info>>          measure |      min |      max                          
       0.Info>>-----------------------------------------------------------------
       0.Info>>   sd:c:b:dspstore| 2.955e-08| 1.049e-06                         
       0.Info>>    sd:c:b:scatter| 2.259e-05| 2.280e-04                         
       0.Info>>        sd:c:block| 2.469e-03| 9.148e-03                         
       0.Info>>         sd:c:init| 1.773e-03| 3.400e-03                         
       0.Info>>       sd:c:reduce| 0.000e+00| 1.182e-07                         
       0.Info>>         sd:c:wait| 1.477e-08| 5.910e-08                         
       0.Info>>        sd:compute| 4.269e-03| 1.165e-02                         
       0.Info>>         sd:runner| 9.859e-02| 1.187e-01                         
       0.Info>>          sd:stage| 3.565e-04| 3.595e-04                         
       0.Info>> sd:worker:scatter| 2.231e-05| 1.585e-04                         
       0.Info>>    sd:worker:wait| 1.477e-08| 3.402e-03                         
       0.Info>>          sd:write| 7.387e-08| 6.944e-07                         
       0.Info>>           st:fill| 1.962e-05| 2.281e-05                         
       0.Info>>          st:first| 3.349e-04| 3.349e-04                         
       0.Info>>           st:load| 3.302e-04| 3.302e-04                         
       0.Info>>           st:wait| 1.034e-07| 3.355e-04                         
       0.Info>>-----------------------------------------------------------------
       0.Info>>Total runtime (s): 8.4602749999999993                            
       0.Info>>Successfully finished... Have a nice day!                        
