       0.Info>>This software is being developed by Benjamin Lindner.                    
       0.Info>>For help, suggestions or correspondense use:                             
       0.Info>>ben@benlabs.net, Benjamin Lindner (Main Developer, Impl. & Maintenance)  
       0.Info>>franc@cmm.ki.si, Franci Merzel (Methodology)                             
       0.Info>>For publications include the following references:                       
       0.Info>>.........................................................................
       0.Info>>1. Sassena - X-ray and Neutron Scattering Calculated                     
       0.Info>>  from Molecular Dynamics Trajectories using Massively Parallel Computers
       0.Info>>  published as a Computer Program in Physics Paper                       
       0.Info>>.........................................................................
       0.Info>>Version Information: 1.4.2                                       
       0.Info>>                                                                 
       0.Info>>.................................................................
       0.Info>>......................D.E.S.C.R.I.P.T.I.O.N......................
       0.Info>>.................................................................
       0.Info>>This binary computes the scattering intensities directly from    
       0.Info>>a molecular dynamics trajectory.                                 
       0.Info>>.................................................................
       0.Info>>.................................................................
       0.Info>>...................I.N.I.T.I.A.L.I.Z.A.T.I.O.N...................
       0.Info>>.................................................................
       0.Info>>No configuration file specified. Will use default                
       0.Info>>Looking for configuration file: scatter.xml                      
       0.Info>>Reading parameters from XML file: scatter.xml                    
       0.Info>>Added frames from /home/amajumda/study/continuum_simulations/gitlab/continuum-to-scattering/data/100_100_100_50_50_50/single_atom_shrink/iteration_012/t005/pdb_dcd/sample.dcd using format: dcd
       0.Info>>Options: first=0, last=0, lastset=0, stride=1                    
       0.Info>>stager.target=system                                             
       0.Info>>scattering.type=all                                              
       0.Info>>scattering.dsp.type=square                                       
       0.Info>>scattering.average.orientation.type=vectors                      
       0.Info>>scattering.average.orientation.vectors.type=sphere               
       0.Info>>scattering.average.orientation.vectors.algorithm=boost_uniform_on_sphere
       0.Info>>scattering.average.orientation.vectors.resolution=100            
       0.Info>>Generating orientations for orientational averaging using sphere,boost_uniform_on_sphere
       0.Info>>Initialized orientational averaging with 100 vectors.            
       0.Info>>scattering.signal.file=signal.h5                                 
       0.Info>>scattering.signal.filepath=/home/amajumda/study/continuum_simulations/gitlab/continuum-to-scattering/data/100_100_100_50_50_50/single_atom_shrink/iteration_012/t005/signal.h5
       0.Info>>scattering.signal.fqt=1                                          
       0.Info>>scattering.signal.fq0=1                                          
       0.Info>>scattering.signal.fq=1                                           
       0.Info>>scattering.signal.fq2=1                                          
       0.Info>>Analyzing command line for parameter overwrites                  
       0.Info>>Reading database from file: /home/amajumda/study/continuum_simulations/gitlab/continuum-to-scattering/data/100_100_100_50_50_50/single_atom_shrink/iteration_012/t005/database/db-neutron-coherent.xml
       0.Info>>Checking database...                                             
       0.Info>>Testing mapping between PDB names and atom labels                
       0.Info>>Testing database completeness for referenced atom labels         
       0.Info>>Check succeeded. Database seems OK.                              
       0.Info>>Initializing sample...                                           
       0.Info>>Reading structure from file: /home/amajumda/study/continuum_simulations/gitlab/continuum-to-scattering/data/100_100_100_50_50_50/single_atom_shrink/iteration_012/t005/pdb_dcd/sample.pdb
       0.Info>>Done. Atoms read: 125000                                         
       0.Info>>Reading frames from: /home/amajumda/study/continuum_simulations/gitlab/continuum-to-scattering/data/100_100_100_50_50_50/single_atom_shrink/iteration_012/t005/pdb_dcd/sample.dcd
       0.Info>>Found 1 frames                                                   
       0.Info>>Total number of coordinate sets found: 1                         
       0.Info>>Exchanging sample, database & params information with compute nodes... 
       0.Info>>params...                                                        
       0.Info>>database...                                                      
       0.Info>>sample...                                                        
       0.Info>>.................................................................
       0.Info>>......................C.O.M.P.U.T.A.T.I.O.N......................
       0.Info>>.................................................................
       0.Info>>Setting up services...                                           
       0.Info>>Initializing data file service...                                
       0.Info>>Initializing monitor service...                                  
       0.Info>>Starting data file service...                                    
       0.Info>>Starting monitor service...                                      
       0.Info>>Services setup and running...                                    
       0.Info>>Checking /home/amajumda/study/continuum_simulations/gitlab/continuum-to-scattering/data/100_100_100_50_50_50/single_atom_shrink/iteration_012/t005/signal.h5 for old results.
       0.Info>>Broadcasting service information                                 
       0.Info>>Server host name    : hzglap02                                   
       0.Info>>FileService Port    : 34113                                      
       0.Info>>MonitorService Port : 43899                                      
       0.Info>>Setting up parallel environment...                               
       0.Info>>Searching for decomposition plan:                                
       0.Info>>nodes    = 8                                                     
       0.Info>>qvectors = 100                                                   
       0.Info>>frames   = 1                                                     
       0.Info>>atoms   = 125000                                                 
       0.Info>>All interference scattering detected. Applying frame decomposition.
       0.Info>>Automatic decomposition. Searching for best utilization.         
       0.Info>>Final decomposition parameters:                                  
       0.Info>>NN                : 8                                            
       0.Info>>NQ                : 100                                          
       0.Info>>NAF               : 1                                            
       0.Info>>NP                : 8                                            
       0.Info>>NNpP              : 1                                            
       0.Info>>NAFcycles         : 1                                            
       0.Info>>NQcycles          : 13                                           
       0.Info>>CompEl (WASTE/USE): 4/100                                        
       0.Info>>utilization(1=best)    : 0.96153846153846156                     
       0.Info>>Initializing Scatter Device, Vectors (all)                       
       0.Info>>Starting scattering...                                           
       0.Info>>Checking memory requirements for scattering calculation...       
       0.Info>>required limits.computation.memory.result_buffer=16              
       0.Info>>required limits.computation.memory.signal_buffer=16              
       0.Info>>required limits.computation.memory.exchange_buffer=0             
       0.Info>>required limits.computation.memory.alignpad_buffer=32            
       0.Info>>Memory limits ok                                                 
       0.Info>>Staging data...                                                  
       0.Info>>Forcing stager.mode=frames                                       
       0.Info>>Staging first partition.                                         
       0.Info>>Staging remaining partitions.                                    
       0.Info>>background scattering length set to 0                            
       0.Info>>Target initialized.                                              
       0.Info>>Target 'system' produces a background scattering length density of 0.00055922038927065415
       0.Info>>Starting computation...                                          
       0.Info>>Orientational averaging includes 100 vectors                     
       0.Info>>Setting progress sampling factor for monitoring to 1             
       0.Info>>Progress: 2.385%, ETOTAL: 41.664293449781653 s, ETA: 40.670426449781651 s
       0.Info>>Progress: 4.010%, ETOTAL: 24.786277402597403 s, ETA: 23.792244402597404 s
       0.Info>>Progress: 5.896%, ETOTAL: 16.962114487632508 s, ETA: 15.962056487632509 s
       0.Info>>Progress: 11.281%, ETOTAL: 8.8893340720221623 s, ETA: 7.8865060720221623 s
       0.Info>>Progress: 22.426%, ETOTAL: 13.440979619837069 s, ETA: 10.426667619837069 s
       0.Info>>Progress: 32.696%, ETOTAL: 9.2638522497794291 s, ETA: 6.2349882497794296 s
       0.Info>>Progress: 42.955%, ETOTAL: 7.3706775705118623 s, ETA: 4.2045935705118627 s
       0.Info>>Progress: 50.080%, ETOTAL: 9.9742116863999986 s, ETA: 4.979113686399999 s
       0.Info>>Progress: 63.330%, ETOTAL: 7.9396223290652364 s, ETA: 2.9114493290652366 s
       0.Info>>Progress: 72.705%, ETOTAL: 9.6109204020454957 s, ETA: 2.6232884020454952 s
       0.Info>>Progress: 82.205%, ETOTAL: 8.5529749220212086 s, ETA: 1.5219909220212084 s
       0.Info>>Scattering finished...                                           
       0.Info>>.................................................................
       0.Info>>.....................R.U.N...A.N.A.L.Y.S.I.S.....................
       0.Info>>.................................................................
       0.Info>>Aggregating timing information for performance analysis...       
       0.Info>>                                                                 
       0.Info>>                    Performance Analysis                         
       0.Info>>-----------------------------------------------------------------
       0.Info>> mean and total runtimes:                                        
       0.Info>>-----------------------------------------------------------------
       0.Info>>          measure |    total |       count |     mean |   stddev 
       0.Info>>-----------------------------------------------------------------
       0.Info>>   sd:c:b:dspstore| 3.596e-02|        10000| 3.596e-06| 2.092e-06
       0.Info>>    sd:c:b:scatter| 4.386e+01|        10000| 4.386e-03| 7.501e-04
       0.Info>>        sd:c:block| 4.404e+01|          100| 4.404e-01| 4.188e-02
       0.Info>>         sd:c:init| 1.454e+01|          100| 1.454e-01| 2.660e-02
       0.Info>>       sd:c:reduce| 1.070e-04|          100| 1.070e-06| 1.628e-06
       0.Info>>         sd:c:wait| 1.670e-04|          100| 1.670e-06| 6.167e-07
       0.Info>>        sd:compute| 5.858e+01|          100| 5.858e-01| 5.571e-02
       0.Info>>         sd:runner| 5.858e+01|            8| 7.323e+00| 0.000e+00
       0.Info>>          sd:stage| 1.941e-01|            8| 2.426e-02| 0.000e+00
       0.Info>> sd:worker:scatter| 4.352e+01|        10000| 4.352e-03| 7.391e-04
       0.Info>>    sd:worker:wait| 1.496e+01|        10000| 1.496e-03| 1.474e-02
       0.Info>>          sd:write| 9.930e-04|          100| 9.930e-06| 7.291e-06
       0.Info>>           st:fill| 1.188e-02|            8| 1.485e-03| 0.000e+00
       0.Info>>          st:first| 2.265e-02|            1| 2.265e-02| 0.000e+00
       0.Info>>           st:load| 2.232e-02|            1| 2.232e-02| 0.000e+00
       0.Info>>           st:wait| 1.588e-01|            8| 1.985e-02| 0.000e+00
       0.Info>>-----------------------------------------------------------------
       0.Info>>-----------------------------------------------------------------
       0.Info>> watermarks:                                                     
       0.Info>>-----------------------------------------------------------------
       0.Info>>          measure |      min |      max                          
       0.Info>>-----------------------------------------------------------------
       0.Info>>   sd:c:b:dspstore| 2.000e-06| 7.300e-05                         
       0.Info>>    sd:c:b:scatter| 1.557e-03| 1.124e-02                         
       0.Info>>        sd:c:block| 1.605e-01| 5.747e-01                         
       0.Info>>         sd:c:init| 1.159e-01| 2.406e-01                         
       0.Info>>       sd:c:reduce| 0.000e+00| 1.700e-05                         
       0.Info>>         sd:c:wait| 1.000e-06| 4.000e-06                         
       0.Info>>        sd:compute| 2.787e-01| 7.282e-01                         
       0.Info>>         sd:runner| 6.231e+00| 8.030e+00                         
       0.Info>>          sd:stage| 2.411e-02| 2.432e-02                         
       0.Info>> sd:worker:scatter| 1.536e-03| 7.167e-03                         
       0.Info>>    sd:worker:wait| 1.000e-06| 2.407e-01                         
       0.Info>>          sd:write| 5.000e-06| 4.900e-05                         
       0.Info>>           st:fill| 1.331e-03| 1.553e-03                         
       0.Info>>          st:first| 2.265e-02| 2.265e-02                         
       0.Info>>           st:load| 2.232e-02| 2.232e-02                         
       0.Info>>           st:wait| 9.000e-06| 2.269e-02                         
       0.Info>>-----------------------------------------------------------------
       0.Info>>                                                                 
       0.Info>>         Performance Analysis (relative to total time * nodes)   
       0.Info>>-----------------------------------------------------------------
       0.Info>> mean and total runtimes:                                        
       0.Info>>-----------------------------------------------------------------
       0.Info>>          measure |    total |       count |     mean |   stddev 
       0.Info>>-----------------------------------------------------------------
       0.Info>>   sd:c:b:dspstore| 5.308e-04|        10000| 5.308e-08| 2.541e-07
       0.Info>>    sd:c:b:scatter| 6.474e-01|        10000| 6.474e-05| 9.113e-05
       0.Info>>        sd:c:block| 6.500e-01|          100| 6.500e-03| 5.088e-03
       0.Info>>         sd:c:init| 2.145e-01|          100| 2.145e-03| 3.231e-03
       0.Info>>       sd:c:reduce| 1.579e-06|          100| 1.579e-08| 1.978e-07
       0.Info>>         sd:c:wait| 2.465e-06|          100| 2.465e-08| 7.492e-08
       0.Info>>        sd:compute| 8.645e-01|          100| 8.645e-03| 6.768e-03
       0.Info>>         sd:runner| 8.646e-01|            8| 1.081e-01| 0.000e+00
       0.Info>>          sd:stage| 2.864e-03|            8| 3.580e-04| 0.000e+00
       0.Info>> sd:worker:scatter| 6.422e-01|        10000| 6.422e-05| 8.979e-05
       0.Info>>    sd:worker:wait| 2.208e-01|        10000| 2.208e-05| 1.791e-03
       0.Info>>          sd:write| 1.466e-05|          100| 1.466e-07| 8.858e-07
       0.Info>>           st:fill| 1.753e-04|            8| 2.192e-05| 0.000e+00
       0.Info>>          st:first| 3.342e-04|            1| 3.342e-04| 0.000e+00
       0.Info>>           st:load| 3.294e-04|            1| 3.294e-04| 0.000e+00
       0.Info>>           st:wait| 2.344e-03|            8| 2.930e-04| 0.000e+00
       0.Info>>-----------------------------------------------------------------
       0.Info>>-----------------------------------------------------------------
       0.Info>> watermarks:                                                     
       0.Info>>-----------------------------------------------------------------
       0.Info>>          measure |      min |      max                          
       0.Info>>-----------------------------------------------------------------
       0.Info>>   sd:c:b:dspstore| 2.952e-08| 1.077e-06                         
       0.Info>>    sd:c:b:scatter| 2.298e-05| 1.658e-04                         
       0.Info>>        sd:c:block| 2.368e-03| 8.482e-03                         
       0.Info>>         sd:c:init| 1.710e-03| 3.551e-03                         
       0.Info>>       sd:c:reduce| 0.000e+00| 2.509e-07                         
       0.Info>>         sd:c:wait| 1.476e-08| 5.903e-08                         
       0.Info>>        sd:compute| 4.114e-03| 1.075e-02                         
       0.Info>>         sd:runner| 9.196e-02| 1.185e-01                         
       0.Info>>          sd:stage| 3.558e-04| 3.589e-04                         
       0.Info>> sd:worker:scatter| 2.267e-05| 1.058e-04                         
       0.Info>>    sd:worker:wait| 1.476e-08| 3.553e-03                         
       0.Info>>          sd:write| 7.379e-08| 7.232e-07                         
       0.Info>>           st:fill| 1.964e-05| 2.292e-05                         
       0.Info>>          st:first| 3.342e-04| 3.342e-04                         
       0.Info>>           st:load| 3.294e-04| 3.294e-04                         
       0.Info>>           st:wait| 1.328e-07| 3.349e-04                         
       0.Info>>-----------------------------------------------------------------
       0.Info>>Total runtime (s): 8.4696920000000002                            
       0.Info>>Successfully finished... Have a nice day!                        
