       0.Info>>This software is being developed by Benjamin Lindner.                    
       0.Info>>For help, suggestions or correspondense use:                             
       0.Info>>ben@benlabs.net, Benjamin Lindner (Main Developer, Impl. & Maintenance)  
       0.Info>>franc@cmm.ki.si, Franci Merzel (Methodology)                             
       0.Info>>For publications include the following references:                       
       0.Info>>.........................................................................
       0.Info>>1. Sassena - X-ray and Neutron Scattering Calculated                     
       0.Info>>  from Molecular Dynamics Trajectories using Massively Parallel Computers
       0.Info>>  published as a Computer Program in Physics Paper                       
       0.Info>>.........................................................................
       0.Info>>Version Information: 1.4.2                                       
       0.Info>>                                                                 
       0.Info>>.................................................................
       0.Info>>......................D.E.S.C.R.I.P.T.I.O.N......................
       0.Info>>.................................................................
       0.Info>>This binary computes the scattering intensities directly from    
       0.Info>>a molecular dynamics trajectory.                                 
       0.Info>>.................................................................
       0.Info>>.................................................................
       0.Info>>...................I.N.I.T.I.A.L.I.Z.A.T.I.O.N...................
       0.Info>>.................................................................
       0.Info>>No configuration file specified. Will use default                
       0.Info>>Looking for configuration file: scatter.xml                      
       0.Info>>Reading parameters from XML file: scatter.xml                    
       0.Info>>Added frames from /home/amajumda/study/continuum_simulations/gitlab/continuum-to-scattering/data/100_100_100_50_50_50/single_atom_shrink/iteration_000/t002/pdb_dcd/sample.dcd using format: dcd
       0.Info>>Options: first=0, last=0, lastset=0, stride=1                    
       0.Info>>stager.target=system                                             
       0.Info>>scattering.type=all                                              
       0.Info>>scattering.dsp.type=square                                       
       0.Info>>scattering.average.orientation.type=vectors                      
       0.Info>>scattering.average.orientation.vectors.type=sphere               
       0.Info>>scattering.average.orientation.vectors.algorithm=boost_uniform_on_sphere
       0.Info>>scattering.average.orientation.vectors.resolution=100            
       0.Info>>Generating orientations for orientational averaging using sphere,boost_uniform_on_sphere
       0.Info>>Initialized orientational averaging with 100 vectors.            
       0.Info>>scattering.signal.file=signal.h5                                 
       0.Info>>scattering.signal.filepath=/home/amajumda/study/continuum_simulations/gitlab/continuum-to-scattering/data/100_100_100_50_50_50/single_atom_shrink/iteration_000/t002/signal.h5
       0.Info>>scattering.signal.fqt=1                                          
       0.Info>>scattering.signal.fq0=1                                          
       0.Info>>scattering.signal.fq=1                                           
       0.Info>>scattering.signal.fq2=1                                          
       0.Info>>Analyzing command line for parameter overwrites                  
       0.Info>>Reading database from file: /home/amajumda/study/continuum_simulations/gitlab/continuum-to-scattering/data/100_100_100_50_50_50/single_atom_shrink/iteration_000/t002/database/db-neutron-coherent.xml
       0.Info>>Checking database...                                             
       0.Info>>Testing mapping between PDB names and atom labels                
       0.Info>>Testing database completeness for referenced atom labels         
       0.Info>>Check succeeded. Database seems OK.                              
       0.Info>>Initializing sample...                                           
       0.Info>>Reading structure from file: /home/amajumda/study/continuum_simulations/gitlab/continuum-to-scattering/data/100_100_100_50_50_50/single_atom_shrink/iteration_000/t002/pdb_dcd/sample.pdb
       0.Info>>Done. Atoms read: 125000                                         
       0.Info>>Reading frames from: /home/amajumda/study/continuum_simulations/gitlab/continuum-to-scattering/data/100_100_100_50_50_50/single_atom_shrink/iteration_000/t002/pdb_dcd/sample.dcd
       0.Info>>Found 1 frames                                                   
       0.Info>>Total number of coordinate sets found: 1                         
       0.Info>>Exchanging sample, database & params information with compute nodes... 
       0.Info>>params...                                                        
       0.Info>>database...                                                      
       0.Info>>sample...                                                        
       0.Info>>.................................................................
       0.Info>>......................C.O.M.P.U.T.A.T.I.O.N......................
       0.Info>>.................................................................
       0.Info>>Setting up services...                                           
       0.Info>>Initializing data file service...                                
       0.Info>>Initializing monitor service...                                  
       0.Info>>Starting data file service...                                    
       0.Info>>Starting monitor service...                                      
       0.Info>>Services setup and running...                                    
       0.Info>>Checking /home/amajumda/study/continuum_simulations/gitlab/continuum-to-scattering/data/100_100_100_50_50_50/single_atom_shrink/iteration_000/t002/signal.h5 for old results.
       0.Info>>Broadcasting service information                                 
       0.Info>>Server host name    : hzglap02                                   
       0.Info>>FileService Port    : 36245                                      
       0.Info>>MonitorService Port : 36985                                      
       0.Info>>Setting up parallel environment...                               
       0.Info>>Searching for decomposition plan:                                
       0.Info>>nodes    = 8                                                     
       0.Info>>qvectors = 100                                                   
       0.Info>>frames   = 1                                                     
       0.Info>>atoms   = 125000                                                 
       0.Info>>All interference scattering detected. Applying frame decomposition.
       0.Info>>Automatic decomposition. Searching for best utilization.         
       0.Info>>Final decomposition parameters:                                  
       0.Info>>NN                : 8                                            
       0.Info>>NQ                : 100                                          
       0.Info>>NAF               : 1                                            
       0.Info>>NP                : 8                                            
       0.Info>>NNpP              : 1                                            
       0.Info>>NAFcycles         : 1                                            
       0.Info>>NQcycles          : 13                                           
       0.Info>>CompEl (WASTE/USE): 4/100                                        
       0.Info>>utilization(1=best)    : 0.96153846153846156                     
       0.Info>>Initializing Scatter Device, Vectors (all)                       
       0.Info>>Starting scattering...                                           
       0.Info>>Checking memory requirements for scattering calculation...       
       0.Info>>required limits.computation.memory.result_buffer=16              
       0.Info>>required limits.computation.memory.signal_buffer=16              
       0.Info>>required limits.computation.memory.exchange_buffer=0             
       0.Info>>required limits.computation.memory.alignpad_buffer=32            
       0.Info>>Memory limits ok                                                 
       0.Info>>Staging data...                                                  
       0.Info>>Forcing stager.mode=frames                                       
       0.Info>>Staging first partition.                                         
       0.Info>>Staging remaining partitions.                                    
       0.Info>>background scattering length set to 0                            
       0.Info>>Target initialized.                                              
       0.Info>>Target 'system' produces a background scattering length density of 0.0019194069160394596
       0.Info>>Starting computation...                                          
       0.Info>>Orientational averaging includes 100 vectors                     
       0.Info>>Setting progress sampling factor for monitoring to 1             
       0.Info>>Progress: 2.135%, ETOTAL: 67.58821463414634 s, ETA: 66.144924634146335 s
       0.Info>>Progress: 4.521%, ETOTAL: 32.505467281105993 s, ETA: 31.035949281105992 s
       0.Info>>Progress: 7.281%, ETOTAL: 20.202012017167384 s, ETA: 18.731053017167383 s
       0.Info>>Progress: 12.175%, ETOTAL: 12.144423928923988 s, ETA: 10.665781928923987 s
       0.Info>>Progress: 22.955%, ETOTAL: 14.997115107511867 s, ETA: 11.554508107511866 s
       0.Info>>Progress: 32.955%, ETOTAL: 10.523934176230306 s, ETA: 7.0557581762303059 s
       0.Info>>Progress: 43.205%, ETOTAL: 8.3666156083086047 s, ETA: 4.7518086083086049 s
       0.Info>>Progress: 50.955%, ETOTAL: 10.679113548874072 s, ETA: 5.2375575488740722 s
       0.Info>>Progress: 60.455%, ETOTAL: 9.0659653907326909 s, ETA: 3.5851243907326902 s
       0.Info>>Progress: 70.830%, ETOTAL: 7.9665858907642884 s, ETA: 2.3238428907642881 s
       0.Info>>Progress: 80.705%, ETOTAL: 9.2461993010325649 s, ETA: 1.7840423010325646 s
       0.Info>>Scattering finished...                                           
       0.Info>>.................................................................
       0.Info>>.....................R.U.N...A.N.A.L.Y.S.I.S.....................
       0.Info>>.................................................................
       0.Info>>Aggregating timing information for performance analysis...       
       0.Info>>                                                                 
       0.Info>>                    Performance Analysis                         
       0.Info>>-----------------------------------------------------------------
       0.Info>> mean and total runtimes:                                        
       0.Info>>-----------------------------------------------------------------
       0.Info>>          measure |    total |       count |     mean |   stddev 
       0.Info>>-----------------------------------------------------------------
       0.Info>>   sd:c:b:dspstore| 3.582e-02|        10000| 3.582e-06| 2.084e-06
       0.Info>>    sd:c:b:scatter| 4.326e+01|        10000| 4.326e-03| 8.506e-04
       0.Info>>        sd:c:block| 4.344e+01|          100| 4.344e-01| 4.139e-02
       0.Info>>         sd:c:init| 1.523e+01|          100| 1.523e-01| 3.386e-02
       0.Info>>       sd:c:reduce| 1.120e-04|          100| 1.120e-06| 5.861e-07
       0.Info>>         sd:c:wait| 1.630e-04|          100| 1.630e-06| 5.563e-07
       0.Info>>        sd:compute| 5.867e+01|          100| 5.867e-01| 5.657e-02
       0.Info>>         sd:runner| 5.867e+01|            8| 7.334e+00| 0.000e+00
       0.Info>>          sd:stage| 1.988e-01|            8| 2.485e-02| 0.000e+00
       0.Info>> sd:worker:scatter| 4.285e+01|        10000| 4.285e-03| 8.261e-04
       0.Info>>    sd:worker:wait| 1.573e+01|        10000| 1.573e-03| 1.555e-02
       0.Info>>          sd:write| 1.026e-03|          100| 1.026e-05| 8.058e-06
       0.Info>>           st:fill| 1.185e-02|            8| 1.482e-03| 0.000e+00
       0.Info>>          st:first| 2.325e-02|            1| 2.325e-02| 0.000e+00
       0.Info>>           st:load| 2.280e-02|            1| 2.280e-02| 0.000e+00
       0.Info>>           st:wait| 1.630e-01|            8| 2.038e-02| 0.000e+00
       0.Info>>-----------------------------------------------------------------
       0.Info>>-----------------------------------------------------------------
       0.Info>> watermarks:                                                     
       0.Info>>-----------------------------------------------------------------
       0.Info>>          measure |      min |      max                          
       0.Info>>-----------------------------------------------------------------
       0.Info>>   sd:c:b:dspstore| 1.000e-06| 7.000e-05                         
       0.Info>>    sd:c:b:scatter| 1.392e-03| 1.849e-02                         
       0.Info>>        sd:c:block| 1.864e-01| 5.503e-01                         
       0.Info>>         sd:c:init| 1.158e-01| 2.540e-01                         
       0.Info>>       sd:c:reduce| 0.000e+00| 2.000e-06                         
       0.Info>>         sd:c:wait| 1.000e-06| 4.000e-06                         
       0.Info>>        sd:compute| 3.030e-01| 7.528e-01                         
       0.Info>>         sd:runner| 6.162e+00| 7.904e+00                         
       0.Info>>          sd:stage| 2.470e-02| 2.492e-02                         
       0.Info>> sd:worker:scatter| 1.373e-03| 1.017e-02                         
       0.Info>>    sd:worker:wait| 1.000e-06| 2.541e-01                         
       0.Info>>          sd:write| 5.000e-06| 4.400e-05                         
       0.Info>>           st:fill| 1.324e-03| 1.544e-03                         
       0.Info>>          st:first| 2.325e-02| 2.325e-02                         
       0.Info>>           st:load| 2.280e-02| 2.280e-02                         
       0.Info>>           st:wait| 1.300e-05| 2.329e-02                         
       0.Info>>-----------------------------------------------------------------
       0.Info>>                                                                 
       0.Info>>         Performance Analysis (relative to total time * nodes)   
       0.Info>>-----------------------------------------------------------------
       0.Info>> mean and total runtimes:                                        
       0.Info>>-----------------------------------------------------------------
       0.Info>>          measure |    total |       count |     mean |   stddev 
       0.Info>>-----------------------------------------------------------------
       0.Info>>   sd:c:b:dspstore| 5.364e-04|        10000| 5.364e-08| 2.551e-07
       0.Info>>    sd:c:b:scatter| 6.478e-01|        10000| 6.478e-05| 1.041e-04
       0.Info>>        sd:c:block| 6.504e-01|          100| 6.504e-03| 5.065e-03
       0.Info>>         sd:c:init| 2.280e-01|          100| 2.280e-03| 4.143e-03
       0.Info>>       sd:c:reduce| 1.677e-06|          100| 1.677e-08| 7.171e-08
       0.Info>>         sd:c:wait| 2.441e-06|          100| 2.441e-08| 6.808e-08
       0.Info>>        sd:compute| 8.785e-01|          100| 8.785e-03| 6.923e-03
       0.Info>>         sd:runner| 8.785e-01|            8| 1.098e-01| 0.000e+00
       0.Info>>          sd:stage| 2.977e-03|            8| 3.722e-04| 0.000e+00
       0.Info>> sd:worker:scatter| 6.416e-01|        10000| 6.416e-05| 1.011e-04
       0.Info>>    sd:worker:wait| 2.355e-01|        10000| 2.355e-05| 1.903e-03
       0.Info>>          sd:write| 1.536e-05|          100| 1.536e-07| 9.860e-07
       0.Info>>           st:fill| 1.775e-04|            8| 2.219e-05| 0.000e+00
       0.Info>>          st:first| 3.481e-04|            1| 3.481e-04| 0.000e+00
       0.Info>>           st:load| 3.414e-04|            1| 3.414e-04| 0.000e+00
       0.Info>>           st:wait| 2.441e-03|            8| 3.051e-04| 0.000e+00
       0.Info>>-----------------------------------------------------------------
       0.Info>>-----------------------------------------------------------------
       0.Info>> watermarks:                                                     
       0.Info>>-----------------------------------------------------------------
       0.Info>>          measure |      min |      max                          
       0.Info>>-----------------------------------------------------------------
       0.Info>>   sd:c:b:dspstore| 1.497e-08| 1.048e-06                         
       0.Info>>    sd:c:b:scatter| 2.084e-05| 2.768e-04                         
       0.Info>>        sd:c:block| 2.790e-03| 8.240e-03                         
       0.Info>>         sd:c:init| 1.734e-03| 3.803e-03                         
       0.Info>>       sd:c:reduce| 0.000e+00| 2.995e-08                         
       0.Info>>         sd:c:wait| 1.497e-08| 5.990e-08                         
       0.Info>>        sd:compute| 4.538e-03| 1.127e-02                         
       0.Info>>         sd:runner| 9.227e-02| 1.184e-01                         
       0.Info>>          sd:stage| 3.699e-04| 3.731e-04                         
       0.Info>> sd:worker:scatter| 2.056e-05| 1.523e-04                         
       0.Info>>    sd:worker:wait| 1.497e-08| 3.804e-03                         
       0.Info>>          sd:write| 7.487e-08| 6.589e-07                         
       0.Info>>           st:fill| 1.983e-05| 2.312e-05                         
       0.Info>>          st:first| 3.481e-04| 3.481e-04                         
       0.Info>>           st:load| 3.414e-04| 3.414e-04                         
       0.Info>>           st:wait| 1.947e-07| 3.488e-04                         
       0.Info>>-----------------------------------------------------------------
       0.Info>>Total runtime (s): 8.3478480000000008                            
       0.Info>>Successfully finished... Have a nice day!                        
