       0.Info>>This software is being developed by Benjamin Lindner.                    
       0.Info>>For help, suggestions or correspondense use:                             
       0.Info>>ben@benlabs.net, Benjamin Lindner (Main Developer, Impl. & Maintenance)  
       0.Info>>franc@cmm.ki.si, Franci Merzel (Methodology)                             
       0.Info>>For publications include the following references:                       
       0.Info>>.........................................................................
       0.Info>>1. Sassena - X-ray and Neutron Scattering Calculated                     
       0.Info>>  from Molecular Dynamics Trajectories using Massively Parallel Computers
       0.Info>>  published as a Computer Program in Physics Paper                       
       0.Info>>.........................................................................
       0.Info>>Version Information: 1.4.2                                       
       0.Info>>                                                                 
       0.Info>>.................................................................
       0.Info>>......................D.E.S.C.R.I.P.T.I.O.N......................
       0.Info>>.................................................................
       0.Info>>This binary computes the scattering intensities directly from    
       0.Info>>a molecular dynamics trajectory.                                 
       0.Info>>.................................................................
       0.Info>>.................................................................
       0.Info>>...................I.N.I.T.I.A.L.I.Z.A.T.I.O.N...................
       0.Info>>.................................................................
       0.Info>>No configuration file specified. Will use default                
       0.Info>>Looking for configuration file: scatter.xml                      
       0.Info>>Reading parameters from XML file: scatter.xml                    
       0.Info>>Added frames from /home/amajumda/study/continuum_simulations/gitlab/continuum-to-scattering/data/100_100_100_50_50_50/single_atom_shrink/iteration_013/t007/pdb_dcd/sample.dcd using format: dcd
       0.Info>>Options: first=0, last=0, lastset=0, stride=1                    
       0.Info>>stager.target=system                                             
       0.Info>>scattering.type=all                                              
       0.Info>>scattering.dsp.type=square                                       
       0.Info>>scattering.average.orientation.type=vectors                      
       0.Info>>scattering.average.orientation.vectors.type=sphere               
       0.Info>>scattering.average.orientation.vectors.algorithm=boost_uniform_on_sphere
       0.Info>>scattering.average.orientation.vectors.resolution=100            
       0.Info>>Generating orientations for orientational averaging using sphere,boost_uniform_on_sphere
       0.Info>>Initialized orientational averaging with 100 vectors.            
       0.Info>>scattering.signal.file=signal.h5                                 
       0.Info>>scattering.signal.filepath=/home/amajumda/study/continuum_simulations/gitlab/continuum-to-scattering/data/100_100_100_50_50_50/single_atom_shrink/iteration_013/t007/signal.h5
       0.Info>>scattering.signal.fqt=1                                          
       0.Info>>scattering.signal.fq0=1                                          
       0.Info>>scattering.signal.fq=1                                           
       0.Info>>scattering.signal.fq2=1                                          
       0.Info>>Analyzing command line for parameter overwrites                  
       0.Info>>Reading database from file: /home/amajumda/study/continuum_simulations/gitlab/continuum-to-scattering/data/100_100_100_50_50_50/single_atom_shrink/iteration_013/t007/database/db-neutron-coherent.xml
       0.Info>>Checking database...                                             
       0.Info>>Testing mapping between PDB names and atom labels                
       0.Info>>Testing database completeness for referenced atom labels         
       0.Info>>Check succeeded. Database seems OK.                              
       0.Info>>Initializing sample...                                           
       0.Info>>Reading structure from file: /home/amajumda/study/continuum_simulations/gitlab/continuum-to-scattering/data/100_100_100_50_50_50/single_atom_shrink/iteration_013/t007/pdb_dcd/sample.pdb
       0.Info>>Done. Atoms read: 125000                                         
       0.Info>>Reading frames from: /home/amajumda/study/continuum_simulations/gitlab/continuum-to-scattering/data/100_100_100_50_50_50/single_atom_shrink/iteration_013/t007/pdb_dcd/sample.dcd
       0.Info>>Found 1 frames                                                   
       0.Info>>Total number of coordinate sets found: 1                         
       0.Info>>Exchanging sample, database & params information with compute nodes... 
       0.Info>>params...                                                        
       0.Info>>database...                                                      
       0.Info>>sample...                                                        
       0.Info>>.................................................................
       0.Info>>......................C.O.M.P.U.T.A.T.I.O.N......................
       0.Info>>.................................................................
       0.Info>>Setting up services...                                           
       0.Info>>Initializing data file service...                                
       0.Info>>Initializing monitor service...                                  
       0.Info>>Starting data file service...                                    
       0.Info>>Starting monitor service...                                      
       0.Info>>Services setup and running...                                    
       0.Info>>Checking /home/amajumda/study/continuum_simulations/gitlab/continuum-to-scattering/data/100_100_100_50_50_50/single_atom_shrink/iteration_013/t007/signal.h5 for old results.
       0.Info>>Broadcasting service information                                 
       0.Info>>Server host name    : hzglap02                                   
       0.Info>>FileService Port    : 44035                                      
       0.Info>>MonitorService Port : 36231                                      
       0.Info>>Setting up parallel environment...                               
       0.Info>>Searching for decomposition plan:                                
       0.Info>>nodes    = 8                                                     
       0.Info>>qvectors = 100                                                   
       0.Info>>frames   = 1                                                     
       0.Info>>atoms   = 125000                                                 
       0.Info>>All interference scattering detected. Applying frame decomposition.
       0.Info>>Automatic decomposition. Searching for best utilization.         
       0.Info>>Final decomposition parameters:                                  
       0.Info>>NN                : 8                                            
       0.Info>>NQ                : 100                                          
       0.Info>>NAF               : 1                                            
       0.Info>>NP                : 8                                            
       0.Info>>NNpP              : 1                                            
       0.Info>>NAFcycles         : 1                                            
       0.Info>>NQcycles          : 13                                           
       0.Info>>CompEl (WASTE/USE): 4/100                                        
       0.Info>>utilization(1=best)    : 0.96153846153846156                     
       0.Info>>Initializing Scatter Device, Vectors (all)                       
       0.Info>>Starting scattering...                                           
       0.Info>>Checking memory requirements for scattering calculation...       
       0.Info>>required limits.computation.memory.result_buffer=16              
       0.Info>>required limits.computation.memory.signal_buffer=16              
       0.Info>>required limits.computation.memory.exchange_buffer=0             
       0.Info>>required limits.computation.memory.alignpad_buffer=32            
       0.Info>>Memory limits ok                                                 
       0.Info>>Staging data...                                                  
       0.Info>>Forcing stager.mode=frames                                       
       0.Info>>Staging first partition.                                         
       0.Info>>Staging remaining partitions.                                    
       0.Info>>background scattering length set to 0                            
       0.Info>>Target initialized.                                              
       0.Info>>Target 'system' produces a background scattering length density of 0.00016677740383338736
       0.Info>>Starting computation...                                          
       0.Info>>Orientational averaging includes 100 vectors                     
       0.Info>>Setting progress sampling factor for monitoring to 1             
       0.Info>>Progress: 1.500%, ETOTAL: 81.186466666666675 s, ETA: 79.968669666666671 s
       0.Info>>Progress: 3.000%, ETOTAL: 41.301600000000001 s, ETA: 40.062552000000004 s
       0.Info>>Progress: 4.625%, ETOTAL: 27.072583783783781 s, ETA: 25.820476783783782 s
       0.Info>>Progress: 6.500%, ETOTAL: 19.302107692307686 s, ETA: 18.047470692307687 s
       0.Info>>Progress: 11.250%, ETOTAL: 11.300666666666666 s, ETA: 10.029341666666667 s
       0.Info>>Progress: 22.165%, ETOTAL: 14.574900325356081 s, ETA: 11.344364325356082 s
       0.Info>>Progress: 31.811%, ETOTAL: 10.201293460957176 s, ETA: 6.9561704609571766 s
       0.Info>>Progress: 40.830%, ETOTAL: 12.766837208572095 s, ETA: 7.5541212085720968 s
       0.Info>>Progress: 50.080%, ETOTAL: 10.443918950399999 s, ETA: 5.2135909503999995 s
       0.Info>>Progress: 62.455%, ETOTAL: 8.4406999897362187 s, ETA: 3.1690499897362203 s
       0.Info>>Progress: 71.580%, ETOTAL: 10.107876559351629 s, ETA: 2.8726455593516311 s
       0.Info>>Progress: 81.705%, ETOTAL: 8.9102791463988673 s, ETA: 1.6301241463988694 s
       0.Info>>Scattering finished...                                           
       0.Info>>.................................................................
       0.Info>>.....................R.U.N...A.N.A.L.Y.S.I.S.....................
       0.Info>>.................................................................
       0.Info>>Aggregating timing information for performance analysis...       
       0.Info>>                                                                 
       0.Info>>                    Performance Analysis                         
       0.Info>>-----------------------------------------------------------------
       0.Info>> mean and total runtimes:                                        
       0.Info>>-----------------------------------------------------------------
       0.Info>>          measure |    total |       count |     mean |   stddev 
       0.Info>>-----------------------------------------------------------------
       0.Info>>   sd:c:b:dspstore| 4.927e-02|        10000| 4.927e-06| 2.657e-06
       0.Info>>    sd:c:b:scatter| 4.845e+01|        10000| 4.845e-03| 9.932e-04
       0.Info>>        sd:c:block| 4.868e+01|          100| 4.868e-01| 4.976e-02
       0.Info>>         sd:c:init| 1.657e+01|          100| 1.657e-01| 3.899e-02
       0.Info>>       sd:c:reduce| 1.060e-04|          100| 1.060e-06| 5.827e-07
       0.Info>>         sd:c:wait| 1.740e-04|          100| 1.740e-06| 7.273e-07
       0.Info>>        sd:compute| 6.525e+01|          100| 6.525e-01| 6.323e-02
       0.Info>>         sd:runner| 6.528e+01|            8| 8.160e+00| 0.000e+00
       0.Info>>          sd:stage| 1.949e-01|            8| 2.436e-02| 0.000e+00
       0.Info>> sd:worker:scatter| 4.795e+01|        10000| 4.795e-03| 9.704e-04
       0.Info>>    sd:worker:wait| 1.719e+01|        10000| 1.719e-03| 1.698e-02
       0.Info>>          sd:write| 1.154e-03|          100| 1.154e-05| 1.037e-05
       0.Info>>           st:fill| 1.171e-02|            8| 1.464e-03| 0.000e+00
       0.Info>>          st:first| 2.278e-02|            1| 2.278e-02| 0.000e+00
       0.Info>>           st:load| 2.231e-02|            1| 2.231e-02| 0.000e+00
       0.Info>>           st:wait| 1.597e-01|            8| 1.996e-02| 0.000e+00
       0.Info>>-----------------------------------------------------------------
       0.Info>>-----------------------------------------------------------------
       0.Info>> watermarks:                                                     
       0.Info>>-----------------------------------------------------------------
       0.Info>>          measure |      min |      max                          
       0.Info>>-----------------------------------------------------------------
       0.Info>>   sd:c:b:dspstore| 2.000e-06| 9.600e-05                         
       0.Info>>    sd:c:b:scatter| 1.650e-03| 1.595e-02                         
       0.Info>>        sd:c:block| 2.193e-01| 6.421e-01                         
       0.Info>>         sd:c:init| 1.195e-01| 2.557e-01                         
       0.Info>>       sd:c:reduce| 0.000e+00| 3.000e-06                         
       0.Info>>         sd:c:wait| 1.000e-06| 5.000e-06                         
       0.Info>>        sd:compute| 4.404e-01| 8.150e-01                         
       0.Info>>         sd:runner| 7.038e+00| 8.779e+00                         
       0.Info>>          sd:stage| 2.422e-02| 2.443e-02                         
       0.Info>> sd:worker:scatter| 1.633e-03| 1.113e-02                         
       0.Info>>    sd:worker:wait| 1.000e-06| 2.558e-01                         
       0.Info>>          sd:write| 5.000e-06| 5.300e-05                         
       0.Info>>           st:fill| 1.312e-03| 1.533e-03                         
       0.Info>>          st:first| 2.278e-02| 2.278e-02                         
       0.Info>>           st:load| 2.231e-02| 2.231e-02                         
       0.Info>>           st:wait| 9.000e-06| 2.282e-02                         
       0.Info>>-----------------------------------------------------------------
       0.Info>>                                                                 
       0.Info>>         Performance Analysis (relative to total time * nodes)   
       0.Info>>-----------------------------------------------------------------
       0.Info>> mean and total runtimes:                                        
       0.Info>>-----------------------------------------------------------------
       0.Info>>          measure |    total |       count |     mean |   stddev 
       0.Info>>-----------------------------------------------------------------
       0.Info>>   sd:c:b:dspstore| 6.627e-04|        10000| 6.627e-08| 3.082e-07
       0.Info>>    sd:c:b:scatter| 6.518e-01|        10000| 6.518e-05| 1.152e-04
       0.Info>>        sd:c:block| 6.548e-01|          100| 6.548e-03| 5.771e-03
       0.Info>>         sd:c:init| 2.229e-01|          100| 2.229e-03| 4.522e-03
       0.Info>>       sd:c:reduce| 1.426e-06|          100| 1.426e-08| 6.758e-08
       0.Info>>         sd:c:wait| 2.341e-06|          100| 2.341e-08| 8.435e-08
       0.Info>>        sd:compute| 8.778e-01|          100| 8.778e-03| 7.333e-03
       0.Info>>         sd:runner| 8.781e-01|            8| 1.098e-01| 0.000e+00
       0.Info>>          sd:stage| 2.622e-03|            8| 3.277e-04| 0.000e+00
       0.Info>> sd:worker:scatter| 6.451e-01|        10000| 6.451e-05| 1.125e-04
       0.Info>>    sd:worker:wait| 2.313e-01|        10000| 2.313e-05| 1.970e-03
       0.Info>>          sd:write| 1.552e-05|          100| 1.552e-07| 1.203e-06
       0.Info>>           st:fill| 1.576e-04|            8| 1.970e-05| 0.000e+00
       0.Info>>          st:first| 3.065e-04|            1| 3.065e-04| 0.000e+00
       0.Info>>           st:load| 3.001e-04|            1| 3.001e-04| 0.000e+00
       0.Info>>           st:wait| 2.149e-03|            8| 2.686e-04| 0.000e+00
       0.Info>>-----------------------------------------------------------------
       0.Info>>-----------------------------------------------------------------
       0.Info>> watermarks:                                                     
       0.Info>>-----------------------------------------------------------------
       0.Info>>          measure |      min |      max                          
       0.Info>>-----------------------------------------------------------------
       0.Info>>   sd:c:b:dspstore| 2.690e-08| 1.291e-06                         
       0.Info>>    sd:c:b:scatter| 2.220e-05| 2.145e-04                         
       0.Info>>        sd:c:block| 2.950e-03| 8.638e-03                         
       0.Info>>         sd:c:init| 1.608e-03| 3.440e-03                         
       0.Info>>       sd:c:reduce| 0.000e+00| 4.036e-08                         
       0.Info>>         sd:c:wait| 1.345e-08| 6.726e-08                         
       0.Info>>        sd:compute| 5.925e-03| 1.096e-02                         
       0.Info>>         sd:runner| 9.467e-02| 1.181e-01                         
       0.Info>>          sd:stage| 3.258e-04| 3.286e-04                         
       0.Info>> sd:worker:scatter| 2.197e-05| 1.497e-04                         
       0.Info>>    sd:worker:wait| 1.345e-08| 3.442e-03                         
       0.Info>>          sd:write| 6.726e-08| 7.130e-07                         
       0.Info>>           st:fill| 1.765e-05| 2.062e-05                         
       0.Info>>          st:first| 3.065e-04| 3.065e-04                         
       0.Info>>           st:load| 3.001e-04| 3.001e-04                         
       0.Info>>           st:wait| 1.211e-07| 3.070e-04                         
       0.Info>>-----------------------------------------------------------------
       0.Info>>Total runtime (s): 9.2922829999999994                            
       0.Info>>Successfully finished... Have a nice day!                        
