       0.Info>>This software is being developed by Benjamin Lindner.                    
       0.Info>>For help, suggestions or correspondense use:                             
       0.Info>>ben@benlabs.net, Benjamin Lindner (Main Developer, Impl. & Maintenance)  
       0.Info>>franc@cmm.ki.si, Franci Merzel (Methodology)                             
       0.Info>>For publications include the following references:                       
       0.Info>>.........................................................................
       0.Info>>1. Sassena - X-ray and Neutron Scattering Calculated                     
       0.Info>>  from Molecular Dynamics Trajectories using Massively Parallel Computers
       0.Info>>  published as a Computer Program in Physics Paper                       
       0.Info>>.........................................................................
       0.Info>>Version Information: 1.4.2                                       
       0.Info>>                                                                 
       0.Info>>.................................................................
       0.Info>>......................D.E.S.C.R.I.P.T.I.O.N......................
       0.Info>>.................................................................
       0.Info>>This binary computes the scattering intensities directly from    
       0.Info>>a molecular dynamics trajectory.                                 
       0.Info>>.................................................................
       0.Info>>.................................................................
       0.Info>>...................I.N.I.T.I.A.L.I.Z.A.T.I.O.N...................
       0.Info>>.................................................................
       0.Info>>No configuration file specified. Will use default                
       0.Info>>Looking for configuration file: scatter.xml                      
       0.Info>>Reading parameters from XML file: scatter.xml                    
       0.Info>>Added frames from /home/amajumda/study/continuum_simulations/gitlab/continuum-to-scattering/data/100_100_100_10_10_10/single_atom_shrink/iteration_010/t006/pdb_dcd/sample.dcd using format: dcd
       0.Info>>Options: first=0, last=0, lastset=0, stride=1                    
       0.Info>>stager.target=system                                             
       0.Info>>scattering.type=all                                              
       0.Info>>scattering.dsp.type=square                                       
       0.Info>>scattering.average.orientation.type=vectors                      
       0.Info>>scattering.average.orientation.vectors.type=sphere               
       0.Info>>scattering.average.orientation.vectors.algorithm=boost_uniform_on_sphere
       0.Info>>scattering.average.orientation.vectors.resolution=100            
       0.Info>>Generating orientations for orientational averaging using sphere,boost_uniform_on_sphere
       0.Info>>Initialized orientational averaging with 100 vectors.            
       0.Info>>scattering.signal.file=signal.h5                                 
       0.Info>>scattering.signal.filepath=/home/amajumda/study/continuum_simulations/gitlab/continuum-to-scattering/data/100_100_100_10_10_10/single_atom_shrink/iteration_010/t006/signal.h5
       0.Info>>scattering.signal.fqt=1                                          
       0.Info>>scattering.signal.fq0=1                                          
       0.Info>>scattering.signal.fq=1                                           
       0.Info>>scattering.signal.fq2=1                                          
       0.Info>>Analyzing command line for parameter overwrites                  
       0.Info>>Reading database from file: /home/amajumda/study/continuum_simulations/gitlab/continuum-to-scattering/data/100_100_100_10_10_10/single_atom_shrink/iteration_010/t006/database/db-neutron-coherent.xml
       0.Info>>Checking database...                                             
       0.Info>>Testing mapping between PDB names and atom labels                
       0.Info>>Testing database completeness for referenced atom labels         
       0.Info>>Check succeeded. Database seems OK.                              
       0.Info>>Initializing sample...                                           
       0.Info>>Reading structure from file: /home/amajumda/study/continuum_simulations/gitlab/continuum-to-scattering/data/100_100_100_10_10_10/single_atom_shrink/iteration_010/t006/pdb_dcd/sample.pdb
       0.Info>>Done. Atoms read: 1000                                           
       0.Info>>Reading frames from: /home/amajumda/study/continuum_simulations/gitlab/continuum-to-scattering/data/100_100_100_10_10_10/single_atom_shrink/iteration_010/t006/pdb_dcd/sample.dcd
       0.Info>>Found 1 frames                                                   
       0.Info>>Total number of coordinate sets found: 1                         
       0.Info>>Exchanging sample, database & params information with compute nodes... 
       0.Info>>params...                                                        
       0.Info>>database...                                                      
       0.Info>>sample...                                                        
       0.Info>>.................................................................
       0.Info>>......................C.O.M.P.U.T.A.T.I.O.N......................
       0.Info>>.................................................................
       0.Info>>Setting up services...                                           
       0.Info>>Initializing data file service...                                
       0.Info>>Initializing monitor service...                                  
       0.Info>>Starting data file service...                                    
       0.Info>>Starting monitor service...                                      
       0.Info>>Services setup and running...                                    
       0.Info>>Checking /home/amajumda/study/continuum_simulations/gitlab/continuum-to-scattering/data/100_100_100_10_10_10/single_atom_shrink/iteration_010/t006/signal.h5 for old results.
       0.Info>>Broadcasting service information                                 
       0.Info>>Server host name    : hzglap02                                   
       0.Info>>FileService Port    : 40511                                      
       0.Info>>MonitorService Port : 39643                                      
       0.Info>>Setting up parallel environment...                               
       0.Info>>Searching for decomposition plan:                                
       0.Info>>nodes    = 8                                                     
       0.Info>>qvectors = 100                                                   
       0.Info>>frames   = 1                                                     
       0.Info>>atoms   = 1000                                                   
       0.Info>>All interference scattering detected. Applying frame decomposition.
       0.Info>>Automatic decomposition. Searching for best utilization.         
       0.Info>>Final decomposition parameters:                                  
       0.Info>>NN                : 8                                            
       0.Info>>NQ                : 100                                          
       0.Info>>NAF               : 1                                            
       0.Info>>NP                : 8                                            
       0.Info>>NNpP              : 1                                            
       0.Info>>NAFcycles         : 1                                            
       0.Info>>NQcycles          : 13                                           
       0.Info>>CompEl (WASTE/USE): 4/100                                        
       0.Info>>utilization(1=best)    : 0.96153846153846156                     
       0.Info>>Initializing Scatter Device, Vectors (all)                       
       0.Info>>Starting scattering...                                           
       0.Info>>Checking memory requirements for scattering calculation...       
       0.Info>>required limits.computation.memory.result_buffer=16              
       0.Info>>required limits.computation.memory.signal_buffer=16              
       0.Info>>required limits.computation.memory.exchange_buffer=0             
       0.Info>>required limits.computation.memory.alignpad_buffer=32            
       0.Info>>Memory limits ok                                                 
       0.Info>>Staging data...                                                  
       0.Info>>Forcing stager.mode=frames                                       
       0.Info>>Staging first partition.                                         
       0.Info>>Staging remaining partitions.                                    
       0.Info>>background scattering length set to 0                            
       0.Info>>Target initialized.                                              
       0.Info>>Target 'system' produces a background scattering length density of 0.035650707252585144
       0.Info>>Starting computation...                                          
       0.Info>>Orientational averaging includes 100 vectors                     
       0.Info>>Setting progress sampling factor for monitoring to 1             
       0.Info>>Scattering finished...                                           
       0.Info>>.................................................................
       0.Info>>.....................R.U.N...A.N.A.L.Y.S.I.S.....................
       0.Info>>.................................................................
       0.Info>>Aggregating timing information for performance analysis...       
       0.Info>>                                                                 
       0.Info>>                    Performance Analysis                         
       0.Info>>-----------------------------------------------------------------
       0.Info>> mean and total runtimes:                                        
       0.Info>>-----------------------------------------------------------------
       0.Info>>          measure |    total |       count |     mean |   stddev 
       0.Info>>-----------------------------------------------------------------
       0.Info>>   sd:c:b:dspstore| 2.815e-02|        10000| 2.815e-06| 1.874e-06
       0.Info>>    sd:c:b:scatter| 6.634e-01|        10000| 6.634e-05| 1.998e-05
       0.Info>>        sd:c:block| 8.012e-01|          100| 8.012e-03| 4.987e-04
       0.Info>>         sd:c:init| 1.474e-01|          100| 1.474e-03| 3.147e-04
       0.Info>>       sd:c:reduce| 1.090e-04|          100| 1.090e-06| 5.493e-07
       0.Info>>         sd:c:wait| 1.500e-04|          100| 1.500e-06| 5.869e-07
       0.Info>>        sd:compute| 9.508e-01|          100| 9.508e-03| 5.842e-04
       0.Info>>         sd:runner| 9.535e-01|            8| 1.192e-01| 0.000e+00
       0.Info>>          sd:stage| 3.282e-03|            8| 4.103e-04| 0.000e+00
       0.Info>> sd:worker:scatter| 4.678e-01|        10000| 4.678e-05| 8.027e-06
       0.Info>>    sd:worker:wait| 4.043e-01|        10000| 4.043e-05| 1.553e-04
       0.Info>>          sd:write| 8.200e-04|          100| 8.200e-06| 5.968e-06
       0.Info>>           st:fill| 6.390e-04|            8| 7.988e-05| 0.000e+00
       0.Info>>          st:first| 2.430e-04|            1| 2.430e-04| 0.000e+00
       0.Info>>           st:load| 2.180e-04|            1| 2.180e-04| 0.000e+00
       0.Info>>           st:wait| 1.842e-03|            8| 2.302e-04| 0.000e+00
       0.Info>>-----------------------------------------------------------------
       0.Info>>-----------------------------------------------------------------
       0.Info>> watermarks:                                                     
       0.Info>>-----------------------------------------------------------------
       0.Info>>          measure |      min |      max                          
       0.Info>>-----------------------------------------------------------------
       0.Info>>   sd:c:b:dspstore| 1.000e-06| 7.000e-05                         
       0.Info>>    sd:c:b:scatter| 2.400e-05| 1.208e-03                         
       0.Info>>        sd:c:block| 5.550e-03| 9.717e-03                         
       0.Info>>         sd:c:init| 1.007e-03| 2.184e-03                         
       0.Info>>       sd:c:reduce| 0.000e+00| 3.000e-06                         
       0.Info>>         sd:c:wait| 1.000e-06| 3.000e-06                         
       0.Info>>        sd:compute| 6.821e-03| 1.099e-02                         
       0.Info>>         sd:runner| 1.075e-01| 1.274e-01                         
       0.Info>>          sd:stage| 4.030e-04| 4.170e-04                         
       0.Info>> sd:worker:scatter| 1.200e-05| 3.270e-04                         
       0.Info>>    sd:worker:wait| 1.300e-05| 2.247e-03                         
       0.Info>>          sd:write| 4.000e-06| 3.600e-05                         
       0.Info>>           st:fill| 7.200e-05| 8.400e-05                         
       0.Info>>          st:first| 2.430e-04| 2.430e-04                         
       0.Info>>           st:load| 2.180e-04| 2.180e-04                         
       0.Info>>           st:wait| 4.000e-06| 2.640e-04                         
       0.Info>>-----------------------------------------------------------------
       0.Info>>                                                                 
       0.Info>>         Performance Analysis (relative to total time * nodes)   
       0.Info>>-----------------------------------------------------------------
       0.Info>> mean and total runtimes:                                        
       0.Info>>-----------------------------------------------------------------
       0.Info>>          measure |    total |       count |     mean |   stddev 
       0.Info>>-----------------------------------------------------------------
       0.Info>>   sd:c:b:dspstore| 2.077e-02|        10000| 2.077e-06| 1.609e-06
       0.Info>>    sd:c:b:scatter| 4.893e-01|        10000| 4.893e-05| 1.716e-05
       0.Info>>        sd:c:block| 5.909e-01|          100| 5.909e-03| 4.283e-04
       0.Info>>         sd:c:init| 1.087e-01|          100| 1.087e-03| 2.703e-04
       0.Info>>       sd:c:reduce| 8.039e-05|          100| 8.039e-07| 4.717e-07
       0.Info>>         sd:c:wait| 1.106e-04|          100| 1.106e-06| 5.041e-07
       0.Info>>        sd:compute| 7.013e-01|          100| 7.013e-03| 5.017e-04
       0.Info>>         sd:runner| 7.032e-01|            8| 8.790e-02| 0.000e+00
       0.Info>>          sd:stage| 2.421e-03|            8| 3.026e-04| 0.000e+00
       0.Info>> sd:worker:scatter| 3.450e-01|        10000| 3.450e-05| 6.894e-06
       0.Info>>    sd:worker:wait| 2.982e-01|        10000| 2.982e-05| 1.334e-04
       0.Info>>          sd:write| 6.048e-04|          100| 6.048e-06| 5.125e-06
       0.Info>>           st:fill| 4.713e-04|            8| 5.891e-05| 0.000e+00
       0.Info>>          st:first| 1.792e-04|            1| 1.792e-04| 0.000e+00
       0.Info>>           st:load| 1.608e-04|            1| 1.608e-04| 0.000e+00
       0.Info>>           st:wait| 1.359e-03|            8| 1.698e-04| 0.000e+00
       0.Info>>-----------------------------------------------------------------
       0.Info>>-----------------------------------------------------------------
       0.Info>> watermarks:                                                     
       0.Info>>-----------------------------------------------------------------
       0.Info>>          measure |      min |      max                          
       0.Info>>-----------------------------------------------------------------
       0.Info>>   sd:c:b:dspstore| 7.375e-07| 5.163e-05                         
       0.Info>>    sd:c:b:scatter| 1.770e-05| 8.909e-04                         
       0.Info>>        sd:c:block| 4.093e-03| 7.167e-03                         
       0.Info>>         sd:c:init| 7.427e-04| 1.611e-03                         
       0.Info>>       sd:c:reduce| 0.000e+00| 2.213e-06                         
       0.Info>>         sd:c:wait| 7.375e-07| 2.213e-06                         
       0.Info>>        sd:compute| 5.031e-03| 8.109e-03                         
       0.Info>>         sd:runner| 7.927e-02| 9.398e-02                         
       0.Info>>          sd:stage| 2.972e-04| 3.075e-04                         
       0.Info>> sd:worker:scatter| 8.850e-06| 2.412e-04                         
       0.Info>>    sd:worker:wait| 9.588e-06| 1.657e-03                         
       0.Info>>          sd:write| 2.950e-06| 2.655e-05                         
       0.Info>>           st:fill| 5.310e-05| 6.195e-05                         
       0.Info>>          st:first| 1.792e-04| 1.792e-04                         
       0.Info>>           st:load| 1.608e-04| 1.608e-04                         
       0.Info>>           st:wait| 2.950e-06| 1.947e-04                         
       0.Info>>-----------------------------------------------------------------
       0.Info>>Total runtime (s): 0.169485                                      
       0.Info>>Successfully finished... Have a nice day!                        
