       0.Info>>This software is being developed by Benjamin Lindner.                    
       0.Info>>For help, suggestions or correspondense use:                             
       0.Info>>ben@benlabs.net, Benjamin Lindner (Main Developer, Impl. & Maintenance)  
       0.Info>>franc@cmm.ki.si, Franci Merzel (Methodology)                             
       0.Info>>For publications include the following references:                       
       0.Info>>.........................................................................
       0.Info>>1. Sassena - X-ray and Neutron Scattering Calculated                     
       0.Info>>  from Molecular Dynamics Trajectories using Massively Parallel Computers
       0.Info>>  published as a Computer Program in Physics Paper                       
       0.Info>>.........................................................................
       0.Info>>Version Information: 1.4.2                                       
       0.Info>>                                                                 
       0.Info>>.................................................................
       0.Info>>......................D.E.S.C.R.I.P.T.I.O.N......................
       0.Info>>.................................................................
       0.Info>>This binary computes the scattering intensities directly from    
       0.Info>>a molecular dynamics trajectory.                                 
       0.Info>>.................................................................
       0.Info>>.................................................................
       0.Info>>...................I.N.I.T.I.A.L.I.Z.A.T.I.O.N...................
       0.Info>>.................................................................
       0.Info>>No configuration file specified. Will use default                
       0.Info>>Looking for configuration file: scatter.xml                      
       0.Info>>Reading parameters from XML file: scatter.xml                    
       0.Info>>Added frames from /home/amajumda/study/continuum_simulations/gitlab/continuum-to-scattering/data/100_100_100_50_50_50/single_atom_shrink/iteration_004/t009/pdb_dcd/sample.dcd using format: dcd
       0.Info>>Options: first=0, last=0, lastset=0, stride=1                    
       0.Info>>stager.target=system                                             
       0.Info>>scattering.type=all                                              
       0.Info>>scattering.dsp.type=square                                       
       0.Info>>scattering.average.orientation.type=vectors                      
       0.Info>>scattering.average.orientation.vectors.type=sphere               
       0.Info>>scattering.average.orientation.vectors.algorithm=boost_uniform_on_sphere
       0.Info>>scattering.average.orientation.vectors.resolution=100            
       0.Info>>Generating orientations for orientational averaging using sphere,boost_uniform_on_sphere
       0.Info>>Initialized orientational averaging with 100 vectors.            
       0.Info>>scattering.signal.file=signal.h5                                 
       0.Info>>scattering.signal.filepath=/home/amajumda/study/continuum_simulations/gitlab/continuum-to-scattering/data/100_100_100_50_50_50/single_atom_shrink/iteration_004/t009/signal.h5
       0.Info>>scattering.signal.fqt=1                                          
       0.Info>>scattering.signal.fq0=1                                          
       0.Info>>scattering.signal.fq=1                                           
       0.Info>>scattering.signal.fq2=1                                          
       0.Info>>Analyzing command line for parameter overwrites                  
       0.Info>>Reading database from file: /home/amajumda/study/continuum_simulations/gitlab/continuum-to-scattering/data/100_100_100_50_50_50/single_atom_shrink/iteration_004/t009/database/db-neutron-coherent.xml
       0.Info>>Checking database...                                             
       0.Info>>Testing mapping between PDB names and atom labels                
       0.Info>>Testing database completeness for referenced atom labels         
       0.Info>>Check succeeded. Database seems OK.                              
       0.Info>>Initializing sample...                                           
       0.Info>>Reading structure from file: /home/amajumda/study/continuum_simulations/gitlab/continuum-to-scattering/data/100_100_100_50_50_50/single_atom_shrink/iteration_004/t009/pdb_dcd/sample.pdb
       0.Info>>Done. Atoms read: 125000                                         
       0.Info>>Reading frames from: /home/amajumda/study/continuum_simulations/gitlab/continuum-to-scattering/data/100_100_100_50_50_50/single_atom_shrink/iteration_004/t009/pdb_dcd/sample.dcd
       0.Info>>Found 1 frames                                                   
       0.Info>>Total number of coordinate sets found: 1                         
       0.Info>>Exchanging sample, database & params information with compute nodes... 
       0.Info>>params...                                                        
       0.Info>>database...                                                      
       0.Info>>sample...                                                        
       0.Info>>.................................................................
       0.Info>>......................C.O.M.P.U.T.A.T.I.O.N......................
       0.Info>>.................................................................
       0.Info>>Setting up services...                                           
       0.Info>>Initializing data file service...                                
       0.Info>>Initializing monitor service...                                  
       0.Info>>Starting data file service...                                    
       0.Info>>Starting monitor service...                                      
       0.Info>>Services setup and running...                                    
       0.Info>>Checking /home/amajumda/study/continuum_simulations/gitlab/continuum-to-scattering/data/100_100_100_50_50_50/single_atom_shrink/iteration_004/t009/signal.h5 for old results.
       0.Info>>Broadcasting service information                                 
       0.Info>>Server host name    : hzglap02                                   
       0.Info>>FileService Port    : 35411                                      
       0.Info>>MonitorService Port : 33865                                      
       0.Info>>Setting up parallel environment...                               
       0.Info>>Searching for decomposition plan:                                
       0.Info>>nodes    = 8                                                     
       0.Info>>qvectors = 100                                                   
       0.Info>>frames   = 1                                                     
       0.Info>>atoms   = 125000                                                 
       0.Info>>All interference scattering detected. Applying frame decomposition.
       0.Info>>Automatic decomposition. Searching for best utilization.         
       0.Info>>Final decomposition parameters:                                  
       0.Info>>NN                : 8                                            
       0.Info>>NQ                : 100                                          
       0.Info>>NAF               : 1                                            
       0.Info>>NP                : 8                                            
       0.Info>>NNpP              : 1                                            
       0.Info>>NAFcycles         : 1                                            
       0.Info>>NQcycles          : 13                                           
       0.Info>>CompEl (WASTE/USE): 4/100                                        
       0.Info>>utilization(1=best)    : 0.96153846153846156                     
       0.Info>>Initializing Scatter Device, Vectors (all)                       
       0.Info>>Starting scattering...                                           
       0.Info>>Checking memory requirements for scattering calculation...       
       0.Info>>required limits.computation.memory.result_buffer=16              
       0.Info>>required limits.computation.memory.signal_buffer=16              
       0.Info>>required limits.computation.memory.exchange_buffer=0             
       0.Info>>required limits.computation.memory.alignpad_buffer=32            
       0.Info>>Memory limits ok                                                 
       0.Info>>Staging data...                                                  
       0.Info>>Forcing stager.mode=frames                                       
       0.Info>>Staging first partition.                                         
       0.Info>>Staging remaining partitions.                                    
       0.Info>>background scattering length set to 0                            
       0.Info>>Target initialized.                                              
       0.Info>>Target 'system' produces a background scattering length density of 0.0001257077890783247
       0.Info>>Starting computation...                                          
       0.Info>>Orientational averaging includes 100 vectors                     
       0.Info>>Setting progress sampling factor for monitoring to 1             
       0.Info>>Progress: 1.385%, ETOTAL: 57.913624060150376 s, ETA: 57.111279060150373 s
       0.Info>>Progress: 2.771%, ETOTAL: 29.008601503759401 s, ETA: 28.204821503759401 s
       0.Info>>Progress: 4.021%, ETOTAL: 20.079195854922279 s, ETA: 19.271844854922279 s
       0.Info>>Progress: 5.521%, ETOTAL: 15.045808301886792 s, ETA: 14.215154301886791 s
       0.Info>>Progress: 11.781%, ETOTAL: 7.9293793103448289 s, ETA: 6.9951993103448284 s
       0.Info>>Progress: 21.560%, ETOTAL: 13.066504805440962 s, ETA: 10.249353805440961 s
       0.Info>>Progress: 32.570%, ETOTAL: 9.0516460255369413 s, ETA: 6.103551025536941 s
       0.Info>>Progress: 40.455%, ETOTAL: 7.2987705910315324 s, ETA: 4.346043591031532 s
       0.Info>>Progress: 50.830%, ETOTAL: 9.4718234441011422 s, ETA: 4.6572834441011413 s
       0.Info>>Progress: 60.580%, ETOTAL: 8.0491807205967962 s, ETA: 3.1729767205967949 s
       0.Info>>Progress: 70.330%, ETOTAL: 9.6764148931322058 s, ETA: 2.8709798931322057 s
       0.Info>>Progress: 82.705%, ETOTAL: 8.4026349403193308 s, ETA: 1.4532249403193305 s
       0.Info>>Scattering finished...                                           
       0.Info>>.................................................................
       0.Info>>.....................R.U.N...A.N.A.L.Y.S.I.S.....................
       0.Info>>.................................................................
       0.Info>>Aggregating timing information for performance analysis...       
       0.Info>>                                                                 
       0.Info>>                    Performance Analysis                         
       0.Info>>-----------------------------------------------------------------
       0.Info>> mean and total runtimes:                                        
       0.Info>>-----------------------------------------------------------------
       0.Info>>          measure |    total |       count |     mean |   stddev 
       0.Info>>-----------------------------------------------------------------
       0.Info>>   sd:c:b:dspstore| 3.616e-02|        10000| 3.616e-06| 2.077e-06
       0.Info>>    sd:c:b:scatter| 4.382e+01|        10000| 4.382e-03| 7.732e-04
       0.Info>>        sd:c:block| 4.400e+01|          100| 4.400e-01| 4.192e-02
       0.Info>>         sd:c:init| 1.476e+01|          100| 1.476e-01| 3.076e-02
       0.Info>>       sd:c:reduce| 1.090e-04|          100| 1.090e-06| 5.080e-07
       0.Info>>         sd:c:wait| 1.660e-04|          100| 1.660e-06| 5.758e-07
       0.Info>>        sd:compute| 5.876e+01|          100| 5.876e-01| 5.744e-02
       0.Info>>         sd:runner| 5.876e+01|            8| 7.345e+00| 0.000e+00
       0.Info>>          sd:stage| 1.974e-01|            8| 2.468e-02| 0.000e+00
       0.Info>> sd:worker:scatter| 4.347e+01|        10000| 4.347e-03| 7.459e-04
       0.Info>>    sd:worker:wait| 1.519e+01|        10000| 1.519e-03| 1.506e-02
       0.Info>>          sd:write| 1.031e-03|          100| 1.031e-05| 7.593e-06
       0.Info>>           st:fill| 1.190e-02|            8| 1.488e-03| 0.000e+00
       0.Info>>          st:first| 2.307e-02|            1| 2.307e-02| 0.000e+00
       0.Info>>           st:load| 2.274e-02|            1| 2.274e-02| 0.000e+00
       0.Info>>           st:wait| 1.617e-01|            8| 2.022e-02| 0.000e+00
       0.Info>>-----------------------------------------------------------------
       0.Info>>-----------------------------------------------------------------
       0.Info>> watermarks:                                                     
       0.Info>>-----------------------------------------------------------------
       0.Info>>          measure |      min |      max                          
       0.Info>>-----------------------------------------------------------------
       0.Info>>   sd:c:b:dspstore| 2.000e-06| 7.400e-05                         
       0.Info>>    sd:c:b:scatter| 1.565e-03| 1.641e-02                         
       0.Info>>        sd:c:block| 1.664e-01| 5.710e-01                         
       0.Info>>         sd:c:init| 1.158e-01| 2.581e-01                         
       0.Info>>       sd:c:reduce| 0.000e+00| 3.000e-06                         
       0.Info>>         sd:c:wait| 1.000e-06| 4.000e-06                         
       0.Info>>        sd:compute| 2.867e-01| 7.467e-01                         
       0.Info>>         sd:runner| 6.401e+00| 8.235e+00                         
       0.Info>>          sd:stage| 2.452e-02| 2.475e-02                         
       0.Info>> sd:worker:scatter| 1.548e-03| 9.416e-03                         
       0.Info>>    sd:worker:wait| 1.000e-06| 2.583e-01                         
       0.Info>>          sd:write| 5.000e-06| 4.900e-05                         
       0.Info>>           st:fill| 1.324e-03| 1.559e-03                         
       0.Info>>          st:first| 2.307e-02| 2.307e-02                         
       0.Info>>           st:load| 2.274e-02| 2.274e-02                         
       0.Info>>           st:wait| 1.000e-05| 2.311e-02                         
       0.Info>>-----------------------------------------------------------------
       0.Info>>                                                                 
       0.Info>>         Performance Analysis (relative to total time * nodes)   
       0.Info>>-----------------------------------------------------------------
       0.Info>> mean and total runtimes:                                        
       0.Info>>-----------------------------------------------------------------
       0.Info>>          measure |    total |       count |     mean |   stddev 
       0.Info>>-----------------------------------------------------------------
       0.Info>>   sd:c:b:dspstore| 5.220e-04|        10000| 5.220e-08| 2.496e-07
       0.Info>>    sd:c:b:scatter| 6.327e-01|        10000| 6.327e-05| 9.290e-05
       0.Info>>        sd:c:block| 6.353e-01|          100| 6.353e-03| 5.037e-03
       0.Info>>         sd:c:init| 2.131e-01|          100| 2.131e-03| 3.696e-03
       0.Info>>       sd:c:reduce| 1.574e-06|          100| 1.574e-08| 6.104e-08
       0.Info>>         sd:c:wait| 2.397e-06|          100| 2.397e-08| 6.919e-08
       0.Info>>        sd:compute| 8.484e-01|          100| 8.484e-03| 6.902e-03
       0.Info>>         sd:runner| 8.484e-01|            8| 1.061e-01| 0.000e+00
       0.Info>>          sd:stage| 2.850e-03|            8| 3.563e-04| 0.000e+00
       0.Info>> sd:worker:scatter| 6.276e-01|        10000| 6.276e-05| 8.962e-05
       0.Info>>    sd:worker:wait| 2.194e-01|        10000| 2.194e-05| 1.809e-03
       0.Info>>          sd:write| 1.489e-05|          100| 1.489e-07| 9.124e-07
       0.Info>>           st:fill| 1.718e-04|            8| 2.148e-05| 0.000e+00
       0.Info>>          st:first| 3.331e-04|            1| 3.331e-04| 0.000e+00
       0.Info>>           st:load| 3.283e-04|            1| 3.283e-04| 0.000e+00
       0.Info>>           st:wait| 2.335e-03|            8| 2.919e-04| 0.000e+00
       0.Info>>-----------------------------------------------------------------
       0.Info>>-----------------------------------------------------------------
       0.Info>> watermarks:                                                     
       0.Info>>-----------------------------------------------------------------
       0.Info>>          measure |      min |      max                          
       0.Info>>-----------------------------------------------------------------
       0.Info>>   sd:c:b:dspstore| 2.888e-08| 1.068e-06                         
       0.Info>>    sd:c:b:scatter| 2.260e-05| 2.369e-04                         
       0.Info>>        sd:c:block| 2.402e-03| 8.244e-03                         
       0.Info>>         sd:c:init| 1.672e-03| 3.727e-03                         
       0.Info>>       sd:c:reduce| 0.000e+00| 4.332e-08                         
       0.Info>>         sd:c:wait| 1.444e-08| 5.775e-08                         
       0.Info>>        sd:compute| 4.140e-03| 1.078e-02                         
       0.Info>>         sd:runner| 9.242e-02| 1.189e-01                         
       0.Info>>          sd:stage| 3.540e-04| 3.573e-04                         
       0.Info>> sd:worker:scatter| 2.235e-05| 1.360e-04                         
       0.Info>>    sd:worker:wait| 1.444e-08| 3.729e-03                         
       0.Info>>          sd:write| 7.219e-08| 7.075e-07                         
       0.Info>>           st:fill| 1.912e-05| 2.251e-05                         
       0.Info>>          st:first| 3.331e-04| 3.331e-04                         
       0.Info>>           st:load| 3.283e-04| 3.283e-04                         
       0.Info>>           st:wait| 1.444e-07| 3.337e-04                         
       0.Info>>-----------------------------------------------------------------
       0.Info>>Total runtime (s): 8.6574939999999998                            
       0.Info>>Successfully finished... Have a nice day!                        
