       0.Info>>This software is being developed by Benjamin Lindner.                    
       0.Info>>For help, suggestions or correspondense use:                             
       0.Info>>ben@benlabs.net, Benjamin Lindner (Main Developer, Impl. & Maintenance)  
       0.Info>>franc@cmm.ki.si, Franci Merzel (Methodology)                             
       0.Info>>For publications include the following references:                       
       0.Info>>.........................................................................
       0.Info>>1. Sassena - X-ray and Neutron Scattering Calculated                     
       0.Info>>  from Molecular Dynamics Trajectories using Massively Parallel Computers
       0.Info>>  published as a Computer Program in Physics Paper                       
       0.Info>>.........................................................................
       0.Info>>Version Information: 1.4.2                                       
       0.Info>>                                                                 
       0.Info>>.................................................................
       0.Info>>......................D.E.S.C.R.I.P.T.I.O.N......................
       0.Info>>.................................................................
       0.Info>>This binary computes the scattering intensities directly from    
       0.Info>>a molecular dynamics trajectory.                                 
       0.Info>>.................................................................
       0.Info>>.................................................................
       0.Info>>...................I.N.I.T.I.A.L.I.Z.A.T.I.O.N...................
       0.Info>>.................................................................
       0.Info>>No configuration file specified. Will use default                
       0.Info>>Looking for configuration file: scatter.xml                      
       0.Info>>Reading parameters from XML file: scatter.xml                    
       0.Info>>Added frames from /home/amajumda/study/continuum_simulations/gitlab/continuum-to-scattering/data/100_100_100_50_50_50/single_atom_shrink/iteration_007/t007/pdb_dcd/sample.dcd using format: dcd
       0.Info>>Options: first=0, last=0, lastset=0, stride=1                    
       0.Info>>stager.target=system                                             
       0.Info>>scattering.type=all                                              
       0.Info>>scattering.dsp.type=square                                       
       0.Info>>scattering.average.orientation.type=vectors                      
       0.Info>>scattering.average.orientation.vectors.type=sphere               
       0.Info>>scattering.average.orientation.vectors.algorithm=boost_uniform_on_sphere
       0.Info>>scattering.average.orientation.vectors.resolution=100            
       0.Info>>Generating orientations for orientational averaging using sphere,boost_uniform_on_sphere
       0.Info>>Initialized orientational averaging with 100 vectors.            
       0.Info>>scattering.signal.file=signal.h5                                 
       0.Info>>scattering.signal.filepath=/home/amajumda/study/continuum_simulations/gitlab/continuum-to-scattering/data/100_100_100_50_50_50/single_atom_shrink/iteration_007/t007/signal.h5
       0.Info>>scattering.signal.fqt=1                                          
       0.Info>>scattering.signal.fq0=1                                          
       0.Info>>scattering.signal.fq=1                                           
       0.Info>>scattering.signal.fq2=1                                          
       0.Info>>Analyzing command line for parameter overwrites                  
       0.Info>>Reading database from file: /home/amajumda/study/continuum_simulations/gitlab/continuum-to-scattering/data/100_100_100_50_50_50/single_atom_shrink/iteration_007/t007/database/db-neutron-coherent.xml
       0.Info>>Checking database...                                             
       0.Info>>Testing mapping between PDB names and atom labels                
       0.Info>>Testing database completeness for referenced atom labels         
       0.Info>>Check succeeded. Database seems OK.                              
       0.Info>>Initializing sample...                                           
       0.Info>>Reading structure from file: /home/amajumda/study/continuum_simulations/gitlab/continuum-to-scattering/data/100_100_100_50_50_50/single_atom_shrink/iteration_007/t007/pdb_dcd/sample.pdb
       0.Info>>Done. Atoms read: 125000                                         
       0.Info>>Reading frames from: /home/amajumda/study/continuum_simulations/gitlab/continuum-to-scattering/data/100_100_100_50_50_50/single_atom_shrink/iteration_007/t007/pdb_dcd/sample.dcd
       0.Info>>Found 1 frames                                                   
       0.Info>>Total number of coordinate sets found: 1                         
       0.Info>>Exchanging sample, database & params information with compute nodes... 
       0.Info>>params...                                                        
       0.Info>>database...                                                      
       0.Info>>sample...                                                        
       0.Info>>.................................................................
       0.Info>>......................C.O.M.P.U.T.A.T.I.O.N......................
       0.Info>>.................................................................
       0.Info>>Setting up services...                                           
       0.Info>>Initializing data file service...                                
       0.Info>>Initializing monitor service...                                  
       0.Info>>Starting data file service...                                    
       0.Info>>Starting monitor service...                                      
       0.Info>>Services setup and running...                                    
       0.Info>>Checking /home/amajumda/study/continuum_simulations/gitlab/continuum-to-scattering/data/100_100_100_50_50_50/single_atom_shrink/iteration_007/t007/signal.h5 for old results.
       0.Info>>Broadcasting service information                                 
       0.Info>>Server host name    : hzglap02                                   
       0.Info>>FileService Port    : 41661                                      
       0.Info>>MonitorService Port : 42795                                      
       0.Info>>Setting up parallel environment...                               
       0.Info>>Searching for decomposition plan:                                
       0.Info>>nodes    = 8                                                     
       0.Info>>qvectors = 100                                                   
       0.Info>>frames   = 1                                                     
       0.Info>>atoms   = 125000                                                 
       0.Info>>All interference scattering detected. Applying frame decomposition.
       0.Info>>Automatic decomposition. Searching for best utilization.         
       0.Info>>Final decomposition parameters:                                  
       0.Info>>NN                : 8                                            
       0.Info>>NQ                : 100                                          
       0.Info>>NAF               : 1                                            
       0.Info>>NP                : 8                                            
       0.Info>>NNpP              : 1                                            
       0.Info>>NAFcycles         : 1                                            
       0.Info>>NQcycles          : 13                                           
       0.Info>>CompEl (WASTE/USE): 4/100                                        
       0.Info>>utilization(1=best)    : 0.96153846153846156                     
       0.Info>>Initializing Scatter Device, Vectors (all)                       
       0.Info>>Starting scattering...                                           
       0.Info>>Checking memory requirements for scattering calculation...       
       0.Info>>required limits.computation.memory.result_buffer=16              
       0.Info>>required limits.computation.memory.signal_buffer=16              
       0.Info>>required limits.computation.memory.exchange_buffer=0             
       0.Info>>required limits.computation.memory.alignpad_buffer=32            
       0.Info>>Memory limits ok                                                 
       0.Info>>Staging data...                                                  
       0.Info>>Forcing stager.mode=frames                                       
       0.Info>>Staging first partition.                                         
       0.Info>>Staging remaining partitions.                                    
       0.Info>>background scattering length set to 0                            
       0.Info>>Target initialized.                                              
       0.Info>>Target 'system' produces a background scattering length density of 7.6054842139003687e-05
       0.Info>>Starting computation...                                          
       0.Info>>Orientational averaging includes 100 vectors                     
       0.Info>>Setting progress sampling factor for monitoring to 1             
       0.Info>>Progress: 1.875%, ETOTAL: 57.756 s, ETA: 56.673074999999997 s    
       0.Info>>Progress: 3.885%, ETOTAL: 28.038254155495981 s, ETA: 26.94885115549598 s
       0.Info>>Progress: 6.646%, ETOTAL: 16.706046394984327 s, ETA: 15.595790394984327 s
       0.Info>>Progress: 10.791%, ETOTAL: 11.295757629761642 s, ETA: 10.076847629761641 s
       0.Info>>Progress: 20.946%, ETOTAL: 14.732592257077279 s, ETA: 11.646775257077278 s
       0.Info>>Progress: 30.571%, ETOTAL: 10.120736338855108 s, ETA: 7.0267753388551082 s
       0.Info>>Progress: 40.080%, ETOTAL: 7.7955988164734125 s, ETA: 4.6711128164734115 s
       0.Info>>Progress: 53.205%, ETOTAL: 9.5747875662650621 s, ETA: 4.4805095662650611 s
       0.Info>>Progress: 63.330%, ETOTAL: 8.0802315501796667 s, ETA: 2.963010550179666 s
       0.Info>>Progress: 70.580%, ETOTAL: 7.3971075609645354 s, ETA: 2.1762195609645349 s
       0.Info>>Progress: 80.580%, ETOTAL: 8.8095913448152441 s, ETA: 1.7108113448152436 s
       0.Info>>Progress: 90.580%, ETOTAL: 7.9107869926754191 s, ETA: 0.74518599267541852 s
       0.Info>>Scattering finished...                                           
       0.Info>>.................................................................
       0.Info>>.....................R.U.N...A.N.A.L.Y.S.I.S.....................
       0.Info>>.................................................................
       0.Info>>Aggregating timing information for performance analysis...       
       0.Info>>                                                                 
       0.Info>>                    Performance Analysis                         
       0.Info>>-----------------------------------------------------------------
       0.Info>> mean and total runtimes:                                        
       0.Info>>-----------------------------------------------------------------
       0.Info>>          measure |    total |       count |     mean |   stddev 
       0.Info>>-----------------------------------------------------------------
       0.Info>>   sd:c:b:dspstore| 3.674e-02|        10000| 3.674e-06| 2.001e-06
       0.Info>>    sd:c:b:scatter| 4.350e+01|        10000| 4.350e-03| 7.490e-04
       0.Info>>        sd:c:block| 4.368e+01|          100| 4.368e-01| 3.911e-02
       0.Info>>         sd:c:init| 1.458e+01|          100| 1.458e-01| 2.908e-02
       0.Info>>       sd:c:reduce| 1.120e-04|          100| 1.120e-06| 5.741e-07
       0.Info>>         sd:c:wait| 1.700e-04|          100| 1.700e-06| 5.982e-07
       0.Info>>        sd:compute| 5.827e+01|          100| 5.827e-01| 5.597e-02
       0.Info>>         sd:runner| 5.827e+01|            8| 7.284e+00| 0.000e+00
       0.Info>>          sd:stage| 1.964e-01|            8| 2.456e-02| 0.000e+00
       0.Info>> sd:worker:scatter| 4.315e+01|        10000| 4.315e-03| 7.291e-04
       0.Info>>    sd:worker:wait| 1.502e+01|        10000| 1.502e-03| 1.481e-02
       0.Info>>          sd:write| 1.025e-03|          100| 1.025e-05| 7.588e-06
       0.Info>>           st:fill| 1.171e-02|            8| 1.464e-03| 0.000e+00
       0.Info>>          st:first| 2.297e-02|            1| 2.297e-02| 0.000e+00
       0.Info>>           st:load| 2.263e-02|            1| 2.263e-02| 0.000e+00
       0.Info>>           st:wait| 1.610e-01|            8| 2.013e-02| 0.000e+00
       0.Info>>-----------------------------------------------------------------
       0.Info>>-----------------------------------------------------------------
       0.Info>> watermarks:                                                     
       0.Info>>-----------------------------------------------------------------
       0.Info>>          measure |      min |      max                          
       0.Info>>-----------------------------------------------------------------
       0.Info>>   sd:c:b:dspstore| 2.000e-06| 7.000e-05                         
       0.Info>>    sd:c:b:scatter| 1.530e-03| 1.314e-02                         
       0.Info>>        sd:c:block| 1.587e-01| 5.538e-01                         
       0.Info>>         sd:c:init| 1.139e-01| 2.344e-01                         
       0.Info>>       sd:c:reduce| 0.000e+00| 3.000e-06                         
       0.Info>>         sd:c:wait| 1.000e-06| 4.000e-06                         
       0.Info>>        sd:compute| 2.726e-01| 7.365e-01                         
       0.Info>>         sd:runner| 6.091e+00| 7.755e+00                         
       0.Info>>          sd:stage| 2.440e-02| 2.462e-02                         
       0.Info>> sd:worker:scatter| 1.509e-03| 7.956e-03                         
       0.Info>>    sd:worker:wait| 1.000e-06| 2.345e-01                         
       0.Info>>          sd:write| 5.000e-06| 4.900e-05                         
       0.Info>>           st:fill| 1.308e-03| 1.529e-03                         
       0.Info>>          st:first| 2.297e-02| 2.297e-02                         
       0.Info>>           st:load| 2.263e-02| 2.263e-02                         
       0.Info>>           st:wait| 1.000e-05| 2.301e-02                         
       0.Info>>-----------------------------------------------------------------
       0.Info>>                                                                 
       0.Info>>         Performance Analysis (relative to total time * nodes)   
       0.Info>>-----------------------------------------------------------------
       0.Info>> mean and total runtimes:                                        
       0.Info>>-----------------------------------------------------------------
       0.Info>>          measure |    total |       count |     mean |   stddev 
       0.Info>>-----------------------------------------------------------------
       0.Info>>   sd:c:b:dspstore| 5.612e-04|        10000| 5.612e-08| 2.474e-07
       0.Info>>    sd:c:b:scatter| 6.646e-01|        10000| 6.646e-05| 9.258e-05
       0.Info>>        sd:c:block| 6.673e-01|          100| 6.673e-03| 4.834e-03
       0.Info>>         sd:c:init| 2.227e-01|          100| 2.227e-03| 3.595e-03
       0.Info>>       sd:c:reduce| 1.711e-06|          100| 1.711e-08| 7.096e-08
       0.Info>>         sd:c:wait| 2.597e-06|          100| 2.597e-08| 7.394e-08
       0.Info>>        sd:compute| 8.901e-01|          100| 8.901e-03| 6.918e-03
       0.Info>>         sd:runner| 8.902e-01|            8| 1.113e-01| 0.000e+00
       0.Info>>          sd:stage| 3.001e-03|            8| 3.751e-04| 0.000e+00
       0.Info>> sd:worker:scatter| 6.592e-01|        10000| 6.592e-05| 9.012e-05
       0.Info>>    sd:worker:wait| 2.295e-01|        10000| 2.295e-05| 1.831e-03
       0.Info>>          sd:write| 1.566e-05|          100| 1.566e-07| 9.378e-07
       0.Info>>           st:fill| 1.789e-04|            8| 2.236e-05| 0.000e+00
       0.Info>>          st:first| 3.509e-04|            1| 3.509e-04| 0.000e+00
       0.Info>>           st:load| 3.457e-04|            1| 3.457e-04| 0.000e+00
       0.Info>>           st:wait| 2.460e-03|            8| 3.075e-04| 0.000e+00
       0.Info>>-----------------------------------------------------------------
       0.Info>>-----------------------------------------------------------------
       0.Info>> watermarks:                                                     
       0.Info>>-----------------------------------------------------------------
       0.Info>>          measure |      min |      max                          
       0.Info>>-----------------------------------------------------------------
       0.Info>>   sd:c:b:dspstore| 3.055e-08| 1.069e-06                         
       0.Info>>    sd:c:b:scatter| 2.337e-05| 2.007e-04                         
       0.Info>>        sd:c:block| 2.424e-03| 8.460e-03                         
       0.Info>>         sd:c:init| 1.740e-03| 3.581e-03                         
       0.Info>>       sd:c:reduce| 0.000e+00| 4.583e-08                         
       0.Info>>         sd:c:wait| 1.528e-08| 6.111e-08                         
       0.Info>>        sd:compute| 4.164e-03| 1.125e-02                         
       0.Info>>         sd:runner| 9.306e-02| 1.185e-01                         
       0.Info>>          sd:stage| 3.728e-04| 3.760e-04                         
       0.Info>> sd:worker:scatter| 2.305e-05| 1.215e-04                         
       0.Info>>    sd:worker:wait| 1.528e-08| 3.582e-03                         
       0.Info>>          sd:write| 7.638e-08| 7.486e-07                         
       0.Info>>           st:fill| 1.998e-05| 2.336e-05                         
       0.Info>>          st:first| 3.509e-04| 3.509e-04                         
       0.Info>>           st:load| 3.457e-04| 3.457e-04                         
       0.Info>>           st:wait| 1.528e-07| 3.515e-04                         
       0.Info>>-----------------------------------------------------------------
       0.Info>>Total runtime (s): 8.1822560000000006                            
       0.Info>>Successfully finished... Have a nice day!                        
