       0.Info>>This software is being developed by Benjamin Lindner.                    
       0.Info>>For help, suggestions or correspondense use:                             
       0.Info>>ben@benlabs.net, Benjamin Lindner (Main Developer, Impl. & Maintenance)  
       0.Info>>franc@cmm.ki.si, Franci Merzel (Methodology)                             
       0.Info>>For publications include the following references:                       
       0.Info>>.........................................................................
       0.Info>>1. Sassena - X-ray and Neutron Scattering Calculated                     
       0.Info>>  from Molecular Dynamics Trajectories using Massively Parallel Computers
       0.Info>>  published as a Computer Program in Physics Paper                       
       0.Info>>.........................................................................
       0.Info>>Version Information: 1.4.2                                       
       0.Info>>                                                                 
       0.Info>>.................................................................
       0.Info>>......................D.E.S.C.R.I.P.T.I.O.N......................
       0.Info>>.................................................................
       0.Info>>This binary computes the scattering intensities directly from    
       0.Info>>a molecular dynamics trajectory.                                 
       0.Info>>.................................................................
       0.Info>>.................................................................
       0.Info>>...................I.N.I.T.I.A.L.I.Z.A.T.I.O.N...................
       0.Info>>.................................................................
       0.Info>>No configuration file specified. Will use default                
       0.Info>>Looking for configuration file: scatter.xml                      
       0.Info>>Reading parameters from XML file: scatter.xml                    
       0.Info>>Added frames from /home/amajumda/study/continuum_simulations/gitlab/continuum-to-scattering/data/100_100_100_10_10_10/single_atom_shrink/iteration_010/t010/pdb_dcd/sample.dcd using format: dcd
       0.Info>>Options: first=0, last=0, lastset=0, stride=1                    
       0.Info>>stager.target=system                                             
       0.Info>>scattering.type=all                                              
       0.Info>>scattering.dsp.type=square                                       
       0.Info>>scattering.average.orientation.type=vectors                      
       0.Info>>scattering.average.orientation.vectors.type=sphere               
       0.Info>>scattering.average.orientation.vectors.algorithm=boost_uniform_on_sphere
       0.Info>>scattering.average.orientation.vectors.resolution=100            
       0.Info>>Generating orientations for orientational averaging using sphere,boost_uniform_on_sphere
       0.Info>>Initialized orientational averaging with 100 vectors.            
       0.Info>>scattering.signal.file=signal.h5                                 
       0.Info>>scattering.signal.filepath=/home/amajumda/study/continuum_simulations/gitlab/continuum-to-scattering/data/100_100_100_10_10_10/single_atom_shrink/iteration_010/t010/signal.h5
       0.Info>>scattering.signal.fqt=1                                          
       0.Info>>scattering.signal.fq0=1                                          
       0.Info>>scattering.signal.fq=1                                           
       0.Info>>scattering.signal.fq2=1                                          
       0.Info>>Analyzing command line for parameter overwrites                  
       0.Info>>Reading database from file: /home/amajumda/study/continuum_simulations/gitlab/continuum-to-scattering/data/100_100_100_10_10_10/single_atom_shrink/iteration_010/t010/database/db-neutron-coherent.xml
       0.Info>>Checking database...                                             
       0.Info>>Testing mapping between PDB names and atom labels                
       0.Info>>Testing database completeness for referenced atom labels         
       0.Info>>Check succeeded. Database seems OK.                              
       0.Info>>Initializing sample...                                           
       0.Info>>Reading structure from file: /home/amajumda/study/continuum_simulations/gitlab/continuum-to-scattering/data/100_100_100_10_10_10/single_atom_shrink/iteration_010/t010/pdb_dcd/sample.pdb
       0.Info>>Done. Atoms read: 1000                                           
       0.Info>>Reading frames from: /home/amajumda/study/continuum_simulations/gitlab/continuum-to-scattering/data/100_100_100_10_10_10/single_atom_shrink/iteration_010/t010/pdb_dcd/sample.dcd
       0.Info>>Found 1 frames                                                   
       0.Info>>Total number of coordinate sets found: 1                         
       0.Info>>Exchanging sample, database & params information with compute nodes... 
       0.Info>>params...                                                        
       0.Info>>database...                                                      
       0.Info>>sample...                                                        
       0.Info>>.................................................................
       0.Info>>......................C.O.M.P.U.T.A.T.I.O.N......................
       0.Info>>.................................................................
       0.Info>>Setting up services...                                           
       0.Info>>Initializing data file service...                                
       0.Info>>Initializing monitor service...                                  
       0.Info>>Starting data file service...                                    
       0.Info>>Starting monitor service...                                      
       0.Info>>Services setup and running...                                    
       0.Info>>Checking /home/amajumda/study/continuum_simulations/gitlab/continuum-to-scattering/data/100_100_100_10_10_10/single_atom_shrink/iteration_010/t010/signal.h5 for old results.
       0.Info>>Broadcasting service information                                 
       0.Info>>Server host name    : hzglap02                                   
       0.Info>>FileService Port    : 42743                                      
       0.Info>>MonitorService Port : 44419                                      
       0.Info>>Setting up parallel environment...                               
       0.Info>>Searching for decomposition plan:                                
       0.Info>>nodes    = 8                                                     
       0.Info>>qvectors = 100                                                   
       0.Info>>frames   = 1                                                     
       0.Info>>atoms   = 1000                                                   
       0.Info>>All interference scattering detected. Applying frame decomposition.
       0.Info>>Automatic decomposition. Searching for best utilization.         
       0.Info>>Final decomposition parameters:                                  
       0.Info>>NN                : 8                                            
       0.Info>>NQ                : 100                                          
       0.Info>>NAF               : 1                                            
       0.Info>>NP                : 8                                            
       0.Info>>NNpP              : 1                                            
       0.Info>>NAFcycles         : 1                                            
       0.Info>>NQcycles          : 13                                           
       0.Info>>CompEl (WASTE/USE): 4/100                                        
       0.Info>>utilization(1=best)    : 0.96153846153846156                     
       0.Info>>Initializing Scatter Device, Vectors (all)                       
       0.Info>>Starting scattering...                                           
       0.Info>>Checking memory requirements for scattering calculation...       
       0.Info>>required limits.computation.memory.result_buffer=16              
       0.Info>>required limits.computation.memory.signal_buffer=16              
       0.Info>>required limits.computation.memory.exchange_buffer=0             
       0.Info>>required limits.computation.memory.alignpad_buffer=32            
       0.Info>>Memory limits ok                                                 
       0.Info>>Staging data...                                                  
       0.Info>>Forcing stager.mode=frames                                       
       0.Info>>Staging first partition.                                         
       0.Info>>Staging remaining partitions.                                    
       0.Info>>background scattering length set to 0                            
       0.Info>>Target initialized.                                              
       0.Info>>Target 'system' produces a background scattering length density of 0.0019098593171027747
       0.Info>>Starting computation...                                          
       0.Info>>Orientational averaging includes 100 vectors                     
       0.Info>>Setting progress sampling factor for monitoring to 1             
       0.Info>>Scattering finished...                                           
       0.Info>>.................................................................
       0.Info>>.....................R.U.N...A.N.A.L.Y.S.I.S.....................
       0.Info>>.................................................................
       0.Info>>Aggregating timing information for performance analysis...       
       0.Info>>                                                                 
       0.Info>>                    Performance Analysis                         
       0.Info>>-----------------------------------------------------------------
       0.Info>> mean and total runtimes:                                        
       0.Info>>-----------------------------------------------------------------
       0.Info>>          measure |    total |       count |     mean |   stddev 
       0.Info>>-----------------------------------------------------------------
       0.Info>>   sd:c:b:dspstore| 2.901e-02|        10000| 2.901e-06| 1.737e-06
       0.Info>>    sd:c:b:scatter| 6.602e-01|        10000| 6.602e-05| 2.593e-05
       0.Info>>        sd:c:block| 8.006e-01|          100| 8.006e-03| 4.970e-04
       0.Info>>         sd:c:init| 1.464e-01|          100| 1.464e-03| 3.141e-04
       0.Info>>       sd:c:reduce| 1.030e-04|          100| 1.030e-06| 5.783e-07
       0.Info>>         sd:c:wait| 1.460e-04|          100| 1.460e-06| 6.420e-07
       0.Info>>        sd:compute| 9.493e-01|          100| 9.493e-03| 5.989e-04
       0.Info>>         sd:runner| 9.523e-01|            8| 1.190e-01| 0.000e+00
       0.Info>>          sd:stage| 3.323e-03|            8| 4.154e-04| 0.000e+00
       0.Info>> sd:worker:scatter| 4.582e-01|        10000| 4.582e-05| 6.990e-06
       0.Info>>    sd:worker:wait| 4.122e-01|        10000| 4.122e-05| 1.554e-04
       0.Info>>          sd:write| 8.300e-04|          100| 8.300e-06| 6.287e-06
       0.Info>>           st:fill| 6.650e-04|            8| 8.313e-05| 0.000e+00
       0.Info>>          st:first| 2.410e-04|            1| 2.410e-04| 0.000e+00
       0.Info>>           st:load| 2.150e-04|            1| 2.150e-04| 0.000e+00
       0.Info>>           st:wait| 1.804e-03|            8| 2.255e-04| 0.000e+00
       0.Info>>-----------------------------------------------------------------
       0.Info>>-----------------------------------------------------------------
       0.Info>> watermarks:                                                     
       0.Info>>-----------------------------------------------------------------
       0.Info>>          measure |      min |      max                          
       0.Info>>-----------------------------------------------------------------
       0.Info>>   sd:c:b:dspstore| 1.000e-06| 6.400e-05                         
       0.Info>>    sd:c:b:scatter| 2.600e-05| 1.468e-03                         
       0.Info>>        sd:c:block| 5.419e-03| 9.514e-03                         
       0.Info>>         sd:c:init| 9.580e-04| 2.189e-03                         
       0.Info>>       sd:c:reduce| 0.000e+00| 3.000e-06                         
       0.Info>>         sd:c:wait| 1.000e-06| 4.000e-06                         
       0.Info>>        sd:compute| 7.313e-03| 1.116e-02                         
       0.Info>>         sd:runner| 1.067e-01| 1.279e-01                         
       0.Info>>          sd:stage| 4.090e-04| 4.190e-04                         
       0.Info>> sd:worker:scatter| 1.300e-05| 1.360e-04                         
       0.Info>>    sd:worker:wait| 1.300e-05| 2.251e-03                         
       0.Info>>          sd:write| 4.000e-06| 3.800e-05                         
       0.Info>>           st:fill| 7.800e-05| 8.600e-05                         
       0.Info>>          st:first| 2.410e-04| 2.410e-04                         
       0.Info>>           st:load| 2.150e-04| 2.150e-04                         
       0.Info>>           st:wait| 4.000e-06| 2.600e-04                         
       0.Info>>-----------------------------------------------------------------
       0.Info>>                                                                 
       0.Info>>         Performance Analysis (relative to total time * nodes)   
       0.Info>>-----------------------------------------------------------------
       0.Info>> mean and total runtimes:                                        
       0.Info>>-----------------------------------------------------------------
       0.Info>>          measure |    total |       count |     mean |   stddev 
       0.Info>>-----------------------------------------------------------------
       0.Info>>   sd:c:b:dspstore| 2.133e-02|        10000| 2.133e-06| 1.490e-06
       0.Info>>    sd:c:b:scatter| 4.853e-01|        10000| 4.853e-05| 2.223e-05
       0.Info>>        sd:c:block| 5.886e-01|          100| 5.886e-03| 4.261e-04
       0.Info>>         sd:c:init| 1.076e-01|          100| 1.076e-03| 2.694e-04
       0.Info>>       sd:c:reduce| 7.572e-05|          100| 7.572e-07| 4.959e-07
       0.Info>>         sd:c:wait| 1.073e-04|          100| 1.073e-06| 5.504e-07
       0.Info>>        sd:compute| 6.979e-01|          100| 6.979e-03| 5.135e-04
       0.Info>>         sd:runner| 7.001e-01|            8| 8.752e-02| 0.000e+00
       0.Info>>          sd:stage| 2.443e-03|            8| 3.054e-04| 0.000e+00
       0.Info>> sd:worker:scatter| 3.369e-01|        10000| 3.369e-05| 5.993e-06
       0.Info>>    sd:worker:wait| 3.030e-01|        10000| 3.030e-05| 1.332e-04
       0.Info>>          sd:write| 6.102e-04|          100| 6.102e-06| 5.390e-06
       0.Info>>           st:fill| 4.889e-04|            8| 6.111e-05| 0.000e+00
       0.Info>>          st:first| 1.772e-04|            1| 1.772e-04| 0.000e+00
       0.Info>>           st:load| 1.581e-04|            1| 1.581e-04| 0.000e+00
       0.Info>>           st:wait| 1.326e-03|            8| 1.658e-04| 0.000e+00
       0.Info>>-----------------------------------------------------------------
       0.Info>>-----------------------------------------------------------------
       0.Info>> watermarks:                                                     
       0.Info>>-----------------------------------------------------------------
       0.Info>>          measure |      min |      max                          
       0.Info>>-----------------------------------------------------------------
       0.Info>>   sd:c:b:dspstore| 7.352e-07| 4.705e-05                         
       0.Info>>    sd:c:b:scatter| 1.911e-05| 1.079e-03                         
       0.Info>>        sd:c:block| 3.984e-03| 6.994e-03                         
       0.Info>>         sd:c:init| 7.043e-04| 1.609e-03                         
       0.Info>>       sd:c:reduce| 0.000e+00| 2.206e-06                         
       0.Info>>         sd:c:wait| 7.352e-07| 2.941e-06                         
       0.Info>>        sd:compute| 5.376e-03| 8.204e-03                         
       0.Info>>         sd:runner| 7.841e-02| 9.401e-02                         
       0.Info>>          sd:stage| 3.007e-04| 3.080e-04                         
       0.Info>> sd:worker:scatter| 9.557e-06| 9.998e-05                         
       0.Info>>    sd:worker:wait| 9.557e-06| 1.655e-03                         
       0.Info>>          sd:write| 2.941e-06| 2.794e-05                         
       0.Info>>           st:fill| 5.734e-05| 6.323e-05                         
       0.Info>>          st:first| 1.772e-04| 1.772e-04                         
       0.Info>>           st:load| 1.581e-04| 1.581e-04                         
       0.Info>>           st:wait| 2.941e-06| 1.911e-04                         
       0.Info>>-----------------------------------------------------------------
       0.Info>>Total runtime (s): 0.17002700000000001                           
       0.Info>>Successfully finished... Have a nice day!                        
