       0.Info>>This software is being developed by Benjamin Lindner.                    
       0.Info>>For help, suggestions or correspondense use:                             
       0.Info>>ben@benlabs.net, Benjamin Lindner (Main Developer, Impl. & Maintenance)  
       0.Info>>franc@cmm.ki.si, Franci Merzel (Methodology)                             
       0.Info>>For publications include the following references:                       
       0.Info>>.........................................................................
       0.Info>>1. Sassena - X-ray and Neutron Scattering Calculated                     
       0.Info>>  from Molecular Dynamics Trajectories using Massively Parallel Computers
       0.Info>>  published as a Computer Program in Physics Paper                       
       0.Info>>.........................................................................
       0.Info>>Version Information: 1.4.2                                       
       0.Info>>                                                                 
       0.Info>>.................................................................
       0.Info>>......................D.E.S.C.R.I.P.T.I.O.N......................
       0.Info>>.................................................................
       0.Info>>This binary computes the scattering intensities directly from    
       0.Info>>a molecular dynamics trajectory.                                 
       0.Info>>.................................................................
       0.Info>>.................................................................
       0.Info>>...................I.N.I.T.I.A.L.I.Z.A.T.I.O.N...................
       0.Info>>.................................................................
       0.Info>>No configuration file specified. Will use default                
       0.Info>>Looking for configuration file: scatter.xml                      
       0.Info>>Reading parameters from XML file: scatter.xml                    
       0.Info>>Added frames from /home/amajumda/study/continuum_simulations/gitlab/continuum-to-scattering/data/100_100_100_50_50_50/single_atom_shrink/iteration_011/t003/pdb_dcd/sample.dcd using format: dcd
       0.Info>>Options: first=0, last=0, lastset=0, stride=1                    
       0.Info>>stager.target=system                                             
       0.Info>>scattering.type=all                                              
       0.Info>>scattering.dsp.type=square                                       
       0.Info>>scattering.average.orientation.type=vectors                      
       0.Info>>scattering.average.orientation.vectors.type=sphere               
       0.Info>>scattering.average.orientation.vectors.algorithm=boost_uniform_on_sphere
       0.Info>>scattering.average.orientation.vectors.resolution=100            
       0.Info>>Generating orientations for orientational averaging using sphere,boost_uniform_on_sphere
       0.Info>>Initialized orientational averaging with 100 vectors.            
       0.Info>>scattering.signal.file=signal.h5                                 
       0.Info>>scattering.signal.filepath=/home/amajumda/study/continuum_simulations/gitlab/continuum-to-scattering/data/100_100_100_50_50_50/single_atom_shrink/iteration_011/t003/signal.h5
       0.Info>>scattering.signal.fqt=1                                          
       0.Info>>scattering.signal.fq0=1                                          
       0.Info>>scattering.signal.fq=1                                           
       0.Info>>scattering.signal.fq2=1                                          
       0.Info>>Analyzing command line for parameter overwrites                  
       0.Info>>Reading database from file: /home/amajumda/study/continuum_simulations/gitlab/continuum-to-scattering/data/100_100_100_50_50_50/single_atom_shrink/iteration_011/t003/database/db-neutron-coherent.xml
       0.Info>>Checking database...                                             
       0.Info>>Testing mapping between PDB names and atom labels                
       0.Info>>Testing database completeness for referenced atom labels         
       0.Info>>Check succeeded. Database seems OK.                              
       0.Info>>Initializing sample...                                           
       0.Info>>Reading structure from file: /home/amajumda/study/continuum_simulations/gitlab/continuum-to-scattering/data/100_100_100_50_50_50/single_atom_shrink/iteration_011/t003/pdb_dcd/sample.pdb
       0.Info>>Done. Atoms read: 125000                                         
       0.Info>>Reading frames from: /home/amajumda/study/continuum_simulations/gitlab/continuum-to-scattering/data/100_100_100_50_50_50/single_atom_shrink/iteration_011/t003/pdb_dcd/sample.dcd
       0.Info>>Found 1 frames                                                   
       0.Info>>Total number of coordinate sets found: 1                         
       0.Info>>Exchanging sample, database & params information with compute nodes... 
       0.Info>>params...                                                        
       0.Info>>database...                                                      
       0.Info>>sample...                                                        
       0.Info>>.................................................................
       0.Info>>......................C.O.M.P.U.T.A.T.I.O.N......................
       0.Info>>.................................................................
       0.Info>>Setting up services...                                           
       0.Info>>Initializing data file service...                                
       0.Info>>Initializing monitor service...                                  
       0.Info>>Starting data file service...                                    
       0.Info>>Starting monitor service...                                      
       0.Info>>Services setup and running...                                    
       0.Info>>Checking /home/amajumda/study/continuum_simulations/gitlab/continuum-to-scattering/data/100_100_100_50_50_50/single_atom_shrink/iteration_011/t003/signal.h5 for old results.
       0.Info>>Broadcasting service information                                 
       0.Info>>Server host name    : hzglap02                                   
       0.Info>>FileService Port    : 35175                                      
       0.Info>>MonitorService Port : 34091                                      
       0.Info>>Setting up parallel environment...                               
       0.Info>>Searching for decomposition plan:                                
       0.Info>>nodes    = 8                                                     
       0.Info>>qvectors = 100                                                   
       0.Info>>frames   = 1                                                     
       0.Info>>atoms   = 125000                                                 
       0.Info>>All interference scattering detected. Applying frame decomposition.
       0.Info>>Automatic decomposition. Searching for best utilization.         
       0.Info>>Final decomposition parameters:                                  
       0.Info>>NN                : 8                                            
       0.Info>>NQ                : 100                                          
       0.Info>>NAF               : 1                                            
       0.Info>>NP                : 8                                            
       0.Info>>NNpP              : 1                                            
       0.Info>>NAFcycles         : 1                                            
       0.Info>>NQcycles          : 13                                           
       0.Info>>CompEl (WASTE/USE): 4/100                                        
       0.Info>>utilization(1=best)    : 0.96153846153846156                     
       0.Info>>Initializing Scatter Device, Vectors (all)                       
       0.Info>>Starting scattering...                                           
       0.Info>>Checking memory requirements for scattering calculation...       
       0.Info>>required limits.computation.memory.result_buffer=16              
       0.Info>>required limits.computation.memory.signal_buffer=16              
       0.Info>>required limits.computation.memory.exchange_buffer=0             
       0.Info>>required limits.computation.memory.alignpad_buffer=32            
       0.Info>>Memory limits ok                                                 
       0.Info>>Staging data...                                                  
       0.Info>>Forcing stager.mode=frames                                       
       0.Info>>Staging first partition.                                         
       0.Info>>Staging remaining partitions.                                    
       0.Info>>background scattering length set to 0                            
       0.Info>>Target initialized.                                              
       0.Info>>Target 'system' produces a background scattering length density of 0.0011416918302809308
       0.Info>>Starting computation...                                          
       0.Info>>Orientational averaging includes 100 vectors                     
       0.Info>>Setting progress sampling factor for monitoring to 1             
       0.Info>>Progress: 2.135%, ETOTAL: 61.000028828828825 s, ETA: 59.697912828828827 s
       0.Info>>Progress: 4.395%, ETOTAL: 30.082829535095723 s, ETA: 28.760679535095722 s
       0.Info>>Progress: 6.530%, ETOTAL: 20.335294822085888 s, ETA: 19.007308822085889 s
       0.Info>>Progress: 11.050%, ETOTAL: 12.138530693930827 s, ETA: 10.797164693930826 s
       0.Info>>Progress: 21.455%, ETOTAL: 15.503962354347179 s, ETA: 12.177567354347179 s
       0.Info>>Progress: 32.330%, ETOTAL: 10.302906870229009 s, ETA: 6.9719638702290085 s
       0.Info>>Progress: 42.830%, ETOTAL: 8.0448463369003971 s, ETA: 4.5992283369003966 s
       0.Info>>Progress: 52.955%, ETOTAL: 10.015064035831017 s, ETA: 4.7115740358310161 s
       0.Info>>Progress: 62.330%, ETOTAL: 8.5945371111225395 s, ETA: 3.2375511111225386 s
       0.Info>>Progress: 72.080%, ETOTAL: 7.6847504824580923 s, ETA: 2.1455724824580908 s
       0.Info>>Progress: 81.455%, ETOTAL: 9.0227370110962486 s, ETA: 1.6732550110962476 s
       0.Info>>Scattering finished...                                           
       0.Info>>.................................................................
       0.Info>>.....................R.U.N...A.N.A.L.Y.S.I.S.....................
       0.Info>>.................................................................
       0.Info>>Aggregating timing information for performance analysis...       
       0.Info>>                                                                 
       0.Info>>                    Performance Analysis                         
       0.Info>>-----------------------------------------------------------------
       0.Info>> mean and total runtimes:                                        
       0.Info>>-----------------------------------------------------------------
       0.Info>>          measure |    total |       count |     mean |   stddev 
       0.Info>>-----------------------------------------------------------------
       0.Info>>   sd:c:b:dspstore| 3.629e-02|        10000| 3.629e-06| 2.076e-06
       0.Info>>    sd:c:b:scatter| 4.392e+01|        10000| 4.392e-03| 7.792e-04
       0.Info>>        sd:c:block| 4.410e+01|          100| 4.410e-01| 4.083e-02
       0.Info>>         sd:c:init| 1.476e+01|          100| 1.476e-01| 2.590e-02
       0.Info>>       sd:c:reduce| 1.120e-04|          100| 1.120e-06| 4.973e-07
       0.Info>>         sd:c:wait| 1.730e-04|          100| 1.730e-06| 5.819e-07
       0.Info>>        sd:compute| 5.886e+01|          100| 5.886e-01| 5.547e-02
       0.Info>>         sd:runner| 5.887e+01|            8| 7.358e+00| 0.000e+00
       0.Info>>          sd:stage| 2.947e-01|            8| 3.684e-02| 0.000e+00
       0.Info>> sd:worker:scatter| 4.356e+01|        10000| 4.356e-03| 7.529e-04
       0.Info>>    sd:worker:wait| 1.521e+01|        10000| 1.521e-03| 1.496e-02
       0.Info>>          sd:write| 1.038e-03|          100| 1.038e-05| 7.644e-06
       0.Info>>           st:fill| 1.287e-02|            8| 1.609e-03| 0.000e+00
       0.Info>>          st:first| 3.508e-02|            1| 3.508e-02| 0.000e+00
       0.Info>>           st:load| 3.455e-02|            1| 3.455e-02| 0.000e+00
       0.Info>>           st:wait| 2.460e-01|            8| 3.075e-02| 0.000e+00
       0.Info>>-----------------------------------------------------------------
       0.Info>>-----------------------------------------------------------------
       0.Info>> watermarks:                                                     
       0.Info>>-----------------------------------------------------------------
       0.Info>>          measure |      min |      max                          
       0.Info>>-----------------------------------------------------------------
       0.Info>>   sd:c:b:dspstore| 2.000e-06| 8.200e-05                         
       0.Info>>    sd:c:b:scatter| 1.549e-03| 1.730e-02                         
       0.Info>>        sd:c:block| 1.644e-01| 5.619e-01                         
       0.Info>>         sd:c:init| 1.191e-01| 2.472e-01                         
       0.Info>>       sd:c:reduce| 0.000e+00| 2.000e-06                         
       0.Info>>         sd:c:wait| 1.000e-06| 3.000e-06                         
       0.Info>>        sd:compute| 2.881e-01| 7.628e-01                         
       0.Info>>         sd:runner| 6.769e+00| 8.020e+00                         
       0.Info>>          sd:stage| 3.672e-02| 3.689e-02                         
       0.Info>> sd:worker:scatter| 1.526e-03| 6.889e-03                         
       0.Info>>    sd:worker:wait| 2.000e-06| 2.473e-01                         
       0.Info>>          sd:write| 5.000e-06| 5.000e-05                         
       0.Info>>           st:fill| 1.475e-03| 1.666e-03                         
       0.Info>>          st:first| 3.508e-02| 3.508e-02                         
       0.Info>>           st:load| 3.455e-02| 3.455e-02                         
       0.Info>>           st:wait| 1.000e-05| 3.514e-02                         
       0.Info>>-----------------------------------------------------------------
       0.Info>>                                                                 
       0.Info>>         Performance Analysis (relative to total time * nodes)   
       0.Info>>-----------------------------------------------------------------
       0.Info>> mean and total runtimes:                                        
       0.Info>>-----------------------------------------------------------------
       0.Info>>          measure |    total |       count |     mean |   stddev 
       0.Info>>-----------------------------------------------------------------
       0.Info>>   sd:c:b:dspstore| 5.282e-04|        10000| 5.282e-08| 2.505e-07
       0.Info>>    sd:c:b:scatter| 6.391e-01|        10000| 6.391e-05| 9.400e-05
       0.Info>>        sd:c:block| 6.417e-01|          100| 6.417e-03| 4.925e-03
       0.Info>>         sd:c:init| 2.148e-01|          100| 2.148e-03| 3.124e-03
       0.Info>>       sd:c:reduce| 1.630e-06|          100| 1.630e-08| 5.999e-08
       0.Info>>         sd:c:wait| 2.518e-06|          100| 2.518e-08| 7.020e-08
       0.Info>>        sd:compute| 8.566e-01|          100| 8.566e-03| 6.692e-03
       0.Info>>         sd:runner| 8.566e-01|            8| 1.071e-01| 0.000e+00
       0.Info>>          sd:stage| 4.289e-03|            8| 5.361e-04| 0.000e+00
       0.Info>> sd:worker:scatter| 6.339e-01|        10000| 6.339e-05| 9.083e-05
       0.Info>>    sd:worker:wait| 2.213e-01|        10000| 2.213e-05| 1.804e-03
       0.Info>>          sd:write| 1.511e-05|          100| 1.511e-07| 9.222e-07
       0.Info>>           st:fill| 1.874e-04|            8| 2.342e-05| 0.000e+00
       0.Info>>          st:first| 5.106e-04|            1| 5.106e-04| 0.000e+00
       0.Info>>           st:load| 5.028e-04|            1| 5.028e-04| 0.000e+00
       0.Info>>           st:wait| 3.579e-03|            8| 4.474e-04| 0.000e+00
       0.Info>>-----------------------------------------------------------------
       0.Info>>-----------------------------------------------------------------
       0.Info>> watermarks:                                                     
       0.Info>>-----------------------------------------------------------------
       0.Info>>          measure |      min |      max                          
       0.Info>>-----------------------------------------------------------------
       0.Info>>   sd:c:b:dspstore| 2.910e-08| 1.193e-06                         
       0.Info>>    sd:c:b:scatter| 2.254e-05| 2.517e-04                         
       0.Info>>        sd:c:block| 2.392e-03| 8.177e-03                         
       0.Info>>         sd:c:init| 1.733e-03| 3.598e-03                         
       0.Info>>       sd:c:reduce| 0.000e+00| 2.910e-08                         
       0.Info>>         sd:c:wait| 1.455e-08| 4.366e-08                         
       0.Info>>        sd:compute| 4.193e-03| 1.110e-02                         
       0.Info>>         sd:runner| 9.850e-02| 1.167e-01                         
       0.Info>>          sd:stage| 5.343e-04| 5.368e-04                         
       0.Info>> sd:worker:scatter| 2.221e-05| 1.003e-04                         
       0.Info>>    sd:worker:wait| 2.910e-08| 3.599e-03                         
       0.Info>>          sd:write| 7.276e-08| 7.276e-07                         
       0.Info>>           st:fill| 2.146e-05| 2.424e-05                         
       0.Info>>          st:first| 5.106e-04| 5.106e-04                         
       0.Info>>           st:load| 5.028e-04| 5.028e-04                         
       0.Info>>           st:wait| 1.455e-07| 5.114e-04                         
       0.Info>>-----------------------------------------------------------------
       0.Info>>Total runtime (s): 8.5896600000000003                            
       0.Info>>Successfully finished... Have a nice day!                        
