       0.Info>>This software is being developed by Benjamin Lindner.                    
       0.Info>>For help, suggestions or correspondense use:                             
       0.Info>>ben@benlabs.net, Benjamin Lindner (Main Developer, Impl. & Maintenance)  
       0.Info>>franc@cmm.ki.si, Franci Merzel (Methodology)                             
       0.Info>>For publications include the following references:                       
       0.Info>>.........................................................................
       0.Info>>1. Sassena - X-ray and Neutron Scattering Calculated                     
       0.Info>>  from Molecular Dynamics Trajectories using Massively Parallel Computers
       0.Info>>  published as a Computer Program in Physics Paper                       
       0.Info>>.........................................................................
       0.Info>>Version Information: 1.4.2                                       
       0.Info>>                                                                 
       0.Info>>.................................................................
       0.Info>>......................D.E.S.C.R.I.P.T.I.O.N......................
       0.Info>>.................................................................
       0.Info>>This binary computes the scattering intensities directly from    
       0.Info>>a molecular dynamics trajectory.                                 
       0.Info>>.................................................................
       0.Info>>.................................................................
       0.Info>>...................I.N.I.T.I.A.L.I.Z.A.T.I.O.N...................
       0.Info>>.................................................................
       0.Info>>No configuration file specified. Will use default                
       0.Info>>Looking for configuration file: scatter.xml                      
       0.Info>>Reading parameters from XML file: scatter.xml                    
       0.Info>>Added frames from /home/amajumda/study/continuum_simulations/gitlab/continuum-to-scattering/data/100_100_100_50_50_50/single_atom_shrink/iteration_011/t010/pdb_dcd/sample.dcd using format: dcd
       0.Info>>Options: first=0, last=0, lastset=0, stride=1                    
       0.Info>>stager.target=system                                             
       0.Info>>scattering.type=all                                              
       0.Info>>scattering.dsp.type=square                                       
       0.Info>>scattering.average.orientation.type=vectors                      
       0.Info>>scattering.average.orientation.vectors.type=sphere               
       0.Info>>scattering.average.orientation.vectors.algorithm=boost_uniform_on_sphere
       0.Info>>scattering.average.orientation.vectors.resolution=100            
       0.Info>>Generating orientations for orientational averaging using sphere,boost_uniform_on_sphere
       0.Info>>Initialized orientational averaging with 100 vectors.            
       0.Info>>scattering.signal.file=signal.h5                                 
       0.Info>>scattering.signal.filepath=/home/amajumda/study/continuum_simulations/gitlab/continuum-to-scattering/data/100_100_100_50_50_50/single_atom_shrink/iteration_011/t010/signal.h5
       0.Info>>scattering.signal.fqt=1                                          
       0.Info>>scattering.signal.fq0=1                                          
       0.Info>>scattering.signal.fq=1                                           
       0.Info>>scattering.signal.fq2=1                                          
       0.Info>>Analyzing command line for parameter overwrites                  
       0.Info>>Reading database from file: /home/amajumda/study/continuum_simulations/gitlab/continuum-to-scattering/data/100_100_100_50_50_50/single_atom_shrink/iteration_011/t010/database/db-neutron-coherent.xml
       0.Info>>Checking database...                                             
       0.Info>>Testing mapping between PDB names and atom labels                
       0.Info>>Testing database completeness for referenced atom labels         
       0.Info>>Check succeeded. Database seems OK.                              
       0.Info>>Initializing sample...                                           
       0.Info>>Reading structure from file: /home/amajumda/study/continuum_simulations/gitlab/continuum-to-scattering/data/100_100_100_50_50_50/single_atom_shrink/iteration_011/t010/pdb_dcd/sample.pdb
       0.Info>>Done. Atoms read: 125000                                         
       0.Info>>Reading frames from: /home/amajumda/study/continuum_simulations/gitlab/continuum-to-scattering/data/100_100_100_50_50_50/single_atom_shrink/iteration_011/t010/pdb_dcd/sample.dcd
       0.Info>>Found 1 frames                                                   
       0.Info>>Total number of coordinate sets found: 1                         
       0.Info>>Exchanging sample, database & params information with compute nodes... 
       0.Info>>params...                                                        
       0.Info>>database...                                                      
       0.Info>>sample...                                                        
       0.Info>>.................................................................
       0.Info>>......................C.O.M.P.U.T.A.T.I.O.N......................
       0.Info>>.................................................................
       0.Info>>Setting up services...                                           
       0.Info>>Initializing data file service...                                
       0.Info>>Initializing monitor service...                                  
       0.Info>>Starting data file service...                                    
       0.Info>>Starting monitor service...                                      
       0.Info>>Services setup and running...                                    
       0.Info>>Checking /home/amajumda/study/continuum_simulations/gitlab/continuum-to-scattering/data/100_100_100_50_50_50/single_atom_shrink/iteration_011/t010/signal.h5 for old results.
       0.Info>>Broadcasting service information                                 
       0.Info>>Server host name    : hzglap02                                   
       0.Info>>FileService Port    : 35971                                      
       0.Info>>MonitorService Port : 40999                                      
       0.Info>>Setting up parallel environment...                               
       0.Info>>Searching for decomposition plan:                                
       0.Info>>nodes    = 8                                                     
       0.Info>>qvectors = 100                                                   
       0.Info>>frames   = 1                                                     
       0.Info>>atoms   = 125000                                                 
       0.Info>>All interference scattering detected. Applying frame decomposition.
       0.Info>>Automatic decomposition. Searching for best utilization.         
       0.Info>>Final decomposition parameters:                                  
       0.Info>>NN                : 8                                            
       0.Info>>NQ                : 100                                          
       0.Info>>NAF               : 1                                            
       0.Info>>NP                : 8                                            
       0.Info>>NNpP              : 1                                            
       0.Info>>NAFcycles         : 1                                            
       0.Info>>NQcycles          : 13                                           
       0.Info>>CompEl (WASTE/USE): 4/100                                        
       0.Info>>utilization(1=best)    : 0.96153846153846156                     
       0.Info>>Initializing Scatter Device, Vectors (all)                       
       0.Info>>Starting scattering...                                           
       0.Info>>Checking memory requirements for scattering calculation...       
       0.Info>>required limits.computation.memory.result_buffer=16              
       0.Info>>required limits.computation.memory.signal_buffer=16              
       0.Info>>required limits.computation.memory.exchange_buffer=0             
       0.Info>>required limits.computation.memory.alignpad_buffer=32            
       0.Info>>Memory limits ok                                                 
       0.Info>>Staging data...                                                  
       0.Info>>Forcing stager.mode=frames                                       
       0.Info>>Staging first partition.                                         
       0.Info>>Staging remaining partitions.                                    
       0.Info>>background scattering length set to 0                            
       0.Info>>Target initialized.                                              
       0.Info>>Target 'system' produces a background scattering length density of 9.9957792525548208e-06
       0.Info>>Starting computation...                                          
       0.Info>>Orientational averaging includes 100 vectors                     
       0.Info>>Setting progress sampling factor for monitoring to 1             
       0.Info>>Progress: 2.385%, ETOTAL: 61.570138709677423 s, ETA: 60.101927709677426 s
       0.Info>>Progress: 4.895%, ETOTAL: 30.370546799803567 s, ETA: 28.883898799803568 s
       0.Info>>Progress: 7.655%, ETOTAL: 19.529723927150929 s, ETA: 18.03463592715093 s
       0.Info>>Progress: 11.166%, ETOTAL: 13.447412701829924 s, ETA: 11.945892701829925 s
       0.Info>>Progress: 21.080%, ETOTAL: 7.2420195225786825 s, ETA: 5.715392522578683 s
       0.Info>>Progress: 31.830%, ETOTAL: 10.971184211056288 s, ETA: 7.4790422110562886 s
       0.Info>>Progress: 41.580%, ETOTAL: 8.5311954366761729 s, ETA: 4.9839134366761728 s
       0.Info>>Progress: 52.205%, ETOTAL: 10.471869695481338 s, ETA: 5.0050166954813378 s
       0.Info>>Progress: 61.580%, ETOTAL: 8.9249749232290654 s, ETA: 3.4289639232290643 s
       0.Info>>Progress: 70.830%, ETOTAL: 7.8564576134666755 s, ETA: 2.2917186134666734 s
       0.Info>>Progress: 80.455%, ETOTAL: 9.3308918492550426 s, ETA: 1.8237108492550407 s
       0.Info>>Scattering finished...                                           
       0.Info>>.................................................................
       0.Info>>.....................R.U.N...A.N.A.L.Y.S.I.S.....................
       0.Info>>.................................................................
       0.Info>>Aggregating timing information for performance analysis...       
       0.Info>>                                                                 
       0.Info>>                    Performance Analysis                         
       0.Info>>-----------------------------------------------------------------
       0.Info>> mean and total runtimes:                                        
       0.Info>>-----------------------------------------------------------------
       0.Info>>          measure |    total |       count |     mean |   stddev 
       0.Info>>-----------------------------------------------------------------
       0.Info>>   sd:c:b:dspstore| 3.608e-02|        10000| 3.608e-06| 1.977e-06
       0.Info>>    sd:c:b:scatter| 4.399e+01|        10000| 4.399e-03| 7.726e-04
       0.Info>>        sd:c:block| 4.417e+01|          100| 4.417e-01| 3.590e-02
       0.Info>>         sd:c:init| 1.460e+01|          100| 1.460e-01| 2.872e-02
       0.Info>>       sd:c:reduce| 1.080e-04|          100| 1.080e-06| 4.439e-07
       0.Info>>         sd:c:wait| 1.610e-04|          100| 1.610e-06| 6.179e-07
       0.Info>>        sd:compute| 5.878e+01|          100| 5.878e-01| 5.336e-02
       0.Info>>         sd:runner| 5.878e+01|            8| 7.348e+00| 0.000e+00
       0.Info>>          sd:stage| 2.292e-01|            8| 2.866e-02| 0.000e+00
       0.Info>> sd:worker:scatter| 4.364e+01|        10000| 4.364e-03| 7.523e-04
       0.Info>>    sd:worker:wait| 1.504e+01|        10000| 1.504e-03| 1.484e-02
       0.Info>>          sd:write| 9.980e-04|          100| 9.980e-06| 6.883e-06
       0.Info>>           st:fill| 1.194e-02|            8| 1.492e-03| 0.000e+00
       0.Info>>          st:first| 2.703e-02|            1| 2.703e-02| 0.000e+00
       0.Info>>           st:load| 2.668e-02|            1| 2.668e-02| 0.000e+00
       0.Info>>           st:wait| 1.895e-01|            8| 2.369e-02| 0.000e+00
       0.Info>>-----------------------------------------------------------------
       0.Info>>-----------------------------------------------------------------
       0.Info>> watermarks:                                                     
       0.Info>>-----------------------------------------------------------------
       0.Info>>          measure |      min |      max                          
       0.Info>>-----------------------------------------------------------------
       0.Info>>   sd:c:b:dspstore| 2.000e-06| 7.600e-05                         
       0.Info>>    sd:c:b:scatter| 1.529e-03| 1.328e-02                         
       0.Info>>        sd:c:block| 1.879e-01| 5.339e-01                         
       0.Info>>         sd:c:init| 1.140e-01| 2.374e-01                         
       0.Info>>       sd:c:reduce| 0.000e+00| 2.000e-06                         
       0.Info>>         sd:c:wait| 1.000e-06| 4.000e-06                         
       0.Info>>        sd:compute| 3.057e-01| 7.518e-01                         
       0.Info>>         sd:runner| 6.071e+00| 8.033e+00                         
       0.Info>>          sd:stage| 2.850e-02| 2.872e-02                         
       0.Info>> sd:worker:scatter| 1.513e-03| 6.896e-03                         
       0.Info>>    sd:worker:wait| 1.000e-06| 2.375e-01                         
       0.Info>>          sd:write| 5.000e-06| 4.700e-05                         
       0.Info>>           st:fill| 1.332e-03| 1.557e-03                         
       0.Info>>          st:first| 2.703e-02| 2.703e-02                         
       0.Info>>           st:load| 2.668e-02| 2.668e-02                         
       0.Info>>           st:wait| 9.000e-06| 2.708e-02                         
       0.Info>>-----------------------------------------------------------------
       0.Info>>                                                                 
       0.Info>>         Performance Analysis (relative to total time * nodes)   
       0.Info>>-----------------------------------------------------------------
       0.Info>> mean and total runtimes:                                        
       0.Info>>-----------------------------------------------------------------
       0.Info>>          measure |    total |       count |     mean |   stddev 
       0.Info>>-----------------------------------------------------------------
       0.Info>>   sd:c:b:dspstore| 5.260e-04|        10000| 5.260e-08| 2.387e-07
       0.Info>>    sd:c:b:scatter| 6.414e-01|        10000| 6.414e-05| 9.329e-05
       0.Info>>        sd:c:block| 6.440e-01|          100| 6.440e-03| 4.335e-03
       0.Info>>         sd:c:init| 2.129e-01|          100| 2.129e-03| 3.468e-03
       0.Info>>       sd:c:reduce| 1.575e-06|          100| 1.575e-08| 5.360e-08
       0.Info>>         sd:c:wait| 2.347e-06|          100| 2.347e-08| 7.461e-08
       0.Info>>        sd:compute| 8.570e-01|          100| 8.570e-03| 6.443e-03
       0.Info>>         sd:runner| 8.570e-01|            8| 1.071e-01| 0.000e+00
       0.Info>>          sd:stage| 3.342e-03|            8| 4.178e-04| 0.000e+00
       0.Info>> sd:worker:scatter| 6.362e-01|        10000| 6.362e-05| 9.084e-05
       0.Info>>    sd:worker:wait| 2.193e-01|        10000| 2.193e-05| 1.792e-03
       0.Info>>          sd:write| 1.455e-05|          100| 1.455e-07| 8.311e-07
       0.Info>>           st:fill| 1.741e-04|            8| 2.176e-05| 0.000e+00
       0.Info>>          st:first| 3.941e-04|            1| 3.941e-04| 0.000e+00
       0.Info>>           st:load| 3.890e-04|            1| 3.890e-04| 0.000e+00
       0.Info>>           st:wait| 2.763e-03|            8| 3.454e-04| 0.000e+00
       0.Info>>-----------------------------------------------------------------
       0.Info>>-----------------------------------------------------------------
       0.Info>> watermarks:                                                     
       0.Info>>-----------------------------------------------------------------
       0.Info>>          measure |      min |      max                          
       0.Info>>-----------------------------------------------------------------
       0.Info>>   sd:c:b:dspstore| 2.916e-08| 1.108e-06                         
       0.Info>>    sd:c:b:scatter| 2.229e-05| 1.936e-04                         
       0.Info>>        sd:c:block| 2.740e-03| 7.784e-03                         
       0.Info>>         sd:c:init| 1.662e-03| 3.462e-03                         
       0.Info>>       sd:c:reduce| 0.000e+00| 2.916e-08                         
       0.Info>>         sd:c:wait| 1.458e-08| 5.832e-08                         
       0.Info>>        sd:compute| 4.457e-03| 1.096e-02                         
       0.Info>>         sd:runner| 8.852e-02| 1.171e-01                         
       0.Info>>          sd:stage| 4.155e-04| 4.187e-04                         
       0.Info>> sd:worker:scatter| 2.206e-05| 1.005e-04                         
       0.Info>>    sd:worker:wait| 1.458e-08| 3.463e-03                         
       0.Info>>          sd:write| 7.290e-08| 6.852e-07                         
       0.Info>>           st:fill| 1.942e-05| 2.270e-05                         
       0.Info>>          st:first| 3.941e-04| 3.941e-04                         
       0.Info>>           st:load| 3.890e-04| 3.890e-04                         
       0.Info>>           st:wait| 1.312e-07| 3.948e-04                         
       0.Info>>-----------------------------------------------------------------
       0.Info>>Total runtime (s): 8.5735600000000005                            
       0.Info>>Successfully finished... Have a nice day!                        
