       0.Info>>This software is being developed by Benjamin Lindner.                    
       0.Info>>For help, suggestions or correspondense use:                             
       0.Info>>ben@benlabs.net, Benjamin Lindner (Main Developer, Impl. & Maintenance)  
       0.Info>>franc@cmm.ki.si, Franci Merzel (Methodology)                             
       0.Info>>For publications include the following references:                       
       0.Info>>.........................................................................
       0.Info>>1. Sassena - X-ray and Neutron Scattering Calculated                     
       0.Info>>  from Molecular Dynamics Trajectories using Massively Parallel Computers
       0.Info>>  published as a Computer Program in Physics Paper                       
       0.Info>>.........................................................................
       0.Info>>Version Information: 1.4.2                                       
       0.Info>>                                                                 
       0.Info>>.................................................................
       0.Info>>......................D.E.S.C.R.I.P.T.I.O.N......................
       0.Info>>.................................................................
       0.Info>>This binary computes the scattering intensities directly from    
       0.Info>>a molecular dynamics trajectory.                                 
       0.Info>>.................................................................
       0.Info>>.................................................................
       0.Info>>...................I.N.I.T.I.A.L.I.Z.A.T.I.O.N...................
       0.Info>>.................................................................
       0.Info>>No configuration file specified. Will use default                
       0.Info>>Looking for configuration file: scatter.xml                      
       0.Info>>Reading parameters from XML file: scatter.xml                    
       0.Info>>Added frames from /home/amajumda/study/continuum_simulations/gitlab/continuum-to-scattering/data/100_100_100_10_10_10/single_atom_shrink/iteration_001/t001/pdb_dcd/sample.dcd using format: dcd
       0.Info>>Options: first=0, last=0, lastset=0, stride=1                    
       0.Info>>stager.target=system                                             
       0.Info>>scattering.type=all                                              
       0.Info>>scattering.dsp.type=square                                       
       0.Info>>scattering.average.orientation.type=vectors                      
       0.Info>>scattering.average.orientation.vectors.type=sphere               
       0.Info>>scattering.average.orientation.vectors.algorithm=boost_uniform_on_sphere
       0.Info>>scattering.average.orientation.vectors.resolution=100            
       0.Info>>Generating orientations for orientational averaging using sphere,boost_uniform_on_sphere
       0.Info>>Initialized orientational averaging with 100 vectors.            
       0.Info>>scattering.signal.file=signal.h5                                 
       0.Info>>scattering.signal.filepath=/home/amajumda/study/continuum_simulations/gitlab/continuum-to-scattering/data/100_100_100_10_10_10/single_atom_shrink/iteration_001/t001/signal.h5
       0.Info>>scattering.signal.fqt=1                                          
       0.Info>>scattering.signal.fq0=1                                          
       0.Info>>scattering.signal.fq=1                                           
       0.Info>>scattering.signal.fq2=1                                          
       0.Info>>Analyzing command line for parameter overwrites                  
       0.Info>>Reading database from file: /home/amajumda/study/continuum_simulations/gitlab/continuum-to-scattering/data/100_100_100_10_10_10/single_atom_shrink/iteration_001/t001/database/db-neutron-coherent.xml
       0.Info>>Checking database...                                             
       0.Info>>Testing mapping between PDB names and atom labels                
       0.Info>>Testing database completeness for referenced atom labels         
       0.Info>>Check succeeded. Database seems OK.                              
       0.Info>>Initializing sample...                                           
       0.Info>>Reading structure from file: /home/amajumda/study/continuum_simulations/gitlab/continuum-to-scattering/data/100_100_100_10_10_10/single_atom_shrink/iteration_001/t001/pdb_dcd/sample.pdb
       0.Info>>Done. Atoms read: 1000                                           
       0.Info>>Reading frames from: /home/amajumda/study/continuum_simulations/gitlab/continuum-to-scattering/data/100_100_100_10_10_10/single_atom_shrink/iteration_001/t001/pdb_dcd/sample.dcd
       0.Info>>Found 1 frames                                                   
       0.Info>>Total number of coordinate sets found: 1                         
       0.Info>>Exchanging sample, database & params information with compute nodes... 
       0.Info>>params...                                                        
       0.Info>>database...                                                      
       0.Info>>sample...                                                        
       0.Info>>.................................................................
       0.Info>>......................C.O.M.P.U.T.A.T.I.O.N......................
       0.Info>>.................................................................
       0.Info>>Setting up services...                                           
       0.Info>>Initializing data file service...                                
       0.Info>>Initializing monitor service...                                  
       0.Info>>Starting data file service...                                    
       0.Info>>Starting monitor service...                                      
       0.Info>>Services setup and running...                                    
       0.Info>>Checking /home/amajumda/study/continuum_simulations/gitlab/continuum-to-scattering/data/100_100_100_10_10_10/single_atom_shrink/iteration_001/t001/signal.h5 for old results.
       0.Info>>Broadcasting service information                                 
       0.Info>>Server host name    : hzglap02                                   
       0.Info>>FileService Port    : 38589                                      
       0.Info>>MonitorService Port : 44309                                      
       0.Info>>Setting up parallel environment...                               
       0.Info>>Searching for decomposition plan:                                
       0.Info>>nodes    = 8                                                     
       0.Info>>qvectors = 100                                                   
       0.Info>>frames   = 1                                                     
       0.Info>>atoms   = 1000                                                   
       0.Info>>All interference scattering detected. Applying frame decomposition.
       0.Info>>Automatic decomposition. Searching for best utilization.         
       0.Info>>Final decomposition parameters:                                  
       0.Info>>NN                : 8                                            
       0.Info>>NQ                : 100                                          
       0.Info>>NAF               : 1                                            
       0.Info>>NP                : 8                                            
       0.Info>>NNpP              : 1                                            
       0.Info>>NAFcycles         : 1                                            
       0.Info>>NQcycles          : 13                                           
       0.Info>>CompEl (WASTE/USE): 4/100                                        
       0.Info>>utilization(1=best)    : 0.96153846153846156                     
       0.Info>>Initializing Scatter Device, Vectors (all)                       
       0.Info>>Starting scattering...                                           
       0.Info>>Checking memory requirements for scattering calculation...       
       0.Info>>required limits.computation.memory.result_buffer=16              
       0.Info>>required limits.computation.memory.signal_buffer=16              
       0.Info>>required limits.computation.memory.exchange_buffer=0             
       0.Info>>required limits.computation.memory.alignpad_buffer=32            
       0.Info>>Memory limits ok                                                 
       0.Info>>Staging data...                                                  
       0.Info>>Forcing stager.mode=frames                                       
       0.Info>>Staging first partition.                                         
       0.Info>>Staging remaining partitions.                                    
       0.Info>>background scattering length set to 0                            
       0.Info>>Target initialized.                                              
       0.Info>>Target 'system' produces a background scattering length density of 0.27841504711542686
       0.Info>>Starting computation...                                          
       0.Info>>Orientational averaging includes 100 vectors                     
       0.Info>>Setting progress sampling factor for monitoring to 1             
       0.Info>>Scattering finished...                                           
       0.Info>>.................................................................
       0.Info>>.....................R.U.N...A.N.A.L.Y.S.I.S.....................
       0.Info>>.................................................................
       0.Info>>Aggregating timing information for performance analysis...       
       0.Info>>                                                                 
       0.Info>>                    Performance Analysis                         
       0.Info>>-----------------------------------------------------------------
       0.Info>> mean and total runtimes:                                        
       0.Info>>-----------------------------------------------------------------
       0.Info>>          measure |    total |       count |     mean |   stddev 
       0.Info>>-----------------------------------------------------------------
       0.Info>>   sd:c:b:dspstore| 3.021e-02|        10000| 3.021e-06| 1.864e-06
       0.Info>>    sd:c:b:scatter| 6.834e-01|        10000| 6.834e-05| 3.043e-05
       0.Info>>        sd:c:block| 8.304e-01|          100| 8.304e-03| 6.850e-04
       0.Info>>         sd:c:init| 1.603e-01|          100| 1.603e-03| 2.901e-04
       0.Info>>       sd:c:reduce| 1.110e-04|          100| 1.110e-06| 4.668e-07
       0.Info>>         sd:c:wait| 1.920e-04|          100| 1.920e-06| 2.111e-06
       0.Info>>        sd:compute| 9.934e-01|          100| 9.934e-03| 8.006e-04
       0.Info>>         sd:runner| 9.967e-01|            8| 1.246e-01| 0.000e+00
       0.Info>>          sd:stage| 3.797e-03|            8| 4.746e-04| 0.000e+00
       0.Info>> sd:worker:scatter| 4.674e-01|        10000| 4.674e-05| 7.982e-06
       0.Info>>    sd:worker:wait| 4.391e-01|        10000| 4.391e-05| 1.666e-04
       0.Info>>          sd:write| 9.190e-04|          100| 9.190e-06| 6.685e-06
       0.Info>>           st:fill| 8.750e-04|            8| 1.094e-04| 0.000e+00
       0.Info>>          st:first| 2.520e-04|            1| 2.520e-04| 0.000e+00
       0.Info>>           st:load| 2.240e-04|            1| 2.240e-04| 0.000e+00
       0.Info>>           st:wait| 1.938e-03|            8| 2.423e-04| 0.000e+00
       0.Info>>-----------------------------------------------------------------
       0.Info>>-----------------------------------------------------------------
       0.Info>> watermarks:                                                     
       0.Info>>-----------------------------------------------------------------
       0.Info>>          measure |      min |      max                          
       0.Info>>-----------------------------------------------------------------
       0.Info>>   sd:c:b:dspstore| 1.000e-06| 7.800e-05                         
       0.Info>>    sd:c:b:scatter| 2.800e-05| 1.978e-03                         
       0.Info>>        sd:c:block| 6.379e-03| 1.033e-02                         
       0.Info>>         sd:c:init| 1.052e-03| 2.195e-03                         
       0.Info>>       sd:c:reduce| 0.000e+00| 3.000e-06                         
       0.Info>>         sd:c:wait| 1.000e-06| 2.200e-05                         
       0.Info>>        sd:compute| 8.058e-03| 1.223e-02                         
       0.Info>>         sd:runner| 1.131e-01| 1.316e-01                         
       0.Info>>          sd:stage| 4.690e-04| 4.810e-04                         
       0.Info>> sd:worker:scatter| 1.300e-05| 3.600e-04                         
       0.Info>>    sd:worker:wait| 1.000e-06| 2.261e-03                         
       0.Info>>          sd:write| 4.000e-06| 4.600e-05                         
       0.Info>>           st:fill| 1.030e-04| 1.130e-04                         
       0.Info>>          st:first| 2.520e-04| 2.520e-04                         
       0.Info>>           st:load| 2.240e-04| 2.240e-04                         
       0.Info>>           st:wait| 5.000e-06| 2.770e-04                         
       0.Info>>-----------------------------------------------------------------
       0.Info>>                                                                 
       0.Info>>         Performance Analysis (relative to total time * nodes)   
       0.Info>>-----------------------------------------------------------------
       0.Info>> mean and total runtimes:                                        
       0.Info>>-----------------------------------------------------------------
       0.Info>>          measure |    total |       count |     mean |   stddev 
       0.Info>>-----------------------------------------------------------------
       0.Info>>   sd:c:b:dspstore| 2.127e-02|        10000| 2.127e-06| 1.564e-06
       0.Info>>    sd:c:b:scatter| 4.811e-01|        10000| 4.811e-05| 2.553e-05
       0.Info>>        sd:c:block| 5.845e-01|          100| 5.845e-03| 5.747e-04
       0.Info>>         sd:c:init| 1.129e-01|          100| 1.129e-03| 2.434e-04
       0.Info>>       sd:c:reduce| 7.813e-05|          100| 7.813e-07| 3.916e-07
       0.Info>>         sd:c:wait| 1.351e-04|          100| 1.351e-06| 1.771e-06
       0.Info>>        sd:compute| 6.992e-01|          100| 6.992e-03| 6.717e-04
       0.Info>>         sd:runner| 7.016e-01|            8| 8.769e-02| 0.000e+00
       0.Info>>          sd:stage| 2.673e-03|            8| 3.341e-04| 0.000e+00
       0.Info>> sd:worker:scatter| 3.290e-01|        10000| 3.290e-05| 6.697e-06
       0.Info>>    sd:worker:wait| 3.091e-01|        10000| 3.091e-05| 1.398e-04
       0.Info>>          sd:write| 6.469e-04|          100| 6.469e-06| 5.608e-06
       0.Info>>           st:fill| 6.159e-04|            8| 7.699e-05| 0.000e+00
       0.Info>>          st:first| 1.774e-04|            1| 1.774e-04| 0.000e+00
       0.Info>>           st:load| 1.577e-04|            1| 1.577e-04| 0.000e+00
       0.Info>>           st:wait| 1.364e-03|            8| 1.705e-04| 0.000e+00
       0.Info>>-----------------------------------------------------------------
       0.Info>>-----------------------------------------------------------------
       0.Info>> watermarks:                                                     
       0.Info>>-----------------------------------------------------------------
       0.Info>>          measure |      min |      max                          
       0.Info>>-----------------------------------------------------------------
       0.Info>>   sd:c:b:dspstore| 7.039e-07| 5.490e-05                         
       0.Info>>    sd:c:b:scatter| 1.971e-05| 1.392e-03                         
       0.Info>>        sd:c:block| 4.490e-03| 7.274e-03                         
       0.Info>>         sd:c:init| 7.405e-04| 1.545e-03                         
       0.Info>>       sd:c:reduce| 0.000e+00| 2.112e-06                         
       0.Info>>         sd:c:wait| 7.039e-07| 1.549e-05                         
       0.Info>>        sd:compute| 5.672e-03| 8.609e-03                         
       0.Info>>         sd:runner| 7.958e-02| 9.263e-02                         
       0.Info>>          sd:stage| 3.301e-04| 3.386e-04                         
       0.Info>> sd:worker:scatter| 9.151e-06| 2.534e-04                         
       0.Info>>    sd:worker:wait| 7.039e-07| 1.592e-03                         
       0.Info>>          sd:write| 2.816e-06| 3.238e-05                         
       0.Info>>           st:fill| 7.250e-05| 7.954e-05                         
       0.Info>>          st:first| 1.774e-04| 1.774e-04                         
       0.Info>>           st:load| 1.577e-04| 1.577e-04                         
       0.Info>>           st:wait| 3.519e-06| 1.950e-04                         
       0.Info>>-----------------------------------------------------------------
       0.Info>>Total runtime (s): 0.17758399999999999                           
       0.Info>>Successfully finished... Have a nice day!                        
