       0.Info>>This software is being developed by Benjamin Lindner.                    
       0.Info>>For help, suggestions or correspondense use:                             
       0.Info>>ben@benlabs.net, Benjamin Lindner (Main Developer, Impl. & Maintenance)  
       0.Info>>franc@cmm.ki.si, Franci Merzel (Methodology)                             
       0.Info>>For publications include the following references:                       
       0.Info>>.........................................................................
       0.Info>>1. Sassena - X-ray and Neutron Scattering Calculated                     
       0.Info>>  from Molecular Dynamics Trajectories using Massively Parallel Computers
       0.Info>>  published as a Computer Program in Physics Paper                       
       0.Info>>.........................................................................
       0.Info>>Version Information: 1.4.2                                       
       0.Info>>                                                                 
       0.Info>>.................................................................
       0.Info>>......................D.E.S.C.R.I.P.T.I.O.N......................
       0.Info>>.................................................................
       0.Info>>This binary computes the scattering intensities directly from    
       0.Info>>a molecular dynamics trajectory.                                 
       0.Info>>.................................................................
       0.Info>>.................................................................
       0.Info>>...................I.N.I.T.I.A.L.I.Z.A.T.I.O.N...................
       0.Info>>.................................................................
       0.Info>>No configuration file specified. Will use default                
       0.Info>>Looking for configuration file: scatter.xml                      
       0.Info>>Reading parameters from XML file: scatter.xml                    
       0.Info>>Added frames from /home/amajumda/study/continuum_simulations/gitlab/continuum-to-scattering/data/100_100_100_10_10_10/single_atom_shrink/iteration_004/t009/pdb_dcd/sample.dcd using format: dcd
       0.Info>>Options: first=0, last=0, lastset=0, stride=1                    
       0.Info>>stager.target=system                                             
       0.Info>>scattering.type=all                                              
       0.Info>>scattering.dsp.type=square                                       
       0.Info>>scattering.average.orientation.type=vectors                      
       0.Info>>scattering.average.orientation.vectors.type=sphere               
       0.Info>>scattering.average.orientation.vectors.algorithm=boost_uniform_on_sphere
       0.Info>>scattering.average.orientation.vectors.resolution=100            
       0.Info>>Generating orientations for orientational averaging using sphere,boost_uniform_on_sphere
       0.Info>>Initialized orientational averaging with 100 vectors.            
       0.Info>>scattering.signal.file=signal.h5                                 
       0.Info>>scattering.signal.filepath=/home/amajumda/study/continuum_simulations/gitlab/continuum-to-scattering/data/100_100_100_10_10_10/single_atom_shrink/iteration_004/t009/signal.h5
       0.Info>>scattering.signal.fqt=1                                          
       0.Info>>scattering.signal.fq0=1                                          
       0.Info>>scattering.signal.fq=1                                           
       0.Info>>scattering.signal.fq2=1                                          
       0.Info>>Analyzing command line for parameter overwrites                  
       0.Info>>Reading database from file: /home/amajumda/study/continuum_simulations/gitlab/continuum-to-scattering/data/100_100_100_10_10_10/single_atom_shrink/iteration_004/t009/database/db-neutron-coherent.xml
       0.Info>>Checking database...                                             
       0.Info>>Testing mapping between PDB names and atom labels                
       0.Info>>Testing database completeness for referenced atom labels         
       0.Info>>Check succeeded. Database seems OK.                              
       0.Info>>Initializing sample...                                           
       0.Info>>Reading structure from file: /home/amajumda/study/continuum_simulations/gitlab/continuum-to-scattering/data/100_100_100_10_10_10/single_atom_shrink/iteration_004/t009/pdb_dcd/sample.pdb
       0.Info>>Done. Atoms read: 1000                                           
       0.Info>>Reading frames from: /home/amajumda/study/continuum_simulations/gitlab/continuum-to-scattering/data/100_100_100_10_10_10/single_atom_shrink/iteration_004/t009/pdb_dcd/sample.dcd
       0.Info>>Found 1 frames                                                   
       0.Info>>Total number of coordinate sets found: 1                         
       0.Info>>Exchanging sample, database & params information with compute nodes... 
       0.Info>>params...                                                        
       0.Info>>database...                                                      
       0.Info>>sample...                                                        
       0.Info>>.................................................................
       0.Info>>......................C.O.M.P.U.T.A.T.I.O.N......................
       0.Info>>.................................................................
       0.Info>>Setting up services...                                           
       0.Info>>Initializing data file service...                                
       0.Info>>Initializing monitor service...                                  
       0.Info>>Starting data file service...                                    
       0.Info>>Starting monitor service...                                      
       0.Info>>Services setup and running...                                    
       0.Info>>Checking /home/amajumda/study/continuum_simulations/gitlab/continuum-to-scattering/data/100_100_100_10_10_10/single_atom_shrink/iteration_004/t009/signal.h5 for old results.
       0.Info>>Broadcasting service information                                 
       0.Info>>Server host name    : hzglap02                                   
       0.Info>>FileService Port    : 39477                                      
       0.Info>>MonitorService Port : 34979                                      
       0.Info>>Setting up parallel environment...                               
       0.Info>>Searching for decomposition plan:                                
       0.Info>>nodes    = 8                                                     
       0.Info>>qvectors = 100                                                   
       0.Info>>frames   = 1                                                     
       0.Info>>atoms   = 1000                                                   
       0.Info>>All interference scattering detected. Applying frame decomposition.
       0.Info>>Automatic decomposition. Searching for best utilization.         
       0.Info>>Final decomposition parameters:                                  
       0.Info>>NN                : 8                                            
       0.Info>>NQ                : 100                                          
       0.Info>>NAF               : 1                                            
       0.Info>>NP                : 8                                            
       0.Info>>NNpP              : 1                                            
       0.Info>>NAFcycles         : 1                                            
       0.Info>>NQcycles          : 13                                           
       0.Info>>CompEl (WASTE/USE): 4/100                                        
       0.Info>>utilization(1=best)    : 0.96153846153846156                     
       0.Info>>Initializing Scatter Device, Vectors (all)                       
       0.Info>>Starting scattering...                                           
       0.Info>>Checking memory requirements for scattering calculation...       
       0.Info>>required limits.computation.memory.result_buffer=16              
       0.Info>>required limits.computation.memory.signal_buffer=16              
       0.Info>>required limits.computation.memory.exchange_buffer=0             
       0.Info>>required limits.computation.memory.alignpad_buffer=32            
       0.Info>>Memory limits ok                                                 
       0.Info>>Staging data...                                                  
       0.Info>>Forcing stager.mode=frames                                       
       0.Info>>Staging first partition.                                         
       0.Info>>Staging remaining partitions.                                    
       0.Info>>background scattering length set to 0                            
       0.Info>>Target initialized.                                              
       0.Info>>Target 'system' produces a background scattering length density of 0.012732395447351837
       0.Info>>Starting computation...                                          
       0.Info>>Orientational averaging includes 100 vectors                     
       0.Info>>Setting progress sampling factor for monitoring to 1             
       0.Info>>Scattering finished...                                           
       0.Info>>.................................................................
       0.Info>>.....................R.U.N...A.N.A.L.Y.S.I.S.....................
       0.Info>>.................................................................
       0.Info>>Aggregating timing information for performance analysis...       
       0.Info>>                                                                 
       0.Info>>                    Performance Analysis                         
       0.Info>>-----------------------------------------------------------------
       0.Info>> mean and total runtimes:                                        
       0.Info>>-----------------------------------------------------------------
       0.Info>>          measure |    total |       count |     mean |   stddev 
       0.Info>>-----------------------------------------------------------------
       0.Info>>   sd:c:b:dspstore| 2.570e-02|        10000| 2.570e-06| 1.504e-06
       0.Info>>    sd:c:b:scatter| 6.012e-01|        10000| 6.012e-05| 1.288e-05
       0.Info>>        sd:c:block| 7.270e-01|          100| 7.270e-03| 5.159e-04
       0.Info>>         sd:c:init| 1.357e-01|          100| 1.357e-03| 2.904e-04
       0.Info>>       sd:c:reduce| 9.700e-05|          100| 9.700e-07| 4.670e-07
       0.Info>>         sd:c:wait| 1.340e-04|          100| 1.340e-06| 6.400e-07
       0.Info>>        sd:compute| 8.649e-01|          100| 8.649e-03| 5.922e-04
       0.Info>>         sd:runner| 8.674e-01|            8| 1.084e-01| 0.000e+00
       0.Info>>          sd:stage| 3.203e-03|            8| 4.004e-04| 0.000e+00
       0.Info>> sd:worker:scatter| 4.236e-01|        10000| 4.236e-05| 6.888e-06
       0.Info>>    sd:worker:wait| 3.699e-01|        10000| 3.699e-05| 1.430e-04
       0.Info>>          sd:write| 7.610e-04|          100| 7.610e-06| 6.088e-06
       0.Info>>           st:fill| 6.570e-04|            8| 8.213e-05| 0.000e+00
       0.Info>>          st:first| 2.360e-04|            1| 2.360e-04| 0.000e+00
       0.Info>>           st:load| 2.120e-04|            1| 2.120e-04| 0.000e+00
       0.Info>>           st:wait| 1.767e-03|            8| 2.209e-04| 0.000e+00
       0.Info>>-----------------------------------------------------------------
       0.Info>>-----------------------------------------------------------------
       0.Info>> watermarks:                                                     
       0.Info>>-----------------------------------------------------------------
       0.Info>>          measure |      min |      max                          
       0.Info>>-----------------------------------------------------------------
       0.Info>>   sd:c:b:dspstore| 1.000e-06| 6.100e-05                         
       0.Info>>    sd:c:b:scatter| 2.400e-05| 6.200e-04                         
       0.Info>>        sd:c:block| 5.444e-03| 8.753e-03                         
       0.Info>>         sd:c:init| 9.090e-04| 2.119e-03                         
       0.Info>>       sd:c:reduce| 0.000e+00| 2.000e-06                         
       0.Info>>         sd:c:wait| 0.000e+00| 4.000e-06                         
       0.Info>>        sd:compute| 7.091e-03| 1.013e-02                         
       0.Info>>         sd:runner| 9.683e-02| 1.162e-01                         
       0.Info>>          sd:stage| 3.940e-04| 4.080e-04                         
       0.Info>> sd:worker:scatter| 1.200e-05| 3.420e-04                         
       0.Info>>    sd:worker:wait| 1.200e-05| 2.183e-03                         
       0.Info>>          sd:write| 4.000e-06| 3.800e-05                         
       0.Info>>           st:fill| 7.400e-05| 8.600e-05                         
       0.Info>>          st:first| 2.360e-04| 2.360e-04                         
       0.Info>>           st:load| 2.120e-04| 2.120e-04                         
       0.Info>>           st:wait| 4.000e-06| 2.550e-04                         
       0.Info>>-----------------------------------------------------------------
       0.Info>>                                                                 
       0.Info>>         Performance Analysis (relative to total time * nodes)   
       0.Info>>-----------------------------------------------------------------
       0.Info>> mean and total runtimes:                                        
       0.Info>>-----------------------------------------------------------------
       0.Info>>          measure |    total |       count |     mean |   stddev 
       0.Info>>-----------------------------------------------------------------
       0.Info>>   sd:c:b:dspstore| 2.033e-02|        10000| 2.033e-06| 1.338e-06
       0.Info>>    sd:c:b:scatter| 4.756e-01|        10000| 4.756e-05| 1.146e-05
       0.Info>>        sd:c:block| 5.752e-01|          100| 5.752e-03| 4.589e-04
       0.Info>>         sd:c:init| 1.074e-01|          100| 1.074e-03| 2.583e-04
       0.Info>>       sd:c:reduce| 7.674e-05|          100| 7.674e-07| 4.154e-07
       0.Info>>         sd:c:wait| 1.060e-04|          100| 1.060e-06| 5.692e-07
       0.Info>>        sd:compute| 6.842e-01|          100| 6.842e-03| 5.268e-04
       0.Info>>         sd:runner| 6.863e-01|            8| 8.578e-02| 0.000e+00
       0.Info>>          sd:stage| 2.534e-03|            8| 3.168e-04| 0.000e+00
       0.Info>> sd:worker:scatter| 3.351e-01|        10000| 3.351e-05| 6.126e-06
       0.Info>>    sd:worker:wait| 2.927e-01|        10000| 2.927e-05| 1.272e-04
       0.Info>>          sd:write| 6.021e-04|          100| 6.021e-06| 5.415e-06
       0.Info>>           st:fill| 5.198e-04|            8| 6.497e-05| 0.000e+00
       0.Info>>          st:first| 1.867e-04|            1| 1.867e-04| 0.000e+00
       0.Info>>           st:load| 1.677e-04|            1| 1.677e-04| 0.000e+00
       0.Info>>           st:wait| 1.398e-03|            8| 1.747e-04| 0.000e+00
       0.Info>>-----------------------------------------------------------------
       0.Info>>-----------------------------------------------------------------
       0.Info>> watermarks:                                                     
       0.Info>>-----------------------------------------------------------------
       0.Info>>          measure |      min |      max                          
       0.Info>>-----------------------------------------------------------------
       0.Info>>   sd:c:b:dspstore| 7.911e-07| 4.826e-05                         
       0.Info>>    sd:c:b:scatter| 1.899e-05| 4.905e-04                         
       0.Info>>        sd:c:block| 4.307e-03| 6.925e-03                         
       0.Info>>         sd:c:init| 7.192e-04| 1.676e-03                         
       0.Info>>       sd:c:reduce| 0.000e+00| 1.582e-06                         
       0.Info>>         sd:c:wait| 0.000e+00| 3.165e-06                         
       0.Info>>        sd:compute| 5.610e-03| 8.014e-03                         
       0.Info>>         sd:runner| 7.661e-02| 9.193e-02                         
       0.Info>>          sd:stage| 3.117e-04| 3.228e-04                         
       0.Info>> sd:worker:scatter| 9.494e-06| 2.706e-04                         
       0.Info>>    sd:worker:wait| 9.494e-06| 1.727e-03                         
       0.Info>>          sd:write| 3.165e-06| 3.006e-05                         
       0.Info>>           st:fill| 5.854e-05| 6.804e-05                         
       0.Info>>          st:first| 1.867e-04| 1.867e-04                         
       0.Info>>           st:load| 1.677e-04| 1.677e-04                         
       0.Info>>           st:wait| 3.165e-06| 2.017e-04                         
       0.Info>>-----------------------------------------------------------------
       0.Info>>Total runtime (s): 0.157999                                      
       0.Info>>Successfully finished... Have a nice day!                        
