       0.Info>>This software is being developed by Benjamin Lindner.                    
       0.Info>>For help, suggestions or correspondense use:                             
       0.Info>>ben@benlabs.net, Benjamin Lindner (Main Developer, Impl. & Maintenance)  
       0.Info>>franc@cmm.ki.si, Franci Merzel (Methodology)                             
       0.Info>>For publications include the following references:                       
       0.Info>>.........................................................................
       0.Info>>1. Sassena - X-ray and Neutron Scattering Calculated                     
       0.Info>>  from Molecular Dynamics Trajectories using Massively Parallel Computers
       0.Info>>  published as a Computer Program in Physics Paper                       
       0.Info>>.........................................................................
       0.Info>>Version Information: 1.4.2                                       
       0.Info>>                                                                 
       0.Info>>.................................................................
       0.Info>>......................D.E.S.C.R.I.P.T.I.O.N......................
       0.Info>>.................................................................
       0.Info>>This binary computes the scattering intensities directly from    
       0.Info>>a molecular dynamics trajectory.                                 
       0.Info>>.................................................................
       0.Info>>.................................................................
       0.Info>>...................I.N.I.T.I.A.L.I.Z.A.T.I.O.N...................
       0.Info>>.................................................................
       0.Info>>No configuration file specified. Will use default                
       0.Info>>Looking for configuration file: scatter.xml                      
       0.Info>>Reading parameters from XML file: scatter.xml                    
       0.Info>>Added frames from /home/amajumda/study/continuum_simulations/gitlab/continuum-to-scattering/data/100_100_100_50_50_50/single_atom_shrink/iteration_003/t010/pdb_dcd/sample.dcd using format: dcd
       0.Info>>Options: first=0, last=0, lastset=0, stride=1                    
       0.Info>>stager.target=system                                             
       0.Info>>scattering.type=all                                              
       0.Info>>scattering.dsp.type=square                                       
       0.Info>>scattering.average.orientation.type=vectors                      
       0.Info>>scattering.average.orientation.vectors.type=sphere               
       0.Info>>scattering.average.orientation.vectors.algorithm=boost_uniform_on_sphere
       0.Info>>scattering.average.orientation.vectors.resolution=100            
       0.Info>>Generating orientations for orientational averaging using sphere,boost_uniform_on_sphere
       0.Info>>Initialized orientational averaging with 100 vectors.            
       0.Info>>scattering.signal.file=signal.h5                                 
       0.Info>>scattering.signal.filepath=/home/amajumda/study/continuum_simulations/gitlab/continuum-to-scattering/data/100_100_100_50_50_50/single_atom_shrink/iteration_003/t010/signal.h5
       0.Info>>scattering.signal.fqt=1                                          
       0.Info>>scattering.signal.fq0=1                                          
       0.Info>>scattering.signal.fq=1                                           
       0.Info>>scattering.signal.fq2=1                                          
       0.Info>>Analyzing command line for parameter overwrites                  
       0.Info>>Reading database from file: /home/amajumda/study/continuum_simulations/gitlab/continuum-to-scattering/data/100_100_100_50_50_50/single_atom_shrink/iteration_003/t010/database/db-neutron-coherent.xml
       0.Info>>Checking database...                                             
       0.Info>>Testing mapping between PDB names and atom labels                
       0.Info>>Testing database completeness for referenced atom labels         
       0.Info>>Check succeeded. Database seems OK.                              
       0.Info>>Initializing sample...                                           
       0.Info>>Reading structure from file: /home/amajumda/study/continuum_simulations/gitlab/continuum-to-scattering/data/100_100_100_50_50_50/single_atom_shrink/iteration_003/t010/pdb_dcd/sample.pdb
       0.Info>>Done. Atoms read: 125000                                         
       0.Info>>Reading frames from: /home/amajumda/study/continuum_simulations/gitlab/continuum-to-scattering/data/100_100_100_50_50_50/single_atom_shrink/iteration_003/t010/pdb_dcd/sample.dcd
       0.Info>>Found 1 frames                                                   
       0.Info>>Total number of coordinate sets found: 1                         
       0.Info>>Exchanging sample, database & params information with compute nodes... 
       0.Info>>params...                                                        
       0.Info>>database...                                                      
       0.Info>>sample...                                                        
       0.Info>>.................................................................
       0.Info>>......................C.O.M.P.U.T.A.T.I.O.N......................
       0.Info>>.................................................................
       0.Info>>Setting up services...                                           
       0.Info>>Initializing data file service...                                
       0.Info>>Initializing monitor service...                                  
       0.Info>>Starting data file service...                                    
       0.Info>>Starting monitor service...                                      
       0.Info>>Services setup and running...                                    
       0.Info>>Checking /home/amajumda/study/continuum_simulations/gitlab/continuum-to-scattering/data/100_100_100_50_50_50/single_atom_shrink/iteration_003/t010/signal.h5 for old results.
       0.Info>>Broadcasting service information                                 
       0.Info>>Server host name    : hzglap02                                   
       0.Info>>FileService Port    : 34059                                      
       0.Info>>MonitorService Port : 35319                                      
       0.Info>>Setting up parallel environment...                               
       0.Info>>Searching for decomposition plan:                                
       0.Info>>nodes    = 8                                                     
       0.Info>>qvectors = 100                                                   
       0.Info>>frames   = 1                                                     
       0.Info>>atoms   = 125000                                                 
       0.Info>>All interference scattering detected. Applying frame decomposition.
       0.Info>>Automatic decomposition. Searching for best utilization.         
       0.Info>>Final decomposition parameters:                                  
       0.Info>>NN                : 8                                            
       0.Info>>NQ                : 100                                          
       0.Info>>NAF               : 1                                            
       0.Info>>NP                : 8                                            
       0.Info>>NNpP              : 1                                            
       0.Info>>NAFcycles         : 1                                            
       0.Info>>NQcycles          : 13                                           
       0.Info>>CompEl (WASTE/USE): 4/100                                        
       0.Info>>utilization(1=best)    : 0.96153846153846156                     
       0.Info>>Initializing Scatter Device, Vectors (all)                       
       0.Info>>Starting scattering...                                           
       0.Info>>Checking memory requirements for scattering calculation...       
       0.Info>>required limits.computation.memory.result_buffer=16              
       0.Info>>required limits.computation.memory.signal_buffer=16              
       0.Info>>required limits.computation.memory.exchange_buffer=0             
       0.Info>>required limits.computation.memory.alignpad_buffer=32            
       0.Info>>Memory limits ok                                                 
       0.Info>>Staging data...                                                  
       0.Info>>Forcing stager.mode=frames                                       
       0.Info>>Staging first partition.                                         
       0.Info>>Staging remaining partitions.                                    
       0.Info>>background scattering length set to 0                            
       0.Info>>Target initialized.                                              
       0.Info>>Target 'system' produces a background scattering length density of 0.00011364766411056842
       0.Info>>Starting computation...                                          
       0.Info>>Orientational averaging includes 100 vectors                     
       0.Info>>Setting progress sampling factor for monitoring to 1             
       0.Info>>Progress: 3.010%, ETOTAL: 36.58779238754326 s, ETA: 35.486347387543262 s
       0.Info>>Progress: 5.020%, ETOTAL: 24.26568172386273 s, ETA: 23.047536723862731 s
       0.Info>>Progress: 11.175%, ETOTAL: 11.296708791051199 s, ETA: 10.034337791051199 s
       0.Info>>Progress: 20.455%, ETOTAL: 15.1162240050141 s, ETA: 12.0241810050141 s
       0.Info>>Progress: 33.455%, ETOTAL: 9.3068840774094657 s, ETA: 6.1932540774094651 s
       0.Info>>Progress: 42.955%, ETOTAL: 7.5902159677660057 s, ETA: 4.3298289677660051 s
       0.Info>>Progress: 52.705%, ETOTAL: 9.7025283386037469 s, ETA: 4.5887983386037465 s
       0.Info>>Progress: 63.080%, ETOTAL: 8.1375880900360773 s, ETA: 3.0043870900360758 s
       0.Info>>Progress: 73.080%, ETOTAL: 9.6990962852506506 s, ETA: 2.6109842852506482 s
       0.Info>>Progress: 80.455%, ETOTAL: 8.8562421799059869 s, ETA: 1.7309411799059848 s
       0.Info>>Progress: 90.330%, ETOTAL: 8.0165346201610923 s, ETA: 0.77518862016108958 s
       0.Info>>Scattering finished...                                           
       0.Info>>.................................................................
       0.Info>>.....................R.U.N...A.N.A.L.Y.S.I.S.....................
       0.Info>>.................................................................
       0.Info>>Aggregating timing information for performance analysis...       
       0.Info>>                                                                 
       0.Info>>                    Performance Analysis                         
       0.Info>>-----------------------------------------------------------------
       0.Info>> mean and total runtimes:                                        
       0.Info>>-----------------------------------------------------------------
       0.Info>>          measure |    total |       count |     mean |   stddev 
       0.Info>>-----------------------------------------------------------------
       0.Info>>   sd:c:b:dspstore| 3.522e-02|        10000| 3.522e-06| 1.966e-06
       0.Info>>    sd:c:b:scatter| 4.353e+01|        10000| 4.353e-03| 7.506e-04
       0.Info>>        sd:c:block| 4.370e+01|          100| 4.370e-01| 3.961e-02
       0.Info>>         sd:c:init| 1.432e+01|          100| 1.432e-01| 2.551e-02
       0.Info>>       sd:c:reduce| 9.900e-05|          100| 9.900e-07| 5.457e-07
       0.Info>>         sd:c:wait| 1.660e-04|          100| 1.660e-06| 6.089e-07
       0.Info>>        sd:compute| 5.803e+01|          100| 5.803e-01| 5.291e-02
       0.Info>>         sd:runner| 5.803e+01|            8| 7.254e+00| 0.000e+00
       0.Info>>          sd:stage| 1.938e-01|            8| 2.423e-02| 0.000e+00
       0.Info>> sd:worker:scatter| 4.318e+01|        10000| 4.318e-03| 7.365e-04
       0.Info>>    sd:worker:wait| 1.475e+01|        10000| 1.475e-03| 1.450e-02
       0.Info>>          sd:write| 1.003e-03|          100| 1.003e-05| 6.838e-06
       0.Info>>           st:fill| 1.218e-02|            8| 1.523e-03| 0.000e+00
       0.Info>>          st:first| 2.258e-02|            1| 2.258e-02| 0.000e+00
       0.Info>>           st:load| 2.225e-02|            1| 2.225e-02| 0.000e+00
       0.Info>>           st:wait| 1.583e-01|            8| 1.979e-02| 0.000e+00
       0.Info>>-----------------------------------------------------------------
       0.Info>>-----------------------------------------------------------------
       0.Info>> watermarks:                                                     
       0.Info>>-----------------------------------------------------------------
       0.Info>>          measure |      min |      max                          
       0.Info>>-----------------------------------------------------------------
       0.Info>>   sd:c:b:dspstore| 2.000e-06| 7.100e-05                         
       0.Info>>    sd:c:b:scatter| 1.522e-03| 1.300e-02                         
       0.Info>>        sd:c:block| 1.580e-01| 5.343e-01                         
       0.Info>>         sd:c:init| 1.150e-01| 2.154e-01                         
       0.Info>>       sd:c:reduce| 0.000e+00| 2.000e-06                         
       0.Info>>         sd:c:wait| 1.000e-06| 4.000e-06                         
       0.Info>>        sd:compute| 2.741e-01| 7.192e-01                         
       0.Info>>         sd:runner| 6.122e+00| 7.672e+00                         
       0.Info>>          sd:stage| 2.409e-02| 2.431e-02                         
       0.Info>> sd:worker:scatter| 1.499e-03| 1.009e-02                         
       0.Info>>    sd:worker:wait| 1.000e-06| 2.155e-01                         
       0.Info>>          sd:write| 5.000e-06| 4.100e-05                         
       0.Info>>           st:fill| 1.384e-03| 1.595e-03                         
       0.Info>>          st:first| 2.258e-02| 2.258e-02                         
       0.Info>>           st:load| 2.225e-02| 2.225e-02                         
       0.Info>>           st:wait| 9.000e-06| 2.262e-02                         
       0.Info>>-----------------------------------------------------------------
       0.Info>>                                                                 
       0.Info>>         Performance Analysis (relative to total time * nodes)   
       0.Info>>-----------------------------------------------------------------
       0.Info>> mean and total runtimes:                                        
       0.Info>>-----------------------------------------------------------------
       0.Info>>          measure |    total |       count |     mean |   stddev 
       0.Info>>-----------------------------------------------------------------
       0.Info>>   sd:c:b:dspstore| 5.433e-04|        10000| 5.433e-08| 2.442e-07
       0.Info>>    sd:c:b:scatter| 6.715e-01|        10000| 6.715e-05| 9.323e-05
       0.Info>>        sd:c:block| 6.742e-01|          100| 6.742e-03| 4.920e-03
       0.Info>>         sd:c:init| 2.210e-01|          100| 2.210e-03| 3.169e-03
       0.Info>>       sd:c:reduce| 1.527e-06|          100| 1.527e-08| 6.778e-08
       0.Info>>         sd:c:wait| 2.561e-06|          100| 2.561e-08| 7.563e-08
       0.Info>>        sd:compute| 8.952e-01|          100| 8.952e-03| 6.572e-03
       0.Info>>         sd:runner| 8.953e-01|            8| 1.119e-01| 0.000e+00
       0.Info>>          sd:stage| 2.990e-03|            8| 3.738e-04| 0.000e+00
       0.Info>> sd:worker:scatter| 6.662e-01|        10000| 6.662e-05| 9.149e-05
       0.Info>>    sd:worker:wait| 2.275e-01|        10000| 2.275e-05| 1.801e-03
       0.Info>>          sd:write| 1.547e-05|          100| 1.547e-07| 8.494e-07
       0.Info>>           st:fill| 1.880e-04|            8| 2.349e-05| 0.000e+00
       0.Info>>          st:first| 3.484e-04|            1| 3.484e-04| 0.000e+00
       0.Info>>           st:load| 3.432e-04|            1| 3.432e-04| 0.000e+00
       0.Info>>           st:wait| 2.442e-03|            8| 3.053e-04| 0.000e+00
       0.Info>>-----------------------------------------------------------------
       0.Info>>-----------------------------------------------------------------
       0.Info>> watermarks:                                                     
       0.Info>>-----------------------------------------------------------------
       0.Info>>          measure |      min |      max                          
       0.Info>>-----------------------------------------------------------------
       0.Info>>   sd:c:b:dspstore| 3.086e-08| 1.095e-06                         
       0.Info>>    sd:c:b:scatter| 2.348e-05| 2.005e-04                         
       0.Info>>        sd:c:block| 2.438e-03| 8.244e-03                         
       0.Info>>         sd:c:init| 1.774e-03| 3.323e-03                         
       0.Info>>       sd:c:reduce| 0.000e+00| 3.086e-08                         
       0.Info>>         sd:c:wait| 1.543e-08| 6.171e-08                         
       0.Info>>        sd:compute| 4.229e-03| 1.110e-02                         
       0.Info>>         sd:runner| 9.445e-02| 1.184e-01                         
       0.Info>>          sd:stage| 3.716e-04| 3.750e-04                         
       0.Info>> sd:worker:scatter| 2.313e-05| 1.557e-04                         
       0.Info>>    sd:worker:wait| 1.543e-08| 3.325e-03                         
       0.Info>>          sd:write| 7.714e-08| 6.325e-07                         
       0.Info>>           st:fill| 2.135e-05| 2.461e-05                         
       0.Info>>          st:first| 3.484e-04| 3.484e-04                         
       0.Info>>           st:load| 3.432e-04| 3.432e-04                         
       0.Info>>           st:wait| 1.389e-07| 3.490e-04                         
       0.Info>>-----------------------------------------------------------------
       0.Info>>Total runtime (s): 8.1022470000000002                            
       0.Info>>Successfully finished... Have a nice day!                        
