       0.Info>>This software is being developed by Benjamin Lindner.                    
       0.Info>>For help, suggestions or correspondense use:                             
       0.Info>>ben@benlabs.net, Benjamin Lindner (Main Developer, Impl. & Maintenance)  
       0.Info>>franc@cmm.ki.si, Franci Merzel (Methodology)                             
       0.Info>>For publications include the following references:                       
       0.Info>>.........................................................................
       0.Info>>1. Sassena - X-ray and Neutron Scattering Calculated                     
       0.Info>>  from Molecular Dynamics Trajectories using Massively Parallel Computers
       0.Info>>  published as a Computer Program in Physics Paper                       
       0.Info>>.........................................................................
       0.Info>>Version Information: 1.4.2                                       
       0.Info>>                                                                 
       0.Info>>.................................................................
       0.Info>>......................D.E.S.C.R.I.P.T.I.O.N......................
       0.Info>>.................................................................
       0.Info>>This binary computes the scattering intensities directly from    
       0.Info>>a molecular dynamics trajectory.                                 
       0.Info>>.................................................................
       0.Info>>.................................................................
       0.Info>>...................I.N.I.T.I.A.L.I.Z.A.T.I.O.N...................
       0.Info>>.................................................................
       0.Info>>No configuration file specified. Will use default                
       0.Info>>Looking for configuration file: scatter.xml                      
       0.Info>>Reading parameters from XML file: scatter.xml                    
       0.Info>>Added frames from /home/amajumda/study/continuum_simulations/gitlab/continuum-to-scattering/data/100_100_100_10_10_10/single_atom_shrink/iteration_008/t006/pdb_dcd/sample.dcd using format: dcd
       0.Info>>Options: first=0, last=0, lastset=0, stride=1                    
       0.Info>>stager.target=system                                             
       0.Info>>scattering.type=all                                              
       0.Info>>scattering.dsp.type=square                                       
       0.Info>>scattering.average.orientation.type=vectors                      
       0.Info>>scattering.average.orientation.vectors.type=sphere               
       0.Info>>scattering.average.orientation.vectors.algorithm=boost_uniform_on_sphere
       0.Info>>scattering.average.orientation.vectors.resolution=100            
       0.Info>>Generating orientations for orientational averaging using sphere,boost_uniform_on_sphere
       0.Info>>Initialized orientational averaging with 100 vectors.            
       0.Info>>scattering.signal.file=signal.h5                                 
       0.Info>>scattering.signal.filepath=/home/amajumda/study/continuum_simulations/gitlab/continuum-to-scattering/data/100_100_100_10_10_10/single_atom_shrink/iteration_008/t006/signal.h5
       0.Info>>scattering.signal.fqt=1                                          
       0.Info>>scattering.signal.fq0=1                                          
       0.Info>>scattering.signal.fq=1                                           
       0.Info>>scattering.signal.fq2=1                                          
       0.Info>>Analyzing command line for parameter overwrites                  
       0.Info>>Reading database from file: /home/amajumda/study/continuum_simulations/gitlab/continuum-to-scattering/data/100_100_100_10_10_10/single_atom_shrink/iteration_008/t006/database/db-neutron-coherent.xml
       0.Info>>Checking database...                                             
       0.Info>>Testing mapping between PDB names and atom labels                
       0.Info>>Testing database completeness for referenced atom labels         
       0.Info>>Check succeeded. Database seems OK.                              
       0.Info>>Initializing sample...                                           
       0.Info>>Reading structure from file: /home/amajumda/study/continuum_simulations/gitlab/continuum-to-scattering/data/100_100_100_10_10_10/single_atom_shrink/iteration_008/t006/pdb_dcd/sample.pdb
       0.Info>>Done. Atoms read: 1000                                           
       0.Info>>Reading frames from: /home/amajumda/study/continuum_simulations/gitlab/continuum-to-scattering/data/100_100_100_10_10_10/single_atom_shrink/iteration_008/t006/pdb_dcd/sample.dcd
       0.Info>>Found 1 frames                                                   
       0.Info>>Total number of coordinate sets found: 1                         
       0.Info>>Exchanging sample, database & params information with compute nodes... 
       0.Info>>params...                                                        
       0.Info>>database...                                                      
       0.Info>>sample...                                                        
       0.Info>>.................................................................
       0.Info>>......................C.O.M.P.U.T.A.T.I.O.N......................
       0.Info>>.................................................................
       0.Info>>Setting up services...                                           
       0.Info>>Initializing data file service...                                
       0.Info>>Initializing monitor service...                                  
       0.Info>>Starting data file service...                                    
       0.Info>>Starting monitor service...                                      
       0.Info>>Services setup and running...                                    
       0.Info>>Checking /home/amajumda/study/continuum_simulations/gitlab/continuum-to-scattering/data/100_100_100_10_10_10/single_atom_shrink/iteration_008/t006/signal.h5 for old results.
       0.Info>>Broadcasting service information                                 
       0.Info>>Server host name    : hzglap02                                   
       0.Info>>FileService Port    : 39193                                      
       0.Info>>MonitorService Port : 36033                                      
       0.Info>>Setting up parallel environment...                               
       0.Info>>Searching for decomposition plan:                                
       0.Info>>nodes    = 8                                                     
       0.Info>>qvectors = 100                                                   
       0.Info>>frames   = 1                                                     
       0.Info>>atoms   = 1000                                                   
       0.Info>>All interference scattering detected. Applying frame decomposition.
       0.Info>>Automatic decomposition. Searching for best utilization.         
       0.Info>>Final decomposition parameters:                                  
       0.Info>>NN                : 8                                            
       0.Info>>NQ                : 100                                          
       0.Info>>NAF               : 1                                            
       0.Info>>NP                : 8                                            
       0.Info>>NNpP              : 1                                            
       0.Info>>NAFcycles         : 1                                            
       0.Info>>NQcycles          : 13                                           
       0.Info>>CompEl (WASTE/USE): 4/100                                        
       0.Info>>utilization(1=best)    : 0.96153846153846156                     
       0.Info>>Initializing Scatter Device, Vectors (all)                       
       0.Info>>Starting scattering...                                           
       0.Info>>Checking memory requirements for scattering calculation...       
       0.Info>>required limits.computation.memory.result_buffer=16              
       0.Info>>required limits.computation.memory.signal_buffer=16              
       0.Info>>required limits.computation.memory.exchange_buffer=0             
       0.Info>>required limits.computation.memory.alignpad_buffer=32            
       0.Info>>Memory limits ok                                                 
       0.Info>>Staging data...                                                  
       0.Info>>Forcing stager.mode=frames                                       
       0.Info>>Staging first partition.                                         
       0.Info>>Staging remaining partitions.                                    
       0.Info>>background scattering length set to 0                            
       0.Info>>Target initialized.                                              
       0.Info>>Target 'system' produces a background scattering length density of 0.012732395447351837
       0.Info>>Starting computation...                                          
       0.Info>>Orientational averaging includes 100 vectors                     
       0.Info>>Setting progress sampling factor for monitoring to 1             
       0.Info>>Scattering finished...                                           
       0.Info>>.................................................................
       0.Info>>.....................R.U.N...A.N.A.L.Y.S.I.S.....................
       0.Info>>.................................................................
       0.Info>>Aggregating timing information for performance analysis...       
       0.Info>>                                                                 
       0.Info>>                    Performance Analysis                         
       0.Info>>-----------------------------------------------------------------
       0.Info>> mean and total runtimes:                                        
       0.Info>>-----------------------------------------------------------------
       0.Info>>          measure |    total |       count |     mean |   stddev 
       0.Info>>-----------------------------------------------------------------
       0.Info>>   sd:c:b:dspstore| 2.814e-02|        10000| 2.814e-06| 1.798e-06
       0.Info>>    sd:c:b:scatter| 6.533e-01|        10000| 6.533e-05| 1.348e-05
       0.Info>>        sd:c:block| 7.894e-01|          100| 7.894e-03| 5.964e-04
       0.Info>>         sd:c:init| 1.508e-01|          100| 1.508e-03| 3.366e-04
       0.Info>>       sd:c:reduce| 1.100e-04|          100| 1.100e-06| 7.600e-07
       0.Info>>         sd:c:wait| 1.460e-04|          100| 1.460e-06| 6.241e-07
       0.Info>>        sd:compute| 9.424e-01|          100| 9.424e-03| 7.022e-04
       0.Info>>         sd:runner| 9.456e-01|            8| 1.182e-01| 0.000e+00
       0.Info>>          sd:stage| 4.992e-03|            8| 6.240e-04| 0.000e+00
       0.Info>> sd:worker:scatter| 4.598e-01|        10000| 4.598e-05| 7.240e-06
       0.Info>>    sd:worker:wait| 4.052e-01|        10000| 4.052e-05| 1.587e-04
       0.Info>>          sd:write| 7.950e-04|          100| 7.950e-06| 5.662e-06
       0.Info>>           st:fill| 8.320e-04|            8| 1.040e-04| 0.000e+00
       0.Info>>          st:first| 3.770e-04|            1| 3.770e-04| 0.000e+00
       0.Info>>           st:load| 3.500e-04|            1| 3.500e-04| 0.000e+00
       0.Info>>           st:wait| 2.939e-03|            8| 3.674e-04| 0.000e+00
       0.Info>>-----------------------------------------------------------------
       0.Info>>-----------------------------------------------------------------
       0.Info>> watermarks:                                                     
       0.Info>>-----------------------------------------------------------------
       0.Info>>          measure |      min |      max                          
       0.Info>>-----------------------------------------------------------------
       0.Info>>   sd:c:b:dspstore| 1.000e-06| 6.600e-05                         
       0.Info>>    sd:c:b:scatter| 2.300e-05| 6.750e-04                         
       0.Info>>        sd:c:block| 5.336e-03| 9.337e-03                         
       0.Info>>         sd:c:init| 9.070e-04| 2.177e-03                         
       0.Info>>       sd:c:reduce| 0.000e+00| 6.000e-06                         
       0.Info>>         sd:c:wait| 1.000e-06| 4.000e-06                         
       0.Info>>        sd:compute| 6.479e-03| 1.119e-02                         
       0.Info>>         sd:runner| 1.028e-01| 1.264e-01                         
       0.Info>>          sd:stage| 6.210e-04| 6.270e-04                         
       0.Info>> sd:worker:scatter| 1.200e-05| 1.510e-04                         
       0.Info>>    sd:worker:wait| 1.200e-05| 2.243e-03                         
       0.Info>>          sd:write| 4.000e-06| 3.300e-05                         
       0.Info>>           st:fill| 9.800e-05| 1.080e-04                         
       0.Info>>          st:first| 3.770e-04| 3.770e-04                         
       0.Info>>           st:load| 3.500e-04| 3.500e-04                         
       0.Info>>           st:wait| 5.000e-06| 4.310e-04                         
       0.Info>>-----------------------------------------------------------------
       0.Info>>                                                                 
       0.Info>>         Performance Analysis (relative to total time * nodes)   
       0.Info>>-----------------------------------------------------------------
       0.Info>> mean and total runtimes:                                        
       0.Info>>-----------------------------------------------------------------
       0.Info>>          measure |    total |       count |     mean |   stddev 
       0.Info>>-----------------------------------------------------------------
       0.Info>>   sd:c:b:dspstore| 2.013e-02|        10000| 2.013e-06| 1.520e-06
       0.Info>>    sd:c:b:scatter| 4.673e-01|        10000| 4.673e-05| 1.140e-05
       0.Info>>        sd:c:block| 5.646e-01|          100| 5.646e-03| 5.044e-04
       0.Info>>         sd:c:init| 1.079e-01|          100| 1.079e-03| 2.847e-04
       0.Info>>       sd:c:reduce| 7.868e-05|          100| 7.868e-07| 6.428e-07
       0.Info>>         sd:c:wait| 1.044e-04|          100| 1.044e-06| 5.278e-07
       0.Info>>        sd:compute| 6.741e-01|          100| 6.741e-03| 5.938e-04
       0.Info>>         sd:runner| 6.764e-01|            8| 8.455e-02| 0.000e+00
       0.Info>>          sd:stage| 3.571e-03|            8| 4.463e-04| 0.000e+00
       0.Info>> sd:worker:scatter| 3.289e-01|        10000| 3.289e-05| 6.123e-06
       0.Info>>    sd:worker:wait| 2.898e-01|        10000| 2.898e-05| 1.343e-04
       0.Info>>          sd:write| 5.686e-04|          100| 5.686e-06| 4.789e-06
       0.Info>>           st:fill| 5.951e-04|            8| 7.439e-05| 0.000e+00
       0.Info>>          st:first| 2.697e-04|            1| 2.697e-04| 0.000e+00
       0.Info>>           st:load| 2.503e-04|            1| 2.503e-04| 0.000e+00
       0.Info>>           st:wait| 2.102e-03|            8| 2.628e-04| 0.000e+00
       0.Info>>-----------------------------------------------------------------
       0.Info>>-----------------------------------------------------------------
       0.Info>> watermarks:                                                     
       0.Info>>-----------------------------------------------------------------
       0.Info>>          measure |      min |      max                          
       0.Info>>-----------------------------------------------------------------
       0.Info>>   sd:c:b:dspstore| 7.153e-07| 4.721e-05                         
       0.Info>>    sd:c:b:scatter| 1.645e-05| 4.828e-04                         
       0.Info>>        sd:c:block| 3.817e-03| 6.678e-03                         
       0.Info>>         sd:c:init| 6.487e-04| 1.557e-03                         
       0.Info>>       sd:c:reduce| 0.000e+00| 4.292e-06                         
       0.Info>>         sd:c:wait| 7.153e-07| 2.861e-06                         
       0.Info>>        sd:compute| 4.634e-03| 8.004e-03                         
       0.Info>>         sd:runner| 7.356e-02| 9.043e-02                         
       0.Info>>          sd:stage| 4.442e-04| 4.485e-04                         
       0.Info>> sd:worker:scatter| 8.583e-06| 1.080e-04                         
       0.Info>>    sd:worker:wait| 8.583e-06| 1.604e-03                         
       0.Info>>          sd:write| 2.861e-06| 2.360e-05                         
       0.Info>>           st:fill| 7.010e-05| 7.725e-05                         
       0.Info>>          st:first| 2.697e-04| 2.697e-04                         
       0.Info>>           st:load| 2.503e-04| 2.503e-04                         
       0.Info>>           st:wait| 3.576e-06| 3.083e-04                         
       0.Info>>-----------------------------------------------------------------
       0.Info>>Total runtime (s): 0.174762                                      
       0.Info>>Successfully finished... Have a nice day!                        
