       0.Info>>This software is being developed by Benjamin Lindner.                    
       0.Info>>For help, suggestions or correspondense use:                             
       0.Info>>ben@benlabs.net, Benjamin Lindner (Main Developer, Impl. & Maintenance)  
       0.Info>>franc@cmm.ki.si, Franci Merzel (Methodology)                             
       0.Info>>For publications include the following references:                       
       0.Info>>.........................................................................
       0.Info>>1. Sassena - X-ray and Neutron Scattering Calculated                     
       0.Info>>  from Molecular Dynamics Trajectories using Massively Parallel Computers
       0.Info>>  published as a Computer Program in Physics Paper                       
       0.Info>>.........................................................................
       0.Info>>Version Information: 1.4.2                                       
       0.Info>>                                                                 
       0.Info>>.................................................................
       0.Info>>......................D.E.S.C.R.I.P.T.I.O.N......................
       0.Info>>.................................................................
       0.Info>>This binary computes the scattering intensities directly from    
       0.Info>>a molecular dynamics trajectory.                                 
       0.Info>>.................................................................
       0.Info>>.................................................................
       0.Info>>...................I.N.I.T.I.A.L.I.Z.A.T.I.O.N...................
       0.Info>>.................................................................
       0.Info>>No configuration file specified. Will use default                
       0.Info>>Looking for configuration file: scatter.xml                      
       0.Info>>Reading parameters from XML file: scatter.xml                    
       0.Info>>Added frames from /home/amajumda/study/continuum_simulations/gitlab/continuum-to-scattering/data/100_100_100_10_10_10/single_atom_shrink/iteration_002/t003/pdb_dcd/sample.dcd using format: dcd
       0.Info>>Options: first=0, last=0, lastset=0, stride=1                    
       0.Info>>stager.target=system                                             
       0.Info>>scattering.type=all                                              
       0.Info>>scattering.dsp.type=square                                       
       0.Info>>scattering.average.orientation.type=vectors                      
       0.Info>>scattering.average.orientation.vectors.type=sphere               
       0.Info>>scattering.average.orientation.vectors.algorithm=boost_uniform_on_sphere
       0.Info>>scattering.average.orientation.vectors.resolution=100            
       0.Info>>Generating orientations for orientational averaging using sphere,boost_uniform_on_sphere
       0.Info>>Initialized orientational averaging with 100 vectors.            
       0.Info>>scattering.signal.file=signal.h5                                 
       0.Info>>scattering.signal.filepath=/home/amajumda/study/continuum_simulations/gitlab/continuum-to-scattering/data/100_100_100_10_10_10/single_atom_shrink/iteration_002/t003/signal.h5
       0.Info>>scattering.signal.fqt=1                                          
       0.Info>>scattering.signal.fq0=1                                          
       0.Info>>scattering.signal.fq=1                                           
       0.Info>>scattering.signal.fq2=1                                          
       0.Info>>Analyzing command line for parameter overwrites                  
       0.Info>>Reading database from file: /home/amajumda/study/continuum_simulations/gitlab/continuum-to-scattering/data/100_100_100_10_10_10/single_atom_shrink/iteration_002/t003/database/db-neutron-coherent.xml
       0.Info>>Checking database...                                             
       0.Info>>Testing mapping between PDB names and atom labels                
       0.Info>>Testing database completeness for referenced atom labels         
       0.Info>>Check succeeded. Database seems OK.                              
       0.Info>>Initializing sample...                                           
       0.Info>>Reading structure from file: /home/amajumda/study/continuum_simulations/gitlab/continuum-to-scattering/data/100_100_100_10_10_10/single_atom_shrink/iteration_002/t003/pdb_dcd/sample.pdb
       0.Info>>Done. Atoms read: 1000                                           
       0.Info>>Reading frames from: /home/amajumda/study/continuum_simulations/gitlab/continuum-to-scattering/data/100_100_100_10_10_10/single_atom_shrink/iteration_002/t003/pdb_dcd/sample.dcd
       0.Info>>Found 1 frames                                                   
       0.Info>>Total number of coordinate sets found: 1                         
       0.Info>>Exchanging sample, database & params information with compute nodes... 
       0.Info>>params...                                                        
       0.Info>>database...                                                      
       0.Info>>sample...                                                        
       0.Info>>.................................................................
       0.Info>>......................C.O.M.P.U.T.A.T.I.O.N......................
       0.Info>>.................................................................
       0.Info>>Setting up services...                                           
       0.Info>>Initializing data file service...                                
       0.Info>>Initializing monitor service...                                  
       0.Info>>Starting data file service...                                    
       0.Info>>Starting monitor service...                                      
       0.Info>>Services setup and running...                                    
       0.Info>>Checking /home/amajumda/study/continuum_simulations/gitlab/continuum-to-scattering/data/100_100_100_10_10_10/single_atom_shrink/iteration_002/t003/signal.h5 for old results.
       0.Info>>Broadcasting service information                                 
       0.Info>>Server host name    : hzglap02                                   
       0.Info>>FileService Port    : 36711                                      
       0.Info>>MonitorService Port : 37759                                      
       0.Info>>Setting up parallel environment...                               
       0.Info>>Searching for decomposition plan:                                
       0.Info>>nodes    = 8                                                     
       0.Info>>qvectors = 100                                                   
       0.Info>>frames   = 1                                                     
       0.Info>>atoms   = 1000                                                   
       0.Info>>All interference scattering detected. Applying frame decomposition.
       0.Info>>Automatic decomposition. Searching for best utilization.         
       0.Info>>Final decomposition parameters:                                  
       0.Info>>NN                : 8                                            
       0.Info>>NQ                : 100                                          
       0.Info>>NAF               : 1                                            
       0.Info>>NP                : 8                                            
       0.Info>>NNpP              : 1                                            
       0.Info>>NAFcycles         : 1                                            
       0.Info>>NQcycles          : 13                                           
       0.Info>>CompEl (WASTE/USE): 4/100                                        
       0.Info>>utilization(1=best)    : 0.96153846153846156                     
       0.Info>>Initializing Scatter Device, Vectors (all)                       
       0.Info>>Starting scattering...                                           
       0.Info>>Checking memory requirements for scattering calculation...       
       0.Info>>required limits.computation.memory.result_buffer=16              
       0.Info>>required limits.computation.memory.signal_buffer=16              
       0.Info>>required limits.computation.memory.exchange_buffer=0             
       0.Info>>required limits.computation.memory.alignpad_buffer=32            
       0.Info>>Memory limits ok                                                 
       0.Info>>Staging data...                                                  
       0.Info>>Forcing stager.mode=frames                                       
       0.Info>>Staging first partition.                                         
       0.Info>>Staging remaining partitions.                                    
       0.Info>>background scattering length set to 0                            
       0.Info>>Target initialized.                                              
       0.Info>>Target 'system' produces a background scattering length density of 0.14939343991559464
       0.Info>>Starting computation...                                          
       0.Info>>Orientational averaging includes 100 vectors                     
       0.Info>>Setting progress sampling factor for monitoring to 1             
       0.Info>>Scattering finished...                                           
       0.Info>>.................................................................
       0.Info>>.....................R.U.N...A.N.A.L.Y.S.I.S.....................
       0.Info>>.................................................................
       0.Info>>Aggregating timing information for performance analysis...       
       0.Info>>                                                                 
       0.Info>>                    Performance Analysis                         
       0.Info>>-----------------------------------------------------------------
       0.Info>> mean and total runtimes:                                        
       0.Info>>-----------------------------------------------------------------
       0.Info>>          measure |    total |       count |     mean |   stddev 
       0.Info>>-----------------------------------------------------------------
       0.Info>>   sd:c:b:dspstore| 2.861e-02|        10000| 2.861e-06| 1.742e-06
       0.Info>>    sd:c:b:scatter| 6.566e-01|        10000| 6.566e-05| 1.765e-05
       0.Info>>        sd:c:block| 7.949e-01|          100| 7.949e-03| 5.676e-04
       0.Info>>         sd:c:init| 1.467e-01|          100| 1.467e-03| 3.104e-04
       0.Info>>       sd:c:reduce| 1.060e-04|          100| 1.060e-06| 5.541e-07
       0.Info>>         sd:c:wait| 1.500e-04|          100| 1.500e-06| 8.056e-07
       0.Info>>        sd:compute| 9.439e-01|          100| 9.439e-03| 6.487e-04
       0.Info>>         sd:runner| 9.474e-01|            8| 1.184e-01| 0.000e+00
       0.Info>>          sd:stage| 4.384e-03|            8| 5.480e-04| 0.000e+00
       0.Info>> sd:worker:scatter| 4.578e-01|        10000| 4.578e-05| 7.173e-06
       0.Info>>    sd:worker:wait| 4.078e-01|        10000| 4.078e-05| 1.546e-04
       0.Info>>          sd:write| 8.290e-04|          100| 8.290e-06| 5.854e-06
       0.Info>>           st:fill| 7.600e-04|            8| 9.500e-05| 0.000e+00
       0.Info>>          st:first| 3.470e-04|            1| 3.470e-04| 0.000e+00
       0.Info>>           st:load| 3.170e-04|            1| 3.170e-04| 0.000e+00
       0.Info>>           st:wait| 2.643e-03|            8| 3.304e-04| 0.000e+00
       0.Info>>-----------------------------------------------------------------
       0.Info>>-----------------------------------------------------------------
       0.Info>> watermarks:                                                     
       0.Info>>-----------------------------------------------------------------
       0.Info>>          measure |      min |      max                          
       0.Info>>-----------------------------------------------------------------
       0.Info>>   sd:c:b:dspstore| 1.000e-06| 6.400e-05                         
       0.Info>>    sd:c:b:scatter| 2.500e-05| 9.480e-04                         
       0.Info>>        sd:c:block| 5.511e-03| 9.451e-03                         
       0.Info>>         sd:c:init| 9.910e-04| 2.122e-03                         
       0.Info>>       sd:c:reduce| 0.000e+00| 3.000e-06                         
       0.Info>>         sd:c:wait| 0.000e+00| 6.000e-06                         
       0.Info>>        sd:compute| 6.944e-03| 1.129e-02                         
       0.Info>>         sd:runner| 1.040e-01| 1.262e-01                         
       0.Info>>          sd:stage| 5.450e-04| 5.530e-04                         
       0.Info>> sd:worker:scatter| 1.300e-05| 1.610e-04                         
       0.Info>>    sd:worker:wait| 1.300e-05| 2.186e-03                         
       0.Info>>          sd:write| 4.000e-06| 3.100e-05                         
       0.Info>>           st:fill| 8.300e-05| 9.900e-05                         
       0.Info>>          st:first| 3.470e-04| 3.470e-04                         
       0.Info>>           st:load| 3.170e-04| 3.170e-04                         
       0.Info>>           st:wait| 5.000e-06| 3.790e-04                         
       0.Info>>-----------------------------------------------------------------
       0.Info>>                                                                 
       0.Info>>         Performance Analysis (relative to total time * nodes)   
       0.Info>>-----------------------------------------------------------------
       0.Info>> mean and total runtimes:                                        
       0.Info>>-----------------------------------------------------------------
       0.Info>>          measure |    total |       count |     mean |   stddev 
       0.Info>>-----------------------------------------------------------------
       0.Info>>   sd:c:b:dspstore| 2.057e-02|        10000| 2.057e-06| 1.477e-06
       0.Info>>    sd:c:b:scatter| 4.722e-01|        10000| 4.722e-05| 1.497e-05
       0.Info>>        sd:c:block| 5.716e-01|          100| 5.716e-03| 4.813e-04
       0.Info>>         sd:c:init| 1.055e-01|          100| 1.055e-03| 2.632e-04
       0.Info>>       sd:c:reduce| 7.622e-05|          100| 7.622e-07| 4.698e-07
       0.Info>>         sd:c:wait| 1.079e-04|          100| 1.079e-06| 6.831e-07
       0.Info>>        sd:compute| 6.788e-01|          100| 6.788e-03| 5.501e-04
       0.Info>>         sd:runner| 6.812e-01|            8| 8.515e-02| 0.000e+00
       0.Info>>          sd:stage| 3.152e-03|            8| 3.941e-04| 0.000e+00
       0.Info>> sd:worker:scatter| 3.292e-01|        10000| 3.292e-05| 6.083e-06
       0.Info>>    sd:worker:wait| 2.932e-01|        10000| 2.932e-05| 1.311e-04
       0.Info>>          sd:write| 5.961e-04|          100| 5.961e-06| 4.964e-06
       0.Info>>           st:fill| 5.465e-04|            8| 6.831e-05| 0.000e+00
       0.Info>>          st:first| 2.495e-04|            1| 2.495e-04| 0.000e+00
       0.Info>>           st:load| 2.279e-04|            1| 2.279e-04| 0.000e+00
       0.Info>>           st:wait| 1.901e-03|            8| 2.376e-04| 0.000e+00
       0.Info>>-----------------------------------------------------------------
       0.Info>>-----------------------------------------------------------------
       0.Info>> watermarks:                                                     
       0.Info>>-----------------------------------------------------------------
       0.Info>>          measure |      min |      max                          
       0.Info>>-----------------------------------------------------------------
       0.Info>>   sd:c:b:dspstore| 7.191e-07| 4.602e-05                         
       0.Info>>    sd:c:b:scatter| 1.798e-05| 6.817e-04                         
       0.Info>>        sd:c:block| 3.963e-03| 6.796e-03                         
       0.Info>>         sd:c:init| 7.126e-04| 1.526e-03                         
       0.Info>>       sd:c:reduce| 0.000e+00| 2.157e-06                         
       0.Info>>         sd:c:wait| 0.000e+00| 4.315e-06                         
       0.Info>>        sd:compute| 4.993e-03| 8.121e-03                         
       0.Info>>         sd:runner| 7.476e-02| 9.078e-02                         
       0.Info>>          sd:stage| 3.919e-04| 3.977e-04                         
       0.Info>> sd:worker:scatter| 9.348e-06| 1.158e-04                         
       0.Info>>    sd:worker:wait| 9.348e-06| 1.572e-03                         
       0.Info>>          sd:write| 2.876e-06| 2.229e-05                         
       0.Info>>           st:fill| 5.968e-05| 7.119e-05                         
       0.Info>>          st:first| 2.495e-04| 2.495e-04                         
       0.Info>>           st:load| 2.279e-04| 2.279e-04                         
       0.Info>>           st:wait| 3.595e-06| 2.725e-04                         
       0.Info>>-----------------------------------------------------------------
       0.Info>>Total runtime (s): 0.17383199999999999                           
       0.Info>>Successfully finished... Have a nice day!                        
