       0.Info>>This software is being developed by Benjamin Lindner.                    
       0.Info>>For help, suggestions or correspondense use:                             
       0.Info>>ben@benlabs.net, Benjamin Lindner (Main Developer, Impl. & Maintenance)  
       0.Info>>franc@cmm.ki.si, Franci Merzel (Methodology)                             
       0.Info>>For publications include the following references:                       
       0.Info>>.........................................................................
       0.Info>>1. Sassena - X-ray and Neutron Scattering Calculated                     
       0.Info>>  from Molecular Dynamics Trajectories using Massively Parallel Computers
       0.Info>>  published as a Computer Program in Physics Paper                       
       0.Info>>.........................................................................
       0.Info>>Version Information: 1.4.2                                       
       0.Info>>                                                                 
       0.Info>>.................................................................
       0.Info>>......................D.E.S.C.R.I.P.T.I.O.N......................
       0.Info>>.................................................................
       0.Info>>This binary computes the scattering intensities directly from    
       0.Info>>a molecular dynamics trajectory.                                 
       0.Info>>.................................................................
       0.Info>>.................................................................
       0.Info>>...................I.N.I.T.I.A.L.I.Z.A.T.I.O.N...................
       0.Info>>.................................................................
       0.Info>>No configuration file specified. Will use default                
       0.Info>>Looking for configuration file: scatter.xml                      
       0.Info>>Reading parameters from XML file: scatter.xml                    
       0.Info>>Added frames from /home/amajumda/study/continuum_simulations/gitlab/continuum-to-scattering/data/100_100_100_50_50_50/single_atom_shrink/iteration_011/t002/pdb_dcd/sample.dcd using format: dcd
       0.Info>>Options: first=0, last=0, lastset=0, stride=1                    
       0.Info>>stager.target=system                                             
       0.Info>>scattering.type=all                                              
       0.Info>>scattering.dsp.type=square                                       
       0.Info>>scattering.average.orientation.type=vectors                      
       0.Info>>scattering.average.orientation.vectors.type=sphere               
       0.Info>>scattering.average.orientation.vectors.algorithm=boost_uniform_on_sphere
       0.Info>>scattering.average.orientation.vectors.resolution=100            
       0.Info>>Generating orientations for orientational averaging using sphere,boost_uniform_on_sphere
       0.Info>>Initialized orientational averaging with 100 vectors.            
       0.Info>>scattering.signal.file=signal.h5                                 
       0.Info>>scattering.signal.filepath=/home/amajumda/study/continuum_simulations/gitlab/continuum-to-scattering/data/100_100_100_50_50_50/single_atom_shrink/iteration_011/t002/signal.h5
       0.Info>>scattering.signal.fqt=1                                          
       0.Info>>scattering.signal.fq0=1                                          
       0.Info>>scattering.signal.fq=1                                           
       0.Info>>scattering.signal.fq2=1                                          
       0.Info>>Analyzing command line for parameter overwrites                  
       0.Info>>Reading database from file: /home/amajumda/study/continuum_simulations/gitlab/continuum-to-scattering/data/100_100_100_50_50_50/single_atom_shrink/iteration_011/t002/database/db-neutron-coherent.xml
       0.Info>>Checking database...                                             
       0.Info>>Testing mapping between PDB names and atom labels                
       0.Info>>Testing database completeness for referenced atom labels         
       0.Info>>Check succeeded. Database seems OK.                              
       0.Info>>Initializing sample...                                           
       0.Info>>Reading structure from file: /home/amajumda/study/continuum_simulations/gitlab/continuum-to-scattering/data/100_100_100_50_50_50/single_atom_shrink/iteration_011/t002/pdb_dcd/sample.pdb
       0.Info>>Done. Atoms read: 125000                                         
       0.Info>>Reading frames from: /home/amajumda/study/continuum_simulations/gitlab/continuum-to-scattering/data/100_100_100_50_50_50/single_atom_shrink/iteration_011/t002/pdb_dcd/sample.dcd
       0.Info>>Found 1 frames                                                   
       0.Info>>Total number of coordinate sets found: 1                         
       0.Info>>Exchanging sample, database & params information with compute nodes... 
       0.Info>>params...                                                        
       0.Info>>database...                                                      
       0.Info>>sample...                                                        
       0.Info>>.................................................................
       0.Info>>......................C.O.M.P.U.T.A.T.I.O.N......................
       0.Info>>.................................................................
       0.Info>>Setting up services...                                           
       0.Info>>Initializing data file service...                                
       0.Info>>Initializing monitor service...                                  
       0.Info>>Starting data file service...                                    
       0.Info>>Starting monitor service...                                      
       0.Info>>Services setup and running...                                    
       0.Info>>Checking /home/amajumda/study/continuum_simulations/gitlab/continuum-to-scattering/data/100_100_100_50_50_50/single_atom_shrink/iteration_011/t002/signal.h5 for old results.
       0.Info>>Broadcasting service information                                 
       0.Info>>Server host name    : hzglap02                                   
       0.Info>>FileService Port    : 38257                                      
       0.Info>>MonitorService Port : 42147                                      
       0.Info>>Setting up parallel environment...                               
       0.Info>>Searching for decomposition plan:                                
       0.Info>>nodes    = 8                                                     
       0.Info>>qvectors = 100                                                   
       0.Info>>frames   = 1                                                     
       0.Info>>atoms   = 125000                                                 
       0.Info>>All interference scattering detected. Applying frame decomposition.
       0.Info>>Automatic decomposition. Searching for best utilization.         
       0.Info>>Final decomposition parameters:                                  
       0.Info>>NN                : 8                                            
       0.Info>>NQ                : 100                                          
       0.Info>>NAF               : 1                                            
       0.Info>>NP                : 8                                            
       0.Info>>NNpP              : 1                                            
       0.Info>>NAFcycles         : 1                                            
       0.Info>>NQcycles          : 13                                           
       0.Info>>CompEl (WASTE/USE): 4/100                                        
       0.Info>>utilization(1=best)    : 0.96153846153846156                     
       0.Info>>Initializing Scatter Device, Vectors (all)                       
       0.Info>>Starting scattering...                                           
       0.Info>>Checking memory requirements for scattering calculation...       
       0.Info>>required limits.computation.memory.result_buffer=16              
       0.Info>>required limits.computation.memory.signal_buffer=16              
       0.Info>>required limits.computation.memory.exchange_buffer=0             
       0.Info>>required limits.computation.memory.alignpad_buffer=32            
       0.Info>>Memory limits ok                                                 
       0.Info>>Staging data...                                                  
       0.Info>>Forcing stager.mode=frames                                       
       0.Info>>Staging first partition.                                         
       0.Info>>Staging remaining partitions.                                    
       0.Info>>background scattering length set to 0                            
       0.Info>>Target initialized.                                              
       0.Info>>Target 'system' produces a background scattering length density of 0.0015895462007051639
       0.Info>>Starting computation...                                          
       0.Info>>Orientational averaging includes 100 vectors                     
       0.Info>>Setting progress sampling factor for monitoring to 1             
       0.Info>>Progress: 2.510%, ETOTAL: 55.770542738589221 s, ETA: 54.370469738589222 s
       0.Info>>Progress: 5.146%, ETOTAL: 27.229214574898783 s, ETA: 25.828044574898783 s
       0.Info>>Progress: 10.041%, ETOTAL: 14.014090878621019 s, ETA: 12.606954878621019 s
       0.Info>>Progress: 23.330%, ETOTAL: 14.562607501030362 s, ETA: 11.165132501030362 s
       0.Info>>Progress: 33.455%, ETOTAL: 10.195480283579229 s, ETA: 6.7845692835792288 s
       0.Info>>Progress: 43.455%, ETOTAL: 8.1216398288833176 s, ETA: 4.5923708288833165 s
       0.Info>>Progress: 50.705%, ETOTAL: 10.650060834386853 s, ETA: 5.2499338343868516 s
       0.Info>>Progress: 60.455%, ETOTAL: 9.0025034460820716 s, ETA: 3.5600284460820708 s
       0.Info>>Progress: 70.205%, ETOTAL: 7.9016392987582176 s, ETA: 2.3542832987582178 s
       0.Info>>Progress: 83.080%, ETOTAL: 8.9587608502758354 s, ETA: 1.5158108502758365 s
       0.Info>>Scattering finished...                                           
       0.Info>>.................................................................
       0.Info>>.....................R.U.N...A.N.A.L.Y.S.I.S.....................
       0.Info>>.................................................................
       0.Info>>Aggregating timing information for performance analysis...       
       0.Info>>                                                                 
       0.Info>>                    Performance Analysis                         
       0.Info>>-----------------------------------------------------------------
       0.Info>> mean and total runtimes:                                        
       0.Info>>-----------------------------------------------------------------
       0.Info>>          measure |    total |       count |     mean |   stddev 
       0.Info>>-----------------------------------------------------------------
       0.Info>>   sd:c:b:dspstore| 3.636e-02|        10000| 3.636e-06| 2.688e-06
       0.Info>>    sd:c:b:scatter| 4.394e+01|        10000| 4.394e-03| 7.860e-04
       0.Info>>        sd:c:block| 4.412e+01|          100| 4.412e-01| 3.935e-02
       0.Info>>         sd:c:init| 1.473e+01|          100| 1.473e-01| 2.681e-02
       0.Info>>       sd:c:reduce| 1.020e-04|          100| 1.020e-06| 5.952e-07
       0.Info>>         sd:c:wait| 1.700e-04|          100| 1.700e-06| 6.568e-07
       0.Info>>        sd:compute| 5.885e+01|          100| 5.885e-01| 5.400e-02
       0.Info>>         sd:runner| 5.885e+01|            8| 7.356e+00| 0.000e+00
       0.Info>>          sd:stage| 1.903e-01|            8| 2.379e-02| 0.000e+00
       0.Info>> sd:worker:scatter| 4.359e+01|        10000| 4.359e-03| 7.753e-04
       0.Info>>    sd:worker:wait| 1.517e+01|        10000| 1.517e-03| 1.491e-02
       0.Info>>          sd:write| 1.010e-03|          100| 1.010e-05| 7.092e-06
       0.Info>>           st:fill| 1.256e-02|            8| 1.570e-03| 0.000e+00
       0.Info>>          st:first| 2.209e-02|            1| 2.209e-02| 0.000e+00
       0.Info>>           st:load| 2.177e-02|            1| 2.177e-02| 0.000e+00
       0.Info>>           st:wait| 1.549e-01|            8| 1.936e-02| 0.000e+00
       0.Info>>-----------------------------------------------------------------
       0.Info>>-----------------------------------------------------------------
       0.Info>> watermarks:                                                     
       0.Info>>-----------------------------------------------------------------
       0.Info>>          measure |      min |      max                          
       0.Info>>-----------------------------------------------------------------
       0.Info>>   sd:c:b:dspstore| 1.000e-06| 1.800e-04                         
       0.Info>>    sd:c:b:scatter| 1.532e-03| 1.759e-02                         
       0.Info>>        sd:c:block| 1.596e-01| 5.444e-01                         
       0.Info>>         sd:c:init| 1.154e-01| 2.214e-01                         
       0.Info>>       sd:c:reduce| 0.000e+00| 3.000e-06                         
       0.Info>>         sd:c:wait| 1.000e-06| 4.000e-06                         
       0.Info>>        sd:compute| 2.751e-01| 7.097e-01                         
       0.Info>>         sd:runner| 6.632e+00| 7.826e+00                         
       0.Info>>          sd:stage| 2.361e-02| 2.388e-02                         
       0.Info>> sd:worker:scatter| 1.511e-03| 1.753e-02                         
       0.Info>>    sd:worker:wait| 2.000e-06| 2.215e-01                         
       0.Info>>          sd:write| 5.000e-06| 4.900e-05                         
       0.Info>>           st:fill| 1.398e-03| 1.662e-03                         
       0.Info>>          st:first| 2.209e-02| 2.209e-02                         
       0.Info>>           st:load| 2.177e-02| 2.177e-02                         
       0.Info>>           st:wait| 9.000e-06| 2.213e-02                         
       0.Info>>-----------------------------------------------------------------
       0.Info>>                                                                 
       0.Info>>         Performance Analysis (relative to total time * nodes)   
       0.Info>>-----------------------------------------------------------------
       0.Info>> mean and total runtimes:                                        
       0.Info>>-----------------------------------------------------------------
       0.Info>>          measure |    total |       count |     mean |   stddev 
       0.Info>>-----------------------------------------------------------------
       0.Info>>   sd:c:b:dspstore| 5.476e-04|        10000| 5.476e-08| 3.299e-07
       0.Info>>    sd:c:b:scatter| 6.618e-01|        10000| 6.618e-05| 9.646e-05
       0.Info>>        sd:c:block| 6.644e-01|          100| 6.644e-03| 4.829e-03
       0.Info>>         sd:c:init| 2.218e-01|          100| 2.218e-03| 3.290e-03
       0.Info>>       sd:c:reduce| 1.536e-06|          100| 1.536e-08| 7.304e-08
       0.Info>>         sd:c:wait| 2.560e-06|          100| 2.560e-08| 8.060e-08
       0.Info>>        sd:compute| 8.862e-01|          100| 8.862e-03| 6.627e-03
       0.Info>>         sd:runner| 8.863e-01|            8| 1.108e-01| 0.000e+00
       0.Info>>          sd:stage| 2.866e-03|            8| 3.582e-04| 0.000e+00
       0.Info>> sd:worker:scatter| 6.564e-01|        10000| 6.564e-05| 9.514e-05
       0.Info>>    sd:worker:wait| 2.284e-01|        10000| 2.284e-05| 1.830e-03
       0.Info>>          sd:write| 1.521e-05|          100| 1.521e-07| 8.703e-07
       0.Info>>           st:fill| 1.891e-04|            8| 2.364e-05| 0.000e+00
       0.Info>>          st:first| 3.327e-04|            1| 3.327e-04| 0.000e+00
       0.Info>>           st:load| 3.279e-04|            1| 3.279e-04| 0.000e+00
       0.Info>>           st:wait| 2.333e-03|            8| 2.916e-04| 0.000e+00
       0.Info>>-----------------------------------------------------------------
       0.Info>>-----------------------------------------------------------------
       0.Info>> watermarks:                                                     
       0.Info>>-----------------------------------------------------------------
       0.Info>>          measure |      min |      max                          
       0.Info>>-----------------------------------------------------------------
       0.Info>>   sd:c:b:dspstore| 1.506e-08| 2.711e-06                         
       0.Info>>    sd:c:b:scatter| 2.307e-05| 2.649e-04                         
       0.Info>>        sd:c:block| 2.404e-03| 8.198e-03                         
       0.Info>>         sd:c:init| 1.738e-03| 3.335e-03                         
       0.Info>>       sd:c:reduce| 0.000e+00| 4.518e-08                         
       0.Info>>         sd:c:wait| 1.506e-08| 6.024e-08                         
       0.Info>>        sd:compute| 4.143e-03| 1.069e-02                         
       0.Info>>         sd:runner| 9.988e-02| 1.179e-01                         
       0.Info>>          sd:stage| 3.556e-04| 3.597e-04                         
       0.Info>> sd:worker:scatter| 2.276e-05| 2.640e-04                         
       0.Info>>    sd:worker:wait| 3.012e-08| 3.336e-03                         
       0.Info>>          sd:write| 7.530e-08| 7.379e-07                         
       0.Info>>           st:fill| 2.105e-05| 2.503e-05                         
       0.Info>>          st:first| 3.327e-04| 3.327e-04                         
       0.Info>>           st:load| 3.279e-04| 3.279e-04                         
       0.Info>>           st:wait| 1.355e-07| 3.333e-04                         
       0.Info>>-----------------------------------------------------------------
       0.Info>>Total runtime (s): 8.3002050000000001                            
       0.Info>>Successfully finished... Have a nice day!                        
