       0.Info>>This software is being developed by Benjamin Lindner.                    
       0.Info>>For help, suggestions or correspondense use:                             
       0.Info>>ben@benlabs.net, Benjamin Lindner (Main Developer, Impl. & Maintenance)  
       0.Info>>franc@cmm.ki.si, Franci Merzel (Methodology)                             
       0.Info>>For publications include the following references:                       
       0.Info>>.........................................................................
       0.Info>>1. Sassena - X-ray and Neutron Scattering Calculated                     
       0.Info>>  from Molecular Dynamics Trajectories using Massively Parallel Computers
       0.Info>>  published as a Computer Program in Physics Paper                       
       0.Info>>.........................................................................
       0.Info>>Version Information: 1.4.2                                       
       0.Info>>                                                                 
       0.Info>>.................................................................
       0.Info>>......................D.E.S.C.R.I.P.T.I.O.N......................
       0.Info>>.................................................................
       0.Info>>This binary computes the scattering intensities directly from    
       0.Info>>a molecular dynamics trajectory.                                 
       0.Info>>.................................................................
       0.Info>>.................................................................
       0.Info>>...................I.N.I.T.I.A.L.I.Z.A.T.I.O.N...................
       0.Info>>.................................................................
       0.Info>>No configuration file specified. Will use default                
       0.Info>>Looking for configuration file: scatter.xml                      
       0.Info>>Reading parameters from XML file: scatter.xml                    
       0.Info>>Added frames from /home/amajumda/study/continuum_simulations/gitlab/continuum-to-scattering/data/100_100_100_50_50_50/single_atom_shrink/iteration_011/t008/pdb_dcd/sample.dcd using format: dcd
       0.Info>>Options: first=0, last=0, lastset=0, stride=1                    
       0.Info>>stager.target=system                                             
       0.Info>>scattering.type=all                                              
       0.Info>>scattering.dsp.type=square                                       
       0.Info>>scattering.average.orientation.type=vectors                      
       0.Info>>scattering.average.orientation.vectors.type=sphere               
       0.Info>>scattering.average.orientation.vectors.algorithm=boost_uniform_on_sphere
       0.Info>>scattering.average.orientation.vectors.resolution=100            
       0.Info>>Generating orientations for orientational averaging using sphere,boost_uniform_on_sphere
       0.Info>>Initialized orientational averaging with 100 vectors.            
       0.Info>>scattering.signal.file=signal.h5                                 
       0.Info>>scattering.signal.filepath=/home/amajumda/study/continuum_simulations/gitlab/continuum-to-scattering/data/100_100_100_50_50_50/single_atom_shrink/iteration_011/t008/signal.h5
       0.Info>>scattering.signal.fqt=1                                          
       0.Info>>scattering.signal.fq0=1                                          
       0.Info>>scattering.signal.fq=1                                           
       0.Info>>scattering.signal.fq2=1                                          
       0.Info>>Analyzing command line for parameter overwrites                  
       0.Info>>Reading database from file: /home/amajumda/study/continuum_simulations/gitlab/continuum-to-scattering/data/100_100_100_50_50_50/single_atom_shrink/iteration_011/t008/database/db-neutron-coherent.xml
       0.Info>>Checking database...                                             
       0.Info>>Testing mapping between PDB names and atom labels                
       0.Info>>Testing database completeness for referenced atom labels         
       0.Info>>Check succeeded. Database seems OK.                              
       0.Info>>Initializing sample...                                           
       0.Info>>Reading structure from file: /home/amajumda/study/continuum_simulations/gitlab/continuum-to-scattering/data/100_100_100_50_50_50/single_atom_shrink/iteration_011/t008/pdb_dcd/sample.pdb
       0.Info>>Done. Atoms read: 125000                                         
       0.Info>>Reading frames from: /home/amajumda/study/continuum_simulations/gitlab/continuum-to-scattering/data/100_100_100_50_50_50/single_atom_shrink/iteration_011/t008/pdb_dcd/sample.dcd
       0.Info>>Found 1 frames                                                   
       0.Info>>Total number of coordinate sets found: 1                         
       0.Info>>Exchanging sample, database & params information with compute nodes... 
       0.Info>>params...                                                        
       0.Info>>database...                                                      
       0.Info>>sample...                                                        
       0.Info>>.................................................................
       0.Info>>......................C.O.M.P.U.T.A.T.I.O.N......................
       0.Info>>.................................................................
       0.Info>>Setting up services...                                           
       0.Info>>Initializing data file service...                                
       0.Info>>Initializing monitor service...                                  
       0.Info>>Starting data file service...                                    
       0.Info>>Starting monitor service...                                      
       0.Info>>Services setup and running...                                    
       0.Info>>Checking /home/amajumda/study/continuum_simulations/gitlab/continuum-to-scattering/data/100_100_100_50_50_50/single_atom_shrink/iteration_011/t008/signal.h5 for old results.
       0.Info>>Broadcasting service information                                 
       0.Info>>Server host name    : hzglap02                                   
       0.Info>>FileService Port    : 35663                                      
       0.Info>>MonitorService Port : 44395                                      
       0.Info>>Setting up parallel environment...                               
       0.Info>>Searching for decomposition plan:                                
       0.Info>>nodes    = 8                                                     
       0.Info>>qvectors = 100                                                   
       0.Info>>frames   = 1                                                     
       0.Info>>atoms   = 125000                                                 
       0.Info>>All interference scattering detected. Applying frame decomposition.
       0.Info>>Automatic decomposition. Searching for best utilization.         
       0.Info>>Final decomposition parameters:                                  
       0.Info>>NN                : 8                                            
       0.Info>>NQ                : 100                                          
       0.Info>>NAF               : 1                                            
       0.Info>>NP                : 8                                            
       0.Info>>NNpP              : 1                                            
       0.Info>>NAFcycles         : 1                                            
       0.Info>>NQcycles          : 13                                           
       0.Info>>CompEl (WASTE/USE): 4/100                                        
       0.Info>>utilization(1=best)    : 0.96153846153846156                     
       0.Info>>Initializing Scatter Device, Vectors (all)                       
       0.Info>>Starting scattering...                                           
       0.Info>>Checking memory requirements for scattering calculation...       
       0.Info>>required limits.computation.memory.result_buffer=16              
       0.Info>>required limits.computation.memory.signal_buffer=16              
       0.Info>>required limits.computation.memory.exchange_buffer=0             
       0.Info>>required limits.computation.memory.alignpad_buffer=32            
       0.Info>>Memory limits ok                                                 
       0.Info>>Staging data...                                                  
       0.Info>>Forcing stager.mode=frames                                       
       0.Info>>Staging first partition.                                         
       0.Info>>Staging remaining partitions.                                    
       0.Info>>background scattering length set to 0                            
       0.Info>>Target initialized.                                              
       0.Info>>Target 'system' produces a background scattering length density of 9.0722561694383012e-05
       0.Info>>Starting computation...                                          
       0.Info>>Orientational averaging includes 100 vectors                     
       0.Info>>Setting progress sampling factor for monitoring to 1             
       0.Info>>Progress: 1.385%, ETOTAL: 57.373714285714293 s, ETA: 56.578849285714291 s
       0.Info>>Progress: 2.771%, ETOTAL: 28.890478195488722 s, ETA: 28.089971195488722 s
       0.Info>>Progress: 4.146%, ETOTAL: 19.65585527638191 s, ETA: 18.84095627638191 s
       0.Info>>Progress: 5.531%, ETOTAL: 14.910210169491524 s, ETA: 14.085489169491524 s
       0.Info>>Progress: 10.292%, ETOTAL: 8.151264777327933 s, ETA: 7.3123637773279331 s
       0.Info>>Progress: 21.561%, ETOTAL: 13.032648610078787 s, ETA: 10.222692610078788 s
       0.Info>>Progress: 32.436%, ETOTAL: 8.76566466403162 s, ETA: 5.9224426640316201 s
       0.Info>>Progress: 42.705%, ETOTAL: 11.277500390273191 s, ETA: 6.4614293902731914 s
       0.Info>>Progress: 52.580%, ETOTAL: 9.2335720085339812 s, ETA: 4.3785480085339819 s
       0.Info>>Progress: 62.080%, ETOTAL: 7.9826494295007482 s, ETA: 3.0270104295007485 s
       0.Info>>Progress: 72.080%, ETOTAL: 9.4294532615945563 s, ETA: 2.6326912615945561 s
       0.Info>>Progress: 81.455%, ETOTAL: 8.3963847957818505 s, ETA: 1.557098795781851 s
       0.Info>>Scattering finished...                                           
       0.Info>>.................................................................
       0.Info>>.....................R.U.N...A.N.A.L.Y.S.I.S.....................
       0.Info>>.................................................................
       0.Info>>Aggregating timing information for performance analysis...       
       0.Info>>                                                                 
       0.Info>>                    Performance Analysis                         
       0.Info>>-----------------------------------------------------------------
       0.Info>> mean and total runtimes:                                        
       0.Info>>-----------------------------------------------------------------
       0.Info>>          measure |    total |       count |     mean |   stddev 
       0.Info>>-----------------------------------------------------------------
       0.Info>>   sd:c:b:dspstore| 3.704e-02|        10000| 3.704e-06| 2.082e-06
       0.Info>>    sd:c:b:scatter| 4.520e+01|        10000| 4.520e-03| 8.998e-04
       0.Info>>        sd:c:block| 4.539e+01|          100| 4.539e-01| 4.870e-02
       0.Info>>         sd:c:init| 1.449e+01|          100| 1.449e-01| 2.564e-02
       0.Info>>       sd:c:reduce| 1.070e-04|          100| 1.070e-06| 5.869e-07
       0.Info>>         sd:c:wait| 1.700e-04|          100| 1.700e-06| 5.994e-07
       0.Info>>        sd:compute| 5.988e+01|          100| 5.988e-01| 6.026e-02
       0.Info>>         sd:runner| 5.988e+01|            8| 7.485e+00| 0.000e+00
       0.Info>>          sd:stage| 1.952e-01|            8| 2.440e-02| 0.000e+00
       0.Info>> sd:worker:scatter| 4.482e+01|        10000| 4.482e-03| 8.742e-04
       0.Info>>    sd:worker:wait| 1.495e+01|        10000| 1.495e-03| 1.467e-02
       0.Info>>          sd:write| 1.010e-03|          100| 1.010e-05| 6.527e-06
       0.Info>>           st:fill| 1.185e-02|            8| 1.482e-03| 0.000e+00
       0.Info>>          st:first| 2.279e-02|            1| 2.279e-02| 0.000e+00
       0.Info>>           st:load| 2.246e-02|            1| 2.246e-02| 0.000e+00
       0.Info>>           st:wait| 1.598e-01|            8| 1.997e-02| 0.000e+00
       0.Info>>-----------------------------------------------------------------
       0.Info>>-----------------------------------------------------------------
       0.Info>> watermarks:                                                     
       0.Info>>-----------------------------------------------------------------
       0.Info>>          measure |      min |      max                          
       0.Info>>-----------------------------------------------------------------
       0.Info>>   sd:c:b:dspstore| 2.000e-06| 8.700e-05                         
       0.Info>>    sd:c:b:scatter| 1.532e-03| 1.419e-02                         
       0.Info>>        sd:c:block| 1.591e-01| 6.115e-01                         
       0.Info>>         sd:c:init| 1.156e-01| 2.539e-01                         
       0.Info>>       sd:c:reduce| 0.000e+00| 2.000e-06                         
       0.Info>>         sd:c:wait| 1.000e-06| 3.000e-06                         
       0.Info>>        sd:compute| 2.762e-01| 7.669e-01                         
       0.Info>>         sd:runner| 6.700e+00| 7.971e+00                         
       0.Info>>          sd:stage| 2.425e-02| 2.446e-02                         
       0.Info>> sd:worker:scatter| 1.511e-03| 9.926e-03                         
       0.Info>>    sd:worker:wait| 1.000e-06| 2.540e-01                         
       0.Info>>          sd:write| 5.000e-06| 4.100e-05                         
       0.Info>>           st:fill| 1.334e-03| 1.544e-03                         
       0.Info>>          st:first| 2.279e-02| 2.279e-02                         
       0.Info>>           st:load| 2.246e-02| 2.246e-02                         
       0.Info>>           st:wait| 1.000e-05| 2.283e-02                         
       0.Info>>-----------------------------------------------------------------
       0.Info>>                                                                 
       0.Info>>         Performance Analysis (relative to total time * nodes)   
       0.Info>>-----------------------------------------------------------------
       0.Info>> mean and total runtimes:                                        
       0.Info>>-----------------------------------------------------------------
       0.Info>>          measure |    total |       count |     mean |   stddev 
       0.Info>>-----------------------------------------------------------------
       0.Info>>   sd:c:b:dspstore| 5.523e-04|        10000| 5.523e-08| 2.543e-07
       0.Info>>    sd:c:b:scatter| 6.740e-01|        10000| 6.740e-05| 1.099e-04
       0.Info>>        sd:c:block| 6.767e-01|          100| 6.767e-03| 5.947e-03
       0.Info>>         sd:c:init| 2.161e-01|          100| 2.161e-03| 3.130e-03
       0.Info>>       sd:c:reduce| 1.595e-06|          100| 1.595e-08| 7.166e-08
       0.Info>>         sd:c:wait| 2.535e-06|          100| 2.535e-08| 7.319e-08
       0.Info>>        sd:compute| 8.929e-01|          100| 8.929e-03| 7.359e-03
       0.Info>>         sd:runner| 8.929e-01|            8| 1.116e-01| 0.000e+00
       0.Info>>          sd:stage| 2.910e-03|            8| 3.638e-04| 0.000e+00
       0.Info>> sd:worker:scatter| 6.683e-01|        10000| 6.683e-05| 1.067e-04
       0.Info>>    sd:worker:wait| 2.230e-01|        10000| 2.230e-05| 1.792e-03
       0.Info>>          sd:write| 1.506e-05|          100| 1.506e-07| 7.970e-07
       0.Info>>           st:fill| 1.768e-04|            8| 2.209e-05| 0.000e+00
       0.Info>>          st:first| 3.398e-04|            1| 3.398e-04| 0.000e+00
       0.Info>>           st:load| 3.349e-04|            1| 3.349e-04| 0.000e+00
       0.Info>>           st:wait| 2.382e-03|            8| 2.978e-04| 0.000e+00
       0.Info>>-----------------------------------------------------------------
       0.Info>>-----------------------------------------------------------------
       0.Info>> watermarks:                                                     
       0.Info>>-----------------------------------------------------------------
       0.Info>>          measure |      min |      max                          
       0.Info>>-----------------------------------------------------------------
       0.Info>>   sd:c:b:dspstore| 2.982e-08| 1.297e-06                         
       0.Info>>    sd:c:b:scatter| 2.284e-05| 2.116e-04                         
       0.Info>>        sd:c:block| 2.373e-03| 9.117e-03                         
       0.Info>>         sd:c:init| 1.724e-03| 3.786e-03                         
       0.Info>>       sd:c:reduce| 0.000e+00| 2.982e-08                         
       0.Info>>         sd:c:wait| 1.491e-08| 4.473e-08                         
       0.Info>>        sd:compute| 4.118e-03| 1.143e-02                         
       0.Info>>         sd:runner| 9.990e-02| 1.189e-01                         
       0.Info>>          sd:stage| 3.616e-04| 3.647e-04                         
       0.Info>> sd:worker:scatter| 2.253e-05| 1.480e-04                         
       0.Info>>    sd:worker:wait| 1.491e-08| 3.788e-03                         
       0.Info>>          sd:write| 7.455e-08| 6.113e-07                         
       0.Info>>           st:fill| 1.989e-05| 2.302e-05                         
       0.Info>>          st:first| 3.398e-04| 3.398e-04                         
       0.Info>>           st:load| 3.349e-04| 3.349e-04                         
       0.Info>>           st:wait| 1.491e-07| 3.404e-04                         
       0.Info>>-----------------------------------------------------------------
       0.Info>>Total runtime (s): 8.3831959999999999                            
       0.Info>>Successfully finished... Have a nice day!                        
