       0.Info>>This software is being developed by Benjamin Lindner.                    
       0.Info>>For help, suggestions or correspondense use:                             
       0.Info>>ben@benlabs.net, Benjamin Lindner (Main Developer, Impl. & Maintenance)  
       0.Info>>franc@cmm.ki.si, Franci Merzel (Methodology)                             
       0.Info>>For publications include the following references:                       
       0.Info>>.........................................................................
       0.Info>>1. Sassena - X-ray and Neutron Scattering Calculated                     
       0.Info>>  from Molecular Dynamics Trajectories using Massively Parallel Computers
       0.Info>>  published as a Computer Program in Physics Paper                       
       0.Info>>.........................................................................
       0.Info>>Version Information: 1.4.2                                       
       0.Info>>                                                                 
       0.Info>>.................................................................
       0.Info>>......................D.E.S.C.R.I.P.T.I.O.N......................
       0.Info>>.................................................................
       0.Info>>This binary computes the scattering intensities directly from    
       0.Info>>a molecular dynamics trajectory.                                 
       0.Info>>.................................................................
       0.Info>>.................................................................
       0.Info>>...................I.N.I.T.I.A.L.I.Z.A.T.I.O.N...................
       0.Info>>.................................................................
       0.Info>>No configuration file specified. Will use default                
       0.Info>>Looking for configuration file: scatter.xml                      
       0.Info>>Reading parameters from XML file: scatter.xml                    
       0.Info>>Added frames from /home/amajumda/study/continuum_simulations/gitlab/continuum-to-scattering/data/100_100_100_50_50_50/single_atom_shrink/iteration_014/t006/pdb_dcd/sample.dcd using format: dcd
       0.Info>>Options: first=0, last=0, lastset=0, stride=1                    
       0.Info>>stager.target=system                                             
       0.Info>>scattering.type=all                                              
       0.Info>>scattering.dsp.type=square                                       
       0.Info>>scattering.average.orientation.type=vectors                      
       0.Info>>scattering.average.orientation.vectors.type=sphere               
       0.Info>>scattering.average.orientation.vectors.algorithm=boost_uniform_on_sphere
       0.Info>>scattering.average.orientation.vectors.resolution=100            
       0.Info>>Generating orientations for orientational averaging using sphere,boost_uniform_on_sphere
       0.Info>>Initialized orientational averaging with 100 vectors.            
       0.Info>>scattering.signal.file=signal.h5                                 
       0.Info>>scattering.signal.filepath=/home/amajumda/study/continuum_simulations/gitlab/continuum-to-scattering/data/100_100_100_50_50_50/single_atom_shrink/iteration_014/t006/signal.h5
       0.Info>>scattering.signal.fqt=1                                          
       0.Info>>scattering.signal.fq0=1                                          
       0.Info>>scattering.signal.fq=1                                           
       0.Info>>scattering.signal.fq2=1                                          
       0.Info>>Analyzing command line for parameter overwrites                  
       0.Info>>Reading database from file: /home/amajumda/study/continuum_simulations/gitlab/continuum-to-scattering/data/100_100_100_50_50_50/single_atom_shrink/iteration_014/t006/database/db-neutron-coherent.xml
       0.Info>>Checking database...                                             
       0.Info>>Testing mapping between PDB names and atom labels                
       0.Info>>Testing database completeness for referenced atom labels         
       0.Info>>Check succeeded. Database seems OK.                              
       0.Info>>Initializing sample...                                           
       0.Info>>Reading structure from file: /home/amajumda/study/continuum_simulations/gitlab/continuum-to-scattering/data/100_100_100_50_50_50/single_atom_shrink/iteration_014/t006/pdb_dcd/sample.pdb
       0.Info>>Done. Atoms read: 125000                                         
       0.Info>>Reading frames from: /home/amajumda/study/continuum_simulations/gitlab/continuum-to-scattering/data/100_100_100_50_50_50/single_atom_shrink/iteration_014/t006/pdb_dcd/sample.dcd
       0.Info>>Found 1 frames                                                   
       0.Info>>Total number of coordinate sets found: 1                         
       0.Info>>Exchanging sample, database & params information with compute nodes... 
       0.Info>>params...                                                        
       0.Info>>database...                                                      
       0.Info>>sample...                                                        
       0.Info>>.................................................................
       0.Info>>......................C.O.M.P.U.T.A.T.I.O.N......................
       0.Info>>.................................................................
       0.Info>>Setting up services...                                           
       0.Info>>Initializing data file service...                                
       0.Info>>Initializing monitor service...                                  
       0.Info>>Starting data file service...                                    
       0.Info>>Starting monitor service...                                      
       0.Info>>Services setup and running...                                    
       0.Info>>Checking /home/amajumda/study/continuum_simulations/gitlab/continuum-to-scattering/data/100_100_100_50_50_50/single_atom_shrink/iteration_014/t006/signal.h5 for old results.
       0.Info>>Broadcasting service information                                 
       0.Info>>Server host name    : hzglap02                                   
       0.Info>>FileService Port    : 40369                                      
       0.Info>>MonitorService Port : 34569                                      
       0.Info>>Setting up parallel environment...                               
       0.Info>>Searching for decomposition plan:                                
       0.Info>>nodes    = 8                                                     
       0.Info>>qvectors = 100                                                   
       0.Info>>frames   = 1                                                     
       0.Info>>atoms   = 125000                                                 
       0.Info>>All interference scattering detected. Applying frame decomposition.
       0.Info>>Automatic decomposition. Searching for best utilization.         
       0.Info>>Final decomposition parameters:                                  
       0.Info>>NN                : 8                                            
       0.Info>>NQ                : 100                                          
       0.Info>>NAF               : 1                                            
       0.Info>>NP                : 8                                            
       0.Info>>NNpP              : 1                                            
       0.Info>>NAFcycles         : 1                                            
       0.Info>>NQcycles          : 13                                           
       0.Info>>CompEl (WASTE/USE): 4/100                                        
       0.Info>>utilization(1=best)    : 0.96153846153846156                     
       0.Info>>Initializing Scatter Device, Vectors (all)                       
       0.Info>>Starting scattering...                                           
       0.Info>>Checking memory requirements for scattering calculation...       
       0.Info>>required limits.computation.memory.result_buffer=16              
       0.Info>>required limits.computation.memory.signal_buffer=16              
       0.Info>>required limits.computation.memory.exchange_buffer=0             
       0.Info>>required limits.computation.memory.alignpad_buffer=32            
       0.Info>>Memory limits ok                                                 
       0.Info>>Staging data...                                                  
       0.Info>>Forcing stager.mode=frames                                       
       0.Info>>Staging first partition.                                         
       0.Info>>Staging remaining partitions.                                    
       0.Info>>background scattering length set to 0                            
       0.Info>>Target initialized.                                              
       0.Info>>Target 'system' produces a background scattering length density of 0.00031312865006373041
       0.Info>>Starting computation...                                          
       0.Info>>Orientational averaging includes 100 vectors                     
       0.Info>>Setting progress sampling factor for monitoring to 1             
       0.Info>>Progress: 1.875%, ETOTAL: 66.565173333333334 s, ETA: 65.317076333333333 s
       0.Info>>Progress: 4.510%, ETOTAL: 28.00526189376443 s, ETA: 26.74210789376443 s
       0.Info>>Progress: 6.396%, ETOTAL: 19.803455374592833 s, ETA: 18.536859374592833 s
       0.Info>>Progress: 10.030%, ETOTAL: 13.825642690525642 s, ETA: 12.438868690525641 s
       0.Info>>Progress: 21.811%, ETOTAL: 14.824919559147688 s, ETA: 11.591471559147687 s
       0.Info>>Progress: 30.830%, ETOTAL: 10.635259049797279 s, ETA: 7.3563950497972783 s
       0.Info>>Progress: 42.205%, ETOTAL: 12.393309113001216 s, ETA: 7.1626971130012151 s
       0.Info>>Progress: 51.580%, ETOTAL: 10.206424805816194 s, ETA: 4.9419378058161936 s
       0.Info>>Progress: 60.455%, ETOTAL: 8.9136209945923035 s, ETA: 3.5248799945923022 s
       0.Info>>Progress: 70.080%, ETOTAL: 10.33061894351704 s, ETA: 3.0909079435170383 s
       0.Info>>Progress: 80.830%, ETOTAL: 9.0404100083270542 s, ETA: 1.7330350083270538 s
       0.Info>>Scattering finished...                                           
       0.Info>>.................................................................
       0.Info>>.....................R.U.N...A.N.A.L.Y.S.I.S.....................
       0.Info>>.................................................................
       0.Info>>Aggregating timing information for performance analysis...       
       0.Info>>                                                                 
       0.Info>>                    Performance Analysis                         
       0.Info>>-----------------------------------------------------------------
       0.Info>> mean and total runtimes:                                        
       0.Info>>-----------------------------------------------------------------
       0.Info>>          measure |    total |       count |     mean |   stddev 
       0.Info>>-----------------------------------------------------------------
       0.Info>>   sd:c:b:dspstore| 4.421e-02|        10000| 4.421e-06| 2.981e-06
       0.Info>>    sd:c:b:scatter| 4.919e+01|        10000| 4.919e-03| 1.010e-03
       0.Info>>        sd:c:block| 4.940e+01|          100| 4.940e-01| 6.068e-02
       0.Info>>         sd:c:init| 1.656e+01|          100| 1.656e-01| 3.722e-02
       0.Info>>       sd:c:reduce| 1.040e-04|          100| 1.040e-06| 6.036e-07
       0.Info>>         sd:c:wait| 1.850e-04|          100| 1.850e-06| 6.402e-07
       0.Info>>        sd:compute| 6.596e+01|          100| 6.596e-01| 7.868e-02
       0.Info>>         sd:runner| 6.597e+01|            8| 8.246e+00| 0.000e+00
       0.Info>>          sd:stage| 2.066e-01|            8| 2.583e-02| 0.000e+00
       0.Info>> sd:worker:scatter| 4.881e+01|        10000| 4.881e-03| 1.006e-03
       0.Info>>    sd:worker:wait| 1.705e+01|        10000| 1.705e-03| 1.692e-02
       0.Info>>          sd:write| 1.121e-03|          100| 1.121e-05| 7.831e-06
       0.Info>>           st:fill| 1.399e-02|            8| 1.749e-03| 0.000e+00
       0.Info>>          st:first| 2.386e-02|            1| 2.386e-02| 0.000e+00
       0.Info>>           st:load| 2.346e-02|            1| 2.346e-02| 0.000e+00
       0.Info>>           st:wait| 1.675e-01|            8| 2.093e-02| 0.000e+00
       0.Info>>-----------------------------------------------------------------
       0.Info>>-----------------------------------------------------------------
       0.Info>> watermarks:                                                     
       0.Info>>-----------------------------------------------------------------
       0.Info>>          measure |      min |      max                          
       0.Info>>-----------------------------------------------------------------
       0.Info>>   sd:c:b:dspstore| 2.000e-06| 1.940e-04                         
       0.Info>>    sd:c:b:scatter| 1.557e-03| 1.314e-02                         
       0.Info>>        sd:c:block| 1.650e-01| 6.301e-01                         
       0.Info>>         sd:c:init| 1.212e-01| 2.586e-01                         
       0.Info>>       sd:c:reduce| 0.000e+00| 2.000e-06                         
       0.Info>>         sd:c:wait| 1.000e-06| 5.000e-06                         
       0.Info>>        sd:compute| 2.911e-01| 8.502e-01                         
       0.Info>>         sd:runner| 7.224e+00| 8.875e+00                         
       0.Info>>          sd:stage| 2.558e-02| 2.592e-02                         
       0.Info>> sd:worker:scatter| 1.537e-03| 1.306e-02                         
       0.Info>>    sd:worker:wait| 2.000e-05| 2.587e-01                         
       0.Info>>          sd:write| 6.000e-06| 4.300e-05                         
       0.Info>>           st:fill| 1.506e-03| 1.838e-03                         
       0.Info>>          st:first| 2.386e-02| 2.386e-02                         
       0.Info>>           st:load| 2.346e-02| 2.346e-02                         
       0.Info>>           st:wait| 1.000e-05| 2.393e-02                         
       0.Info>>-----------------------------------------------------------------
       0.Info>>                                                                 
       0.Info>>         Performance Analysis (relative to total time * nodes)   
       0.Info>>-----------------------------------------------------------------
       0.Info>> mean and total runtimes:                                        
       0.Info>>-----------------------------------------------------------------
       0.Info>>          measure |    total |       count |     mean |   stddev 
       0.Info>>-----------------------------------------------------------------
       0.Info>>   sd:c:b:dspstore| 5.911e-04|        10000| 5.911e-08| 3.447e-07
       0.Info>>    sd:c:b:scatter| 6.577e-01|        10000| 6.577e-05| 1.168e-04
       0.Info>>        sd:c:block| 6.605e-01|          100| 6.605e-03| 7.017e-03
       0.Info>>         sd:c:init| 2.214e-01|          100| 2.214e-03| 4.304e-03
       0.Info>>       sd:c:reduce| 1.390e-06|          100| 1.390e-08| 6.979e-08
       0.Info>>         sd:c:wait| 2.473e-06|          100| 2.473e-08| 7.402e-08
       0.Info>>        sd:compute| 8.819e-01|          100| 8.819e-03| 9.098e-03
       0.Info>>         sd:runner| 8.820e-01|            8| 1.102e-01| 0.000e+00
       0.Info>>          sd:stage| 2.762e-03|            8| 3.453e-04| 0.000e+00
       0.Info>> sd:worker:scatter| 6.526e-01|        10000| 6.526e-05| 1.163e-04
       0.Info>>    sd:worker:wait| 2.279e-01|        10000| 2.279e-05| 1.956e-03
       0.Info>>          sd:write| 1.499e-05|          100| 1.499e-07| 9.055e-07
       0.Info>>           st:fill| 1.870e-04|            8| 2.338e-05| 0.000e+00
       0.Info>>          st:first| 3.190e-04|            1| 3.190e-04| 0.000e+00
       0.Info>>           st:load| 3.137e-04|            1| 3.137e-04| 0.000e+00
       0.Info>>           st:wait| 2.239e-03|            8| 2.799e-04| 0.000e+00
       0.Info>>-----------------------------------------------------------------
       0.Info>>-----------------------------------------------------------------
       0.Info>> watermarks:                                                     
       0.Info>>-----------------------------------------------------------------
       0.Info>>          measure |      min |      max                          
       0.Info>>-----------------------------------------------------------------
       0.Info>>   sd:c:b:dspstore| 2.674e-08| 2.594e-06                         
       0.Info>>    sd:c:b:scatter| 2.082e-05| 1.757e-04                         
       0.Info>>        sd:c:block| 2.206e-03| 8.425e-03                         
       0.Info>>         sd:c:init| 1.621e-03| 3.457e-03                         
       0.Info>>       sd:c:reduce| 0.000e+00| 2.674e-08                         
       0.Info>>         sd:c:wait| 1.337e-08| 6.685e-08                         
       0.Info>>        sd:compute| 3.892e-03| 1.137e-02                         
       0.Info>>         sd:runner| 9.658e-02| 1.187e-01                         
       0.Info>>          sd:stage| 3.420e-04| 3.465e-04                         
       0.Info>> sd:worker:scatter| 2.055e-05| 1.746e-04                         
       0.Info>>    sd:worker:wait| 2.674e-07| 3.458e-03                         
       0.Info>>          sd:write| 8.022e-08| 5.749e-07                         
       0.Info>>           st:fill| 2.013e-05| 2.457e-05                         
       0.Info>>          st:first| 3.190e-04| 3.190e-04                         
       0.Info>>           st:load| 3.137e-04| 3.137e-04                         
       0.Info>>           st:wait| 1.337e-07| 3.199e-04                         
       0.Info>>-----------------------------------------------------------------
       0.Info>>Total runtime (s): 9.3495150000000002                            
       0.Info>>Successfully finished... Have a nice day!                        
