       0.Info>>This software is being developed by Benjamin Lindner.                    
       0.Info>>For help, suggestions or correspondense use:                             
       0.Info>>ben@benlabs.net, Benjamin Lindner (Main Developer, Impl. & Maintenance)  
       0.Info>>franc@cmm.ki.si, Franci Merzel (Methodology)                             
       0.Info>>For publications include the following references:                       
       0.Info>>.........................................................................
       0.Info>>1. Sassena - X-ray and Neutron Scattering Calculated                     
       0.Info>>  from Molecular Dynamics Trajectories using Massively Parallel Computers
       0.Info>>  published as a Computer Program in Physics Paper                       
       0.Info>>.........................................................................
       0.Info>>Version Information: 1.4.2                                       
       0.Info>>                                                                 
       0.Info>>.................................................................
       0.Info>>......................D.E.S.C.R.I.P.T.I.O.N......................
       0.Info>>.................................................................
       0.Info>>This binary computes the scattering intensities directly from    
       0.Info>>a molecular dynamics trajectory.                                 
       0.Info>>.................................................................
       0.Info>>.................................................................
       0.Info>>...................I.N.I.T.I.A.L.I.Z.A.T.I.O.N...................
       0.Info>>.................................................................
       0.Info>>No configuration file specified. Will use default                
       0.Info>>Looking for configuration file: scatter.xml                      
       0.Info>>Reading parameters from XML file: scatter.xml                    
       0.Info>>Added frames from /home/amajumda/study/continuum_simulations/gitlab/continuum-to-scattering/data/100_100_100_50_50_50/single_atom_shrink/iteration_013/t009/pdb_dcd/sample.dcd using format: dcd
       0.Info>>Options: first=0, last=0, lastset=0, stride=1                    
       0.Info>>stager.target=system                                             
       0.Info>>scattering.type=all                                              
       0.Info>>scattering.dsp.type=square                                       
       0.Info>>scattering.average.orientation.type=vectors                      
       0.Info>>scattering.average.orientation.vectors.type=sphere               
       0.Info>>scattering.average.orientation.vectors.algorithm=boost_uniform_on_sphere
       0.Info>>scattering.average.orientation.vectors.resolution=100            
       0.Info>>Generating orientations for orientational averaging using sphere,boost_uniform_on_sphere
       0.Info>>Initialized orientational averaging with 100 vectors.            
       0.Info>>scattering.signal.file=signal.h5                                 
       0.Info>>scattering.signal.filepath=/home/amajumda/study/continuum_simulations/gitlab/continuum-to-scattering/data/100_100_100_50_50_50/single_atom_shrink/iteration_013/t009/signal.h5
       0.Info>>scattering.signal.fqt=1                                          
       0.Info>>scattering.signal.fq0=1                                          
       0.Info>>scattering.signal.fq=1                                           
       0.Info>>scattering.signal.fq2=1                                          
       0.Info>>Analyzing command line for parameter overwrites                  
       0.Info>>Reading database from file: /home/amajumda/study/continuum_simulations/gitlab/continuum-to-scattering/data/100_100_100_50_50_50/single_atom_shrink/iteration_013/t009/database/db-neutron-coherent.xml
       0.Info>>Checking database...                                             
       0.Info>>Testing mapping between PDB names and atom labels                
       0.Info>>Testing database completeness for referenced atom labels         
       0.Info>>Check succeeded. Database seems OK.                              
       0.Info>>Initializing sample...                                           
       0.Info>>Reading structure from file: /home/amajumda/study/continuum_simulations/gitlab/continuum-to-scattering/data/100_100_100_50_50_50/single_atom_shrink/iteration_013/t009/pdb_dcd/sample.pdb
       0.Info>>Done. Atoms read: 125000                                         
       0.Info>>Reading frames from: /home/amajumda/study/continuum_simulations/gitlab/continuum-to-scattering/data/100_100_100_50_50_50/single_atom_shrink/iteration_013/t009/pdb_dcd/sample.dcd
       0.Info>>Found 1 frames                                                   
       0.Info>>Total number of coordinate sets found: 1                         
       0.Info>>Exchanging sample, database & params information with compute nodes... 
       0.Info>>params...                                                        
       0.Info>>database...                                                      
       0.Info>>sample...                                                        
       0.Info>>.................................................................
       0.Info>>......................C.O.M.P.U.T.A.T.I.O.N......................
       0.Info>>.................................................................
       0.Info>>Setting up services...                                           
       0.Info>>Initializing data file service...                                
       0.Info>>Initializing monitor service...                                  
       0.Info>>Starting data file service...                                    
       0.Info>>Starting monitor service...                                      
       0.Info>>Services setup and running...                                    
       0.Info>>Checking /home/amajumda/study/continuum_simulations/gitlab/continuum-to-scattering/data/100_100_100_50_50_50/single_atom_shrink/iteration_013/t009/signal.h5 for old results.
       0.Info>>Broadcasting service information                                 
       0.Info>>Server host name    : hzglap02                                   
       0.Info>>FileService Port    : 41485                                      
       0.Info>>MonitorService Port : 36555                                      
       0.Info>>Setting up parallel environment...                               
       0.Info>>Searching for decomposition plan:                                
       0.Info>>nodes    = 8                                                     
       0.Info>>qvectors = 100                                                   
       0.Info>>frames   = 1                                                     
       0.Info>>atoms   = 125000                                                 
       0.Info>>All interference scattering detected. Applying frame decomposition.
       0.Info>>Automatic decomposition. Searching for best utilization.         
       0.Info>>Final decomposition parameters:                                  
       0.Info>>NN                : 8                                            
       0.Info>>NQ                : 100                                          
       0.Info>>NAF               : 1                                            
       0.Info>>NP                : 8                                            
       0.Info>>NNpP              : 1                                            
       0.Info>>NAFcycles         : 1                                            
       0.Info>>NQcycles          : 13                                           
       0.Info>>CompEl (WASTE/USE): 4/100                                        
       0.Info>>utilization(1=best)    : 0.96153846153846156                     
       0.Info>>Initializing Scatter Device, Vectors (all)                       
       0.Info>>Starting scattering...                                           
       0.Info>>Checking memory requirements for scattering calculation...       
       0.Info>>required limits.computation.memory.result_buffer=16              
       0.Info>>required limits.computation.memory.signal_buffer=16              
       0.Info>>required limits.computation.memory.exchange_buffer=0             
       0.Info>>required limits.computation.memory.alignpad_buffer=32            
       0.Info>>Memory limits ok                                                 
       0.Info>>Staging data...                                                  
       0.Info>>Forcing stager.mode=frames                                       
       0.Info>>Staging first partition.                                         
       0.Info>>Staging remaining partitions.                                    
       0.Info>>background scattering length set to 0                            
       0.Info>>Target initialized.                                              
       0.Info>>Target 'system' produces a background scattering length density of 3.10738355025073e-05
       0.Info>>Starting computation...                                          
       0.Info>>Orientational averaging includes 100 vectors                     
       0.Info>>Setting progress sampling factor for monitoring to 1             
       0.Info>>Progress: 1.750%, ETOTAL: 67.120514285714279 s, ETA: 65.945905285714275 s
       0.Info>>Progress: 4.385%, ETOTAL: 26.820575771971498 s, ETA: 25.644381771971499 s
       0.Info>>Progress: 6.396%, ETOTAL: 18.726644951140063 s, ETA: 17.528919951140065 s
       0.Info>>Progress: 10.281%, ETOTAL: 11.824106990881456 s, ETA: 10.608440990881455 s
       0.Info>>Progress: 22.071%, ETOTAL: 14.558877839093812 s, ETA: 11.345658839093812 s
       0.Info>>Progress: 31.196%, ETOTAL: 10.56037456077263 s, ETA: 7.2660115607726299 s
       0.Info>>Progress: 41.205%, ETOTAL: 8.1753853142501551 s, ETA: 4.8067073142501551 s
       0.Info>>Progress: 50.205%, ETOTAL: 10.364718079673137 s, ETA: 5.1610980796731374 s
       0.Info>>Progress: 62.830%, ETOTAL: 8.4080729276131194 s, ETA: 3.1252699276131199 s
       0.Info>>Progress: 71.705%, ETOTAL: 10.011129161451814 s, ETA: 2.8326361614518145 s
       0.Info>>Progress: 80.705%, ETOTAL: 8.9347506910246217 s, ETA: 1.7239486910246224 s
       0.Info>>Scattering finished...                                           
       0.Info>>.................................................................
       0.Info>>.....................R.U.N...A.N.A.L.Y.S.I.S.....................
       0.Info>>.................................................................
       0.Info>>Aggregating timing information for performance analysis...       
       0.Info>>                                                                 
       0.Info>>                    Performance Analysis                         
       0.Info>>-----------------------------------------------------------------
       0.Info>> mean and total runtimes:                                        
       0.Info>>-----------------------------------------------------------------
       0.Info>>          measure |    total |       count |     mean |   stddev 
       0.Info>>-----------------------------------------------------------------
       0.Info>>   sd:c:b:dspstore| 4.584e-02|        10000| 4.584e-06| 2.383e-06
       0.Info>>    sd:c:b:scatter| 4.809e+01|        10000| 4.809e-03| 9.834e-04
       0.Info>>        sd:c:block| 4.831e+01|          100| 4.831e-01| 5.634e-02
       0.Info>>         sd:c:init| 1.570e+01|          100| 1.570e-01| 3.384e-02
       0.Info>>       sd:c:reduce| 1.110e-04|          100| 1.110e-06| 6.056e-07
       0.Info>>         sd:c:wait| 1.730e-04|          100| 1.730e-06| 6.747e-07
       0.Info>>        sd:compute| 6.401e+01|          100| 6.401e-01| 6.841e-02
       0.Info>>         sd:runner| 6.401e+01|            8| 8.001e+00| 0.000e+00
       0.Info>>          sd:stage| 1.982e-01|            8| 2.478e-02| 0.000e+00
       0.Info>> sd:worker:scatter| 4.763e+01|        10000| 4.763e-03| 9.682e-04
       0.Info>>    sd:worker:wait| 1.626e+01|        10000| 1.626e-03| 1.600e-02
       0.Info>>          sd:write| 1.123e-03|          100| 1.123e-05| 9.300e-06
       0.Info>>           st:fill| 1.460e-02|            8| 1.825e-03| 0.000e+00
       0.Info>>          st:first| 2.281e-02|            1| 2.281e-02| 0.000e+00
       0.Info>>           st:load| 2.238e-02|            1| 2.238e-02| 0.000e+00
       0.Info>>           st:wait| 1.601e-01|            8| 2.001e-02| 0.000e+00
       0.Info>>-----------------------------------------------------------------
       0.Info>>-----------------------------------------------------------------
       0.Info>> watermarks:                                                     
       0.Info>>-----------------------------------------------------------------
       0.Info>>          measure |      min |      max                          
       0.Info>>-----------------------------------------------------------------
       0.Info>>   sd:c:b:dspstore| 2.000e-06| 7.500e-05                         
       0.Info>>    sd:c:b:scatter| 1.497e-03| 1.235e-02                         
       0.Info>>        sd:c:block| 2.160e-01| 6.327e-01                         
       0.Info>>         sd:c:init| 1.160e-01| 2.584e-01                         
       0.Info>>       sd:c:reduce| 0.000e+00| 3.000e-06                         
       0.Info>>         sd:c:wait| 1.000e-06| 4.000e-06                         
       0.Info>>        sd:compute| 3.348e-01| 8.060e-01                         
       0.Info>>         sd:runner| 7.141e+00| 8.601e+00                         
       0.Info>>          sd:stage| 2.458e-02| 2.487e-02                         
       0.Info>> sd:worker:scatter| 1.476e-03| 1.232e-02                         
       0.Info>>    sd:worker:wait| 1.000e-06| 2.585e-01                         
       0.Info>>          sd:write| 5.000e-06| 5.100e-05                         
       0.Info>>           st:fill| 1.620e-03| 1.913e-03                         
       0.Info>>          st:first| 2.281e-02| 2.281e-02                         
       0.Info>>           st:load| 2.238e-02| 2.238e-02                         
       0.Info>>           st:wait| 9.000e-06| 2.287e-02                         
       0.Info>>-----------------------------------------------------------------
       0.Info>>                                                                 
       0.Info>>         Performance Analysis (relative to total time * nodes)   
       0.Info>>-----------------------------------------------------------------
       0.Info>> mean and total runtimes:                                        
       0.Info>>-----------------------------------------------------------------
       0.Info>>          measure |    total |       count |     mean |   stddev 
       0.Info>>-----------------------------------------------------------------
       0.Info>>   sd:c:b:dspstore| 6.359e-04|        10000| 6.359e-08| 2.807e-07
       0.Info>>    sd:c:b:scatter| 6.672e-01|        10000| 6.672e-05| 1.158e-04
       0.Info>>        sd:c:block| 6.702e-01|          100| 6.702e-03| 6.636e-03
       0.Info>>         sd:c:init| 2.178e-01|          100| 2.178e-03| 3.986e-03
       0.Info>>       sd:c:reduce| 1.540e-06|          100| 1.540e-08| 7.133e-08
       0.Info>>         sd:c:wait| 2.400e-06|          100| 2.400e-08| 7.947e-08
       0.Info>>        sd:compute| 8.880e-01|          100| 8.880e-03| 8.058e-03
       0.Info>>         sd:runner| 8.881e-01|            8| 1.110e-01| 0.000e+00
       0.Info>>          sd:stage| 2.750e-03|            8| 3.438e-04| 0.000e+00
       0.Info>> sd:worker:scatter| 6.608e-01|        10000| 6.608e-05| 1.140e-04
       0.Info>>    sd:worker:wait| 2.256e-01|        10000| 2.256e-05| 1.885e-03
       0.Info>>          sd:write| 1.558e-05|          100| 1.558e-07| 1.095e-06
       0.Info>>           st:fill| 2.025e-04|            8| 2.532e-05| 0.000e+00
       0.Info>>          st:first| 3.165e-04|            1| 3.165e-04| 0.000e+00
       0.Info>>           st:load| 3.105e-04|            1| 3.105e-04| 0.000e+00
       0.Info>>           st:wait| 2.221e-03|            8| 2.776e-04| 0.000e+00
       0.Info>>-----------------------------------------------------------------
       0.Info>>-----------------------------------------------------------------
       0.Info>> watermarks:                                                     
       0.Info>>-----------------------------------------------------------------
       0.Info>>          measure |      min |      max                          
       0.Info>>-----------------------------------------------------------------
       0.Info>>   sd:c:b:dspstore| 2.775e-08| 1.041e-06                         
       0.Info>>    sd:c:b:scatter| 2.077e-05| 1.713e-04                         
       0.Info>>        sd:c:block| 2.996e-03| 8.777e-03                         
       0.Info>>         sd:c:init| 1.610e-03| 3.585e-03                         
       0.Info>>       sd:c:reduce| 0.000e+00| 4.162e-08                         
       0.Info>>         sd:c:wait| 1.387e-08| 5.549e-08                         
       0.Info>>        sd:compute| 4.645e-03| 1.118e-02                         
       0.Info>>         sd:runner| 9.907e-02| 1.193e-01                         
       0.Info>>          sd:stage| 3.410e-04| 3.450e-04                         
       0.Info>> sd:worker:scatter| 2.048e-05| 1.709e-04                         
       0.Info>>    sd:worker:wait| 1.387e-08| 3.586e-03                         
       0.Info>>          sd:write| 6.937e-08| 7.075e-07                         
       0.Info>>           st:fill| 2.247e-05| 2.654e-05                         
       0.Info>>          st:first| 3.165e-04| 3.165e-04                         
       0.Info>>           st:load| 3.105e-04| 3.105e-04                         
       0.Info>>           st:wait| 1.249e-07| 3.173e-04                         
       0.Info>>-----------------------------------------------------------------
       0.Info>>Total runtime (s): 9.0100289999999994                            
       0.Info>>Successfully finished... Have a nice day!                        
