       0.Info>>This software is being developed by Benjamin Lindner.                    
       0.Info>>For help, suggestions or correspondense use:                             
       0.Info>>ben@benlabs.net, Benjamin Lindner (Main Developer, Impl. & Maintenance)  
       0.Info>>franc@cmm.ki.si, Franci Merzel (Methodology)                             
       0.Info>>For publications include the following references:                       
       0.Info>>.........................................................................
       0.Info>>1. Sassena - X-ray and Neutron Scattering Calculated                     
       0.Info>>  from Molecular Dynamics Trajectories using Massively Parallel Computers
       0.Info>>  published as a Computer Program in Physics Paper                       
       0.Info>>.........................................................................
       0.Info>>Version Information: 1.4.2                                       
       0.Info>>                                                                 
       0.Info>>.................................................................
       0.Info>>......................D.E.S.C.R.I.P.T.I.O.N......................
       0.Info>>.................................................................
       0.Info>>This binary computes the scattering intensities directly from    
       0.Info>>a molecular dynamics trajectory.                                 
       0.Info>>.................................................................
       0.Info>>.................................................................
       0.Info>>...................I.N.I.T.I.A.L.I.Z.A.T.I.O.N...................
       0.Info>>.................................................................
       0.Info>>No configuration file specified. Will use default                
       0.Info>>Looking for configuration file: scatter.xml                      
       0.Info>>Reading parameters from XML file: scatter.xml                    
       0.Info>>Added frames from /home/amajumda/study/continuum_simulations/gitlab/continuum-to-scattering/data/100_100_100_50_50_50/single_atom_shrink/iteration_014/t008/pdb_dcd/sample.dcd using format: dcd
       0.Info>>Options: first=0, last=0, lastset=0, stride=1                    
       0.Info>>stager.target=system                                             
       0.Info>>scattering.type=all                                              
       0.Info>>scattering.dsp.type=square                                       
       0.Info>>scattering.average.orientation.type=vectors                      
       0.Info>>scattering.average.orientation.vectors.type=sphere               
       0.Info>>scattering.average.orientation.vectors.algorithm=boost_uniform_on_sphere
       0.Info>>scattering.average.orientation.vectors.resolution=100            
       0.Info>>Generating orientations for orientational averaging using sphere,boost_uniform_on_sphere
       0.Info>>Initialized orientational averaging with 100 vectors.            
       0.Info>>scattering.signal.file=signal.h5                                 
       0.Info>>scattering.signal.filepath=/home/amajumda/study/continuum_simulations/gitlab/continuum-to-scattering/data/100_100_100_50_50_50/single_atom_shrink/iteration_014/t008/signal.h5
       0.Info>>scattering.signal.fqt=1                                          
       0.Info>>scattering.signal.fq0=1                                          
       0.Info>>scattering.signal.fq=1                                           
       0.Info>>scattering.signal.fq2=1                                          
       0.Info>>Analyzing command line for parameter overwrites                  
       0.Info>>Reading database from file: /home/amajumda/study/continuum_simulations/gitlab/continuum-to-scattering/data/100_100_100_50_50_50/single_atom_shrink/iteration_014/t008/database/db-neutron-coherent.xml
       0.Info>>Checking database...                                             
       0.Info>>Testing mapping between PDB names and atom labels                
       0.Info>>Testing database completeness for referenced atom labels         
       0.Info>>Check succeeded. Database seems OK.                              
       0.Info>>Initializing sample...                                           
       0.Info>>Reading structure from file: /home/amajumda/study/continuum_simulations/gitlab/continuum-to-scattering/data/100_100_100_50_50_50/single_atom_shrink/iteration_014/t008/pdb_dcd/sample.pdb
       0.Info>>Done. Atoms read: 125000                                         
       0.Info>>Reading frames from: /home/amajumda/study/continuum_simulations/gitlab/continuum-to-scattering/data/100_100_100_50_50_50/single_atom_shrink/iteration_014/t008/pdb_dcd/sample.dcd
       0.Info>>Found 1 frames                                                   
       0.Info>>Total number of coordinate sets found: 1                         
       0.Info>>Exchanging sample, database & params information with compute nodes... 
       0.Info>>params...                                                        
       0.Info>>database...                                                      
       0.Info>>sample...                                                        
       0.Info>>.................................................................
       0.Info>>......................C.O.M.P.U.T.A.T.I.O.N......................
       0.Info>>.................................................................
       0.Info>>Setting up services...                                           
       0.Info>>Initializing data file service...                                
       0.Info>>Initializing monitor service...                                  
       0.Info>>Starting data file service...                                    
       0.Info>>Starting monitor service...                                      
       0.Info>>Services setup and running...                                    
       0.Info>>Checking /home/amajumda/study/continuum_simulations/gitlab/continuum-to-scattering/data/100_100_100_50_50_50/single_atom_shrink/iteration_014/t008/signal.h5 for old results.
       0.Info>>Broadcasting service information                                 
       0.Info>>Server host name    : hzglap02                                   
       0.Info>>FileService Port    : 39719                                      
       0.Info>>MonitorService Port : 34173                                      
       0.Info>>Setting up parallel environment...                               
       0.Info>>Searching for decomposition plan:                                
       0.Info>>nodes    = 8                                                     
       0.Info>>qvectors = 100                                                   
       0.Info>>frames   = 1                                                     
       0.Info>>atoms   = 125000                                                 
       0.Info>>All interference scattering detected. Applying frame decomposition.
       0.Info>>Automatic decomposition. Searching for best utilization.         
       0.Info>>Final decomposition parameters:                                  
       0.Info>>NN                : 8                                            
       0.Info>>NQ                : 100                                          
       0.Info>>NAF               : 1                                            
       0.Info>>NP                : 8                                            
       0.Info>>NNpP              : 1                                            
       0.Info>>NAFcycles         : 1                                            
       0.Info>>NQcycles          : 13                                           
       0.Info>>CompEl (WASTE/USE): 4/100                                        
       0.Info>>utilization(1=best)    : 0.96153846153846156                     
       0.Info>>Initializing Scatter Device, Vectors (all)                       
       0.Info>>Starting scattering...                                           
       0.Info>>Checking memory requirements for scattering calculation...       
       0.Info>>required limits.computation.memory.result_buffer=16              
       0.Info>>required limits.computation.memory.signal_buffer=16              
       0.Info>>required limits.computation.memory.exchange_buffer=0             
       0.Info>>required limits.computation.memory.alignpad_buffer=32            
       0.Info>>Memory limits ok                                                 
       0.Info>>Staging data...                                                  
       0.Info>>Forcing stager.mode=frames                                       
       0.Info>>Staging first partition.                                         
       0.Info>>Staging remaining partitions.                                    
       0.Info>>background scattering length set to 0                            
       0.Info>>Target initialized.                                              
       0.Info>>Target 'system' produces a background scattering length density of 9.0722561694383012e-05
       0.Info>>Starting computation...                                          
       0.Info>>Orientational averaging includes 100 vectors                     
       0.Info>>Setting progress sampling factor for monitoring to 1             
       0.Info>>Progress: 1.010%, ETOTAL: 67.948800000000006 s, ETA: 67.262234000000007 s
       0.Info>>Progress: 3.281%, ETOTAL: 21.606582857142865 s, ETA: 20.897616857142864 s
       0.Info>>Progress: 4.166%, ETOTAL: 17.178471552221584 s, ETA: 16.462839552221585 s
       0.Info>>Progress: 5.176%, ETOTAL: 14.618291517027867 s, ETA: 13.861607517027867 s
       0.Info>>Progress: 10.955%, ETOTAL: 24.580926389701574 s, ETA: 21.888054389701573 s
       0.Info>>Progress: 21.955%, ETOTAL: 12.524222014598537 s, ETA: 9.7745130145985382 s
       0.Info>>Progress: 30.580%, ETOTAL: 9.1947848653181001 s, ETA: 6.3830078653181008 s
       0.Info>>Progress: 41.580%, ETOTAL: 11.331860201957912 s, ETA: 6.6200582019579128 s
       0.Info>>Progress: 52.205%, ETOTAL: 9.0919401277013758 s, ETA: 4.3454811277013761 s
       0.Info>>Progress: 60.705%, ETOTAL: 11.066532925026399 s, ETA: 4.3485799250263995 s
       0.Info>>Progress: 71.705%, ETOTAL: 9.4961980690148398 s, ETA: 2.6869370690148404 s
       0.Info>>Progress: 80.455%, ETOTAL: 10.796592080312323 s, ETA: 2.1101800803123236 s
       0.Info>>Scattering finished...                                           
       0.Info>>.................................................................
       0.Info>>.....................R.U.N...A.N.A.L.Y.S.I.S.....................
       0.Info>>.................................................................
       0.Info>>Aggregating timing information for performance analysis...       
       0.Info>>                                                                 
       0.Info>>                    Performance Analysis                         
       0.Info>>-----------------------------------------------------------------
       0.Info>> mean and total runtimes:                                        
       0.Info>>-----------------------------------------------------------------
       0.Info>>          measure |    total |       count |     mean |   stddev 
       0.Info>>-----------------------------------------------------------------
       0.Info>>   sd:c:b:dspstore| 5.110e-02|        10000| 5.110e-06| 3.244e-06
       0.Info>>    sd:c:b:scatter| 5.252e+01|        10000| 5.252e-03| 1.090e-03
       0.Info>>        sd:c:block| 5.276e+01|          100| 5.276e-01| 6.616e-02
       0.Info>>         sd:c:init| 1.802e+01|          100| 1.802e-01| 4.777e-02
       0.Info>>       sd:c:reduce| 1.100e-04|          100| 1.100e-06| 7.424e-07
       0.Info>>         sd:c:wait| 1.860e-04|          100| 1.860e-06| 8.485e-07
       0.Info>>        sd:compute| 7.079e+01|          100| 7.079e-01| 8.238e-02
       0.Info>>         sd:runner| 7.079e+01|            8| 8.849e+00| 0.000e+00
       0.Info>>          sd:stage| 2.697e-01|            8| 3.371e-02| 0.000e+00
       0.Info>> sd:worker:scatter| 5.202e+01|        10000| 5.202e-03| 1.049e-03
       0.Info>>    sd:worker:wait| 1.864e+01|        10000| 1.864e-03| 1.862e-02
       0.Info>>          sd:write| 1.187e-03|          100| 1.187e-05| 9.627e-06
       0.Info>>           st:fill| 1.390e-02|            8| 1.738e-03| 0.000e+00
       0.Info>>          st:first| 3.181e-02|            1| 3.181e-02| 0.000e+00
       0.Info>>           st:load| 3.127e-02|            1| 3.127e-02| 0.000e+00
       0.Info>>           st:wait| 2.231e-01|            8| 2.788e-02| 0.000e+00
       0.Info>>-----------------------------------------------------------------
       0.Info>>-----------------------------------------------------------------
       0.Info>> watermarks:                                                     
       0.Info>>-----------------------------------------------------------------
       0.Info>>          measure |      min |      max                          
       0.Info>>-----------------------------------------------------------------
       0.Info>>   sd:c:b:dspstore| 2.000e-06| 2.150e-04                         
       0.Info>>    sd:c:b:scatter| 1.567e-03| 2.780e-02                         
       0.Info>>        sd:c:block| 2.547e-01| 6.659e-01                         
       0.Info>>         sd:c:init| 1.177e-01| 2.746e-01                         
       0.Info>>       sd:c:reduce| 0.000e+00| 6.000e-06                         
       0.Info>>         sd:c:wait| 1.000e-06| 7.000e-06                         
       0.Info>>        sd:compute| 3.768e-01| 8.870e-01                         
       0.Info>>         sd:runner| 8.038e+00| 9.459e+00                         
       0.Info>>          sd:stage| 3.353e-02| 3.378e-02                         
       0.Info>> sd:worker:scatter| 1.549e-03| 1.036e-02                         
       0.Info>>    sd:worker:wait| 2.000e-06| 2.747e-01                         
       0.Info>>          sd:write| 6.000e-06| 5.300e-05                         
       0.Info>>           st:fill| 1.535e-03| 1.815e-03                         
       0.Info>>          st:first| 3.181e-02| 3.181e-02                         
       0.Info>>           st:load| 3.127e-02| 3.127e-02                         
       0.Info>>           st:wait| 1.300e-05| 3.187e-02                         
       0.Info>>-----------------------------------------------------------------
       0.Info>>                                                                 
       0.Info>>         Performance Analysis (relative to total time * nodes)   
       0.Info>>-----------------------------------------------------------------
       0.Info>> mean and total runtimes:                                        
       0.Info>>-----------------------------------------------------------------
       0.Info>>          measure |    total |       count |     mean |   stddev 
       0.Info>>-----------------------------------------------------------------
       0.Info>>   sd:c:b:dspstore| 6.263e-04|        10000| 6.263e-08| 3.591e-07
       0.Info>>    sd:c:b:scatter| 6.436e-01|        10000| 6.436e-05| 1.207e-04
       0.Info>>        sd:c:block| 6.465e-01|          100| 6.465e-03| 7.323e-03
       0.Info>>         sd:c:init| 2.209e-01|          100| 2.209e-03| 5.288e-03
       0.Info>>       sd:c:reduce| 1.348e-06|          100| 1.348e-08| 8.218e-08
       0.Info>>         sd:c:wait| 2.279e-06|          100| 2.279e-08| 9.392e-08
       0.Info>>        sd:compute| 8.674e-01|          100| 8.674e-03| 9.119e-03
       0.Info>>         sd:runner| 8.675e-01|            8| 1.084e-01| 0.000e+00
       0.Info>>          sd:stage| 3.304e-03|            8| 4.131e-04| 0.000e+00
       0.Info>> sd:worker:scatter| 6.375e-01|        10000| 6.375e-05| 1.161e-04
       0.Info>>    sd:worker:wait| 2.284e-01|        10000| 2.284e-05| 2.061e-03
       0.Info>>          sd:write| 1.455e-05|          100| 1.455e-07| 1.066e-06
       0.Info>>           st:fill| 1.704e-04|            8| 2.130e-05| 0.000e+00
       0.Info>>          st:first| 3.898e-04|            1| 3.898e-04| 0.000e+00
       0.Info>>           st:load| 3.832e-04|            1| 3.832e-04| 0.000e+00
       0.Info>>           st:wait| 2.733e-03|            8| 3.417e-04| 0.000e+00
       0.Info>>-----------------------------------------------------------------
       0.Info>>-----------------------------------------------------------------
       0.Info>> watermarks:                                                     
       0.Info>>-----------------------------------------------------------------
       0.Info>>          measure |      min |      max                          
       0.Info>>-----------------------------------------------------------------
       0.Info>>   sd:c:b:dspstore| 2.451e-08| 2.635e-06                         
       0.Info>>    sd:c:b:scatter| 1.920e-05| 3.406e-04                         
       0.Info>>        sd:c:block| 3.121e-03| 8.160e-03                         
       0.Info>>         sd:c:init| 1.442e-03| 3.365e-03                         
       0.Info>>       sd:c:reduce| 0.000e+00| 7.353e-08                         
       0.Info>>         sd:c:wait| 1.225e-08| 8.578e-08                         
       0.Info>>        sd:compute| 4.618e-03| 1.087e-02                         
       0.Info>>         sd:runner| 9.850e-02| 1.159e-01                         
       0.Info>>          sd:stage| 4.109e-04| 4.140e-04                         
       0.Info>> sd:worker:scatter| 1.898e-05| 1.270e-04                         
       0.Info>>    sd:worker:wait| 2.451e-08| 3.366e-03                         
       0.Info>>          sd:write| 7.353e-08| 6.495e-07                         
       0.Info>>           st:fill| 1.881e-05| 2.224e-05                         
       0.Info>>          st:first| 3.898e-04| 3.898e-04                         
       0.Info>>           st:load| 3.832e-04| 3.832e-04                         
       0.Info>>           st:wait| 1.593e-07| 3.906e-04                         
       0.Info>>-----------------------------------------------------------------
       0.Info>>Total runtime (s): 10.200481999999999                            
       0.Info>>Successfully finished... Have a nice day!                        
