       0.Info>>This software is being developed by Benjamin Lindner.                    
       0.Info>>For help, suggestions or correspondense use:                             
       0.Info>>ben@benlabs.net, Benjamin Lindner (Main Developer, Impl. & Maintenance)  
       0.Info>>franc@cmm.ki.si, Franci Merzel (Methodology)                             
       0.Info>>For publications include the following references:                       
       0.Info>>.........................................................................
       0.Info>>1. Sassena - X-ray and Neutron Scattering Calculated                     
       0.Info>>  from Molecular Dynamics Trajectories using Massively Parallel Computers
       0.Info>>  published as a Computer Program in Physics Paper                       
       0.Info>>.........................................................................
       0.Info>>Version Information: 1.4.2                                       
       0.Info>>                                                                 
       0.Info>>.................................................................
       0.Info>>......................D.E.S.C.R.I.P.T.I.O.N......................
       0.Info>>.................................................................
       0.Info>>This binary computes the scattering intensities directly from    
       0.Info>>a molecular dynamics trajectory.                                 
       0.Info>>.................................................................
       0.Info>>.................................................................
       0.Info>>...................I.N.I.T.I.A.L.I.Z.A.T.I.O.N...................
       0.Info>>.................................................................
       0.Info>>No configuration file specified. Will use default                
       0.Info>>Looking for configuration file: scatter.xml                      
       0.Info>>Reading parameters from XML file: scatter.xml                    
       0.Info>>Added frames from /home/amajumda/study/continuum_simulations/gitlab/continuum-to-scattering/data/100_100_100_50_50_50/single_atom_shrink/iteration_012/t000/pdb_dcd/sample.dcd using format: dcd
       0.Info>>Options: first=0, last=0, lastset=0, stride=1                    
       0.Info>>stager.target=system                                             
       0.Info>>scattering.type=all                                              
       0.Info>>scattering.dsp.type=square                                       
       0.Info>>scattering.average.orientation.type=vectors                      
       0.Info>>scattering.average.orientation.vectors.type=sphere               
       0.Info>>scattering.average.orientation.vectors.algorithm=boost_uniform_on_sphere
       0.Info>>scattering.average.orientation.vectors.resolution=100            
       0.Info>>Generating orientations for orientational averaging using sphere,boost_uniform_on_sphere
       0.Info>>Initialized orientational averaging with 100 vectors.            
       0.Info>>scattering.signal.file=signal.h5                                 
       0.Info>>scattering.signal.filepath=/home/amajumda/study/continuum_simulations/gitlab/continuum-to-scattering/data/100_100_100_50_50_50/single_atom_shrink/iteration_012/t000/signal.h5
       0.Info>>scattering.signal.fqt=1                                          
       0.Info>>scattering.signal.fq0=1                                          
       0.Info>>scattering.signal.fq=1                                           
       0.Info>>scattering.signal.fq2=1                                          
       0.Info>>Analyzing command line for parameter overwrites                  
       0.Info>>Reading database from file: /home/amajumda/study/continuum_simulations/gitlab/continuum-to-scattering/data/100_100_100_50_50_50/single_atom_shrink/iteration_012/t000/database/db-neutron-coherent.xml
       0.Info>>Checking database...                                             
       0.Info>>Testing mapping between PDB names and atom labels                
       0.Info>>Testing database completeness for referenced atom labels         
       0.Info>>Check succeeded. Database seems OK.                              
       0.Info>>Initializing sample...                                           
       0.Info>>Reading structure from file: /home/amajumda/study/continuum_simulations/gitlab/continuum-to-scattering/data/100_100_100_50_50_50/single_atom_shrink/iteration_012/t000/pdb_dcd/sample.pdb
       0.Info>>Done. Atoms read: 125000                                         
       0.Info>>Reading frames from: /home/amajumda/study/continuum_simulations/gitlab/continuum-to-scattering/data/100_100_100_50_50_50/single_atom_shrink/iteration_012/t000/pdb_dcd/sample.dcd
       0.Info>>Found 1 frames                                                   
       0.Info>>Total number of coordinate sets found: 1                         
       0.Info>>Exchanging sample, database & params information with compute nodes... 
       0.Info>>params...                                                        
       0.Info>>database...                                                      
       0.Info>>sample...                                                        
       0.Info>>.................................................................
       0.Info>>......................C.O.M.P.U.T.A.T.I.O.N......................
       0.Info>>.................................................................
       0.Info>>Setting up services...                                           
       0.Info>>Initializing data file service...                                
       0.Info>>Initializing monitor service...                                  
       0.Info>>Starting data file service...                                    
       0.Info>>Starting monitor service...                                      
       0.Info>>Services setup and running...                                    
       0.Info>>Checking /home/amajumda/study/continuum_simulations/gitlab/continuum-to-scattering/data/100_100_100_50_50_50/single_atom_shrink/iteration_012/t000/signal.h5 for old results.
       0.Info>>Broadcasting service information                                 
       0.Info>>Server host name    : hzglap02                                   
       0.Info>>FileService Port    : 33421                                      
       0.Info>>MonitorService Port : 43267                                      
       0.Info>>Setting up parallel environment...                               
       0.Info>>Searching for decomposition plan:                                
       0.Info>>nodes    = 8                                                     
       0.Info>>qvectors = 100                                                   
       0.Info>>frames   = 1                                                     
       0.Info>>atoms   = 125000                                                 
       0.Info>>All interference scattering detected. Applying frame decomposition.
       0.Info>>Automatic decomposition. Searching for best utilization.         
       0.Info>>Final decomposition parameters:                                  
       0.Info>>NN                : 8                                            
       0.Info>>NQ                : 100                                          
       0.Info>>NAF               : 1                                            
       0.Info>>NP                : 8                                            
       0.Info>>NNpP              : 1                                            
       0.Info>>NAFcycles         : 1                                            
       0.Info>>NQcycles          : 13                                           
       0.Info>>CompEl (WASTE/USE): 4/100                                        
       0.Info>>utilization(1=best)    : 0.96153846153846156                     
       0.Info>>Initializing Scatter Device, Vectors (all)                       
       0.Info>>Starting scattering...                                           
       0.Info>>Checking memory requirements for scattering calculation...       
       0.Info>>required limits.computation.memory.result_buffer=16              
       0.Info>>required limits.computation.memory.signal_buffer=16              
       0.Info>>required limits.computation.memory.exchange_buffer=0             
       0.Info>>required limits.computation.memory.alignpad_buffer=32            
       0.Info>>Memory limits ok                                                 
       0.Info>>Staging data...                                                  
       0.Info>>Forcing stager.mode=frames                                       
       0.Info>>Staging first partition.                                         
       0.Info>>Staging remaining partitions.                                    
       0.Info>>background scattering length set to 0                            
       0.Info>>Target initialized.                                              
       0.Info>>Target 'system' produces a background scattering length density of 0.0027742633416818212
       0.Info>>Starting computation...                                          
       0.Info>>Orientational averaging includes 100 vectors                     
       0.Info>>Setting progress sampling factor for monitoring to 1             
       0.Info>>Progress: 2.135%, ETOTAL: 64.906165765765763 s, ETA: 63.520668765765762 s
       0.Info>>Progress: 4.520%, ETOTAL: 30.694361992554512 s, ETA: 29.306966992554511 s
       0.Info>>Progress: 6.905%, ETOTAL: 20.135664701786958 s, ETA: 18.745206701786959 s
       0.Info>>Progress: 12.425%, ETOTAL: 11.345017759721415 s, ETA: 9.9353447597214153 s
       0.Info>>Progress: 22.830%, ETOTAL: 14.798484571107673 s, ETA: 11.419971571107673 s
       0.Info>>Progress: 30.330%, ETOTAL: 11.181845249920741 s, ETA: 7.7903772499207413 s
       0.Info>>Progress: 40.205%, ETOTAL: 8.5049225127551011 s, ETA: 5.0855075127551022 s
       0.Info>>Progress: 50.705%, ETOTAL: 10.665142149178253 s, ETA: 5.2573681491782542 s
       0.Info>>Progress: 60.830%, ETOTAL: 8.9905810843563891 s, ETA: 3.5215990843563914 s
       0.Info>>Progress: 70.455%, ETOTAL: 7.8774805204258005 s, ETA: 2.3273915204258024 s
       0.Info>>Progress: 82.705%, ETOTAL: 9.0163937374050533 s, ETA: 1.5593737374050542 s
       0.Info>>Scattering finished...                                           
       0.Info>>.................................................................
       0.Info>>.....................R.U.N...A.N.A.L.Y.S.I.S.....................
       0.Info>>.................................................................
       0.Info>>Aggregating timing information for performance analysis...       
       0.Info>>                                                                 
       0.Info>>                    Performance Analysis                         
       0.Info>>-----------------------------------------------------------------
       0.Info>> mean and total runtimes:                                        
       0.Info>>-----------------------------------------------------------------
       0.Info>>          measure |    total |       count |     mean |   stddev 
       0.Info>>-----------------------------------------------------------------
       0.Info>>   sd:c:b:dspstore| 3.738e-02|        10000| 3.738e-06| 2.118e-06
       0.Info>>    sd:c:b:scatter| 4.337e+01|        10000| 4.337e-03| 7.189e-04
       0.Info>>        sd:c:block| 4.356e+01|          100| 4.356e-01| 3.619e-02
       0.Info>>         sd:c:init| 1.545e+01|          100| 1.545e-01| 2.720e-02
       0.Info>>       sd:c:reduce| 1.040e-04|          100| 1.040e-06| 5.161e-07
       0.Info>>         sd:c:wait| 1.620e-04|          100| 1.620e-06| 5.833e-07
       0.Info>>        sd:compute| 5.901e+01|          100| 5.901e-01| 5.040e-02
       0.Info>>         sd:runner| 5.901e+01|            8| 7.376e+00| 0.000e+00
       0.Info>>          sd:stage| 2.271e-01|            8| 2.839e-02| 0.000e+00
       0.Info>> sd:worker:scatter| 4.303e+01|        10000| 4.303e-03| 7.115e-04
       0.Info>>    sd:worker:wait| 1.588e+01|        10000| 1.588e-03| 1.565e-02
       0.Info>>          sd:write| 9.640e-04|          100| 9.640e-06| 7.121e-06
       0.Info>>           st:fill| 3.755e-02|            8| 4.694e-03| 0.000e+00
       0.Info>>          st:first| 2.349e-02|            1| 2.349e-02| 0.000e+00
       0.Info>>           st:load| 2.297e-02|            1| 2.297e-02| 0.000e+00
       0.Info>>           st:wait| 1.648e-01|            8| 2.060e-02| 0.000e+00
       0.Info>>-----------------------------------------------------------------
       0.Info>>-----------------------------------------------------------------
       0.Info>> watermarks:                                                     
       0.Info>>-----------------------------------------------------------------
       0.Info>>          measure |      min |      max                          
       0.Info>>-----------------------------------------------------------------
       0.Info>>   sd:c:b:dspstore| 2.000e-06| 7.400e-05                         
       0.Info>>    sd:c:b:scatter| 1.532e-03| 1.149e-02                         
       0.Info>>        sd:c:block| 1.610e-01| 5.193e-01                         
       0.Info>>         sd:c:init| 1.178e-01| 2.390e-01                         
       0.Info>>       sd:c:reduce| 0.000e+00| 2.000e-06                         
       0.Info>>         sd:c:wait| 1.000e-06| 4.000e-06                         
       0.Info>>        sd:compute| 2.823e-01| 7.376e-01                         
       0.Info>>         sd:runner| 6.393e+00| 7.897e+00                         
       0.Info>>          sd:stage| 2.811e-02| 2.885e-02                         
       0.Info>> sd:worker:scatter| 1.513e-03| 1.145e-02                         
       0.Info>>    sd:worker:wait| 2.000e-06| 2.391e-01                         
       0.Info>>          sd:write| 5.000e-06| 4.600e-05                         
       0.Info>>           st:fill| 4.486e-03| 5.226e-03                         
       0.Info>>          st:first| 2.349e-02| 2.349e-02                         
       0.Info>>           st:load| 2.297e-02| 2.297e-02                         
       0.Info>>           st:wait| 9.000e-06| 2.363e-02                         
       0.Info>>-----------------------------------------------------------------
       0.Info>>                                                                 
       0.Info>>         Performance Analysis (relative to total time * nodes)   
       0.Info>>-----------------------------------------------------------------
       0.Info>> mean and total runtimes:                                        
       0.Info>>-----------------------------------------------------------------
       0.Info>>          measure |    total |       count |     mean |   stddev 
       0.Info>>-----------------------------------------------------------------
       0.Info>>   sd:c:b:dspstore| 5.615e-04|        10000| 5.615e-08| 2.595e-07
       0.Info>>    sd:c:b:scatter| 6.515e-01|        10000| 6.515e-05| 8.810e-05
       0.Info>>        sd:c:block| 6.542e-01|          100| 6.542e-03| 4.435e-03
       0.Info>>         sd:c:init| 2.321e-01|          100| 2.321e-03| 3.333e-03
       0.Info>>       sd:c:reduce| 1.562e-06|          100| 1.562e-08| 6.325e-08
       0.Info>>         sd:c:wait| 2.433e-06|          100| 2.433e-08| 7.148e-08
       0.Info>>        sd:compute| 8.863e-01|          100| 8.863e-03| 6.177e-03
       0.Info>>         sd:runner| 8.864e-01|            8| 1.108e-01| 0.000e+00
       0.Info>>          sd:stage| 3.411e-03|            8| 4.264e-04| 0.000e+00
       0.Info>> sd:worker:scatter| 6.464e-01|        10000| 6.464e-05| 8.720e-05
       0.Info>>    sd:worker:wait| 2.385e-01|        10000| 2.385e-05| 1.918e-03
       0.Info>>          sd:write| 1.448e-05|          100| 1.448e-07| 8.728e-07
       0.Info>>           st:fill| 5.640e-04|            8| 7.050e-05| 0.000e+00
       0.Info>>          st:first| 3.529e-04|            1| 3.529e-04| 0.000e+00
       0.Info>>           st:load| 3.450e-04|            1| 3.450e-04| 0.000e+00
       0.Info>>           st:wait| 2.476e-03|            8| 3.095e-04| 0.000e+00
       0.Info>>-----------------------------------------------------------------
       0.Info>>-----------------------------------------------------------------
       0.Info>> watermarks:                                                     
       0.Info>>-----------------------------------------------------------------
       0.Info>>          measure |      min |      max                          
       0.Info>>-----------------------------------------------------------------
       0.Info>>   sd:c:b:dspstore| 3.004e-08| 1.112e-06                         
       0.Info>>    sd:c:b:scatter| 2.301e-05| 1.726e-04                         
       0.Info>>        sd:c:block| 2.419e-03| 7.801e-03                         
       0.Info>>         sd:c:init| 1.770e-03| 3.590e-03                         
       0.Info>>       sd:c:reduce| 0.000e+00| 3.004e-08                         
       0.Info>>         sd:c:wait| 1.502e-08| 6.008e-08                         
       0.Info>>        sd:compute| 4.240e-03| 1.108e-02                         
       0.Info>>         sd:runner| 9.603e-02| 1.186e-01                         
       0.Info>>          sd:stage| 4.222e-04| 4.333e-04                         
       0.Info>> sd:worker:scatter| 2.273e-05| 1.720e-04                         
       0.Info>>    sd:worker:wait| 3.004e-08| 3.591e-03                         
       0.Info>>          sd:write| 7.510e-08| 6.909e-07                         
       0.Info>>           st:fill| 6.738e-05| 7.850e-05                         
       0.Info>>          st:first| 3.529e-04| 3.529e-04                         
       0.Info>>           st:load| 3.450e-04| 3.450e-04                         
       0.Info>>           st:wait| 1.352e-07| 3.549e-04                         
       0.Info>>-----------------------------------------------------------------
       0.Info>>Total runtime (s): 8.3219969999999996                            
       0.Info>>Successfully finished... Have a nice day!                        
