       0.Info>>This software is being developed by Benjamin Lindner.                    
       0.Info>>For help, suggestions or correspondense use:                             
       0.Info>>ben@benlabs.net, Benjamin Lindner (Main Developer, Impl. & Maintenance)  
       0.Info>>franc@cmm.ki.si, Franci Merzel (Methodology)                             
       0.Info>>For publications include the following references:                       
       0.Info>>.........................................................................
       0.Info>>1. Sassena - X-ray and Neutron Scattering Calculated                     
       0.Info>>  from Molecular Dynamics Trajectories using Massively Parallel Computers
       0.Info>>  published as a Computer Program in Physics Paper                       
       0.Info>>.........................................................................
       0.Info>>Version Information: 1.4.2                                       
       0.Info>>                                                                 
       0.Info>>.................................................................
       0.Info>>......................D.E.S.C.R.I.P.T.I.O.N......................
       0.Info>>.................................................................
       0.Info>>This binary computes the scattering intensities directly from    
       0.Info>>a molecular dynamics trajectory.                                 
       0.Info>>.................................................................
       0.Info>>.................................................................
       0.Info>>...................I.N.I.T.I.A.L.I.Z.A.T.I.O.N...................
       0.Info>>.................................................................
       0.Info>>No configuration file specified. Will use default                
       0.Info>>Looking for configuration file: scatter.xml                      
       0.Info>>Reading parameters from XML file: scatter.xml                    
       0.Info>>Added frames from /home/amajumda/study/continuum_simulations/gitlab/continuum-to-scattering/data/100_100_100_50_50_50/single_atom_shrink/iteration_008/t001/pdb_dcd/sample.dcd using format: dcd
       0.Info>>Options: first=0, last=0, lastset=0, stride=1                    
       0.Info>>stager.target=system                                             
       0.Info>>scattering.type=all                                              
       0.Info>>scattering.dsp.type=square                                       
       0.Info>>scattering.average.orientation.type=vectors                      
       0.Info>>scattering.average.orientation.vectors.type=sphere               
       0.Info>>scattering.average.orientation.vectors.algorithm=boost_uniform_on_sphere
       0.Info>>scattering.average.orientation.vectors.resolution=100            
       0.Info>>Generating orientations for orientational averaging using sphere,boost_uniform_on_sphere
       0.Info>>Initialized orientational averaging with 100 vectors.            
       0.Info>>scattering.signal.file=signal.h5                                 
       0.Info>>scattering.signal.filepath=/home/amajumda/study/continuum_simulations/gitlab/continuum-to-scattering/data/100_100_100_50_50_50/single_atom_shrink/iteration_008/t001/signal.h5
       0.Info>>scattering.signal.fqt=1                                          
       0.Info>>scattering.signal.fq0=1                                          
       0.Info>>scattering.signal.fq=1                                           
       0.Info>>scattering.signal.fq2=1                                          
       0.Info>>Analyzing command line for parameter overwrites                  
       0.Info>>Reading database from file: /home/amajumda/study/continuum_simulations/gitlab/continuum-to-scattering/data/100_100_100_50_50_50/single_atom_shrink/iteration_008/t001/database/db-neutron-coherent.xml
       0.Info>>Checking database...                                             
       0.Info>>Testing mapping between PDB names and atom labels                
       0.Info>>Testing database completeness for referenced atom labels         
       0.Info>>Check succeeded. Database seems OK.                              
       0.Info>>Initializing sample...                                           
       0.Info>>Reading structure from file: /home/amajumda/study/continuum_simulations/gitlab/continuum-to-scattering/data/100_100_100_50_50_50/single_atom_shrink/iteration_008/t001/pdb_dcd/sample.pdb
       0.Info>>Done. Atoms read: 125000                                         
       0.Info>>Reading frames from: /home/amajumda/study/continuum_simulations/gitlab/continuum-to-scattering/data/100_100_100_50_50_50/single_atom_shrink/iteration_008/t001/pdb_dcd/sample.dcd
       0.Info>>Found 1 frames                                                   
       0.Info>>Total number of coordinate sets found: 1                         
       0.Info>>Exchanging sample, database & params information with compute nodes... 
       0.Info>>params...                                                        
       0.Info>>database...                                                      
       0.Info>>sample...                                                        
       0.Info>>.................................................................
       0.Info>>......................C.O.M.P.U.T.A.T.I.O.N......................
       0.Info>>.................................................................
       0.Info>>Setting up services...                                           
       0.Info>>Initializing data file service...                                
       0.Info>>Initializing monitor service...                                  
       0.Info>>Starting data file service...                                    
       0.Info>>Starting monitor service...                                      
       0.Info>>Services setup and running...                                    
       0.Info>>Checking /home/amajumda/study/continuum_simulations/gitlab/continuum-to-scattering/data/100_100_100_50_50_50/single_atom_shrink/iteration_008/t001/signal.h5 for old results.
       0.Info>>Broadcasting service information                                 
       0.Info>>Server host name    : hzglap02                                   
       0.Info>>FileService Port    : 38451                                      
       0.Info>>MonitorService Port : 33847                                      
       0.Info>>Setting up parallel environment...                               
       0.Info>>Searching for decomposition plan:                                
       0.Info>>nodes    = 8                                                     
       0.Info>>qvectors = 100                                                   
       0.Info>>frames   = 1                                                     
       0.Info>>atoms   = 125000                                                 
       0.Info>>All interference scattering detected. Applying frame decomposition.
       0.Info>>Automatic decomposition. Searching for best utilization.         
       0.Info>>Final decomposition parameters:                                  
       0.Info>>NN                : 8                                            
       0.Info>>NQ                : 100                                          
       0.Info>>NAF               : 1                                            
       0.Info>>NP                : 8                                            
       0.Info>>NNpP              : 1                                            
       0.Info>>NAFcycles         : 1                                            
       0.Info>>NQcycles          : 13                                           
       0.Info>>CompEl (WASTE/USE): 4/100                                        
       0.Info>>utilization(1=best)    : 0.96153846153846156                     
       0.Info>>Initializing Scatter Device, Vectors (all)                       
       0.Info>>Starting scattering...                                           
       0.Info>>Checking memory requirements for scattering calculation...       
       0.Info>>required limits.computation.memory.result_buffer=16              
       0.Info>>required limits.computation.memory.signal_buffer=16              
       0.Info>>required limits.computation.memory.exchange_buffer=0             
       0.Info>>required limits.computation.memory.alignpad_buffer=32            
       0.Info>>Memory limits ok                                                 
       0.Info>>Staging data...                                                  
       0.Info>>Forcing stager.mode=frames                                       
       0.Info>>Staging first partition.                                         
       0.Info>>Staging remaining partitions.                                    
       0.Info>>background scattering length set to 0                            
       0.Info>>Target initialized.                                              
       0.Info>>Target 'system' produces a background scattering length density of 0.0020252317963871417
       0.Info>>Starting computation...                                          
       0.Info>>Orientational averaging includes 100 vectors                     
       0.Info>>Setting progress sampling factor for monitoring to 1             
       0.Info>>Progress: 1.760%, ETOTAL: 54.617921893491122 s, ETA: 53.656418893491121 s
       0.Info>>Progress: 3.260%, ETOTAL: 29.935959105431309 s, ETA: 28.959922105431307 s
       0.Info>>Progress: 5.396%, ETOTAL: 18.090959073359077 s, ETA: 17.114801073359075 s
       0.Info>>Progress: 10.146%, ETOTAL: 9.6294406570841886 s, ETA: 8.6524536570841892 s
       0.Info>>Progress: 22.936%, ETOTAL: 12.980106875349357 s, ETA: 10.003002875349356 s
       0.Info>>Progress: 33.071%, ETOTAL: 9.3299460360534994 s, ETA: 6.2444850360534989 s
       0.Info>>Progress: 40.580%, ETOTAL: 7.8093617249822298 s, ETA: 4.6403127249822296 s
       0.Info>>Progress: 50.705%, ETOTAL: 9.8704769658659934 s, ETA: 4.8656389658659931 s
       0.Info>>Progress: 60.705%, ETOTAL: 8.4450871805702228 s, ETA: 3.3184861805702219 s
       0.Info>>Progress: 72.705%, ETOTAL: 9.6122655616293429 s, ETA: 2.6236555616293424 s
       0.Info>>Progress: 82.205%, ETOTAL: 8.5333849033063007 s, ETA: 1.5185049033062992 s
       0.Info>>Scattering finished...                                           
       0.Info>>.................................................................
       0.Info>>.....................R.U.N...A.N.A.L.Y.S.I.S.....................
       0.Info>>.................................................................
       0.Info>>Aggregating timing information for performance analysis...       
       0.Info>>                                                                 
       0.Info>>                    Performance Analysis                         
       0.Info>>-----------------------------------------------------------------
       0.Info>> mean and total runtimes:                                        
       0.Info>>-----------------------------------------------------------------
       0.Info>>          measure |    total |       count |     mean |   stddev 
       0.Info>>-----------------------------------------------------------------
       0.Info>>   sd:c:b:dspstore| 3.724e-02|        10000| 3.724e-06| 2.175e-06
       0.Info>>    sd:c:b:scatter| 4.422e+01|        10000| 4.422e-03| 7.971e-04
       0.Info>>        sd:c:block| 4.440e+01|          100| 4.440e-01| 3.593e-02
       0.Info>>         sd:c:init| 1.570e+01|          100| 1.570e-01| 3.548e-02
       0.Info>>       sd:c:reduce| 1.100e-04|          100| 1.100e-06| 5.251e-07
       0.Info>>         sd:c:wait| 1.810e-04|          100| 1.810e-06| 5.506e-07
       0.Info>>        sd:compute| 6.011e+01|          100| 6.011e-01| 5.443e-02
       0.Info>>         sd:runner| 6.011e+01|            8| 7.514e+00| 0.000e+00
       0.Info>>          sd:stage| 1.911e-01|            8| 2.389e-02| 0.000e+00
       0.Info>> sd:worker:scatter| 4.383e+01|        10000| 4.383e-03| 7.751e-04
       0.Info>>    sd:worker:wait| 1.618e+01|        10000| 1.618e-03| 1.604e-02
       0.Info>>          sd:write| 1.051e-03|          100| 1.051e-05| 7.289e-06
       0.Info>>           st:fill| 1.215e-02|            8| 1.519e-03| 0.000e+00
       0.Info>>          st:first| 2.225e-02|            1| 2.225e-02| 0.000e+00
       0.Info>>           st:load| 2.193e-02|            1| 2.193e-02| 0.000e+00
       0.Info>>           st:wait| 1.560e-01|            8| 1.950e-02| 0.000e+00
       0.Info>>-----------------------------------------------------------------
       0.Info>>-----------------------------------------------------------------
       0.Info>> watermarks:                                                     
       0.Info>>-----------------------------------------------------------------
       0.Info>>          measure |      min |      max                          
       0.Info>>-----------------------------------------------------------------
       0.Info>>   sd:c:b:dspstore| 2.000e-06| 7.400e-05                         
       0.Info>>    sd:c:b:scatter| 1.536e-03| 1.645e-02                         
       0.Info>>        sd:c:block| 1.685e-01| 5.083e-01                         
       0.Info>>         sd:c:init| 1.184e-01| 2.442e-01                         
       0.Info>>       sd:c:reduce| 0.000e+00| 2.000e-06                         
       0.Info>>         sd:c:wait| 1.000e-06| 3.000e-06                         
       0.Info>>        sd:compute| 2.925e-01| 7.179e-01                         
       0.Info>>         sd:runner| 6.427e+00| 7.963e+00                         
       0.Info>>          sd:stage| 2.372e-02| 2.400e-02                         
       0.Info>> sd:worker:scatter| 1.517e-03| 6.867e-03                         
       0.Info>>    sd:worker:wait| 2.000e-06| 2.444e-01                         
       0.Info>>          sd:write| 5.000e-06| 4.200e-05                         
       0.Info>>           st:fill| 1.351e-03| 1.628e-03                         
       0.Info>>          st:first| 2.225e-02| 2.225e-02                         
       0.Info>>           st:load| 2.193e-02| 2.193e-02                         
       0.Info>>           st:wait| 9.000e-06| 2.228e-02                         
       0.Info>>-----------------------------------------------------------------
       0.Info>>                                                                 
       0.Info>>         Performance Analysis (relative to total time * nodes)   
       0.Info>>-----------------------------------------------------------------
       0.Info>> mean and total runtimes:                                        
       0.Info>>-----------------------------------------------------------------
       0.Info>>          measure |    total |       count |     mean |   stddev 
       0.Info>>-----------------------------------------------------------------
       0.Info>>   sd:c:b:dspstore| 5.552e-04|        10000| 5.552e-08| 2.656e-07
       0.Info>>    sd:c:b:scatter| 6.593e-01|        10000| 6.593e-05| 9.733e-05
       0.Info>>        sd:c:block| 6.620e-01|          100| 6.620e-03| 4.388e-03
       0.Info>>         sd:c:init| 2.341e-01|          100| 2.341e-03| 4.332e-03
       0.Info>>       sd:c:reduce| 1.640e-06|          100| 1.640e-08| 6.412e-08
       0.Info>>         sd:c:wait| 2.699e-06|          100| 2.699e-08| 6.724e-08
       0.Info>>        sd:compute| 8.961e-01|          100| 8.961e-03| 6.646e-03
       0.Info>>         sd:runner| 8.962e-01|            8| 1.120e-01| 0.000e+00
       0.Info>>          sd:stage| 2.849e-03|            8| 3.561e-04| 0.000e+00
       0.Info>> sd:worker:scatter| 6.535e-01|        10000| 6.535e-05| 9.464e-05
       0.Info>>    sd:worker:wait| 2.412e-01|        10000| 2.412e-05| 1.959e-03
       0.Info>>          sd:write| 1.567e-05|          100| 1.567e-07| 8.900e-07
       0.Info>>           st:fill| 1.811e-04|            8| 2.264e-05| 0.000e+00
       0.Info>>          st:first| 3.317e-04|            1| 3.317e-04| 0.000e+00
       0.Info>>           st:load| 3.270e-04|            1| 3.270e-04| 0.000e+00
       0.Info>>           st:wait| 2.326e-03|            8| 2.907e-04| 0.000e+00
       0.Info>>-----------------------------------------------------------------
       0.Info>>-----------------------------------------------------------------
       0.Info>> watermarks:                                                     
       0.Info>>-----------------------------------------------------------------
       0.Info>>          measure |      min |      max                          
       0.Info>>-----------------------------------------------------------------
       0.Info>>   sd:c:b:dspstore| 2.982e-08| 1.103e-06                         
       0.Info>>    sd:c:b:scatter| 2.290e-05| 2.453e-04                         
       0.Info>>        sd:c:block| 2.512e-03| 7.578e-03                         
       0.Info>>         sd:c:init| 1.766e-03| 3.642e-03                         
       0.Info>>       sd:c:reduce| 0.000e+00| 2.982e-08                         
       0.Info>>         sd:c:wait| 1.491e-08| 4.473e-08                         
       0.Info>>        sd:compute| 4.362e-03| 1.070e-02                         
       0.Info>>         sd:runner| 9.583e-02| 1.187e-01                         
       0.Info>>          sd:stage| 3.537e-04| 3.578e-04                         
       0.Info>> sd:worker:scatter| 2.262e-05| 1.024e-04                         
       0.Info>>    sd:worker:wait| 2.982e-08| 3.643e-03                         
       0.Info>>          sd:write| 7.455e-08| 6.262e-07                         
       0.Info>>           st:fill| 2.014e-05| 2.427e-05                         
       0.Info>>          st:first| 3.317e-04| 3.317e-04                         
       0.Info>>           st:load| 3.270e-04| 3.270e-04                         
       0.Info>>           st:wait| 1.342e-07| 3.322e-04                         
       0.Info>>-----------------------------------------------------------------
       0.Info>>Total runtime (s): 8.3839439999999996                            
       0.Info>>Successfully finished... Have a nice day!                        
