       0.Info>>This software is being developed by Benjamin Lindner.                    
       0.Info>>For help, suggestions or correspondense use:                             
       0.Info>>ben@benlabs.net, Benjamin Lindner (Main Developer, Impl. & Maintenance)  
       0.Info>>franc@cmm.ki.si, Franci Merzel (Methodology)                             
       0.Info>>For publications include the following references:                       
       0.Info>>.........................................................................
       0.Info>>1. Sassena - X-ray and Neutron Scattering Calculated                     
       0.Info>>  from Molecular Dynamics Trajectories using Massively Parallel Computers
       0.Info>>  published as a Computer Program in Physics Paper                       
       0.Info>>.........................................................................
       0.Info>>Version Information: 1.4.2                                       
       0.Info>>                                                                 
       0.Info>>.................................................................
       0.Info>>......................D.E.S.C.R.I.P.T.I.O.N......................
       0.Info>>.................................................................
       0.Info>>This binary computes the scattering intensities directly from    
       0.Info>>a molecular dynamics trajectory.                                 
       0.Info>>.................................................................
       0.Info>>.................................................................
       0.Info>>...................I.N.I.T.I.A.L.I.Z.A.T.I.O.N...................
       0.Info>>.................................................................
       0.Info>>No configuration file specified. Will use default                
       0.Info>>Looking for configuration file: scatter.xml                      
       0.Info>>Reading parameters from XML file: scatter.xml                    
       0.Info>>Added frames from /home/amajumda/study/continuum_simulations/gitlab/continuum-to-scattering/data/100_100_100_50_50_50/single_atom_shrink/iteration_001/t005/pdb_dcd/sample.dcd using format: dcd
       0.Info>>Options: first=0, last=0, lastset=0, stride=1                    
       0.Info>>stager.target=system                                             
       0.Info>>scattering.type=all                                              
       0.Info>>scattering.dsp.type=square                                       
       0.Info>>scattering.average.orientation.type=vectors                      
       0.Info>>scattering.average.orientation.vectors.type=sphere               
       0.Info>>scattering.average.orientation.vectors.algorithm=boost_uniform_on_sphere
       0.Info>>scattering.average.orientation.vectors.resolution=100            
       0.Info>>Generating orientations for orientational averaging using sphere,boost_uniform_on_sphere
       0.Info>>Initialized orientational averaging with 100 vectors.            
       0.Info>>scattering.signal.file=signal.h5                                 
       0.Info>>scattering.signal.filepath=/home/amajumda/study/continuum_simulations/gitlab/continuum-to-scattering/data/100_100_100_50_50_50/single_atom_shrink/iteration_001/t005/signal.h5
       0.Info>>scattering.signal.fqt=1                                          
       0.Info>>scattering.signal.fq0=1                                          
       0.Info>>scattering.signal.fq=1                                           
       0.Info>>scattering.signal.fq2=1                                          
       0.Info>>Analyzing command line for parameter overwrites                  
       0.Info>>Reading database from file: /home/amajumda/study/continuum_simulations/gitlab/continuum-to-scattering/data/100_100_100_50_50_50/single_atom_shrink/iteration_001/t005/database/db-neutron-coherent.xml
       0.Info>>Checking database...                                             
       0.Info>>Testing mapping between PDB names and atom labels                
       0.Info>>Testing database completeness for referenced atom labels         
       0.Info>>Check succeeded. Database seems OK.                              
       0.Info>>Initializing sample...                                           
       0.Info>>Reading structure from file: /home/amajumda/study/continuum_simulations/gitlab/continuum-to-scattering/data/100_100_100_50_50_50/single_atom_shrink/iteration_001/t005/pdb_dcd/sample.pdb
       0.Info>>Done. Atoms read: 125000                                         
       0.Info>>Reading frames from: /home/amajumda/study/continuum_simulations/gitlab/continuum-to-scattering/data/100_100_100_50_50_50/single_atom_shrink/iteration_001/t005/pdb_dcd/sample.dcd
       0.Info>>Found 1 frames                                                   
       0.Info>>Total number of coordinate sets found: 1                         
       0.Info>>Exchanging sample, database & params information with compute nodes... 
       0.Info>>params...                                                        
       0.Info>>database...                                                      
       0.Info>>sample...                                                        
       0.Info>>.................................................................
       0.Info>>......................C.O.M.P.U.T.A.T.I.O.N......................
       0.Info>>.................................................................
       0.Info>>Setting up services...                                           
       0.Info>>Initializing data file service...                                
       0.Info>>Initializing monitor service...                                  
       0.Info>>Starting data file service...                                    
       0.Info>>Starting monitor service...                                      
       0.Info>>Services setup and running...                                    
       0.Info>>Checking /home/amajumda/study/continuum_simulations/gitlab/continuum-to-scattering/data/100_100_100_50_50_50/single_atom_shrink/iteration_001/t005/signal.h5 for old results.
       0.Info>>Broadcasting service information                                 
       0.Info>>Server host name    : hzglap02                                   
       0.Info>>FileService Port    : 35123                                      
       0.Info>>MonitorService Port : 43271                                      
       0.Info>>Setting up parallel environment...                               
       0.Info>>Searching for decomposition plan:                                
       0.Info>>nodes    = 8                                                     
       0.Info>>qvectors = 100                                                   
       0.Info>>frames   = 1                                                     
       0.Info>>atoms   = 125000                                                 
       0.Info>>All interference scattering detected. Applying frame decomposition.
       0.Info>>Automatic decomposition. Searching for best utilization.         
       0.Info>>Final decomposition parameters:                                  
       0.Info>>NN                : 8                                            
       0.Info>>NQ                : 100                                          
       0.Info>>NAF               : 1                                            
       0.Info>>NP                : 8                                            
       0.Info>>NNpP              : 1                                            
       0.Info>>NAFcycles         : 1                                            
       0.Info>>NQcycles          : 13                                           
       0.Info>>CompEl (WASTE/USE): 4/100                                        
       0.Info>>utilization(1=best)    : 0.96153846153846156                     
       0.Info>>Initializing Scatter Device, Vectors (all)                       
       0.Info>>Starting scattering...                                           
       0.Info>>Checking memory requirements for scattering calculation...       
       0.Info>>required limits.computation.memory.result_buffer=16              
       0.Info>>required limits.computation.memory.signal_buffer=16              
       0.Info>>required limits.computation.memory.exchange_buffer=0             
       0.Info>>required limits.computation.memory.alignpad_buffer=32            
       0.Info>>Memory limits ok                                                 
       0.Info>>Staging data...                                                  
       0.Info>>Forcing stager.mode=frames                                       
       0.Info>>Staging first partition.                                         
       0.Info>>Staging remaining partitions.                                    
       0.Info>>background scattering length set to 0                            
       0.Info>>Target initialized.                                              
       0.Info>>Target 'system' produces a background scattering length density of 0.00095742181275558437
       0.Info>>Starting computation...                                          
       0.Info>>Orientational averaging includes 100 vectors                     
       0.Info>>Setting progress sampling factor for monitoring to 1             
       0.Info>>Progress: 3.260%, ETOTAL: 43.015606389776359 s, ETA: 41.613118389776361 s
       0.Info>>Progress: 5.771%, ETOTAL: 24.460696028880868 s, ETA: 23.049110028880868 s
       0.Info>>Progress: 10.791%, ETOTAL: 13.219403163288037 s, ETA: 11.792915163288036 s
       0.Info>>Progress: 20.455%, ETOTAL: 7.0739766844249461 s, ETA: 5.6269856844249464 s
       0.Info>>Progress: 31.830%, ETOTAL: 10.726089376699225 s, ETA: 7.3119613766992249 s
       0.Info>>Progress: 42.205%, ETOTAL: 8.1426100243013373 s, ETA: 4.7060110243013371 s
       0.Info>>Progress: 53.330%, ETOTAL: 10.134916569505378 s, ETA: 4.7299525695053788 s
       0.Info>>Progress: 62.955%, ETOTAL: 8.6235103553609598 s, ETA: 3.1945683553609605 s
       0.Info>>Progress: 72.580%, ETOTAL: 7.499228968867298 s, ETA: 2.0562789688672991 s
       0.Info>>Progress: 82.580%, ETOTAL: 8.977045883951094 s, ETA: 1.5637898839510962 s
       0.Info>>Scattering finished...                                           
       0.Info>>.................................................................
       0.Info>>.....................R.U.N...A.N.A.L.Y.S.I.S.....................
       0.Info>>.................................................................
       0.Info>>Aggregating timing information for performance analysis...       
       0.Info>>                                                                 
       0.Info>>                    Performance Analysis                         
       0.Info>>-----------------------------------------------------------------
       0.Info>> mean and total runtimes:                                        
       0.Info>>-----------------------------------------------------------------
       0.Info>>          measure |    total |       count |     mean |   stddev 
       0.Info>>-----------------------------------------------------------------
       0.Info>>   sd:c:b:dspstore| 3.596e-02|        10000| 3.596e-06| 1.959e-06
       0.Info>>    sd:c:b:scatter| 4.254e+01|        10000| 4.254e-03| 6.981e-04
       0.Info>>        sd:c:block| 4.272e+01|          100| 4.272e-01| 3.481e-02
       0.Info>>         sd:c:init| 1.412e+01|          100| 1.412e-01| 2.790e-02
       0.Info>>       sd:c:reduce| 1.080e-04|          100| 1.080e-06| 5.112e-07
       0.Info>>         sd:c:wait| 1.600e-04|          100| 1.600e-06| 5.385e-07
       0.Info>>        sd:compute| 5.684e+01|          100| 5.684e-01| 4.612e-02
       0.Info>>         sd:runner| 5.684e+01|            8| 7.105e+00| 0.000e+00
       0.Info>>          sd:stage| 1.951e-01|            8| 2.439e-02| 0.000e+00
       0.Info>> sd:worker:scatter| 4.221e+01|        10000| 4.221e-03| 6.868e-04
       0.Info>>    sd:worker:wait| 1.453e+01|        10000| 1.453e-03| 1.436e-02
       0.Info>>          sd:write| 9.370e-04|          100| 9.370e-06| 6.681e-06
       0.Info>>           st:fill| 1.206e-02|            8| 1.508e-03| 0.000e+00
       0.Info>>          st:first| 2.276e-02|            1| 2.276e-02| 0.000e+00
       0.Info>>           st:load| 2.235e-02|            1| 2.235e-02| 0.000e+00
       0.Info>>           st:wait| 1.596e-01|            8| 1.995e-02| 0.000e+00
       0.Info>>-----------------------------------------------------------------
       0.Info>>-----------------------------------------------------------------
       0.Info>> watermarks:                                                     
       0.Info>>-----------------------------------------------------------------
       0.Info>>          measure |      min |      max                          
       0.Info>>-----------------------------------------------------------------
       0.Info>>   sd:c:b:dspstore| 2.000e-06| 7.300e-05                         
       0.Info>>    sd:c:b:scatter| 1.454e-03| 1.035e-02                         
       0.Info>>        sd:c:block| 1.546e-01| 5.288e-01                         
       0.Info>>         sd:c:init| 1.130e-01| 2.291e-01                         
       0.Info>>       sd:c:reduce| 0.000e+00| 2.000e-06                         
       0.Info>>         sd:c:wait| 1.000e-06| 3.000e-06                         
       0.Info>>        sd:compute| 2.677e-01| 7.179e-01                         
       0.Info>>         sd:runner| 5.697e+00| 7.548e+00                         
       0.Info>>          sd:stage| 2.424e-02| 2.445e-02                         
       0.Info>> sd:worker:scatter| 1.431e-03| 8.946e-03                         
       0.Info>>    sd:worker:wait| 1.000e-06| 2.292e-01                         
       0.Info>>          sd:write| 5.000e-06| 4.900e-05                         
       0.Info>>           st:fill| 1.344e-03| 1.571e-03                         
       0.Info>>          st:first| 2.276e-02| 2.276e-02                         
       0.Info>>           st:load| 2.235e-02| 2.235e-02                         
       0.Info>>           st:wait| 1.100e-05| 2.280e-02                         
       0.Info>>-----------------------------------------------------------------
       0.Info>>                                                                 
       0.Info>>         Performance Analysis (relative to total time * nodes)   
       0.Info>>-----------------------------------------------------------------
       0.Info>> mean and total runtimes:                                        
       0.Info>>-----------------------------------------------------------------
       0.Info>>          measure |    total |       count |     mean |   stddev 
       0.Info>>-----------------------------------------------------------------
       0.Info>>   sd:c:b:dspstore| 5.624e-04|        10000| 5.624e-08| 2.450e-07
       0.Info>>    sd:c:b:scatter| 6.654e-01|        10000| 6.654e-05| 8.731e-05
       0.Info>>        sd:c:block| 6.681e-01|          100| 6.681e-03| 4.354e-03
       0.Info>>         sd:c:init| 2.208e-01|          100| 2.208e-03| 3.489e-03
       0.Info>>       sd:c:reduce| 1.689e-06|          100| 1.689e-08| 6.393e-08
       0.Info>>         sd:c:wait| 2.502e-06|          100| 2.502e-08| 6.735e-08
       0.Info>>        sd:compute| 8.890e-01|          100| 8.890e-03| 5.767e-03
       0.Info>>         sd:runner| 8.890e-01|            8| 1.111e-01| 0.000e+00
       0.Info>>          sd:stage| 3.052e-03|            8| 3.815e-04| 0.000e+00
       0.Info>> sd:worker:scatter| 6.602e-01|        10000| 6.602e-05| 8.590e-05
       0.Info>>    sd:worker:wait| 2.272e-01|        10000| 2.272e-05| 1.795e-03
       0.Info>>          sd:write| 1.465e-05|          100| 1.465e-07| 8.355e-07
       0.Info>>           st:fill| 1.887e-04|            8| 2.359e-05| 0.000e+00
       0.Info>>          st:first| 3.559e-04|            1| 3.559e-04| 0.000e+00
       0.Info>>           st:load| 3.496e-04|            1| 3.496e-04| 0.000e+00
       0.Info>>           st:wait| 2.496e-03|            8| 3.120e-04| 0.000e+00
       0.Info>>-----------------------------------------------------------------
       0.Info>>-----------------------------------------------------------------
       0.Info>> watermarks:                                                     
       0.Info>>-----------------------------------------------------------------
       0.Info>>          measure |      min |      max                          
       0.Info>>-----------------------------------------------------------------
       0.Info>>   sd:c:b:dspstore| 3.128e-08| 1.142e-06                         
       0.Info>>    sd:c:b:scatter| 2.274e-05| 1.619e-04                         
       0.Info>>        sd:c:block| 2.418e-03| 8.271e-03                         
       0.Info>>         sd:c:init| 1.768e-03| 3.583e-03                         
       0.Info>>       sd:c:reduce| 0.000e+00| 3.128e-08                         
       0.Info>>         sd:c:wait| 1.564e-08| 4.692e-08                         
       0.Info>>        sd:compute| 4.187e-03| 1.123e-02                         
       0.Info>>         sd:runner| 8.911e-02| 1.181e-01                         
       0.Info>>          sd:stage| 3.791e-04| 3.825e-04                         
       0.Info>> sd:worker:scatter| 2.238e-05| 1.399e-04                         
       0.Info>>    sd:worker:wait| 1.564e-08| 3.584e-03                         
       0.Info>>          sd:write| 7.820e-08| 7.664e-07                         
       0.Info>>           st:fill| 2.102e-05| 2.457e-05                         
       0.Info>>          st:first| 3.559e-04| 3.559e-04                         
       0.Info>>           st:load| 3.496e-04| 3.496e-04                         
       0.Info>>           st:wait| 1.720e-07| 3.566e-04                         
       0.Info>>-----------------------------------------------------------------
       0.Info>>Total runtime (s): 7.9922310000000003                            
       0.Info>>Successfully finished... Have a nice day!                        
