       0.Info>>This software is being developed by Benjamin Lindner.                    
       0.Info>>For help, suggestions or correspondense use:                             
       0.Info>>ben@benlabs.net, Benjamin Lindner (Main Developer, Impl. & Maintenance)  
       0.Info>>franc@cmm.ki.si, Franci Merzel (Methodology)                             
       0.Info>>For publications include the following references:                       
       0.Info>>.........................................................................
       0.Info>>1. Sassena - X-ray and Neutron Scattering Calculated                     
       0.Info>>  from Molecular Dynamics Trajectories using Massively Parallel Computers
       0.Info>>  published as a Computer Program in Physics Paper                       
       0.Info>>.........................................................................
       0.Info>>Version Information: 1.4.2                                       
       0.Info>>                                                                 
       0.Info>>.................................................................
       0.Info>>......................D.E.S.C.R.I.P.T.I.O.N......................
       0.Info>>.................................................................
       0.Info>>This binary computes the scattering intensities directly from    
       0.Info>>a molecular dynamics trajectory.                                 
       0.Info>>.................................................................
       0.Info>>.................................................................
       0.Info>>...................I.N.I.T.I.A.L.I.Z.A.T.I.O.N...................
       0.Info>>.................................................................
       0.Info>>No configuration file specified. Will use default                
       0.Info>>Looking for configuration file: scatter.xml                      
       0.Info>>Reading parameters from XML file: scatter.xml                    
       0.Info>>Added frames from /home/amajumda/study/continuum_simulations/gitlab/continuum-to-scattering/data/100_100_100_50_50_50/single_atom_shrink/iteration_005/t000/pdb_dcd/sample.dcd using format: dcd
       0.Info>>Options: first=0, last=0, lastset=0, stride=1                    
       0.Info>>stager.target=system                                             
       0.Info>>scattering.type=all                                              
       0.Info>>scattering.dsp.type=square                                       
       0.Info>>scattering.average.orientation.type=vectors                      
       0.Info>>scattering.average.orientation.vectors.type=sphere               
       0.Info>>scattering.average.orientation.vectors.algorithm=boost_uniform_on_sphere
       0.Info>>scattering.average.orientation.vectors.resolution=100            
       0.Info>>Generating orientations for orientational averaging using sphere,boost_uniform_on_sphere
       0.Info>>Initialized orientational averaging with 100 vectors.            
       0.Info>>scattering.signal.file=signal.h5                                 
       0.Info>>scattering.signal.filepath=/home/amajumda/study/continuum_simulations/gitlab/continuum-to-scattering/data/100_100_100_50_50_50/single_atom_shrink/iteration_005/t000/signal.h5
       0.Info>>scattering.signal.fqt=1                                          
       0.Info>>scattering.signal.fq0=1                                          
       0.Info>>scattering.signal.fq=1                                           
       0.Info>>scattering.signal.fq2=1                                          
       0.Info>>Analyzing command line for parameter overwrites                  
       0.Info>>Reading database from file: /home/amajumda/study/continuum_simulations/gitlab/continuum-to-scattering/data/100_100_100_50_50_50/single_atom_shrink/iteration_005/t000/database/db-neutron-coherent.xml
       0.Info>>Checking database...                                             
       0.Info>>Testing mapping between PDB names and atom labels                
       0.Info>>Testing database completeness for referenced atom labels         
       0.Info>>Check succeeded. Database seems OK.                              
       0.Info>>Initializing sample...                                           
       0.Info>>Reading structure from file: /home/amajumda/study/continuum_simulations/gitlab/continuum-to-scattering/data/100_100_100_50_50_50/single_atom_shrink/iteration_005/t000/pdb_dcd/sample.pdb
       0.Info>>Done. Atoms read: 125000                                         
       0.Info>>Reading frames from: /home/amajumda/study/continuum_simulations/gitlab/continuum-to-scattering/data/100_100_100_50_50_50/single_atom_shrink/iteration_005/t000/pdb_dcd/sample.dcd
       0.Info>>Found 1 frames                                                   
       0.Info>>Total number of coordinate sets found: 1                         
       0.Info>>Exchanging sample, database & params information with compute nodes... 
       0.Info>>params...                                                        
       0.Info>>database...                                                      
       0.Info>>sample...                                                        
       0.Info>>.................................................................
       0.Info>>......................C.O.M.P.U.T.A.T.I.O.N......................
       0.Info>>.................................................................
       0.Info>>Setting up services...                                           
       0.Info>>Initializing data file service...                                
       0.Info>>Initializing monitor service...                                  
       0.Info>>Starting data file service...                                    
       0.Info>>Starting monitor service...                                      
       0.Info>>Services setup and running...                                    
       0.Info>>Checking /home/amajumda/study/continuum_simulations/gitlab/continuum-to-scattering/data/100_100_100_50_50_50/single_atom_shrink/iteration_005/t000/signal.h5 for old results.
       0.Info>>Broadcasting service information                                 
       0.Info>>Server host name    : hzglap02                                   
       0.Info>>FileService Port    : 40831                                      
       0.Info>>MonitorService Port : 43263                                      
       0.Info>>Setting up parallel environment...                               
       0.Info>>Searching for decomposition plan:                                
       0.Info>>nodes    = 8                                                     
       0.Info>>qvectors = 100                                                   
       0.Info>>frames   = 1                                                     
       0.Info>>atoms   = 125000                                                 
       0.Info>>All interference scattering detected. Applying frame decomposition.
       0.Info>>Automatic decomposition. Searching for best utilization.         
       0.Info>>Final decomposition parameters:                                  
       0.Info>>NN                : 8                                            
       0.Info>>NQ                : 100                                          
       0.Info>>NAF               : 1                                            
       0.Info>>NP                : 8                                            
       0.Info>>NNpP              : 1                                            
       0.Info>>NAFcycles         : 1                                            
       0.Info>>NQcycles          : 13                                           
       0.Info>>CompEl (WASTE/USE): 4/100                                        
       0.Info>>utilization(1=best)    : 0.96153846153846156                     
       0.Info>>Initializing Scatter Device, Vectors (all)                       
       0.Info>>Starting scattering...                                           
       0.Info>>Checking memory requirements for scattering calculation...       
       0.Info>>required limits.computation.memory.result_buffer=16              
       0.Info>>required limits.computation.memory.signal_buffer=16              
       0.Info>>required limits.computation.memory.exchange_buffer=0             
       0.Info>>required limits.computation.memory.alignpad_buffer=32            
       0.Info>>Memory limits ok                                                 
       0.Info>>Staging data...                                                  
       0.Info>>Forcing stager.mode=frames                                       
       0.Info>>Staging first partition.                                         
       0.Info>>Staging remaining partitions.                                    
       0.Info>>background scattering length set to 0                            
       0.Info>>Target initialized.                                              
       0.Info>>Target 'system' produces a background scattering length density of 0.0027742633416818212
       0.Info>>Starting computation...                                          
       0.Info>>Orientational averaging includes 100 vectors                     
       0.Info>>Setting progress sampling factor for monitoring to 1             
       0.Info>>Progress: 2.135%, ETOTAL: 62.586684684684677 s, ETA: 61.250699684684676 s
       0.Info>>Progress: 4.394%, ETOTAL: 30.681342669584243 s, ETA: 29.333133669584242 s
       0.Info>>Progress: 6.655%, ETOTAL: 20.294027790487661 s, ETA: 18.943531790487661 s
       0.Info>>Progress: 10.925%, ETOTAL: 12.484119113979759 s, ETA: 11.120269113979759 s
       0.Info>>Progress: 22.080%, ETOTAL: 15.110383277689069 s, ETA: 11.773991277689069 s
       0.Info>>Progress: 32.330%, ETOTAL: 10.354555288985821 s, ETA: 7.006914288985822 s
       0.Info>>Progress: 42.705%, ETOTAL: 7.9344850195136596 s, ETA: 4.5460530195136597 s
       0.Info>>Progress: 52.080%, ETOTAL: 10.252478601760105 s, ETA: 4.912974601760105 s
       0.Info>>Progress: 62.080%, ETOTAL: 8.6821679591099183 s, ETA: 3.2922669591099192 s
       0.Info>>Progress: 71.580%, ETOTAL: 7.7655029955670969 s, ETA: 2.2069459955670983 s
       0.Info>>Progress: 80.830%, ETOTAL: 9.0777686030373914 s, ETA: 1.7401966030373925 s
       0.Info>>Progress: 90.080%, ETOTAL: 8.2061095463440665 s, ETA: 0.81403554634406738 s
       0.Info>>Scattering finished...                                           
       0.Info>>.................................................................
       0.Info>>.....................R.U.N...A.N.A.L.Y.S.I.S.....................
       0.Info>>.................................................................
       0.Info>>Aggregating timing information for performance analysis...       
       0.Info>>                                                                 
       0.Info>>                    Performance Analysis                         
       0.Info>>-----------------------------------------------------------------
       0.Info>> mean and total runtimes:                                        
       0.Info>>-----------------------------------------------------------------
       0.Info>>          measure |    total |       count |     mean |   stddev 
       0.Info>>-----------------------------------------------------------------
       0.Info>>   sd:c:b:dspstore| 3.725e-02|        10000| 3.725e-06| 2.053e-06
       0.Info>>    sd:c:b:scatter| 4.448e+01|        10000| 4.448e-03| 8.289e-04
       0.Info>>        sd:c:block| 4.466e+01|          100| 4.466e-01| 4.286e-02
       0.Info>>         sd:c:init| 1.532e+01|          100| 1.532e-01| 2.696e-02
       0.Info>>       sd:c:reduce| 1.160e-04|          100| 1.160e-06| 6.351e-07
       0.Info>>         sd:c:wait| 1.640e-04|          100| 1.640e-06| 5.947e-07
       0.Info>>        sd:compute| 5.998e+01|          100| 5.998e-01| 5.445e-02
       0.Info>>         sd:runner| 5.998e+01|            8| 7.498e+00| 0.000e+00
       0.Info>>          sd:stage| 1.946e-01|            8| 2.432e-02| 0.000e+00
       0.Info>> sd:worker:scatter| 4.411e+01|        10000| 4.411e-03| 8.242e-04
       0.Info>>    sd:worker:wait| 1.577e+01|        10000| 1.577e-03| 1.551e-02
       0.Info>>          sd:write| 1.012e-03|          100| 1.012e-05| 7.830e-06
       0.Info>>           st:fill| 1.190e-02|            8| 1.488e-03| 0.000e+00
       0.Info>>          st:first| 2.270e-02|            1| 2.270e-02| 0.000e+00
       0.Info>>           st:load| 2.236e-02|            1| 2.236e-02| 0.000e+00
       0.Info>>           st:wait| 1.592e-01|            8| 1.990e-02| 0.000e+00
       0.Info>>-----------------------------------------------------------------
       0.Info>>-----------------------------------------------------------------
       0.Info>> watermarks:                                                     
       0.Info>>-----------------------------------------------------------------
       0.Info>>          measure |      min |      max                          
       0.Info>>-----------------------------------------------------------------
       0.Info>>   sd:c:b:dspstore| 2.000e-06| 7.100e-05                         
       0.Info>>    sd:c:b:scatter| 1.525e-03| 7.065e-03                         
       0.Info>>        sd:c:block| 1.588e-01| 5.688e-01                         
       0.Info>>         sd:c:init| 1.217e-01| 2.339e-01                         
       0.Info>>       sd:c:reduce| 0.000e+00| 3.000e-06                         
       0.Info>>         sd:c:wait| 1.000e-06| 4.000e-06                         
       0.Info>>        sd:compute| 2.809e-01| 7.420e-01                         
       0.Info>>         sd:runner| 6.449e+00| 8.103e+00                         
       0.Info>>          sd:stage| 2.417e-02| 2.438e-02                         
       0.Info>> sd:worker:scatter| 1.501e-03| 7.035e-03                         
       0.Info>>    sd:worker:wait| 1.000e-06| 2.341e-01                         
       0.Info>>          sd:write| 5.000e-06| 4.900e-05                         
       0.Info>>           st:fill| 1.331e-03| 1.550e-03                         
       0.Info>>          st:first| 2.270e-02| 2.270e-02                         
       0.Info>>           st:load| 2.236e-02| 2.236e-02                         
       0.Info>>           st:wait| 9.000e-06| 2.275e-02                         
       0.Info>>-----------------------------------------------------------------
       0.Info>>                                                                 
       0.Info>>         Performance Analysis (relative to total time * nodes)   
       0.Info>>-----------------------------------------------------------------
       0.Info>> mean and total runtimes:                                        
       0.Info>>-----------------------------------------------------------------
       0.Info>>          measure |    total |       count |     mean |   stddev 
       0.Info>>-----------------------------------------------------------------
       0.Info>>   sd:c:b:dspstore| 5.431e-04|        10000| 5.431e-08| 2.479e-07
       0.Info>>    sd:c:b:scatter| 6.484e-01|        10000| 6.484e-05| 1.001e-04
       0.Info>>        sd:c:block| 6.511e-01|          100| 6.511e-03| 5.175e-03
       0.Info>>         sd:c:init| 2.233e-01|          100| 2.233e-03| 3.255e-03
       0.Info>>       sd:c:reduce| 1.691e-06|          100| 1.691e-08| 7.668e-08
       0.Info>>         sd:c:wait| 2.391e-06|          100| 2.391e-08| 7.181e-08
       0.Info>>        sd:compute| 8.745e-01|          100| 8.745e-03| 6.574e-03
       0.Info>>         sd:runner| 8.745e-01|            8| 1.093e-01| 0.000e+00
       0.Info>>          sd:stage| 2.837e-03|            8| 3.546e-04| 0.000e+00
       0.Info>> sd:worker:scatter| 6.431e-01|        10000| 6.431e-05| 9.952e-05
       0.Info>>    sd:worker:wait| 2.300e-01|        10000| 2.300e-05| 1.873e-03
       0.Info>>          sd:write| 1.475e-05|          100| 1.475e-07| 9.455e-07
       0.Info>>           st:fill| 1.736e-04|            8| 2.169e-05| 0.000e+00
       0.Info>>          st:first| 3.310e-04|            1| 3.310e-04| 0.000e+00
       0.Info>>           st:load| 3.260e-04|            1| 3.260e-04| 0.000e+00
       0.Info>>           st:wait| 2.321e-03|            8| 2.901e-04| 0.000e+00
       0.Info>>-----------------------------------------------------------------
       0.Info>>-----------------------------------------------------------------
       0.Info>> watermarks:                                                     
       0.Info>>-----------------------------------------------------------------
       0.Info>>          measure |      min |      max                          
       0.Info>>-----------------------------------------------------------------
       0.Info>>   sd:c:b:dspstore| 2.916e-08| 1.035e-06                         
       0.Info>>    sd:c:b:scatter| 2.223e-05| 1.030e-04                         
       0.Info>>        sd:c:block| 2.316e-03| 8.292e-03                         
       0.Info>>         sd:c:init| 1.774e-03| 3.410e-03                         
       0.Info>>       sd:c:reduce| 0.000e+00| 4.374e-08                         
       0.Info>>         sd:c:wait| 1.458e-08| 5.832e-08                         
       0.Info>>        sd:compute| 4.096e-03| 1.082e-02                         
       0.Info>>         sd:runner| 9.402e-02| 1.181e-01                         
       0.Info>>          sd:stage| 3.524e-04| 3.554e-04                         
       0.Info>> sd:worker:scatter| 2.188e-05| 1.026e-04                         
       0.Info>>    sd:worker:wait| 1.458e-08| 3.413e-03                         
       0.Info>>          sd:write| 7.290e-08| 7.144e-07                         
       0.Info>>           st:fill| 1.941e-05| 2.260e-05                         
       0.Info>>          st:first| 3.310e-04| 3.310e-04                         
       0.Info>>           st:load| 3.260e-04| 3.260e-04                         
       0.Info>>           st:wait| 1.312e-07| 3.316e-04                         
       0.Info>>-----------------------------------------------------------------
       0.Info>>Total runtime (s): 8.5735600000000005                            
       0.Info>>Successfully finished... Have a nice day!                        
