       0.Info>>This software is being developed by Benjamin Lindner.                    
       0.Info>>For help, suggestions or correspondense use:                             
       0.Info>>ben@benlabs.net, Benjamin Lindner (Main Developer, Impl. & Maintenance)  
       0.Info>>franc@cmm.ki.si, Franci Merzel (Methodology)                             
       0.Info>>For publications include the following references:                       
       0.Info>>.........................................................................
       0.Info>>1. Sassena - X-ray and Neutron Scattering Calculated                     
       0.Info>>  from Molecular Dynamics Trajectories using Massively Parallel Computers
       0.Info>>  published as a Computer Program in Physics Paper                       
       0.Info>>.........................................................................
       0.Info>>Version Information: 1.4.2                                       
       0.Info>>                                                                 
       0.Info>>.................................................................
       0.Info>>......................D.E.S.C.R.I.P.T.I.O.N......................
       0.Info>>.................................................................
       0.Info>>This binary computes the scattering intensities directly from    
       0.Info>>a molecular dynamics trajectory.                                 
       0.Info>>.................................................................
       0.Info>>.................................................................
       0.Info>>...................I.N.I.T.I.A.L.I.Z.A.T.I.O.N...................
       0.Info>>.................................................................
       0.Info>>No configuration file specified. Will use default                
       0.Info>>Looking for configuration file: scatter.xml                      
       0.Info>>Reading parameters from XML file: scatter.xml                    
       0.Info>>Added frames from /home/amajumda/study/continuum_simulations/gitlab/continuum-to-scattering/data/100_100_100_50_50_50/single_atom_shrink/iteration_008/t008/pdb_dcd/sample.dcd using format: dcd
       0.Info>>Options: first=0, last=0, lastset=0, stride=1                    
       0.Info>>stager.target=system                                             
       0.Info>>scattering.type=all                                              
       0.Info>>scattering.dsp.type=square                                       
       0.Info>>scattering.average.orientation.type=vectors                      
       0.Info>>scattering.average.orientation.vectors.type=sphere               
       0.Info>>scattering.average.orientation.vectors.algorithm=boost_uniform_on_sphere
       0.Info>>scattering.average.orientation.vectors.resolution=100            
       0.Info>>Generating orientations for orientational averaging using sphere,boost_uniform_on_sphere
       0.Info>>Initialized orientational averaging with 100 vectors.            
       0.Info>>scattering.signal.file=signal.h5                                 
       0.Info>>scattering.signal.filepath=/home/amajumda/study/continuum_simulations/gitlab/continuum-to-scattering/data/100_100_100_50_50_50/single_atom_shrink/iteration_008/t008/signal.h5
       0.Info>>scattering.signal.fqt=1                                          
       0.Info>>scattering.signal.fq0=1                                          
       0.Info>>scattering.signal.fq=1                                           
       0.Info>>scattering.signal.fq2=1                                          
       0.Info>>Analyzing command line for parameter overwrites                  
       0.Info>>Reading database from file: /home/amajumda/study/continuum_simulations/gitlab/continuum-to-scattering/data/100_100_100_50_50_50/single_atom_shrink/iteration_008/t008/database/db-neutron-coherent.xml
       0.Info>>Checking database...                                             
       0.Info>>Testing mapping between PDB names and atom labels                
       0.Info>>Testing database completeness for referenced atom labels         
       0.Info>>Check succeeded. Database seems OK.                              
       0.Info>>Initializing sample...                                           
       0.Info>>Reading structure from file: /home/amajumda/study/continuum_simulations/gitlab/continuum-to-scattering/data/100_100_100_50_50_50/single_atom_shrink/iteration_008/t008/pdb_dcd/sample.pdb
       0.Info>>Done. Atoms read: 125000                                         
       0.Info>>Reading frames from: /home/amajumda/study/continuum_simulations/gitlab/continuum-to-scattering/data/100_100_100_50_50_50/single_atom_shrink/iteration_008/t008/pdb_dcd/sample.dcd
       0.Info>>Found 1 frames                                                   
       0.Info>>Total number of coordinate sets found: 1                         
       0.Info>>Exchanging sample, database & params information with compute nodes... 
       0.Info>>params...                                                        
       0.Info>>database...                                                      
       0.Info>>sample...                                                        
       0.Info>>.................................................................
       0.Info>>......................C.O.M.P.U.T.A.T.I.O.N......................
       0.Info>>.................................................................
       0.Info>>Setting up services...                                           
       0.Info>>Initializing data file service...                                
       0.Info>>Initializing monitor service...                                  
       0.Info>>Starting data file service...                                    
       0.Info>>Starting monitor service...                                      
       0.Info>>Services setup and running...                                    
       0.Info>>Checking /home/amajumda/study/continuum_simulations/gitlab/continuum-to-scattering/data/100_100_100_50_50_50/single_atom_shrink/iteration_008/t008/signal.h5 for old results.
       0.Info>>Broadcasting service information                                 
       0.Info>>Server host name    : hzglap02                                   
       0.Info>>FileService Port    : 35775                                      
       0.Info>>MonitorService Port : 44073                                      
       0.Info>>Setting up parallel environment...                               
       0.Info>>Searching for decomposition plan:                                
       0.Info>>nodes    = 8                                                     
       0.Info>>qvectors = 100                                                   
       0.Info>>frames   = 1                                                     
       0.Info>>atoms   = 125000                                                 
       0.Info>>All interference scattering detected. Applying frame decomposition.
       0.Info>>Automatic decomposition. Searching for best utilization.         
       0.Info>>Final decomposition parameters:                                  
       0.Info>>NN                : 8                                            
       0.Info>>NQ                : 100                                          
       0.Info>>NAF               : 1                                            
       0.Info>>NP                : 8                                            
       0.Info>>NNpP              : 1                                            
       0.Info>>NAFcycles         : 1                                            
       0.Info>>NQcycles          : 13                                           
       0.Info>>CompEl (WASTE/USE): 4/100                                        
       0.Info>>utilization(1=best)    : 0.96153846153846156                     
       0.Info>>Initializing Scatter Device, Vectors (all)                       
       0.Info>>Starting scattering...                                           
       0.Info>>Checking memory requirements for scattering calculation...       
       0.Info>>required limits.computation.memory.result_buffer=16              
       0.Info>>required limits.computation.memory.signal_buffer=16              
       0.Info>>required limits.computation.memory.exchange_buffer=0             
       0.Info>>required limits.computation.memory.alignpad_buffer=32            
       0.Info>>Memory limits ok                                                 
       0.Info>>Staging data...                                                  
       0.Info>>Forcing stager.mode=frames                                       
       0.Info>>Staging first partition.                                         
       0.Info>>Staging remaining partitions.                                    
       0.Info>>background scattering length set to 0                            
       0.Info>>Target initialized.                                              
       0.Info>>Target 'system' produces a background scattering length density of 2.1947254445826867e-05
       0.Info>>Starting computation...                                          
       0.Info>>Orientational averaging includes 100 vectors                     
       0.Info>>Setting progress sampling factor for monitoring to 1             
       0.Info>>Progress: 1.885%, ETOTAL: 57.384875138121558 s, ETA: 56.302931138121558 s
       0.Info>>Progress: 3.771%, ETOTAL: 28.842563535911605 s, ETA: 27.754958535911605 s
       0.Info>>Progress: 5.521%, ETOTAL: 19.955157735849056 s, ETA: 18.853466735849057 s
       0.Info>>Progress: 11.792%, ETOTAL: 9.5587166077738495 s, ETA: 8.4315846077738499 s
       0.Info>>Progress: 21.436%, ETOTAL: 14.455466626794259 s, ETA: 11.356807626794257 s
       0.Info>>Progress: 30.955%, ETOTAL: 10.411683578380622 s, ETA: 7.1887335783806208 s
       0.Info>>Progress: 40.955%, ETOTAL: 8.0179604946000946 s, ETA: 4.7341944946000938 s
       0.Info>>Progress: 50.705%, ETOTAL: 10.061402427307206 s, ETA: 4.9597554273072051 s
       0.Info>>Progress: 61.080%, ETOTAL: 8.3677067324342769 s, ETA: 3.2567007324342763 s
       0.Info>>Progress: 71.205%, ETOTAL: 9.9468931220741812 s, ETA: 2.8641951220741806 s
       0.Info>>Progress: 80.955%, ETOTAL: 8.7902498060020573 s, ETA: 1.6740918060020578 s
       0.Info>>Scattering finished...                                           
       0.Info>>.................................................................
       0.Info>>.....................R.U.N...A.N.A.L.Y.S.I.S.....................
       0.Info>>.................................................................
       0.Info>>Aggregating timing information for performance analysis...       
       0.Info>>                                                                 
       0.Info>>                    Performance Analysis                         
       0.Info>>-----------------------------------------------------------------
       0.Info>> mean and total runtimes:                                        
       0.Info>>-----------------------------------------------------------------
       0.Info>>          measure |    total |       count |     mean |   stddev 
       0.Info>>-----------------------------------------------------------------
       0.Info>>   sd:c:b:dspstore| 3.808e-02|        10000| 3.808e-06| 2.058e-06
       0.Info>>    sd:c:b:scatter| 4.440e+01|        10000| 4.440e-03| 8.206e-04
       0.Info>>        sd:c:block| 4.458e+01|          100| 4.458e-01| 3.971e-02
       0.Info>>         sd:c:init| 1.486e+01|          100| 1.486e-01| 3.044e-02
       0.Info>>       sd:c:reduce| 1.090e-04|          100| 1.090e-06| 6.680e-07
       0.Info>>         sd:c:wait| 1.720e-04|          100| 1.720e-06| 7.407e-07
       0.Info>>        sd:compute| 5.944e+01|          100| 5.944e-01| 5.513e-02
       0.Info>>         sd:runner| 5.945e+01|            8| 7.431e+00| 0.000e+00
       0.Info>>          sd:stage| 1.973e-01|            8| 2.466e-02| 0.000e+00
       0.Info>> sd:worker:scatter| 4.400e+01|        10000| 4.400e-03| 7.846e-04
       0.Info>>    sd:worker:wait| 1.535e+01|        10000| 1.535e-03| 1.511e-02
       0.Info>>          sd:write| 1.037e-03|          100| 1.037e-05| 8.385e-06
       0.Info>>           st:fill| 1.287e-02|            8| 1.609e-03| 0.000e+00
       0.Info>>          st:first| 2.293e-02|            1| 2.293e-02| 0.000e+00
       0.Info>>           st:load| 2.260e-02|            1| 2.260e-02| 0.000e+00
       0.Info>>           st:wait| 1.607e-01|            8| 2.009e-02| 0.000e+00
       0.Info>>-----------------------------------------------------------------
       0.Info>>-----------------------------------------------------------------
       0.Info>> watermarks:                                                     
       0.Info>>-----------------------------------------------------------------
       0.Info>>          measure |      min |      max                          
       0.Info>>-----------------------------------------------------------------
       0.Info>>   sd:c:b:dspstore| 2.000e-06| 7.400e-05                         
       0.Info>>    sd:c:b:scatter| 1.525e-03| 1.959e-02                         
       0.Info>>        sd:c:block| 1.973e-01| 5.820e-01                         
       0.Info>>         sd:c:init| 1.124e-01| 2.523e-01                         
       0.Info>>       sd:c:reduce| 0.000e+00| 5.000e-06                         
       0.Info>>         sd:c:wait| 1.000e-06| 6.000e-06                         
       0.Info>>        sd:compute| 3.098e-01| 8.079e-01                         
       0.Info>>         sd:runner| 6.405e+00| 8.050e+00                         
       0.Info>>          sd:stage| 2.448e-02| 2.477e-02                         
       0.Info>> sd:worker:scatter| 1.473e-03| 9.162e-03                         
       0.Info>>    sd:worker:wait| 1.000e-06| 2.525e-01                         
       0.Info>>          sd:write| 5.000e-06| 5.100e-05                         
       0.Info>>           st:fill| 1.425e-03| 1.717e-03                         
       0.Info>>          st:first| 2.293e-02| 2.293e-02                         
       0.Info>>           st:load| 2.260e-02| 2.260e-02                         
       0.Info>>           st:wait| 9.000e-06| 2.297e-02                         
       0.Info>>-----------------------------------------------------------------
       0.Info>>                                                                 
       0.Info>>         Performance Analysis (relative to total time * nodes)   
       0.Info>>-----------------------------------------------------------------
       0.Info>> mean and total runtimes:                                        
       0.Info>>-----------------------------------------------------------------
       0.Info>>          measure |    total |       count |     mean |   stddev 
       0.Info>>-----------------------------------------------------------------
       0.Info>>   sd:c:b:dspstore| 5.577e-04|        10000| 5.577e-08| 2.491e-07
       0.Info>>    sd:c:b:scatter| 6.502e-01|        10000| 6.502e-05| 9.930e-05
       0.Info>>        sd:c:block| 6.529e-01|          100| 6.529e-03| 4.806e-03
       0.Info>>         sd:c:init| 2.176e-01|          100| 2.176e-03| 3.683e-03
       0.Info>>       sd:c:reduce| 1.596e-06|          100| 1.596e-08| 8.084e-08
       0.Info>>         sd:c:wait| 2.519e-06|          100| 2.519e-08| 8.963e-08
       0.Info>>        sd:compute| 8.705e-01|          100| 8.705e-03| 6.672e-03
       0.Info>>         sd:runner| 8.706e-01|            8| 1.088e-01| 0.000e+00
       0.Info>>          sd:stage| 2.889e-03|            8| 3.611e-04| 0.000e+00
       0.Info>> sd:worker:scatter| 6.443e-01|        10000| 6.443e-05| 9.495e-05
       0.Info>>    sd:worker:wait| 2.248e-01|        10000| 2.248e-05| 1.828e-03
       0.Info>>          sd:write| 1.519e-05|          100| 1.519e-07| 1.015e-06
       0.Info>>           st:fill| 1.885e-04|            8| 2.356e-05| 0.000e+00
       0.Info>>          st:first| 3.358e-04|            1| 3.358e-04| 0.000e+00
       0.Info>>           st:load| 3.310e-04|            1| 3.310e-04| 0.000e+00
       0.Info>>           st:wait| 2.354e-03|            8| 2.943e-04| 0.000e+00
       0.Info>>-----------------------------------------------------------------
       0.Info>>-----------------------------------------------------------------
       0.Info>> watermarks:                                                     
       0.Info>>-----------------------------------------------------------------
       0.Info>>          measure |      min |      max                          
       0.Info>>-----------------------------------------------------------------
       0.Info>>   sd:c:b:dspstore| 2.929e-08| 1.084e-06                         
       0.Info>>    sd:c:b:scatter| 2.233e-05| 2.868e-04                         
       0.Info>>        sd:c:block| 2.889e-03| 8.524e-03                         
       0.Info>>         sd:c:init| 1.646e-03| 3.695e-03                         
       0.Info>>       sd:c:reduce| 0.000e+00| 7.322e-08                         
       0.Info>>         sd:c:wait| 1.464e-08| 8.787e-08                         
       0.Info>>        sd:compute| 4.536e-03| 1.183e-02                         
       0.Info>>         sd:runner| 9.380e-02| 1.179e-01                         
       0.Info>>          sd:stage| 3.585e-04| 3.628e-04                         
       0.Info>> sd:worker:scatter| 2.157e-05| 1.342e-04                         
       0.Info>>    sd:worker:wait| 1.464e-08| 3.697e-03                         
       0.Info>>          sd:write| 7.322e-08| 7.469e-07                         
       0.Info>>           st:fill| 2.087e-05| 2.514e-05                         
       0.Info>>          st:first| 3.358e-04| 3.358e-04                         
       0.Info>>           st:load| 3.310e-04| 3.310e-04                         
       0.Info>>           st:wait| 1.318e-07| 3.363e-04                         
       0.Info>>-----------------------------------------------------------------
       0.Info>>Total runtime (s): 8.5356269999999999                            
       0.Info>>Successfully finished... Have a nice day!                        
