       0.Info>>This software is being developed by Benjamin Lindner.                    
       0.Info>>For help, suggestions or correspondense use:                             
       0.Info>>ben@benlabs.net, Benjamin Lindner (Main Developer, Impl. & Maintenance)  
       0.Info>>franc@cmm.ki.si, Franci Merzel (Methodology)                             
       0.Info>>For publications include the following references:                       
       0.Info>>.........................................................................
       0.Info>>1. Sassena - X-ray and Neutron Scattering Calculated                     
       0.Info>>  from Molecular Dynamics Trajectories using Massively Parallel Computers
       0.Info>>  published as a Computer Program in Physics Paper                       
       0.Info>>.........................................................................
       0.Info>>Version Information: 1.4.2                                       
       0.Info>>                                                                 
       0.Info>>.................................................................
       0.Info>>......................D.E.S.C.R.I.P.T.I.O.N......................
       0.Info>>.................................................................
       0.Info>>This binary computes the scattering intensities directly from    
       0.Info>>a molecular dynamics trajectory.                                 
       0.Info>>.................................................................
       0.Info>>.................................................................
       0.Info>>...................I.N.I.T.I.A.L.I.Z.A.T.I.O.N...................
       0.Info>>.................................................................
       0.Info>>No configuration file specified. Will use default                
       0.Info>>Looking for configuration file: scatter.xml                      
       0.Info>>Reading parameters from XML file: scatter.xml                    
       0.Info>>Added frames from /home/amajumda/study/continuum_simulations/gitlab/continuum-to-scattering/data/100_100_100_10_10_10/single_atom_shrink/iteration_001/t002/pdb_dcd/sample.dcd using format: dcd
       0.Info>>Options: first=0, last=0, lastset=0, stride=1                    
       0.Info>>stager.target=system                                             
       0.Info>>scattering.type=all                                              
       0.Info>>scattering.dsp.type=square                                       
       0.Info>>scattering.average.orientation.type=vectors                      
       0.Info>>scattering.average.orientation.vectors.type=sphere               
       0.Info>>scattering.average.orientation.vectors.algorithm=boost_uniform_on_sphere
       0.Info>>scattering.average.orientation.vectors.resolution=100            
       0.Info>>Generating orientations for orientational averaging using sphere,boost_uniform_on_sphere
       0.Info>>Initialized orientational averaging with 100 vectors.            
       0.Info>>scattering.signal.file=signal.h5                                 
       0.Info>>scattering.signal.filepath=/home/amajumda/study/continuum_simulations/gitlab/continuum-to-scattering/data/100_100_100_10_10_10/single_atom_shrink/iteration_001/t002/signal.h5
       0.Info>>scattering.signal.fqt=1                                          
       0.Info>>scattering.signal.fq0=1                                          
       0.Info>>scattering.signal.fq=1                                           
       0.Info>>scattering.signal.fq2=1                                          
       0.Info>>Analyzing command line for parameter overwrites                  
       0.Info>>Reading database from file: /home/amajumda/study/continuum_simulations/gitlab/continuum-to-scattering/data/100_100_100_10_10_10/single_atom_shrink/iteration_001/t002/database/db-neutron-coherent.xml
       0.Info>>Checking database...                                             
       0.Info>>Testing mapping between PDB names and atom labels                
       0.Info>>Testing database completeness for referenced atom labels         
       0.Info>>Check succeeded. Database seems OK.                              
       0.Info>>Initializing sample...                                           
       0.Info>>Reading structure from file: /home/amajumda/study/continuum_simulations/gitlab/continuum-to-scattering/data/100_100_100_10_10_10/single_atom_shrink/iteration_001/t002/pdb_dcd/sample.pdb
       0.Info>>Done. Atoms read: 1000                                           
       0.Info>>Reading frames from: /home/amajumda/study/continuum_simulations/gitlab/continuum-to-scattering/data/100_100_100_10_10_10/single_atom_shrink/iteration_001/t002/pdb_dcd/sample.dcd
       0.Info>>Found 1 frames                                                   
       0.Info>>Total number of coordinate sets found: 1                         
       0.Info>>Exchanging sample, database & params information with compute nodes... 
       0.Info>>params...                                                        
       0.Info>>database...                                                      
       0.Info>>sample...                                                        
       0.Info>>.................................................................
       0.Info>>......................C.O.M.P.U.T.A.T.I.O.N......................
       0.Info>>.................................................................
       0.Info>>Setting up services...                                           
       0.Info>>Initializing data file service...                                
       0.Info>>Initializing monitor service...                                  
       0.Info>>Starting data file service...                                    
       0.Info>>Starting monitor service...                                      
       0.Info>>Services setup and running...                                    
       0.Info>>Checking /home/amajumda/study/continuum_simulations/gitlab/continuum-to-scattering/data/100_100_100_10_10_10/single_atom_shrink/iteration_001/t002/signal.h5 for old results.
       0.Info>>Broadcasting service information                                 
       0.Info>>Server host name    : hzglap02                                   
       0.Info>>FileService Port    : 34701                                      
       0.Info>>MonitorService Port : 43083                                      
       0.Info>>Setting up parallel environment...                               
       0.Info>>Searching for decomposition plan:                                
       0.Info>>nodes    = 8                                                     
       0.Info>>qvectors = 100                                                   
       0.Info>>frames   = 1                                                     
       0.Info>>atoms   = 1000                                                   
       0.Info>>All interference scattering detected. Applying frame decomposition.
       0.Info>>Automatic decomposition. Searching for best utilization.         
       0.Info>>Final decomposition parameters:                                  
       0.Info>>NN                : 8                                            
       0.Info>>NQ                : 100                                          
       0.Info>>NAF               : 1                                            
       0.Info>>NP                : 8                                            
       0.Info>>NNpP              : 1                                            
       0.Info>>NAFcycles         : 1                                            
       0.Info>>NQcycles          : 13                                           
       0.Info>>CompEl (WASTE/USE): 4/100                                        
       0.Info>>utilization(1=best)    : 0.96153846153846156                     
       0.Info>>Initializing Scatter Device, Vectors (all)                       
       0.Info>>Starting scattering...                                           
       0.Info>>Checking memory requirements for scattering calculation...       
       0.Info>>required limits.computation.memory.result_buffer=16              
       0.Info>>required limits.computation.memory.signal_buffer=16              
       0.Info>>required limits.computation.memory.exchange_buffer=0             
       0.Info>>required limits.computation.memory.alignpad_buffer=32            
       0.Info>>Memory limits ok                                                 
       0.Info>>Staging data...                                                  
       0.Info>>Forcing stager.mode=frames                                       
       0.Info>>Staging first partition.                                         
       0.Info>>Staging remaining partitions.                                    
       0.Info>>background scattering length set to 0                            
       0.Info>>Target initialized.                                              
       0.Info>>Target 'system' produces a background scattering length density of 0.2274854653260189
       0.Info>>Starting computation...                                          
       0.Info>>Orientational averaging includes 100 vectors                     
       0.Info>>Setting progress sampling factor for monitoring to 1             
       0.Info>>Scattering finished...                                           
       0.Info>>.................................................................
       0.Info>>.....................R.U.N...A.N.A.L.Y.S.I.S.....................
       0.Info>>.................................................................
       0.Info>>Aggregating timing information for performance analysis...       
       0.Info>>                                                                 
       0.Info>>                    Performance Analysis                         
       0.Info>>-----------------------------------------------------------------
       0.Info>> mean and total runtimes:                                        
       0.Info>>-----------------------------------------------------------------
       0.Info>>          measure |    total |       count |     mean |   stddev 
       0.Info>>-----------------------------------------------------------------
       0.Info>>   sd:c:b:dspstore| 2.735e-02|        10000| 2.735e-06| 1.554e-06
       0.Info>>    sd:c:b:scatter| 6.533e-01|        10000| 6.533e-05| 5.640e-05
       0.Info>>        sd:c:block| 7.883e-01|          100| 7.883e-03| 6.900e-04
       0.Info>>         sd:c:init| 1.507e-01|          100| 1.507e-03| 3.187e-04
       0.Info>>       sd:c:reduce| 9.900e-05|          100| 9.900e-07| 5.955e-07
       0.Info>>         sd:c:wait| 1.460e-04|          100| 1.460e-06| 6.527e-07
       0.Info>>        sd:compute| 9.413e-01|          100| 9.413e-03| 8.453e-04
       0.Info>>         sd:runner| 9.441e-01|            8| 1.180e-01| 0.000e+00
       0.Info>>          sd:stage| 3.419e-03|            8| 4.274e-04| 0.000e+00
       0.Info>> sd:worker:scatter| 4.529e-01|        10000| 4.529e-05| 7.890e-06
       0.Info>>    sd:worker:wait| 4.114e-01|        10000| 4.114e-05| 1.673e-04
       0.Info>>          sd:write| 8.160e-04|          100| 8.160e-06| 6.297e-06
       0.Info>>           st:fill| 6.860e-04|            8| 8.575e-05| 0.000e+00
       0.Info>>          st:first| 2.480e-04|            1| 2.480e-04| 0.000e+00
       0.Info>>           st:load| 2.240e-04|            1| 2.240e-04| 0.000e+00
       0.Info>>           st:wait| 1.872e-03|            8| 2.340e-04| 0.000e+00
       0.Info>>-----------------------------------------------------------------
       0.Info>>-----------------------------------------------------------------
       0.Info>> watermarks:                                                     
       0.Info>>-----------------------------------------------------------------
       0.Info>>          measure |      min |      max                          
       0.Info>>-----------------------------------------------------------------
       0.Info>>   sd:c:b:dspstore| 1.000e-06| 6.700e-05                         
       0.Info>>    sd:c:b:scatter| 2.300e-05| 5.401e-03                         
       0.Info>>        sd:c:block| 5.525e-03| 1.286e-02                         
       0.Info>>         sd:c:init| 9.590e-04| 2.207e-03                         
       0.Info>>       sd:c:reduce| 0.000e+00| 3.000e-06                         
       0.Info>>         sd:c:wait| 0.000e+00| 4.000e-06                         
       0.Info>>        sd:compute| 6.618e-03| 1.420e-02                         
       0.Info>>         sd:runner| 1.064e-01| 1.246e-01                         
       0.Info>>          sd:stage| 4.220e-04| 4.320e-04                         
       0.Info>> sd:worker:scatter| 1.300e-05| 3.240e-04                         
       0.Info>>    sd:worker:wait| 1.200e-05| 5.382e-03                         
       0.Info>>          sd:write| 4.000e-06| 3.300e-05                         
       0.Info>>           st:fill| 8.000e-05| 8.900e-05                         
       0.Info>>          st:first| 2.480e-04| 2.480e-04                         
       0.Info>>           st:load| 2.240e-04| 2.240e-04                         
       0.Info>>           st:wait| 4.000e-06| 2.690e-04                         
       0.Info>>-----------------------------------------------------------------
       0.Info>>                                                                 
       0.Info>>         Performance Analysis (relative to total time * nodes)   
       0.Info>>-----------------------------------------------------------------
       0.Info>> mean and total runtimes:                                        
       0.Info>>-----------------------------------------------------------------
       0.Info>>          measure |    total |       count |     mean |   stddev 
       0.Info>>-----------------------------------------------------------------
       0.Info>>   sd:c:b:dspstore| 2.041e-02|        10000| 2.041e-06| 1.343e-06
       0.Info>>    sd:c:b:scatter| 4.875e-01|        10000| 4.875e-05| 4.872e-05
       0.Info>>        sd:c:block| 5.882e-01|          100| 5.882e-03| 5.961e-04
       0.Info>>         sd:c:init| 1.124e-01|          100| 1.124e-03| 2.753e-04
       0.Info>>       sd:c:reduce| 7.387e-05|          100| 7.387e-07| 5.144e-07
       0.Info>>         sd:c:wait| 1.089e-04|          100| 1.089e-06| 5.638e-07
       0.Info>>        sd:compute| 7.024e-01|          100| 7.024e-03| 7.302e-04
       0.Info>>         sd:runner| 7.044e-01|            8| 8.805e-02| 0.000e+00
       0.Info>>          sd:stage| 2.551e-03|            8| 3.189e-04| 0.000e+00
       0.Info>> sd:worker:scatter| 3.379e-01|        10000| 3.379e-05| 6.815e-06
       0.Info>>    sd:worker:wait| 3.070e-01|        10000| 3.070e-05| 1.445e-04
       0.Info>>          sd:write| 6.089e-04|          100| 6.089e-06| 5.439e-06
       0.Info>>           st:fill| 5.119e-04|            8| 6.399e-05| 0.000e+00
       0.Info>>          st:first| 1.851e-04|            1| 1.851e-04| 0.000e+00
       0.Info>>           st:load| 1.671e-04|            1| 1.671e-04| 0.000e+00
       0.Info>>           st:wait| 1.397e-03|            8| 1.746e-04| 0.000e+00
       0.Info>>-----------------------------------------------------------------
       0.Info>>-----------------------------------------------------------------
       0.Info>> watermarks:                                                     
       0.Info>>-----------------------------------------------------------------
       0.Info>>          measure |      min |      max                          
       0.Info>>-----------------------------------------------------------------
       0.Info>>   sd:c:b:dspstore| 7.462e-07| 4.999e-05                         
       0.Info>>    sd:c:b:scatter| 1.716e-05| 4.030e-03                         
       0.Info>>        sd:c:block| 4.123e-03| 9.598e-03                         
       0.Info>>         sd:c:init| 7.156e-04| 1.647e-03                         
       0.Info>>       sd:c:reduce| 0.000e+00| 2.239e-06                         
       0.Info>>         sd:c:wait| 0.000e+00| 2.985e-06                         
       0.Info>>        sd:compute| 4.938e-03| 1.059e-02                         
       0.Info>>         sd:runner| 7.936e-02| 9.301e-02                         
       0.Info>>          sd:stage| 3.149e-04| 3.224e-04                         
       0.Info>> sd:worker:scatter| 9.700e-06| 2.418e-04                         
       0.Info>>    sd:worker:wait| 8.954e-06| 4.016e-03                         
       0.Info>>          sd:write| 2.985e-06| 2.462e-05                         
       0.Info>>           st:fill| 5.969e-05| 6.641e-05                         
       0.Info>>          st:first| 1.851e-04| 1.851e-04                         
       0.Info>>           st:load| 1.671e-04| 1.671e-04                         
       0.Info>>           st:wait| 2.985e-06| 2.007e-04                         
       0.Info>>-----------------------------------------------------------------
       0.Info>>Total runtime (s): 0.167519                                      
       0.Info>>Successfully finished... Have a nice day!                        
