       0.Info>>This software is being developed by Benjamin Lindner.                    
       0.Info>>For help, suggestions or correspondense use:                             
       0.Info>>ben@benlabs.net, Benjamin Lindner (Main Developer, Impl. & Maintenance)  
       0.Info>>franc@cmm.ki.si, Franci Merzel (Methodology)                             
       0.Info>>For publications include the following references:                       
       0.Info>>.........................................................................
       0.Info>>1. Sassena - X-ray and Neutron Scattering Calculated                     
       0.Info>>  from Molecular Dynamics Trajectories using Massively Parallel Computers
       0.Info>>  published as a Computer Program in Physics Paper                       
       0.Info>>.........................................................................
       0.Info>>Version Information: 1.4.2                                       
       0.Info>>                                                                 
       0.Info>>.................................................................
       0.Info>>......................D.E.S.C.R.I.P.T.I.O.N......................
       0.Info>>.................................................................
       0.Info>>This binary computes the scattering intensities directly from    
       0.Info>>a molecular dynamics trajectory.                                 
       0.Info>>.................................................................
       0.Info>>.................................................................
       0.Info>>...................I.N.I.T.I.A.L.I.Z.A.T.I.O.N...................
       0.Info>>.................................................................
       0.Info>>No configuration file specified. Will use default                
       0.Info>>Looking for configuration file: scatter.xml                      
       0.Info>>Reading parameters from XML file: scatter.xml                    
       0.Info>>Added frames from /home/amajumda/study/continuum_simulations/gitlab/continuum-to-scattering/data/100_100_100_50_50_50/single_atom_shrink/iteration_000/t010/pdb_dcd/sample.dcd using format: dcd
       0.Info>>Options: first=0, last=0, lastset=0, stride=1                    
       0.Info>>stager.target=system                                             
       0.Info>>scattering.type=all                                              
       0.Info>>scattering.dsp.type=square                                       
       0.Info>>scattering.average.orientation.type=vectors                      
       0.Info>>scattering.average.orientation.vectors.type=sphere               
       0.Info>>scattering.average.orientation.vectors.algorithm=boost_uniform_on_sphere
       0.Info>>scattering.average.orientation.vectors.resolution=100            
       0.Info>>Generating orientations for orientational averaging using sphere,boost_uniform_on_sphere
       0.Info>>Initialized orientational averaging with 100 vectors.            
       0.Info>>scattering.signal.file=signal.h5                                 
       0.Info>>scattering.signal.filepath=/home/amajumda/study/continuum_simulations/gitlab/continuum-to-scattering/data/100_100_100_50_50_50/single_atom_shrink/iteration_000/t010/signal.h5
       0.Info>>scattering.signal.fqt=1                                          
       0.Info>>scattering.signal.fq0=1                                          
       0.Info>>scattering.signal.fq=1                                           
       0.Info>>scattering.signal.fq2=1                                          
       0.Info>>Analyzing command line for parameter overwrites                  
       0.Info>>Reading database from file: /home/amajumda/study/continuum_simulations/gitlab/continuum-to-scattering/data/100_100_100_50_50_50/single_atom_shrink/iteration_000/t010/database/db-neutron-coherent.xml
       0.Info>>Checking database...                                             
       0.Info>>Testing mapping between PDB names and atom labels                
       0.Info>>Testing database completeness for referenced atom labels         
       0.Info>>Check succeeded. Database seems OK.                              
       0.Info>>Initializing sample...                                           
       0.Info>>Reading structure from file: /home/amajumda/study/continuum_simulations/gitlab/continuum-to-scattering/data/100_100_100_50_50_50/single_atom_shrink/iteration_000/t010/pdb_dcd/sample.pdb
       0.Info>>Done. Atoms read: 125000                                         
       0.Info>>Reading frames from: /home/amajumda/study/continuum_simulations/gitlab/continuum-to-scattering/data/100_100_100_50_50_50/single_atom_shrink/iteration_000/t010/pdb_dcd/sample.dcd
       0.Info>>Found 1 frames                                                   
       0.Info>>Total number of coordinate sets found: 1                         
       0.Info>>Exchanging sample, database & params information with compute nodes... 
       0.Info>>params...                                                        
       0.Info>>database...                                                      
       0.Info>>sample...                                                        
       0.Info>>.................................................................
       0.Info>>......................C.O.M.P.U.T.A.T.I.O.N......................
       0.Info>>.................................................................
       0.Info>>Setting up services...                                           
       0.Info>>Initializing data file service...                                
       0.Info>>Initializing monitor service...                                  
       0.Info>>Starting data file service...                                    
       0.Info>>Starting monitor service...                                      
       0.Info>>Services setup and running...                                    
       0.Info>>Checking /home/amajumda/study/continuum_simulations/gitlab/continuum-to-scattering/data/100_100_100_50_50_50/single_atom_shrink/iteration_000/t010/signal.h5 for old results.
       0.Info>>Broadcasting service information                                 
       0.Info>>Server host name    : hzglap02                                   
       0.Info>>FileService Port    : 36971                                      
       0.Info>>MonitorService Port : 36459                                      
       0.Info>>Setting up parallel environment...                               
       0.Info>>Searching for decomposition plan:                                
       0.Info>>nodes    = 8                                                     
       0.Info>>qvectors = 100                                                   
       0.Info>>frames   = 1                                                     
       0.Info>>atoms   = 125000                                                 
       0.Info>>All interference scattering detected. Applying frame decomposition.
       0.Info>>Automatic decomposition. Searching for best utilization.         
       0.Info>>Final decomposition parameters:                                  
       0.Info>>NN                : 8                                            
       0.Info>>NQ                : 100                                          
       0.Info>>NAF               : 1                                            
       0.Info>>NP                : 8                                            
       0.Info>>NNpP              : 1                                            
       0.Info>>NAFcycles         : 1                                            
       0.Info>>NQcycles          : 13                                           
       0.Info>>CompEl (WASTE/USE): 4/100                                        
       0.Info>>utilization(1=best)    : 0.96153846153846156                     
       0.Info>>Initializing Scatter Device, Vectors (all)                       
       0.Info>>Starting scattering...                                           
       0.Info>>Checking memory requirements for scattering calculation...       
       0.Info>>required limits.computation.memory.result_buffer=16              
       0.Info>>required limits.computation.memory.signal_buffer=16              
       0.Info>>required limits.computation.memory.exchange_buffer=0             
       0.Info>>required limits.computation.memory.alignpad_buffer=32            
       0.Info>>Memory limits ok                                                 
       0.Info>>Staging data...                                                  
       0.Info>>Forcing stager.mode=frames                                       
       0.Info>>Staging first partition.                                         
       0.Info>>Staging remaining partitions.                                    
       0.Info>>background scattering length set to 0                            
       0.Info>>Target initialized.                                              
       0.Info>>Target 'system' produces a background scattering length density of 0.00022045039242862819
       0.Info>>Starting computation...                                          
       0.Info>>Orientational averaging includes 100 vectors                     
       0.Info>>Setting progress sampling factor for monitoring to 1             
       0.Info>>Progress: 2.135%, ETOTAL: 62.426411707317072 s, ETA: 61.093347707317072 s
       0.Info>>Progress: 4.271%, ETOTAL: 31.374415609756099 s, ETA: 30.034466609756098 s
       0.Info>>Progress: 6.280%, ETOTAL: 21.343586425108452 s, ETA: 20.003113425108452 s
       0.Info>>Progress: 10.675%, ETOTAL: 12.604322233898815 s, ETA: 11.258851233898815 s
       0.Info>>Progress: 21.955%, ETOTAL: 15.180558131386862 s, ETA: 11.847647131386861 s
       0.Info>>Progress: 32.205%, ETOTAL: 10.414968630573251 s, ETA: 7.0608146305732502 s
       0.Info>>Progress: 42.955%, ETOTAL: 7.8519914639606032 s, ETA: 4.4791584639606032 s
       0.Info>>Progress: 53.080%, ETOTAL: 10.063372453354267 s, ETA: 4.7217214533542675 s
       0.Info>>Progress: 63.205%, ETOTAL: 8.4933456389452342 s, ETA: 3.1251156389452337 s
       0.Info>>Progress: 70.205%, ETOTAL: 7.6665482103725342 s, ETA: 2.2842382103725338 s
       0.Info>>Progress: 82.955%, ETOTAL: 8.9064644463333593 s, ETA: 1.5180954463333585 s
       0.Info>>Scattering finished...                                           
       0.Info>>.................................................................
       0.Info>>.....................R.U.N...A.N.A.L.Y.S.I.S.....................
       0.Info>>.................................................................
       0.Info>>Aggregating timing information for performance analysis...       
       0.Info>>                                                                 
       0.Info>>                    Performance Analysis                         
       0.Info>>-----------------------------------------------------------------
       0.Info>> mean and total runtimes:                                        
       0.Info>>-----------------------------------------------------------------
       0.Info>>          measure |    total |       count |     mean |   stddev 
       0.Info>>-----------------------------------------------------------------
       0.Info>>   sd:c:b:dspstore| 3.742e-02|        10000| 3.742e-06| 2.192e-06
       0.Info>>    sd:c:b:scatter| 4.383e+01|        10000| 4.383e-03| 8.373e-04
       0.Info>>        sd:c:block| 4.401e+01|          100| 4.401e-01| 4.350e-02
       0.Info>>         sd:c:init| 1.438e+01|          100| 1.438e-01| 2.970e-02
       0.Info>>       sd:c:reduce| 9.900e-05|          100| 9.900e-07| 4.903e-07
       0.Info>>         sd:c:wait| 1.600e-04|          100| 1.600e-06| 5.497e-07
       0.Info>>        sd:compute| 5.838e+01|          100| 5.838e-01| 5.797e-02
       0.Info>>         sd:runner| 5.839e+01|            8| 7.298e+00| 0.000e+00
       0.Info>>          sd:stage| 1.952e-01|            8| 2.441e-02| 0.000e+00
       0.Info>> sd:worker:scatter| 4.344e+01|        10000| 4.344e-03| 8.231e-04
       0.Info>>    sd:worker:wait| 1.485e+01|        10000| 1.485e-03| 1.465e-02
       0.Info>>          sd:write| 9.840e-04|          100| 9.840e-06| 6.451e-06
       0.Info>>           st:fill| 1.183e-02|            8| 1.479e-03| 0.000e+00
       0.Info>>          st:first| 2.280e-02|            1| 2.280e-02| 0.000e+00
       0.Info>>           st:load| 2.241e-02|            1| 2.241e-02| 0.000e+00
       0.Info>>           st:wait| 1.599e-01|            8| 1.999e-02| 0.000e+00
       0.Info>>-----------------------------------------------------------------
       0.Info>>-----------------------------------------------------------------
       0.Info>> watermarks:                                                     
       0.Info>>-----------------------------------------------------------------
       0.Info>>          measure |      min |      max                          
       0.Info>>-----------------------------------------------------------------
       0.Info>>   sd:c:b:dspstore| 2.000e-06| 8.900e-05                         
       0.Info>>    sd:c:b:scatter| 1.447e-03| 1.028e-02                         
       0.Info>>        sd:c:block| 1.519e-01| 5.599e-01                         
       0.Info>>         sd:c:init| 1.123e-01| 2.471e-01                         
       0.Info>>       sd:c:reduce| 0.000e+00| 2.000e-06                         
       0.Info>>         sd:c:wait| 1.000e-06| 3.000e-06                         
       0.Info>>        sd:compute| 2.652e-01| 7.202e-01                         
       0.Info>>         sd:runner| 6.382e+00| 7.828e+00                         
       0.Info>>          sd:stage| 2.425e-02| 2.447e-02                         
       0.Info>> sd:worker:scatter| 1.427e-03| 9.230e-03                         
       0.Info>>    sd:worker:wait| 1.000e-06| 2.472e-01                         
       0.Info>>          sd:write| 5.000e-06| 3.900e-05                         
       0.Info>>           st:fill| 1.321e-03| 1.539e-03                         
       0.Info>>          st:first| 2.280e-02| 2.280e-02                         
       0.Info>>           st:load| 2.241e-02| 2.241e-02                         
       0.Info>>           st:wait| 8.000e-06| 2.285e-02                         
       0.Info>>-----------------------------------------------------------------
       0.Info>>                                                                 
       0.Info>>         Performance Analysis (relative to total time * nodes)   
       0.Info>>-----------------------------------------------------------------
       0.Info>> mean and total runtimes:                                        
       0.Info>>-----------------------------------------------------------------
       0.Info>>          measure |    total |       count |     mean |   stddev 
       0.Info>>-----------------------------------------------------------------
       0.Info>>   sd:c:b:dspstore| 5.641e-04|        10000| 5.641e-08| 2.691e-07
       0.Info>>    sd:c:b:scatter| 6.607e-01|        10000| 6.607e-05| 1.028e-04
       0.Info>>        sd:c:block| 6.634e-01|          100| 6.634e-03| 5.341e-03
       0.Info>>         sd:c:init| 2.167e-01|          100| 2.167e-03| 3.647e-03
       0.Info>>       sd:c:reduce| 1.493e-06|          100| 1.493e-08| 6.020e-08
       0.Info>>         sd:c:wait| 2.412e-06|          100| 2.412e-08| 6.749e-08
       0.Info>>        sd:compute| 8.802e-01|          100| 8.802e-03| 7.118e-03
       0.Info>>         sd:runner| 8.803e-01|            8| 1.100e-01| 0.000e+00
       0.Info>>          sd:stage| 2.944e-03|            8| 3.679e-04| 0.000e+00
       0.Info>> sd:worker:scatter| 6.548e-01|        10000| 6.548e-05| 1.011e-04
       0.Info>>    sd:worker:wait| 2.239e-01|        10000| 2.239e-05| 1.799e-03
       0.Info>>          sd:write| 1.483e-05|          100| 1.483e-07| 7.921e-07
       0.Info>>           st:fill| 1.783e-04|            8| 2.229e-05| 0.000e+00
       0.Info>>          st:first| 3.438e-04|            1| 3.438e-04| 0.000e+00
       0.Info>>           st:load| 3.379e-04|            1| 3.379e-04| 0.000e+00
       0.Info>>           st:wait| 2.411e-03|            8| 3.013e-04| 0.000e+00
       0.Info>>-----------------------------------------------------------------
       0.Info>>-----------------------------------------------------------------
       0.Info>> watermarks:                                                     
       0.Info>>-----------------------------------------------------------------
       0.Info>>          measure |      min |      max                          
       0.Info>>-----------------------------------------------------------------
       0.Info>>   sd:c:b:dspstore| 3.015e-08| 1.342e-06                         
       0.Info>>    sd:c:b:scatter| 2.182e-05| 1.550e-04                         
       0.Info>>        sd:c:block| 2.290e-03| 8.442e-03                         
       0.Info>>         sd:c:init| 1.693e-03| 3.725e-03                         
       0.Info>>       sd:c:reduce| 0.000e+00| 3.015e-08                         
       0.Info>>         sd:c:wait| 1.508e-08| 4.523e-08                         
       0.Info>>        sd:compute| 3.998e-03| 1.086e-02                         
       0.Info>>         sd:runner| 9.621e-02| 1.180e-01                         
       0.Info>>          sd:stage| 3.656e-04| 3.689e-04                         
       0.Info>> sd:worker:scatter| 2.151e-05| 1.392e-04                         
       0.Info>>    sd:worker:wait| 1.508e-08| 3.727e-03                         
       0.Info>>          sd:write| 7.538e-08| 5.880e-07                         
       0.Info>>           st:fill| 1.992e-05| 2.320e-05                         
       0.Info>>          st:first| 3.438e-04| 3.438e-04                         
       0.Info>>           st:load| 3.379e-04| 3.379e-04                         
       0.Info>>           st:wait| 1.206e-07| 3.444e-04                         
       0.Info>>-----------------------------------------------------------------
       0.Info>>Total runtime (s): 8.2912499999999998                            
       0.Info>>Successfully finished... Have a nice day!                        
