       0.Info>>This software is being developed by Benjamin Lindner.                    
       0.Info>>For help, suggestions or correspondense use:                             
       0.Info>>ben@benlabs.net, Benjamin Lindner (Main Developer, Impl. & Maintenance)  
       0.Info>>franc@cmm.ki.si, Franci Merzel (Methodology)                             
       0.Info>>For publications include the following references:                       
       0.Info>>.........................................................................
       0.Info>>1. Sassena - X-ray and Neutron Scattering Calculated                     
       0.Info>>  from Molecular Dynamics Trajectories using Massively Parallel Computers
       0.Info>>  published as a Computer Program in Physics Paper                       
       0.Info>>.........................................................................
       0.Info>>Version Information: 1.4.2                                       
       0.Info>>                                                                 
       0.Info>>.................................................................
       0.Info>>......................D.E.S.C.R.I.P.T.I.O.N......................
       0.Info>>.................................................................
       0.Info>>This binary computes the scattering intensities directly from    
       0.Info>>a molecular dynamics trajectory.                                 
       0.Info>>.................................................................
       0.Info>>.................................................................
       0.Info>>...................I.N.I.T.I.A.L.I.Z.A.T.I.O.N...................
       0.Info>>.................................................................
       0.Info>>No configuration file specified. Will use default                
       0.Info>>Looking for configuration file: scatter.xml                      
       0.Info>>Reading parameters from XML file: scatter.xml                    
       0.Info>>Added frames from /home/amajumda/study/continuum_simulations/gitlab/continuum-to-scattering/data/100_100_100_10_10_10/single_atom_shrink/iteration_007/t010/pdb_dcd/sample.dcd using format: dcd
       0.Info>>Options: first=0, last=0, lastset=0, stride=1                    
       0.Info>>stager.target=system                                             
       0.Info>>scattering.type=all                                              
       0.Info>>scattering.dsp.type=square                                       
       0.Info>>scattering.average.orientation.type=vectors                      
       0.Info>>scattering.average.orientation.vectors.type=sphere               
       0.Info>>scattering.average.orientation.vectors.algorithm=boost_uniform_on_sphere
       0.Info>>scattering.average.orientation.vectors.resolution=100            
       0.Info>>Generating orientations for orientational averaging using sphere,boost_uniform_on_sphere
       0.Info>>Initialized orientational averaging with 100 vectors.            
       0.Info>>scattering.signal.file=signal.h5                                 
       0.Info>>scattering.signal.filepath=/home/amajumda/study/continuum_simulations/gitlab/continuum-to-scattering/data/100_100_100_10_10_10/single_atom_shrink/iteration_007/t010/signal.h5
       0.Info>>scattering.signal.fqt=1                                          
       0.Info>>scattering.signal.fq0=1                                          
       0.Info>>scattering.signal.fq=1                                           
       0.Info>>scattering.signal.fq2=1                                          
       0.Info>>Analyzing command line for parameter overwrites                  
       0.Info>>Reading database from file: /home/amajumda/study/continuum_simulations/gitlab/continuum-to-scattering/data/100_100_100_10_10_10/single_atom_shrink/iteration_007/t010/database/db-neutron-coherent.xml
       0.Info>>Checking database...                                             
       0.Info>>Testing mapping between PDB names and atom labels                
       0.Info>>Testing database completeness for referenced atom labels         
       0.Info>>Check succeeded. Database seems OK.                              
       0.Info>>Initializing sample...                                           
       0.Info>>Reading structure from file: /home/amajumda/study/continuum_simulations/gitlab/continuum-to-scattering/data/100_100_100_10_10_10/single_atom_shrink/iteration_007/t010/pdb_dcd/sample.pdb
       0.Info>>Done. Atoms read: 1000                                           
       0.Info>>Reading frames from: /home/amajumda/study/continuum_simulations/gitlab/continuum-to-scattering/data/100_100_100_10_10_10/single_atom_shrink/iteration_007/t010/pdb_dcd/sample.dcd
       0.Info>>Found 1 frames                                                   
       0.Info>>Total number of coordinate sets found: 1                         
       0.Info>>Exchanging sample, database & params information with compute nodes... 
       0.Info>>params...                                                        
       0.Info>>database...                                                      
       0.Info>>sample...                                                        
       0.Info>>.................................................................
       0.Info>>......................C.O.M.P.U.T.A.T.I.O.N......................
       0.Info>>.................................................................
       0.Info>>Setting up services...                                           
       0.Info>>Initializing data file service...                                
       0.Info>>Initializing monitor service...                                  
       0.Info>>Starting data file service...                                    
       0.Info>>Starting monitor service...                                      
       0.Info>>Services setup and running...                                    
       0.Info>>Checking /home/amajumda/study/continuum_simulations/gitlab/continuum-to-scattering/data/100_100_100_10_10_10/single_atom_shrink/iteration_007/t010/signal.h5 for old results.
       0.Info>>Broadcasting service information                                 
       0.Info>>Server host name    : hzglap02                                   
       0.Info>>FileService Port    : 40901                                      
       0.Info>>MonitorService Port : 44599                                      
       0.Info>>Setting up parallel environment...                               
       0.Info>>Searching for decomposition plan:                                
       0.Info>>nodes    = 8                                                     
       0.Info>>qvectors = 100                                                   
       0.Info>>frames   = 1                                                     
       0.Info>>atoms   = 1000                                                   
       0.Info>>All interference scattering detected. Applying frame decomposition.
       0.Info>>Automatic decomposition. Searching for best utilization.         
       0.Info>>Final decomposition parameters:                                  
       0.Info>>NN                : 8                                            
       0.Info>>NQ                : 100                                          
       0.Info>>NAF               : 1                                            
       0.Info>>NP                : 8                                            
       0.Info>>NNpP              : 1                                            
       0.Info>>NAFcycles         : 1                                            
       0.Info>>NQcycles          : 13                                           
       0.Info>>CompEl (WASTE/USE): 4/100                                        
       0.Info>>utilization(1=best)    : 0.96153846153846156                     
       0.Info>>Initializing Scatter Device, Vectors (all)                       
       0.Info>>Starting scattering...                                           
       0.Info>>Checking memory requirements for scattering calculation...       
       0.Info>>required limits.computation.memory.result_buffer=16              
       0.Info>>required limits.computation.memory.signal_buffer=16              
       0.Info>>required limits.computation.memory.exchange_buffer=0             
       0.Info>>required limits.computation.memory.alignpad_buffer=32            
       0.Info>>Memory limits ok                                                 
       0.Info>>Staging data...                                                  
       0.Info>>Forcing stager.mode=frames                                       
       0.Info>>Staging first partition.                                         
       0.Info>>Staging remaining partitions.                                    
       0.Info>>background scattering length set to 0                            
       0.Info>>Target initialized.                                              
       0.Info>>Target 'system' produces a background scattering length density of 0.0019098593171027747
       0.Info>>Starting computation...                                          
       0.Info>>Orientational averaging includes 100 vectors                     
       0.Info>>Setting progress sampling factor for monitoring to 1             
       0.Info>>Scattering finished...                                           
       0.Info>>.................................................................
       0.Info>>.....................R.U.N...A.N.A.L.Y.S.I.S.....................
       0.Info>>.................................................................
       0.Info>>Aggregating timing information for performance analysis...       
       0.Info>>                                                                 
       0.Info>>                    Performance Analysis                         
       0.Info>>-----------------------------------------------------------------
       0.Info>> mean and total runtimes:                                        
       0.Info>>-----------------------------------------------------------------
       0.Info>>          measure |    total |       count |     mean |   stddev 
       0.Info>>-----------------------------------------------------------------
       0.Info>>   sd:c:b:dspstore| 2.773e-02|        10000| 2.773e-06| 1.753e-06
       0.Info>>    sd:c:b:scatter| 6.482e-01|        10000| 6.482e-05| 1.719e-05
       0.Info>>        sd:c:block| 7.832e-01|          100| 7.831e-03| 5.514e-04
       0.Info>>         sd:c:init| 1.422e-01|          100| 1.422e-03| 3.261e-04
       0.Info>>       sd:c:reduce| 1.090e-04|          100| 1.090e-06| 7.742e-07
       0.Info>>         sd:c:wait| 1.360e-04|          100| 1.360e-06| 5.572e-07
       0.Info>>        sd:compute| 9.276e-01|          100| 9.276e-03| 6.784e-04
       0.Info>>         sd:runner| 9.305e-01|            8| 1.163e-01| 0.000e+00
       0.Info>>          sd:stage| 3.103e-03|            8| 3.879e-04| 0.000e+00
       0.Info>> sd:worker:scatter| 4.574e-01|        10000| 4.574e-05| 7.125e-06
       0.Info>>    sd:worker:wait| 3.932e-01|        10000| 3.932e-05| 1.501e-04
       0.Info>>          sd:write| 8.200e-04|          100| 8.200e-06| 5.809e-06
       0.Info>>           st:fill| 6.140e-04|            8| 7.675e-05| 0.000e+00
       0.Info>>          st:first| 2.280e-04|            1| 2.280e-04| 0.000e+00
       0.Info>>           st:load| 2.050e-04|            1| 2.050e-04| 0.000e+00
       0.Info>>           st:wait| 1.725e-03|            8| 2.156e-04| 0.000e+00
       0.Info>>-----------------------------------------------------------------
       0.Info>>-----------------------------------------------------------------
       0.Info>> watermarks:                                                     
       0.Info>>-----------------------------------------------------------------
       0.Info>>          measure |      min |      max                          
       0.Info>>-----------------------------------------------------------------
       0.Info>>   sd:c:b:dspstore| 1.000e-06| 6.800e-05                         
       0.Info>>    sd:c:b:scatter| 2.700e-05| 1.276e-03                         
       0.Info>>        sd:c:block| 4.765e-03| 9.024e-03                         
       0.Info>>         sd:c:init| 8.770e-04| 2.174e-03                         
       0.Info>>       sd:c:reduce| 0.000e+00| 7.000e-06                         
       0.Info>>         sd:c:wait| 0.000e+00| 3.000e-06                         
       0.Info>>        sd:compute| 5.713e-03| 1.064e-02                         
       0.Info>>         sd:runner| 1.033e-01| 1.247e-01                         
       0.Info>>          sd:stage| 3.850e-04| 3.910e-04                         
       0.Info>> sd:worker:scatter| 1.200e-05| 1.610e-04                         
       0.Info>>    sd:worker:wait| 1.200e-05| 2.238e-03                         
       0.Info>>          sd:write| 4.000e-06| 3.400e-05                         
       0.Info>>           st:fill| 7.300e-05| 7.900e-05                         
       0.Info>>          st:first| 2.280e-04| 2.280e-04                         
       0.Info>>           st:load| 2.050e-04| 2.050e-04                         
       0.Info>>           st:wait| 4.000e-06| 2.480e-04                         
       0.Info>>-----------------------------------------------------------------
       0.Info>>                                                                 
       0.Info>>         Performance Analysis (relative to total time * nodes)   
       0.Info>>-----------------------------------------------------------------
       0.Info>> mean and total runtimes:                                        
       0.Info>>-----------------------------------------------------------------
       0.Info>>          measure |    total |       count |     mean |   stddev 
       0.Info>>-----------------------------------------------------------------
       0.Info>>   sd:c:b:dspstore| 2.074e-02|        10000| 2.074e-06| 1.517e-06
       0.Info>>    sd:c:b:scatter| 4.849e-01|        10000| 4.849e-05| 1.487e-05
       0.Info>>        sd:c:block| 5.859e-01|          100| 5.859e-03| 4.769e-04
       0.Info>>         sd:c:init| 1.064e-01|          100| 1.064e-03| 2.821e-04
       0.Info>>       sd:c:reduce| 8.154e-05|          100| 8.154e-07| 6.696e-07
       0.Info>>         sd:c:wait| 1.017e-04|          100| 1.017e-06| 4.819e-07
       0.Info>>        sd:compute| 6.939e-01|          100| 6.939e-03| 5.867e-04
       0.Info>>         sd:runner| 6.961e-01|            8| 8.702e-02| 0.000e+00
       0.Info>>          sd:stage| 2.321e-03|            8| 2.902e-04| 0.000e+00
       0.Info>> sd:worker:scatter| 3.422e-01|        10000| 3.422e-05| 6.162e-06
       0.Info>>    sd:worker:wait| 2.942e-01|        10000| 2.942e-05| 1.298e-04
       0.Info>>          sd:write| 6.134e-04|          100| 6.134e-06| 5.024e-06
       0.Info>>           st:fill| 4.593e-04|            8| 5.742e-05| 0.000e+00
       0.Info>>          st:first| 1.706e-04|            1| 1.706e-04| 0.000e+00
       0.Info>>           st:load| 1.534e-04|            1| 1.534e-04| 0.000e+00
       0.Info>>           st:wait| 1.290e-03|            8| 1.613e-04| 0.000e+00
       0.Info>>-----------------------------------------------------------------
       0.Info>>-----------------------------------------------------------------
       0.Info>> watermarks:                                                     
       0.Info>>-----------------------------------------------------------------
       0.Info>>          measure |      min |      max                          
       0.Info>>-----------------------------------------------------------------
       0.Info>>   sd:c:b:dspstore| 7.481e-07| 5.087e-05                         
       0.Info>>    sd:c:b:scatter| 2.020e-05| 9.546e-04                         
       0.Info>>        sd:c:block| 3.565e-03| 6.751e-03                         
       0.Info>>         sd:c:init| 6.561e-04| 1.626e-03                         
       0.Info>>       sd:c:reduce| 0.000e+00| 5.237e-06                         
       0.Info>>         sd:c:wait| 0.000e+00| 2.244e-06                         
       0.Info>>        sd:compute| 4.274e-03| 7.959e-03                         
       0.Info>>         sd:runner| 7.729e-02| 9.329e-02                         
       0.Info>>          sd:stage| 2.880e-04| 2.925e-04                         
       0.Info>> sd:worker:scatter| 8.977e-06| 1.204e-04                         
       0.Info>>    sd:worker:wait| 8.977e-06| 1.674e-03                         
       0.Info>>          sd:write| 2.992e-06| 2.544e-05                         
       0.Info>>           st:fill| 5.461e-05| 5.910e-05                         
       0.Info>>          st:first| 1.706e-04| 1.706e-04                         
       0.Info>>           st:load| 1.534e-04| 1.534e-04                         
       0.Info>>           st:wait| 2.992e-06| 1.855e-04                         
       0.Info>>-----------------------------------------------------------------
       0.Info>>Total runtime (s): 0.16708999999999999                           
       0.Info>>Successfully finished... Have a nice day!                        
