       0.Info>>This software is being developed by Benjamin Lindner.                    
       0.Info>>For help, suggestions or correspondense use:                             
       0.Info>>ben@benlabs.net, Benjamin Lindner (Main Developer, Impl. & Maintenance)  
       0.Info>>franc@cmm.ki.si, Franci Merzel (Methodology)                             
       0.Info>>For publications include the following references:                       
       0.Info>>.........................................................................
       0.Info>>1. Sassena - X-ray and Neutron Scattering Calculated                     
       0.Info>>  from Molecular Dynamics Trajectories using Massively Parallel Computers
       0.Info>>  published as a Computer Program in Physics Paper                       
       0.Info>>.........................................................................
       0.Info>>Version Information: 1.4.2                                       
       0.Info>>                                                                 
       0.Info>>.................................................................
       0.Info>>......................D.E.S.C.R.I.P.T.I.O.N......................
       0.Info>>.................................................................
       0.Info>>This binary computes the scattering intensities directly from    
       0.Info>>a molecular dynamics trajectory.                                 
       0.Info>>.................................................................
       0.Info>>.................................................................
       0.Info>>...................I.N.I.T.I.A.L.I.Z.A.T.I.O.N...................
       0.Info>>.................................................................
       0.Info>>No configuration file specified. Will use default                
       0.Info>>Looking for configuration file: scatter.xml                      
       0.Info>>Reading parameters from XML file: scatter.xml                    
       0.Info>>Added frames from /home/amajumda/study/continuum_simulations/gitlab/continuum-to-scattering/data/100_100_100_10_10_10/single_atom_shrink/iteration_009/t001/pdb_dcd/sample.dcd using format: dcd
       0.Info>>Options: first=0, last=0, lastset=0, stride=1                    
       0.Info>>stager.target=system                                             
       0.Info>>scattering.type=all                                              
       0.Info>>scattering.dsp.type=square                                       
       0.Info>>scattering.average.orientation.type=vectors                      
       0.Info>>scattering.average.orientation.vectors.type=sphere               
       0.Info>>scattering.average.orientation.vectors.algorithm=boost_uniform_on_sphere
       0.Info>>scattering.average.orientation.vectors.resolution=100            
       0.Info>>Generating orientations for orientational averaging using sphere,boost_uniform_on_sphere
       0.Info>>Initialized orientational averaging with 100 vectors.            
       0.Info>>scattering.signal.file=signal.h5                                 
       0.Info>>scattering.signal.filepath=/home/amajumda/study/continuum_simulations/gitlab/continuum-to-scattering/data/100_100_100_10_10_10/single_atom_shrink/iteration_009/t001/signal.h5
       0.Info>>scattering.signal.fqt=1                                          
       0.Info>>scattering.signal.fq0=1                                          
       0.Info>>scattering.signal.fq=1                                           
       0.Info>>scattering.signal.fq2=1                                          
       0.Info>>Analyzing command line for parameter overwrites                  
       0.Info>>Reading database from file: /home/amajumda/study/continuum_simulations/gitlab/continuum-to-scattering/data/100_100_100_10_10_10/single_atom_shrink/iteration_009/t001/database/db-neutron-coherent.xml
       0.Info>>Checking database...                                             
       0.Info>>Testing mapping between PDB names and atom labels                
       0.Info>>Testing database completeness for referenced atom labels         
       0.Info>>Check succeeded. Database seems OK.                              
       0.Info>>Initializing sample...                                           
       0.Info>>Reading structure from file: /home/amajumda/study/continuum_simulations/gitlab/continuum-to-scattering/data/100_100_100_10_10_10/single_atom_shrink/iteration_009/t001/pdb_dcd/sample.pdb
       0.Info>>Done. Atoms read: 1000                                           
       0.Info>>Reading frames from: /home/amajumda/study/continuum_simulations/gitlab/continuum-to-scattering/data/100_100_100_10_10_10/single_atom_shrink/iteration_009/t001/pdb_dcd/sample.dcd
       0.Info>>Found 1 frames                                                   
       0.Info>>Total number of coordinate sets found: 1                         
       0.Info>>Exchanging sample, database & params information with compute nodes... 
       0.Info>>params...                                                        
       0.Info>>database...                                                      
       0.Info>>sample...                                                        
       0.Info>>.................................................................
       0.Info>>......................C.O.M.P.U.T.A.T.I.O.N......................
       0.Info>>.................................................................
       0.Info>>Setting up services...                                           
       0.Info>>Initializing data file service...                                
       0.Info>>Initializing monitor service...                                  
       0.Info>>Starting data file service...                                    
       0.Info>>Starting monitor service...                                      
       0.Info>>Services setup and running...                                    
       0.Info>>Checking /home/amajumda/study/continuum_simulations/gitlab/continuum-to-scattering/data/100_100_100_10_10_10/single_atom_shrink/iteration_009/t001/signal.h5 for old results.
       0.Info>>Broadcasting service information                                 
       0.Info>>Server host name    : hzglap02                                   
       0.Info>>FileService Port    : 35189                                      
       0.Info>>MonitorService Port : 38759                                      
       0.Info>>Setting up parallel environment...                               
       0.Info>>Searching for decomposition plan:                                
       0.Info>>nodes    = 8                                                     
       0.Info>>qvectors = 100                                                   
       0.Info>>frames   = 1                                                     
       0.Info>>atoms   = 1000                                                   
       0.Info>>All interference scattering detected. Applying frame decomposition.
       0.Info>>Automatic decomposition. Searching for best utilization.         
       0.Info>>Final decomposition parameters:                                  
       0.Info>>NN                : 8                                            
       0.Info>>NQ                : 100                                          
       0.Info>>NAF               : 1                                            
       0.Info>>NP                : 8                                            
       0.Info>>NNpP              : 1                                            
       0.Info>>NAFcycles         : 1                                            
       0.Info>>NQcycles          : 13                                           
       0.Info>>CompEl (WASTE/USE): 4/100                                        
       0.Info>>utilization(1=best)    : 0.96153846153846156                     
       0.Info>>Initializing Scatter Device, Vectors (all)                       
       0.Info>>Starting scattering...                                           
       0.Info>>Checking memory requirements for scattering calculation...       
       0.Info>>required limits.computation.memory.result_buffer=16              
       0.Info>>required limits.computation.memory.signal_buffer=16              
       0.Info>>required limits.computation.memory.exchange_buffer=0             
       0.Info>>required limits.computation.memory.alignpad_buffer=32            
       0.Info>>Memory limits ok                                                 
       0.Info>>Staging data...                                                  
       0.Info>>Forcing stager.mode=frames                                       
       0.Info>>Staging first partition.                                         
       0.Info>>Staging remaining partitions.                                    
       0.Info>>background scattering length set to 0                            
       0.Info>>Target initialized.                                              
       0.Info>>Target 'system' produces a background scattering length density of 0.2274854653260189
       0.Info>>Starting computation...                                          
       0.Info>>Orientational averaging includes 100 vectors                     
       0.Info>>Setting progress sampling factor for monitoring to 1             
       0.Info>>Scattering finished...                                           
       0.Info>>.................................................................
       0.Info>>.....................R.U.N...A.N.A.L.Y.S.I.S.....................
       0.Info>>.................................................................
       0.Info>>Aggregating timing information for performance analysis...       
       0.Info>>                                                                 
       0.Info>>                    Performance Analysis                         
       0.Info>>-----------------------------------------------------------------
       0.Info>> mean and total runtimes:                                        
       0.Info>>-----------------------------------------------------------------
       0.Info>>          measure |    total |       count |     mean |   stddev 
       0.Info>>-----------------------------------------------------------------
       0.Info>>   sd:c:b:dspstore| 2.631e-02|        10000| 2.631e-06| 1.907e-06
       0.Info>>    sd:c:b:scatter| 6.132e-01|        10000| 6.132e-05| 1.213e-05
       0.Info>>        sd:c:block| 7.407e-01|          100| 7.407e-03| 4.323e-04
       0.Info>>         sd:c:init| 1.409e-01|          100| 1.409e-03| 3.050e-04
       0.Info>>       sd:c:reduce| 1.040e-04|          100| 1.040e-06| 4.767e-07
       0.Info>>         sd:c:wait| 1.440e-04|          100| 1.440e-06| 7.218e-07
       0.Info>>        sd:compute| 8.837e-01|          100| 8.837e-03| 4.955e-04
       0.Info>>         sd:runner| 8.864e-01|            8| 1.108e-01| 0.000e+00
       0.Info>>          sd:stage| 4.172e-03|            8| 5.215e-04| 0.000e+00
       0.Info>> sd:worker:scatter| 4.334e-01|        10000| 4.334e-05| 7.013e-06
       0.Info>>    sd:worker:wait| 3.773e-01|        10000| 3.773e-05| 1.475e-04
       0.Info>>          sd:write| 7.700e-04|          100| 7.700e-06| 5.527e-06
       0.Info>>           st:fill| 6.780e-04|            8| 8.475e-05| 0.000e+00
       0.Info>>          st:first| 3.000e-04|            1| 3.000e-04| 0.000e+00
       0.Info>>           st:load| 2.760e-04|            1| 2.760e-04| 0.000e+00
       0.Info>>           st:wait| 2.247e-03|            8| 2.809e-04| 0.000e+00
       0.Info>>-----------------------------------------------------------------
       0.Info>>-----------------------------------------------------------------
       0.Info>> watermarks:                                                     
       0.Info>>-----------------------------------------------------------------
       0.Info>>          measure |      min |      max                          
       0.Info>>-----------------------------------------------------------------
       0.Info>>   sd:c:b:dspstore| 1.000e-06| 7.400e-05                         
       0.Info>>    sd:c:b:scatter| 2.300e-05| 3.940e-04                         
       0.Info>>        sd:c:block| 4.862e-03| 8.558e-03                         
       0.Info>>         sd:c:init| 9.560e-04| 2.568e-03                         
       0.Info>>       sd:c:reduce| 0.000e+00| 3.000e-06                         
       0.Info>>         sd:c:wait| 0.000e+00| 6.000e-06                         
       0.Info>>        sd:compute| 5.933e-03| 9.987e-03                         
       0.Info>>         sd:runner| 9.782e-02| 1.172e-01                         
       0.Info>>          sd:stage| 4.980e-04| 6.430e-04                         
       0.Info>> sd:worker:scatter| 1.200e-05| 1.600e-04                         
       0.Info>>    sd:worker:wait| 1.200e-05| 2.593e-03                         
       0.Info>>          sd:write| 4.000e-06| 3.100e-05                         
       0.Info>>           st:fill| 8.000e-05| 8.700e-05                         
       0.Info>>          st:first| 3.000e-04| 3.000e-04                         
       0.Info>>           st:load| 2.760e-04| 2.760e-04                         
       0.Info>>           st:wait| 4.000e-06| 3.220e-04                         
       0.Info>>-----------------------------------------------------------------
       0.Info>>                                                                 
       0.Info>>         Performance Analysis (relative to total time * nodes)   
       0.Info>>-----------------------------------------------------------------
       0.Info>> mean and total runtimes:                                        
       0.Info>>-----------------------------------------------------------------
       0.Info>>          measure |    total |       count |     mean |   stddev 
       0.Info>>-----------------------------------------------------------------
       0.Info>>   sd:c:b:dspstore| 2.068e-02|        10000| 2.068e-06| 1.691e-06
       0.Info>>    sd:c:b:scatter| 4.820e-01|        10000| 4.820e-05| 1.076e-05
       0.Info>>        sd:c:block| 5.822e-01|          100| 5.822e-03| 3.833e-04
       0.Info>>         sd:c:init| 1.107e-01|          100| 1.107e-03| 2.704e-04
       0.Info>>       sd:c:reduce| 8.175e-05|          100| 8.175e-07| 4.226e-07
       0.Info>>         sd:c:wait| 1.132e-04|          100| 1.132e-06| 6.399e-07
       0.Info>>        sd:compute| 6.946e-01|          100| 6.946e-03| 4.393e-04
       0.Info>>         sd:runner| 6.967e-01|            8| 8.709e-02| 0.000e+00
       0.Info>>          sd:stage| 3.279e-03|            8| 4.099e-04| 0.000e+00
       0.Info>> sd:worker:scatter| 3.406e-01|        10000| 3.406e-05| 6.218e-06
       0.Info>>    sd:worker:wait| 2.966e-01|        10000| 2.966e-05| 1.308e-04
       0.Info>>          sd:write| 6.052e-04|          100| 6.052e-06| 4.900e-06
       0.Info>>           st:fill| 5.329e-04|            8| 6.661e-05| 0.000e+00
       0.Info>>          st:first| 2.358e-04|            1| 2.358e-04| 0.000e+00
       0.Info>>           st:load| 2.169e-04|            1| 2.169e-04| 0.000e+00
       0.Info>>           st:wait| 1.766e-03|            8| 2.208e-04| 0.000e+00
       0.Info>>-----------------------------------------------------------------
       0.Info>>-----------------------------------------------------------------
       0.Info>> watermarks:                                                     
       0.Info>>-----------------------------------------------------------------
       0.Info>>          measure |      min |      max                          
       0.Info>>-----------------------------------------------------------------
       0.Info>>   sd:c:b:dspstore| 7.860e-07| 5.817e-05                         
       0.Info>>    sd:c:b:scatter| 1.808e-05| 3.097e-04                         
       0.Info>>        sd:c:block| 3.822e-03| 6.727e-03                         
       0.Info>>         sd:c:init| 7.514e-04| 2.018e-03                         
       0.Info>>       sd:c:reduce| 0.000e+00| 2.358e-06                         
       0.Info>>         sd:c:wait| 0.000e+00| 4.716e-06                         
       0.Info>>        sd:compute| 4.663e-03| 7.850e-03                         
       0.Info>>         sd:runner| 7.689e-02| 9.215e-02                         
       0.Info>>          sd:stage| 3.914e-04| 5.054e-04                         
       0.Info>> sd:worker:scatter| 9.432e-06| 1.258e-04                         
       0.Info>>    sd:worker:wait| 9.432e-06| 2.038e-03                         
       0.Info>>          sd:write| 3.144e-06| 2.437e-05                         
       0.Info>>           st:fill| 6.288e-05| 6.838e-05                         
       0.Info>>          st:first| 2.358e-04| 2.358e-04                         
       0.Info>>           st:load| 2.169e-04| 2.169e-04                         
       0.Info>>           st:wait| 3.144e-06| 2.531e-04                         
       0.Info>>-----------------------------------------------------------------
       0.Info>>Total runtime (s): 0.15903                                       
       0.Info>>Successfully finished... Have a nice day!                        
