       0.Info>>This software is being developed by Benjamin Lindner.                    
       0.Info>>For help, suggestions or correspondense use:                             
       0.Info>>ben@benlabs.net, Benjamin Lindner (Main Developer, Impl. & Maintenance)  
       0.Info>>franc@cmm.ki.si, Franci Merzel (Methodology)                             
       0.Info>>For publications include the following references:                       
       0.Info>>.........................................................................
       0.Info>>1. Sassena - X-ray and Neutron Scattering Calculated                     
       0.Info>>  from Molecular Dynamics Trajectories using Massively Parallel Computers
       0.Info>>  published as a Computer Program in Physics Paper                       
       0.Info>>.........................................................................
       0.Info>>Version Information: 1.4.2                                       
       0.Info>>                                                                 
       0.Info>>.................................................................
       0.Info>>......................D.E.S.C.R.I.P.T.I.O.N......................
       0.Info>>.................................................................
       0.Info>>This binary computes the scattering intensities directly from    
       0.Info>>a molecular dynamics trajectory.                                 
       0.Info>>.................................................................
       0.Info>>.................................................................
       0.Info>>...................I.N.I.T.I.A.L.I.Z.A.T.I.O.N...................
       0.Info>>.................................................................
       0.Info>>No configuration file specified. Will use default                
       0.Info>>Looking for configuration file: scatter.xml                      
       0.Info>>Reading parameters from XML file: scatter.xml                    
       0.Info>>Added frames from /home/amajumda/study/continuum_simulations/gitlab/continuum-to-scattering/data/100_100_100_50_50_50/single_atom_shrink/iteration_004/t003/pdb_dcd/sample.dcd using format: dcd
       0.Info>>Options: first=0, last=0, lastset=0, stride=1                    
       0.Info>>stager.target=system                                             
       0.Info>>scattering.type=all                                              
       0.Info>>scattering.dsp.type=square                                       
       0.Info>>scattering.average.orientation.type=vectors                      
       0.Info>>scattering.average.orientation.vectors.type=sphere               
       0.Info>>scattering.average.orientation.vectors.algorithm=boost_uniform_on_sphere
       0.Info>>scattering.average.orientation.vectors.resolution=100            
       0.Info>>Generating orientations for orientational averaging using sphere,boost_uniform_on_sphere
       0.Info>>Initialized orientational averaging with 100 vectors.            
       0.Info>>scattering.signal.file=signal.h5                                 
       0.Info>>scattering.signal.filepath=/home/amajumda/study/continuum_simulations/gitlab/continuum-to-scattering/data/100_100_100_50_50_50/single_atom_shrink/iteration_004/t003/signal.h5
       0.Info>>scattering.signal.fqt=1                                          
       0.Info>>scattering.signal.fq0=1                                          
       0.Info>>scattering.signal.fq=1                                           
       0.Info>>scattering.signal.fq2=1                                          
       0.Info>>Analyzing command line for parameter overwrites                  
       0.Info>>Reading database from file: /home/amajumda/study/continuum_simulations/gitlab/continuum-to-scattering/data/100_100_100_50_50_50/single_atom_shrink/iteration_004/t003/database/db-neutron-coherent.xml
       0.Info>>Checking database...                                             
       0.Info>>Testing mapping between PDB names and atom labels                
       0.Info>>Testing database completeness for referenced atom labels         
       0.Info>>Check succeeded. Database seems OK.                              
       0.Info>>Initializing sample...                                           
       0.Info>>Reading structure from file: /home/amajumda/study/continuum_simulations/gitlab/continuum-to-scattering/data/100_100_100_50_50_50/single_atom_shrink/iteration_004/t003/pdb_dcd/sample.pdb
       0.Info>>Done. Atoms read: 125000                                         
       0.Info>>Reading frames from: /home/amajumda/study/continuum_simulations/gitlab/continuum-to-scattering/data/100_100_100_50_50_50/single_atom_shrink/iteration_004/t003/pdb_dcd/sample.dcd
       0.Info>>Found 1 frames                                                   
       0.Info>>Total number of coordinate sets found: 1                         
       0.Info>>Exchanging sample, database & params information with compute nodes... 
       0.Info>>params...                                                        
       0.Info>>database...                                                      
       0.Info>>sample...                                                        
       0.Info>>.................................................................
       0.Info>>......................C.O.M.P.U.T.A.T.I.O.N......................
       0.Info>>.................................................................
       0.Info>>Setting up services...                                           
       0.Info>>Initializing data file service...                                
       0.Info>>Initializing monitor service...                                  
       0.Info>>Starting data file service...                                    
       0.Info>>Starting monitor service...                                      
       0.Info>>Services setup and running...                                    
       0.Info>>Checking /home/amajumda/study/continuum_simulations/gitlab/continuum-to-scattering/data/100_100_100_50_50_50/single_atom_shrink/iteration_004/t003/signal.h5 for old results.
       0.Info>>Broadcasting service information                                 
       0.Info>>Server host name    : hzglap02                                   
       0.Info>>FileService Port    : 34333                                      
       0.Info>>MonitorService Port : 32953                                      
       0.Info>>Setting up parallel environment...                               
       0.Info>>Searching for decomposition plan:                                
       0.Info>>nodes    = 8                                                     
       0.Info>>qvectors = 100                                                   
       0.Info>>frames   = 1                                                     
       0.Info>>atoms   = 125000                                                 
       0.Info>>All interference scattering detected. Applying frame decomposition.
       0.Info>>Automatic decomposition. Searching for best utilization.         
       0.Info>>Final decomposition parameters:                                  
       0.Info>>NN                : 8                                            
       0.Info>>NQ                : 100                                          
       0.Info>>NAF               : 1                                            
       0.Info>>NP                : 8                                            
       0.Info>>NNpP              : 1                                            
       0.Info>>NAFcycles         : 1                                            
       0.Info>>NQcycles          : 13                                           
       0.Info>>CompEl (WASTE/USE): 4/100                                        
       0.Info>>utilization(1=best)    : 0.96153846153846156                     
       0.Info>>Initializing Scatter Device, Vectors (all)                       
       0.Info>>Starting scattering...                                           
       0.Info>>Checking memory requirements for scattering calculation...       
       0.Info>>required limits.computation.memory.result_buffer=16              
       0.Info>>required limits.computation.memory.signal_buffer=16              
       0.Info>>required limits.computation.memory.exchange_buffer=0             
       0.Info>>required limits.computation.memory.alignpad_buffer=32            
       0.Info>>Memory limits ok                                                 
       0.Info>>Staging data...                                                  
       0.Info>>Forcing stager.mode=frames                                       
       0.Info>>Staging first partition.                                         
       0.Info>>Staging remaining partitions.                                    
       0.Info>>background scattering length set to 0                            
       0.Info>>Target initialized.                                              
       0.Info>>Target 'system' produces a background scattering length density of 0.0013571443330832728
       0.Info>>Starting computation...                                          
       0.Info>>Orientational averaging includes 100 vectors                     
       0.Info>>Setting progress sampling factor for monitoring to 1             
       0.Info>>Progress: 3.010%, ETOTAL: 37.474945328719727 s, ETA: 36.346793328719727 s
       0.Info>>Progress: 5.021%, ETOTAL: 23.004587551867228 s, ETA: 21.849565551867229 s
       0.Info>>Progress: 11.041%, ETOTAL: 11.572109209666886 s, ETA: 10.294448209666886 s
       0.Info>>Progress: 20.946%, ETOTAL: 14.917228462127012 s, ETA: 11.792738462127012 s
       0.Info>>Progress: 30.196%, ETOTAL: 10.419534911368222 s, ETA: 7.2733029113682219 s
       0.Info>>Progress: 42.705%, ETOTAL: 7.5500183128189757 s, ETA: 4.325773312818975 s
       0.Info>>Progress: 52.955%, ETOTAL: 9.6782807892506995 s, ETA: 4.5531347892506986 s
       0.Info>>Progress: 62.330%, ETOTAL: 8.3432509281637266 s, ETA: 3.1428919281637269 s
       0.Info>>Progress: 72.205%, ETOTAL: 9.8705302201704548 s, ETA: 2.7435012201704554 s
       0.Info>>Progress: 81.830%, ETOTAL: 8.7456370373271692 s, ETA: 1.5890710373271704 s
       0.Info>>Scattering finished...                                           
       0.Info>>.................................................................
       0.Info>>.....................R.U.N...A.N.A.L.Y.S.I.S.....................
       0.Info>>.................................................................
       0.Info>>Aggregating timing information for performance analysis...       
       0.Info>>                                                                 
       0.Info>>                    Performance Analysis                         
       0.Info>>-----------------------------------------------------------------
       0.Info>> mean and total runtimes:                                        
       0.Info>>-----------------------------------------------------------------
       0.Info>>          measure |    total |       count |     mean |   stddev 
       0.Info>>-----------------------------------------------------------------
       0.Info>>   sd:c:b:dspstore| 3.775e-02|        10000| 3.775e-06| 2.109e-06
       0.Info>>    sd:c:b:scatter| 4.479e+01|        10000| 4.479e-03| 8.589e-04
       0.Info>>        sd:c:block| 4.497e+01|          100| 4.497e-01| 4.260e-02
       0.Info>>         sd:c:init| 1.490e+01|          100| 1.490e-01| 2.610e-02
       0.Info>>       sd:c:reduce| 1.080e-04|          100| 1.080e-06| 5.316e-07
       0.Info>>         sd:c:wait| 1.710e-04|          100| 1.710e-06| 5.511e-07
       0.Info>>        sd:compute| 5.987e+01|          100| 5.987e-01| 5.367e-02
       0.Info>>         sd:runner| 5.987e+01|            8| 7.484e+00| 0.000e+00
       0.Info>>          sd:stage| 1.936e-01|            8| 2.420e-02| 0.000e+00
       0.Info>> sd:worker:scatter| 4.440e+01|        10000| 4.440e-03| 8.453e-04
       0.Info>>    sd:worker:wait| 1.537e+01|        10000| 1.537e-03| 1.509e-02
       0.Info>>          sd:write| 1.036e-03|          100| 1.036e-05| 7.585e-06
       0.Info>>           st:fill| 1.187e-02|            8| 1.484e-03| 0.000e+00
       0.Info>>          st:first| 2.260e-02|            1| 2.260e-02| 0.000e+00
       0.Info>>           st:load| 2.227e-02|            1| 2.227e-02| 0.000e+00
       0.Info>>           st:wait| 1.584e-01|            8| 1.981e-02| 0.000e+00
       0.Info>>-----------------------------------------------------------------
       0.Info>>-----------------------------------------------------------------
       0.Info>> watermarks:                                                     
       0.Info>>-----------------------------------------------------------------
       0.Info>>          measure |      min |      max                          
       0.Info>>-----------------------------------------------------------------
       0.Info>>   sd:c:b:dspstore| 2.000e-06| 7.100e-05                         
       0.Info>>    sd:c:b:scatter| 1.522e-03| 1.156e-02                         
       0.Info>>        sd:c:block| 1.602e-01| 5.446e-01                         
       0.Info>>         sd:c:init| 1.183e-01| 2.584e-01                         
       0.Info>>       sd:c:reduce| 0.000e+00| 3.000e-06                         
       0.Info>>         sd:c:wait| 1.000e-06| 3.000e-06                         
       0.Info>>        sd:compute| 3.070e-01| 7.301e-01                         
       0.Info>>         sd:runner| 6.430e+00| 8.118e+00                         
       0.Info>>          sd:stage| 2.405e-02| 2.426e-02                         
       0.Info>> sd:worker:scatter| 1.500e-03| 1.140e-02                         
       0.Info>>    sd:worker:wait| 1.000e-06| 2.585e-01                         
       0.Info>>          sd:write| 5.000e-06| 4.900e-05                         
       0.Info>>           st:fill| 1.333e-03| 1.547e-03                         
       0.Info>>          st:first| 2.260e-02| 2.260e-02                         
       0.Info>>           st:load| 2.227e-02| 2.227e-02                         
       0.Info>>           st:wait| 8.000e-06| 2.264e-02                         
       0.Info>>-----------------------------------------------------------------
       0.Info>>                                                                 
       0.Info>>         Performance Analysis (relative to total time * nodes)   
       0.Info>>-----------------------------------------------------------------
       0.Info>> mean and total runtimes:                                        
       0.Info>>-----------------------------------------------------------------
       0.Info>>          measure |    total |       count |     mean |   stddev 
       0.Info>>-----------------------------------------------------------------
       0.Info>>   sd:c:b:dspstore| 5.526e-04|        10000| 5.526e-08| 2.551e-07
       0.Info>>    sd:c:b:scatter| 6.556e-01|        10000| 6.556e-05| 1.039e-04
       0.Info>>        sd:c:block| 6.582e-01|          100| 6.582e-03| 5.153e-03
       0.Info>>         sd:c:init| 2.180e-01|          100| 2.180e-03| 3.158e-03
       0.Info>>       sd:c:reduce| 1.581e-06|          100| 1.581e-08| 6.432e-08
       0.Info>>         sd:c:wait| 2.503e-06|          100| 2.503e-08| 6.667e-08
       0.Info>>        sd:compute| 8.763e-01|          100| 8.763e-03| 6.493e-03
       0.Info>>         sd:runner| 8.764e-01|            8| 1.095e-01| 0.000e+00
       0.Info>>          sd:stage| 2.834e-03|            8| 3.542e-04| 0.000e+00
       0.Info>> sd:worker:scatter| 6.499e-01|        10000| 6.499e-05| 1.023e-04
       0.Info>>    sd:worker:wait| 2.250e-01|        10000| 2.250e-05| 1.826e-03
       0.Info>>          sd:write| 1.516e-05|          100| 1.516e-07| 9.176e-07
       0.Info>>           st:fill| 1.737e-04|            8| 2.172e-05| 0.000e+00
       0.Info>>          st:first| 3.308e-04|            1| 3.308e-04| 0.000e+00
       0.Info>>           st:load| 3.259e-04|            1| 3.259e-04| 0.000e+00
       0.Info>>           st:wait| 2.319e-03|            8| 2.899e-04| 0.000e+00
       0.Info>>-----------------------------------------------------------------
       0.Info>>-----------------------------------------------------------------
       0.Info>> watermarks:                                                     
       0.Info>>-----------------------------------------------------------------
       0.Info>>          measure |      min |      max                          
       0.Info>>-----------------------------------------------------------------
       0.Info>>   sd:c:b:dspstore| 2.927e-08| 1.039e-06                         
       0.Info>>    sd:c:b:scatter| 2.228e-05| 1.691e-04                         
       0.Info>>        sd:c:block| 2.345e-03| 7.971e-03                         
       0.Info>>         sd:c:init| 1.731e-03| 3.782e-03                         
       0.Info>>       sd:c:reduce| 0.000e+00| 4.391e-08                         
       0.Info>>         sd:c:wait| 1.464e-08| 4.391e-08                         
       0.Info>>        sd:compute| 4.493e-03| 1.069e-02                         
       0.Info>>         sd:runner| 9.412e-02| 1.188e-01                         
       0.Info>>          sd:stage| 3.521e-04| 3.551e-04                         
       0.Info>> sd:worker:scatter| 2.196e-05| 1.668e-04                         
       0.Info>>    sd:worker:wait| 1.464e-08| 3.784e-03                         
       0.Info>>          sd:write| 7.318e-08| 7.172e-07                         
       0.Info>>           st:fill| 1.951e-05| 2.264e-05                         
       0.Info>>          st:first| 3.308e-04| 3.308e-04                         
       0.Info>>           st:load| 3.259e-04| 3.259e-04                         
       0.Info>>           st:wait| 1.171e-07| 3.313e-04                         
       0.Info>>-----------------------------------------------------------------
       0.Info>>Total runtime (s): 8.5400799999999997                            
       0.Info>>Successfully finished... Have a nice day!                        
