       0.Info>>This software is being developed by Benjamin Lindner.                    
       0.Info>>For help, suggestions or correspondense use:                             
       0.Info>>ben@benlabs.net, Benjamin Lindner (Main Developer, Impl. & Maintenance)  
       0.Info>>franc@cmm.ki.si, Franci Merzel (Methodology)                             
       0.Info>>For publications include the following references:                       
       0.Info>>.........................................................................
       0.Info>>1. Sassena - X-ray and Neutron Scattering Calculated                     
       0.Info>>  from Molecular Dynamics Trajectories using Massively Parallel Computers
       0.Info>>  published as a Computer Program in Physics Paper                       
       0.Info>>.........................................................................
       0.Info>>Version Information: 1.4.2                                       
       0.Info>>                                                                 
       0.Info>>.................................................................
       0.Info>>......................D.E.S.C.R.I.P.T.I.O.N......................
       0.Info>>.................................................................
       0.Info>>This binary computes the scattering intensities directly from    
       0.Info>>a molecular dynamics trajectory.                                 
       0.Info>>.................................................................
       0.Info>>.................................................................
       0.Info>>...................I.N.I.T.I.A.L.I.Z.A.T.I.O.N...................
       0.Info>>.................................................................
       0.Info>>No configuration file specified. Will use default                
       0.Info>>Looking for configuration file: scatter.xml                      
       0.Info>>Reading parameters from XML file: scatter.xml                    
       0.Info>>Added frames from /home/amajumda/study/continuum_simulations/gitlab/continuum-to-scattering/data/100_100_100_50_50_50/single_atom_shrink/iteration_001/t010/pdb_dcd/sample.dcd using format: dcd
       0.Info>>Options: first=0, last=0, lastset=0, stride=1                    
       0.Info>>stager.target=system                                             
       0.Info>>scattering.type=all                                              
       0.Info>>scattering.dsp.type=square                                       
       0.Info>>scattering.average.orientation.type=vectors                      
       0.Info>>scattering.average.orientation.vectors.type=sphere               
       0.Info>>scattering.average.orientation.vectors.algorithm=boost_uniform_on_sphere
       0.Info>>scattering.average.orientation.vectors.resolution=100            
       0.Info>>Generating orientations for orientational averaging using sphere,boost_uniform_on_sphere
       0.Info>>Initialized orientational averaging with 100 vectors.            
       0.Info>>scattering.signal.file=signal.h5                                 
       0.Info>>scattering.signal.filepath=/home/amajumda/study/continuum_simulations/gitlab/continuum-to-scattering/data/100_100_100_50_50_50/single_atom_shrink/iteration_001/t010/signal.h5
       0.Info>>scattering.signal.fqt=1                                          
       0.Info>>scattering.signal.fq0=1                                          
       0.Info>>scattering.signal.fq=1                                           
       0.Info>>scattering.signal.fq2=1                                          
       0.Info>>Analyzing command line for parameter overwrites                  
       0.Info>>Reading database from file: /home/amajumda/study/continuum_simulations/gitlab/continuum-to-scattering/data/100_100_100_50_50_50/single_atom_shrink/iteration_001/t010/database/db-neutron-coherent.xml
       0.Info>>Checking database...                                             
       0.Info>>Testing mapping between PDB names and atom labels                
       0.Info>>Testing database completeness for referenced atom labels         
       0.Info>>Check succeeded. Database seems OK.                              
       0.Info>>Initializing sample...                                           
       0.Info>>Reading structure from file: /home/amajumda/study/continuum_simulations/gitlab/continuum-to-scattering/data/100_100_100_50_50_50/single_atom_shrink/iteration_001/t010/pdb_dcd/sample.pdb
       0.Info>>Done. Atoms read: 125000                                         
       0.Info>>Reading frames from: /home/amajumda/study/continuum_simulations/gitlab/continuum-to-scattering/data/100_100_100_50_50_50/single_atom_shrink/iteration_001/t010/pdb_dcd/sample.dcd
       0.Info>>Found 1 frames                                                   
       0.Info>>Total number of coordinate sets found: 1                         
       0.Info>>Exchanging sample, database & params information with compute nodes... 
       0.Info>>params...                                                        
       0.Info>>database...                                                      
       0.Info>>sample...                                                        
       0.Info>>.................................................................
       0.Info>>......................C.O.M.P.U.T.A.T.I.O.N......................
       0.Info>>.................................................................
       0.Info>>Setting up services...                                           
       0.Info>>Initializing data file service...                                
       0.Info>>Initializing monitor service...                                  
       0.Info>>Starting data file service...                                    
       0.Info>>Starting monitor service...                                      
       0.Info>>Services setup and running...                                    
       0.Info>>Checking /home/amajumda/study/continuum_simulations/gitlab/continuum-to-scattering/data/100_100_100_50_50_50/single_atom_shrink/iteration_001/t010/signal.h5 for old results.
       0.Info>>Broadcasting service information                                 
       0.Info>>Server host name    : hzglap02                                   
       0.Info>>FileService Port    : 35063                                      
       0.Info>>MonitorService Port : 38781                                      
       0.Info>>Setting up parallel environment...                               
       0.Info>>Searching for decomposition plan:                                
       0.Info>>nodes    = 8                                                     
       0.Info>>qvectors = 100                                                   
       0.Info>>frames   = 1                                                     
       0.Info>>atoms   = 125000                                                 
       0.Info>>All interference scattering detected. Applying frame decomposition.
       0.Info>>Automatic decomposition. Searching for best utilization.         
       0.Info>>Final decomposition parameters:                                  
       0.Info>>NN                : 8                                            
       0.Info>>NQ                : 100                                          
       0.Info>>NAF               : 1                                            
       0.Info>>NP                : 8                                            
       0.Info>>NNpP              : 1                                            
       0.Info>>NAFcycles         : 1                                            
       0.Info>>NQcycles          : 13                                           
       0.Info>>CompEl (WASTE/USE): 4/100                                        
       0.Info>>utilization(1=best)    : 0.96153846153846156                     
       0.Info>>Initializing Scatter Device, Vectors (all)                       
       0.Info>>Starting scattering...                                           
       0.Info>>Checking memory requirements for scattering calculation...       
       0.Info>>required limits.computation.memory.result_buffer=16              
       0.Info>>required limits.computation.memory.signal_buffer=16              
       0.Info>>required limits.computation.memory.exchange_buffer=0             
       0.Info>>required limits.computation.memory.alignpad_buffer=32            
       0.Info>>Memory limits ok                                                 
       0.Info>>Staging data...                                                  
       0.Info>>Forcing stager.mode=frames                                       
       0.Info>>Staging first partition.                                         
       0.Info>>Staging remaining partitions.                                    
       0.Info>>background scattering length set to 0                            
       0.Info>>Target initialized.                                              
       0.Info>>Target 'system' produces a background scattering length density of 0.00017481748714522511
       0.Info>>Starting computation...                                          
       0.Info>>Orientational averaging includes 100 vectors                     
       0.Info>>Setting progress sampling factor for monitoring to 1             
       0.Info>>Progress: 2.135%, ETOTAL: 58.057016216216205 s, ETA: 56.817722216216204 s
       0.Info>>Progress: 4.395%, ETOTAL: 28.500861549680948 s, ETA: 27.24823954968095 s
       0.Info>>Progress: 6.530%, ETOTAL: 19.289792392638034 s, ETA: 18.030082392638036 s
       0.Info>>Progress: 10.550%, ETOTAL: 12.308933191554001 s, ETA: 11.010380191554001 s
       0.Info>>Progress: 21.705%, ETOTAL: 14.963947548730065 s, ETA: 11.716003548730065 s
       0.Info>>Progress: 31.955%, ETOTAL: 10.18839598796389 s, ETA: 6.9326809879638907 s
       0.Info>>Progress: 42.455%, ETOTAL: 7.6983091046353618 s, ETA: 4.4299821046353625 s
       0.Info>>Progress: 52.955%, ETOTAL: 9.9299032562643781 s, ETA: 4.6715102562643773 s
       0.Info>>Progress: 62.955%, ETOTAL: 8.362511760513188 s, ETA: 3.0978817605131868 s
       0.Info>>Progress: 72.330%, ETOTAL: 7.3907500686843637 s, ETA: 2.0450110686843628 s
       0.Info>>Progress: 82.080%, ETOTAL: 8.873991987192003 s, ETA: 1.5902079871920023 s
       0.Info>>Scattering finished...                                           
       0.Info>>.................................................................
       0.Info>>.....................R.U.N...A.N.A.L.Y.S.I.S.....................
       0.Info>>.................................................................
       0.Info>>Aggregating timing information for performance analysis...       
       0.Info>>                                                                 
       0.Info>>                    Performance Analysis                         
       0.Info>>-----------------------------------------------------------------
       0.Info>> mean and total runtimes:                                        
       0.Info>>-----------------------------------------------------------------
       0.Info>>          measure |    total |       count |     mean |   stddev 
       0.Info>>-----------------------------------------------------------------
       0.Info>>   sd:c:b:dspstore| 3.639e-02|        10000| 3.639e-06| 1.989e-06
       0.Info>>    sd:c:b:scatter| 4.342e+01|        10000| 4.342e-03| 8.426e-04
       0.Info>>        sd:c:block| 4.360e+01|          100| 4.360e-01| 4.259e-02
       0.Info>>         sd:c:init| 1.421e+01|          100| 1.421e-01| 2.393e-02
       0.Info>>       sd:c:reduce| 1.150e-04|          100| 1.150e-06| 4.905e-07
       0.Info>>         sd:c:wait| 1.650e-04|          100| 1.650e-06| 5.937e-07
       0.Info>>        sd:compute| 5.782e+01|          100| 5.782e-01| 5.411e-02
       0.Info>>         sd:runner| 5.782e+01|            8| 7.227e+00| 0.000e+00
       0.Info>>          sd:stage| 1.941e-01|            8| 2.426e-02| 0.000e+00
       0.Info>> sd:worker:scatter| 4.301e+01|        10000| 4.301e-03| 7.812e-04
       0.Info>>    sd:worker:wait| 1.471e+01|        10000| 1.471e-03| 1.437e-02
       0.Info>>          sd:write| 1.042e-03|          100| 1.042e-05| 7.749e-06
       0.Info>>           st:fill| 1.172e-02|            8| 1.465e-03| 0.000e+00
       0.Info>>          st:first| 2.267e-02|            1| 2.267e-02| 0.000e+00
       0.Info>>           st:load| 2.229e-02|            1| 2.229e-02| 0.000e+00
       0.Info>>           st:wait| 1.589e-01|            8| 1.987e-02| 0.000e+00
       0.Info>>-----------------------------------------------------------------
       0.Info>>-----------------------------------------------------------------
       0.Info>> watermarks:                                                     
       0.Info>>-----------------------------------------------------------------
       0.Info>>          measure |      min |      max                          
       0.Info>>-----------------------------------------------------------------
       0.Info>>   sd:c:b:dspstore| 2.000e-06| 7.200e-05                         
       0.Info>>    sd:c:b:scatter| 1.490e-03| 1.895e-02                         
       0.Info>>        sd:c:block| 1.570e-01| 5.347e-01                         
       0.Info>>         sd:c:init| 1.136e-01| 2.394e-01                         
       0.Info>>       sd:c:reduce| 0.000e+00| 3.000e-06                         
       0.Info>>         sd:c:wait| 1.000e-06| 4.000e-06                         
       0.Info>>        sd:compute| 2.717e-01| 6.994e-01                         
       0.Info>>         sd:runner| 6.274e+00| 7.773e+00                         
       0.Info>>          sd:stage| 2.412e-02| 2.432e-02                         
       0.Info>> sd:worker:scatter| 1.467e-03| 7.956e-03                         
       0.Info>>    sd:worker:wait| 1.000e-06| 2.395e-01                         
       0.Info>>          sd:write| 5.000e-06| 4.900e-05                         
       0.Info>>           st:fill| 1.317e-03| 1.527e-03                         
       0.Info>>          st:first| 2.267e-02| 2.267e-02                         
       0.Info>>           st:load| 2.229e-02| 2.229e-02                         
       0.Info>>           st:wait| 9.000e-06| 2.271e-02                         
       0.Info>>-----------------------------------------------------------------
       0.Info>>                                                                 
       0.Info>>         Performance Analysis (relative to total time * nodes)   
       0.Info>>-----------------------------------------------------------------
       0.Info>> mean and total runtimes:                                        
       0.Info>>-----------------------------------------------------------------
       0.Info>>          measure |    total |       count |     mean |   stddev 
       0.Info>>-----------------------------------------------------------------
       0.Info>>   sd:c:b:dspstore| 5.523e-04|        10000| 5.523e-08| 2.450e-07
       0.Info>>    sd:c:b:scatter| 6.591e-01|        10000| 6.591e-05| 1.038e-04
       0.Info>>        sd:c:block| 6.618e-01|          100| 6.618e-03| 5.247e-03
       0.Info>>         sd:c:init| 2.157e-01|          100| 2.157e-03| 2.948e-03
       0.Info>>       sd:c:reduce| 1.745e-06|          100| 1.745e-08| 6.043e-08
       0.Info>>         sd:c:wait| 2.504e-06|          100| 2.504e-08| 7.314e-08
       0.Info>>        sd:compute| 8.775e-01|          100| 8.775e-03| 6.666e-03
       0.Info>>         sd:runner| 8.776e-01|            8| 1.097e-01| 0.000e+00
       0.Info>>          sd:stage| 2.946e-03|            8| 3.682e-04| 0.000e+00
       0.Info>> sd:worker:scatter| 6.527e-01|        10000| 6.527e-05| 9.624e-05
       0.Info>>    sd:worker:wait| 2.233e-01|        10000| 2.233e-05| 1.771e-03
       0.Info>>          sd:write| 1.582e-05|          100| 1.582e-07| 9.547e-07
       0.Info>>           st:fill| 1.779e-04|            8| 2.224e-05| 0.000e+00
       0.Info>>          st:first| 3.440e-04|            1| 3.440e-04| 0.000e+00
       0.Info>>           st:load| 3.383e-04|            1| 3.383e-04| 0.000e+00
       0.Info>>           st:wait| 2.412e-03|            8| 3.015e-04| 0.000e+00
       0.Info>>-----------------------------------------------------------------
       0.Info>>-----------------------------------------------------------------
       0.Info>> watermarks:                                                     
       0.Info>>-----------------------------------------------------------------
       0.Info>>          measure |      min |      max                          
       0.Info>>-----------------------------------------------------------------
       0.Info>>   sd:c:b:dspstore| 3.036e-08| 1.093e-06                         
       0.Info>>    sd:c:b:scatter| 2.261e-05| 2.876e-04                         
       0.Info>>        sd:c:block| 2.383e-03| 8.115e-03                         
       0.Info>>         sd:c:init| 1.724e-03| 3.633e-03                         
       0.Info>>       sd:c:reduce| 0.000e+00| 4.553e-08                         
       0.Info>>         sd:c:wait| 1.518e-08| 6.071e-08                         
       0.Info>>        sd:compute| 4.123e-03| 1.061e-02                         
       0.Info>>         sd:runner| 9.523e-02| 1.180e-01                         
       0.Info>>          sd:stage| 3.660e-04| 3.691e-04                         
       0.Info>> sd:worker:scatter| 2.227e-05| 1.208e-04                         
       0.Info>>    sd:worker:wait| 1.518e-08| 3.635e-03                         
       0.Info>>          sd:write| 7.589e-08| 7.437e-07                         
       0.Info>>           st:fill| 1.999e-05| 2.318e-05                         
       0.Info>>          st:first| 3.440e-04| 3.440e-04                         
       0.Info>>           st:load| 3.383e-04| 3.383e-04                         
       0.Info>>           st:wait| 1.366e-07| 3.447e-04                         
       0.Info>>-----------------------------------------------------------------
       0.Info>>Total runtime (s): 8.2357809999999994                            
       0.Info>>Successfully finished... Have a nice day!                        
