       0.Info>>This software is being developed by Benjamin Lindner.                    
       0.Info>>For help, suggestions or correspondense use:                             
       0.Info>>ben@benlabs.net, Benjamin Lindner (Main Developer, Impl. & Maintenance)  
       0.Info>>franc@cmm.ki.si, Franci Merzel (Methodology)                             
       0.Info>>For publications include the following references:                       
       0.Info>>.........................................................................
       0.Info>>1. Sassena - X-ray and Neutron Scattering Calculated                     
       0.Info>>  from Molecular Dynamics Trajectories using Massively Parallel Computers
       0.Info>>  published as a Computer Program in Physics Paper                       
       0.Info>>.........................................................................
       0.Info>>Version Information: 1.4.2                                       
       0.Info>>                                                                 
       0.Info>>.................................................................
       0.Info>>......................D.E.S.C.R.I.P.T.I.O.N......................
       0.Info>>.................................................................
       0.Info>>This binary computes the scattering intensities directly from    
       0.Info>>a molecular dynamics trajectory.                                 
       0.Info>>.................................................................
       0.Info>>.................................................................
       0.Info>>...................I.N.I.T.I.A.L.I.Z.A.T.I.O.N...................
       0.Info>>.................................................................
       0.Info>>No configuration file specified. Will use default                
       0.Info>>Looking for configuration file: scatter.xml                      
       0.Info>>Reading parameters from XML file: scatter.xml                    
       0.Info>>Added frames from /home/amajumda/study/continuum_simulations/gitlab/continuum-to-scattering/data/100_100_100_50_50_50/single_atom_shrink/iteration_012/t003/pdb_dcd/sample.dcd using format: dcd
       0.Info>>Options: first=0, last=0, lastset=0, stride=1                    
       0.Info>>stager.target=system                                             
       0.Info>>scattering.type=all                                              
       0.Info>>scattering.dsp.type=square                                       
       0.Info>>scattering.average.orientation.type=vectors                      
       0.Info>>scattering.average.orientation.vectors.type=sphere               
       0.Info>>scattering.average.orientation.vectors.algorithm=boost_uniform_on_sphere
       0.Info>>scattering.average.orientation.vectors.resolution=100            
       0.Info>>Generating orientations for orientational averaging using sphere,boost_uniform_on_sphere
       0.Info>>Initialized orientational averaging with 100 vectors.            
       0.Info>>scattering.signal.file=signal.h5                                 
       0.Info>>scattering.signal.filepath=/home/amajumda/study/continuum_simulations/gitlab/continuum-to-scattering/data/100_100_100_50_50_50/single_atom_shrink/iteration_012/t003/signal.h5
       0.Info>>scattering.signal.fqt=1                                          
       0.Info>>scattering.signal.fq0=1                                          
       0.Info>>scattering.signal.fq=1                                           
       0.Info>>scattering.signal.fq2=1                                          
       0.Info>>Analyzing command line for parameter overwrites                  
       0.Info>>Reading database from file: /home/amajumda/study/continuum_simulations/gitlab/continuum-to-scattering/data/100_100_100_50_50_50/single_atom_shrink/iteration_012/t003/database/db-neutron-coherent.xml
       0.Info>>Checking database...                                             
       0.Info>>Testing mapping between PDB names and atom labels                
       0.Info>>Testing database completeness for referenced atom labels         
       0.Info>>Check succeeded. Database seems OK.                              
       0.Info>>Initializing sample...                                           
       0.Info>>Reading structure from file: /home/amajumda/study/continuum_simulations/gitlab/continuum-to-scattering/data/100_100_100_50_50_50/single_atom_shrink/iteration_012/t003/pdb_dcd/sample.pdb
       0.Info>>Done. Atoms read: 125000                                         
       0.Info>>Reading frames from: /home/amajumda/study/continuum_simulations/gitlab/continuum-to-scattering/data/100_100_100_50_50_50/single_atom_shrink/iteration_012/t003/pdb_dcd/sample.dcd
       0.Info>>Found 1 frames                                                   
       0.Info>>Total number of coordinate sets found: 1                         
       0.Info>>Exchanging sample, database & params information with compute nodes... 
       0.Info>>params...                                                        
       0.Info>>database...                                                      
       0.Info>>sample...                                                        
       0.Info>>.................................................................
       0.Info>>......................C.O.M.P.U.T.A.T.I.O.N......................
       0.Info>>.................................................................
       0.Info>>Setting up services...                                           
       0.Info>>Initializing data file service...                                
       0.Info>>Initializing monitor service...                                  
       0.Info>>Starting data file service...                                    
       0.Info>>Starting monitor service...                                      
       0.Info>>Services setup and running...                                    
       0.Info>>Checking /home/amajumda/study/continuum_simulations/gitlab/continuum-to-scattering/data/100_100_100_50_50_50/single_atom_shrink/iteration_012/t003/signal.h5 for old results.
       0.Info>>Broadcasting service information                                 
       0.Info>>Server host name    : hzglap02                                   
       0.Info>>FileService Port    : 36785                                      
       0.Info>>MonitorService Port : 39507                                      
       0.Info>>Setting up parallel environment...                               
       0.Info>>Searching for decomposition plan:                                
       0.Info>>nodes    = 8                                                     
       0.Info>>qvectors = 100                                                   
       0.Info>>frames   = 1                                                     
       0.Info>>atoms   = 125000                                                 
       0.Info>>All interference scattering detected. Applying frame decomposition.
       0.Info>>Automatic decomposition. Searching for best utilization.         
       0.Info>>Final decomposition parameters:                                  
       0.Info>>NN                : 8                                            
       0.Info>>NQ                : 100                                          
       0.Info>>NAF               : 1                                            
       0.Info>>NP                : 8                                            
       0.Info>>NNpP              : 1                                            
       0.Info>>NAFcycles         : 1                                            
       0.Info>>NQcycles          : 13                                           
       0.Info>>CompEl (WASTE/USE): 4/100                                        
       0.Info>>utilization(1=best)    : 0.96153846153846156                     
       0.Info>>Initializing Scatter Device, Vectors (all)                       
       0.Info>>Starting scattering...                                           
       0.Info>>Checking memory requirements for scattering calculation...       
       0.Info>>required limits.computation.memory.result_buffer=16              
       0.Info>>required limits.computation.memory.signal_buffer=16              
       0.Info>>required limits.computation.memory.exchange_buffer=0             
       0.Info>>required limits.computation.memory.alignpad_buffer=32            
       0.Info>>Memory limits ok                                                 
       0.Info>>Staging data...                                                  
       0.Info>>Forcing stager.mode=frames                                       
       0.Info>>Staging first partition.                                         
       0.Info>>Staging remaining partitions.                                    
       0.Info>>background scattering length set to 0                            
       0.Info>>Target initialized.                                              
       0.Info>>Target 'system' produces a background scattering length density of 0.0011984070125617276
       0.Info>>Starting computation...                                          
       0.Info>>Orientational averaging includes 100 vectors                     
       0.Info>>Setting progress sampling factor for monitoring to 1             
       0.Info>>Progress: 3.010%, ETOTAL: 57.448193771626308 s, ETA: 55.718763771626307 s
       0.Info>>Progress: 7.146%, ETOTAL: 24.246395335276969 s, ETA: 22.513788335276967 s
       0.Info>>Progress: 10.156%, ETOTAL: 17.164416000000003 s, ETA: 15.421155000000002 s
       0.Info>>Progress: 22.321%, ETOTAL: 8.692761746122919 s, ETA: 6.7524927461229183 s
       0.Info>>Progress: 31.580%, ETOTAL: 11.803508129503706 s, ETA: 8.0759451295037064 s
       0.Info>>Progress: 41.705%, ETOTAL: 9.0449979711035979 s, ETA: 5.2727699711035978 s
       0.Info>>Progress: 50.705%, ETOTAL: 7.7366139064475332 s, ETA: 3.8137539064475341 s
       0.Info>>Progress: 60.205%, ETOTAL: 9.5323906303236789 s, ETA: 3.7934026303236799 s
       0.Info>>Progress: 70.455%, ETOTAL: 8.1581385861159141 s, ETA: 2.4103115861159141 s
       0.Info>>Progress: 80.580%, ETOTAL: 9.5969020802672933 s, ETA: 1.8637060802672929 s
       0.Info>>Scattering finished...                                           
       0.Info>>.................................................................
       0.Info>>.....................R.U.N...A.N.A.L.Y.S.I.S.....................
       0.Info>>.................................................................
       0.Info>>Aggregating timing information for performance analysis...       
       0.Info>>                                                                 
       0.Info>>                    Performance Analysis                         
       0.Info>>-----------------------------------------------------------------
       0.Info>> mean and total runtimes:                                        
       0.Info>>-----------------------------------------------------------------
       0.Info>>          measure |    total |       count |     mean |   stddev 
       0.Info>>-----------------------------------------------------------------
       0.Info>>   sd:c:b:dspstore| 3.638e-02|        10000| 3.638e-06| 2.010e-06
       0.Info>>    sd:c:b:scatter| 4.396e+01|        10000| 4.396e-03| 7.468e-04
       0.Info>>        sd:c:block| 4.414e+01|          100| 4.414e-01| 3.878e-02
       0.Info>>         sd:c:init| 1.456e+01|          100| 1.456e-01| 2.147e-02
       0.Info>>       sd:c:reduce| 1.120e-04|          100| 1.120e-06| 5.633e-07
       0.Info>>         sd:c:wait| 1.620e-04|          100| 1.620e-06| 5.801e-07
       0.Info>>        sd:compute| 5.870e+01|          100| 5.870e-01| 4.476e-02
       0.Info>>         sd:runner| 5.870e+01|            8| 7.338e+00| 0.000e+00
       0.Info>>          sd:stage| 1.937e-01|            8| 2.421e-02| 0.000e+00
       0.Info>> sd:worker:scatter| 4.363e+01|        10000| 4.363e-03| 7.402e-04
       0.Info>>    sd:worker:wait| 1.497e+01|        10000| 1.497e-03| 1.467e-02
       0.Info>>          sd:write| 1.001e-03|          100| 1.001e-05| 6.524e-06
       0.Info>>           st:fill| 1.167e-02|            8| 1.459e-03| 0.000e+00
       0.Info>>          st:first| 2.263e-02|            1| 2.263e-02| 0.000e+00
       0.Info>>           st:load| 2.227e-02|            1| 2.227e-02| 0.000e+00
       0.Info>>           st:wait| 1.587e-01|            8| 1.984e-02| 0.000e+00
       0.Info>>-----------------------------------------------------------------
       0.Info>>-----------------------------------------------------------------
       0.Info>> watermarks:                                                     
       0.Info>>-----------------------------------------------------------------
       0.Info>>          measure |      min |      max                          
       0.Info>>-----------------------------------------------------------------
       0.Info>>   sd:c:b:dspstore| 2.000e-06| 7.300e-05                         
       0.Info>>    sd:c:b:scatter| 1.519e-03| 1.108e-02                         
       0.Info>>        sd:c:block| 1.591e-01| 5.616e-01                         
       0.Info>>         sd:c:init| 1.201e-01| 2.213e-01                         
       0.Info>>       sd:c:reduce| 0.000e+00| 3.000e-06                         
       0.Info>>         sd:c:wait| 1.000e-06| 3.000e-06                         
       0.Info>>        sd:compute| 3.018e-01| 6.910e-01                         
       0.Info>>         sd:runner| 6.295e+00| 7.780e+00                         
       0.Info>>          sd:stage| 2.407e-02| 2.429e-02                         
       0.Info>> sd:worker:scatter| 1.499e-03| 1.105e-02                         
       0.Info>>    sd:worker:wait| 1.800e-05| 2.215e-01                         
       0.Info>>          sd:write| 5.000e-06| 4.000e-05                         
       0.Info>>           st:fill| 1.320e-03| 1.539e-03                         
       0.Info>>          st:first| 2.263e-02| 2.263e-02                         
       0.Info>>           st:load| 2.227e-02| 2.227e-02                         
       0.Info>>           st:wait| 9.000e-06| 2.267e-02                         
       0.Info>>-----------------------------------------------------------------
       0.Info>>                                                                 
       0.Info>>         Performance Analysis (relative to total time * nodes)   
       0.Info>>-----------------------------------------------------------------
       0.Info>> mean and total runtimes:                                        
       0.Info>>-----------------------------------------------------------------
       0.Info>>          measure |    total |       count |     mean |   stddev 
       0.Info>>-----------------------------------------------------------------
       0.Info>>   sd:c:b:dspstore| 5.487e-04|        10000| 5.487e-08| 2.468e-07
       0.Info>>    sd:c:b:scatter| 6.632e-01|        10000| 6.632e-05| 9.172e-05
       0.Info>>        sd:c:block| 6.658e-01|          100| 6.658e-03| 4.762e-03
       0.Info>>         sd:c:init| 2.196e-01|          100| 2.196e-03| 2.637e-03
       0.Info>>       sd:c:reduce| 1.690e-06|          100| 1.690e-08| 6.918e-08
       0.Info>>         sd:c:wait| 2.444e-06|          100| 2.444e-08| 7.124e-08
       0.Info>>        sd:compute| 8.855e-01|          100| 8.855e-03| 5.498e-03
       0.Info>>         sd:runner| 8.855e-01|            8| 1.107e-01| 0.000e+00
       0.Info>>          sd:stage| 2.922e-03|            8| 3.652e-04| 0.000e+00
       0.Info>> sd:worker:scatter| 6.582e-01|        10000| 6.582e-05| 9.091e-05
       0.Info>>    sd:worker:wait| 2.258e-01|        10000| 2.258e-05| 1.801e-03
       0.Info>>          sd:write| 1.510e-05|          100| 1.510e-07| 8.013e-07
       0.Info>>           st:fill| 1.760e-04|            8| 2.200e-05| 0.000e+00
       0.Info>>          st:first| 3.414e-04|            1| 3.414e-04| 0.000e+00
       0.Info>>           st:load| 3.360e-04|            1| 3.360e-04| 0.000e+00
       0.Info>>           st:wait| 2.394e-03|            8| 2.992e-04| 0.000e+00
       0.Info>>-----------------------------------------------------------------
       0.Info>>-----------------------------------------------------------------
       0.Info>> watermarks:                                                     
       0.Info>>-----------------------------------------------------------------
       0.Info>>          measure |      min |      max                          
       0.Info>>-----------------------------------------------------------------
       0.Info>>   sd:c:b:dspstore| 3.017e-08| 1.101e-06                         
       0.Info>>    sd:c:b:scatter| 2.291e-05| 1.672e-04                         
       0.Info>>        sd:c:block| 2.400e-03| 8.472e-03                         
       0.Info>>         sd:c:init| 1.812e-03| 3.339e-03                         
       0.Info>>       sd:c:reduce| 0.000e+00| 4.525e-08                         
       0.Info>>         sd:c:wait| 1.508e-08| 4.525e-08                         
       0.Info>>        sd:compute| 4.553e-03| 1.042e-02                         
       0.Info>>         sd:runner| 9.495e-02| 1.174e-01                         
       0.Info>>          sd:stage| 3.632e-04| 3.664e-04                         
       0.Info>> sd:worker:scatter| 2.261e-05| 1.667e-04                         
       0.Info>>    sd:worker:wait| 2.715e-07| 3.341e-03                         
       0.Info>>          sd:write| 7.542e-08| 6.034e-07                         
       0.Info>>           st:fill| 1.991e-05| 2.322e-05                         
       0.Info>>          st:first| 3.414e-04| 3.414e-04                         
       0.Info>>           st:load| 3.360e-04| 3.360e-04                         
       0.Info>>           st:wait| 1.358e-07| 3.420e-04                         
       0.Info>>-----------------------------------------------------------------
       0.Info>>Total runtime (s): 8.2864710000000006                            
       0.Info>>Successfully finished... Have a nice day!                        
