       0.Info>>This software is being developed by Benjamin Lindner.                    
       0.Info>>For help, suggestions or correspondense use:                             
       0.Info>>ben@benlabs.net, Benjamin Lindner (Main Developer, Impl. & Maintenance)  
       0.Info>>franc@cmm.ki.si, Franci Merzel (Methodology)                             
       0.Info>>For publications include the following references:                       
       0.Info>>.........................................................................
       0.Info>>1. Sassena - X-ray and Neutron Scattering Calculated                     
       0.Info>>  from Molecular Dynamics Trajectories using Massively Parallel Computers
       0.Info>>  published as a Computer Program in Physics Paper                       
       0.Info>>.........................................................................
       0.Info>>Version Information: 1.4.2                                       
       0.Info>>                                                                 
       0.Info>>.................................................................
       0.Info>>......................D.E.S.C.R.I.P.T.I.O.N......................
       0.Info>>.................................................................
       0.Info>>This binary computes the scattering intensities directly from    
       0.Info>>a molecular dynamics trajectory.                                 
       0.Info>>.................................................................
       0.Info>>.................................................................
       0.Info>>...................I.N.I.T.I.A.L.I.Z.A.T.I.O.N...................
       0.Info>>.................................................................
       0.Info>>No configuration file specified. Will use default                
       0.Info>>Looking for configuration file: scatter.xml                      
       0.Info>>Reading parameters from XML file: scatter.xml                    
       0.Info>>Added frames from /home/amajumda/study/continuum_simulations/gitlab/continuum-to-scattering/data/100_100_100_50_50_50/single_atom_shrink/iteration_008/t004/pdb_dcd/sample.dcd using format: dcd
       0.Info>>Options: first=0, last=0, lastset=0, stride=1                    
       0.Info>>stager.target=system                                             
       0.Info>>scattering.type=all                                              
       0.Info>>scattering.dsp.type=square                                       
       0.Info>>scattering.average.orientation.type=vectors                      
       0.Info>>scattering.average.orientation.vectors.type=sphere               
       0.Info>>scattering.average.orientation.vectors.algorithm=boost_uniform_on_sphere
       0.Info>>scattering.average.orientation.vectors.resolution=100            
       0.Info>>Generating orientations for orientational averaging using sphere,boost_uniform_on_sphere
       0.Info>>Initialized orientational averaging with 100 vectors.            
       0.Info>>scattering.signal.file=signal.h5                                 
       0.Info>>scattering.signal.filepath=/home/amajumda/study/continuum_simulations/gitlab/continuum-to-scattering/data/100_100_100_50_50_50/single_atom_shrink/iteration_008/t004/signal.h5
       0.Info>>scattering.signal.fqt=1                                          
       0.Info>>scattering.signal.fq0=1                                          
       0.Info>>scattering.signal.fq=1                                           
       0.Info>>scattering.signal.fq2=1                                          
       0.Info>>Analyzing command line for parameter overwrites                  
       0.Info>>Reading database from file: /home/amajumda/study/continuum_simulations/gitlab/continuum-to-scattering/data/100_100_100_50_50_50/single_atom_shrink/iteration_008/t004/database/db-neutron-coherent.xml
       0.Info>>Checking database...                                             
       0.Info>>Testing mapping between PDB names and atom labels                
       0.Info>>Testing database completeness for referenced atom labels         
       0.Info>>Check succeeded. Database seems OK.                              
       0.Info>>Initializing sample...                                           
       0.Info>>Reading structure from file: /home/amajumda/study/continuum_simulations/gitlab/continuum-to-scattering/data/100_100_100_50_50_50/single_atom_shrink/iteration_008/t004/pdb_dcd/sample.pdb
       0.Info>>Done. Atoms read: 125000                                         
       0.Info>>Reading frames from: /home/amajumda/study/continuum_simulations/gitlab/continuum-to-scattering/data/100_100_100_50_50_50/single_atom_shrink/iteration_008/t004/pdb_dcd/sample.dcd
       0.Info>>Found 1 frames                                                   
       0.Info>>Total number of coordinate sets found: 1                         
       0.Info>>Exchanging sample, database & params information with compute nodes... 
       0.Info>>params...                                                        
       0.Info>>database...                                                      
       0.Info>>sample...                                                        
       0.Info>>.................................................................
       0.Info>>......................C.O.M.P.U.T.A.T.I.O.N......................
       0.Info>>.................................................................
       0.Info>>Setting up services...                                           
       0.Info>>Initializing data file service...                                
       0.Info>>Initializing monitor service...                                  
       0.Info>>Starting data file service...                                    
       0.Info>>Starting monitor service...                                      
       0.Info>>Services setup and running...                                    
       0.Info>>Checking /home/amajumda/study/continuum_simulations/gitlab/continuum-to-scattering/data/100_100_100_50_50_50/single_atom_shrink/iteration_008/t004/signal.h5 for old results.
       0.Info>>Broadcasting service information                                 
       0.Info>>Server host name    : hzglap02                                   
       0.Info>>FileService Port    : 42523                                      
       0.Info>>MonitorService Port : 42343                                      
       0.Info>>Setting up parallel environment...                               
       0.Info>>Searching for decomposition plan:                                
       0.Info>>nodes    = 8                                                     
       0.Info>>qvectors = 100                                                   
       0.Info>>frames   = 1                                                     
       0.Info>>atoms   = 125000                                                 
       0.Info>>All interference scattering detected. Applying frame decomposition.
       0.Info>>Automatic decomposition. Searching for best utilization.         
       0.Info>>Final decomposition parameters:                                  
       0.Info>>NN                : 8                                            
       0.Info>>NQ                : 100                                          
       0.Info>>NAF               : 1                                            
       0.Info>>NP                : 8                                            
       0.Info>>NNpP              : 1                                            
       0.Info>>NAFcycles         : 1                                            
       0.Info>>NQcycles          : 13                                           
       0.Info>>CompEl (WASTE/USE): 4/100                                        
       0.Info>>utilization(1=best)    : 0.96153846153846156                     
       0.Info>>Initializing Scatter Device, Vectors (all)                       
       0.Info>>Starting scattering...                                           
       0.Info>>Checking memory requirements for scattering calculation...       
       0.Info>>required limits.computation.memory.result_buffer=16              
       0.Info>>required limits.computation.memory.signal_buffer=16              
       0.Info>>required limits.computation.memory.exchange_buffer=0             
       0.Info>>required limits.computation.memory.alignpad_buffer=32            
       0.Info>>Memory limits ok                                                 
       0.Info>>Staging data...                                                  
       0.Info>>Forcing stager.mode=frames                                       
       0.Info>>Staging first partition.                                         
       0.Info>>Staging remaining partitions.                                    
       0.Info>>background scattering length set to 0                            
       0.Info>>Target initialized.                                              
       0.Info>>Target 'system' produces a background scattering length density of 0.00060637439139683608
       0.Info>>Starting computation...                                          
       0.Info>>Orientational averaging includes 100 vectors                     
       0.Info>>Setting progress sampling factor for monitoring to 1             
       0.Info>>Progress: 1.250%, ETOTAL: 66.116320000000002 s, ETA: 65.289866000000004 s
       0.Info>>Progress: 2.750%, ETOTAL: 30.362109090909097 s, ETA: 29.527151090909097 s
       0.Info>>Progress: 4.250%, ETOTAL: 20.074964705882355 s, ETA: 19.221778705882354 s
       0.Info>>Progress: 5.750%, ETOTAL: 14.846747826086959 s, ETA: 13.993059826086959 s
       0.Info>>Progress: 11.885%, ETOTAL: 7.4238373356704646 s, ETA: 6.5414833356704642 s
       0.Info>>Progress: 21.905%, ETOTAL: 12.937797827120756 s, ETA: 10.103818827120755 s
       0.Info>>Progress: 32.184%, ETOTAL: 8.8714977642782458 s, ETA: 6.0162687642782453 s
       0.Info>>Progress: 42.580%, ETOTAL: 11.337908558524651 s, ETA: 6.5102125585246515 s
       0.Info>>Progress: 52.330%, ETOTAL: 9.2586988914068726 s, ETA: 4.4136098914068729 s
       0.Info>>Progress: 62.205%, ETOTAL: 7.8633082852431979 s, ETA: 2.9719272852431979 s
       0.Info>>Progress: 72.455%, ETOTAL: 9.4566943289392178 s, ETA: 2.6048343289392175 s
       0.Info>>Progress: 82.205%, ETOTAL: 8.340201091703058 s, ETA: 1.4841280917030568 s
       0.Info>>Scattering finished...                                           
       0.Info>>.................................................................
       0.Info>>.....................R.U.N...A.N.A.L.Y.S.I.S.....................
       0.Info>>.................................................................
       0.Info>>Aggregating timing information for performance analysis...       
       0.Info>>                                                                 
       0.Info>>                    Performance Analysis                         
       0.Info>>-----------------------------------------------------------------
       0.Info>> mean and total runtimes:                                        
       0.Info>>-----------------------------------------------------------------
       0.Info>>          measure |    total |       count |     mean |   stddev 
       0.Info>>-----------------------------------------------------------------
       0.Info>>   sd:c:b:dspstore| 3.669e-02|        10000| 3.669e-06| 1.986e-06
       0.Info>>    sd:c:b:scatter| 4.454e+01|        10000| 4.454e-03| 8.393e-04
       0.Info>>        sd:c:block| 4.471e+01|          100| 4.471e-01| 4.086e-02
       0.Info>>         sd:c:init| 1.431e+01|          100| 1.431e-01| 2.392e-02
       0.Info>>       sd:c:reduce| 1.020e-04|          100| 1.020e-06| 5.261e-07
       0.Info>>         sd:c:wait| 1.540e-04|          100| 1.540e-06| 5.401e-07
       0.Info>>        sd:compute| 5.902e+01|          100| 5.902e-01| 5.205e-02
       0.Info>>         sd:runner| 5.903e+01|            8| 7.378e+00| 0.000e+00
       0.Info>>          sd:stage| 1.950e-01|            8| 2.438e-02| 0.000e+00
       0.Info>> sd:worker:scatter| 4.416e+01|        10000| 4.416e-03| 8.331e-04
       0.Info>>    sd:worker:wait| 1.477e+01|        10000| 1.477e-03| 1.445e-02
       0.Info>>          sd:write| 1.033e-03|          100| 1.033e-05| 7.044e-06
       0.Info>>           st:fill| 1.180e-02|            8| 1.475e-03| 0.000e+00
       0.Info>>          st:first| 2.278e-02|            1| 2.278e-02| 0.000e+00
       0.Info>>           st:load| 2.246e-02|            1| 2.246e-02| 0.000e+00
       0.Info>>           st:wait| 1.597e-01|            8| 1.996e-02| 0.000e+00
       0.Info>>-----------------------------------------------------------------
       0.Info>>-----------------------------------------------------------------
       0.Info>> watermarks:                                                     
       0.Info>>-----------------------------------------------------------------
       0.Info>>          measure |      min |      max                          
       0.Info>>-----------------------------------------------------------------
       0.Info>>   sd:c:b:dspstore| 2.000e-06| 7.100e-05                         
       0.Info>>    sd:c:b:scatter| 1.531e-03| 8.575e-03                         
       0.Info>>        sd:c:block| 1.942e-01| 5.637e-01                         
       0.Info>>         sd:c:init| 1.138e-01| 2.162e-01                         
       0.Info>>       sd:c:reduce| 0.000e+00| 2.000e-06                         
       0.Info>>         sd:c:wait| 1.000e-06| 3.000e-06                         
       0.Info>>        sd:compute| 3.093e-01| 7.254e-01                         
       0.Info>>         sd:runner| 6.370e+00| 8.030e+00                         
       0.Info>>          sd:stage| 2.423e-02| 2.444e-02                         
       0.Info>> sd:worker:scatter| 1.511e-03| 8.543e-03                         
       0.Info>>    sd:worker:wait| 1.700e-05| 2.163e-01                         
       0.Info>>          sd:write| 6.000e-06| 4.500e-05                         
       0.Info>>           st:fill| 1.321e-03| 1.538e-03                         
       0.Info>>          st:first| 2.278e-02| 2.278e-02                         
       0.Info>>           st:load| 2.246e-02| 2.246e-02                         
       0.Info>>           st:wait| 9.000e-06| 2.282e-02                         
       0.Info>>-----------------------------------------------------------------
       0.Info>>                                                                 
       0.Info>>         Performance Analysis (relative to total time * nodes)   
       0.Info>>-----------------------------------------------------------------
       0.Info>> mean and total runtimes:                                        
       0.Info>>-----------------------------------------------------------------
       0.Info>>          measure |    total |       count |     mean |   stddev 
       0.Info>>-----------------------------------------------------------------
       0.Info>>   sd:c:b:dspstore| 5.436e-04|        10000| 5.436e-08| 2.418e-07
       0.Info>>    sd:c:b:scatter| 6.599e-01|        10000| 6.599e-05| 1.022e-04
       0.Info>>        sd:c:block| 6.625e-01|          100| 6.625e-03| 4.973e-03
       0.Info>>         sd:c:init| 2.120e-01|          100| 2.120e-03| 2.912e-03
       0.Info>>       sd:c:reduce| 1.511e-06|          100| 1.511e-08| 6.404e-08
       0.Info>>         sd:c:wait| 2.282e-06|          100| 2.282e-08| 6.575e-08
       0.Info>>        sd:compute| 8.746e-01|          100| 8.746e-03| 6.335e-03
       0.Info>>         sd:runner| 8.746e-01|            8| 1.093e-01| 0.000e+00
       0.Info>>          sd:stage| 2.890e-03|            8| 3.612e-04| 0.000e+00
       0.Info>> sd:worker:scatter| 6.544e-01|        10000| 6.544e-05| 1.014e-04
       0.Info>>    sd:worker:wait| 2.188e-01|        10000| 2.188e-05| 1.759e-03
       0.Info>>          sd:write| 1.531e-05|          100| 1.531e-07| 8.574e-07
       0.Info>>           st:fill| 1.749e-04|            8| 2.186e-05| 0.000e+00
       0.Info>>          st:first| 3.376e-04|            1| 3.376e-04| 0.000e+00
       0.Info>>           st:load| 3.328e-04|            1| 3.328e-04| 0.000e+00
       0.Info>>           st:wait| 2.366e-03|            8| 2.958e-04| 0.000e+00
       0.Info>>-----------------------------------------------------------------
       0.Info>>-----------------------------------------------------------------
       0.Info>> watermarks:                                                     
       0.Info>>-----------------------------------------------------------------
       0.Info>>          measure |      min |      max                          
       0.Info>>-----------------------------------------------------------------
       0.Info>>   sd:c:b:dspstore| 2.963e-08| 1.052e-06                         
       0.Info>>    sd:c:b:scatter| 2.268e-05| 1.271e-04                         
       0.Info>>        sd:c:block| 2.877e-03| 8.353e-03                         
       0.Info>>         sd:c:init| 1.686e-03| 3.203e-03                         
       0.Info>>       sd:c:reduce| 0.000e+00| 2.963e-08                         
       0.Info>>         sd:c:wait| 1.482e-08| 4.445e-08                         
       0.Info>>        sd:compute| 4.582e-03| 1.075e-02                         
       0.Info>>         sd:runner| 9.438e-02| 1.190e-01                         
       0.Info>>          sd:stage| 3.590e-04| 3.621e-04                         
       0.Info>> sd:worker:scatter| 2.239e-05| 1.266e-04                         
       0.Info>>    sd:worker:wait| 2.519e-07| 3.204e-03                         
       0.Info>>          sd:write| 8.890e-08| 6.668e-07                         
       0.Info>>           st:fill| 1.957e-05| 2.279e-05                         
       0.Info>>          st:first| 3.376e-04| 3.376e-04                         
       0.Info>>           st:load| 3.328e-04| 3.328e-04                         
       0.Info>>           st:wait| 1.334e-07| 3.381e-04                         
       0.Info>>-----------------------------------------------------------------
       0.Info>>Total runtime (s): 8.4362820000000003                            
       0.Info>>Successfully finished... Have a nice day!                        
