       0.Info>>This software is being developed by Benjamin Lindner.                    
       0.Info>>For help, suggestions or correspondense use:                             
       0.Info>>ben@benlabs.net, Benjamin Lindner (Main Developer, Impl. & Maintenance)  
       0.Info>>franc@cmm.ki.si, Franci Merzel (Methodology)                             
       0.Info>>For publications include the following references:                       
       0.Info>>.........................................................................
       0.Info>>1. Sassena - X-ray and Neutron Scattering Calculated                     
       0.Info>>  from Molecular Dynamics Trajectories using Massively Parallel Computers
       0.Info>>  published as a Computer Program in Physics Paper                       
       0.Info>>.........................................................................
       0.Info>>Version Information: 1.4.2                                       
       0.Info>>                                                                 
       0.Info>>.................................................................
       0.Info>>......................D.E.S.C.R.I.P.T.I.O.N......................
       0.Info>>.................................................................
       0.Info>>This binary computes the scattering intensities directly from    
       0.Info>>a molecular dynamics trajectory.                                 
       0.Info>>.................................................................
       0.Info>>.................................................................
       0.Info>>...................I.N.I.T.I.A.L.I.Z.A.T.I.O.N...................
       0.Info>>.................................................................
       0.Info>>No configuration file specified. Will use default                
       0.Info>>Looking for configuration file: scatter.xml                      
       0.Info>>Reading parameters from XML file: scatter.xml                    
       0.Info>>Added frames from /home/amajumda/study/continuum_simulations/gitlab/continuum-to-scattering/data/100_100_100_10_10_10/single_atom_shrink/iteration_002/t008/pdb_dcd/sample.dcd using format: dcd
       0.Info>>Options: first=0, last=0, lastset=0, stride=1                    
       0.Info>>stager.target=system                                             
       0.Info>>scattering.type=all                                              
       0.Info>>scattering.dsp.type=square                                       
       0.Info>>scattering.average.orientation.type=vectors                      
       0.Info>>scattering.average.orientation.vectors.type=sphere               
       0.Info>>scattering.average.orientation.vectors.algorithm=boost_uniform_on_sphere
       0.Info>>scattering.average.orientation.vectors.resolution=100            
       0.Info>>Generating orientations for orientational averaging using sphere,boost_uniform_on_sphere
       0.Info>>Initialized orientational averaging with 100 vectors.            
       0.Info>>scattering.signal.file=signal.h5                                 
       0.Info>>scattering.signal.filepath=/home/amajumda/study/continuum_simulations/gitlab/continuum-to-scattering/data/100_100_100_10_10_10/single_atom_shrink/iteration_002/t008/signal.h5
       0.Info>>scattering.signal.fqt=1                                          
       0.Info>>scattering.signal.fq0=1                                          
       0.Info>>scattering.signal.fq=1                                           
       0.Info>>scattering.signal.fq2=1                                          
       0.Info>>Analyzing command line for parameter overwrites                  
       0.Info>>Reading database from file: /home/amajumda/study/continuum_simulations/gitlab/continuum-to-scattering/data/100_100_100_10_10_10/single_atom_shrink/iteration_002/t008/database/db-neutron-coherent.xml
       0.Info>>Checking database...                                             
       0.Info>>Testing mapping between PDB names and atom labels                
       0.Info>>Testing database completeness for referenced atom labels         
       0.Info>>Check succeeded. Database seems OK.                              
       0.Info>>Initializing sample...                                           
       0.Info>>Reading structure from file: /home/amajumda/study/continuum_simulations/gitlab/continuum-to-scattering/data/100_100_100_10_10_10/single_atom_shrink/iteration_002/t008/pdb_dcd/sample.pdb
       0.Info>>Done. Atoms read: 1000                                           
       0.Info>>Reading frames from: /home/amajumda/study/continuum_simulations/gitlab/continuum-to-scattering/data/100_100_100_10_10_10/single_atom_shrink/iteration_002/t008/pdb_dcd/sample.dcd
       0.Info>>Found 1 frames                                                   
       0.Info>>Total number of coordinate sets found: 1                         
       0.Info>>Exchanging sample, database & params information with compute nodes... 
       0.Info>>params...                                                        
       0.Info>>database...                                                      
       0.Info>>sample...                                                        
       0.Info>>.................................................................
       0.Info>>......................C.O.M.P.U.T.A.T.I.O.N......................
       0.Info>>.................................................................
       0.Info>>Setting up services...                                           
       0.Info>>Initializing data file service...                                
       0.Info>>Initializing monitor service...                                  
       0.Info>>Starting data file service...                                    
       0.Info>>Starting monitor service...                                      
       0.Info>>Services setup and running...                                    
       0.Info>>Checking /home/amajumda/study/continuum_simulations/gitlab/continuum-to-scattering/data/100_100_100_10_10_10/single_atom_shrink/iteration_002/t008/signal.h5 for old results.
       0.Info>>Broadcasting service information                                 
       0.Info>>Server host name    : hzglap02                                   
       0.Info>>FileService Port    : 44975                                      
       0.Info>>MonitorService Port : 36733                                      
       0.Info>>Setting up parallel environment...                               
       0.Info>>Searching for decomposition plan:                                
       0.Info>>nodes    = 8                                                     
       0.Info>>qvectors = 100                                                   
       0.Info>>frames   = 1                                                     
       0.Info>>atoms   = 1000                                                   
       0.Info>>All interference scattering detected. Applying frame decomposition.
       0.Info>>Automatic decomposition. Searching for best utilization.         
       0.Info>>Final decomposition parameters:                                  
       0.Info>>NN                : 8                                            
       0.Info>>NQ                : 100                                          
       0.Info>>NAF               : 1                                            
       0.Info>>NP                : 8                                            
       0.Info>>NNpP              : 1                                            
       0.Info>>NAFcycles         : 1                                            
       0.Info>>NQcycles          : 13                                           
       0.Info>>CompEl (WASTE/USE): 4/100                                        
       0.Info>>utilization(1=best)    : 0.96153846153846156                     
       0.Info>>Initializing Scatter Device, Vectors (all)                       
       0.Info>>Starting scattering...                                           
       0.Info>>Checking memory requirements for scattering calculation...       
       0.Info>>required limits.computation.memory.result_buffer=16              
       0.Info>>required limits.computation.memory.signal_buffer=16              
       0.Info>>required limits.computation.memory.exchange_buffer=0             
       0.Info>>required limits.computation.memory.alignpad_buffer=32            
       0.Info>>Memory limits ok                                                 
       0.Info>>Staging data...                                                  
       0.Info>>Forcing stager.mode=frames                                       
       0.Info>>Staging first partition.                                         
       0.Info>>Staging remaining partitions.                                    
       0.Info>>background scattering length set to 0                            
       0.Info>>Target initialized.                                              
       0.Info>>Target 'system' produces a background scattering length density of 0.035650707252585144
       0.Info>>Starting computation...                                          
       0.Info>>Orientational averaging includes 100 vectors                     
       0.Info>>Setting progress sampling factor for monitoring to 1             
       0.Info>>Scattering finished...                                           
       0.Info>>.................................................................
       0.Info>>.....................R.U.N...A.N.A.L.Y.S.I.S.....................
       0.Info>>.................................................................
       0.Info>>Aggregating timing information for performance analysis...       
       0.Info>>                                                                 
       0.Info>>                    Performance Analysis                         
       0.Info>>-----------------------------------------------------------------
       0.Info>> mean and total runtimes:                                        
       0.Info>>-----------------------------------------------------------------
       0.Info>>          measure |    total |       count |     mean |   stddev 
       0.Info>>-----------------------------------------------------------------
       0.Info>>   sd:c:b:dspstore| 2.785e-02|        10000| 2.785e-06| 3.400e-06
       0.Info>>    sd:c:b:scatter| 6.500e-01|        10000| 6.500e-05| 1.894e-05
       0.Info>>        sd:c:block| 7.837e-01|          100| 7.837e-03| 5.128e-04
       0.Info>>         sd:c:init| 1.464e-01|          100| 1.464e-03| 2.911e-04
       0.Info>>       sd:c:reduce| 9.800e-05|          100| 9.800e-07| 5.093e-07
       0.Info>>         sd:c:wait| 1.410e-04|          100| 1.410e-06| 7.795e-07
       0.Info>>        sd:compute| 9.323e-01|          100| 9.323e-03| 6.465e-04
       0.Info>>         sd:runner| 9.353e-01|            8| 1.169e-01| 0.000e+00
       0.Info>>          sd:stage| 3.822e-03|            8| 4.777e-04| 0.000e+00
       0.Info>> sd:worker:scatter| 4.610e-01|        10000| 4.610e-05| 7.624e-06
       0.Info>>    sd:worker:wait| 3.958e-01|        10000| 3.958e-05| 1.536e-04
       0.Info>>          sd:write| 8.250e-04|          100| 8.250e-06| 5.875e-06
       0.Info>>           st:fill| 7.140e-04|            8| 8.925e-05| 0.000e+00
       0.Info>>          st:first| 2.740e-04|            1| 2.740e-04| 0.000e+00
       0.Info>>           st:load| 2.450e-04|            1| 2.450e-04| 0.000e+00
       0.Info>>           st:wait| 2.080e-03|            8| 2.600e-04| 0.000e+00
       0.Info>>-----------------------------------------------------------------
       0.Info>>-----------------------------------------------------------------
       0.Info>> watermarks:                                                     
       0.Info>>-----------------------------------------------------------------
       0.Info>>          measure |      min |      max                          
       0.Info>>-----------------------------------------------------------------
       0.Info>>   sd:c:b:dspstore| 1.000e-06| 2.880e-04                         
       0.Info>>    sd:c:b:scatter| 2.200e-05| 1.588e-03                         
       0.Info>>        sd:c:block| 5.416e-03| 9.604e-03                         
       0.Info>>         sd:c:init| 9.320e-04| 2.038e-03                         
       0.Info>>       sd:c:reduce| 0.000e+00| 3.000e-06                         
       0.Info>>         sd:c:wait| 1.000e-06| 7.000e-06                         
       0.Info>>        sd:compute| 6.458e-03| 1.139e-02                         
       0.Info>>         sd:runner| 1.019e-01| 1.265e-01                         
       0.Info>>          sd:stage| 4.720e-04| 4.800e-04                         
       0.Info>> sd:worker:scatter| 1.200e-05| 1.920e-04                         
       0.Info>>    sd:worker:wait| 1.000e-05| 2.135e-03                         
       0.Info>>          sd:write| 4.000e-06| 3.800e-05                         
       0.Info>>           st:fill| 7.900e-05| 9.300e-05                         
       0.Info>>          st:first| 2.740e-04| 2.740e-04                         
       0.Info>>           st:load| 2.450e-04| 2.450e-04                         
       0.Info>>           st:wait| 5.000e-06| 3.000e-04                         
       0.Info>>-----------------------------------------------------------------
       0.Info>>                                                                 
       0.Info>>         Performance Analysis (relative to total time * nodes)   
       0.Info>>-----------------------------------------------------------------
       0.Info>> mean and total runtimes:                                        
       0.Info>>-----------------------------------------------------------------
       0.Info>>          measure |    total |       count |     mean |   stddev 
       0.Info>>-----------------------------------------------------------------
       0.Info>>   sd:c:b:dspstore| 2.056e-02|        10000| 2.056e-06| 2.922e-06
       0.Info>>    sd:c:b:scatter| 4.800e-01|        10000| 4.800e-05| 1.628e-05
       0.Info>>        sd:c:block| 5.786e-01|          100| 5.786e-03| 4.406e-04
       0.Info>>         sd:c:init| 1.081e-01|          100| 1.081e-03| 2.502e-04
       0.Info>>       sd:c:reduce| 7.236e-05|          100| 7.236e-07| 4.377e-07
       0.Info>>         sd:c:wait| 1.041e-04|          100| 1.041e-06| 6.698e-07
       0.Info>>        sd:compute| 6.883e-01|          100| 6.883e-03| 5.555e-04
       0.Info>>         sd:runner| 6.906e-01|            8| 8.632e-02| 0.000e+00
       0.Info>>          sd:stage| 2.822e-03|            8| 3.527e-04| 0.000e+00
       0.Info>> sd:worker:scatter| 3.404e-01|        10000| 3.404e-05| 6.551e-06
       0.Info>>    sd:worker:wait| 2.922e-01|        10000| 2.922e-05| 1.320e-04
       0.Info>>          sd:write| 6.091e-04|          100| 6.091e-06| 5.049e-06
       0.Info>>           st:fill| 5.272e-04|            8| 6.590e-05| 0.000e+00
       0.Info>>          st:first| 2.023e-04|            1| 2.023e-04| 0.000e+00
       0.Info>>           st:load| 1.809e-04|            1| 1.809e-04| 0.000e+00
       0.Info>>           st:wait| 1.536e-03|            8| 1.920e-04| 0.000e+00
       0.Info>>-----------------------------------------------------------------
       0.Info>>-----------------------------------------------------------------
       0.Info>> watermarks:                                                     
       0.Info>>-----------------------------------------------------------------
       0.Info>>          measure |      min |      max                          
       0.Info>>-----------------------------------------------------------------
       0.Info>>   sd:c:b:dspstore| 7.383e-07| 2.126e-04                         
       0.Info>>    sd:c:b:scatter| 1.624e-05| 1.172e-03                         
       0.Info>>        sd:c:block| 3.999e-03| 7.091e-03                         
       0.Info>>         sd:c:init| 6.881e-04| 1.505e-03                         
       0.Info>>       sd:c:reduce| 0.000e+00| 2.215e-06                         
       0.Info>>         sd:c:wait| 7.383e-07| 5.168e-06                         
       0.Info>>        sd:compute| 4.768e-03| 8.408e-03                         
       0.Info>>         sd:runner| 7.521e-02| 9.341e-02                         
       0.Info>>          sd:stage| 3.485e-04| 3.544e-04                         
       0.Info>> sd:worker:scatter| 8.860e-06| 1.418e-04                         
       0.Info>>    sd:worker:wait| 7.383e-06| 1.576e-03                         
       0.Info>>          sd:write| 2.953e-06| 2.806e-05                         
       0.Info>>           st:fill| 5.833e-05| 6.867e-05                         
       0.Info>>          st:first| 2.023e-04| 2.023e-04                         
       0.Info>>           st:load| 1.809e-04| 1.809e-04                         
       0.Info>>           st:wait| 3.692e-06| 2.215e-04                         
       0.Info>>-----------------------------------------------------------------
       0.Info>>Total runtime (s): 0.16929900000000001                           
       0.Info>>Successfully finished... Have a nice day!                        
