       0.Info>>This software is being developed by Benjamin Lindner.                    
       0.Info>>For help, suggestions or correspondense use:                             
       0.Info>>ben@benlabs.net, Benjamin Lindner (Main Developer, Impl. & Maintenance)  
       0.Info>>franc@cmm.ki.si, Franci Merzel (Methodology)                             
       0.Info>>For publications include the following references:                       
       0.Info>>.........................................................................
       0.Info>>1. Sassena - X-ray and Neutron Scattering Calculated                     
       0.Info>>  from Molecular Dynamics Trajectories using Massively Parallel Computers
       0.Info>>  published as a Computer Program in Physics Paper                       
       0.Info>>.........................................................................
       0.Info>>Version Information: 1.4.2                                       
       0.Info>>                                                                 
       0.Info>>.................................................................
       0.Info>>......................D.E.S.C.R.I.P.T.I.O.N......................
       0.Info>>.................................................................
       0.Info>>This binary computes the scattering intensities directly from    
       0.Info>>a molecular dynamics trajectory.                                 
       0.Info>>.................................................................
       0.Info>>.................................................................
       0.Info>>...................I.N.I.T.I.A.L.I.Z.A.T.I.O.N...................
       0.Info>>.................................................................
       0.Info>>No configuration file specified. Will use default                
       0.Info>>Looking for configuration file: scatter.xml                      
       0.Info>>Reading parameters from XML file: scatter.xml                    
       0.Info>>Added frames from /home/amajumda/study/continuum_simulations/gitlab/continuum-to-scattering/data/100_100_100_10_10_10/single_atom_shrink/iteration_006/t007/pdb_dcd/sample.dcd using format: dcd
       0.Info>>Options: first=0, last=0, lastset=0, stride=1                    
       0.Info>>stager.target=system                                             
       0.Info>>scattering.type=all                                              
       0.Info>>scattering.dsp.type=square                                       
       0.Info>>scattering.average.orientation.type=vectors                      
       0.Info>>scattering.average.orientation.vectors.type=sphere               
       0.Info>>scattering.average.orientation.vectors.algorithm=boost_uniform_on_sphere
       0.Info>>scattering.average.orientation.vectors.resolution=100            
       0.Info>>Generating orientations for orientational averaging using sphere,boost_uniform_on_sphere
       0.Info>>Initialized orientational averaging with 100 vectors.            
       0.Info>>scattering.signal.file=signal.h5                                 
       0.Info>>scattering.signal.filepath=/home/amajumda/study/continuum_simulations/gitlab/continuum-to-scattering/data/100_100_100_10_10_10/single_atom_shrink/iteration_006/t007/signal.h5
       0.Info>>scattering.signal.fqt=1                                          
       0.Info>>scattering.signal.fq0=1                                          
       0.Info>>scattering.signal.fq=1                                           
       0.Info>>scattering.signal.fq2=1                                          
       0.Info>>Analyzing command line for parameter overwrites                  
       0.Info>>Reading database from file: /home/amajumda/study/continuum_simulations/gitlab/continuum-to-scattering/data/100_100_100_10_10_10/single_atom_shrink/iteration_006/t007/database/db-neutron-coherent.xml
       0.Info>>Checking database...                                             
       0.Info>>Testing mapping between PDB names and atom labels                
       0.Info>>Testing database completeness for referenced atom labels         
       0.Info>>Check succeeded. Database seems OK.                              
       0.Info>>Initializing sample...                                           
       0.Info>>Reading structure from file: /home/amajumda/study/continuum_simulations/gitlab/continuum-to-scattering/data/100_100_100_10_10_10/single_atom_shrink/iteration_006/t007/pdb_dcd/sample.pdb
       0.Info>>Done. Atoms read: 1000                                           
       0.Info>>Reading frames from: /home/amajumda/study/continuum_simulations/gitlab/continuum-to-scattering/data/100_100_100_10_10_10/single_atom_shrink/iteration_006/t007/pdb_dcd/sample.dcd
       0.Info>>Found 1 frames                                                   
       0.Info>>Total number of coordinate sets found: 1                         
       0.Info>>Exchanging sample, database & params information with compute nodes... 
       0.Info>>params...                                                        
       0.Info>>database...                                                      
       0.Info>>sample...                                                        
       0.Info>>.................................................................
       0.Info>>......................C.O.M.P.U.T.A.T.I.O.N......................
       0.Info>>.................................................................
       0.Info>>Setting up services...                                           
       0.Info>>Initializing data file service...                                
       0.Info>>Initializing monitor service...                                  
       0.Info>>Starting data file service...                                    
       0.Info>>Starting monitor service...                                      
       0.Info>>Services setup and running...                                    
       0.Info>>Checking /home/amajumda/study/continuum_simulations/gitlab/continuum-to-scattering/data/100_100_100_10_10_10/single_atom_shrink/iteration_006/t007/signal.h5 for old results.
       0.Info>>Broadcasting service information                                 
       0.Info>>Server host name    : hzglap02                                   
       0.Info>>FileService Port    : 36039                                      
       0.Info>>MonitorService Port : 41133                                      
       0.Info>>Setting up parallel environment...                               
       0.Info>>Searching for decomposition plan:                                
       0.Info>>nodes    = 8                                                     
       0.Info>>qvectors = 100                                                   
       0.Info>>frames   = 1                                                     
       0.Info>>atoms   = 1000                                                   
       0.Info>>All interference scattering detected. Applying frame decomposition.
       0.Info>>Automatic decomposition. Searching for best utilization.         
       0.Info>>Final decomposition parameters:                                  
       0.Info>>NN                : 8                                            
       0.Info>>NQ                : 100                                          
       0.Info>>NAF               : 1                                            
       0.Info>>NP                : 8                                            
       0.Info>>NNpP              : 1                                            
       0.Info>>NAFcycles         : 1                                            
       0.Info>>NQcycles          : 13                                           
       0.Info>>CompEl (WASTE/USE): 4/100                                        
       0.Info>>utilization(1=best)    : 0.96153846153846156                     
       0.Info>>Initializing Scatter Device, Vectors (all)                       
       0.Info>>Starting scattering...                                           
       0.Info>>Checking memory requirements for scattering calculation...       
       0.Info>>required limits.computation.memory.result_buffer=16              
       0.Info>>required limits.computation.memory.signal_buffer=16              
       0.Info>>required limits.computation.memory.exchange_buffer=0             
       0.Info>>required limits.computation.memory.alignpad_buffer=32            
       0.Info>>Memory limits ok                                                 
       0.Info>>Staging data...                                                  
       0.Info>>Forcing stager.mode=frames                                       
       0.Info>>Staging first partition.                                         
       0.Info>>Staging remaining partitions.                                    
       0.Info>>background scattering length set to 0                            
       0.Info>>Target initialized.                                              
       0.Info>>Target 'system' produces a background scattering length density of 0.012732395447351837
       0.Info>>Starting computation...                                          
       0.Info>>Orientational averaging includes 100 vectors                     
       0.Info>>Setting progress sampling factor for monitoring to 1             
       0.Info>>Scattering finished...                                           
       0.Info>>.................................................................
       0.Info>>.....................R.U.N...A.N.A.L.Y.S.I.S.....................
       0.Info>>.................................................................
       0.Info>>Aggregating timing information for performance analysis...       
       0.Info>>                                                                 
       0.Info>>                    Performance Analysis                         
       0.Info>>-----------------------------------------------------------------
       0.Info>> mean and total runtimes:                                        
       0.Info>>-----------------------------------------------------------------
       0.Info>>          measure |    total |       count |     mean |   stddev 
       0.Info>>-----------------------------------------------------------------
       0.Info>>   sd:c:b:dspstore| 2.819e-02|        10000| 2.819e-06| 1.741e-06
       0.Info>>    sd:c:b:scatter| 6.736e-01|        10000| 6.736e-05| 2.440e-05
       0.Info>>        sd:c:block| 8.107e-01|          100| 8.107e-03| 7.398e-04
       0.Info>>         sd:c:init| 1.465e-01|          100| 1.465e-03| 3.017e-04
       0.Info>>       sd:c:reduce| 1.070e-04|          100| 1.070e-06| 8.450e-07
       0.Info>>         sd:c:wait| 1.560e-04|          100| 1.560e-06| 5.640e-07
       0.Info>>        sd:compute| 9.594e-01|          100| 9.594e-03| 8.047e-04
       0.Info>>         sd:runner| 9.628e-01|            8| 1.204e-01| 0.000e+00
       0.Info>>          sd:stage| 5.008e-03|            8| 6.260e-04| 0.000e+00
       0.Info>> sd:worker:scatter| 4.720e-01|        10000| 4.720e-05| 7.549e-06
       0.Info>>    sd:worker:wait| 4.084e-01|        10000| 4.084e-05| 1.550e-04
       0.Info>>          sd:write| 8.060e-04|          100| 8.060e-06| 5.536e-06
       0.Info>>           st:fill| 1.839e-03|            8| 2.299e-04| 0.000e+00
       0.Info>>          st:first| 2.960e-04|            1| 2.960e-04| 0.000e+00
       0.Info>>           st:load| 2.700e-04|            1| 2.700e-04| 0.000e+00
       0.Info>>           st:wait| 2.266e-03|            8| 2.832e-04| 0.000e+00
       0.Info>>-----------------------------------------------------------------
       0.Info>>-----------------------------------------------------------------
       0.Info>> watermarks:                                                     
       0.Info>>-----------------------------------------------------------------
       0.Info>>          measure |      min |      max                          
       0.Info>>-----------------------------------------------------------------
       0.Info>>   sd:c:b:dspstore| 1.000e-06| 7.800e-05                         
       0.Info>>    sd:c:b:scatter| 2.300e-05| 1.428e-03                         
       0.Info>>        sd:c:block| 5.053e-03| 1.050e-02                         
       0.Info>>         sd:c:init| 9.470e-04| 2.152e-03                         
       0.Info>>       sd:c:reduce| 0.000e+00| 6.000e-06                         
       0.Info>>         sd:c:wait| 1.000e-06| 3.000e-06                         
       0.Info>>        sd:compute| 6.861e-03| 1.233e-02                         
       0.Info>>         sd:runner| 1.106e-01| 1.292e-01                         
       0.Info>>          sd:stage| 6.170e-04| 6.530e-04                         
       0.Info>> sd:worker:scatter| 1.200e-05| 1.350e-04                         
       0.Info>>    sd:worker:wait| 1.200e-05| 2.310e-03                         
       0.Info>>          sd:write| 4.000e-06| 3.100e-05                         
       0.Info>>           st:fill| 2.170e-04| 2.350e-04                         
       0.Info>>          st:first| 2.960e-04| 2.960e-04                         
       0.Info>>           st:load| 2.700e-04| 2.700e-04                         
       0.Info>>           st:wait| 4.000e-06| 3.250e-04                         
       0.Info>>-----------------------------------------------------------------
       0.Info>>                                                                 
       0.Info>>         Performance Analysis (relative to total time * nodes)   
       0.Info>>-----------------------------------------------------------------
       0.Info>> mean and total runtimes:                                        
       0.Info>>-----------------------------------------------------------------
       0.Info>>          measure |    total |       count |     mean |   stddev 
       0.Info>>-----------------------------------------------------------------
       0.Info>>   sd:c:b:dspstore| 1.995e-02|        10000| 1.995e-06| 1.465e-06
       0.Info>>    sd:c:b:scatter| 4.767e-01|        10000| 4.767e-05| 2.052e-05
       0.Info>>        sd:c:block| 5.738e-01|          100| 5.738e-03| 6.223e-04
       0.Info>>         sd:c:init| 1.036e-01|          100| 1.036e-03| 2.538e-04
       0.Info>>       sd:c:reduce| 7.572e-05|          100| 7.572e-07| 7.108e-07
       0.Info>>         sd:c:wait| 1.104e-04|          100| 1.104e-06| 4.745e-07
       0.Info>>        sd:compute| 6.790e-01|          100| 6.790e-03| 6.769e-04
       0.Info>>         sd:runner| 6.814e-01|            8| 8.517e-02| 0.000e+00
       0.Info>>          sd:stage| 3.544e-03|            8| 4.430e-04| 0.000e+00
       0.Info>> sd:worker:scatter| 3.340e-01|        10000| 3.340e-05| 6.351e-06
       0.Info>>    sd:worker:wait| 2.890e-01|        10000| 2.890e-05| 1.304e-04
       0.Info>>          sd:write| 5.704e-04|          100| 5.704e-06| 4.657e-06
       0.Info>>           st:fill| 1.301e-03|            8| 1.627e-04| 0.000e+00
       0.Info>>          st:first| 2.095e-04|            1| 2.095e-04| 0.000e+00
       0.Info>>           st:load| 1.911e-04|            1| 1.911e-04| 0.000e+00
       0.Info>>           st:wait| 1.604e-03|            8| 2.005e-04| 0.000e+00
       0.Info>>-----------------------------------------------------------------
       0.Info>>-----------------------------------------------------------------
       0.Info>> watermarks:                                                     
       0.Info>>-----------------------------------------------------------------
       0.Info>>          measure |      min |      max                          
       0.Info>>-----------------------------------------------------------------
       0.Info>>   sd:c:b:dspstore| 7.077e-07| 5.520e-05                         
       0.Info>>    sd:c:b:scatter| 1.628e-05| 1.011e-03                         
       0.Info>>        sd:c:block| 3.576e-03| 7.429e-03                         
       0.Info>>         sd:c:init| 6.702e-04| 1.523e-03                         
       0.Info>>       sd:c:reduce| 0.000e+00| 4.246e-06                         
       0.Info>>         sd:c:wait| 7.077e-07| 2.123e-06                         
       0.Info>>        sd:compute| 4.856e-03| 8.727e-03                         
       0.Info>>         sd:runner| 7.824e-02| 9.141e-02                         
       0.Info>>          sd:stage| 4.367e-04| 4.621e-04                         
       0.Info>> sd:worker:scatter| 8.492e-06| 9.554e-05                         
       0.Info>>    sd:worker:wait| 8.492e-06| 1.635e-03                         
       0.Info>>          sd:write| 2.831e-06| 2.194e-05                         
       0.Info>>           st:fill| 1.536e-04| 1.663e-04                         
       0.Info>>          st:first| 2.095e-04| 2.095e-04                         
       0.Info>>           st:load| 1.911e-04| 1.911e-04                         
       0.Info>>           st:wait| 2.831e-06| 2.300e-04                         
       0.Info>>-----------------------------------------------------------------
       0.Info>>Total runtime (s): 0.17662800000000001                           
       0.Info>>Successfully finished... Have a nice day!                        
