       0.Info>>This software is being developed by Benjamin Lindner.                    
       0.Info>>For help, suggestions or correspondense use:                             
       0.Info>>ben@benlabs.net, Benjamin Lindner (Main Developer, Impl. & Maintenance)  
       0.Info>>franc@cmm.ki.si, Franci Merzel (Methodology)                             
       0.Info>>For publications include the following references:                       
       0.Info>>.........................................................................
       0.Info>>1. Sassena - X-ray and Neutron Scattering Calculated                     
       0.Info>>  from Molecular Dynamics Trajectories using Massively Parallel Computers
       0.Info>>  published as a Computer Program in Physics Paper                       
       0.Info>>.........................................................................
       0.Info>>Version Information: 1.4.2                                       
       0.Info>>                                                                 
       0.Info>>.................................................................
       0.Info>>......................D.E.S.C.R.I.P.T.I.O.N......................
       0.Info>>.................................................................
       0.Info>>This binary computes the scattering intensities directly from    
       0.Info>>a molecular dynamics trajectory.                                 
       0.Info>>.................................................................
       0.Info>>.................................................................
       0.Info>>...................I.N.I.T.I.A.L.I.Z.A.T.I.O.N...................
       0.Info>>.................................................................
       0.Info>>No configuration file specified. Will use default                
       0.Info>>Looking for configuration file: scatter.xml                      
       0.Info>>Reading parameters from XML file: scatter.xml                    
       0.Info>>Added frames from /home/amajumda/study/continuum_simulations/gitlab/continuum-to-scattering/data/100_100_100_50_50_50/single_atom_shrink/iteration_010/t009/pdb_dcd/sample.dcd using format: dcd
       0.Info>>Options: first=0, last=0, lastset=0, stride=1                    
       0.Info>>stager.target=system                                             
       0.Info>>scattering.type=all                                              
       0.Info>>scattering.dsp.type=square                                       
       0.Info>>scattering.average.orientation.type=vectors                      
       0.Info>>scattering.average.orientation.vectors.type=sphere               
       0.Info>>scattering.average.orientation.vectors.algorithm=boost_uniform_on_sphere
       0.Info>>scattering.average.orientation.vectors.resolution=100            
       0.Info>>Generating orientations for orientational averaging using sphere,boost_uniform_on_sphere
       0.Info>>Initialized orientational averaging with 100 vectors.            
       0.Info>>scattering.signal.file=signal.h5                                 
       0.Info>>scattering.signal.filepath=/home/amajumda/study/continuum_simulations/gitlab/continuum-to-scattering/data/100_100_100_50_50_50/single_atom_shrink/iteration_010/t009/signal.h5
       0.Info>>scattering.signal.fqt=1                                          
       0.Info>>scattering.signal.fq0=1                                          
       0.Info>>scattering.signal.fq=1                                           
       0.Info>>scattering.signal.fq2=1                                          
       0.Info>>Analyzing command line for parameter overwrites                  
       0.Info>>Reading database from file: /home/amajumda/study/continuum_simulations/gitlab/continuum-to-scattering/data/100_100_100_50_50_50/single_atom_shrink/iteration_010/t009/database/db-neutron-coherent.xml
       0.Info>>Checking database...                                             
       0.Info>>Testing mapping between PDB names and atom labels                
       0.Info>>Testing database completeness for referenced atom labels         
       0.Info>>Check succeeded. Database seems OK.                              
       0.Info>>Initializing sample...                                           
       0.Info>>Reading structure from file: /home/amajumda/study/continuum_simulations/gitlab/continuum-to-scattering/data/100_100_100_50_50_50/single_atom_shrink/iteration_010/t009/pdb_dcd/sample.pdb
       0.Info>>Done. Atoms read: 125000                                         
       0.Info>>Reading frames from: /home/amajumda/study/continuum_simulations/gitlab/continuum-to-scattering/data/100_100_100_50_50_50/single_atom_shrink/iteration_010/t009/pdb_dcd/sample.dcd
       0.Info>>Found 1 frames                                                   
       0.Info>>Total number of coordinate sets found: 1                         
       0.Info>>Exchanging sample, database & params information with compute nodes... 
       0.Info>>params...                                                        
       0.Info>>database...                                                      
       0.Info>>sample...                                                        
       0.Info>>.................................................................
       0.Info>>......................C.O.M.P.U.T.A.T.I.O.N......................
       0.Info>>.................................................................
       0.Info>>Setting up services...                                           
       0.Info>>Initializing data file service...                                
       0.Info>>Initializing monitor service...                                  
       0.Info>>Starting data file service...                                    
       0.Info>>Starting monitor service...                                      
       0.Info>>Services setup and running...                                    
       0.Info>>Checking /home/amajumda/study/continuum_simulations/gitlab/continuum-to-scattering/data/100_100_100_50_50_50/single_atom_shrink/iteration_010/t009/signal.h5 for old results.
       0.Info>>Broadcasting service information                                 
       0.Info>>Server host name    : hzglap02                                   
       0.Info>>FileService Port    : 44457                                      
       0.Info>>MonitorService Port : 43953                                      
       0.Info>>Setting up parallel environment...                               
       0.Info>>Searching for decomposition plan:                                
       0.Info>>nodes    = 8                                                     
       0.Info>>qvectors = 100                                                   
       0.Info>>frames   = 1                                                     
       0.Info>>atoms   = 125000                                                 
       0.Info>>All interference scattering detected. Applying frame decomposition.
       0.Info>>Automatic decomposition. Searching for best utilization.         
       0.Info>>Final decomposition parameters:                                  
       0.Info>>NN                : 8                                            
       0.Info>>NQ                : 100                                          
       0.Info>>NAF               : 1                                            
       0.Info>>NP                : 8                                            
       0.Info>>NNpP              : 1                                            
       0.Info>>NAFcycles         : 1                                            
       0.Info>>NQcycles          : 13                                           
       0.Info>>CompEl (WASTE/USE): 4/100                                        
       0.Info>>utilization(1=best)    : 0.96153846153846156                     
       0.Info>>Initializing Scatter Device, Vectors (all)                       
       0.Info>>Starting scattering...                                           
       0.Info>>Checking memory requirements for scattering calculation...       
       0.Info>>required limits.computation.memory.result_buffer=16              
       0.Info>>required limits.computation.memory.signal_buffer=16              
       0.Info>>required limits.computation.memory.exchange_buffer=0             
       0.Info>>required limits.computation.memory.alignpad_buffer=32            
       0.Info>>Memory limits ok                                                 
       0.Info>>Staging data...                                                  
       0.Info>>Forcing stager.mode=frames                                       
       0.Info>>Staging first partition.                                         
       0.Info>>Staging remaining partitions.                                    
       0.Info>>background scattering length set to 0                            
       0.Info>>Target initialized.                                              
       0.Info>>Target 'system' produces a background scattering length density of 4.7479951449635201e-05
       0.Info>>Starting computation...                                          
       0.Info>>Orientational averaging includes 100 vectors                     
       0.Info>>Setting progress sampling factor for monitoring to 1             
       0.Info>>Progress: 3.010%, ETOTAL: 57.995028373702432 s, ETA: 56.249136373702434 s
       0.Info>>Progress: 6.271%, ETOTAL: 28.452279069767442 s, ETA: 26.668084069767442 s
       0.Info>>Progress: 11.791%, ETOTAL: 15.335023690112132 s, ETA: 13.526891690112132 s
       0.Info>>Progress: 20.821%, ETOTAL: 9.2367897783251252 s, ETA: 7.313642778325125 s
       0.Info>>Progress: 30.455%, ETOTAL: 12.441474468532938 s, ETA: 8.6524074685329389 s
       0.Info>>Progress: 42.955%, ETOTAL: 8.8515158931502764 s, ETA: 5.0493358931502765 s
       0.Info>>Progress: 52.080%, ETOTAL: 11.032006252692474 s, ETA: 5.2865232526924739 s
       0.Info>>Progress: 62.955%, ETOTAL: 9.1845750534568786 s, ETA: 3.4024140534568792 s
       0.Info>>Progress: 72.955%, ETOTAL: 8.084817538001932 s, ETA: 2.1865285380019328 s
       0.Info>>Progress: 81.830%, ETOTAL: 9.5018609533508247 s, ETA: 1.7264759533508265 s
       0.Info>>Scattering finished...                                           
       0.Info>>.................................................................
       0.Info>>.....................R.U.N...A.N.A.L.Y.S.I.S.....................
       0.Info>>.................................................................
       0.Info>>Aggregating timing information for performance analysis...       
       0.Info>>                                                                 
       0.Info>>                    Performance Analysis                         
       0.Info>>-----------------------------------------------------------------
       0.Info>> mean and total runtimes:                                        
       0.Info>>-----------------------------------------------------------------
       0.Info>>          measure |    total |       count |     mean |   stddev 
       0.Info>>-----------------------------------------------------------------
       0.Info>>   sd:c:b:dspstore| 3.817e-02|        10000| 3.817e-06| 3.572e-06
       0.Info>>    sd:c:b:scatter| 4.522e+01|        10000| 4.522e-03| 8.582e-04
       0.Info>>        sd:c:block| 4.541e+01|          100| 4.541e-01| 3.996e-02
       0.Info>>         sd:c:init| 1.518e+01|          100| 1.518e-01| 2.999e-02
       0.Info>>       sd:c:reduce| 1.090e-04|          100| 1.090e-06| 6.100e-07
       0.Info>>         sd:c:wait| 1.710e-04|          100| 1.710e-06| 6.442e-07
       0.Info>>        sd:compute| 6.059e+01|          100| 6.059e-01| 4.882e-02
       0.Info>>         sd:runner| 6.060e+01|            8| 7.575e+00| 0.000e+00
       0.Info>>          sd:stage| 1.956e-01|            8| 2.445e-02| 0.000e+00
       0.Info>> sd:worker:scatter| 4.483e+01|        10000| 4.483e-03| 8.419e-04
       0.Info>>    sd:worker:wait| 1.566e+01|        10000| 1.566e-03| 1.543e-02
       0.Info>>          sd:write| 1.041e-03|          100| 1.041e-05| 7.509e-06
       0.Info>>           st:fill| 1.205e-02|            8| 1.506e-03| 0.000e+00
       0.Info>>          st:first| 2.282e-02|            1| 2.282e-02| 0.000e+00
       0.Info>>           st:load| 2.250e-02|            1| 2.250e-02| 0.000e+00
       0.Info>>           st:wait| 1.600e-01|            8| 2.000e-02| 0.000e+00
       0.Info>>-----------------------------------------------------------------
       0.Info>>-----------------------------------------------------------------
       0.Info>> watermarks:                                                     
       0.Info>>-----------------------------------------------------------------
       0.Info>>          measure |      min |      max                          
       0.Info>>-----------------------------------------------------------------
       0.Info>>   sd:c:b:dspstore| 2.000e-06| 2.100e-04                         
       0.Info>>    sd:c:b:scatter| 1.530e-03| 1.444e-02                         
       0.Info>>        sd:c:block| 1.736e-01| 5.548e-01                         
       0.Info>>         sd:c:init| 1.174e-01| 2.329e-01                         
       0.Info>>       sd:c:reduce| 0.000e+00| 3.000e-06                         
       0.Info>>         sd:c:wait| 1.000e-06| 4.000e-06                         
       0.Info>>        sd:compute| 3.386e-01| 7.336e-01                         
       0.Info>>         sd:runner| 6.951e+00| 8.191e+00                         
       0.Info>>          sd:stage| 2.434e-02| 2.452e-02                         
       0.Info>> sd:worker:scatter| 1.514e-03| 9.638e-03                         
       0.Info>>    sd:worker:wait| 1.000e-06| 2.330e-01                         
       0.Info>>          sd:write| 5.000e-06| 4.800e-05                         
       0.Info>>           st:fill| 1.383e-03| 1.572e-03                         
       0.Info>>          st:first| 2.282e-02| 2.282e-02                         
       0.Info>>           st:load| 2.250e-02| 2.250e-02                         
       0.Info>>           st:wait| 9.000e-06| 2.286e-02                         
       0.Info>>-----------------------------------------------------------------
       0.Info>>                                                                 
       0.Info>>         Performance Analysis (relative to total time * nodes)   
       0.Info>>-----------------------------------------------------------------
       0.Info>> mean and total runtimes:                                        
       0.Info>>-----------------------------------------------------------------
       0.Info>>          measure |    total |       count |     mean |   stddev 
       0.Info>>-----------------------------------------------------------------
       0.Info>>   sd:c:b:dspstore| 5.542e-04|        10000| 5.542e-08| 4.304e-07
       0.Info>>    sd:c:b:scatter| 6.566e-01|        10000| 6.566e-05| 1.034e-04
       0.Info>>        sd:c:block| 6.593e-01|          100| 6.593e-03| 4.815e-03
       0.Info>>         sd:c:init| 2.204e-01|          100| 2.204e-03| 3.614e-03
       0.Info>>       sd:c:reduce| 1.583e-06|          100| 1.583e-08| 7.350e-08
       0.Info>>         sd:c:wait| 2.483e-06|          100| 2.483e-08| 7.762e-08
       0.Info>>        sd:compute| 8.798e-01|          100| 8.798e-03| 5.883e-03
       0.Info>>         sd:runner| 8.798e-01|            8| 1.100e-01| 0.000e+00
       0.Info>>          sd:stage| 2.840e-03|            8| 3.550e-04| 0.000e+00
       0.Info>> sd:worker:scatter| 6.509e-01|        10000| 6.509e-05| 1.014e-04
       0.Info>>    sd:worker:wait| 2.274e-01|        10000| 2.274e-05| 1.859e-03
       0.Info>>          sd:write| 1.511e-05|          100| 1.511e-07| 9.048e-07
       0.Info>>           st:fill| 1.749e-04|            8| 2.187e-05| 0.000e+00
       0.Info>>          st:first| 3.314e-04|            1| 3.314e-04| 0.000e+00
       0.Info>>           st:load| 3.267e-04|            1| 3.267e-04| 0.000e+00
       0.Info>>           st:wait| 2.324e-03|            8| 2.904e-04| 0.000e+00
       0.Info>>-----------------------------------------------------------------
       0.Info>>-----------------------------------------------------------------
       0.Info>> watermarks:                                                     
       0.Info>>-----------------------------------------------------------------
       0.Info>>          measure |      min |      max                          
       0.Info>>-----------------------------------------------------------------
       0.Info>>   sd:c:b:dspstore| 2.904e-08| 3.049e-06                         
       0.Info>>    sd:c:b:scatter| 2.221e-05| 2.096e-04                         
       0.Info>>        sd:c:block| 2.521e-03| 8.055e-03                         
       0.Info>>         sd:c:init| 1.705e-03| 3.382e-03                         
       0.Info>>       sd:c:reduce| 0.000e+00| 4.356e-08                         
       0.Info>>         sd:c:wait| 1.452e-08| 5.808e-08                         
       0.Info>>        sd:compute| 4.917e-03| 1.065e-02                         
       0.Info>>         sd:runner| 1.009e-01| 1.189e-01                         
       0.Info>>          sd:stage| 3.533e-04| 3.560e-04                         
       0.Info>> sd:worker:scatter| 2.198e-05| 1.399e-04                         
       0.Info>>    sd:worker:wait| 1.452e-08| 3.383e-03                         
       0.Info>>          sd:write| 7.259e-08| 6.969e-07                         
       0.Info>>           st:fill| 2.008e-05| 2.282e-05                         
       0.Info>>          st:first| 3.314e-04| 3.314e-04                         
       0.Info>>           st:load| 3.267e-04| 3.267e-04                         
       0.Info>>           st:wait| 1.307e-07| 3.320e-04                         
       0.Info>>-----------------------------------------------------------------
       0.Info>>Total runtime (s): 8.609413                                      
       0.Info>>Successfully finished... Have a nice day!                        
