       0.Info>>This software is being developed by Benjamin Lindner.                    
       0.Info>>For help, suggestions or correspondense use:                             
       0.Info>>ben@benlabs.net, Benjamin Lindner (Main Developer, Impl. & Maintenance)  
       0.Info>>franc@cmm.ki.si, Franci Merzel (Methodology)                             
       0.Info>>For publications include the following references:                       
       0.Info>>.........................................................................
       0.Info>>1. Sassena - X-ray and Neutron Scattering Calculated                     
       0.Info>>  from Molecular Dynamics Trajectories using Massively Parallel Computers
       0.Info>>  published as a Computer Program in Physics Paper                       
       0.Info>>.........................................................................
       0.Info>>Version Information: 1.4.2                                       
       0.Info>>                                                                 
       0.Info>>.................................................................
       0.Info>>......................D.E.S.C.R.I.P.T.I.O.N......................
       0.Info>>.................................................................
       0.Info>>This binary computes the scattering intensities directly from    
       0.Info>>a molecular dynamics trajectory.                                 
       0.Info>>.................................................................
       0.Info>>.................................................................
       0.Info>>...................I.N.I.T.I.A.L.I.Z.A.T.I.O.N...................
       0.Info>>.................................................................
       0.Info>>No configuration file specified. Will use default                
       0.Info>>Looking for configuration file: scatter.xml                      
       0.Info>>Reading parameters from XML file: scatter.xml                    
       0.Info>>Added frames from /home/amajumda/study/continuum_simulations/gitlab/continuum-to-scattering/data/100_100_100_50_50_50/single_atom_shrink/iteration_004/t007/pdb_dcd/sample.dcd using format: dcd
       0.Info>>Options: first=0, last=0, lastset=0, stride=1                    
       0.Info>>stager.target=system                                             
       0.Info>>scattering.type=all                                              
       0.Info>>scattering.dsp.type=square                                       
       0.Info>>scattering.average.orientation.type=vectors                      
       0.Info>>scattering.average.orientation.vectors.type=sphere               
       0.Info>>scattering.average.orientation.vectors.algorithm=boost_uniform_on_sphere
       0.Info>>scattering.average.orientation.vectors.resolution=100            
       0.Info>>Generating orientations for orientational averaging using sphere,boost_uniform_on_sphere
       0.Info>>Initialized orientational averaging with 100 vectors.            
       0.Info>>scattering.signal.file=signal.h5                                 
       0.Info>>scattering.signal.filepath=/home/amajumda/study/continuum_simulations/gitlab/continuum-to-scattering/data/100_100_100_50_50_50/single_atom_shrink/iteration_004/t007/signal.h5
       0.Info>>scattering.signal.fqt=1                                          
       0.Info>>scattering.signal.fq0=1                                          
       0.Info>>scattering.signal.fq=1                                           
       0.Info>>scattering.signal.fq2=1                                          
       0.Info>>Analyzing command line for parameter overwrites                  
       0.Info>>Reading database from file: /home/amajumda/study/continuum_simulations/gitlab/continuum-to-scattering/data/100_100_100_50_50_50/single_atom_shrink/iteration_004/t007/database/db-neutron-coherent.xml
       0.Info>>Checking database...                                             
       0.Info>>Testing mapping between PDB names and atom labels                
       0.Info>>Testing database completeness for referenced atom labels         
       0.Info>>Check succeeded. Database seems OK.                              
       0.Info>>Initializing sample...                                           
       0.Info>>Reading structure from file: /home/amajumda/study/continuum_simulations/gitlab/continuum-to-scattering/data/100_100_100_50_50_50/single_atom_shrink/iteration_004/t007/pdb_dcd/sample.pdb
       0.Info>>Done. Atoms read: 125000                                         
       0.Info>>Reading frames from: /home/amajumda/study/continuum_simulations/gitlab/continuum-to-scattering/data/100_100_100_50_50_50/single_atom_shrink/iteration_004/t007/pdb_dcd/sample.dcd
       0.Info>>Found 1 frames                                                   
       0.Info>>Total number of coordinate sets found: 1                         
       0.Info>>Exchanging sample, database & params information with compute nodes... 
       0.Info>>params...                                                        
       0.Info>>database...                                                      
       0.Info>>sample...                                                        
       0.Info>>.................................................................
       0.Info>>......................C.O.M.P.U.T.A.T.I.O.N......................
       0.Info>>.................................................................
       0.Info>>Setting up services...                                           
       0.Info>>Initializing data file service...                                
       0.Info>>Initializing monitor service...                                  
       0.Info>>Starting data file service...                                    
       0.Info>>Starting monitor service...                                      
       0.Info>>Services setup and running...                                    
       0.Info>>Checking /home/amajumda/study/continuum_simulations/gitlab/continuum-to-scattering/data/100_100_100_50_50_50/single_atom_shrink/iteration_004/t007/signal.h5 for old results.
       0.Info>>Broadcasting service information                                 
       0.Info>>Server host name    : hzglap02                                   
       0.Info>>FileService Port    : 33001                                      
       0.Info>>MonitorService Port : 43035                                      
       0.Info>>Setting up parallel environment...                               
       0.Info>>Searching for decomposition plan:                                
       0.Info>>nodes    = 8                                                     
       0.Info>>qvectors = 100                                                   
       0.Info>>frames   = 1                                                     
       0.Info>>atoms   = 125000                                                 
       0.Info>>All interference scattering detected. Applying frame decomposition.
       0.Info>>Automatic decomposition. Searching for best utilization.         
       0.Info>>Final decomposition parameters:                                  
       0.Info>>NN                : 8                                            
       0.Info>>NQ                : 100                                          
       0.Info>>NAF               : 1                                            
       0.Info>>NP                : 8                                            
       0.Info>>NNpP              : 1                                            
       0.Info>>NAFcycles         : 1                                            
       0.Info>>NQcycles          : 13                                           
       0.Info>>CompEl (WASTE/USE): 4/100                                        
       0.Info>>utilization(1=best)    : 0.96153846153846156                     
       0.Info>>Initializing Scatter Device, Vectors (all)                       
       0.Info>>Starting scattering...                                           
       0.Info>>Checking memory requirements for scattering calculation...       
       0.Info>>required limits.computation.memory.result_buffer=16              
       0.Info>>required limits.computation.memory.signal_buffer=16              
       0.Info>>required limits.computation.memory.exchange_buffer=0             
       0.Info>>required limits.computation.memory.alignpad_buffer=32            
       0.Info>>Memory limits ok                                                 
       0.Info>>Staging data...                                                  
       0.Info>>Forcing stager.mode=frames                                       
       0.Info>>Staging first partition.                                         
       0.Info>>Staging remaining partitions.                                    
       0.Info>>background scattering length set to 0                            
       0.Info>>Target initialized.                                              
       0.Info>>Target 'system' produces a background scattering length density of 0.00035539341233812005
       0.Info>>Starting computation...                                          
       0.Info>>Orientational averaging includes 100 vectors                     
       0.Info>>Setting progress sampling factor for monitoring to 1             
       0.Info>>Progress: 3.510%, ETOTAL: 39.477251038575666 s, ETA: 38.091435038575668 s
       0.Info>>Progress: 5.896%, ETOTAL: 23.557280565371023 s, ETA: 22.168382565371022 s
       0.Info>>Progress: 10.666%, ETOTAL: 13.16468893396439 s, ETA: 11.76056093396439 s
       0.Info>>Progress: 20.455%, ETOTAL: 6.9964117831400809 s, ETA: 5.5652867831400812 s
       0.Info>>Progress: 30.955%, ETOTAL: 10.985126527231314 s, ETA: 7.5846665272313132 s
       0.Info>>Progress: 41.205%, ETOTAL: 8.3794230242688243 s, ETA: 4.9266710242688241 s
       0.Info>>Progress: 51.705%, ETOTAL: 10.428636746838583 s, ETA: 5.0364967468385826 s
       0.Info>>Progress: 61.580%, ETOTAL: 8.8063701035757056 s, ETA: 3.3833961035757056 s
       0.Info>>Progress: 70.705%, ETOTAL: 7.8190679238440612 s, ETA: 2.2905859238440618 s
       0.Info>>Progress: 80.330%, ETOTAL: 9.1935157642740304 s, ETA: 1.8083527642740309 s
       0.Info>>Progress: 90.080%, ETOTAL: 8.2449605123643472 s, ETA: 0.81788951236434837 s
       0.Info>>Scattering finished...                                           
       0.Info>>.................................................................
       0.Info>>.....................R.U.N...A.N.A.L.Y.S.I.S.....................
       0.Info>>.................................................................
       0.Info>>Aggregating timing information for performance analysis...       
       0.Info>>                                                                 
       0.Info>>                    Performance Analysis                         
       0.Info>>-----------------------------------------------------------------
       0.Info>> mean and total runtimes:                                        
       0.Info>>-----------------------------------------------------------------
       0.Info>>          measure |    total |       count |     mean |   stddev 
       0.Info>>-----------------------------------------------------------------
       0.Info>>   sd:c:b:dspstore| 3.607e-02|        10000| 3.607e-06| 1.973e-06
       0.Info>>    sd:c:b:scatter| 4.378e+01|        10000| 4.378e-03| 7.856e-04
       0.Info>>        sd:c:block| 4.395e+01|          100| 4.395e-01| 4.101e-02
       0.Info>>         sd:c:init| 1.447e+01|          100| 1.447e-01| 3.148e-02
       0.Info>>       sd:c:reduce| 9.600e-05|          100| 9.600e-07| 5.351e-07
       0.Info>>         sd:c:wait| 1.590e-04|          100| 1.590e-06| 5.846e-07
       0.Info>>        sd:compute| 5.843e+01|          100| 5.843e-01| 5.841e-02
       0.Info>>         sd:runner| 5.843e+01|            8| 7.304e+00| 0.000e+00
       0.Info>>          sd:stage| 1.935e-01|            8| 2.419e-02| 0.000e+00
       0.Info>> sd:worker:scatter| 4.341e+01|        10000| 4.341e-03| 7.613e-04
       0.Info>>    sd:worker:wait| 1.492e+01|        10000| 1.492e-03| 1.475e-02
       0.Info>>          sd:write| 9.760e-04|          100| 9.760e-06| 6.460e-06
       0.Info>>           st:fill| 1.182e-02|            8| 1.478e-03| 0.000e+00
       0.Info>>          st:first| 2.259e-02|            1| 2.259e-02| 0.000e+00
       0.Info>>           st:load| 2.225e-02|            1| 2.225e-02| 0.000e+00
       0.Info>>           st:wait| 1.584e-01|            8| 1.980e-02| 0.000e+00
       0.Info>>-----------------------------------------------------------------
       0.Info>>-----------------------------------------------------------------
       0.Info>> watermarks:                                                     
       0.Info>>-----------------------------------------------------------------
       0.Info>>          measure |      min |      max                          
       0.Info>>-----------------------------------------------------------------
       0.Info>>   sd:c:b:dspstore| 2.000e-06| 7.400e-05                         
       0.Info>>    sd:c:b:scatter| 1.519e-03| 1.461e-02                         
       0.Info>>        sd:c:block| 1.584e-01| 5.762e-01                         
       0.Info>>         sd:c:init| 1.148e-01| 2.538e-01                         
       0.Info>>       sd:c:reduce| 0.000e+00| 2.000e-06                         
       0.Info>>         sd:c:wait| 1.000e-06| 3.000e-06                         
       0.Info>>        sd:compute| 2.733e-01| 7.391e-01                         
       0.Info>>         sd:runner| 6.280e+00| 7.701e+00                         
       0.Info>>          sd:stage| 2.404e-02| 2.425e-02                         
       0.Info>> sd:worker:scatter| 1.499e-03| 1.072e-02                         
       0.Info>>    sd:worker:wait| 2.000e-06| 2.539e-01                         
       0.Info>>          sd:write| 5.000e-06| 4.100e-05                         
       0.Info>>           st:fill| 1.327e-03| 1.543e-03                         
       0.Info>>          st:first| 2.259e-02| 2.259e-02                         
       0.Info>>           st:load| 2.225e-02| 2.225e-02                         
       0.Info>>           st:wait| 8.000e-06| 2.263e-02                         
       0.Info>>-----------------------------------------------------------------
       0.Info>>                                                                 
       0.Info>>         Performance Analysis (relative to total time * nodes)   
       0.Info>>-----------------------------------------------------------------
       0.Info>> mean and total runtimes:                                        
       0.Info>>-----------------------------------------------------------------
       0.Info>>          measure |    total |       count |     mean |   stddev 
       0.Info>>-----------------------------------------------------------------
       0.Info>>   sd:c:b:dspstore| 5.541e-04|        10000| 5.541e-08| 2.445e-07
       0.Info>>    sd:c:b:scatter| 6.726e-01|        10000| 6.726e-05| 9.737e-05
       0.Info>>        sd:c:block| 6.753e-01|          100| 6.753e-03| 5.083e-03
       0.Info>>         sd:c:init| 2.223e-01|          100| 2.223e-03| 3.902e-03
       0.Info>>       sd:c:reduce| 1.475e-06|          100| 1.475e-08| 6.633e-08
       0.Info>>         sd:c:wait| 2.443e-06|          100| 2.443e-08| 7.246e-08
       0.Info>>        sd:compute| 8.976e-01|          100| 8.976e-03| 7.240e-03
       0.Info>>         sd:runner| 8.976e-01|            8| 1.122e-01| 0.000e+00
       0.Info>>          sd:stage| 2.973e-03|            8| 3.716e-04| 0.000e+00
       0.Info>> sd:worker:scatter| 6.669e-01|        10000| 6.669e-05| 9.436e-05
       0.Info>>    sd:worker:wait| 2.292e-01|        10000| 2.292e-05| 1.829e-03
       0.Info>>          sd:write| 1.499e-05|          100| 1.499e-07| 8.007e-07
       0.Info>>           st:fill| 1.816e-04|            8| 2.270e-05| 0.000e+00
       0.Info>>          st:first| 3.470e-04|            1| 3.470e-04| 0.000e+00
       0.Info>>           st:load| 3.419e-04|            1| 3.419e-04| 0.000e+00
       0.Info>>           st:wait| 2.433e-03|            8| 3.041e-04| 0.000e+00
       0.Info>>-----------------------------------------------------------------
       0.Info>>-----------------------------------------------------------------
       0.Info>> watermarks:                                                     
       0.Info>>-----------------------------------------------------------------
       0.Info>>          measure |      min |      max                          
       0.Info>>-----------------------------------------------------------------
       0.Info>>   sd:c:b:dspstore| 3.073e-08| 1.137e-06                         
       0.Info>>    sd:c:b:scatter| 2.334e-05| 2.244e-04                         
       0.Info>>        sd:c:block| 2.433e-03| 8.852e-03                         
       0.Info>>         sd:c:init| 1.764e-03| 3.900e-03                         
       0.Info>>       sd:c:reduce| 0.000e+00| 3.073e-08                         
       0.Info>>         sd:c:wait| 1.536e-08| 4.609e-08                         
       0.Info>>        sd:compute| 4.199e-03| 1.136e-02                         
       0.Info>>         sd:runner| 9.648e-02| 1.183e-01                         
       0.Info>>          sd:stage| 3.693e-04| 3.726e-04                         
       0.Info>> sd:worker:scatter| 2.303e-05| 1.647e-04                         
       0.Info>>    sd:worker:wait| 3.073e-08| 3.901e-03                         
       0.Info>>          sd:write| 7.681e-08| 6.299e-07                         
       0.Info>>           st:fill| 2.039e-05| 2.370e-05                         
       0.Info>>          st:first| 3.470e-04| 3.470e-04                         
       0.Info>>           st:load| 3.419e-04| 3.419e-04                         
       0.Info>>           st:wait| 1.229e-07| 3.476e-04                         
       0.Info>>-----------------------------------------------------------------
       0.Info>>Total runtime (s): 8.1366370000000003                            
       0.Info>>Successfully finished... Have a nice day!                        
