       0.Info>>This software is being developed by Benjamin Lindner.                    
       0.Info>>For help, suggestions or correspondense use:                             
       0.Info>>ben@benlabs.net, Benjamin Lindner (Main Developer, Impl. & Maintenance)  
       0.Info>>franc@cmm.ki.si, Franci Merzel (Methodology)                             
       0.Info>>For publications include the following references:                       
       0.Info>>.........................................................................
       0.Info>>1. Sassena - X-ray and Neutron Scattering Calculated                     
       0.Info>>  from Molecular Dynamics Trajectories using Massively Parallel Computers
       0.Info>>  published as a Computer Program in Physics Paper                       
       0.Info>>.........................................................................
       0.Info>>Version Information: 1.4.2                                       
       0.Info>>                                                                 
       0.Info>>.................................................................
       0.Info>>......................D.E.S.C.R.I.P.T.I.O.N......................
       0.Info>>.................................................................
       0.Info>>This binary computes the scattering intensities directly from    
       0.Info>>a molecular dynamics trajectory.                                 
       0.Info>>.................................................................
       0.Info>>.................................................................
       0.Info>>...................I.N.I.T.I.A.L.I.Z.A.T.I.O.N...................
       0.Info>>.................................................................
       0.Info>>No configuration file specified. Will use default                
       0.Info>>Looking for configuration file: scatter.xml                      
       0.Info>>Reading parameters from XML file: scatter.xml                    
       0.Info>>Added frames from /home/amajumda/study/continuum_simulations/gitlab/continuum-to-scattering/data/100_100_100_10_10_10/single_atom_shrink/iteration_004/t004/pdb_dcd/sample.dcd using format: dcd
       0.Info>>Options: first=0, last=0, lastset=0, stride=1                    
       0.Info>>stager.target=system                                             
       0.Info>>scattering.type=all                                              
       0.Info>>scattering.dsp.type=square                                       
       0.Info>>scattering.average.orientation.type=vectors                      
       0.Info>>scattering.average.orientation.vectors.type=sphere               
       0.Info>>scattering.average.orientation.vectors.algorithm=boost_uniform_on_sphere
       0.Info>>scattering.average.orientation.vectors.resolution=100            
       0.Info>>Generating orientations for orientational averaging using sphere,boost_uniform_on_sphere
       0.Info>>Initialized orientational averaging with 100 vectors.            
       0.Info>>scattering.signal.file=signal.h5                                 
       0.Info>>scattering.signal.filepath=/home/amajumda/study/continuum_simulations/gitlab/continuum-to-scattering/data/100_100_100_10_10_10/single_atom_shrink/iteration_004/t004/signal.h5
       0.Info>>scattering.signal.fqt=1                                          
       0.Info>>scattering.signal.fq0=1                                          
       0.Info>>scattering.signal.fq=1                                           
       0.Info>>scattering.signal.fq2=1                                          
       0.Info>>Analyzing command line for parameter overwrites                  
       0.Info>>Reading database from file: /home/amajumda/study/continuum_simulations/gitlab/continuum-to-scattering/data/100_100_100_10_10_10/single_atom_shrink/iteration_004/t004/database/db-neutron-coherent.xml
       0.Info>>Checking database...                                             
       0.Info>>Testing mapping between PDB names and atom labels                
       0.Info>>Testing database completeness for referenced atom labels         
       0.Info>>Check succeeded. Database seems OK.                              
       0.Info>>Initializing sample...                                           
       0.Info>>Reading structure from file: /home/amajumda/study/continuum_simulations/gitlab/continuum-to-scattering/data/100_100_100_10_10_10/single_atom_shrink/iteration_004/t004/pdb_dcd/sample.pdb
       0.Info>>Done. Atoms read: 1000                                           
       0.Info>>Reading frames from: /home/amajumda/study/continuum_simulations/gitlab/continuum-to-scattering/data/100_100_100_10_10_10/single_atom_shrink/iteration_004/t004/pdb_dcd/sample.dcd
       0.Info>>Found 1 frames                                                   
       0.Info>>Total number of coordinate sets found: 1                         
       0.Info>>Exchanging sample, database & params information with compute nodes... 
       0.Info>>params...                                                        
       0.Info>>database...                                                      
       0.Info>>sample...                                                        
       0.Info>>.................................................................
       0.Info>>......................C.O.M.P.U.T.A.T.I.O.N......................
       0.Info>>.................................................................
       0.Info>>Setting up services...                                           
       0.Info>>Initializing data file service...                                
       0.Info>>Initializing monitor service...                                  
       0.Info>>Starting data file service...                                    
       0.Info>>Starting monitor service...                                      
       0.Info>>Services setup and running...                                    
       0.Info>>Checking /home/amajumda/study/continuum_simulations/gitlab/continuum-to-scattering/data/100_100_100_10_10_10/single_atom_shrink/iteration_004/t004/signal.h5 for old results.
       0.Info>>Broadcasting service information                                 
       0.Info>>Server host name    : hzglap02                                   
       0.Info>>FileService Port    : 46449                                      
       0.Info>>MonitorService Port : 44757                                      
       0.Info>>Setting up parallel environment...                               
       0.Info>>Searching for decomposition plan:                                
       0.Info>>nodes    = 8                                                     
       0.Info>>qvectors = 100                                                   
       0.Info>>frames   = 1                                                     
       0.Info>>atoms   = 1000                                                   
       0.Info>>All interference scattering detected. Applying frame decomposition.
       0.Info>>Automatic decomposition. Searching for best utilization.         
       0.Info>>Final decomposition parameters:                                  
       0.Info>>NN                : 8                                            
       0.Info>>NQ                : 100                                          
       0.Info>>NAF               : 1                                            
       0.Info>>NP                : 8                                            
       0.Info>>NNpP              : 1                                            
       0.Info>>NAFcycles         : 1                                            
       0.Info>>NQcycles          : 13                                           
       0.Info>>CompEl (WASTE/USE): 4/100                                        
       0.Info>>utilization(1=best)    : 0.96153846153846156                     
       0.Info>>Initializing Scatter Device, Vectors (all)                       
       0.Info>>Starting scattering...                                           
       0.Info>>Checking memory requirements for scattering calculation...       
       0.Info>>required limits.computation.memory.result_buffer=16              
       0.Info>>required limits.computation.memory.signal_buffer=16              
       0.Info>>required limits.computation.memory.exchange_buffer=0             
       0.Info>>required limits.computation.memory.alignpad_buffer=32            
       0.Info>>Memory limits ok                                                 
       0.Info>>Staging data...                                                  
       0.Info>>Forcing stager.mode=frames                                       
       0.Info>>Staging first partition.                                         
       0.Info>>Staging remaining partitions.                                    
       0.Info>>background scattering length set to 0                            
       0.Info>>Target initialized.                                              
       0.Info>>Target 'system' produces a background scattering length density of 0.14939343991559464
       0.Info>>Starting computation...                                          
       0.Info>>Orientational averaging includes 100 vectors                     
       0.Info>>Setting progress sampling factor for monitoring to 1             
       0.Info>>Scattering finished...                                           
       0.Info>>.................................................................
       0.Info>>.....................R.U.N...A.N.A.L.Y.S.I.S.....................
       0.Info>>.................................................................
       0.Info>>Aggregating timing information for performance analysis...       
       0.Info>>                                                                 
       0.Info>>                    Performance Analysis                         
       0.Info>>-----------------------------------------------------------------
       0.Info>> mean and total runtimes:                                        
       0.Info>>-----------------------------------------------------------------
       0.Info>>          measure |    total |       count |     mean |   stddev 
       0.Info>>-----------------------------------------------------------------
       0.Info>>   sd:c:b:dspstore| 2.668e-02|        10000| 2.668e-06| 1.831e-06
       0.Info>>    sd:c:b:scatter| 6.263e-01|        10000| 6.263e-05| 2.561e-05
       0.Info>>        sd:c:block| 7.559e-01|          100| 7.559e-03| 5.685e-04
       0.Info>>         sd:c:init| 1.410e-01|          100| 1.410e-03| 3.298e-04
       0.Info>>       sd:c:reduce| 1.010e-04|          100| 1.010e-06| 8.986e-07
       0.Info>>         sd:c:wait| 1.450e-04|          100| 1.450e-06| 6.176e-07
       0.Info>>        sd:compute| 8.991e-01|          100| 8.991e-03| 6.974e-04
       0.Info>>         sd:runner| 9.021e-01|            8| 1.128e-01| 0.000e+00
       0.Info>>          sd:stage| 4.630e-03|            8| 5.787e-04| 0.000e+00
       0.Info>> sd:worker:scatter| 4.391e-01|        10000| 4.391e-05| 8.066e-06
       0.Info>>    sd:worker:wait| 3.865e-01|        10000| 3.865e-05| 1.501e-04
       0.Info>>          sd:write| 7.870e-04|          100| 7.870e-06| 5.659e-06
       0.Info>>           st:fill| 9.750e-04|            8| 1.219e-04| 0.000e+00
       0.Info>>          st:first| 3.280e-04|            1| 3.280e-04| 0.000e+00
       0.Info>>           st:load| 2.950e-04|            1| 2.950e-04| 0.000e+00
       0.Info>>           st:wait| 2.514e-03|            8| 3.142e-04| 0.000e+00
       0.Info>>-----------------------------------------------------------------
       0.Info>>-----------------------------------------------------------------
       0.Info>> watermarks:                                                     
       0.Info>>-----------------------------------------------------------------
       0.Info>>          measure |      min |      max                          
       0.Info>>-----------------------------------------------------------------
       0.Info>>   sd:c:b:dspstore| 1.000e-06| 6.200e-05                         
       0.Info>>    sd:c:b:scatter| 2.400e-05| 1.798e-03                         
       0.Info>>        sd:c:block| 5.523e-03| 9.277e-03                         
       0.Info>>         sd:c:init| 9.420e-04| 2.336e-03                         
       0.Info>>       sd:c:reduce| 0.000e+00| 9.000e-06                         
       0.Info>>         sd:c:wait| 1.000e-06| 4.000e-06                         
       0.Info>>        sd:compute| 6.736e-03| 1.098e-02                         
       0.Info>>         sd:runner| 1.015e-01| 1.210e-01                         
       0.Info>>          sd:stage| 5.760e-04| 5.810e-04                         
       0.Info>> sd:worker:scatter| 1.200e-05| 3.330e-04                         
       0.Info>>    sd:worker:wait| 1.200e-05| 2.378e-03                         
       0.Info>>          sd:write| 4.000e-06| 3.400e-05                         
       0.Info>>           st:fill| 1.170e-04| 1.270e-04                         
       0.Info>>          st:first| 3.280e-04| 3.280e-04                         
       0.Info>>           st:load| 2.950e-04| 2.950e-04                         
       0.Info>>           st:wait| 6.000e-06| 3.610e-04                         
       0.Info>>-----------------------------------------------------------------
       0.Info>>                                                                 
       0.Info>>         Performance Analysis (relative to total time * nodes)   
       0.Info>>-----------------------------------------------------------------
       0.Info>> mean and total runtimes:                                        
       0.Info>>-----------------------------------------------------------------
       0.Info>>          measure |    total |       count |     mean |   stddev 
       0.Info>>-----------------------------------------------------------------
       0.Info>>   sd:c:b:dspstore| 1.411e-02|        10000| 1.411e-06| 1.331e-06
       0.Info>>    sd:c:b:scatter| 3.312e-01|        10000| 3.312e-05| 1.862e-05
       0.Info>>        sd:c:block| 3.997e-01|          100| 3.997e-03| 4.133e-04
       0.Info>>         sd:c:init| 7.456e-02|          100| 7.456e-04| 2.398e-04
       0.Info>>       sd:c:reduce| 5.340e-05|          100| 5.340e-07| 6.534e-07
       0.Info>>         sd:c:wait| 7.667e-05|          100| 7.667e-07| 4.491e-07
       0.Info>>        sd:compute| 4.754e-01|          100| 4.754e-03| 5.071e-04
       0.Info>>         sd:runner| 4.770e-01|            8| 5.962e-02| 0.000e+00
       0.Info>>          sd:stage| 2.448e-03|            8| 3.060e-04| 0.000e+00
       0.Info>> sd:worker:scatter| 2.322e-01|        10000| 2.322e-05| 5.865e-06
       0.Info>>    sd:worker:wait| 2.043e-01|        10000| 2.043e-05| 1.092e-04
       0.Info>>          sd:write| 4.161e-04|          100| 4.161e-06| 4.115e-06
       0.Info>>           st:fill| 5.155e-04|            8| 6.444e-05| 0.000e+00
       0.Info>>          st:first| 1.734e-04|            1| 1.734e-04| 0.000e+00
       0.Info>>           st:load| 1.560e-04|            1| 1.560e-04| 0.000e+00
       0.Info>>           st:wait| 1.329e-03|            8| 1.662e-04| 0.000e+00
       0.Info>>-----------------------------------------------------------------
       0.Info>>-----------------------------------------------------------------
       0.Info>> watermarks:                                                     
       0.Info>>-----------------------------------------------------------------
       0.Info>>          measure |      min |      max                          
       0.Info>>-----------------------------------------------------------------
       0.Info>>   sd:c:b:dspstore| 5.287e-07| 3.278e-05                         
       0.Info>>    sd:c:b:scatter| 1.269e-05| 9.507e-04                         
       0.Info>>        sd:c:block| 2.920e-03| 4.905e-03                         
       0.Info>>         sd:c:init| 4.981e-04| 1.235e-03                         
       0.Info>>       sd:c:reduce| 0.000e+00| 4.759e-06                         
       0.Info>>         sd:c:wait| 5.287e-07| 2.115e-06                         
       0.Info>>        sd:compute| 3.562e-03| 5.803e-03                         
       0.Info>>         sd:runner| 5.367e-02| 6.396e-02                         
       0.Info>>          sd:stage| 3.046e-04| 3.072e-04                         
       0.Info>> sd:worker:scatter| 6.345e-06| 1.761e-04                         
       0.Info>>    sd:worker:wait| 6.345e-06| 1.257e-03                         
       0.Info>>          sd:write| 2.115e-06| 1.798e-05                         
       0.Info>>           st:fill| 6.186e-05| 6.715e-05                         
       0.Info>>          st:first| 1.734e-04| 1.734e-04                         
       0.Info>>           st:load| 1.560e-04| 1.560e-04                         
       0.Info>>           st:wait| 3.172e-06| 1.909e-04                         
       0.Info>>-----------------------------------------------------------------
       0.Info>>Total runtime (s): 0.23641300000000001                           
       0.Info>>Successfully finished... Have a nice day!                        
